2025-09-30 02:08:01,047 - {'optimizer': {'name': 'adam', 'lr': 0.001, 'weight_decay': 0}, 'train': {'epoch': 3000, 'batch_size': 4096, 'save_model': False, 'loss': 'pairwise', 'test_step': 3, 'reproducible': True, 'seed': 2023, 'patience': 5}, 'test': {'metrics': ['recall', 'ndcg'], 'k': [5, 10, 20], 'batch_size': 1024}, 'data': {'type': 'general_agcf', 'name': 'amazon', 'mat_type': 'uai', 'prenorm': True, 'user_num': 11000, 'item_num': 9332, 'user_item_num': 20332, 'attr_num': 1978}, 'model': {'name': 'sgl_rgcn', 'label': 'keep_rate=1_patience=5_adam_reg_weight=1e-7_cl_weight=0.1_temp=0.2', 'keep_rate': 1, 'embedding_size': 64, 'augmentation': 'edge_drop', 'layer_num': 3, 'reg_weight': 1e-05, 'cl_weight': 0.1, 'temperature': 0.2, 'amazon': {'layer_num': 3, 'reg_weight': 1e-05, 'cl_weight': 0.1, 'temperature': 0.2}, 'yelp': {'layer_num': 3, 'reg_weight': 1e-06, 'cl_weight': 0.001, 'temperature': 0.1}, 'steam': {'layer_num': 2, 'reg_weight': 1e-05, 'cl_weight': 0.1, 'temperature': 0.5}, 'Office': {'keep_rate': 0.9, 'layer_num': 3, 'reg_weight': 1e-06, 'cl_weight': 0.1, 'temperature': 0.1}}}
2025-09-30 02:08:06,882 - Epoch   0 Validation set [recall@5: 0.0005 recall@10: 0.0011 recall@20: 0.0021 ] [ndcg@5: 0.0006 ndcg@10: 0.0008 ndcg@20: 0.0011 ] 
2025-09-30 02:08:18,079 - Epoch   3 Validation set [recall@5: 0.0019 recall@10: 0.0025 recall@20: 0.0041 ] [ndcg@5: 0.0018 ndcg@10: 0.0020 ndcg@20: 0.0025 ] 
2025-09-30 02:08:29,415 - Epoch   6 Validation set [recall@5: 0.0038 recall@10: 0.0067 recall@20: 0.0106 ] [ndcg@5: 0.0041 ndcg@10: 0.0050 ndcg@20: 0.0063 ] 
2025-09-30 02:08:40,593 - Epoch   9 Validation set [recall@5: 0.0098 recall@10: 0.0150 recall@20: 0.0221 ] [ndcg@5: 0.0097 ndcg@10: 0.0114 ndcg@20: 0.0137 ] 
2025-09-30 02:08:52,120 - Epoch  12 Validation set [recall@5: 0.0170 recall@10: 0.0258 recall@20: 0.0380 ] [ndcg@5: 0.0166 ndcg@10: 0.0197 ndcg@20: 0.0236 ] 
2025-09-30 02:09:03,579 - Epoch  15 Validation set [recall@5: 0.0212 recall@10: 0.0342 recall@20: 0.0543 ] [ndcg@5: 0.0207 ndcg@10: 0.0253 ndcg@20: 0.0318 ] 
2025-09-30 02:09:15,087 - Epoch  18 Validation set [recall@5: 0.0357 recall@10: 0.0549 recall@20: 0.0816 ] [ndcg@5: 0.0360 ndcg@10: 0.0424 ndcg@20: 0.0510 ] 
2025-09-30 02:09:26,701 - Epoch  21 Validation set [recall@5: 0.0603 recall@10: 0.0901 recall@20: 0.1308 ] [ndcg@5: 0.0604 ndcg@10: 0.0704 ndcg@20: 0.0834 ] 
2025-09-30 02:09:37,908 - Epoch  24 Validation set [recall@5: 0.0741 recall@10: 0.1115 recall@20: 0.1615 ] [ndcg@5: 0.0736 ndcg@10: 0.0864 ndcg@20: 0.1025 ] 
2025-09-30 02:09:49,378 - Epoch  27 Validation set [recall@5: 0.0804 recall@10: 0.1217 recall@20: 0.1743 ] [ndcg@5: 0.0795 ndcg@10: 0.0936 ndcg@20: 0.1107 ] 
2025-09-30 02:10:00,910 - Epoch  30 Validation set [recall@5: 0.0840 recall@10: 0.1262 recall@20: 0.1803 ] [ndcg@5: 0.0825 ndcg@10: 0.0968 ndcg@20: 0.1143 ] 
2025-09-30 02:10:12,874 - Epoch  33 Validation set [recall@5: 0.0849 recall@10: 0.1275 recall@20: 0.1827 ] [ndcg@5: 0.0836 ndcg@10: 0.0980 ndcg@20: 0.1158 ] 
2025-09-30 02:10:23,506 - Epoch  36 Validation set [recall@5: 0.0864 recall@10: 0.1298 recall@20: 0.1844 ] [ndcg@5: 0.0843 ndcg@10: 0.0991 ndcg@20: 0.1167 ] 
2025-09-30 02:10:33,069 - Epoch  39 Validation set [recall@5: 0.0867 recall@10: 0.1301 recall@20: 0.1842 ] [ndcg@5: 0.0852 ndcg@10: 0.0999 ndcg@20: 0.1175 ] 
2025-09-30 02:10:42,532 - Epoch  42 Validation set [recall@5: 0.0870 recall@10: 0.1306 recall@20: 0.1855 ] [ndcg@5: 0.0855 ndcg@10: 0.1003 ndcg@20: 0.1181 ] 
2025-09-30 02:10:52,031 - Epoch  45 Validation set [recall@5: 0.0870 recall@10: 0.1310 recall@20: 0.1860 ] [ndcg@5: 0.0853 ndcg@10: 0.1003 ndcg@20: 0.1181 ] 
2025-09-30 02:11:01,799 - Epoch  48 Validation set [recall@5: 0.0871 recall@10: 0.1316 recall@20: 0.1870 ] [ndcg@5: 0.0854 ndcg@10: 0.1004 ndcg@20: 0.1184 ] 
2025-09-30 02:11:11,487 - Epoch  51 Validation set [recall@5: 0.0872 recall@10: 0.1324 recall@20: 0.1863 ] [ndcg@5: 0.0856 ndcg@10: 0.1010 ndcg@20: 0.1184 ] 
2025-09-30 02:11:20,751 - Epoch  54 Validation set [recall@5: 0.0869 recall@10: 0.1319 recall@20: 0.1874 ] [ndcg@5: 0.0857 ndcg@10: 0.1011 ndcg@20: 0.1191 ] 
2025-09-30 02:11:29,370 - Epoch  57 Validation set [recall@5: 0.0869 recall@10: 0.1318 recall@20: 0.1872 ] [ndcg@5: 0.0857 ndcg@10: 0.1009 ndcg@20: 0.1190 ] 
2025-09-30 02:11:37,952 - Epoch  60 Validation set [recall@5: 0.0876 recall@10: 0.1325 recall@20: 0.1877 ] [ndcg@5: 0.0858 ndcg@10: 0.1014 ndcg@20: 0.1193 ] 
2025-09-30 02:11:46,480 - Epoch  63 Validation set [recall@5: 0.0878 recall@10: 0.1336 recall@20: 0.1873 ] [ndcg@5: 0.0859 ndcg@10: 0.1017 ndcg@20: 0.1192 ] 
2025-09-30 02:11:54,603 - Epoch  66 Validation set [recall@5: 0.0868 recall@10: 0.1326 recall@20: 0.1881 ] [ndcg@5: 0.0851 ndcg@10: 0.1010 ndcg@20: 0.1190 ] 
2025-09-30 02:12:02,761 - Epoch  69 Validation set [recall@5: 0.0874 recall@10: 0.1323 recall@20: 0.1876 ] [ndcg@5: 0.0852 ndcg@10: 0.1008 ndcg@20: 0.1188 ] 
2025-09-30 02:12:11,171 - Epoch  72 Validation set [recall@5: 0.0875 recall@10: 0.1329 recall@20: 0.1886 ] [ndcg@5: 0.0856 ndcg@10: 0.1013 ndcg@20: 0.1195 ] 
2025-09-30 02:12:19,465 - Epoch  75 Validation set [recall@5: 0.0876 recall@10: 0.1326 recall@20: 0.1888 ] [ndcg@5: 0.0857 ndcg@10: 0.1011 ndcg@20: 0.1194 ] 
2025-09-30 02:12:27,486 - Epoch  78 Validation set [recall@5: 0.0880 recall@10: 0.1327 recall@20: 0.1881 ] [ndcg@5: 0.0864 ndcg@10: 0.1019 ndcg@20: 0.1197 ] 
2025-09-30 02:12:35,407 - Epoch  81 Validation set [recall@5: 0.0879 recall@10: 0.1329 recall@20: 0.1885 ] [ndcg@5: 0.0861 ndcg@10: 0.1016 ndcg@20: 0.1196 ] 
2025-09-30 02:12:43,417 - Epoch  84 Validation set [recall@5: 0.0877 recall@10: 0.1327 recall@20: 0.1880 ] [ndcg@5: 0.0861 ndcg@10: 0.1016 ndcg@20: 0.1195 ] 
2025-09-30 02:12:51,561 - Epoch  87 Validation set [recall@5: 0.0878 recall@10: 0.1321 recall@20: 0.1881 ] [ndcg@5: 0.0862 ndcg@10: 0.1015 ndcg@20: 0.1196 ] 
2025-09-30 02:12:59,692 - Epoch  90 Validation set [recall@5: 0.0877 recall@10: 0.1327 recall@20: 0.1886 ] [ndcg@5: 0.0859 ndcg@10: 0.1014 ndcg@20: 0.1194 ] 
2025-09-30 02:13:01,290 - [recall@5: 0.0876 recall@10: 0.1326 recall@20: 0.1888 ] [ndcg@5: 0.0857 ndcg@10: 0.1011 ndcg@20: 0.1194 ] 
2025-09-30 02:13:02,949 - [recall@5: 0.0863 recall@10: 0.1279 recall@20: 0.1843 ] [ndcg@5: 0.0860 ndcg@10: 0.1003 ndcg@20: 0.1186 ] 
2025-09-30 02:13:02,950 - Best Epoch 75. Final test result: {'recall': array([0.08630814, 0.1278508 , 0.18434707]), 'ndcg': array([0.08597295, 0.10030011, 0.11864341])}.
