2025-10-02 10:44:04,748 - {'optimizer': {'name': 'adam', 'lr': 0.001, 'weight_decay': 0}, 'train': {'epoch': 3000, 'batch_size': 4096, 'save_model': False, 'loss': 'pairwise', 'test_step': 3, 'reproducible': True, 'seed': 2023, 'patience': 5}, 'test': {'metrics': ['recall', 'ndcg'], 'k': [5, 10, 20], 'batch_size': 1024}, 'data': {'type': 'general_agcf', 'name': 'Office', 'mat_type': 'uai', 'prenorm': True, 'user_num': 6338, 'item_num': 4461, 'user_item_num': 10799, 'attr_num': 4065}, 'model': {'name': 'sgl_rgcn', 'label': 'keep_rate=1_patience=5_adam_reg_weight=1e-7_cl_weight=0.1_temp=0.2', 'keep_rate': 0.9, 'embedding_size': 64, 'augmentation': 'edge_drop', 'layer_num': 3, 'reg_weight': 1e-05, 'cl_weight': 0.1, 'temperature': 0.2, 'amazon': {'layer_num': 3, 'reg_weight': 1e-05, 'cl_weight': 0.1, 'temperature': 0.2}, 'yelp': {'keep_rate': 0.9, 'layer_num': 3, 'reg_weight': 1e-06, 'cl_weight': 0.1, 'temperature': 0.2}, 'steam': {'layer_num': 2, 'reg_weight': 1e-05, 'cl_weight': 0.1, 'temperature': 0.5}, 'Office': {'keep_rate': 0.9, 'layer_num': 3, 'reg_weight': 1e-05, 'cl_weight': 0.1, 'temperature': 0.2}}}
2025-10-02 10:44:08,542 - Epoch   0 Validation set [recall@5: 0.0012 recall@10: 0.0026 recall@20: 0.0054 ] [ndcg@5: 0.0009 ndcg@10: 0.0015 ndcg@20: 0.0024 ] 
2025-10-02 10:44:12,833 - Epoch   3 Validation set [recall@5: 0.0017 recall@10: 0.0037 recall@20: 0.0068 ] [ndcg@5: 0.0013 ndcg@10: 0.0021 ndcg@20: 0.0032 ] 
2025-10-02 10:44:17,112 - Epoch   6 Validation set [recall@5: 0.0022 recall@10: 0.0040 recall@20: 0.0077 ] [ndcg@5: 0.0019 ndcg@10: 0.0025 ndcg@20: 0.0038 ] 
2025-10-02 10:44:21,613 - Epoch   9 Validation set [recall@5: 0.0026 recall@10: 0.0049 recall@20: 0.0096 ] [ndcg@5: 0.0024 ndcg@10: 0.0033 ndcg@20: 0.0048 ] 
2025-10-02 10:44:26,322 - Epoch  12 Validation set [recall@5: 0.0042 recall@10: 0.0072 recall@20: 0.0127 ] [ndcg@5: 0.0032 ndcg@10: 0.0044 ndcg@20: 0.0063 ] 
2025-10-02 10:44:31,023 - Epoch  15 Validation set [recall@5: 0.0061 recall@10: 0.0110 recall@20: 0.0169 ] [ndcg@5: 0.0051 ndcg@10: 0.0071 ndcg@20: 0.0091 ] 
2025-10-02 10:44:35,658 - Epoch  18 Validation set [recall@5: 0.0104 recall@10: 0.0162 recall@20: 0.0245 ] [ndcg@5: 0.0085 ndcg@10: 0.0108 ndcg@20: 0.0136 ] 
2025-10-02 10:44:40,322 - Epoch  21 Validation set [recall@5: 0.0119 recall@10: 0.0217 recall@20: 0.0351 ] [ndcg@5: 0.0098 ndcg@10: 0.0138 ndcg@20: 0.0182 ] 
2025-10-02 10:44:44,755 - Epoch  24 Validation set [recall@5: 0.0145 recall@10: 0.0241 recall@20: 0.0398 ] [ndcg@5: 0.0115 ndcg@10: 0.0153 ndcg@20: 0.0204 ] 
2025-10-02 10:44:49,313 - Epoch  27 Validation set [recall@5: 0.0176 recall@10: 0.0306 recall@20: 0.0505 ] [ndcg@5: 0.0140 ndcg@10: 0.0192 ndcg@20: 0.0258 ] 
2025-10-02 10:44:53,979 - Epoch  30 Validation set [recall@5: 0.0231 recall@10: 0.0380 recall@20: 0.0599 ] [ndcg@5: 0.0183 ndcg@10: 0.0244 ndcg@20: 0.0315 ] 
2025-10-02 10:44:58,680 - Epoch  33 Validation set [recall@5: 0.0280 recall@10: 0.0458 recall@20: 0.0727 ] [ndcg@5: 0.0223 ndcg@10: 0.0295 ndcg@20: 0.0384 ] 
2025-10-02 10:45:03,451 - Epoch  36 Validation set [recall@5: 0.0337 recall@10: 0.0532 recall@20: 0.0837 ] [ndcg@5: 0.0276 ndcg@10: 0.0356 ndcg@20: 0.0457 ] 
2025-10-02 10:45:08,125 - Epoch  39 Validation set [recall@5: 0.0358 recall@10: 0.0533 recall@20: 0.0843 ] [ndcg@5: 0.0298 ndcg@10: 0.0370 ndcg@20: 0.0472 ] 
2025-10-02 10:45:12,837 - Epoch  42 Validation set [recall@5: 0.0362 recall@10: 0.0579 recall@20: 0.0888 ] [ndcg@5: 0.0313 ndcg@10: 0.0402 ndcg@20: 0.0503 ] 
2025-10-02 10:45:17,874 - Epoch  45 Validation set [recall@5: 0.0374 recall@10: 0.0585 recall@20: 0.0907 ] [ndcg@5: 0.0322 ndcg@10: 0.0409 ndcg@20: 0.0514 ] 
2025-10-02 10:45:22,513 - Epoch  48 Validation set [recall@5: 0.0372 recall@10: 0.0587 recall@20: 0.0902 ] [ndcg@5: 0.0320 ndcg@10: 0.0408 ndcg@20: 0.0511 ] 
2025-10-02 10:45:27,109 - Epoch  51 Validation set [recall@5: 0.0383 recall@10: 0.0585 recall@20: 0.0923 ] [ndcg@5: 0.0327 ndcg@10: 0.0409 ndcg@20: 0.0520 ] 
2025-10-02 10:45:31,808 - Epoch  54 Validation set [recall@5: 0.0382 recall@10: 0.0599 recall@20: 0.0933 ] [ndcg@5: 0.0330 ndcg@10: 0.0418 ndcg@20: 0.0527 ] 
2025-10-02 10:45:36,574 - Epoch  57 Validation set [recall@5: 0.0385 recall@10: 0.0611 recall@20: 0.0944 ] [ndcg@5: 0.0329 ndcg@10: 0.0421 ndcg@20: 0.0531 ] 
2025-10-02 10:45:41,271 - Epoch  60 Validation set [recall@5: 0.0386 recall@10: 0.0607 recall@20: 0.0952 ] [ndcg@5: 0.0334 ndcg@10: 0.0423 ndcg@20: 0.0537 ] 
2025-10-02 10:45:45,935 - Epoch  63 Validation set [recall@5: 0.0393 recall@10: 0.0617 recall@20: 0.0962 ] [ndcg@5: 0.0337 ndcg@10: 0.0428 ndcg@20: 0.0541 ] 
2025-10-02 10:45:50,686 - Epoch  66 Validation set [recall@5: 0.0382 recall@10: 0.0608 recall@20: 0.0974 ] [ndcg@5: 0.0332 ndcg@10: 0.0424 ndcg@20: 0.0544 ] 
2025-10-02 10:45:55,304 - Epoch  69 Validation set [recall@5: 0.0384 recall@10: 0.0616 recall@20: 0.0973 ] [ndcg@5: 0.0332 ndcg@10: 0.0426 ndcg@20: 0.0544 ] 
2025-10-02 10:46:00,010 - Epoch  72 Validation set [recall@5: 0.0390 recall@10: 0.0609 recall@20: 0.0969 ] [ndcg@5: 0.0335 ndcg@10: 0.0425 ndcg@20: 0.0543 ] 
2025-10-02 10:46:04,738 - Epoch  75 Validation set [recall@5: 0.0392 recall@10: 0.0618 recall@20: 0.0974 ] [ndcg@5: 0.0340 ndcg@10: 0.0431 ndcg@20: 0.0548 ] 
2025-10-02 10:46:09,570 - Epoch  78 Validation set [recall@5: 0.0388 recall@10: 0.0627 recall@20: 0.0986 ] [ndcg@5: 0.0337 ndcg@10: 0.0434 ndcg@20: 0.0551 ] 
2025-10-02 10:46:14,322 - Epoch  81 Validation set [recall@5: 0.0391 recall@10: 0.0625 recall@20: 0.0981 ] [ndcg@5: 0.0336 ndcg@10: 0.0432 ndcg@20: 0.0549 ] 
2025-10-02 10:46:18,893 - Epoch  84 Validation set [recall@5: 0.0386 recall@10: 0.0628 recall@20: 0.0982 ] [ndcg@5: 0.0334 ndcg@10: 0.0432 ndcg@20: 0.0549 ] 
2025-10-02 10:46:23,266 - Epoch  87 Validation set [recall@5: 0.0392 recall@10: 0.0633 recall@20: 0.0986 ] [ndcg@5: 0.0335 ndcg@10: 0.0432 ndcg@20: 0.0549 ] 
2025-10-02 10:46:27,858 - Epoch  90 Validation set [recall@5: 0.0384 recall@10: 0.0634 recall@20: 0.0984 ] [ndcg@5: 0.0330 ndcg@10: 0.0432 ndcg@20: 0.0547 ] 
2025-10-02 10:46:32,510 - Epoch  93 Validation set [recall@5: 0.0387 recall@10: 0.0641 recall@20: 0.0986 ] [ndcg@5: 0.0334 ndcg@10: 0.0436 ndcg@20: 0.0550 ] 
2025-10-02 10:46:37,091 - Epoch  96 Validation set [recall@5: 0.0383 recall@10: 0.0637 recall@20: 0.0990 ] [ndcg@5: 0.0331 ndcg@10: 0.0434 ndcg@20: 0.0550 ] 
2025-10-02 10:46:41,713 - Epoch  99 Validation set [recall@5: 0.0383 recall@10: 0.0637 recall@20: 0.0998 ] [ndcg@5: 0.0333 ndcg@10: 0.0435 ndcg@20: 0.0554 ] 
2025-10-02 10:46:47,263 - Epoch 102 Validation set [recall@5: 0.0385 recall@10: 0.0641 recall@20: 0.0991 ] [ndcg@5: 0.0334 ndcg@10: 0.0437 ndcg@20: 0.0552 ] 
2025-10-02 10:46:53,488 - Epoch 105 Validation set [recall@5: 0.0390 recall@10: 0.0637 recall@20: 0.0997 ] [ndcg@5: 0.0334 ndcg@10: 0.0434 ndcg@20: 0.0552 ] 
2025-10-02 10:46:59,814 - Epoch 108 Validation set [recall@5: 0.0392 recall@10: 0.0644 recall@20: 0.0992 ] [ndcg@5: 0.0337 ndcg@10: 0.0439 ndcg@20: 0.0553 ] 
2025-10-02 10:47:05,425 - Epoch 111 Validation set [recall@5: 0.0398 recall@10: 0.0644 recall@20: 0.0992 ] [ndcg@5: 0.0340 ndcg@10: 0.0439 ndcg@20: 0.0553 ] 
2025-10-02 10:47:11,494 - Epoch 114 Validation set [recall@5: 0.0400 recall@10: 0.0642 recall@20: 0.0996 ] [ndcg@5: 0.0341 ndcg@10: 0.0439 ndcg@20: 0.0555 ] 
2025-10-02 10:47:12,275 - [recall@5: 0.0383 recall@10: 0.0637 recall@20: 0.0998 ] [ndcg@5: 0.0333 ndcg@10: 0.0435 ndcg@20: 0.0554 ] 
2025-10-02 10:47:13,114 - [recall@5: 0.0378 recall@10: 0.0603 recall@20: 0.0952 ] [ndcg@5: 0.0364 ndcg@10: 0.0460 ndcg@20: 0.0587 ] 
2025-10-02 10:47:13,115 - Best Epoch 99. Final test result: {'recall': array([0.03782398, 0.0603358 , 0.09515736]), 'ndcg': array([0.03638442, 0.04601636, 0.05872522])}.
