2025-10-01 16:58:59,372 - {'optimizer': {'name': 'adam', 'lr': 0.001, 'weight_decay': 0}, 'train': {'epoch': 3000, 'batch_size': 4096, 'save_model': False, 'loss': 'pairwise', 'test_step': 3, 'reproducible': True, 'seed': 2023, 'patience': 5}, 'test': {'metrics': ['recall', 'ndcg'], 'k': [5, 10, 20], 'batch_size': 1024}, 'data': {'type': 'general_agcf', 'name': 'Office', 'mat_type': 'uai', 'prenorm': True, 'user_num': 6338, 'item_num': 4461, 'user_item_num': 10799, 'attr_num': 4065}, 'model': {'name': 'sgl_rgcn', 'label': 'keep_rate=1_patience=5_adam_reg_weight=1e-7_cl_weight=0.1_temp=0.2', 'keep_rate': 0.9, 'embedding_size': 64, 'augmentation': 'edge_drop', 'layer_num': 3, 'reg_weight': 1e-06, 'cl_weight': 0.1, 'temperature': 0.1, 'amazon': {'layer_num': 3, 'reg_weight': 1e-05, 'cl_weight': 0.1, 'temperature': 0.2}, 'yelp': {'keep_rate': 0.8, 'layer_num': 3, 'reg_weight': 1e-06, 'cl_weight': 0.1, 'temperature': 0.1}, 'steam': {'layer_num': 2, 'reg_weight': 1e-05, 'cl_weight': 0.1, 'temperature': 0.5}, 'Office': {'keep_rate': 0.9, 'layer_num': 3, 'reg_weight': 1e-06, 'cl_weight': 0.1, 'temperature': 0.1}}}
2025-10-01 16:59:04,960 - Epoch   0 Validation set [recall@5: 0.0011 recall@10: 0.0025 recall@20: 0.0051 ] [ndcg@5: 0.0009 ndcg@10: 0.0014 ndcg@20: 0.0023 ] 
2025-10-01 16:59:15,006 - Epoch   3 Validation set [recall@5: 0.0018 recall@10: 0.0037 recall@20: 0.0065 ] [ndcg@5: 0.0014 ndcg@10: 0.0022 ndcg@20: 0.0031 ] 
2025-10-01 16:59:25,264 - Epoch   6 Validation set [recall@5: 0.0023 recall@10: 0.0043 recall@20: 0.0075 ] [ndcg@5: 0.0017 ndcg@10: 0.0026 ndcg@20: 0.0036 ] 
2025-10-01 16:59:34,888 - Epoch   9 Validation set [recall@5: 0.0026 recall@10: 0.0049 recall@20: 0.0083 ] [ndcg@5: 0.0019 ndcg@10: 0.0029 ndcg@20: 0.0040 ] 
2025-10-01 16:59:43,639 - Epoch  12 Validation set [recall@5: 0.0040 recall@10: 0.0072 recall@20: 0.0123 ] [ndcg@5: 0.0033 ndcg@10: 0.0047 ndcg@20: 0.0063 ] 
2025-10-01 16:59:52,814 - Epoch  15 Validation set [recall@5: 0.0085 recall@10: 0.0140 recall@20: 0.0227 ] [ndcg@5: 0.0067 ndcg@10: 0.0090 ndcg@20: 0.0119 ] 
2025-10-01 17:00:00,772 - Epoch  18 Validation set [recall@5: 0.0097 recall@10: 0.0164 recall@20: 0.0287 ] [ndcg@5: 0.0079 ndcg@10: 0.0107 ndcg@20: 0.0147 ] 
2025-10-01 17:00:09,506 - Epoch  21 Validation set [recall@5: 0.0146 recall@10: 0.0257 recall@20: 0.0428 ] [ndcg@5: 0.0113 ndcg@10: 0.0159 ndcg@20: 0.0214 ] 
2025-10-01 17:00:17,401 - Epoch  24 Validation set [recall@5: 0.0207 recall@10: 0.0349 recall@20: 0.0595 ] [ndcg@5: 0.0163 ndcg@10: 0.0222 ndcg@20: 0.0301 ] 
2025-10-01 17:00:27,040 - Epoch  27 Validation set [recall@5: 0.0247 recall@10: 0.0416 recall@20: 0.0685 ] [ndcg@5: 0.0198 ndcg@10: 0.0267 ndcg@20: 0.0355 ] 
2025-10-01 17:00:36,729 - Epoch  30 Validation set [recall@5: 0.0285 recall@10: 0.0478 recall@20: 0.0758 ] [ndcg@5: 0.0235 ndcg@10: 0.0313 ndcg@20: 0.0404 ] 
2025-10-01 17:00:45,766 - Epoch  33 Validation set [recall@5: 0.0303 recall@10: 0.0500 recall@20: 0.0767 ] [ndcg@5: 0.0256 ndcg@10: 0.0335 ndcg@20: 0.0422 ] 
2025-10-01 17:00:54,645 - Epoch  36 Validation set [recall@5: 0.0318 recall@10: 0.0510 recall@20: 0.0784 ] [ndcg@5: 0.0268 ndcg@10: 0.0346 ndcg@20: 0.0435 ] 
2025-10-01 17:01:04,110 - Epoch  39 Validation set [recall@5: 0.0315 recall@10: 0.0510 recall@20: 0.0804 ] [ndcg@5: 0.0269 ndcg@10: 0.0348 ndcg@20: 0.0444 ] 
2025-10-01 17:01:11,915 - Epoch  42 Validation set [recall@5: 0.0307 recall@10: 0.0499 recall@20: 0.0789 ] [ndcg@5: 0.0265 ndcg@10: 0.0344 ndcg@20: 0.0438 ] 
2025-10-01 17:01:20,960 - Epoch  45 Validation set [recall@5: 0.0311 recall@10: 0.0498 recall@20: 0.0778 ] [ndcg@5: 0.0267 ndcg@10: 0.0343 ndcg@20: 0.0434 ] 
2025-10-01 17:01:29,582 - Epoch  48 Validation set [recall@5: 0.0306 recall@10: 0.0495 recall@20: 0.0767 ] [ndcg@5: 0.0260 ndcg@10: 0.0337 ndcg@20: 0.0426 ] 
2025-10-01 17:01:38,712 - Epoch  51 Validation set [recall@5: 0.0298 recall@10: 0.0492 recall@20: 0.0765 ] [ndcg@5: 0.0255 ndcg@10: 0.0335 ndcg@20: 0.0424 ] 
2025-10-01 17:01:47,605 - Epoch  54 Validation set [recall@5: 0.0288 recall@10: 0.0487 recall@20: 0.0751 ] [ndcg@5: 0.0246 ndcg@10: 0.0327 ndcg@20: 0.0413 ] 
2025-10-01 17:01:48,681 - [recall@5: 0.0315 recall@10: 0.0510 recall@20: 0.0804 ] [ndcg@5: 0.0269 ndcg@10: 0.0348 ndcg@20: 0.0444 ] 
2025-10-01 17:01:49,641 - [recall@5: 0.0284 recall@10: 0.0486 recall@20: 0.0787 ] [ndcg@5: 0.0269 ndcg@10: 0.0357 ndcg@20: 0.0467 ] 
2025-10-01 17:01:49,641 - Best Epoch 39. Final test result: {'recall': array([0.02841049, 0.04864404, 0.07865766]), 'ndcg': array([0.02693073, 0.03569667, 0.0467286 ])}.
