2025-09-30 02:47:40,216 - {'optimizer': {'name': 'adam', 'lr': 0.001, 'weight_decay': 0}, 'train': {'epoch': 3000, 'batch_size': 4096, 'save_model': False, 'loss': 'pairwise', 'test_step': 3, 'reproducible': True, 'seed': 2023, 'patience': 5}, 'test': {'metrics': ['recall', 'ndcg'], 'k': [5, 10, 20], 'batch_size': 1024}, 'data': {'type': 'general_agcf', 'name': 'Office', 'mat_type': 'uai', 'prenorm': True, 'user_num': 6338, 'item_num': 4461, 'user_item_num': 10799, 'attr_num': 4065}, 'model': {'name': 'sgl_rgcn', 'label': 'keep_rate=1_patience=5_adam_reg_weight=1e-7_cl_weight=0.1_temp=0.2', 'keep_rate': 0.9, 'embedding_size': 64, 'augmentation': 'edge_drop', 'layer_num': 3, 'reg_weight': 1e-06, 'cl_weight': 0.1, 'temperature': 0.1, 'amazon': {'layer_num': 3, 'reg_weight': 1e-05, 'cl_weight': 0.1, 'temperature': 0.2}, 'yelp': {'layer_num': 3, 'reg_weight': 1e-06, 'cl_weight': 0.001, 'temperature': 0.1}, 'steam': {'layer_num': 2, 'reg_weight': 1e-05, 'cl_weight': 0.1, 'temperature': 0.5}, 'Office': {'keep_rate': 0.9, 'layer_num': 3, 'reg_weight': 1e-06, 'cl_weight': 0.1, 'temperature': 0.1}}}
2025-09-30 02:47:43,236 - Epoch   0 Validation set [recall@5: 0.0011 recall@10: 0.0025 recall@20: 0.0051 ] [ndcg@5: 0.0009 ndcg@10: 0.0014 ndcg@20: 0.0023 ] 
2025-09-30 02:47:47,487 - Epoch   3 Validation set [recall@5: 0.0018 recall@10: 0.0037 recall@20: 0.0065 ] [ndcg@5: 0.0014 ndcg@10: 0.0022 ndcg@20: 0.0031 ] 
2025-09-30 02:47:51,289 - Epoch   6 Validation set [recall@5: 0.0023 recall@10: 0.0043 recall@20: 0.0075 ] [ndcg@5: 0.0017 ndcg@10: 0.0026 ndcg@20: 0.0036 ] 
2025-09-30 02:47:55,605 - Epoch   9 Validation set [recall@5: 0.0026 recall@10: 0.0049 recall@20: 0.0083 ] [ndcg@5: 0.0019 ndcg@10: 0.0029 ndcg@20: 0.0040 ] 
2025-09-30 02:48:00,253 - Epoch  12 Validation set [recall@5: 0.0040 recall@10: 0.0072 recall@20: 0.0123 ] [ndcg@5: 0.0033 ndcg@10: 0.0047 ndcg@20: 0.0063 ] 
2025-09-30 02:48:04,853 - Epoch  15 Validation set [recall@5: 0.0085 recall@10: 0.0140 recall@20: 0.0227 ] [ndcg@5: 0.0067 ndcg@10: 0.0090 ndcg@20: 0.0119 ] 
2025-09-30 02:48:09,389 - Epoch  18 Validation set [recall@5: 0.0097 recall@10: 0.0164 recall@20: 0.0287 ] [ndcg@5: 0.0079 ndcg@10: 0.0107 ndcg@20: 0.0147 ] 
2025-09-30 02:48:14,034 - Epoch  21 Validation set [recall@5: 0.0147 recall@10: 0.0260 recall@20: 0.0427 ] [ndcg@5: 0.0114 ndcg@10: 0.0160 ndcg@20: 0.0214 ] 
2025-09-30 02:48:18,658 - Epoch  24 Validation set [recall@5: 0.0201 recall@10: 0.0343 recall@20: 0.0571 ] [ndcg@5: 0.0159 ndcg@10: 0.0218 ndcg@20: 0.0292 ] 
2025-09-30 02:48:23,217 - Epoch  27 Validation set [recall@5: 0.0246 recall@10: 0.0426 recall@20: 0.0702 ] [ndcg@5: 0.0203 ndcg@10: 0.0276 ndcg@20: 0.0366 ] 
2025-09-30 02:48:27,762 - Epoch  30 Validation set [recall@5: 0.0292 recall@10: 0.0492 recall@20: 0.0774 ] [ndcg@5: 0.0243 ndcg@10: 0.0324 ndcg@20: 0.0415 ] 
2025-09-30 02:48:32,349 - Epoch  33 Validation set [recall@5: 0.0314 recall@10: 0.0508 recall@20: 0.0789 ] [ndcg@5: 0.0265 ndcg@10: 0.0343 ndcg@20: 0.0435 ] 
2025-09-30 02:48:36,955 - Epoch  36 Validation set [recall@5: 0.0320 recall@10: 0.0513 recall@20: 0.0810 ] [ndcg@5: 0.0270 ndcg@10: 0.0349 ndcg@20: 0.0447 ] 
2025-09-30 02:48:41,526 - Epoch  39 Validation set [recall@5: 0.0321 recall@10: 0.0506 recall@20: 0.0801 ] [ndcg@5: 0.0274 ndcg@10: 0.0349 ndcg@20: 0.0446 ] 
2025-09-30 02:48:46,148 - Epoch  42 Validation set [recall@5: 0.0312 recall@10: 0.0506 recall@20: 0.0799 ] [ndcg@5: 0.0267 ndcg@10: 0.0346 ndcg@20: 0.0441 ] 
2025-09-30 02:48:50,757 - Epoch  45 Validation set [recall@5: 0.0310 recall@10: 0.0501 recall@20: 0.0784 ] [ndcg@5: 0.0266 ndcg@10: 0.0344 ndcg@20: 0.0436 ] 
2025-09-30 02:48:55,375 - Epoch  48 Validation set [recall@5: 0.0306 recall@10: 0.0498 recall@20: 0.0762 ] [ndcg@5: 0.0262 ndcg@10: 0.0340 ndcg@20: 0.0426 ] 
2025-09-30 02:49:00,003 - Epoch  51 Validation set [recall@5: 0.0303 recall@10: 0.0492 recall@20: 0.0745 ] [ndcg@5: 0.0257 ndcg@10: 0.0334 ndcg@20: 0.0417 ] 
2025-09-30 02:49:00,701 - [recall@5: 0.0320 recall@10: 0.0513 recall@20: 0.0810 ] [ndcg@5: 0.0270 ndcg@10: 0.0349 ndcg@20: 0.0447 ] 
2025-09-30 02:49:01,486 - [recall@5: 0.0286 recall@10: 0.0491 recall@20: 0.0797 ] [ndcg@5: 0.0271 ndcg@10: 0.0359 ndcg@20: 0.0472 ] 
2025-09-30 02:49:01,487 - Best Epoch 36. Final test result: {'recall': array([0.02863952, 0.04911495, 0.07970488]), 'ndcg': array([0.02706558, 0.03593312, 0.04718111])}.
