2025-10-02 01:09:17,925 - Epoch   0 Validation set [recall@5: 0.0011 recall@10: 0.0020 recall@20: 0.0045 ] [ndcg@5: 0.0009 ndcg@10: 0.0013 ndcg@20: 0.0021 ] 
2025-10-02 01:09:22,529 - Epoch   3 Validation set [recall@5: 0.0011 recall@10: 0.0028 recall@20: 0.0062 ] [ndcg@5: 0.0010 ndcg@10: 0.0016 ndcg@20: 0.0028 ] 
2025-10-02 01:09:27,147 - Epoch   6 Validation set [recall@5: 0.0021 recall@10: 0.0047 recall@20: 0.0087 ] [ndcg@5: 0.0016 ndcg@10: 0.0026 ndcg@20: 0.0039 ] 
2025-10-02 01:09:30,872 - Epoch   9 Validation set [recall@5: 0.0048 recall@10: 0.0081 recall@20: 0.0136 ] [ndcg@5: 0.0037 ndcg@10: 0.0051 ndcg@20: 0.0069 ] 
2025-10-02 01:09:35,523 - Epoch  12 Validation set [recall@5: 0.0093 recall@10: 0.0149 recall@20: 0.0239 ] [ndcg@5: 0.0081 ndcg@10: 0.0103 ndcg@20: 0.0133 ] 
2025-10-02 01:09:40,189 - Epoch  15 Validation set [recall@5: 0.0138 recall@10: 0.0240 recall@20: 0.0377 ] [ndcg@5: 0.0111 ndcg@10: 0.0152 ndcg@20: 0.0197 ] 
2025-10-02 01:09:44,791 - Epoch  18 Validation set [recall@5: 0.0172 recall@10: 0.0282 recall@20: 0.0463 ] [ndcg@5: 0.0136 ndcg@10: 0.0182 ndcg@20: 0.0241 ] 
2025-10-02 01:09:48,511 - Epoch  21 Validation set [recall@5: 0.0226 recall@10: 0.0374 recall@20: 0.0592 ] [ndcg@5: 0.0185 ndcg@10: 0.0245 ndcg@20: 0.0316 ] 
2025-10-02 01:09:53,183 - Epoch  24 Validation set [recall@5: 0.0298 recall@10: 0.0450 recall@20: 0.0720 ] [ndcg@5: 0.0247 ndcg@10: 0.0307 ndcg@20: 0.0396 ] 
2025-10-02 01:09:56,830 - Epoch  27 Validation set [recall@5: 0.0334 recall@10: 0.0519 recall@20: 0.0795 ] [ndcg@5: 0.0281 ndcg@10: 0.0355 ndcg@20: 0.0447 ] 
2025-10-02 01:10:01,492 - Epoch  30 Validation set [recall@5: 0.0345 recall@10: 0.0543 recall@20: 0.0840 ] [ndcg@5: 0.0295 ndcg@10: 0.0375 ndcg@20: 0.0474 ] 
2025-10-02 01:10:06,239 - Epoch  33 Validation set [recall@5: 0.0355 recall@10: 0.0569 recall@20: 0.0870 ] [ndcg@5: 0.0306 ndcg@10: 0.0394 ndcg@20: 0.0493 ] 
2025-10-02 01:10:10,721 - Epoch  36 Validation set [recall@5: 0.0361 recall@10: 0.0575 recall@20: 0.0885 ] [ndcg@5: 0.0313 ndcg@10: 0.0400 ndcg@20: 0.0503 ] 
2025-10-02 01:10:14,620 - Epoch  39 Validation set [recall@5: 0.0365 recall@10: 0.0589 recall@20: 0.0888 ] [ndcg@5: 0.0315 ndcg@10: 0.0406 ndcg@20: 0.0505 ] 
2025-10-02 01:10:19,178 - Epoch  42 Validation set [recall@5: 0.0366 recall@10: 0.0585 recall@20: 0.0889 ] [ndcg@5: 0.0317 ndcg@10: 0.0407 ndcg@20: 0.0507 ] 
2025-10-02 01:10:23,934 - Epoch  45 Validation set [recall@5: 0.0360 recall@10: 0.0576 recall@20: 0.0883 ] [ndcg@5: 0.0315 ndcg@10: 0.0404 ndcg@20: 0.0505 ] 
2025-10-02 01:10:28,596 - Epoch  48 Validation set [recall@5: 0.0359 recall@10: 0.0580 recall@20: 0.0881 ] [ndcg@5: 0.0312 ndcg@10: 0.0404 ndcg@20: 0.0503 ] 
2025-10-02 01:10:32,545 - Epoch  51 Validation set [recall@5: 0.0361 recall@10: 0.0581 recall@20: 0.0868 ] [ndcg@5: 0.0316 ndcg@10: 0.0407 ndcg@20: 0.0502 ] 
2025-10-02 01:10:37,180 - Epoch  54 Validation set [recall@5: 0.0362 recall@10: 0.0581 recall@20: 0.0867 ] [ndcg@5: 0.0317 ndcg@10: 0.0407 ndcg@20: 0.0502 ] 
2025-10-02 01:10:41,569 - Epoch  57 Validation set [recall@5: 0.0371 recall@10: 0.0586 recall@20: 0.0869 ] [ndcg@5: 0.0319 ndcg@10: 0.0407 ndcg@20: 0.0500 ] 
2025-10-02 01:10:42,331 - [recall@5: 0.0349 recall@10: 0.0556 recall@20: 0.0900 ] [ndcg@5: 0.0336 ndcg@10: 0.0426 ndcg@20: 0.0552 ] 
2025-10-02 01:10:44,433 - Epoch   0 Validation set [recall@5: 0.0009 recall@10: 0.0022 recall@20: 0.0052 ] [ndcg@5: 0.0007 ndcg@10: 0.0012 ndcg@20: 0.0022 ] 
2025-10-02 01:10:48,451 - Epoch   3 Validation set [recall@5: 0.0016 recall@10: 0.0038 recall@20: 0.0076 ] [ndcg@5: 0.0013 ndcg@10: 0.0022 ndcg@20: 0.0035 ] 
2025-10-02 01:10:52,857 - Epoch   6 Validation set [recall@5: 0.0032 recall@10: 0.0076 recall@20: 0.0134 ] [ndcg@5: 0.0029 ndcg@10: 0.0047 ndcg@20: 0.0066 ] 
2025-10-02 01:10:57,458 - Epoch   9 Validation set [recall@5: 0.0096 recall@10: 0.0162 recall@20: 0.0256 ] [ndcg@5: 0.0083 ndcg@10: 0.0110 ndcg@20: 0.0141 ] 
2025-10-02 01:11:02,232 - Epoch  12 Validation set [recall@5: 0.0161 recall@10: 0.0271 recall@20: 0.0429 ] [ndcg@5: 0.0129 ndcg@10: 0.0174 ndcg@20: 0.0227 ] 
2025-10-02 01:11:06,173 - Epoch  15 Validation set [recall@5: 0.0199 recall@10: 0.0339 recall@20: 0.0553 ] [ndcg@5: 0.0165 ndcg@10: 0.0221 ndcg@20: 0.0293 ] 
2025-10-02 01:11:10,853 - Epoch  18 Validation set [recall@5: 0.0260 recall@10: 0.0435 recall@20: 0.0703 ] [ndcg@5: 0.0214 ndcg@10: 0.0285 ndcg@20: 0.0373 ] 
2025-10-02 01:11:15,319 - Epoch  21 Validation set [recall@5: 0.0306 recall@10: 0.0503 recall@20: 0.0804 ] [ndcg@5: 0.0258 ndcg@10: 0.0337 ndcg@20: 0.0436 ] 
2025-10-02 01:11:19,956 - Epoch  24 Validation set [recall@5: 0.0336 recall@10: 0.0542 recall@20: 0.0869 ] [ndcg@5: 0.0285 ndcg@10: 0.0367 ndcg@20: 0.0475 ] 
2025-10-02 01:11:24,027 - Epoch  27 Validation set [recall@5: 0.0347 recall@10: 0.0567 recall@20: 0.0885 ] [ndcg@5: 0.0295 ndcg@10: 0.0386 ndcg@20: 0.0491 ] 
2025-10-02 01:11:28,575 - Epoch  30 Validation set [recall@5: 0.0363 recall@10: 0.0581 recall@20: 0.0898 ] [ndcg@5: 0.0310 ndcg@10: 0.0399 ndcg@20: 0.0504 ] 
2025-10-02 01:11:32,794 - Epoch  33 Validation set [recall@5: 0.0373 recall@10: 0.0591 recall@20: 0.0908 ] [ndcg@5: 0.0316 ndcg@10: 0.0405 ndcg@20: 0.0510 ] 
2025-10-02 01:11:37,469 - Epoch  36 Validation set [recall@5: 0.0374 recall@10: 0.0598 recall@20: 0.0922 ] [ndcg@5: 0.0315 ndcg@10: 0.0406 ndcg@20: 0.0512 ] 
2025-10-02 01:11:41,830 - Epoch  39 Validation set [recall@5: 0.0372 recall@10: 0.0588 recall@20: 0.0925 ] [ndcg@5: 0.0317 ndcg@10: 0.0405 ndcg@20: 0.0517 ] 
2025-10-02 01:11:46,441 - Epoch  42 Validation set [recall@5: 0.0378 recall@10: 0.0589 recall@20: 0.0934 ] [ndcg@5: 0.0323 ndcg@10: 0.0409 ndcg@20: 0.0523 ] 
2025-10-02 01:11:50,689 - Epoch  45 Validation set [recall@5: 0.0382 recall@10: 0.0606 recall@20: 0.0927 ] [ndcg@5: 0.0325 ndcg@10: 0.0416 ndcg@20: 0.0522 ] 
2025-10-02 01:11:55,188 - Epoch  48 Validation set [recall@5: 0.0379 recall@10: 0.0592 recall@20: 0.0936 ] [ndcg@5: 0.0325 ndcg@10: 0.0410 ndcg@20: 0.0524 ] 
2025-10-02 01:11:59,557 - Epoch  51 Validation set [recall@5: 0.0377 recall@10: 0.0589 recall@20: 0.0936 ] [ndcg@5: 0.0324 ndcg@10: 0.0409 ndcg@20: 0.0524 ] 
2025-10-02 01:12:04,038 - Epoch  54 Validation set [recall@5: 0.0375 recall@10: 0.0602 recall@20: 0.0936 ] [ndcg@5: 0.0322 ndcg@10: 0.0413 ndcg@20: 0.0523 ] 
2025-10-02 01:12:08,605 - Epoch  57 Validation set [recall@5: 0.0382 recall@10: 0.0607 recall@20: 0.0941 ] [ndcg@5: 0.0327 ndcg@10: 0.0418 ndcg@20: 0.0528 ] 
2025-10-02 01:12:12,920 - Epoch  60 Validation set [recall@5: 0.0381 recall@10: 0.0611 recall@20: 0.0937 ] [ndcg@5: 0.0325 ndcg@10: 0.0418 ndcg@20: 0.0526 ] 
2025-10-02 01:12:17,767 - Epoch  63 Validation set [recall@5: 0.0378 recall@10: 0.0612 recall@20: 0.0933 ] [ndcg@5: 0.0323 ndcg@10: 0.0418 ndcg@20: 0.0525 ] 
2025-10-02 01:12:22,383 - Epoch  66 Validation set [recall@5: 0.0381 recall@10: 0.0610 recall@20: 0.0935 ] [ndcg@5: 0.0327 ndcg@10: 0.0420 ndcg@20: 0.0527 ] 
2025-10-02 01:12:26,901 - Epoch  69 Validation set [recall@5: 0.0386 recall@10: 0.0609 recall@20: 0.0932 ] [ndcg@5: 0.0329 ndcg@10: 0.0419 ndcg@20: 0.0526 ] 
2025-10-02 01:12:30,950 - Epoch  72 Validation set [recall@5: 0.0392 recall@10: 0.0613 recall@20: 0.0944 ] [ndcg@5: 0.0334 ndcg@10: 0.0422 ndcg@20: 0.0532 ] 
2025-10-02 01:12:35,385 - Epoch  75 Validation set [recall@5: 0.0392 recall@10: 0.0604 recall@20: 0.0941 ] [ndcg@5: 0.0332 ndcg@10: 0.0418 ndcg@20: 0.0530 ] 
2025-10-02 01:12:39,878 - Epoch  78 Validation set [recall@5: 0.0396 recall@10: 0.0611 recall@20: 0.0952 ] [ndcg@5: 0.0334 ndcg@10: 0.0421 ndcg@20: 0.0534 ] 
2025-10-02 01:12:44,650 - Epoch  81 Validation set [recall@5: 0.0400 recall@10: 0.0613 recall@20: 0.0960 ] [ndcg@5: 0.0333 ndcg@10: 0.0419 ndcg@20: 0.0533 ] 
2025-10-02 01:12:48,654 - Epoch  84 Validation set [recall@5: 0.0403 recall@10: 0.0612 recall@20: 0.0955 ] [ndcg@5: 0.0336 ndcg@10: 0.0421 ndcg@20: 0.0534 ] 
2025-10-02 01:12:53,143 - Epoch  87 Validation set [recall@5: 0.0404 recall@10: 0.0618 recall@20: 0.0952 ] [ndcg@5: 0.0336 ndcg@10: 0.0422 ndcg@20: 0.0532 ] 
2025-10-02 01:12:57,681 - Epoch  90 Validation set [recall@5: 0.0396 recall@10: 0.0622 recall@20: 0.0951 ] [ndcg@5: 0.0333 ndcg@10: 0.0423 ndcg@20: 0.0532 ] 
2025-10-02 01:13:02,446 - Epoch  93 Validation set [recall@5: 0.0401 recall@10: 0.0622 recall@20: 0.0959 ] [ndcg@5: 0.0338 ndcg@10: 0.0426 ndcg@20: 0.0537 ] 
2025-10-02 01:13:06,235 - Epoch  96 Validation set [recall@5: 0.0401 recall@10: 0.0620 recall@20: 0.0964 ] [ndcg@5: 0.0339 ndcg@10: 0.0427 ndcg@20: 0.0540 ] 
2025-10-02 01:13:10,652 - Epoch  99 Validation set [recall@5: 0.0405 recall@10: 0.0616 recall@20: 0.0968 ] [ndcg@5: 0.0342 ndcg@10: 0.0427 ndcg@20: 0.0543 ] 
2025-10-02 01:13:15,291 - Epoch 102 Validation set [recall@5: 0.0406 recall@10: 0.0615 recall@20: 0.0960 ] [ndcg@5: 0.0342 ndcg@10: 0.0426 ndcg@20: 0.0540 ] 
2025-10-02 01:13:19,949 - Epoch 105 Validation set [recall@5: 0.0403 recall@10: 0.0612 recall@20: 0.0960 ] [ndcg@5: 0.0341 ndcg@10: 0.0425 ndcg@20: 0.0540 ] 
2025-10-02 01:13:24,301 - Epoch 108 Validation set [recall@5: 0.0405 recall@10: 0.0620 recall@20: 0.0966 ] [ndcg@5: 0.0345 ndcg@10: 0.0431 ndcg@20: 0.0545 ] 
2025-10-02 01:13:28,867 - Epoch 111 Validation set [recall@5: 0.0400 recall@10: 0.0621 recall@20: 0.0970 ] [ndcg@5: 0.0343 ndcg@10: 0.0433 ndcg@20: 0.0547 ] 
2025-10-02 01:13:33,326 - Epoch 114 Validation set [recall@5: 0.0395 recall@10: 0.0622 recall@20: 0.0960 ] [ndcg@5: 0.0337 ndcg@10: 0.0429 ndcg@20: 0.0540 ] 
2025-10-02 01:13:37,437 - Epoch 117 Validation set [recall@5: 0.0404 recall@10: 0.0620 recall@20: 0.0963 ] [ndcg@5: 0.0347 ndcg@10: 0.0433 ndcg@20: 0.0546 ] 
2025-10-02 01:13:42,059 - Epoch 120 Validation set [recall@5: 0.0399 recall@10: 0.0622 recall@20: 0.0962 ] [ndcg@5: 0.0343 ndcg@10: 0.0432 ndcg@20: 0.0544 ] 
2025-10-02 01:13:46,670 - Epoch 123 Validation set [recall@5: 0.0405 recall@10: 0.0621 recall@20: 0.0966 ] [ndcg@5: 0.0345 ndcg@10: 0.0431 ndcg@20: 0.0545 ] 
2025-10-02 01:13:51,006 - Epoch 126 Validation set [recall@5: 0.0405 recall@10: 0.0630 recall@20: 0.0975 ] [ndcg@5: 0.0346 ndcg@10: 0.0436 ndcg@20: 0.0550 ] 
2025-10-02 01:13:55,138 - Epoch 129 Validation set [recall@5: 0.0407 recall@10: 0.0632 recall@20: 0.0977 ] [ndcg@5: 0.0349 ndcg@10: 0.0439 ndcg@20: 0.0553 ] 
2025-10-02 01:13:59,905 - Epoch 132 Validation set [recall@5: 0.0413 recall@10: 0.0629 recall@20: 0.0972 ] [ndcg@5: 0.0350 ndcg@10: 0.0437 ndcg@20: 0.0550 ] 
2025-10-02 01:14:04,318 - Epoch 135 Validation set [recall@5: 0.0410 recall@10: 0.0628 recall@20: 0.0969 ] [ndcg@5: 0.0348 ndcg@10: 0.0436 ndcg@20: 0.0549 ] 
2025-10-02 01:14:08,726 - Epoch 138 Validation set [recall@5: 0.0404 recall@10: 0.0638 recall@20: 0.0975 ] [ndcg@5: 0.0346 ndcg@10: 0.0440 ndcg@20: 0.0551 ] 
2025-10-02 01:14:12,791 - Epoch 141 Validation set [recall@5: 0.0405 recall@10: 0.0642 recall@20: 0.0975 ] [ndcg@5: 0.0348 ndcg@10: 0.0443 ndcg@20: 0.0553 ] 
2025-10-02 01:14:17,560 - Epoch 144 Validation set [recall@5: 0.0398 recall@10: 0.0643 recall@20: 0.0968 ] [ndcg@5: 0.0345 ndcg@10: 0.0443 ndcg@20: 0.0551 ] 
2025-10-02 01:14:18,306 - [recall@5: 0.0370 recall@10: 0.0599 recall@20: 0.0926 ] [ndcg@5: 0.0351 ndcg@10: 0.0450 ndcg@20: 0.0569 ] 
2025-10-02 01:14:20,401 - Epoch   0 Validation set [recall@5: 0.0007 recall@10: 0.0015 recall@20: 0.0036 ] [ndcg@5: 0.0006 ndcg@10: 0.0010 ndcg@20: 0.0016 ] 
2025-10-02 01:14:24,973 - Epoch   3 Validation set [recall@5: 0.0007 recall@10: 0.0015 recall@20: 0.0045 ] [ndcg@5: 0.0007 ndcg@10: 0.0010 ndcg@20: 0.0020 ] 
2025-10-02 01:14:28,916 - Epoch   6 Validation set [recall@5: 0.0009 recall@10: 0.0024 recall@20: 0.0052 ] [ndcg@5: 0.0008 ndcg@10: 0.0014 ndcg@20: 0.0022 ] 
2025-10-02 01:14:33,653 - Epoch   9 Validation set [recall@5: 0.0014 recall@10: 0.0033 recall@20: 0.0070 ] [ndcg@5: 0.0012 ndcg@10: 0.0020 ndcg@20: 0.0032 ] 
2025-10-02 01:14:38,431 - Epoch  12 Validation set [recall@5: 0.0031 recall@10: 0.0051 recall@20: 0.0101 ] [ndcg@5: 0.0026 ndcg@10: 0.0034 ndcg@20: 0.0050 ] 
2025-10-02 01:14:43,316 - Epoch  15 Validation set [recall@5: 0.0054 recall@10: 0.0094 recall@20: 0.0173 ] [ndcg@5: 0.0045 ndcg@10: 0.0062 ndcg@20: 0.0088 ] 
2025-10-02 01:14:47,231 - Epoch  18 Validation set [recall@5: 0.0056 recall@10: 0.0119 recall@20: 0.0210 ] [ndcg@5: 0.0050 ndcg@10: 0.0075 ndcg@20: 0.0105 ] 
2025-10-02 01:14:51,607 - Epoch  21 Validation set [recall@5: 0.0084 recall@10: 0.0159 recall@20: 0.0272 ] [ndcg@5: 0.0069 ndcg@10: 0.0101 ndcg@20: 0.0137 ] 
2025-10-02 01:14:56,232 - Epoch  24 Validation set [recall@5: 0.0137 recall@10: 0.0234 recall@20: 0.0396 ] [ndcg@5: 0.0107 ndcg@10: 0.0147 ndcg@20: 0.0200 ] 
2025-10-02 01:15:01,061 - Epoch  27 Validation set [recall@5: 0.0195 recall@10: 0.0321 recall@20: 0.0523 ] [ndcg@5: 0.0155 ndcg@10: 0.0207 ndcg@20: 0.0273 ] 
2025-10-02 01:15:05,153 - Epoch  30 Validation set [recall@5: 0.0236 recall@10: 0.0376 recall@20: 0.0600 ] [ndcg@5: 0.0192 ndcg@10: 0.0250 ndcg@20: 0.0324 ] 
2025-10-02 01:15:09,622 - Epoch  33 Validation set [recall@5: 0.0258 recall@10: 0.0413 recall@20: 0.0658 ] [ndcg@5: 0.0209 ndcg@10: 0.0271 ndcg@20: 0.0352 ] 
2025-10-02 01:15:14,269 - Epoch  36 Validation set [recall@5: 0.0260 recall@10: 0.0426 recall@20: 0.0677 ] [ndcg@5: 0.0215 ndcg@10: 0.0283 ndcg@20: 0.0365 ] 
2025-10-02 01:15:18,642 - Epoch  39 Validation set [recall@5: 0.0273 recall@10: 0.0431 recall@20: 0.0666 ] [ndcg@5: 0.0224 ndcg@10: 0.0288 ndcg@20: 0.0366 ] 
2025-10-02 01:15:23,225 - Epoch  42 Validation set [recall@5: 0.0275 recall@10: 0.0428 recall@20: 0.0658 ] [ndcg@5: 0.0226 ndcg@10: 0.0289 ndcg@20: 0.0364 ] 
2025-10-02 01:15:27,659 - Epoch  45 Validation set [recall@5: 0.0273 recall@10: 0.0415 recall@20: 0.0644 ] [ndcg@5: 0.0224 ndcg@10: 0.0282 ndcg@20: 0.0358 ] 
2025-10-02 01:15:32,205 - Epoch  48 Validation set [recall@5: 0.0268 recall@10: 0.0411 recall@20: 0.0638 ] [ndcg@5: 0.0222 ndcg@10: 0.0281 ndcg@20: 0.0356 ] 
2025-10-02 01:15:36,263 - Epoch  51 Validation set [recall@5: 0.0256 recall@10: 0.0402 recall@20: 0.0622 ] [ndcg@5: 0.0214 ndcg@10: 0.0274 ndcg@20: 0.0347 ] 
2025-10-02 01:15:37,072 - [recall@5: 0.0256 recall@10: 0.0413 recall@20: 0.0659 ] [ndcg@5: 0.0235 ndcg@10: 0.0303 ndcg@20: 0.0393 ] 
2025-10-02 01:15:39,259 - Epoch   0 Validation set [recall@5: 0.0014 recall@10: 0.0025 recall@20: 0.0044 ] [ndcg@5: 0.0009 ndcg@10: 0.0014 ndcg@20: 0.0020 ] 
2025-10-02 01:15:43,706 - Epoch   3 Validation set [recall@5: 0.0015 recall@10: 0.0029 recall@20: 0.0061 ] [ndcg@5: 0.0011 ndcg@10: 0.0017 ndcg@20: 0.0027 ] 
2025-10-02 01:15:48,180 - Epoch   6 Validation set [recall@5: 0.0012 recall@10: 0.0028 recall@20: 0.0059 ] [ndcg@5: 0.0009 ndcg@10: 0.0015 ndcg@20: 0.0025 ] 
2025-10-02 01:15:52,672 - Epoch   9 Validation set [recall@5: 0.0020 recall@10: 0.0040 recall@20: 0.0081 ] [ndcg@5: 0.0014 ndcg@10: 0.0022 ndcg@20: 0.0035 ] 
2025-10-02 01:15:57,292 - Epoch  12 Validation set [recall@5: 0.0042 recall@10: 0.0062 recall@20: 0.0110 ] [ndcg@5: 0.0035 ndcg@10: 0.0043 ndcg@20: 0.0058 ] 
2025-10-02 01:16:01,830 - Epoch  15 Validation set [recall@5: 0.0077 recall@10: 0.0131 recall@20: 0.0204 ] [ndcg@5: 0.0063 ndcg@10: 0.0085 ndcg@20: 0.0108 ] 
2025-10-02 01:16:06,421 - Epoch  18 Validation set [recall@5: 0.0083 recall@10: 0.0161 recall@20: 0.0273 ] [ndcg@5: 0.0066 ndcg@10: 0.0098 ndcg@20: 0.0134 ] 
2025-10-02 01:16:10,435 - Epoch  21 Validation set [recall@5: 0.0107 recall@10: 0.0200 recall@20: 0.0343 ] [ndcg@5: 0.0086 ndcg@10: 0.0124 ndcg@20: 0.0171 ] 
2025-10-02 01:16:14,970 - Epoch  24 Validation set [recall@5: 0.0152 recall@10: 0.0276 recall@20: 0.0449 ] [ndcg@5: 0.0123 ndcg@10: 0.0173 ndcg@20: 0.0230 ] 
2025-10-02 01:16:19,671 - Epoch  27 Validation set [recall@5: 0.0203 recall@10: 0.0363 recall@20: 0.0571 ] [ndcg@5: 0.0166 ndcg@10: 0.0232 ndcg@20: 0.0301 ] 
2025-10-02 01:16:24,387 - Epoch  30 Validation set [recall@5: 0.0271 recall@10: 0.0446 recall@20: 0.0676 ] [ndcg@5: 0.0220 ndcg@10: 0.0292 ndcg@20: 0.0366 ] 
2025-10-02 01:16:28,565 - Epoch  33 Validation set [recall@5: 0.0317 recall@10: 0.0498 recall@20: 0.0750 ] [ndcg@5: 0.0258 ndcg@10: 0.0332 ndcg@20: 0.0414 ] 
2025-10-02 01:16:33,054 - Epoch  36 Validation set [recall@5: 0.0340 recall@10: 0.0519 recall@20: 0.0798 ] [ndcg@5: 0.0281 ndcg@10: 0.0354 ndcg@20: 0.0445 ] 
2025-10-02 01:16:37,395 - Epoch  39 Validation set [recall@5: 0.0335 recall@10: 0.0531 recall@20: 0.0828 ] [ndcg@5: 0.0286 ndcg@10: 0.0365 ndcg@20: 0.0463 ] 
2025-10-02 01:16:41,985 - Epoch  42 Validation set [recall@5: 0.0340 recall@10: 0.0539 recall@20: 0.0829 ] [ndcg@5: 0.0291 ndcg@10: 0.0371 ndcg@20: 0.0467 ] 
2025-10-02 01:16:46,139 - Epoch  45 Validation set [recall@5: 0.0333 recall@10: 0.0547 recall@20: 0.0833 ] [ndcg@5: 0.0289 ndcg@10: 0.0375 ndcg@20: 0.0469 ] 
2025-10-02 01:16:50,584 - Epoch  48 Validation set [recall@5: 0.0331 recall@10: 0.0544 recall@20: 0.0842 ] [ndcg@5: 0.0289 ndcg@10: 0.0374 ndcg@20: 0.0472 ] 
2025-10-02 01:16:55,020 - Epoch  51 Validation set [recall@5: 0.0332 recall@10: 0.0543 recall@20: 0.0836 ] [ndcg@5: 0.0291 ndcg@10: 0.0375 ndcg@20: 0.0472 ] 
2025-10-02 01:16:59,197 - Epoch  54 Validation set [recall@5: 0.0329 recall@10: 0.0545 recall@20: 0.0824 ] [ndcg@5: 0.0288 ndcg@10: 0.0374 ndcg@20: 0.0466 ] 
2025-10-02 01:17:03,448 - Epoch  57 Validation set [recall@5: 0.0324 recall@10: 0.0541 recall@20: 0.0819 ] [ndcg@5: 0.0286 ndcg@10: 0.0371 ndcg@20: 0.0464 ] 
2025-10-02 01:17:07,937 - Epoch  60 Validation set [recall@5: 0.0322 recall@10: 0.0543 recall@20: 0.0815 ] [ndcg@5: 0.0283 ndcg@10: 0.0371 ndcg@20: 0.0461 ] 
2025-10-02 01:17:12,428 - Epoch  63 Validation set [recall@5: 0.0319 recall@10: 0.0538 recall@20: 0.0812 ] [ndcg@5: 0.0282 ndcg@10: 0.0369 ndcg@20: 0.0459 ] 
2025-10-02 01:17:13,200 - [recall@5: 0.0324 recall@10: 0.0526 recall@20: 0.0808 ] [ndcg@5: 0.0301 ndcg@10: 0.0388 ndcg@20: 0.0491 ] 
2025-10-02 01:17:15,262 - Epoch   0 Validation set [recall@5: 0.0012 recall@10: 0.0019 recall@20: 0.0044 ] [ndcg@5: 0.0010 ndcg@10: 0.0013 ndcg@20: 0.0021 ] 
2025-10-02 01:17:19,480 - Epoch   3 Validation set [recall@5: 0.0018 recall@10: 0.0034 recall@20: 0.0062 ] [ndcg@5: 0.0016 ndcg@10: 0.0022 ndcg@20: 0.0031 ] 
2025-10-02 01:17:24,013 - Epoch   6 Validation set [recall@5: 0.0030 recall@10: 0.0049 recall@20: 0.0083 ] [ndcg@5: 0.0024 ndcg@10: 0.0032 ndcg@20: 0.0043 ] 
2025-10-02 01:17:28,672 - Epoch   9 Validation set [recall@5: 0.0060 recall@10: 0.0100 recall@20: 0.0153 ] [ndcg@5: 0.0052 ndcg@10: 0.0068 ndcg@20: 0.0086 ] 
2025-10-02 01:17:33,097 - Epoch  12 Validation set [recall@5: 0.0121 recall@10: 0.0190 recall@20: 0.0303 ] [ndcg@5: 0.0097 ndcg@10: 0.0126 ndcg@20: 0.0162 ] 
2025-10-02 01:17:37,389 - Epoch  15 Validation set [recall@5: 0.0148 recall@10: 0.0234 recall@20: 0.0404 ] [ndcg@5: 0.0119 ndcg@10: 0.0154 ndcg@20: 0.0209 ] 
2025-10-02 01:17:41,807 - Epoch  18 Validation set [recall@5: 0.0196 recall@10: 0.0331 recall@20: 0.0539 ] [ndcg@5: 0.0158 ndcg@10: 0.0213 ndcg@20: 0.0281 ] 
2025-10-02 01:17:46,432 - Epoch  21 Validation set [recall@5: 0.0262 recall@10: 0.0419 recall@20: 0.0684 ] [ndcg@5: 0.0215 ndcg@10: 0.0278 ndcg@20: 0.0365 ] 
2025-10-02 01:17:50,798 - Epoch  24 Validation set [recall@5: 0.0314 recall@10: 0.0501 recall@20: 0.0787 ] [ndcg@5: 0.0264 ndcg@10: 0.0339 ndcg@20: 0.0433 ] 
2025-10-02 01:17:55,437 - Epoch  27 Validation set [recall@5: 0.0338 recall@10: 0.0525 recall@20: 0.0834 ] [ndcg@5: 0.0288 ndcg@10: 0.0364 ndcg@20: 0.0466 ] 
2025-10-02 01:17:59,948 - Epoch  30 Validation set [recall@5: 0.0353 recall@10: 0.0553 recall@20: 0.0860 ] [ndcg@5: 0.0301 ndcg@10: 0.0382 ndcg@20: 0.0483 ] 
2025-10-02 01:18:04,423 - Epoch  33 Validation set [recall@5: 0.0359 recall@10: 0.0559 recall@20: 0.0878 ] [ndcg@5: 0.0303 ndcg@10: 0.0385 ndcg@20: 0.0490 ] 
2025-10-02 01:18:08,388 - Epoch  36 Validation set [recall@5: 0.0367 recall@10: 0.0566 recall@20: 0.0875 ] [ndcg@5: 0.0311 ndcg@10: 0.0391 ndcg@20: 0.0493 ] 
2025-10-02 01:18:12,812 - Epoch  39 Validation set [recall@5: 0.0367 recall@10: 0.0564 recall@20: 0.0879 ] [ndcg@5: 0.0308 ndcg@10: 0.0388 ndcg@20: 0.0492 ] 
2025-10-02 01:18:17,430 - Epoch  42 Validation set [recall@5: 0.0374 recall@10: 0.0565 recall@20: 0.0870 ] [ndcg@5: 0.0312 ndcg@10: 0.0388 ndcg@20: 0.0490 ] 
2025-10-02 01:18:22,169 - Epoch  45 Validation set [recall@5: 0.0366 recall@10: 0.0560 recall@20: 0.0871 ] [ndcg@5: 0.0308 ndcg@10: 0.0387 ndcg@20: 0.0490 ] 
2025-10-02 01:18:26,218 - Epoch  48 Validation set [recall@5: 0.0369 recall@10: 0.0565 recall@20: 0.0876 ] [ndcg@5: 0.0310 ndcg@10: 0.0389 ndcg@20: 0.0493 ] 
2025-10-02 01:18:30,520 - Epoch  51 Validation set [recall@5: 0.0375 recall@10: 0.0564 recall@20: 0.0880 ] [ndcg@5: 0.0312 ndcg@10: 0.0388 ndcg@20: 0.0494 ] 
2025-10-02 01:18:35,122 - Epoch  54 Validation set [recall@5: 0.0377 recall@10: 0.0561 recall@20: 0.0874 ] [ndcg@5: 0.0312 ndcg@10: 0.0386 ndcg@20: 0.0490 ] 
2025-10-02 01:18:39,871 - Epoch  57 Validation set [recall@5: 0.0369 recall@10: 0.0560 recall@20: 0.0863 ] [ndcg@5: 0.0309 ndcg@10: 0.0386 ndcg@20: 0.0488 ] 
2025-10-02 01:18:43,864 - Epoch  60 Validation set [recall@5: 0.0372 recall@10: 0.0564 recall@20: 0.0856 ] [ndcg@5: 0.0308 ndcg@10: 0.0385 ndcg@20: 0.0483 ] 
2025-10-02 01:18:48,422 - Epoch  63 Validation set [recall@5: 0.0367 recall@10: 0.0564 recall@20: 0.0853 ] [ndcg@5: 0.0307 ndcg@10: 0.0386 ndcg@20: 0.0483 ] 
2025-10-02 01:18:52,903 - Epoch  66 Validation set [recall@5: 0.0366 recall@10: 0.0565 recall@20: 0.0849 ] [ndcg@5: 0.0308 ndcg@10: 0.0387 ndcg@20: 0.0482 ] 
2025-10-02 01:18:53,653 - [recall@5: 0.0329 recall@10: 0.0548 recall@20: 0.0867 ] [ndcg@5: 0.0313 ndcg@10: 0.0409 ndcg@20: 0.0526 ] 
2025-10-02 01:18:55,781 - Epoch   0 Validation set [recall@5: 0.0010 recall@10: 0.0020 recall@20: 0.0052 ] [ndcg@5: 0.0008 ndcg@10: 0.0012 ndcg@20: 0.0023 ] 
2025-10-02 01:18:59,763 - Epoch   3 Validation set [recall@5: 0.0018 recall@10: 0.0039 recall@20: 0.0079 ] [ndcg@5: 0.0016 ndcg@10: 0.0024 ndcg@20: 0.0038 ] 
2025-10-02 01:19:04,252 - Epoch   6 Validation set [recall@5: 0.0048 recall@10: 0.0077 recall@20: 0.0127 ] [ndcg@5: 0.0041 ndcg@10: 0.0053 ndcg@20: 0.0069 ] 
2025-10-02 01:19:08,863 - Epoch   9 Validation set [recall@5: 0.0106 recall@10: 0.0191 recall@20: 0.0311 ] [ndcg@5: 0.0086 ndcg@10: 0.0121 ndcg@20: 0.0161 ] 
2025-10-02 01:19:13,286 - Epoch  12 Validation set [recall@5: 0.0151 recall@10: 0.0272 recall@20: 0.0447 ] [ndcg@5: 0.0119 ndcg@10: 0.0168 ndcg@20: 0.0226 ] 
2025-10-02 01:19:17,543 - Epoch  15 Validation set [recall@5: 0.0213 recall@10: 0.0363 recall@20: 0.0593 ] [ndcg@5: 0.0173 ndcg@10: 0.0235 ndcg@20: 0.0311 ] 
2025-10-02 01:19:21,942 - Epoch  18 Validation set [recall@5: 0.0279 recall@10: 0.0457 recall@20: 0.0738 ] [ndcg@5: 0.0236 ndcg@10: 0.0308 ndcg@20: 0.0400 ] 
2025-10-02 01:19:26,057 - Epoch  21 Validation set [recall@5: 0.0324 recall@10: 0.0507 recall@20: 0.0825 ] [ndcg@5: 0.0274 ndcg@10: 0.0348 ndcg@20: 0.0452 ] 
2025-10-02 01:19:30,696 - Epoch  24 Validation set [recall@5: 0.0340 recall@10: 0.0539 recall@20: 0.0874 ] [ndcg@5: 0.0294 ndcg@10: 0.0375 ndcg@20: 0.0485 ] 
2025-10-02 01:19:34,509 - Epoch  27 Validation set [recall@5: 0.0362 recall@10: 0.0560 recall@20: 0.0908 ] [ndcg@5: 0.0310 ndcg@10: 0.0390 ndcg@20: 0.0504 ] 
2025-10-02 01:19:38,916 - Epoch  30 Validation set [recall@5: 0.0362 recall@10: 0.0578 recall@20: 0.0911 ] [ndcg@5: 0.0312 ndcg@10: 0.0399 ndcg@20: 0.0508 ] 
2025-10-02 01:19:43,315 - Epoch  33 Validation set [recall@5: 0.0371 recall@10: 0.0573 recall@20: 0.0918 ] [ndcg@5: 0.0319 ndcg@10: 0.0400 ndcg@20: 0.0514 ] 
2025-10-02 01:19:47,716 - Epoch  36 Validation set [recall@5: 0.0369 recall@10: 0.0583 recall@20: 0.0920 ] [ndcg@5: 0.0318 ndcg@10: 0.0404 ndcg@20: 0.0515 ] 
2025-10-02 01:19:51,924 - Epoch  39 Validation set [recall@5: 0.0364 recall@10: 0.0580 recall@20: 0.0918 ] [ndcg@5: 0.0311 ndcg@10: 0.0400 ndcg@20: 0.0511 ] 
2025-10-02 01:19:56,460 - Epoch  42 Validation set [recall@5: 0.0367 recall@10: 0.0573 recall@20: 0.0909 ] [ndcg@5: 0.0314 ndcg@10: 0.0398 ndcg@20: 0.0509 ] 
2025-10-02 01:20:00,774 - Epoch  45 Validation set [recall@5: 0.0363 recall@10: 0.0568 recall@20: 0.0898 ] [ndcg@5: 0.0312 ndcg@10: 0.0396 ndcg@20: 0.0505 ] 
2025-10-02 01:20:04,789 - Epoch  48 Validation set [recall@5: 0.0361 recall@10: 0.0571 recall@20: 0.0908 ] [ndcg@5: 0.0310 ndcg@10: 0.0396 ndcg@20: 0.0506 ] 
2025-10-02 01:20:09,233 - Epoch  51 Validation set [recall@5: 0.0367 recall@10: 0.0583 recall@20: 0.0908 ] [ndcg@5: 0.0314 ndcg@10: 0.0401 ndcg@20: 0.0508 ] 
2025-10-02 01:20:10,004 - [recall@5: 0.0339 recall@10: 0.0548 recall@20: 0.0891 ] [ndcg@5: 0.0330 ndcg@10: 0.0420 ndcg@20: 0.0545 ] 
2025-10-02 01:20:11,999 - Epoch   0 Validation set [recall@5: 0.0015 recall@10: 0.0030 recall@20: 0.0053 ] [ndcg@5: 0.0012 ndcg@10: 0.0018 ndcg@20: 0.0026 ] 
2025-10-02 01:20:16,538 - Epoch   3 Validation set [recall@5: 0.0016 recall@10: 0.0028 recall@20: 0.0054 ] [ndcg@5: 0.0013 ndcg@10: 0.0018 ndcg@20: 0.0027 ] 
2025-10-02 01:20:21,159 - Epoch   6 Validation set [recall@5: 0.0019 recall@10: 0.0035 recall@20: 0.0073 ] [ndcg@5: 0.0016 ndcg@10: 0.0023 ndcg@20: 0.0036 ] 
2025-10-02 01:20:25,194 - Epoch   9 Validation set [recall@5: 0.0029 recall@10: 0.0047 recall@20: 0.0089 ] [ndcg@5: 0.0025 ndcg@10: 0.0032 ndcg@20: 0.0046 ] 
2025-10-02 01:20:29,781 - Epoch  12 Validation set [recall@5: 0.0041 recall@10: 0.0063 recall@20: 0.0112 ] [ndcg@5: 0.0034 ndcg@10: 0.0043 ndcg@20: 0.0059 ] 
2025-10-02 01:20:34,319 - Epoch  15 Validation set [recall@5: 0.0057 recall@10: 0.0089 recall@20: 0.0143 ] [ndcg@5: 0.0048 ndcg@10: 0.0061 ndcg@20: 0.0079 ] 
2025-10-02 01:20:38,752 - Epoch  18 Validation set [recall@5: 0.0087 recall@10: 0.0134 recall@20: 0.0205 ] [ndcg@5: 0.0070 ndcg@10: 0.0089 ndcg@20: 0.0113 ] 
2025-10-02 01:20:43,240 - Epoch  21 Validation set [recall@5: 0.0091 recall@10: 0.0155 recall@20: 0.0244 ] [ndcg@5: 0.0075 ndcg@10: 0.0101 ndcg@20: 0.0131 ] 
2025-10-02 01:20:47,698 - Epoch  24 Validation set [recall@5: 0.0090 recall@10: 0.0149 recall@20: 0.0267 ] [ndcg@5: 0.0078 ndcg@10: 0.0102 ndcg@20: 0.0141 ] 
2025-10-02 01:20:52,150 - Epoch  27 Validation set [recall@5: 0.0110 recall@10: 0.0192 recall@20: 0.0331 ] [ndcg@5: 0.0094 ndcg@10: 0.0127 ndcg@20: 0.0172 ] 
2025-10-02 01:20:56,343 - Epoch  30 Validation set [recall@5: 0.0136 recall@10: 0.0249 recall@20: 0.0415 ] [ndcg@5: 0.0115 ndcg@10: 0.0161 ndcg@20: 0.0215 ] 
2025-10-02 01:21:01,054 - Epoch  33 Validation set [recall@5: 0.0187 recall@10: 0.0320 recall@20: 0.0532 ] [ndcg@5: 0.0153 ndcg@10: 0.0207 ndcg@20: 0.0276 ] 
2025-10-02 01:21:05,732 - Epoch  36 Validation set [recall@5: 0.0242 recall@10: 0.0388 recall@20: 0.0629 ] [ndcg@5: 0.0196 ndcg@10: 0.0255 ndcg@20: 0.0335 ] 
2025-10-02 01:21:10,273 - Epoch  39 Validation set [recall@5: 0.0278 recall@10: 0.0443 recall@20: 0.0705 ] [ndcg@5: 0.0230 ndcg@10: 0.0299 ndcg@20: 0.0384 ] 
2025-10-02 01:21:14,127 - Epoch  42 Validation set [recall@5: 0.0297 recall@10: 0.0468 recall@20: 0.0723 ] [ndcg@5: 0.0252 ndcg@10: 0.0321 ndcg@20: 0.0405 ] 
2025-10-02 01:21:18,609 - Epoch  45 Validation set [recall@5: 0.0310 recall@10: 0.0475 recall@20: 0.0737 ] [ndcg@5: 0.0262 ndcg@10: 0.0328 ndcg@20: 0.0415 ] 
2025-10-02 01:21:23,229 - Epoch  48 Validation set [recall@5: 0.0304 recall@10: 0.0477 recall@20: 0.0749 ] [ndcg@5: 0.0260 ndcg@10: 0.0329 ndcg@20: 0.0419 ] 
2025-10-02 01:21:27,866 - Epoch  51 Validation set [recall@5: 0.0293 recall@10: 0.0468 recall@20: 0.0748 ] [ndcg@5: 0.0258 ndcg@10: 0.0329 ndcg@20: 0.0421 ] 
2025-10-02 01:21:31,836 - Epoch  54 Validation set [recall@5: 0.0290 recall@10: 0.0481 recall@20: 0.0732 ] [ndcg@5: 0.0258 ndcg@10: 0.0334 ndcg@20: 0.0417 ] 
2025-10-02 01:21:36,330 - Epoch  57 Validation set [recall@5: 0.0289 recall@10: 0.0483 recall@20: 0.0727 ] [ndcg@5: 0.0257 ndcg@10: 0.0335 ndcg@20: 0.0416 ] 
2025-10-02 01:21:40,831 - Epoch  60 Validation set [recall@5: 0.0305 recall@10: 0.0480 recall@20: 0.0724 ] [ndcg@5: 0.0263 ndcg@10: 0.0334 ndcg@20: 0.0415 ] 
2025-10-02 01:21:45,464 - Epoch  63 Validation set [recall@5: 0.0302 recall@10: 0.0477 recall@20: 0.0727 ] [ndcg@5: 0.0263 ndcg@10: 0.0333 ndcg@20: 0.0416 ] 
2025-10-02 01:21:46,216 - [recall@5: 0.0285 recall@10: 0.0457 recall@20: 0.0733 ] [ndcg@5: 0.0273 ndcg@10: 0.0347 ndcg@20: 0.0447 ] 
2025-10-02 01:21:48,327 - Epoch   0 Validation set [recall@5: 0.0013 recall@10: 0.0025 recall@20: 0.0046 ] [ndcg@5: 0.0011 ndcg@10: 0.0016 ndcg@20: 0.0023 ] 
2025-10-02 01:21:52,948 - Epoch   3 Validation set [recall@5: 0.0018 recall@10: 0.0034 recall@20: 0.0056 ] [ndcg@5: 0.0015 ndcg@10: 0.0022 ndcg@20: 0.0029 ] 
2025-10-02 01:21:57,449 - Epoch   6 Validation set [recall@5: 0.0018 recall@10: 0.0036 recall@20: 0.0063 ] [ndcg@5: 0.0015 ndcg@10: 0.0022 ndcg@20: 0.0031 ] 
2025-10-02 01:22:02,002 - Epoch   9 Validation set [recall@5: 0.0023 recall@10: 0.0041 recall@20: 0.0077 ] [ndcg@5: 0.0019 ndcg@10: 0.0026 ndcg@20: 0.0038 ] 
2025-10-02 01:22:06,123 - Epoch  12 Validation set [recall@5: 0.0032 recall@10: 0.0064 recall@20: 0.0113 ] [ndcg@5: 0.0027 ndcg@10: 0.0040 ndcg@20: 0.0056 ] 
2025-10-02 01:22:10,641 - Epoch  15 Validation set [recall@5: 0.0055 recall@10: 0.0088 recall@20: 0.0157 ] [ndcg@5: 0.0046 ndcg@10: 0.0059 ndcg@20: 0.0082 ] 
2025-10-02 01:22:15,074 - Epoch  18 Validation set [recall@5: 0.0090 recall@10: 0.0147 recall@20: 0.0234 ] [ndcg@5: 0.0077 ndcg@10: 0.0100 ndcg@20: 0.0128 ] 
2025-10-02 01:22:19,731 - Epoch  21 Validation set [recall@5: 0.0112 recall@10: 0.0184 recall@20: 0.0315 ] [ndcg@5: 0.0091 ndcg@10: 0.0121 ndcg@20: 0.0165 ] 
2025-10-02 01:22:23,792 - Epoch  24 Validation set [recall@5: 0.0120 recall@10: 0.0205 recall@20: 0.0360 ] [ndcg@5: 0.0096 ndcg@10: 0.0131 ndcg@20: 0.0182 ] 
2025-10-02 01:22:28,342 - Epoch  27 Validation set [recall@5: 0.0143 recall@10: 0.0250 recall@20: 0.0429 ] [ndcg@5: 0.0114 ndcg@10: 0.0158 ndcg@20: 0.0217 ] 
2025-10-02 01:22:32,713 - Epoch  30 Validation set [recall@5: 0.0175 recall@10: 0.0315 recall@20: 0.0538 ] [ndcg@5: 0.0147 ndcg@10: 0.0205 ndcg@20: 0.0278 ] 
2025-10-02 01:22:37,350 - Epoch  33 Validation set [recall@5: 0.0246 recall@10: 0.0397 recall@20: 0.0638 ] [ndcg@5: 0.0199 ndcg@10: 0.0261 ndcg@20: 0.0340 ] 
2025-10-02 01:22:41,161 - Epoch  36 Validation set [recall@5: 0.0304 recall@10: 0.0463 recall@20: 0.0726 ] [ndcg@5: 0.0250 ndcg@10: 0.0316 ndcg@20: 0.0402 ] 
2025-10-02 01:22:45,727 - Epoch  39 Validation set [recall@5: 0.0333 recall@10: 0.0518 recall@20: 0.0796 ] [ndcg@5: 0.0282 ndcg@10: 0.0358 ndcg@20: 0.0449 ] 
2025-10-02 01:22:50,098 - Epoch  42 Validation set [recall@5: 0.0348 recall@10: 0.0533 recall@20: 0.0854 ] [ndcg@5: 0.0302 ndcg@10: 0.0377 ndcg@20: 0.0482 ] 
2025-10-02 01:22:54,788 - Epoch  45 Validation set [recall@5: 0.0360 recall@10: 0.0549 recall@20: 0.0868 ] [ndcg@5: 0.0312 ndcg@10: 0.0388 ndcg@20: 0.0492 ] 
2025-10-02 01:22:58,743 - Epoch  48 Validation set [recall@5: 0.0361 recall@10: 0.0564 recall@20: 0.0881 ] [ndcg@5: 0.0317 ndcg@10: 0.0399 ndcg@20: 0.0503 ] 
2025-10-02 01:23:03,107 - Epoch  51 Validation set [recall@5: 0.0360 recall@10: 0.0570 recall@20: 0.0878 ] [ndcg@5: 0.0317 ndcg@10: 0.0402 ndcg@20: 0.0504 ] 
2025-10-02 01:23:07,691 - Epoch  54 Validation set [recall@5: 0.0358 recall@10: 0.0579 recall@20: 0.0871 ] [ndcg@5: 0.0317 ndcg@10: 0.0406 ndcg@20: 0.0503 ] 
2025-10-02 01:23:12,262 - Epoch  57 Validation set [recall@5: 0.0372 recall@10: 0.0569 recall@20: 0.0877 ] [ndcg@5: 0.0324 ndcg@10: 0.0402 ndcg@20: 0.0505 ] 
2025-10-02 01:23:16,121 - Epoch  60 Validation set [recall@5: 0.0376 recall@10: 0.0569 recall@20: 0.0881 ] [ndcg@5: 0.0328 ndcg@10: 0.0405 ndcg@20: 0.0509 ] 
2025-10-02 01:23:20,358 - Epoch  63 Validation set [recall@5: 0.0375 recall@10: 0.0578 recall@20: 0.0889 ] [ndcg@5: 0.0327 ndcg@10: 0.0408 ndcg@20: 0.0511 ] 
2025-10-02 01:23:24,555 - Epoch  66 Validation set [recall@5: 0.0373 recall@10: 0.0580 recall@20: 0.0884 ] [ndcg@5: 0.0328 ndcg@10: 0.0410 ndcg@20: 0.0511 ] 
2025-10-02 01:23:29,056 - Epoch  69 Validation set [recall@5: 0.0374 recall@10: 0.0581 recall@20: 0.0884 ] [ndcg@5: 0.0326 ndcg@10: 0.0408 ndcg@20: 0.0509 ] 
2025-10-02 01:23:33,666 - Epoch  72 Validation set [recall@5: 0.0366 recall@10: 0.0582 recall@20: 0.0888 ] [ndcg@5: 0.0321 ndcg@10: 0.0407 ndcg@20: 0.0509 ] 
2025-10-02 01:23:38,188 - Epoch  75 Validation set [recall@5: 0.0366 recall@10: 0.0583 recall@20: 0.0890 ] [ndcg@5: 0.0320 ndcg@10: 0.0406 ndcg@20: 0.0508 ] 
2025-10-02 01:23:42,322 - Epoch  78 Validation set [recall@5: 0.0371 recall@10: 0.0584 recall@20: 0.0886 ] [ndcg@5: 0.0325 ndcg@10: 0.0410 ndcg@20: 0.0510 ] 
2025-10-02 01:23:47,166 - Epoch  81 Validation set [recall@5: 0.0373 recall@10: 0.0583 recall@20: 0.0896 ] [ndcg@5: 0.0327 ndcg@10: 0.0410 ndcg@20: 0.0514 ] 
2025-10-02 01:23:51,769 - Epoch  84 Validation set [recall@5: 0.0370 recall@10: 0.0593 recall@20: 0.0888 ] [ndcg@5: 0.0325 ndcg@10: 0.0414 ndcg@20: 0.0512 ] 
2025-10-02 01:23:55,987 - Epoch  87 Validation set [recall@5: 0.0373 recall@10: 0.0592 recall@20: 0.0890 ] [ndcg@5: 0.0325 ndcg@10: 0.0413 ndcg@20: 0.0512 ] 
2025-10-02 01:23:59,971 - Epoch  90 Validation set [recall@5: 0.0369 recall@10: 0.0598 recall@20: 0.0890 ] [ndcg@5: 0.0323 ndcg@10: 0.0415 ndcg@20: 0.0511 ] 
2025-10-02 01:24:04,733 - Epoch  93 Validation set [recall@5: 0.0374 recall@10: 0.0591 recall@20: 0.0896 ] [ndcg@5: 0.0325 ndcg@10: 0.0413 ndcg@20: 0.0514 ] 
2025-10-02 01:24:09,127 - Epoch  96 Validation set [recall@5: 0.0377 recall@10: 0.0594 recall@20: 0.0909 ] [ndcg@5: 0.0326 ndcg@10: 0.0413 ndcg@20: 0.0517 ] 
2025-10-02 01:24:13,807 - Epoch  99 Validation set [recall@5: 0.0379 recall@10: 0.0598 recall@20: 0.0910 ] [ndcg@5: 0.0328 ndcg@10: 0.0416 ndcg@20: 0.0519 ] 
2025-10-02 01:24:17,818 - Epoch 102 Validation set [recall@5: 0.0386 recall@10: 0.0595 recall@20: 0.0914 ] [ndcg@5: 0.0333 ndcg@10: 0.0416 ndcg@20: 0.0521 ] 
2025-10-02 01:24:22,425 - Epoch 105 Validation set [recall@5: 0.0386 recall@10: 0.0600 recall@20: 0.0914 ] [ndcg@5: 0.0331 ndcg@10: 0.0416 ndcg@20: 0.0520 ] 
2025-10-02 01:24:26,803 - Epoch 108 Validation set [recall@5: 0.0379 recall@10: 0.0602 recall@20: 0.0919 ] [ndcg@5: 0.0329 ndcg@10: 0.0417 ndcg@20: 0.0522 ] 
2025-10-02 01:24:31,396 - Epoch 111 Validation set [recall@5: 0.0377 recall@10: 0.0599 recall@20: 0.0924 ] [ndcg@5: 0.0328 ndcg@10: 0.0416 ndcg@20: 0.0524 ] 
2025-10-02 01:24:35,504 - Epoch 114 Validation set [recall@5: 0.0378 recall@10: 0.0603 recall@20: 0.0925 ] [ndcg@5: 0.0330 ndcg@10: 0.0420 ndcg@20: 0.0526 ] 
2025-10-02 01:24:40,193 - Epoch 117 Validation set [recall@5: 0.0377 recall@10: 0.0601 recall@20: 0.0927 ] [ndcg@5: 0.0331 ndcg@10: 0.0420 ndcg@20: 0.0528 ] 
2025-10-02 01:24:44,601 - Epoch 120 Validation set [recall@5: 0.0375 recall@10: 0.0601 recall@20: 0.0932 ] [ndcg@5: 0.0329 ndcg@10: 0.0420 ndcg@20: 0.0529 ] 
2025-10-02 01:24:49,116 - Epoch 123 Validation set [recall@5: 0.0377 recall@10: 0.0604 recall@20: 0.0922 ] [ndcg@5: 0.0331 ndcg@10: 0.0422 ndcg@20: 0.0527 ] 
2025-10-02 01:24:53,245 - Epoch 126 Validation set [recall@5: 0.0378 recall@10: 0.0608 recall@20: 0.0915 ] [ndcg@5: 0.0333 ndcg@10: 0.0424 ndcg@20: 0.0526 ] 
2025-10-02 01:24:58,022 - Epoch 129 Validation set [recall@5: 0.0375 recall@10: 0.0609 recall@20: 0.0913 ] [ndcg@5: 0.0331 ndcg@10: 0.0425 ndcg@20: 0.0525 ] 
2025-10-02 01:25:02,265 - Epoch 132 Validation set [recall@5: 0.0378 recall@10: 0.0608 recall@20: 0.0918 ] [ndcg@5: 0.0333 ndcg@10: 0.0425 ndcg@20: 0.0527 ] 
2025-10-02 01:25:06,725 - Epoch 135 Validation set [recall@5: 0.0383 recall@10: 0.0612 recall@20: 0.0924 ] [ndcg@5: 0.0335 ndcg@10: 0.0426 ndcg@20: 0.0529 ] 
2025-10-02 01:25:07,484 - [recall@5: 0.0349 recall@10: 0.0579 recall@20: 0.0897 ] [ndcg@5: 0.0336 ndcg@10: 0.0434 ndcg@20: 0.0550 ] 
2025-10-02 01:25:09,692 - Epoch   0 Validation set [recall@5: 0.0014 recall@10: 0.0024 recall@20: 0.0044 ] [ndcg@5: 0.0011 ndcg@10: 0.0015 ndcg@20: 0.0022 ] 
2025-10-02 01:25:13,971 - Epoch   3 Validation set [recall@5: 0.0015 recall@10: 0.0033 recall@20: 0.0063 ] [ndcg@5: 0.0013 ndcg@10: 0.0020 ndcg@20: 0.0030 ] 
2025-10-02 01:25:18,467 - Epoch   6 Validation set [recall@5: 0.0026 recall@10: 0.0046 recall@20: 0.0086 ] [ndcg@5: 0.0020 ndcg@10: 0.0029 ndcg@20: 0.0042 ] 
2025-10-02 01:25:22,971 - Epoch   9 Validation set [recall@5: 0.0042 recall@10: 0.0065 recall@20: 0.0115 ] [ndcg@5: 0.0035 ndcg@10: 0.0045 ndcg@20: 0.0062 ] 
2025-10-02 01:25:27,194 - Epoch  12 Validation set [recall@5: 0.0079 recall@10: 0.0143 recall@20: 0.0221 ] [ndcg@5: 0.0067 ndcg@10: 0.0092 ndcg@20: 0.0118 ] 
2025-10-02 01:25:31,468 - Epoch  15 Validation set [recall@5: 0.0146 recall@10: 0.0237 recall@20: 0.0365 ] [ndcg@5: 0.0118 ndcg@10: 0.0155 ndcg@20: 0.0197 ] 
2025-10-02 01:25:35,900 - Epoch  18 Validation set [recall@5: 0.0166 recall@10: 0.0284 recall@20: 0.0448 ] [ndcg@5: 0.0135 ndcg@10: 0.0182 ndcg@20: 0.0236 ] 
2025-10-02 01:25:40,328 - Epoch  21 Validation set [recall@5: 0.0207 recall@10: 0.0347 recall@20: 0.0539 ] [ndcg@5: 0.0165 ndcg@10: 0.0222 ndcg@20: 0.0285 ] 
2025-10-02 01:25:44,988 - Epoch  24 Validation set [recall@5: 0.0255 recall@10: 0.0422 recall@20: 0.0662 ] [ndcg@5: 0.0206 ndcg@10: 0.0274 ndcg@20: 0.0353 ] 
2025-10-02 01:25:49,046 - Epoch  27 Validation set [recall@5: 0.0308 recall@10: 0.0496 recall@20: 0.0774 ] [ndcg@5: 0.0255 ndcg@10: 0.0331 ndcg@20: 0.0423 ] 
2025-10-02 01:25:53,569 - Epoch  30 Validation set [recall@5: 0.0353 recall@10: 0.0552 recall@20: 0.0846 ] [ndcg@5: 0.0291 ndcg@10: 0.0372 ndcg@20: 0.0469 ] 
2025-10-02 01:25:57,975 - Epoch  33 Validation set [recall@5: 0.0355 recall@10: 0.0582 recall@20: 0.0878 ] [ndcg@5: 0.0298 ndcg@10: 0.0390 ndcg@20: 0.0489 ] 
2025-10-02 01:26:02,654 - Epoch  36 Validation set [recall@5: 0.0368 recall@10: 0.0587 recall@20: 0.0899 ] [ndcg@5: 0.0308 ndcg@10: 0.0397 ndcg@20: 0.0500 ] 
2025-10-02 01:26:06,915 - Epoch  39 Validation set [recall@5: 0.0383 recall@10: 0.0597 recall@20: 0.0926 ] [ndcg@5: 0.0322 ndcg@10: 0.0409 ndcg@20: 0.0518 ] 
2025-10-02 01:26:11,489 - Epoch  42 Validation set [recall@5: 0.0377 recall@10: 0.0604 recall@20: 0.0925 ] [ndcg@5: 0.0322 ndcg@10: 0.0414 ndcg@20: 0.0521 ] 
2025-10-02 01:26:16,014 - Epoch  45 Validation set [recall@5: 0.0380 recall@10: 0.0613 recall@20: 0.0933 ] [ndcg@5: 0.0325 ndcg@10: 0.0419 ndcg@20: 0.0525 ] 
2025-10-02 01:26:20,387 - Epoch  48 Validation set [recall@5: 0.0379 recall@10: 0.0620 recall@20: 0.0933 ] [ndcg@5: 0.0325 ndcg@10: 0.0422 ndcg@20: 0.0526 ] 
2025-10-02 01:26:25,163 - Epoch  51 Validation set [recall@5: 0.0375 recall@10: 0.0625 recall@20: 0.0935 ] [ndcg@5: 0.0323 ndcg@10: 0.0423 ndcg@20: 0.0527 ] 
2025-10-02 01:26:29,684 - Epoch  54 Validation set [recall@5: 0.0381 recall@10: 0.0623 recall@20: 0.0933 ] [ndcg@5: 0.0324 ndcg@10: 0.0422 ndcg@20: 0.0525 ] 
2025-10-02 01:26:34,367 - Epoch  57 Validation set [recall@5: 0.0388 recall@10: 0.0623 recall@20: 0.0937 ] [ndcg@5: 0.0329 ndcg@10: 0.0424 ndcg@20: 0.0528 ] 
2025-10-02 01:26:38,389 - Epoch  60 Validation set [recall@5: 0.0381 recall@10: 0.0631 recall@20: 0.0940 ] [ndcg@5: 0.0324 ndcg@10: 0.0426 ndcg@20: 0.0528 ] 
2025-10-02 01:26:43,013 - Epoch  63 Validation set [recall@5: 0.0379 recall@10: 0.0625 recall@20: 0.0937 ] [ndcg@5: 0.0325 ndcg@10: 0.0426 ndcg@20: 0.0528 ] 
2025-10-02 01:26:47,565 - Epoch  66 Validation set [recall@5: 0.0387 recall@10: 0.0627 recall@20: 0.0937 ] [ndcg@5: 0.0331 ndcg@10: 0.0429 ndcg@20: 0.0531 ] 
2025-10-02 01:26:52,049 - Epoch  69 Validation set [recall@5: 0.0393 recall@10: 0.0626 recall@20: 0.0939 ] [ndcg@5: 0.0334 ndcg@10: 0.0428 ndcg@20: 0.0531 ] 
2025-10-02 01:26:56,230 - Epoch  72 Validation set [recall@5: 0.0390 recall@10: 0.0629 recall@20: 0.0937 ] [ndcg@5: 0.0332 ndcg@10: 0.0428 ndcg@20: 0.0530 ] 
2025-10-02 01:27:00,922 - Epoch  75 Validation set [recall@5: 0.0394 recall@10: 0.0627 recall@20: 0.0937 ] [ndcg@5: 0.0332 ndcg@10: 0.0425 ndcg@20: 0.0528 ] 
2025-10-02 01:27:01,741 - [recall@5: 0.0364 recall@10: 0.0588 recall@20: 0.0916 ] [ndcg@5: 0.0352 ndcg@10: 0.0448 ndcg@20: 0.0568 ] 
2025-10-02 01:27:03,802 - Epoch   0 Validation set [recall@5: 0.0011 recall@10: 0.0020 recall@20: 0.0048 ] [ndcg@5: 0.0009 ndcg@10: 0.0013 ndcg@20: 0.0022 ] 
2025-10-02 01:27:08,403 - Epoch   3 Validation set [recall@5: 0.0020 recall@10: 0.0042 recall@20: 0.0081 ] [ndcg@5: 0.0017 ndcg@10: 0.0027 ndcg@20: 0.0040 ] 
2025-10-02 01:27:12,695 - Epoch   6 Validation set [recall@5: 0.0046 recall@10: 0.0079 recall@20: 0.0124 ] [ndcg@5: 0.0042 ndcg@10: 0.0055 ndcg@20: 0.0070 ] 
2025-10-02 01:27:17,239 - Epoch   9 Validation set [recall@5: 0.0106 recall@10: 0.0175 recall@20: 0.0276 ] [ndcg@5: 0.0088 ndcg@10: 0.0117 ndcg@20: 0.0150 ] 
2025-10-02 01:27:21,776 - Epoch  12 Validation set [recall@5: 0.0146 recall@10: 0.0255 recall@20: 0.0428 ] [ndcg@5: 0.0122 ndcg@10: 0.0167 ndcg@20: 0.0224 ] 
2025-10-02 01:27:26,379 - Epoch  15 Validation set [recall@5: 0.0181 recall@10: 0.0328 recall@20: 0.0518 ] [ndcg@5: 0.0145 ndcg@10: 0.0205 ndcg@20: 0.0268 ] 
2025-10-02 01:27:30,357 - Epoch  18 Validation set [recall@5: 0.0248 recall@10: 0.0406 recall@20: 0.0635 ] [ndcg@5: 0.0198 ndcg@10: 0.0261 ndcg@20: 0.0337 ] 
2025-10-02 01:27:34,939 - Epoch  21 Validation set [recall@5: 0.0302 recall@10: 0.0494 recall@20: 0.0762 ] [ndcg@5: 0.0258 ndcg@10: 0.0336 ndcg@20: 0.0423 ] 
2025-10-02 01:27:39,591 - Epoch  24 Validation set [recall@5: 0.0348 recall@10: 0.0536 recall@20: 0.0844 ] [ndcg@5: 0.0295 ndcg@10: 0.0371 ndcg@20: 0.0472 ] 
2025-10-02 01:27:44,108 - Epoch  27 Validation set [recall@5: 0.0358 recall@10: 0.0559 recall@20: 0.0893 ] [ndcg@5: 0.0303 ndcg@10: 0.0385 ndcg@20: 0.0495 ] 
2025-10-02 01:27:48,104 - Epoch  30 Validation set [recall@5: 0.0372 recall@10: 0.0576 recall@20: 0.0922 ] [ndcg@5: 0.0309 ndcg@10: 0.0393 ndcg@20: 0.0507 ] 
2025-10-02 01:27:52,714 - Epoch  33 Validation set [recall@5: 0.0377 recall@10: 0.0595 recall@20: 0.0931 ] [ndcg@5: 0.0315 ndcg@10: 0.0403 ndcg@20: 0.0513 ] 
2025-10-02 01:27:57,207 - Epoch  36 Validation set [recall@5: 0.0371 recall@10: 0.0605 recall@20: 0.0945 ] [ndcg@5: 0.0314 ndcg@10: 0.0408 ndcg@20: 0.0520 ] 
2025-10-02 01:28:01,783 - Epoch  39 Validation set [recall@5: 0.0383 recall@10: 0.0609 recall@20: 0.0946 ] [ndcg@5: 0.0323 ndcg@10: 0.0414 ndcg@20: 0.0525 ] 
2025-10-02 01:28:05,866 - Epoch  42 Validation set [recall@5: 0.0373 recall@10: 0.0606 recall@20: 0.0942 ] [ndcg@5: 0.0318 ndcg@10: 0.0412 ndcg@20: 0.0523 ] 
2025-10-02 01:28:10,625 - Epoch  45 Validation set [recall@5: 0.0373 recall@10: 0.0609 recall@20: 0.0948 ] [ndcg@5: 0.0317 ndcg@10: 0.0412 ndcg@20: 0.0524 ] 
2025-10-02 01:28:15,387 - Epoch  48 Validation set [recall@5: 0.0378 recall@10: 0.0609 recall@20: 0.0953 ] [ndcg@5: 0.0317 ndcg@10: 0.0410 ndcg@20: 0.0523 ] 
2025-10-02 01:28:19,706 - Epoch  51 Validation set [recall@5: 0.0382 recall@10: 0.0610 recall@20: 0.0960 ] [ndcg@5: 0.0318 ndcg@10: 0.0410 ndcg@20: 0.0525 ] 
2025-10-02 01:28:23,337 - Epoch  54 Validation set [recall@5: 0.0388 recall@10: 0.0611 recall@20: 0.0966 ] [ndcg@5: 0.0323 ndcg@10: 0.0414 ndcg@20: 0.0531 ] 
2025-10-02 01:28:28,083 - Epoch  57 Validation set [recall@5: 0.0386 recall@10: 0.0606 recall@20: 0.0971 ] [ndcg@5: 0.0324 ndcg@10: 0.0414 ndcg@20: 0.0534 ] 
2025-10-02 01:28:32,727 - Epoch  60 Validation set [recall@5: 0.0392 recall@10: 0.0607 recall@20: 0.0967 ] [ndcg@5: 0.0328 ndcg@10: 0.0416 ndcg@20: 0.0534 ] 
2025-10-02 01:28:37,369 - Epoch  63 Validation set [recall@5: 0.0386 recall@10: 0.0611 recall@20: 0.0964 ] [ndcg@5: 0.0323 ndcg@10: 0.0414 ndcg@20: 0.0531 ] 
2025-10-02 01:28:41,146 - Epoch  66 Validation set [recall@5: 0.0396 recall@10: 0.0606 recall@20: 0.0963 ] [ndcg@5: 0.0329 ndcg@10: 0.0414 ndcg@20: 0.0532 ] 
2025-10-02 01:28:45,714 - Epoch  69 Validation set [recall@5: 0.0394 recall@10: 0.0616 recall@20: 0.0964 ] [ndcg@5: 0.0329 ndcg@10: 0.0420 ndcg@20: 0.0536 ] 
2025-10-02 01:28:50,171 - Epoch  72 Validation set [recall@5: 0.0389 recall@10: 0.0615 recall@20: 0.0966 ] [ndcg@5: 0.0329 ndcg@10: 0.0420 ndcg@20: 0.0537 ] 
2025-10-02 01:28:50,941 - [recall@5: 0.0354 recall@10: 0.0595 recall@20: 0.0938 ] [ndcg@5: 0.0348 ndcg@10: 0.0451 ndcg@20: 0.0576 ] 
