2025-10-01 17:02:28,822 - {'optimizer': {'name': 'adam', 'lr': 0.001, 'weight_decay': 0}, 'train': {'epoch': 3000, 'batch_size': 4096, 'save_model': False, 'loss': 'pairwise', 'test_step': 3, 'reproducible': True, 'seed': 2023, 'patience': 5}, 'test': {'metrics': ['recall', 'ndcg'], 'k': [5, 10, 20], 'batch_size': 1024}, 'data': {'type': 'general_agcf', 'name': 'Office', 'mat_type': 'uai', 'prenorm': True, 'user_num': 6338, 'item_num': 4461, 'user_item_num': 10799, 'attr_num': 4065}, 'model': {'name': 'sgl_rgcn', 'label': 'keep_rate=1_patience=5_adam_reg_weight=1e-7_cl_weight=0.1_temp=0.2', 'keep_rate': 0.9, 'embedding_size': 64, 'augmentation': 'edge_drop', 'layer_num': 3, 'reg_weight': 1e-06, 'cl_weight': 0.1, 'temperature': 0.1, 'amazon': {'layer_num': 3, 'reg_weight': 1e-05, 'cl_weight': 0.1, 'temperature': 0.2}, 'yelp': {'keep_rate': 0.8, 'layer_num': 3, 'reg_weight': 1e-05, 'cl_weight': 0.1, 'temperature': 0.1}, 'steam': {'layer_num': 2, 'reg_weight': 1e-05, 'cl_weight': 0.1, 'temperature': 0.5}, 'Office': {'keep_rate': 0.9, 'layer_num': 3, 'reg_weight': 1e-06, 'cl_weight': 0.1, 'temperature': 0.1}}}
2025-10-01 17:02:33,263 - Epoch   0 Validation set [recall@5: 0.0011 recall@10: 0.0025 recall@20: 0.0051 ] [ndcg@5: 0.0009 ndcg@10: 0.0014 ndcg@20: 0.0023 ] 
2025-10-01 17:02:43,127 - Epoch   3 Validation set [recall@5: 0.0018 recall@10: 0.0037 recall@20: 0.0065 ] [ndcg@5: 0.0014 ndcg@10: 0.0022 ndcg@20: 0.0031 ] 
2025-10-01 17:02:52,180 - Epoch   6 Validation set [recall@5: 0.0023 recall@10: 0.0042 recall@20: 0.0075 ] [ndcg@5: 0.0017 ndcg@10: 0.0026 ndcg@20: 0.0036 ] 
2025-10-01 17:03:01,425 - Epoch   9 Validation set [recall@5: 0.0026 recall@10: 0.0049 recall@20: 0.0083 ] [ndcg@5: 0.0019 ndcg@10: 0.0029 ndcg@20: 0.0040 ] 
2025-10-01 17:03:09,748 - Epoch  12 Validation set [recall@5: 0.0040 recall@10: 0.0072 recall@20: 0.0123 ] [ndcg@5: 0.0033 ndcg@10: 0.0047 ndcg@20: 0.0063 ] 
2025-10-01 17:03:19,204 - Epoch  15 Validation set [recall@5: 0.0085 recall@10: 0.0140 recall@20: 0.0227 ] [ndcg@5: 0.0067 ndcg@10: 0.0090 ndcg@20: 0.0119 ] 
2025-10-01 17:03:27,939 - Epoch  18 Validation set [recall@5: 0.0097 recall@10: 0.0164 recall@20: 0.0287 ] [ndcg@5: 0.0079 ndcg@10: 0.0107 ndcg@20: 0.0147 ] 
2025-10-01 17:03:36,700 - Epoch  21 Validation set [recall@5: 0.0145 recall@10: 0.0257 recall@20: 0.0429 ] [ndcg@5: 0.0113 ndcg@10: 0.0159 ndcg@20: 0.0214 ] 
2025-10-01 17:03:46,222 - Epoch  24 Validation set [recall@5: 0.0202 recall@10: 0.0355 recall@20: 0.0595 ] [ndcg@5: 0.0161 ndcg@10: 0.0224 ndcg@20: 0.0301 ] 
2025-10-01 17:03:54,510 - Epoch  27 Validation set [recall@5: 0.0253 recall@10: 0.0440 recall@20: 0.0721 ] [ndcg@5: 0.0210 ndcg@10: 0.0286 ndcg@20: 0.0378 ] 
2025-10-01 17:04:03,312 - Epoch  30 Validation set [recall@5: 0.0245 recall@10: 0.0398 recall@20: 0.0638 ] [ndcg@5: 0.0202 ndcg@10: 0.0263 ndcg@20: 0.0342 ] 
2025-10-01 17:04:11,705 - Epoch  33 Validation set [recall@5: 0.0271 recall@10: 0.0437 recall@20: 0.0695 ] [ndcg@5: 0.0227 ndcg@10: 0.0294 ndcg@20: 0.0379 ] 
2025-10-01 17:04:21,318 - Epoch  36 Validation set [recall@5: 0.0277 recall@10: 0.0450 recall@20: 0.0707 ] [ndcg@5: 0.0234 ndcg@10: 0.0304 ndcg@20: 0.0388 ] 
2025-10-01 17:04:30,176 - Epoch  39 Validation set [recall@5: 0.0278 recall@10: 0.0451 recall@20: 0.0707 ] [ndcg@5: 0.0237 ndcg@10: 0.0307 ndcg@20: 0.0391 ] 
2025-10-01 17:04:39,266 - Epoch  42 Validation set [recall@5: 0.0280 recall@10: 0.0453 recall@20: 0.0725 ] [ndcg@5: 0.0239 ndcg@10: 0.0309 ndcg@20: 0.0397 ] 
2025-10-01 17:04:48,218 - Epoch  45 Validation set [recall@5: 0.0286 recall@10: 0.0465 recall@20: 0.0735 ] [ndcg@5: 0.0244 ndcg@10: 0.0317 ndcg@20: 0.0405 ] 
2025-10-01 17:04:58,078 - Epoch  48 Validation set [recall@5: 0.0288 recall@10: 0.0460 recall@20: 0.0726 ] [ndcg@5: 0.0243 ndcg@10: 0.0314 ndcg@20: 0.0400 ] 
2025-10-01 17:05:06,777 - Epoch  51 Validation set [recall@5: 0.0289 recall@10: 0.0450 recall@20: 0.0719 ] [ndcg@5: 0.0242 ndcg@10: 0.0308 ndcg@20: 0.0396 ] 
2025-10-01 17:05:16,020 - Epoch  54 Validation set [recall@5: 0.0278 recall@10: 0.0444 recall@20: 0.0698 ] [ndcg@5: 0.0234 ndcg@10: 0.0303 ndcg@20: 0.0386 ] 
2025-10-01 17:05:25,315 - Epoch  57 Validation set [recall@5: 0.0272 recall@10: 0.0444 recall@20: 0.0696 ] [ndcg@5: 0.0226 ndcg@10: 0.0298 ndcg@20: 0.0381 ] 
2025-10-01 17:05:32,802 - Epoch  60 Validation set [recall@5: 0.0271 recall@10: 0.0440 recall@20: 0.0686 ] [ndcg@5: 0.0226 ndcg@10: 0.0296 ndcg@20: 0.0376 ] 
2025-10-01 17:05:33,631 - [recall@5: 0.0286 recall@10: 0.0465 recall@20: 0.0735 ] [ndcg@5: 0.0244 ndcg@10: 0.0317 ndcg@20: 0.0405 ] 
2025-10-01 17:05:34,525 - [recall@5: 0.0261 recall@10: 0.0454 recall@20: 0.0724 ] [ndcg@5: 0.0245 ndcg@10: 0.0327 ndcg@20: 0.0426 ] 
2025-10-01 17:05:34,558 - Best Epoch 45. Final test result: {'recall': array([0.02611807, 0.04535279, 0.07237665]), 'ndcg': array([0.02447094, 0.03274382, 0.04256429])}.
