2025-10-02 10:48:49,452 - {'optimizer': {'name': 'adam', 'lr': 0.001, 'weight_decay': 0}, 'train': {'epoch': 3000, 'batch_size': 4096, 'save_model': False, 'loss': 'pairwise', 'test_step': 3, 'reproducible': True, 'seed': 2023, 'patience': 5}, 'test': {'metrics': ['recall', 'ndcg'], 'k': [5, 10, 20], 'batch_size': 1024}, 'data': {'type': 'general_agcf', 'name': 'Office', 'mat_type': 'uai', 'prenorm': True, 'user_num': 6338, 'item_num': 4461, 'user_item_num': 10799, 'attr_num': 4065}, 'model': {'name': 'sgl_rgcn', 'label': 'keep_rate=1_patience=5_adam_reg_weight=1e-7_cl_weight=0.1_temp=0.2', 'keep_rate': 0.9, 'embedding_size': 64, 'augmentation': 'edge_drop', 'layer_num': 3, 'reg_weight': 1e-05, 'cl_weight': 0.1, 'temperature': 0.3, 'amazon': {'layer_num': 3, 'reg_weight': 1e-05, 'cl_weight': 0.1, 'temperature': 0.2}, 'yelp': {'keep_rate': 1.0, 'layer_num': 3, 'reg_weight': 1e-05, 'cl_weight': 0.1, 'temperature': 0.3}, 'steam': {'layer_num': 2, 'reg_weight': 1e-05, 'cl_weight': 0.1, 'temperature': 0.5}, 'Office': {'keep_rate': 0.9, 'layer_num': 3, 'reg_weight': 1e-05, 'cl_weight': 0.1, 'temperature': 0.3}}}
2025-10-02 10:48:53,903 - Epoch   0 Validation set [recall@5: 0.0011 recall@10: 0.0027 recall@20: 0.0053 ] [ndcg@5: 0.0009 ndcg@10: 0.0015 ndcg@20: 0.0024 ] 
2025-10-02 10:48:59,670 - Epoch   3 Validation set [recall@5: 0.0019 recall@10: 0.0036 recall@20: 0.0072 ] [ndcg@5: 0.0014 ndcg@10: 0.0022 ndcg@20: 0.0034 ] 
2025-10-02 10:49:06,062 - Epoch   6 Validation set [recall@5: 0.0030 recall@10: 0.0055 recall@20: 0.0108 ] [ndcg@5: 0.0026 ndcg@10: 0.0036 ndcg@20: 0.0054 ] 
2025-10-02 10:49:11,469 - Epoch   9 Validation set [recall@5: 0.0054 recall@10: 0.0094 recall@20: 0.0159 ] [ndcg@5: 0.0047 ndcg@10: 0.0063 ndcg@20: 0.0085 ] 
2025-10-02 10:49:18,074 - Epoch  12 Validation set [recall@5: 0.0112 recall@10: 0.0174 recall@20: 0.0271 ] [ndcg@5: 0.0097 ndcg@10: 0.0122 ndcg@20: 0.0154 ] 
2025-10-02 10:49:24,009 - Epoch  15 Validation set [recall@5: 0.0158 recall@10: 0.0253 recall@20: 0.0436 ] [ndcg@5: 0.0126 ndcg@10: 0.0166 ndcg@20: 0.0226 ] 
2025-10-02 10:49:30,096 - Epoch  18 Validation set [recall@5: 0.0193 recall@10: 0.0326 recall@20: 0.0526 ] [ndcg@5: 0.0156 ndcg@10: 0.0211 ndcg@20: 0.0276 ] 
2025-10-02 10:49:36,391 - Epoch  21 Validation set [recall@5: 0.0228 recall@10: 0.0400 recall@20: 0.0621 ] [ndcg@5: 0.0188 ndcg@10: 0.0258 ndcg@20: 0.0331 ] 
2025-10-02 10:49:41,926 - Epoch  24 Validation set [recall@5: 0.0286 recall@10: 0.0481 recall@20: 0.0770 ] [ndcg@5: 0.0233 ndcg@10: 0.0313 ndcg@20: 0.0408 ] 
2025-10-02 10:49:47,882 - Epoch  27 Validation set [recall@5: 0.0326 recall@10: 0.0539 recall@20: 0.0876 ] [ndcg@5: 0.0282 ndcg@10: 0.0368 ndcg@20: 0.0480 ] 
2025-10-02 10:49:53,246 - Epoch  30 Validation set [recall@5: 0.0371 recall@10: 0.0592 recall@20: 0.0927 ] [ndcg@5: 0.0319 ndcg@10: 0.0407 ndcg@20: 0.0518 ] 
2025-10-02 10:49:59,895 - Epoch  33 Validation set [recall@5: 0.0385 recall@10: 0.0613 recall@20: 0.0955 ] [ndcg@5: 0.0330 ndcg@10: 0.0423 ndcg@20: 0.0535 ] 
2025-10-02 10:50:05,777 - Epoch  36 Validation set [recall@5: 0.0392 recall@10: 0.0626 recall@20: 0.0960 ] [ndcg@5: 0.0338 ndcg@10: 0.0433 ndcg@20: 0.0543 ] 
2025-10-02 10:50:11,882 - Epoch  39 Validation set [recall@5: 0.0396 recall@10: 0.0631 recall@20: 0.0974 ] [ndcg@5: 0.0341 ndcg@10: 0.0436 ndcg@20: 0.0549 ] 
2025-10-02 10:50:18,315 - Epoch  42 Validation set [recall@5: 0.0395 recall@10: 0.0636 recall@20: 0.0977 ] [ndcg@5: 0.0343 ndcg@10: 0.0440 ndcg@20: 0.0552 ] 
2025-10-02 10:50:24,109 - Epoch  45 Validation set [recall@5: 0.0400 recall@10: 0.0642 recall@20: 0.0989 ] [ndcg@5: 0.0341 ndcg@10: 0.0440 ndcg@20: 0.0554 ] 
2025-10-02 10:50:30,206 - Epoch  48 Validation set [recall@5: 0.0397 recall@10: 0.0651 recall@20: 0.0992 ] [ndcg@5: 0.0340 ndcg@10: 0.0443 ndcg@20: 0.0554 ] 
2025-10-02 10:50:35,740 - Epoch  51 Validation set [recall@5: 0.0394 recall@10: 0.0640 recall@20: 0.0993 ] [ndcg@5: 0.0337 ndcg@10: 0.0438 ndcg@20: 0.0553 ] 
2025-10-02 10:50:42,056 - Epoch  54 Validation set [recall@5: 0.0399 recall@10: 0.0651 recall@20: 0.0995 ] [ndcg@5: 0.0342 ndcg@10: 0.0443 ndcg@20: 0.0556 ] 
2025-10-02 10:50:47,847 - Epoch  57 Validation set [recall@5: 0.0399 recall@10: 0.0641 recall@20: 0.1006 ] [ndcg@5: 0.0342 ndcg@10: 0.0441 ndcg@20: 0.0559 ] 
2025-10-02 10:50:53,931 - Epoch  60 Validation set [recall@5: 0.0398 recall@10: 0.0647 recall@20: 0.1002 ] [ndcg@5: 0.0341 ndcg@10: 0.0442 ndcg@20: 0.0558 ] 
2025-10-02 10:51:00,314 - Epoch  63 Validation set [recall@5: 0.0397 recall@10: 0.0651 recall@20: 0.1022 ] [ndcg@5: 0.0340 ndcg@10: 0.0444 ndcg@20: 0.0565 ] 
2025-10-02 10:51:06,280 - Epoch  66 Validation set [recall@5: 0.0399 recall@10: 0.0655 recall@20: 0.1027 ] [ndcg@5: 0.0338 ndcg@10: 0.0443 ndcg@20: 0.0564 ] 
2025-10-02 10:51:12,839 - Epoch  69 Validation set [recall@5: 0.0401 recall@10: 0.0652 recall@20: 0.1023 ] [ndcg@5: 0.0340 ndcg@10: 0.0443 ndcg@20: 0.0564 ] 
2025-10-02 10:51:18,631 - Epoch  72 Validation set [recall@5: 0.0402 recall@10: 0.0649 recall@20: 0.1016 ] [ndcg@5: 0.0342 ndcg@10: 0.0442 ndcg@20: 0.0562 ] 
2025-10-02 10:51:24,951 - Epoch  75 Validation set [recall@5: 0.0398 recall@10: 0.0659 recall@20: 0.1027 ] [ndcg@5: 0.0343 ndcg@10: 0.0448 ndcg@20: 0.0568 ] 
2025-10-02 10:51:30,898 - Epoch  78 Validation set [recall@5: 0.0402 recall@10: 0.0653 recall@20: 0.1028 ] [ndcg@5: 0.0344 ndcg@10: 0.0445 ndcg@20: 0.0568 ] 
2025-10-02 10:51:35,439 - Epoch  81 Validation set [recall@5: 0.0403 recall@10: 0.0657 recall@20: 0.1029 ] [ndcg@5: 0.0344 ndcg@10: 0.0446 ndcg@20: 0.0568 ] 
2025-10-02 10:51:40,124 - Epoch  84 Validation set [recall@5: 0.0402 recall@10: 0.0668 recall@20: 0.1037 ] [ndcg@5: 0.0346 ndcg@10: 0.0453 ndcg@20: 0.0573 ] 
2025-10-02 10:51:44,744 - Epoch  87 Validation set [recall@5: 0.0407 recall@10: 0.0656 recall@20: 0.1048 ] [ndcg@5: 0.0345 ndcg@10: 0.0446 ndcg@20: 0.0573 ] 
2025-10-02 10:51:49,371 - Epoch  90 Validation set [recall@5: 0.0398 recall@10: 0.0654 recall@20: 0.1039 ] [ndcg@5: 0.0339 ndcg@10: 0.0443 ndcg@20: 0.0570 ] 
2025-10-02 10:51:53,765 - Epoch  93 Validation set [recall@5: 0.0402 recall@10: 0.0662 recall@20: 0.1044 ] [ndcg@5: 0.0343 ndcg@10: 0.0450 ndcg@20: 0.0574 ] 
2025-10-02 10:51:58,082 - Epoch  96 Validation set [recall@5: 0.0403 recall@10: 0.0668 recall@20: 0.1047 ] [ndcg@5: 0.0346 ndcg@10: 0.0453 ndcg@20: 0.0577 ] 
2025-10-02 10:52:02,585 - Epoch  99 Validation set [recall@5: 0.0394 recall@10: 0.0667 recall@20: 0.1041 ] [ndcg@5: 0.0343 ndcg@10: 0.0454 ndcg@20: 0.0576 ] 
2025-10-02 10:52:06,976 - Epoch 102 Validation set [recall@5: 0.0400 recall@10: 0.0665 recall@20: 0.1038 ] [ndcg@5: 0.0343 ndcg@10: 0.0452 ndcg@20: 0.0573 ] 
2025-10-02 10:52:07,696 - [recall@5: 0.0407 recall@10: 0.0656 recall@20: 0.1048 ] [ndcg@5: 0.0345 ndcg@10: 0.0446 ndcg@20: 0.0573 ] 
2025-10-02 10:52:08,431 - [recall@5: 0.0379 recall@10: 0.0630 recall@20: 0.0986 ] [ndcg@5: 0.0369 ndcg@10: 0.0477 ndcg@20: 0.0607 ] 
2025-10-02 10:52:08,432 - Best Epoch 87. Final test result: {'recall': array([0.03791321, 0.06295903, 0.09857169]), 'ndcg': array([0.0368999 , 0.04770976, 0.06068773])}.
