2026-06-13 23:36:03,275 - {'optimizer': {'name': 'adam', 'lr': 0.001, 'weight_decay': 0}, 'train': {'epoch': 3000, 'batch_size': 4096, 'save_model': False, 'loss': 'pairwise', 'test_step': 3, 'reproducible': True, 'seed': 2023, 'patience': 5}, 'test': {'metrics': ['recall', 'ndcg'], 'k': [5, 10, 20], 'batch_size': 1024}, 'data': {'type': 'general_agcf', 'name': 'Office', 'mat_type': 'uai', 'prenorm': True, 'user_num': 6338, 'item_num': 4461, 'user_item_num': 10799, 'attr_num': 4065}, 'model': {'name': 'sgl_rgcn', 'label': 'keep_rate=1_patience=5_adam_reg_weight=1e-7_cl_weight=0.1_temp=0.2', 'keep_rate': 0.9, 'embedding_size': 64, 'augmentation': 'edge_drop', 'layer_num': 3, 'reg_weight': 1e-05, 'cl_weight': 0.1, 'temperature': 0.3, 'amazon': {'layer_num': 3, 'reg_weight': 1e-05, 'cl_weight': 0.1, 'temperature': 0.2}, 'yelp': {'keep_rate': 1.0, 'layer_num': 3, 'reg_weight': 1e-05, 'cl_weight': 0.1, 'temperature': 0.3}, 'steam': {'layer_num': 2, 'reg_weight': 1e-05, 'cl_weight': 0.1, 'temperature': 0.5}, 'Office': {'keep_rate': 0.9, 'layer_num': 3, 'reg_weight': 1e-05, 'cl_weight': 0.1, 'temperature': 0.3}}}
2026-06-13 23:36:06,532 - Epoch   0 Validation set [recall@5: 0.0011 recall@10: 0.0027 recall@20: 0.0053 ] [ndcg@5: 0.0009 ndcg@10: 0.0015 ndcg@20: 0.0024 ] 
2026-06-13 23:36:10,731 - Epoch   3 Validation set [recall@5: 0.0019 recall@10: 0.0036 recall@20: 0.0072 ] [ndcg@5: 0.0014 ndcg@10: 0.0022 ndcg@20: 0.0034 ] 
2026-06-13 23:36:14,689 - Epoch   6 Validation set [recall@5: 0.0030 recall@10: 0.0055 recall@20: 0.0108 ] [ndcg@5: 0.0026 ndcg@10: 0.0036 ndcg@20: 0.0054 ] 
2026-06-13 23:36:18,580 - Epoch   9 Validation set [recall@5: 0.0054 recall@10: 0.0094 recall@20: 0.0159 ] [ndcg@5: 0.0047 ndcg@10: 0.0063 ndcg@20: 0.0085 ] 
2026-06-13 23:36:22,584 - Epoch  12 Validation set [recall@5: 0.0112 recall@10: 0.0174 recall@20: 0.0271 ] [ndcg@5: 0.0097 ndcg@10: 0.0122 ndcg@20: 0.0154 ] 
2026-06-13 23:36:26,462 - Epoch  15 Validation set [recall@5: 0.0158 recall@10: 0.0253 recall@20: 0.0436 ] [ndcg@5: 0.0126 ndcg@10: 0.0166 ndcg@20: 0.0226 ] 
2026-06-13 23:36:30,215 - Epoch  18 Validation set [recall@5: 0.0193 recall@10: 0.0326 recall@20: 0.0526 ] [ndcg@5: 0.0156 ndcg@10: 0.0211 ndcg@20: 0.0276 ] 
2026-06-13 23:36:34,131 - Epoch  21 Validation set [recall@5: 0.0229 recall@10: 0.0398 recall@20: 0.0618 ] [ndcg@5: 0.0188 ndcg@10: 0.0258 ndcg@20: 0.0330 ] 
2026-06-13 23:36:37,940 - Epoch  24 Validation set [recall@5: 0.0283 recall@10: 0.0479 recall@20: 0.0769 ] [ndcg@5: 0.0231 ndcg@10: 0.0312 ndcg@20: 0.0408 ] 
2026-06-13 23:36:42,202 - Epoch  27 Validation set [recall@5: 0.0333 recall@10: 0.0546 recall@20: 0.0881 ] [ndcg@5: 0.0286 ndcg@10: 0.0372 ndcg@20: 0.0483 ] 
2026-06-13 23:36:46,433 - Epoch  30 Validation set [recall@5: 0.0377 recall@10: 0.0601 recall@20: 0.0937 ] [ndcg@5: 0.0324 ndcg@10: 0.0413 ndcg@20: 0.0524 ] 
2026-06-13 23:36:50,218 - Epoch  33 Validation set [recall@5: 0.0388 recall@10: 0.0616 recall@20: 0.0960 ] [ndcg@5: 0.0333 ndcg@10: 0.0426 ndcg@20: 0.0539 ] 
2026-06-13 23:36:54,434 - Epoch  36 Validation set [recall@5: 0.0393 recall@10: 0.0628 recall@20: 0.0959 ] [ndcg@5: 0.0339 ndcg@10: 0.0434 ndcg@20: 0.0543 ] 
2026-06-13 23:36:58,935 - Epoch  39 Validation set [recall@5: 0.0400 recall@10: 0.0635 recall@20: 0.0974 ] [ndcg@5: 0.0343 ndcg@10: 0.0438 ndcg@20: 0.0550 ] 
2026-06-13 23:37:03,314 - Epoch  42 Validation set [recall@5: 0.0395 recall@10: 0.0641 recall@20: 0.0980 ] [ndcg@5: 0.0342 ndcg@10: 0.0442 ndcg@20: 0.0554 ] 
2026-06-13 23:37:07,509 - Epoch  45 Validation set [recall@5: 0.0399 recall@10: 0.0641 recall@20: 0.0988 ] [ndcg@5: 0.0342 ndcg@10: 0.0440 ndcg@20: 0.0554 ] 
2026-06-13 23:37:11,398 - Epoch  48 Validation set [recall@5: 0.0397 recall@10: 0.0645 recall@20: 0.0993 ] [ndcg@5: 0.0339 ndcg@10: 0.0440 ndcg@20: 0.0554 ] 
2026-06-13 23:37:15,375 - Epoch  51 Validation set [recall@5: 0.0397 recall@10: 0.0643 recall@20: 0.1003 ] [ndcg@5: 0.0341 ndcg@10: 0.0442 ndcg@20: 0.0558 ] 
2026-06-13 23:37:19,222 - Epoch  54 Validation set [recall@5: 0.0398 recall@10: 0.0644 recall@20: 0.1004 ] [ndcg@5: 0.0342 ndcg@10: 0.0442 ndcg@20: 0.0559 ] 
2026-06-13 23:37:23,026 - Epoch  57 Validation set [recall@5: 0.0399 recall@10: 0.0633 recall@20: 0.1010 ] [ndcg@5: 0.0342 ndcg@10: 0.0437 ndcg@20: 0.0560 ] 
2026-06-13 23:37:27,283 - Epoch  60 Validation set [recall@5: 0.0398 recall@10: 0.0646 recall@20: 0.1009 ] [ndcg@5: 0.0342 ndcg@10: 0.0443 ndcg@20: 0.0561 ] 
2026-06-13 23:37:31,689 - Epoch  63 Validation set [recall@5: 0.0397 recall@10: 0.0655 recall@20: 0.1020 ] [ndcg@5: 0.0340 ndcg@10: 0.0446 ndcg@20: 0.0564 ] 
2026-06-13 23:37:36,087 - Epoch  66 Validation set [recall@5: 0.0397 recall@10: 0.0651 recall@20: 0.1025 ] [ndcg@5: 0.0337 ndcg@10: 0.0441 ndcg@20: 0.0563 ] 
2026-06-13 23:37:40,401 - Epoch  69 Validation set [recall@5: 0.0402 recall@10: 0.0657 recall@20: 0.1024 ] [ndcg@5: 0.0341 ndcg@10: 0.0445 ndcg@20: 0.0565 ] 
2026-06-13 23:37:44,532 - Epoch  72 Validation set [recall@5: 0.0403 recall@10: 0.0647 recall@20: 0.1019 ] [ndcg@5: 0.0343 ndcg@10: 0.0442 ndcg@20: 0.0564 ] 
2026-06-13 23:37:48,427 - Epoch  75 Validation set [recall@5: 0.0396 recall@10: 0.0662 recall@20: 0.1032 ] [ndcg@5: 0.0341 ndcg@10: 0.0449 ndcg@20: 0.0569 ] 
2026-06-13 23:37:52,452 - Epoch  78 Validation set [recall@5: 0.0402 recall@10: 0.0654 recall@20: 0.1027 ] [ndcg@5: 0.0344 ndcg@10: 0.0446 ndcg@20: 0.0568 ] 
2026-06-13 23:37:56,777 - Epoch  81 Validation set [recall@5: 0.0402 recall@10: 0.0655 recall@20: 0.1033 ] [ndcg@5: 0.0344 ndcg@10: 0.0447 ndcg@20: 0.0571 ] 
2026-06-13 23:38:01,387 - Epoch  84 Validation set [recall@5: 0.0401 recall@10: 0.0662 recall@20: 0.1035 ] [ndcg@5: 0.0346 ndcg@10: 0.0450 ndcg@20: 0.0573 ] 
2026-06-13 23:38:05,884 - Epoch  87 Validation set [recall@5: 0.0408 recall@10: 0.0654 recall@20: 0.1049 ] [ndcg@5: 0.0344 ndcg@10: 0.0445 ndcg@20: 0.0574 ] 
2026-06-13 23:38:10,316 - Epoch  90 Validation set [recall@5: 0.0400 recall@10: 0.0659 recall@20: 0.1045 ] [ndcg@5: 0.0340 ndcg@10: 0.0446 ndcg@20: 0.0572 ] 
2026-06-13 23:38:14,799 - Epoch  93 Validation set [recall@5: 0.0403 recall@10: 0.0669 recall@20: 0.1050 ] [ndcg@5: 0.0344 ndcg@10: 0.0452 ndcg@20: 0.0577 ] 
2026-06-13 23:38:19,183 - Epoch  96 Validation set [recall@5: 0.0402 recall@10: 0.0670 recall@20: 0.1044 ] [ndcg@5: 0.0346 ndcg@10: 0.0454 ndcg@20: 0.0577 ] 
2026-06-13 23:38:23,641 - Epoch  99 Validation set [recall@5: 0.0395 recall@10: 0.0668 recall@20: 0.1037 ] [ndcg@5: 0.0343 ndcg@10: 0.0454 ndcg@20: 0.0574 ] 
2026-06-13 23:38:28,096 - Epoch 102 Validation set [recall@5: 0.0399 recall@10: 0.0667 recall@20: 0.1041 ] [ndcg@5: 0.0343 ndcg@10: 0.0452 ndcg@20: 0.0574 ] 
2026-06-13 23:38:32,287 - Epoch 105 Validation set [recall@5: 0.0400 recall@10: 0.0670 recall@20: 0.1048 ] [ndcg@5: 0.0345 ndcg@10: 0.0454 ndcg@20: 0.0577 ] 
2026-06-13 23:38:36,593 - Epoch 108 Validation set [recall@5: 0.0403 recall@10: 0.0673 recall@20: 0.1050 ] [ndcg@5: 0.0344 ndcg@10: 0.0453 ndcg@20: 0.0576 ] 
2026-06-13 23:38:40,855 - Epoch 111 Validation set [recall@5: 0.0409 recall@10: 0.0669 recall@20: 0.1045 ] [ndcg@5: 0.0346 ndcg@10: 0.0451 ndcg@20: 0.0575 ] 
2026-06-13 23:38:44,963 - Epoch 114 Validation set [recall@5: 0.0407 recall@10: 0.0670 recall@20: 0.1052 ] [ndcg@5: 0.0348 ndcg@10: 0.0454 ndcg@20: 0.0579 ] 
2026-06-13 23:38:48,730 - Epoch 117 Validation set [recall@5: 0.0401 recall@10: 0.0668 recall@20: 0.1054 ] [ndcg@5: 0.0344 ndcg@10: 0.0452 ndcg@20: 0.0579 ] 
2026-06-13 23:38:52,662 - Epoch 120 Validation set [recall@5: 0.0407 recall@10: 0.0672 recall@20: 0.1058 ] [ndcg@5: 0.0348 ndcg@10: 0.0455 ndcg@20: 0.0581 ] 
2026-06-13 23:38:56,570 - Epoch 123 Validation set [recall@5: 0.0412 recall@10: 0.0668 recall@20: 0.1062 ] [ndcg@5: 0.0351 ndcg@10: 0.0454 ndcg@20: 0.0583 ] 
2026-06-13 23:39:00,456 - Epoch 126 Validation set [recall@5: 0.0410 recall@10: 0.0666 recall@20: 0.1063 ] [ndcg@5: 0.0350 ndcg@10: 0.0453 ndcg@20: 0.0583 ] 
2026-06-13 23:39:04,378 - Epoch 129 Validation set [recall@5: 0.0404 recall@10: 0.0674 recall@20: 0.1070 ] [ndcg@5: 0.0349 ndcg@10: 0.0458 ndcg@20: 0.0587 ] 
2026-06-13 23:39:08,581 - Epoch 132 Validation set [recall@5: 0.0411 recall@10: 0.0670 recall@20: 0.1073 ] [ndcg@5: 0.0351 ndcg@10: 0.0456 ndcg@20: 0.0588 ] 
2026-06-13 23:39:12,963 - Epoch 135 Validation set [recall@5: 0.0417 recall@10: 0.0673 recall@20: 0.1067 ] [ndcg@5: 0.0358 ndcg@10: 0.0460 ndcg@20: 0.0590 ] 
2026-06-13 23:39:17,341 - Epoch 138 Validation set [recall@5: 0.0419 recall@10: 0.0672 recall@20: 0.1064 ] [ndcg@5: 0.0359 ndcg@10: 0.0461 ndcg@20: 0.0590 ] 
2026-06-13 23:39:21,704 - Epoch 141 Validation set [recall@5: 0.0415 recall@10: 0.0681 recall@20: 0.1072 ] [ndcg@5: 0.0358 ndcg@10: 0.0464 ndcg@20: 0.0592 ] 
2026-06-13 23:39:26,105 - Epoch 144 Validation set [recall@5: 0.0417 recall@10: 0.0677 recall@20: 0.1059 ] [ndcg@5: 0.0357 ndcg@10: 0.0462 ndcg@20: 0.0587 ] 
2026-06-13 23:39:30,470 - Epoch 147 Validation set [recall@5: 0.0420 recall@10: 0.0671 recall@20: 0.1063 ] [ndcg@5: 0.0357 ndcg@10: 0.0459 ndcg@20: 0.0588 ] 
2026-06-13 23:39:31,259 - [recall@5: 0.0411 recall@10: 0.0670 recall@20: 0.1073 ] [ndcg@5: 0.0351 ndcg@10: 0.0456 ndcg@20: 0.0588 ] 
2026-06-13 23:39:31,960 - [recall@5: 0.0389 recall@10: 0.0639 recall@20: 0.1009 ] [ndcg@5: 0.0377 ndcg@10: 0.0484 ndcg@20: 0.0619 ] 
2026-06-13 23:39:31,961 - Best Epoch 132. Final test result: {'recall': array([0.03890052, 0.0638704 , 0.10091575]), 'ndcg': array([0.03765685, 0.04838944, 0.0619121 ])}.
