2025-10-02 10:46:38,694 - {'optimizer': {'name': 'adam', 'lr': 0.001, 'weight_decay': 0}, 'train': {'epoch': 3000, 'batch_size': 4096, 'save_model': False, 'loss': 'pairwise', 'test_step': 3, 'reproducible': True, 'seed': 2023, 'patience': 5}, 'test': {'metrics': ['recall', 'ndcg'], 'k': [5, 10, 20], 'batch_size': 1024}, 'data': {'type': 'general_agcf', 'name': 'yelp', 'mat_type': 'uai', 'prenorm': True, 'user_num': 11091, 'item_num': 11010, 'user_item_num': 22101, 'attr_num': 2607}, 'model': {'name': 'sgl_rgcn', 'label': 'keep_rate=1_patience=5_adam_reg_weight=1e-7_cl_weight=0.1_temp=0.2', 'keep_rate': 1.0, 'embedding_size': 64, 'augmentation': 'edge_drop', 'layer_num': 3, 'reg_weight': 1e-05, 'cl_weight': 0.1, 'temperature': 0.3, 'amazon': {'layer_num': 3, 'reg_weight': 1e-05, 'cl_weight': 0.1, 'temperature': 0.2}, 'yelp': {'keep_rate': 1.0, 'layer_num': 3, 'reg_weight': 1e-05, 'cl_weight': 0.1, 'temperature': 0.3}, 'steam': {'layer_num': 2, 'reg_weight': 1e-05, 'cl_weight': 0.1, 'temperature': 0.5}, 'Office': {'keep_rate': 0.9, 'layer_num': 3, 'reg_weight': 1e-05, 'cl_weight': 0.1, 'temperature': 0.2}}}
2025-10-02 10:46:47,062 - Epoch   0 Validation set [recall@5: 0.0006 recall@10: 0.0012 recall@20: 0.0024 ] [ndcg@5: 0.0007 ndcg@10: 0.0010 ndcg@20: 0.0014 ] 
2025-10-02 10:47:01,347 - Epoch   3 Validation set [recall@5: 0.0018 recall@10: 0.0027 recall@20: 0.0052 ] [ndcg@5: 0.0027 ndcg@10: 0.0029 ndcg@20: 0.0036 ] 
2025-10-02 10:47:14,717 - Epoch   6 Validation set [recall@5: 0.0076 recall@10: 0.0123 recall@20: 0.0196 ] [ndcg@5: 0.0098 ndcg@10: 0.0111 ndcg@20: 0.0134 ] 
2025-10-02 10:47:25,817 - Epoch   9 Validation set [recall@5: 0.0171 recall@10: 0.0285 recall@20: 0.0441 ] [ndcg@5: 0.0214 ndcg@10: 0.0248 ndcg@20: 0.0297 ] 
2025-10-02 10:47:36,867 - Epoch  12 Validation set [recall@5: 0.0282 recall@10: 0.0477 recall@20: 0.0746 ] [ndcg@5: 0.0348 ndcg@10: 0.0404 ndcg@20: 0.0492 ] 
2025-10-02 10:47:48,205 - Epoch  15 Validation set [recall@5: 0.0356 recall@10: 0.0589 recall@20: 0.0955 ] [ndcg@5: 0.0434 ndcg@10: 0.0499 ndcg@20: 0.0619 ] 
2025-10-02 10:47:59,166 - Epoch  18 Validation set [recall@5: 0.0419 recall@10: 0.0693 recall@20: 0.1121 ] [ndcg@5: 0.0489 ndcg@10: 0.0571 ndcg@20: 0.0713 ] 
2025-10-02 10:48:10,253 - Epoch  21 Validation set [recall@5: 0.0456 recall@10: 0.0756 recall@20: 0.1225 ] [ndcg@5: 0.0532 ndcg@10: 0.0622 ndcg@20: 0.0778 ] 
2025-10-02 10:48:21,273 - Epoch  24 Validation set [recall@5: 0.0472 recall@10: 0.0783 recall@20: 0.1281 ] [ndcg@5: 0.0553 ndcg@10: 0.0647 ndcg@20: 0.0812 ] 
2025-10-02 10:48:32,258 - Epoch  27 Validation set [recall@5: 0.0482 recall@10: 0.0805 recall@20: 0.1304 ] [ndcg@5: 0.0566 ndcg@10: 0.0665 ndcg@20: 0.0831 ] 
2025-10-02 10:48:43,242 - Epoch  30 Validation set [recall@5: 0.0490 recall@10: 0.0823 recall@20: 0.1316 ] [ndcg@5: 0.0571 ndcg@10: 0.0674 ndcg@20: 0.0837 ] 
2025-10-02 10:48:55,177 - Epoch  33 Validation set [recall@5: 0.0494 recall@10: 0.0827 recall@20: 0.1332 ] [ndcg@5: 0.0576 ndcg@10: 0.0678 ndcg@20: 0.0846 ] 
2025-10-02 10:49:09,328 - Epoch  36 Validation set [recall@5: 0.0499 recall@10: 0.0837 recall@20: 0.1340 ] [ndcg@5: 0.0577 ndcg@10: 0.0683 ndcg@20: 0.0852 ] 
2025-10-02 10:49:23,924 - Epoch  39 Validation set [recall@5: 0.0495 recall@10: 0.0835 recall@20: 0.1339 ] [ndcg@5: 0.0578 ndcg@10: 0.0684 ndcg@20: 0.0854 ] 
2025-10-02 10:49:37,986 - Epoch  42 Validation set [recall@5: 0.0505 recall@10: 0.0838 recall@20: 0.1345 ] [ndcg@5: 0.0584 ndcg@10: 0.0687 ndcg@20: 0.0856 ] 
2025-10-02 10:49:51,867 - Epoch  45 Validation set [recall@5: 0.0500 recall@10: 0.0838 recall@20: 0.1349 ] [ndcg@5: 0.0588 ndcg@10: 0.0691 ndcg@20: 0.0861 ] 
2025-10-02 10:50:05,775 - Epoch  48 Validation set [recall@5: 0.0501 recall@10: 0.0841 recall@20: 0.1353 ] [ndcg@5: 0.0586 ndcg@10: 0.0691 ndcg@20: 0.0861 ] 
2025-10-02 10:50:19,948 - Epoch  51 Validation set [recall@5: 0.0502 recall@10: 0.0837 recall@20: 0.1360 ] [ndcg@5: 0.0585 ndcg@10: 0.0689 ndcg@20: 0.0863 ] 
2025-10-02 10:50:33,813 - Epoch  54 Validation set [recall@5: 0.0502 recall@10: 0.0837 recall@20: 0.1350 ] [ndcg@5: 0.0587 ndcg@10: 0.0690 ndcg@20: 0.0861 ] 
2025-10-02 10:50:47,762 - Epoch  57 Validation set [recall@5: 0.0501 recall@10: 0.0836 recall@20: 0.1358 ] [ndcg@5: 0.0587 ndcg@10: 0.0690 ndcg@20: 0.0865 ] 
2025-10-02 10:51:01,906 - Epoch  60 Validation set [recall@5: 0.0503 recall@10: 0.0837 recall@20: 0.1355 ] [ndcg@5: 0.0588 ndcg@10: 0.0689 ndcg@20: 0.0864 ] 
2025-10-02 10:51:15,927 - Epoch  63 Validation set [recall@5: 0.0508 recall@10: 0.0835 recall@20: 0.1357 ] [ndcg@5: 0.0587 ndcg@10: 0.0688 ndcg@20: 0.0862 ] 
2025-10-02 10:51:29,845 - Epoch  66 Validation set [recall@5: 0.0507 recall@10: 0.0834 recall@20: 0.1354 ] [ndcg@5: 0.0585 ndcg@10: 0.0687 ndcg@20: 0.0860 ] 
2025-10-02 10:51:31,617 - [recall@5: 0.0502 recall@10: 0.0837 recall@20: 0.1360 ] [ndcg@5: 0.0585 ndcg@10: 0.0689 ndcg@20: 0.0863 ] 
2025-10-02 10:51:33,503 - [recall@5: 0.0506 recall@10: 0.0841 recall@20: 0.1368 ] [ndcg@5: 0.0585 ndcg@10: 0.0691 ndcg@20: 0.0871 ] 
2025-10-02 10:51:33,504 - Best Epoch 51. Final test result: {'recall': array([0.0505906 , 0.08405064, 0.1367879 ]), 'ndcg': array([0.05852737, 0.06906469, 0.08706337])}.
