2025-09-30 02:28:53,732 - {'optimizer': {'name': 'adam', 'lr': 0.001, 'weight_decay': 0}, 'train': {'epoch': 3000, 'batch_size': 4096, 'save_model': False, 'loss': 'pairwise', 'test_step': 3, 'reproducible': True, 'seed': 2023, 'patience': 5}, 'test': {'metrics': ['recall', 'ndcg'], 'k': [5, 10, 20], 'batch_size': 1024}, 'data': {'type': 'general_agcf', 'name': 'yelp', 'mat_type': 'uai', 'prenorm': True, 'user_num': 11091, 'item_num': 11010, 'user_item_num': 22101, 'attr_num': 2607}, 'model': {'name': 'sgl_rgcn', 'label': 'keep_rate=1_patience=5_adam_reg_weight=1e-7_cl_weight=0.1_temp=0.2', 'keep_rate': 1, 'embedding_size': 64, 'augmentation': 'edge_drop', 'layer_num': 3, 'reg_weight': 1e-06, 'cl_weight': 0.001, 'temperature': 0.1, 'amazon': {'layer_num': 3, 'reg_weight': 1e-05, 'cl_weight': 0.1, 'temperature': 0.2}, 'yelp': {'layer_num': 3, 'reg_weight': 1e-06, 'cl_weight': 0.001, 'temperature': 0.1}, 'steam': {'layer_num': 2, 'reg_weight': 1e-05, 'cl_weight': 0.1, 'temperature': 0.5}, 'Office': {'keep_rate': 0.9, 'layer_num': 3, 'reg_weight': 1e-06, 'cl_weight': 0.1, 'temperature': 0.1}}}
2025-09-30 02:28:59,589 - Epoch   0 Validation set [recall@5: 0.0185 recall@10: 0.0304 recall@20: 0.0495 ] [ndcg@5: 0.0237 ndcg@10: 0.0269 ndcg@20: 0.0332 ] 
2025-09-30 02:29:11,128 - Epoch   3 Validation set [recall@5: 0.0314 recall@10: 0.0512 recall@20: 0.0844 ] [ndcg@5: 0.0370 ndcg@10: 0.0430 ndcg@20: 0.0540 ] 
2025-09-30 02:29:22,951 - Epoch   6 Validation set [recall@5: 0.0325 recall@10: 0.0548 recall@20: 0.0891 ] [ndcg@5: 0.0385 ndcg@10: 0.0452 ndcg@20: 0.0566 ] 
2025-09-30 02:29:34,706 - Epoch   9 Validation set [recall@5: 0.0341 recall@10: 0.0572 recall@20: 0.0930 ] [ndcg@5: 0.0398 ndcg@10: 0.0469 ndcg@20: 0.0589 ] 
2025-09-30 02:29:46,533 - Epoch  12 Validation set [recall@5: 0.0349 recall@10: 0.0578 recall@20: 0.0966 ] [ndcg@5: 0.0406 ndcg@10: 0.0478 ndcg@20: 0.0608 ] 
2025-09-30 02:29:58,479 - Epoch  15 Validation set [recall@5: 0.0366 recall@10: 0.0604 recall@20: 0.1017 ] [ndcg@5: 0.0423 ndcg@10: 0.0496 ndcg@20: 0.0635 ] 
2025-09-30 02:30:10,346 - Epoch  18 Validation set [recall@5: 0.0376 recall@10: 0.0626 recall@20: 0.1044 ] [ndcg@5: 0.0438 ndcg@10: 0.0514 ndcg@20: 0.0655 ] 
2025-09-30 02:30:22,126 - Epoch  21 Validation set [recall@5: 0.0379 recall@10: 0.0656 recall@20: 0.1074 ] [ndcg@5: 0.0448 ndcg@10: 0.0534 ndcg@20: 0.0676 ] 
2025-09-30 02:30:33,971 - Epoch  24 Validation set [recall@5: 0.0395 recall@10: 0.0687 recall@20: 0.1108 ] [ndcg@5: 0.0468 ndcg@10: 0.0558 ndcg@20: 0.0699 ] 
2025-09-30 02:30:45,867 - Epoch  27 Validation set [recall@5: 0.0414 recall@10: 0.0689 recall@20: 0.1129 ] [ndcg@5: 0.0486 ndcg@10: 0.0568 ndcg@20: 0.0717 ] 
2025-09-30 02:30:57,527 - Epoch  30 Validation set [recall@5: 0.0415 recall@10: 0.0699 recall@20: 0.1153 ] [ndcg@5: 0.0492 ndcg@10: 0.0578 ndcg@20: 0.0731 ] 
2025-09-30 02:31:09,261 - Epoch  33 Validation set [recall@5: 0.0421 recall@10: 0.0729 recall@20: 0.1177 ] [ndcg@5: 0.0499 ndcg@10: 0.0593 ndcg@20: 0.0746 ] 
2025-09-30 02:31:21,180 - Epoch  36 Validation set [recall@5: 0.0433 recall@10: 0.0737 recall@20: 0.1197 ] [ndcg@5: 0.0511 ndcg@10: 0.0604 ndcg@20: 0.0759 ] 
2025-09-30 02:31:32,933 - Epoch  39 Validation set [recall@5: 0.0434 recall@10: 0.0743 recall@20: 0.1209 ] [ndcg@5: 0.0514 ndcg@10: 0.0611 ndcg@20: 0.0766 ] 
2025-09-30 02:31:44,791 - Epoch  42 Validation set [recall@5: 0.0451 recall@10: 0.0752 recall@20: 0.1211 ] [ndcg@5: 0.0526 ndcg@10: 0.0619 ndcg@20: 0.0772 ] 
2025-09-30 02:31:56,566 - Epoch  45 Validation set [recall@5: 0.0447 recall@10: 0.0764 recall@20: 0.1237 ] [ndcg@5: 0.0529 ndcg@10: 0.0626 ndcg@20: 0.0783 ] 
2025-09-30 02:32:08,280 - Epoch  48 Validation set [recall@5: 0.0457 recall@10: 0.0766 recall@20: 0.1235 ] [ndcg@5: 0.0537 ndcg@10: 0.0630 ndcg@20: 0.0787 ] 
2025-09-30 02:32:20,050 - Epoch  51 Validation set [recall@5: 0.0453 recall@10: 0.0778 recall@20: 0.1239 ] [ndcg@5: 0.0533 ndcg@10: 0.0635 ndcg@20: 0.0790 ] 
2025-09-30 02:32:31,732 - Epoch  54 Validation set [recall@5: 0.0463 recall@10: 0.0777 recall@20: 0.1245 ] [ndcg@5: 0.0548 ndcg@10: 0.0644 ndcg@20: 0.0801 ] 
2025-09-30 02:32:43,365 - Epoch  57 Validation set [recall@5: 0.0473 recall@10: 0.0788 recall@20: 0.1247 ] [ndcg@5: 0.0549 ndcg@10: 0.0646 ndcg@20: 0.0800 ] 
2025-09-30 02:32:55,045 - Epoch  60 Validation set [recall@5: 0.0459 recall@10: 0.0775 recall@20: 0.1257 ] [ndcg@5: 0.0540 ndcg@10: 0.0639 ndcg@20: 0.0802 ] 
2025-09-30 02:33:06,731 - Epoch  63 Validation set [recall@5: 0.0473 recall@10: 0.0782 recall@20: 0.1261 ] [ndcg@5: 0.0551 ndcg@10: 0.0649 ndcg@20: 0.0811 ] 
2025-09-30 02:33:18,426 - Epoch  66 Validation set [recall@5: 0.0473 recall@10: 0.0773 recall@20: 0.1271 ] [ndcg@5: 0.0548 ndcg@10: 0.0643 ndcg@20: 0.0811 ] 
2025-09-30 02:33:30,292 - Epoch  69 Validation set [recall@5: 0.0474 recall@10: 0.0790 recall@20: 0.1270 ] [ndcg@5: 0.0555 ndcg@10: 0.0652 ndcg@20: 0.0813 ] 
2025-09-30 02:33:42,140 - Epoch  72 Validation set [recall@5: 0.0471 recall@10: 0.0794 recall@20: 0.1271 ] [ndcg@5: 0.0555 ndcg@10: 0.0656 ndcg@20: 0.0815 ] 
2025-09-30 02:33:53,666 - Epoch  75 Validation set [recall@5: 0.0478 recall@10: 0.0808 recall@20: 0.1277 ] [ndcg@5: 0.0563 ndcg@10: 0.0667 ndcg@20: 0.0824 ] 
2025-09-30 02:34:05,456 - Epoch  78 Validation set [recall@5: 0.0474 recall@10: 0.0803 recall@20: 0.1285 ] [ndcg@5: 0.0561 ndcg@10: 0.0662 ndcg@20: 0.0824 ] 
2025-09-30 02:34:17,214 - Epoch  81 Validation set [recall@5: 0.0475 recall@10: 0.0809 recall@20: 0.1292 ] [ndcg@5: 0.0560 ndcg@10: 0.0664 ndcg@20: 0.0826 ] 
2025-09-30 02:34:28,782 - Epoch  84 Validation set [recall@5: 0.0477 recall@10: 0.0800 recall@20: 0.1307 ] [ndcg@5: 0.0562 ndcg@10: 0.0661 ndcg@20: 0.0830 ] 
2025-09-30 02:34:40,477 - Epoch  87 Validation set [recall@5: 0.0474 recall@10: 0.0797 recall@20: 0.1305 ] [ndcg@5: 0.0559 ndcg@10: 0.0659 ndcg@20: 0.0827 ] 
2025-09-30 02:34:52,249 - Epoch  90 Validation set [recall@5: 0.0469 recall@10: 0.0796 recall@20: 0.1303 ] [ndcg@5: 0.0556 ndcg@10: 0.0658 ndcg@20: 0.0827 ] 
2025-09-30 02:35:03,922 - Epoch  93 Validation set [recall@5: 0.0474 recall@10: 0.0796 recall@20: 0.1306 ] [ndcg@5: 0.0558 ndcg@10: 0.0662 ndcg@20: 0.0830 ] 
2025-09-30 02:35:15,585 - Epoch  96 Validation set [recall@5: 0.0474 recall@10: 0.0798 recall@20: 0.1293 ] [ndcg@5: 0.0560 ndcg@10: 0.0661 ndcg@20: 0.0827 ] 
2025-09-30 02:35:27,357 - Epoch  99 Validation set [recall@5: 0.0482 recall@10: 0.0812 recall@20: 0.1300 ] [ndcg@5: 0.0561 ndcg@10: 0.0663 ndcg@20: 0.0827 ] 
2025-09-30 02:35:29,200 - [recall@5: 0.0477 recall@10: 0.0800 recall@20: 0.1307 ] [ndcg@5: 0.0562 ndcg@10: 0.0661 ndcg@20: 0.0830 ] 
2025-09-30 02:35:31,031 - [recall@5: 0.0485 recall@10: 0.0794 recall@20: 0.1298 ] [ndcg@5: 0.0557 ndcg@10: 0.0653 ndcg@20: 0.0825 ] 
2025-09-30 02:35:31,032 - Best Epoch 84. Final test result: {'recall': array([0.04853321, 0.07940299, 0.12983336]), 'ndcg': array([0.05567308, 0.06525343, 0.08251182])}.
