2025-10-01 19:43:41,205 - Epoch   0 Validation set [recall@5: 0.0177 recall@10: 0.0294 recall@20: 0.0467 ] [ndcg@5: 0.0237 ndcg@10: 0.0268 ndcg@20: 0.0325 ] 
2025-10-01 19:43:53,906 - Epoch   3 Validation set [recall@5: 0.0311 recall@10: 0.0522 recall@20: 0.0858 ] [ndcg@5: 0.0370 ndcg@10: 0.0434 ndcg@20: 0.0546 ] 
2025-10-01 19:44:06,516 - Epoch   6 Validation set [recall@5: 0.0329 recall@10: 0.0564 recall@20: 0.0919 ] [ndcg@5: 0.0388 ndcg@10: 0.0462 ndcg@20: 0.0580 ] 
2025-10-01 19:44:18,946 - Epoch   9 Validation set [recall@5: 0.0342 recall@10: 0.0578 recall@20: 0.0952 ] [ndcg@5: 0.0402 ndcg@10: 0.0476 ndcg@20: 0.0601 ] 
2025-10-01 19:44:31,766 - Epoch  12 Validation set [recall@5: 0.0357 recall@10: 0.0592 recall@20: 0.0977 ] [ndcg@5: 0.0418 ndcg@10: 0.0491 ndcg@20: 0.0620 ] 
2025-10-01 19:44:44,571 - Epoch  15 Validation set [recall@5: 0.0368 recall@10: 0.0614 recall@20: 0.1005 ] [ndcg@5: 0.0431 ndcg@10: 0.0507 ndcg@20: 0.0637 ] 
2025-10-01 19:44:57,358 - Epoch  18 Validation set [recall@5: 0.0373 recall@10: 0.0623 recall@20: 0.1034 ] [ndcg@5: 0.0438 ndcg@10: 0.0516 ndcg@20: 0.0652 ] 
2025-10-01 19:45:10,170 - Epoch  21 Validation set [recall@5: 0.0385 recall@10: 0.0644 recall@20: 0.1043 ] [ndcg@5: 0.0451 ndcg@10: 0.0532 ndcg@20: 0.0665 ] 
2025-10-01 19:45:22,651 - Epoch  24 Validation set [recall@5: 0.0396 recall@10: 0.0650 recall@20: 0.1063 ] [ndcg@5: 0.0458 ndcg@10: 0.0535 ndcg@20: 0.0673 ] 
2025-10-01 19:45:34,980 - Epoch  27 Validation set [recall@5: 0.0401 recall@10: 0.0657 recall@20: 0.1076 ] [ndcg@5: 0.0464 ndcg@10: 0.0544 ndcg@20: 0.0684 ] 
2025-10-01 19:45:47,817 - Epoch  30 Validation set [recall@5: 0.0403 recall@10: 0.0665 recall@20: 0.1105 ] [ndcg@5: 0.0472 ndcg@10: 0.0552 ndcg@20: 0.0698 ] 
2025-10-01 19:46:00,705 - Epoch  33 Validation set [recall@5: 0.0409 recall@10: 0.0676 recall@20: 0.1119 ] [ndcg@5: 0.0480 ndcg@10: 0.0562 ndcg@20: 0.0710 ] 
2025-10-01 19:46:13,518 - Epoch  36 Validation set [recall@5: 0.0402 recall@10: 0.0694 recall@20: 0.1121 ] [ndcg@5: 0.0476 ndcg@10: 0.0568 ndcg@20: 0.0711 ] 
2025-10-01 19:46:26,348 - Epoch  39 Validation set [recall@5: 0.0413 recall@10: 0.0700 recall@20: 0.1123 ] [ndcg@5: 0.0484 ndcg@10: 0.0574 ndcg@20: 0.0716 ] 
2025-10-01 19:46:39,016 - Epoch  42 Validation set [recall@5: 0.0413 recall@10: 0.0706 recall@20: 0.1131 ] [ndcg@5: 0.0488 ndcg@10: 0.0581 ndcg@20: 0.0723 ] 
2025-10-01 19:46:51,918 - Epoch  45 Validation set [recall@5: 0.0418 recall@10: 0.0697 recall@20: 0.1136 ] [ndcg@5: 0.0490 ndcg@10: 0.0577 ndcg@20: 0.0724 ] 
2025-10-01 19:47:04,905 - Epoch  48 Validation set [recall@5: 0.0410 recall@10: 0.0703 recall@20: 0.1161 ] [ndcg@5: 0.0488 ndcg@10: 0.0580 ndcg@20: 0.0733 ] 
2025-10-01 19:47:17,956 - Epoch  51 Validation set [recall@5: 0.0412 recall@10: 0.0700 recall@20: 0.1159 ] [ndcg@5: 0.0490 ndcg@10: 0.0580 ndcg@20: 0.0734 ] 
2025-10-01 19:47:30,935 - Epoch  54 Validation set [recall@5: 0.0424 recall@10: 0.0708 recall@20: 0.1160 ] [ndcg@5: 0.0497 ndcg@10: 0.0584 ndcg@20: 0.0734 ] 
2025-10-01 19:47:43,711 - Epoch  57 Validation set [recall@5: 0.0417 recall@10: 0.0709 recall@20: 0.1169 ] [ndcg@5: 0.0494 ndcg@10: 0.0585 ndcg@20: 0.0738 ] 
2025-10-01 19:47:56,589 - Epoch  60 Validation set [recall@5: 0.0422 recall@10: 0.0719 recall@20: 0.1158 ] [ndcg@5: 0.0499 ndcg@10: 0.0591 ndcg@20: 0.0738 ] 
2025-10-01 19:48:09,554 - Epoch  63 Validation set [recall@5: 0.0424 recall@10: 0.0711 recall@20: 0.1177 ] [ndcg@5: 0.0500 ndcg@10: 0.0587 ndcg@20: 0.0744 ] 
2025-10-01 19:48:22,516 - Epoch  66 Validation set [recall@5: 0.0419 recall@10: 0.0715 recall@20: 0.1182 ] [ndcg@5: 0.0500 ndcg@10: 0.0591 ndcg@20: 0.0747 ] 
2025-10-01 19:48:35,400 - Epoch  69 Validation set [recall@5: 0.0424 recall@10: 0.0728 recall@20: 0.1181 ] [ndcg@5: 0.0502 ndcg@10: 0.0595 ndcg@20: 0.0747 ] 
2025-10-01 19:48:48,132 - Epoch  72 Validation set [recall@5: 0.0429 recall@10: 0.0735 recall@20: 0.1169 ] [ndcg@5: 0.0503 ndcg@10: 0.0598 ndcg@20: 0.0744 ] 
2025-10-01 19:49:01,054 - Epoch  75 Validation set [recall@5: 0.0438 recall@10: 0.0738 recall@20: 0.1175 ] [ndcg@5: 0.0513 ndcg@10: 0.0606 ndcg@20: 0.0753 ] 
2025-10-01 19:49:14,037 - Epoch  78 Validation set [recall@5: 0.0427 recall@10: 0.0725 recall@20: 0.1175 ] [ndcg@5: 0.0507 ndcg@10: 0.0599 ndcg@20: 0.0750 ] 
2025-10-01 19:49:26,871 - Epoch  81 Validation set [recall@5: 0.0429 recall@10: 0.0734 recall@20: 0.1191 ] [ndcg@5: 0.0509 ndcg@10: 0.0601 ndcg@20: 0.0755 ] 
2025-10-01 19:49:39,586 - Epoch  84 Validation set [recall@5: 0.0439 recall@10: 0.0734 recall@20: 0.1208 ] [ndcg@5: 0.0516 ndcg@10: 0.0605 ndcg@20: 0.0763 ] 
2025-10-01 19:49:52,129 - Epoch  87 Validation set [recall@5: 0.0433 recall@10: 0.0738 recall@20: 0.1192 ] [ndcg@5: 0.0511 ndcg@10: 0.0605 ndcg@20: 0.0757 ] 
2025-10-01 19:50:04,923 - Epoch  90 Validation set [recall@5: 0.0431 recall@10: 0.0746 recall@20: 0.1186 ] [ndcg@5: 0.0507 ndcg@10: 0.0609 ndcg@20: 0.0755 ] 
2025-10-01 19:50:17,815 - Epoch  93 Validation set [recall@5: 0.0435 recall@10: 0.0735 recall@20: 0.1195 ] [ndcg@5: 0.0508 ndcg@10: 0.0604 ndcg@20: 0.0758 ] 
2025-10-01 19:50:30,605 - Epoch  96 Validation set [recall@5: 0.0430 recall@10: 0.0740 recall@20: 0.1190 ] [ndcg@5: 0.0506 ndcg@10: 0.0604 ndcg@20: 0.0755 ] 
2025-10-01 19:50:43,317 - Epoch  99 Validation set [recall@5: 0.0436 recall@10: 0.0735 recall@20: 0.1192 ] [ndcg@5: 0.0514 ndcg@10: 0.0606 ndcg@20: 0.0760 ] 
2025-10-01 19:50:45,589 - [recall@5: 0.0417 recall@10: 0.0712 recall@20: 0.1177 ] [ndcg@5: 0.0490 ndcg@10: 0.0582 ndcg@20: 0.0739 ] 
2025-10-01 19:50:51,396 - Epoch   0 Validation set [recall@5: 0.0222 recall@10: 0.0375 recall@20: 0.0616 ] [ndcg@5: 0.0282 ndcg@10: 0.0327 ndcg@20: 0.0405 ] 
2025-10-01 19:51:04,124 - Epoch   3 Validation set [recall@5: 0.0301 recall@10: 0.0514 recall@20: 0.0838 ] [ndcg@5: 0.0360 ndcg@10: 0.0424 ndcg@20: 0.0533 ] 
2025-10-01 19:51:16,886 - Epoch   6 Validation set [recall@5: 0.0320 recall@10: 0.0536 recall@20: 0.0888 ] [ndcg@5: 0.0373 ndcg@10: 0.0442 ndcg@20: 0.0559 ] 
2025-10-01 19:51:29,630 - Epoch   9 Validation set [recall@5: 0.0330 recall@10: 0.0564 recall@20: 0.0915 ] [ndcg@5: 0.0382 ndcg@10: 0.0457 ndcg@20: 0.0574 ] 
2025-10-01 19:51:42,479 - Epoch  12 Validation set [recall@5: 0.0336 recall@10: 0.0566 recall@20: 0.0943 ] [ndcg@5: 0.0391 ndcg@10: 0.0465 ndcg@20: 0.0591 ] 
2025-10-01 19:51:55,065 - Epoch  15 Validation set [recall@5: 0.0350 recall@10: 0.0593 recall@20: 0.0960 ] [ndcg@5: 0.0405 ndcg@10: 0.0483 ndcg@20: 0.0606 ] 
2025-10-01 19:52:07,528 - Epoch  18 Validation set [recall@5: 0.0355 recall@10: 0.0595 recall@20: 0.0969 ] [ndcg@5: 0.0415 ndcg@10: 0.0490 ndcg@20: 0.0615 ] 
2025-10-01 19:52:20,226 - Epoch  21 Validation set [recall@5: 0.0360 recall@10: 0.0608 recall@20: 0.1003 ] [ndcg@5: 0.0420 ndcg@10: 0.0497 ndcg@20: 0.0629 ] 
2025-10-01 19:52:32,963 - Epoch  24 Validation set [recall@5: 0.0366 recall@10: 0.0626 recall@20: 0.1023 ] [ndcg@5: 0.0433 ndcg@10: 0.0513 ndcg@20: 0.0646 ] 
2025-10-01 19:52:45,809 - Epoch  27 Validation set [recall@5: 0.0371 recall@10: 0.0636 recall@20: 0.1028 ] [ndcg@5: 0.0433 ndcg@10: 0.0517 ndcg@20: 0.0649 ] 
2025-10-01 19:52:58,756 - Epoch  30 Validation set [recall@5: 0.0372 recall@10: 0.0642 recall@20: 0.1048 ] [ndcg@5: 0.0441 ndcg@10: 0.0528 ndcg@20: 0.0663 ] 
2025-10-01 19:53:11,582 - Epoch  33 Validation set [recall@5: 0.0377 recall@10: 0.0650 recall@20: 0.1073 ] [ndcg@5: 0.0447 ndcg@10: 0.0532 ndcg@20: 0.0674 ] 
2025-10-01 19:53:24,629 - Epoch  36 Validation set [recall@5: 0.0387 recall@10: 0.0653 recall@20: 0.1096 ] [ndcg@5: 0.0456 ndcg@10: 0.0538 ndcg@20: 0.0686 ] 
2025-10-01 19:53:37,350 - Epoch  39 Validation set [recall@5: 0.0390 recall@10: 0.0660 recall@20: 0.1092 ] [ndcg@5: 0.0467 ndcg@10: 0.0548 ndcg@20: 0.0692 ] 
2025-10-01 19:53:49,467 - Epoch  42 Validation set [recall@5: 0.0388 recall@10: 0.0660 recall@20: 0.1093 ] [ndcg@5: 0.0463 ndcg@10: 0.0546 ndcg@20: 0.0691 ] 
2025-10-01 19:54:01,853 - Epoch  45 Validation set [recall@5: 0.0390 recall@10: 0.0662 recall@20: 0.1101 ] [ndcg@5: 0.0463 ndcg@10: 0.0547 ndcg@20: 0.0692 ] 
2025-10-01 19:54:14,710 - Epoch  48 Validation set [recall@5: 0.0403 recall@10: 0.0672 recall@20: 0.1116 ] [ndcg@5: 0.0474 ndcg@10: 0.0556 ndcg@20: 0.0704 ] 
2025-10-01 19:54:27,451 - Epoch  51 Validation set [recall@5: 0.0402 recall@10: 0.0673 recall@20: 0.1114 ] [ndcg@5: 0.0476 ndcg@10: 0.0557 ndcg@20: 0.0703 ] 
2025-10-01 19:54:40,292 - Epoch  54 Validation set [recall@5: 0.0401 recall@10: 0.0680 recall@20: 0.1117 ] [ndcg@5: 0.0479 ndcg@10: 0.0563 ndcg@20: 0.0709 ] 
2025-10-01 19:54:53,047 - Epoch  57 Validation set [recall@5: 0.0414 recall@10: 0.0685 recall@20: 0.1129 ] [ndcg@5: 0.0484 ndcg@10: 0.0565 ndcg@20: 0.0713 ] 
2025-10-01 19:55:05,945 - Epoch  60 Validation set [recall@5: 0.0404 recall@10: 0.0690 recall@20: 0.1143 ] [ndcg@5: 0.0478 ndcg@10: 0.0566 ndcg@20: 0.0718 ] 
2025-10-01 19:55:18,573 - Epoch  63 Validation set [recall@5: 0.0407 recall@10: 0.0687 recall@20: 0.1134 ] [ndcg@5: 0.0481 ndcg@10: 0.0568 ndcg@20: 0.0717 ] 
2025-10-01 19:55:31,147 - Epoch  66 Validation set [recall@5: 0.0402 recall@10: 0.0699 recall@20: 0.1133 ] [ndcg@5: 0.0481 ndcg@10: 0.0574 ndcg@20: 0.0718 ] 
2025-10-01 19:55:43,894 - Epoch  69 Validation set [recall@5: 0.0400 recall@10: 0.0692 recall@20: 0.1142 ] [ndcg@5: 0.0481 ndcg@10: 0.0571 ndcg@20: 0.0721 ] 
2025-10-01 19:55:56,753 - Epoch  72 Validation set [recall@5: 0.0407 recall@10: 0.0692 recall@20: 0.1134 ] [ndcg@5: 0.0482 ndcg@10: 0.0570 ndcg@20: 0.0718 ] 
2025-10-01 19:56:09,433 - Epoch  75 Validation set [recall@5: 0.0409 recall@10: 0.0695 recall@20: 0.1136 ] [ndcg@5: 0.0489 ndcg@10: 0.0575 ndcg@20: 0.0725 ] 
2025-10-01 19:56:11,710 - [recall@5: 0.0396 recall@10: 0.0671 recall@20: 0.1089 ] [ndcg@5: 0.0462 ndcg@10: 0.0551 ndcg@20: 0.0693 ] 
2025-10-01 19:56:17,583 - Epoch   0 Validation set [recall@5: 0.0216 recall@10: 0.0365 recall@20: 0.0608 ] [ndcg@5: 0.0269 ndcg@10: 0.0311 ndcg@20: 0.0391 ] 
2025-10-01 19:56:30,257 - Epoch   3 Validation set [recall@5: 0.0298 recall@10: 0.0508 recall@20: 0.0819 ] [ndcg@5: 0.0356 ndcg@10: 0.0420 ndcg@20: 0.0524 ] 
2025-10-01 19:56:43,033 - Epoch   6 Validation set [recall@5: 0.0314 recall@10: 0.0531 recall@20: 0.0870 ] [ndcg@5: 0.0371 ndcg@10: 0.0439 ndcg@20: 0.0551 ] 
2025-10-01 19:56:55,886 - Epoch   9 Validation set [recall@5: 0.0324 recall@10: 0.0545 recall@20: 0.0898 ] [ndcg@5: 0.0376 ndcg@10: 0.0447 ndcg@20: 0.0564 ] 
2025-10-01 19:57:08,701 - Epoch  12 Validation set [recall@5: 0.0336 recall@10: 0.0561 recall@20: 0.0924 ] [ndcg@5: 0.0389 ndcg@10: 0.0459 ndcg@20: 0.0579 ] 
2025-10-01 19:57:21,376 - Epoch  15 Validation set [recall@5: 0.0339 recall@10: 0.0576 recall@20: 0.0946 ] [ndcg@5: 0.0397 ndcg@10: 0.0470 ndcg@20: 0.0594 ] 
2025-10-01 19:57:34,333 - Epoch  18 Validation set [recall@5: 0.0346 recall@10: 0.0589 recall@20: 0.0956 ] [ndcg@5: 0.0408 ndcg@10: 0.0483 ndcg@20: 0.0606 ] 
2025-10-01 19:57:47,259 - Epoch  21 Validation set [recall@5: 0.0352 recall@10: 0.0600 recall@20: 0.0966 ] [ndcg@5: 0.0410 ndcg@10: 0.0490 ndcg@20: 0.0612 ] 
2025-10-01 19:58:00,118 - Epoch  24 Validation set [recall@5: 0.0364 recall@10: 0.0614 recall@20: 0.0984 ] [ndcg@5: 0.0421 ndcg@10: 0.0500 ndcg@20: 0.0623 ] 
2025-10-01 19:58:12,792 - Epoch  27 Validation set [recall@5: 0.0369 recall@10: 0.0618 recall@20: 0.1004 ] [ndcg@5: 0.0428 ndcg@10: 0.0507 ndcg@20: 0.0636 ] 
2025-10-01 19:58:25,514 - Epoch  30 Validation set [recall@5: 0.0369 recall@10: 0.0624 recall@20: 0.1020 ] [ndcg@5: 0.0430 ndcg@10: 0.0511 ndcg@20: 0.0644 ] 
2025-10-01 19:58:38,307 - Epoch  33 Validation set [recall@5: 0.0371 recall@10: 0.0633 recall@20: 0.1047 ] [ndcg@5: 0.0440 ndcg@10: 0.0523 ndcg@20: 0.0662 ] 
2025-10-01 19:58:50,803 - Epoch  36 Validation set [recall@5: 0.0384 recall@10: 0.0640 recall@20: 0.1057 ] [ndcg@5: 0.0449 ndcg@10: 0.0528 ndcg@20: 0.0668 ] 
2025-10-01 19:59:03,637 - Epoch  39 Validation set [recall@5: 0.0385 recall@10: 0.0638 recall@20: 0.1068 ] [ndcg@5: 0.0458 ndcg@10: 0.0533 ndcg@20: 0.0677 ] 
2025-10-01 19:59:16,414 - Epoch  42 Validation set [recall@5: 0.0390 recall@10: 0.0649 recall@20: 0.1073 ] [ndcg@5: 0.0462 ndcg@10: 0.0540 ndcg@20: 0.0682 ] 
2025-10-01 19:59:29,220 - Epoch  45 Validation set [recall@5: 0.0397 recall@10: 0.0664 recall@20: 0.1086 ] [ndcg@5: 0.0470 ndcg@10: 0.0549 ndcg@20: 0.0691 ] 
2025-10-01 19:59:42,125 - Epoch  48 Validation set [recall@5: 0.0394 recall@10: 0.0673 recall@20: 0.1093 ] [ndcg@5: 0.0470 ndcg@10: 0.0556 ndcg@20: 0.0698 ] 
2025-10-01 19:59:54,949 - Epoch  51 Validation set [recall@5: 0.0399 recall@10: 0.0678 recall@20: 0.1103 ] [ndcg@5: 0.0474 ndcg@10: 0.0560 ndcg@20: 0.0704 ] 
2025-10-01 20:00:07,641 - Epoch  54 Validation set [recall@5: 0.0412 recall@10: 0.0683 recall@20: 0.1099 ] [ndcg@5: 0.0481 ndcg@10: 0.0561 ndcg@20: 0.0702 ] 
2025-10-01 20:00:20,276 - Epoch  57 Validation set [recall@5: 0.0415 recall@10: 0.0687 recall@20: 0.1113 ] [ndcg@5: 0.0482 ndcg@10: 0.0564 ndcg@20: 0.0708 ] 
2025-10-01 20:00:33,021 - Epoch  60 Validation set [recall@5: 0.0410 recall@10: 0.0683 recall@20: 0.1114 ] [ndcg@5: 0.0479 ndcg@10: 0.0563 ndcg@20: 0.0709 ] 
2025-10-01 20:00:45,908 - Epoch  63 Validation set [recall@5: 0.0413 recall@10: 0.0680 recall@20: 0.1128 ] [ndcg@5: 0.0483 ndcg@10: 0.0566 ndcg@20: 0.0716 ] 
2025-10-01 20:00:58,673 - Epoch  66 Validation set [recall@5: 0.0405 recall@10: 0.0684 recall@20: 0.1112 ] [ndcg@5: 0.0481 ndcg@10: 0.0569 ndcg@20: 0.0711 ] 
2025-10-01 20:01:11,495 - Epoch  69 Validation set [recall@5: 0.0408 recall@10: 0.0696 recall@20: 0.1124 ] [ndcg@5: 0.0485 ndcg@10: 0.0574 ndcg@20: 0.0719 ] 
2025-10-01 20:01:24,267 - Epoch  72 Validation set [recall@5: 0.0414 recall@10: 0.0702 recall@20: 0.1130 ] [ndcg@5: 0.0487 ndcg@10: 0.0576 ndcg@20: 0.0718 ] 
2025-10-01 20:01:37,140 - Epoch  75 Validation set [recall@5: 0.0414 recall@10: 0.0703 recall@20: 0.1144 ] [ndcg@5: 0.0490 ndcg@10: 0.0578 ndcg@20: 0.0726 ] 
2025-10-01 20:01:49,585 - Epoch  78 Validation set [recall@5: 0.0418 recall@10: 0.0700 recall@20: 0.1132 ] [ndcg@5: 0.0489 ndcg@10: 0.0576 ndcg@20: 0.0721 ] 
2025-10-01 20:02:02,306 - Epoch  81 Validation set [recall@5: 0.0408 recall@10: 0.0697 recall@20: 0.1147 ] [ndcg@5: 0.0488 ndcg@10: 0.0577 ndcg@20: 0.0728 ] 
2025-10-01 20:02:15,118 - Epoch  84 Validation set [recall@5: 0.0409 recall@10: 0.0698 recall@20: 0.1145 ] [ndcg@5: 0.0487 ndcg@10: 0.0577 ndcg@20: 0.0727 ] 
2025-10-01 20:02:27,299 - Epoch  87 Validation set [recall@5: 0.0416 recall@10: 0.0709 recall@20: 0.1149 ] [ndcg@5: 0.0494 ndcg@10: 0.0583 ndcg@20: 0.0731 ] 
2025-10-01 20:02:39,765 - Epoch  90 Validation set [recall@5: 0.0413 recall@10: 0.0703 recall@20: 0.1142 ] [ndcg@5: 0.0494 ndcg@10: 0.0584 ndcg@20: 0.0732 ] 
2025-10-01 20:02:52,626 - Epoch  93 Validation set [recall@5: 0.0420 recall@10: 0.0717 recall@20: 0.1146 ] [ndcg@5: 0.0501 ndcg@10: 0.0592 ndcg@20: 0.0735 ] 
2025-10-01 20:03:05,464 - Epoch  96 Validation set [recall@5: 0.0424 recall@10: 0.0713 recall@20: 0.1144 ] [ndcg@5: 0.0497 ndcg@10: 0.0586 ndcg@20: 0.0731 ] 
2025-10-01 20:03:18,213 - Epoch  99 Validation set [recall@5: 0.0414 recall@10: 0.0706 recall@20: 0.1152 ] [ndcg@5: 0.0494 ndcg@10: 0.0584 ndcg@20: 0.0735 ] 
2025-10-01 20:03:30,688 - Epoch 102 Validation set [recall@5: 0.0420 recall@10: 0.0713 recall@20: 0.1161 ] [ndcg@5: 0.0495 ndcg@10: 0.0586 ndcg@20: 0.0736 ] 
2025-10-01 20:03:43,409 - Epoch 105 Validation set [recall@5: 0.0414 recall@10: 0.0709 recall@20: 0.1169 ] [ndcg@5: 0.0496 ndcg@10: 0.0585 ndcg@20: 0.0741 ] 
2025-10-01 20:03:56,247 - Epoch 108 Validation set [recall@5: 0.0419 recall@10: 0.0709 recall@20: 0.1159 ] [ndcg@5: 0.0499 ndcg@10: 0.0586 ndcg@20: 0.0738 ] 
2025-10-01 20:04:08,908 - Epoch 111 Validation set [recall@5: 0.0416 recall@10: 0.0720 recall@20: 0.1168 ] [ndcg@5: 0.0496 ndcg@10: 0.0590 ndcg@20: 0.0740 ] 
2025-10-01 20:04:21,631 - Epoch 114 Validation set [recall@5: 0.0415 recall@10: 0.0717 recall@20: 0.1161 ] [ndcg@5: 0.0492 ndcg@10: 0.0588 ndcg@20: 0.0736 ] 
2025-10-01 20:04:34,229 - Epoch 117 Validation set [recall@5: 0.0415 recall@10: 0.0719 recall@20: 0.1166 ] [ndcg@5: 0.0496 ndcg@10: 0.0590 ndcg@20: 0.0741 ] 
2025-10-01 20:04:46,999 - Epoch 120 Validation set [recall@5: 0.0412 recall@10: 0.0709 recall@20: 0.1161 ] [ndcg@5: 0.0493 ndcg@10: 0.0584 ndcg@20: 0.0737 ] 
2025-10-01 20:04:49,232 - [recall@5: 0.0406 recall@10: 0.0680 recall@20: 0.1127 ] [ndcg@5: 0.0470 ndcg@10: 0.0558 ndcg@20: 0.0710 ] 
2025-10-01 20:04:54,884 - Epoch   0 Validation set [recall@5: 0.0221 recall@10: 0.0390 recall@20: 0.0630 ] [ndcg@5: 0.0282 ndcg@10: 0.0331 ndcg@20: 0.0410 ] 
2025-10-01 20:05:07,877 - Epoch   3 Validation set [recall@5: 0.0298 recall@10: 0.0476 recall@20: 0.0794 ] [ndcg@5: 0.0353 ndcg@10: 0.0404 ndcg@20: 0.0509 ] 
2025-10-01 20:05:20,650 - Epoch   6 Validation set [recall@5: 0.0315 recall@10: 0.0523 recall@20: 0.0860 ] [ndcg@5: 0.0372 ndcg@10: 0.0436 ndcg@20: 0.0548 ] 
2025-10-01 20:05:33,392 - Epoch   9 Validation set [recall@5: 0.0327 recall@10: 0.0537 recall@20: 0.0882 ] [ndcg@5: 0.0382 ndcg@10: 0.0446 ndcg@20: 0.0561 ] 
2025-10-01 20:05:46,247 - Epoch  12 Validation set [recall@5: 0.0335 recall@10: 0.0553 recall@20: 0.0915 ] [ndcg@5: 0.0390 ndcg@10: 0.0457 ndcg@20: 0.0578 ] 
2025-10-01 20:05:58,932 - Epoch  15 Validation set [recall@5: 0.0343 recall@10: 0.0565 recall@20: 0.0933 ] [ndcg@5: 0.0398 ndcg@10: 0.0464 ndcg@20: 0.0586 ] 
2025-10-01 20:06:11,924 - Epoch  18 Validation set [recall@5: 0.0346 recall@10: 0.0572 recall@20: 0.0947 ] [ndcg@5: 0.0403 ndcg@10: 0.0472 ndcg@20: 0.0597 ] 
2025-10-01 20:06:24,754 - Epoch  21 Validation set [recall@5: 0.0347 recall@10: 0.0585 recall@20: 0.0960 ] [ndcg@5: 0.0409 ndcg@10: 0.0482 ndcg@20: 0.0608 ] 
2025-10-01 20:06:37,549 - Epoch  24 Validation set [recall@5: 0.0359 recall@10: 0.0594 recall@20: 0.0981 ] [ndcg@5: 0.0423 ndcg@10: 0.0494 ndcg@20: 0.0625 ] 
2025-10-01 20:06:49,532 - Epoch  27 Validation set [recall@5: 0.0358 recall@10: 0.0598 recall@20: 0.0990 ] [ndcg@5: 0.0424 ndcg@10: 0.0497 ndcg@20: 0.0630 ] 
2025-10-01 20:07:01,254 - Epoch  30 Validation set [recall@5: 0.0365 recall@10: 0.0610 recall@20: 0.1009 ] [ndcg@5: 0.0429 ndcg@10: 0.0506 ndcg@20: 0.0640 ] 
2025-10-01 20:07:13,029 - Epoch  33 Validation set [recall@5: 0.0372 recall@10: 0.0619 recall@20: 0.1035 ] [ndcg@5: 0.0434 ndcg@10: 0.0511 ndcg@20: 0.0652 ] 
2025-10-01 20:07:25,320 - Epoch  36 Validation set [recall@5: 0.0375 recall@10: 0.0633 recall@20: 0.1037 ] [ndcg@5: 0.0442 ndcg@10: 0.0523 ndcg@20: 0.0659 ] 
2025-10-01 20:07:38,109 - Epoch  39 Validation set [recall@5: 0.0371 recall@10: 0.0640 recall@20: 0.1064 ] [ndcg@5: 0.0440 ndcg@10: 0.0526 ndcg@20: 0.0669 ] 
2025-10-01 20:07:51,130 - Epoch  42 Validation set [recall@5: 0.0379 recall@10: 0.0649 recall@20: 0.1067 ] [ndcg@5: 0.0449 ndcg@10: 0.0533 ndcg@20: 0.0673 ] 
2025-10-01 20:08:03,535 - Epoch  45 Validation set [recall@5: 0.0378 recall@10: 0.0654 recall@20: 0.1082 ] [ndcg@5: 0.0451 ndcg@10: 0.0537 ndcg@20: 0.0681 ] 
2025-10-01 20:08:15,280 - Epoch  48 Validation set [recall@5: 0.0382 recall@10: 0.0666 recall@20: 0.1075 ] [ndcg@5: 0.0453 ndcg@10: 0.0543 ndcg@20: 0.0681 ] 
2025-10-01 20:08:27,153 - Epoch  51 Validation set [recall@5: 0.0391 recall@10: 0.0677 recall@20: 0.1095 ] [ndcg@5: 0.0466 ndcg@10: 0.0557 ndcg@20: 0.0697 ] 
2025-10-01 20:08:38,838 - Epoch  54 Validation set [recall@5: 0.0404 recall@10: 0.0680 recall@20: 0.1092 ] [ndcg@5: 0.0471 ndcg@10: 0.0558 ndcg@20: 0.0697 ] 
2025-10-01 20:08:50,557 - Epoch  57 Validation set [recall@5: 0.0409 recall@10: 0.0675 recall@20: 0.1096 ] [ndcg@5: 0.0475 ndcg@10: 0.0557 ndcg@20: 0.0699 ] 
2025-10-01 20:09:02,430 - Epoch  60 Validation set [recall@5: 0.0406 recall@10: 0.0677 recall@20: 0.1119 ] [ndcg@5: 0.0477 ndcg@10: 0.0559 ndcg@20: 0.0708 ] 
2025-10-01 20:09:15,085 - Epoch  63 Validation set [recall@5: 0.0404 recall@10: 0.0684 recall@20: 0.1117 ] [ndcg@5: 0.0479 ndcg@10: 0.0564 ndcg@20: 0.0710 ] 
2025-10-01 20:09:27,875 - Epoch  66 Validation set [recall@5: 0.0408 recall@10: 0.0688 recall@20: 0.1132 ] [ndcg@5: 0.0483 ndcg@10: 0.0568 ndcg@20: 0.0717 ] 
2025-10-01 20:09:40,745 - Epoch  69 Validation set [recall@5: 0.0410 recall@10: 0.0690 recall@20: 0.1130 ] [ndcg@5: 0.0483 ndcg@10: 0.0569 ndcg@20: 0.0719 ] 
2025-10-01 20:09:53,456 - Epoch  72 Validation set [recall@5: 0.0415 recall@10: 0.0702 recall@20: 0.1135 ] [ndcg@5: 0.0486 ndcg@10: 0.0574 ndcg@20: 0.0721 ] 
2025-10-01 20:10:06,221 - Epoch  75 Validation set [recall@5: 0.0417 recall@10: 0.0684 recall@20: 0.1131 ] [ndcg@5: 0.0486 ndcg@10: 0.0568 ndcg@20: 0.0718 ] 
2025-10-01 20:10:18,948 - Epoch  78 Validation set [recall@5: 0.0408 recall@10: 0.0701 recall@20: 0.1133 ] [ndcg@5: 0.0486 ndcg@10: 0.0573 ndcg@20: 0.0719 ] 
2025-10-01 20:10:31,940 - Epoch  81 Validation set [recall@5: 0.0413 recall@10: 0.0692 recall@20: 0.1135 ] [ndcg@5: 0.0485 ndcg@10: 0.0571 ndcg@20: 0.0720 ] 
2025-10-01 20:10:44,648 - Epoch  84 Validation set [recall@5: 0.0413 recall@10: 0.0691 recall@20: 0.1134 ] [ndcg@5: 0.0481 ndcg@10: 0.0568 ndcg@20: 0.0716 ] 
2025-10-01 20:10:57,390 - Epoch  87 Validation set [recall@5: 0.0413 recall@10: 0.0686 recall@20: 0.1142 ] [ndcg@5: 0.0479 ndcg@10: 0.0564 ndcg@20: 0.0719 ] 
2025-10-01 20:11:10,244 - Epoch  90 Validation set [recall@5: 0.0414 recall@10: 0.0698 recall@20: 0.1136 ] [ndcg@5: 0.0485 ndcg@10: 0.0572 ndcg@20: 0.0720 ] 
2025-10-01 20:11:22,279 - Epoch  93 Validation set [recall@5: 0.0410 recall@10: 0.0708 recall@20: 0.1144 ] [ndcg@5: 0.0480 ndcg@10: 0.0575 ndcg@20: 0.0723 ] 
2025-10-01 20:11:34,965 - Epoch  96 Validation set [recall@5: 0.0421 recall@10: 0.0703 recall@20: 0.1144 ] [ndcg@5: 0.0486 ndcg@10: 0.0575 ndcg@20: 0.0723 ] 
2025-10-01 20:11:47,690 - Epoch  99 Validation set [recall@5: 0.0420 recall@10: 0.0706 recall@20: 0.1150 ] [ndcg@5: 0.0489 ndcg@10: 0.0580 ndcg@20: 0.0728 ] 
2025-10-01 20:11:59,206 - Epoch 102 Validation set [recall@5: 0.0412 recall@10: 0.0703 recall@20: 0.1152 ] [ndcg@5: 0.0482 ndcg@10: 0.0577 ndcg@20: 0.0728 ] 
2025-10-01 20:12:10,988 - Epoch 105 Validation set [recall@5: 0.0406 recall@10: 0.0696 recall@20: 0.1151 ] [ndcg@5: 0.0482 ndcg@10: 0.0575 ndcg@20: 0.0728 ] 
2025-10-01 20:12:22,580 - Epoch 108 Validation set [recall@5: 0.0410 recall@10: 0.0711 recall@20: 0.1159 ] [ndcg@5: 0.0483 ndcg@10: 0.0581 ndcg@20: 0.0732 ] 
2025-10-01 20:12:34,303 - Epoch 111 Validation set [recall@5: 0.0415 recall@10: 0.0716 recall@20: 0.1157 ] [ndcg@5: 0.0489 ndcg@10: 0.0586 ndcg@20: 0.0735 ] 
2025-10-01 20:12:46,052 - Epoch 114 Validation set [recall@5: 0.0418 recall@10: 0.0721 recall@20: 0.1154 ] [ndcg@5: 0.0492 ndcg@10: 0.0588 ndcg@20: 0.0735 ] 
2025-10-01 20:12:58,519 - Epoch 117 Validation set [recall@5: 0.0420 recall@10: 0.0729 recall@20: 0.1157 ] [ndcg@5: 0.0494 ndcg@10: 0.0591 ndcg@20: 0.0736 ] 
2025-10-01 20:13:11,302 - Epoch 120 Validation set [recall@5: 0.0412 recall@10: 0.0715 recall@20: 0.1154 ] [ndcg@5: 0.0485 ndcg@10: 0.0582 ndcg@20: 0.0730 ] 
2025-10-01 20:13:24,133 - Epoch 123 Validation set [recall@5: 0.0413 recall@10: 0.0704 recall@20: 0.1154 ] [ndcg@5: 0.0486 ndcg@10: 0.0578 ndcg@20: 0.0730 ] 
2025-10-01 20:13:26,469 - [recall@5: 0.0397 recall@10: 0.0689 recall@20: 0.1129 ] [ndcg@5: 0.0464 ndcg@10: 0.0559 ndcg@20: 0.0707 ] 
2025-10-01 20:13:32,325 - Epoch   0 Validation set [recall@5: 0.0165 recall@10: 0.0266 recall@20: 0.0460 ] [ndcg@5: 0.0216 ndcg@10: 0.0241 ndcg@20: 0.0304 ] 
2025-10-01 20:13:45,171 - Epoch   3 Validation set [recall@5: 0.0322 recall@10: 0.0523 recall@20: 0.0866 ] [ndcg@5: 0.0378 ndcg@10: 0.0436 ndcg@20: 0.0551 ] 
2025-10-01 20:13:56,948 - Epoch   6 Validation set [recall@5: 0.0326 recall@10: 0.0551 recall@20: 0.0900 ] [ndcg@5: 0.0383 ndcg@10: 0.0452 ndcg@20: 0.0569 ] 
2025-10-01 20:14:08,786 - Epoch   9 Validation set [recall@5: 0.0343 recall@10: 0.0577 recall@20: 0.0945 ] [ndcg@5: 0.0399 ndcg@10: 0.0472 ndcg@20: 0.0595 ] 
2025-10-01 20:14:20,608 - Epoch  12 Validation set [recall@5: 0.0354 recall@10: 0.0592 recall@20: 0.0992 ] [ndcg@5: 0.0413 ndcg@10: 0.0488 ndcg@20: 0.0622 ] 
2025-10-01 20:14:33,437 - Epoch  15 Validation set [recall@5: 0.0368 recall@10: 0.0607 recall@20: 0.1028 ] [ndcg@5: 0.0427 ndcg@10: 0.0504 ndcg@20: 0.0644 ] 
2025-10-01 20:14:46,451 - Epoch  18 Validation set [recall@5: 0.0375 recall@10: 0.0633 recall@20: 0.1056 ] [ndcg@5: 0.0437 ndcg@10: 0.0520 ndcg@20: 0.0662 ] 
2025-10-01 20:14:59,121 - Epoch  21 Validation set [recall@5: 0.0382 recall@10: 0.0656 recall@20: 0.1102 ] [ndcg@5: 0.0450 ndcg@10: 0.0537 ndcg@20: 0.0687 ] 
2025-10-01 20:15:11,444 - Epoch  24 Validation set [recall@5: 0.0393 recall@10: 0.0668 recall@20: 0.1114 ] [ndcg@5: 0.0466 ndcg@10: 0.0553 ndcg@20: 0.0701 ] 
2025-10-01 20:15:23,882 - Epoch  27 Validation set [recall@5: 0.0410 recall@10: 0.0695 recall@20: 0.1126 ] [ndcg@5: 0.0480 ndcg@10: 0.0570 ndcg@20: 0.0715 ] 
2025-10-01 20:15:36,518 - Epoch  30 Validation set [recall@5: 0.0419 recall@10: 0.0704 recall@20: 0.1152 ] [ndcg@5: 0.0493 ndcg@10: 0.0582 ndcg@20: 0.0732 ] 
2025-10-01 20:15:49,203 - Epoch  33 Validation set [recall@5: 0.0436 recall@10: 0.0719 recall@20: 0.1182 ] [ndcg@5: 0.0508 ndcg@10: 0.0596 ndcg@20: 0.0752 ] 
2025-10-01 20:16:01,001 - Epoch  36 Validation set [recall@5: 0.0440 recall@10: 0.0731 recall@20: 0.1183 ] [ndcg@5: 0.0514 ndcg@10: 0.0605 ndcg@20: 0.0758 ] 
2025-10-01 20:16:12,869 - Epoch  39 Validation set [recall@5: 0.0440 recall@10: 0.0739 recall@20: 0.1214 ] [ndcg@5: 0.0511 ndcg@10: 0.0607 ndcg@20: 0.0767 ] 
2025-10-01 20:16:24,451 - Epoch  42 Validation set [recall@5: 0.0449 recall@10: 0.0742 recall@20: 0.1214 ] [ndcg@5: 0.0523 ndcg@10: 0.0615 ndcg@20: 0.0772 ] 
2025-10-01 20:16:36,045 - Epoch  45 Validation set [recall@5: 0.0465 recall@10: 0.0746 recall@20: 0.1215 ] [ndcg@5: 0.0535 ndcg@10: 0.0620 ndcg@20: 0.0776 ] 
2025-10-01 20:16:47,692 - Epoch  48 Validation set [recall@5: 0.0464 recall@10: 0.0759 recall@20: 0.1238 ] [ndcg@5: 0.0536 ndcg@10: 0.0628 ndcg@20: 0.0787 ] 
2025-10-01 20:16:59,497 - Epoch  51 Validation set [recall@5: 0.0470 recall@10: 0.0761 recall@20: 0.1239 ] [ndcg@5: 0.0547 ndcg@10: 0.0635 ndcg@20: 0.0795 ] 
2025-10-01 20:17:11,118 - Epoch  54 Validation set [recall@5: 0.0466 recall@10: 0.0775 recall@20: 0.1232 ] [ndcg@5: 0.0542 ndcg@10: 0.0638 ndcg@20: 0.0791 ] 
2025-10-01 20:17:22,314 - Epoch  57 Validation set [recall@5: 0.0466 recall@10: 0.0778 recall@20: 0.1247 ] [ndcg@5: 0.0547 ndcg@10: 0.0646 ndcg@20: 0.0802 ] 
2025-10-01 20:17:33,541 - Epoch  60 Validation set [recall@5: 0.0473 recall@10: 0.0787 recall@20: 0.1238 ] [ndcg@5: 0.0554 ndcg@10: 0.0651 ndcg@20: 0.0802 ] 
2025-10-01 20:17:45,045 - Epoch  63 Validation set [recall@5: 0.0469 recall@10: 0.0787 recall@20: 0.1264 ] [ndcg@5: 0.0545 ndcg@10: 0.0645 ndcg@20: 0.0807 ] 
2025-10-01 20:17:56,436 - Epoch  66 Validation set [recall@5: 0.0468 recall@10: 0.0792 recall@20: 0.1270 ] [ndcg@5: 0.0545 ndcg@10: 0.0649 ndcg@20: 0.0811 ] 
2025-10-01 20:18:08,055 - Epoch  69 Validation set [recall@5: 0.0470 recall@10: 0.0798 recall@20: 0.1274 ] [ndcg@5: 0.0550 ndcg@10: 0.0653 ndcg@20: 0.0815 ] 
2025-10-01 20:18:20,631 - Epoch  72 Validation set [recall@5: 0.0478 recall@10: 0.0804 recall@20: 0.1278 ] [ndcg@5: 0.0558 ndcg@10: 0.0661 ndcg@20: 0.0820 ] 
2025-10-01 20:18:33,472 - Epoch  75 Validation set [recall@5: 0.0485 recall@10: 0.0814 recall@20: 0.1270 ] [ndcg@5: 0.0567 ndcg@10: 0.0667 ndcg@20: 0.0823 ] 
2025-10-01 20:18:46,159 - Epoch  78 Validation set [recall@5: 0.0485 recall@10: 0.0811 recall@20: 0.1285 ] [ndcg@5: 0.0564 ndcg@10: 0.0669 ndcg@20: 0.0828 ] 
2025-10-01 20:18:59,044 - Epoch  81 Validation set [recall@5: 0.0487 recall@10: 0.0814 recall@20: 0.1309 ] [ndcg@5: 0.0561 ndcg@10: 0.0666 ndcg@20: 0.0833 ] 
2025-10-01 20:19:11,878 - Epoch  84 Validation set [recall@5: 0.0497 recall@10: 0.0810 recall@20: 0.1306 ] [ndcg@5: 0.0574 ndcg@10: 0.0672 ndcg@20: 0.0839 ] 
2025-10-01 20:19:24,667 - Epoch  87 Validation set [recall@5: 0.0498 recall@10: 0.0822 recall@20: 0.1313 ] [ndcg@5: 0.0575 ndcg@10: 0.0677 ndcg@20: 0.0843 ] 
2025-10-01 20:19:37,354 - Epoch  90 Validation set [recall@5: 0.0492 recall@10: 0.0823 recall@20: 0.1321 ] [ndcg@5: 0.0575 ndcg@10: 0.0676 ndcg@20: 0.0843 ] 
2025-10-01 20:19:49,230 - Epoch  93 Validation set [recall@5: 0.0492 recall@10: 0.0825 recall@20: 0.1327 ] [ndcg@5: 0.0573 ndcg@10: 0.0677 ndcg@20: 0.0845 ] 
2025-10-01 20:20:01,538 - Epoch  96 Validation set [recall@5: 0.0491 recall@10: 0.0825 recall@20: 0.1324 ] [ndcg@5: 0.0576 ndcg@10: 0.0681 ndcg@20: 0.0849 ] 
2025-10-01 20:20:13,618 - Epoch  99 Validation set [recall@5: 0.0494 recall@10: 0.0828 recall@20: 0.1329 ] [ndcg@5: 0.0577 ndcg@10: 0.0680 ndcg@20: 0.0851 ] 
2025-10-01 20:20:25,133 - Epoch 102 Validation set [recall@5: 0.0501 recall@10: 0.0827 recall@20: 0.1323 ] [ndcg@5: 0.0581 ndcg@10: 0.0683 ndcg@20: 0.0851 ] 
2025-10-01 20:20:37,546 - Epoch 105 Validation set [recall@5: 0.0499 recall@10: 0.0829 recall@20: 0.1328 ] [ndcg@5: 0.0579 ndcg@10: 0.0682 ndcg@20: 0.0851 ] 
2025-10-01 20:20:49,140 - Epoch 108 Validation set [recall@5: 0.0501 recall@10: 0.0819 recall@20: 0.1321 ] [ndcg@5: 0.0581 ndcg@10: 0.0678 ndcg@20: 0.0848 ] 
2025-10-01 20:21:00,423 - Epoch 111 Validation set [recall@5: 0.0498 recall@10: 0.0826 recall@20: 0.1339 ] [ndcg@5: 0.0575 ndcg@10: 0.0679 ndcg@20: 0.0853 ] 
2025-10-01 20:21:11,820 - Epoch 114 Validation set [recall@5: 0.0501 recall@10: 0.0835 recall@20: 0.1326 ] [ndcg@5: 0.0583 ndcg@10: 0.0686 ndcg@20: 0.0853 ] 
2025-10-01 20:21:23,179 - Epoch 117 Validation set [recall@5: 0.0509 recall@10: 0.0830 recall@20: 0.1341 ] [ndcg@5: 0.0589 ndcg@10: 0.0686 ndcg@20: 0.0860 ] 
2025-10-01 20:21:34,746 - Epoch 120 Validation set [recall@5: 0.0499 recall@10: 0.0822 recall@20: 0.1337 ] [ndcg@5: 0.0588 ndcg@10: 0.0686 ndcg@20: 0.0861 ] 
2025-10-01 20:21:46,780 - Epoch 123 Validation set [recall@5: 0.0501 recall@10: 0.0844 recall@20: 0.1334 ] [ndcg@5: 0.0587 ndcg@10: 0.0689 ndcg@20: 0.0856 ] 
2025-10-01 20:21:58,169 - Epoch 126 Validation set [recall@5: 0.0502 recall@10: 0.0844 recall@20: 0.1331 ] [ndcg@5: 0.0584 ndcg@10: 0.0690 ndcg@20: 0.0854 ] 
2025-10-01 20:22:11,004 - Epoch 129 Validation set [recall@5: 0.0508 recall@10: 0.0844 recall@20: 0.1338 ] [ndcg@5: 0.0590 ndcg@10: 0.0692 ndcg@20: 0.0861 ] 
2025-10-01 20:22:23,887 - Epoch 132 Validation set [recall@5: 0.0495 recall@10: 0.0826 recall@20: 0.1346 ] [ndcg@5: 0.0580 ndcg@10: 0.0681 ndcg@20: 0.0857 ] 
2025-10-01 20:22:36,572 - Epoch 135 Validation set [recall@5: 0.0497 recall@10: 0.0828 recall@20: 0.1344 ] [ndcg@5: 0.0576 ndcg@10: 0.0677 ndcg@20: 0.0852 ] 
2025-10-01 20:22:49,201 - Epoch 138 Validation set [recall@5: 0.0499 recall@10: 0.0833 recall@20: 0.1345 ] [ndcg@5: 0.0582 ndcg@10: 0.0684 ndcg@20: 0.0858 ] 
2025-10-01 20:23:01,607 - Epoch 141 Validation set [recall@5: 0.0494 recall@10: 0.0838 recall@20: 0.1340 ] [ndcg@5: 0.0582 ndcg@10: 0.0688 ndcg@20: 0.0857 ] 
2025-10-01 20:23:14,359 - Epoch 144 Validation set [recall@5: 0.0501 recall@10: 0.0825 recall@20: 0.1341 ] [ndcg@5: 0.0583 ndcg@10: 0.0681 ndcg@20: 0.0856 ] 
2025-10-01 20:23:27,442 - Epoch 147 Validation set [recall@5: 0.0511 recall@10: 0.0835 recall@20: 0.1340 ] [ndcg@5: 0.0589 ndcg@10: 0.0686 ndcg@20: 0.0857 ] 
2025-10-01 20:23:29,624 - [recall@5: 0.0489 recall@10: 0.0850 recall@20: 0.1379 ] [ndcg@5: 0.0565 ndcg@10: 0.0683 ndcg@20: 0.0862 ] 
2025-10-01 20:23:35,401 - Epoch   0 Validation set [recall@5: 0.0215 recall@10: 0.0367 recall@20: 0.0586 ] [ndcg@5: 0.0272 ndcg@10: 0.0314 ndcg@20: 0.0384 ] 
2025-10-01 20:23:47,444 - Epoch   3 Validation set [recall@5: 0.0304 recall@10: 0.0510 recall@20: 0.0846 ] [ndcg@5: 0.0366 ndcg@10: 0.0428 ndcg@20: 0.0539 ] 
2025-10-01 20:23:59,564 - Epoch   6 Validation set [recall@5: 0.0316 recall@10: 0.0535 recall@20: 0.0886 ] [ndcg@5: 0.0375 ndcg@10: 0.0443 ndcg@20: 0.0560 ] 
2025-10-01 20:24:11,866 - Epoch   9 Validation set [recall@5: 0.0324 recall@10: 0.0550 recall@20: 0.0912 ] [ndcg@5: 0.0382 ndcg@10: 0.0453 ndcg@20: 0.0573 ] 
2025-10-01 20:24:24,291 - Epoch  12 Validation set [recall@5: 0.0330 recall@10: 0.0573 recall@20: 0.0942 ] [ndcg@5: 0.0390 ndcg@10: 0.0467 ndcg@20: 0.0590 ] 
2025-10-01 20:24:36,819 - Epoch  15 Validation set [recall@5: 0.0345 recall@10: 0.0582 recall@20: 0.0957 ] [ndcg@5: 0.0405 ndcg@10: 0.0480 ndcg@20: 0.0607 ] 
2025-10-01 20:24:49,552 - Epoch  18 Validation set [recall@5: 0.0358 recall@10: 0.0595 recall@20: 0.0993 ] [ndcg@5: 0.0422 ndcg@10: 0.0497 ndcg@20: 0.0630 ] 
2025-10-01 20:25:02,402 - Epoch  21 Validation set [recall@5: 0.0366 recall@10: 0.0605 recall@20: 0.1013 ] [ndcg@5: 0.0433 ndcg@10: 0.0504 ndcg@20: 0.0640 ] 
2025-10-01 20:25:15,163 - Epoch  24 Validation set [recall@5: 0.0377 recall@10: 0.0615 recall@20: 0.1043 ] [ndcg@5: 0.0443 ndcg@10: 0.0514 ndcg@20: 0.0658 ] 
2025-10-01 20:25:28,194 - Epoch  27 Validation set [recall@5: 0.0383 recall@10: 0.0645 recall@20: 0.1082 ] [ndcg@5: 0.0453 ndcg@10: 0.0534 ndcg@20: 0.0679 ] 
2025-10-01 20:25:41,185 - Epoch  30 Validation set [recall@5: 0.0392 recall@10: 0.0668 recall@20: 0.1103 ] [ndcg@5: 0.0468 ndcg@10: 0.0551 ndcg@20: 0.0697 ] 
2025-10-01 20:25:54,114 - Epoch  33 Validation set [recall@5: 0.0395 recall@10: 0.0679 recall@20: 0.1111 ] [ndcg@5: 0.0473 ndcg@10: 0.0562 ndcg@20: 0.0706 ] 
2025-10-01 20:26:07,036 - Epoch  36 Validation set [recall@5: 0.0405 recall@10: 0.0697 recall@20: 0.1124 ] [ndcg@5: 0.0483 ndcg@10: 0.0574 ndcg@20: 0.0718 ] 
2025-10-01 20:26:20,021 - Epoch  39 Validation set [recall@5: 0.0423 recall@10: 0.0710 recall@20: 0.1146 ] [ndcg@5: 0.0499 ndcg@10: 0.0588 ndcg@20: 0.0734 ] 
2025-10-01 20:26:32,852 - Epoch  42 Validation set [recall@5: 0.0425 recall@10: 0.0706 recall@20: 0.1160 ] [ndcg@5: 0.0509 ndcg@10: 0.0593 ndcg@20: 0.0746 ] 
2025-10-01 20:26:45,718 - Epoch  45 Validation set [recall@5: 0.0431 recall@10: 0.0728 recall@20: 0.1169 ] [ndcg@5: 0.0518 ndcg@10: 0.0608 ndcg@20: 0.0756 ] 
2025-10-01 20:26:58,746 - Epoch  48 Validation set [recall@5: 0.0439 recall@10: 0.0738 recall@20: 0.1196 ] [ndcg@5: 0.0521 ndcg@10: 0.0614 ndcg@20: 0.0768 ] 
2025-10-01 20:27:11,161 - Epoch  51 Validation set [recall@5: 0.0437 recall@10: 0.0739 recall@20: 0.1187 ] [ndcg@5: 0.0522 ndcg@10: 0.0615 ndcg@20: 0.0767 ] 
2025-10-01 20:27:22,950 - Epoch  54 Validation set [recall@5: 0.0445 recall@10: 0.0738 recall@20: 0.1201 ] [ndcg@5: 0.0531 ndcg@10: 0.0617 ndcg@20: 0.0773 ] 
2025-10-01 20:27:34,864 - Epoch  57 Validation set [recall@5: 0.0448 recall@10: 0.0742 recall@20: 0.1193 ] [ndcg@5: 0.0534 ndcg@10: 0.0621 ndcg@20: 0.0772 ] 
2025-10-01 20:27:46,663 - Epoch  60 Validation set [recall@5: 0.0452 recall@10: 0.0742 recall@20: 0.1213 ] [ndcg@5: 0.0540 ndcg@10: 0.0625 ndcg@20: 0.0784 ] 
2025-10-01 20:27:58,625 - Epoch  63 Validation set [recall@5: 0.0457 recall@10: 0.0748 recall@20: 0.1219 ] [ndcg@5: 0.0547 ndcg@10: 0.0632 ndcg@20: 0.0790 ] 
2025-10-01 20:28:11,577 - Epoch  66 Validation set [recall@5: 0.0463 recall@10: 0.0755 recall@20: 0.1235 ] [ndcg@5: 0.0547 ndcg@10: 0.0634 ndcg@20: 0.0795 ] 
2025-10-01 20:28:24,478 - Epoch  69 Validation set [recall@5: 0.0470 recall@10: 0.0767 recall@20: 0.1248 ] [ndcg@5: 0.0552 ndcg@10: 0.0640 ndcg@20: 0.0801 ] 
2025-10-01 20:28:37,345 - Epoch  72 Validation set [recall@5: 0.0466 recall@10: 0.0772 recall@20: 0.1232 ] [ndcg@5: 0.0550 ndcg@10: 0.0643 ndcg@20: 0.0797 ] 
2025-10-01 20:28:49,888 - Epoch  75 Validation set [recall@5: 0.0469 recall@10: 0.0774 recall@20: 0.1252 ] [ndcg@5: 0.0558 ndcg@10: 0.0648 ndcg@20: 0.0809 ] 
2025-10-01 20:29:01,659 - Epoch  78 Validation set [recall@5: 0.0471 recall@10: 0.0779 recall@20: 0.1257 ] [ndcg@5: 0.0562 ndcg@10: 0.0653 ndcg@20: 0.0813 ] 
2025-10-01 20:29:14,610 - Epoch  81 Validation set [recall@5: 0.0466 recall@10: 0.0781 recall@20: 0.1270 ] [ndcg@5: 0.0556 ndcg@10: 0.0650 ndcg@20: 0.0813 ] 
2025-10-01 20:29:27,793 - Epoch  84 Validation set [recall@5: 0.0466 recall@10: 0.0774 recall@20: 0.1262 ] [ndcg@5: 0.0556 ndcg@10: 0.0648 ndcg@20: 0.0810 ] 
2025-10-01 20:29:40,659 - Epoch  87 Validation set [recall@5: 0.0469 recall@10: 0.0784 recall@20: 0.1274 ] [ndcg@5: 0.0554 ndcg@10: 0.0649 ndcg@20: 0.0813 ] 
2025-10-01 20:29:53,460 - Epoch  90 Validation set [recall@5: 0.0465 recall@10: 0.0788 recall@20: 0.1277 ] [ndcg@5: 0.0550 ndcg@10: 0.0649 ndcg@20: 0.0812 ] 
2025-10-01 20:30:06,382 - Epoch  93 Validation set [recall@5: 0.0469 recall@10: 0.0783 recall@20: 0.1275 ] [ndcg@5: 0.0554 ndcg@10: 0.0651 ndcg@20: 0.0816 ] 
2025-10-01 20:30:19,115 - Epoch  96 Validation set [recall@5: 0.0471 recall@10: 0.0793 recall@20: 0.1270 ] [ndcg@5: 0.0563 ndcg@10: 0.0659 ndcg@20: 0.0819 ] 
2025-10-01 20:30:31,872 - Epoch  99 Validation set [recall@5: 0.0475 recall@10: 0.0791 recall@20: 0.1282 ] [ndcg@5: 0.0568 ndcg@10: 0.0661 ndcg@20: 0.0826 ] 
2025-10-01 20:30:44,319 - Epoch 102 Validation set [recall@5: 0.0473 recall@10: 0.0791 recall@20: 0.1288 ] [ndcg@5: 0.0566 ndcg@10: 0.0662 ndcg@20: 0.0828 ] 
2025-10-01 20:30:56,325 - Epoch 105 Validation set [recall@5: 0.0480 recall@10: 0.0798 recall@20: 0.1286 ] [ndcg@5: 0.0569 ndcg@10: 0.0666 ndcg@20: 0.0828 ] 
2025-10-01 20:31:09,111 - Epoch 108 Validation set [recall@5: 0.0479 recall@10: 0.0798 recall@20: 0.1286 ] [ndcg@5: 0.0570 ndcg@10: 0.0666 ndcg@20: 0.0829 ] 
2025-10-01 20:31:21,849 - Epoch 111 Validation set [recall@5: 0.0477 recall@10: 0.0808 recall@20: 0.1298 ] [ndcg@5: 0.0572 ndcg@10: 0.0674 ndcg@20: 0.0838 ] 
2025-10-01 20:31:34,411 - Epoch 114 Validation set [recall@5: 0.0480 recall@10: 0.0821 recall@20: 0.1307 ] [ndcg@5: 0.0575 ndcg@10: 0.0678 ndcg@20: 0.0841 ] 
2025-10-01 20:31:47,120 - Epoch 117 Validation set [recall@5: 0.0480 recall@10: 0.0816 recall@20: 0.1299 ] [ndcg@5: 0.0573 ndcg@10: 0.0674 ndcg@20: 0.0836 ] 
2025-10-01 20:31:59,905 - Epoch 120 Validation set [recall@5: 0.0485 recall@10: 0.0816 recall@20: 0.1297 ] [ndcg@5: 0.0573 ndcg@10: 0.0673 ndcg@20: 0.0831 ] 
2025-10-01 20:32:12,443 - Epoch 123 Validation set [recall@5: 0.0484 recall@10: 0.0813 recall@20: 0.1299 ] [ndcg@5: 0.0574 ndcg@10: 0.0674 ndcg@20: 0.0835 ] 
2025-10-01 20:32:25,146 - Epoch 126 Validation set [recall@5: 0.0487 recall@10: 0.0819 recall@20: 0.1301 ] [ndcg@5: 0.0572 ndcg@10: 0.0674 ndcg@20: 0.0834 ] 
2025-10-01 20:32:37,796 - Epoch 129 Validation set [recall@5: 0.0486 recall@10: 0.0813 recall@20: 0.1303 ] [ndcg@5: 0.0575 ndcg@10: 0.0675 ndcg@20: 0.0839 ] 
2025-10-01 20:32:39,531 - [recall@5: 0.0475 recall@10: 0.0791 recall@20: 0.1306 ] [ndcg@5: 0.0547 ndcg@10: 0.0647 ndcg@20: 0.0822 ] 
2025-10-01 20:32:44,583 - Epoch   0 Validation set [recall@5: 0.0223 recall@10: 0.0370 recall@20: 0.0592 ] [ndcg@5: 0.0279 ndcg@10: 0.0319 ndcg@20: 0.0390 ] 
2025-10-01 20:32:57,191 - Epoch   3 Validation set [recall@5: 0.0290 recall@10: 0.0499 recall@20: 0.0823 ] [ndcg@5: 0.0352 ndcg@10: 0.0415 ndcg@20: 0.0524 ] 
2025-10-01 20:33:09,761 - Epoch   6 Validation set [recall@5: 0.0309 recall@10: 0.0528 recall@20: 0.0869 ] [ndcg@5: 0.0367 ndcg@10: 0.0435 ndcg@20: 0.0548 ] 
2025-10-01 20:33:21,419 - Epoch   9 Validation set [recall@5: 0.0320 recall@10: 0.0537 recall@20: 0.0898 ] [ndcg@5: 0.0378 ndcg@10: 0.0444 ndcg@20: 0.0566 ] 
2025-10-01 20:33:34,118 - Epoch  12 Validation set [recall@5: 0.0331 recall@10: 0.0562 recall@20: 0.0921 ] [ndcg@5: 0.0387 ndcg@10: 0.0459 ndcg@20: 0.0579 ] 
2025-10-01 20:33:45,941 - Epoch  15 Validation set [recall@5: 0.0333 recall@10: 0.0576 recall@20: 0.0948 ] [ndcg@5: 0.0396 ndcg@10: 0.0472 ndcg@20: 0.0596 ] 
2025-10-01 20:33:58,494 - Epoch  18 Validation set [recall@5: 0.0346 recall@10: 0.0590 recall@20: 0.0960 ] [ndcg@5: 0.0410 ndcg@10: 0.0487 ndcg@20: 0.0610 ] 
2025-10-01 20:34:11,247 - Epoch  21 Validation set [recall@5: 0.0357 recall@10: 0.0597 recall@20: 0.0987 ] [ndcg@5: 0.0423 ndcg@10: 0.0496 ndcg@20: 0.0626 ] 
2025-10-01 20:34:23,794 - Epoch  24 Validation set [recall@5: 0.0370 recall@10: 0.0623 recall@20: 0.1019 ] [ndcg@5: 0.0434 ndcg@10: 0.0511 ndcg@20: 0.0645 ] 
2025-10-01 20:34:36,531 - Epoch  27 Validation set [recall@5: 0.0382 recall@10: 0.0642 recall@20: 0.1040 ] [ndcg@5: 0.0438 ndcg@10: 0.0521 ndcg@20: 0.0654 ] 
2025-10-01 20:34:49,335 - Epoch  30 Validation set [recall@5: 0.0391 recall@10: 0.0652 recall@20: 0.1060 ] [ndcg@5: 0.0452 ndcg@10: 0.0532 ndcg@20: 0.0668 ] 
2025-10-01 20:35:01,489 - Epoch  33 Validation set [recall@5: 0.0398 recall@10: 0.0668 recall@20: 0.1079 ] [ndcg@5: 0.0464 ndcg@10: 0.0546 ndcg@20: 0.0686 ] 
2025-10-01 20:35:14,426 - Epoch  36 Validation set [recall@5: 0.0398 recall@10: 0.0692 recall@20: 0.1102 ] [ndcg@5: 0.0470 ndcg@10: 0.0562 ndcg@20: 0.0702 ] 
2025-10-01 20:35:27,345 - Epoch  39 Validation set [recall@5: 0.0407 recall@10: 0.0697 recall@20: 0.1125 ] [ndcg@5: 0.0481 ndcg@10: 0.0573 ndcg@20: 0.0714 ] 
2025-10-01 20:35:40,110 - Epoch  42 Validation set [recall@5: 0.0412 recall@10: 0.0706 recall@20: 0.1140 ] [ndcg@5: 0.0489 ndcg@10: 0.0581 ndcg@20: 0.0726 ] 
2025-10-01 20:35:52,762 - Epoch  45 Validation set [recall@5: 0.0417 recall@10: 0.0706 recall@20: 0.1157 ] [ndcg@5: 0.0495 ndcg@10: 0.0585 ndcg@20: 0.0736 ] 
2025-10-01 20:36:05,544 - Epoch  48 Validation set [recall@5: 0.0430 recall@10: 0.0730 recall@20: 0.1161 ] [ndcg@5: 0.0507 ndcg@10: 0.0599 ndcg@20: 0.0744 ] 
2025-10-01 20:36:18,234 - Epoch  51 Validation set [recall@5: 0.0430 recall@10: 0.0734 recall@20: 0.1179 ] [ndcg@5: 0.0515 ndcg@10: 0.0609 ndcg@20: 0.0758 ] 
2025-10-01 20:36:31,207 - Epoch  54 Validation set [recall@5: 0.0432 recall@10: 0.0740 recall@20: 0.1201 ] [ndcg@5: 0.0515 ndcg@10: 0.0610 ndcg@20: 0.0765 ] 
2025-10-01 20:36:44,227 - Epoch  57 Validation set [recall@5: 0.0444 recall@10: 0.0734 recall@20: 0.1191 ] [ndcg@5: 0.0523 ndcg@10: 0.0611 ndcg@20: 0.0764 ] 
2025-10-01 20:36:57,018 - Epoch  60 Validation set [recall@5: 0.0442 recall@10: 0.0748 recall@20: 0.1205 ] [ndcg@5: 0.0529 ndcg@10: 0.0622 ndcg@20: 0.0775 ] 
2025-10-01 20:37:09,851 - Epoch  63 Validation set [recall@5: 0.0444 recall@10: 0.0745 recall@20: 0.1210 ] [ndcg@5: 0.0529 ndcg@10: 0.0621 ndcg@20: 0.0776 ] 
2025-10-01 20:37:22,793 - Epoch  66 Validation set [recall@5: 0.0443 recall@10: 0.0734 recall@20: 0.1216 ] [ndcg@5: 0.0529 ndcg@10: 0.0618 ndcg@20: 0.0778 ] 
2025-10-01 20:37:35,593 - Epoch  69 Validation set [recall@5: 0.0444 recall@10: 0.0745 recall@20: 0.1218 ] [ndcg@5: 0.0532 ndcg@10: 0.0624 ndcg@20: 0.0782 ] 
2025-10-01 20:37:48,262 - Epoch  72 Validation set [recall@5: 0.0455 recall@10: 0.0752 recall@20: 0.1223 ] [ndcg@5: 0.0543 ndcg@10: 0.0633 ndcg@20: 0.0789 ] 
2025-10-01 20:38:00,986 - Epoch  75 Validation set [recall@5: 0.0451 recall@10: 0.0761 recall@20: 0.1252 ] [ndcg@5: 0.0540 ndcg@10: 0.0633 ndcg@20: 0.0798 ] 
2025-10-01 20:38:12,750 - Epoch  78 Validation set [recall@5: 0.0460 recall@10: 0.0765 recall@20: 0.1253 ] [ndcg@5: 0.0549 ndcg@10: 0.0639 ndcg@20: 0.0803 ] 
2025-10-01 20:38:25,566 - Epoch  81 Validation set [recall@5: 0.0453 recall@10: 0.0777 recall@20: 0.1265 ] [ndcg@5: 0.0539 ndcg@10: 0.0643 ndcg@20: 0.0806 ] 
2025-10-01 20:38:38,339 - Epoch  84 Validation set [recall@5: 0.0469 recall@10: 0.0769 recall@20: 0.1276 ] [ndcg@5: 0.0551 ndcg@10: 0.0643 ndcg@20: 0.0812 ] 
2025-10-01 20:38:50,502 - Epoch  87 Validation set [recall@5: 0.0470 recall@10: 0.0776 recall@20: 0.1263 ] [ndcg@5: 0.0553 ndcg@10: 0.0645 ndcg@20: 0.0808 ] 
2025-10-01 20:39:03,311 - Epoch  90 Validation set [recall@5: 0.0469 recall@10: 0.0779 recall@20: 0.1272 ] [ndcg@5: 0.0558 ndcg@10: 0.0651 ndcg@20: 0.0815 ] 
2025-10-01 20:39:16,123 - Epoch  93 Validation set [recall@5: 0.0471 recall@10: 0.0790 recall@20: 0.1289 ] [ndcg@5: 0.0555 ndcg@10: 0.0653 ndcg@20: 0.0818 ] 
2025-10-01 20:39:28,839 - Epoch  96 Validation set [recall@5: 0.0469 recall@10: 0.0791 recall@20: 0.1280 ] [ndcg@5: 0.0553 ndcg@10: 0.0652 ndcg@20: 0.0816 ] 
2025-10-01 20:39:41,548 - Epoch  99 Validation set [recall@5: 0.0469 recall@10: 0.0801 recall@20: 0.1279 ] [ndcg@5: 0.0552 ndcg@10: 0.0655 ndcg@20: 0.0817 ] 
2025-10-01 20:39:54,377 - Epoch 102 Validation set [recall@5: 0.0473 recall@10: 0.0808 recall@20: 0.1275 ] [ndcg@5: 0.0556 ndcg@10: 0.0659 ndcg@20: 0.0817 ] 
2025-10-01 20:40:06,964 - Epoch 105 Validation set [recall@5: 0.0469 recall@10: 0.0803 recall@20: 0.1301 ] [ndcg@5: 0.0554 ndcg@10: 0.0659 ndcg@20: 0.0827 ] 
2025-10-01 20:40:19,723 - Epoch 108 Validation set [recall@5: 0.0477 recall@10: 0.0799 recall@20: 0.1288 ] [ndcg@5: 0.0560 ndcg@10: 0.0657 ndcg@20: 0.0821 ] 
2025-10-01 20:40:32,524 - Epoch 111 Validation set [recall@5: 0.0472 recall@10: 0.0806 recall@20: 0.1289 ] [ndcg@5: 0.0560 ndcg@10: 0.0663 ndcg@20: 0.0823 ] 
2025-10-01 20:40:45,163 - Epoch 114 Validation set [recall@5: 0.0488 recall@10: 0.0803 recall@20: 0.1293 ] [ndcg@5: 0.0568 ndcg@10: 0.0663 ndcg@20: 0.0827 ] 
2025-10-01 20:40:57,971 - Epoch 117 Validation set [recall@5: 0.0485 recall@10: 0.0812 recall@20: 0.1302 ] [ndcg@5: 0.0570 ndcg@10: 0.0667 ndcg@20: 0.0832 ] 
2025-10-01 20:41:10,847 - Epoch 120 Validation set [recall@5: 0.0492 recall@10: 0.0804 recall@20: 0.1306 ] [ndcg@5: 0.0572 ndcg@10: 0.0667 ndcg@20: 0.0835 ] 
2025-10-01 20:41:23,472 - Epoch 123 Validation set [recall@5: 0.0488 recall@10: 0.0812 recall@20: 0.1310 ] [ndcg@5: 0.0574 ndcg@10: 0.0671 ndcg@20: 0.0838 ] 
2025-10-01 20:41:36,247 - Epoch 126 Validation set [recall@5: 0.0486 recall@10: 0.0811 recall@20: 0.1315 ] [ndcg@5: 0.0570 ndcg@10: 0.0671 ndcg@20: 0.0837 ] 
2025-10-01 20:41:49,111 - Epoch 129 Validation set [recall@5: 0.0486 recall@10: 0.0822 recall@20: 0.1322 ] [ndcg@5: 0.0575 ndcg@10: 0.0676 ndcg@20: 0.0841 ] 
2025-10-01 20:42:01,672 - Epoch 132 Validation set [recall@5: 0.0481 recall@10: 0.0823 recall@20: 0.1326 ] [ndcg@5: 0.0572 ndcg@10: 0.0677 ndcg@20: 0.0844 ] 
2025-10-01 20:42:13,853 - Epoch 135 Validation set [recall@5: 0.0484 recall@10: 0.0830 recall@20: 0.1325 ] [ndcg@5: 0.0573 ndcg@10: 0.0678 ndcg@20: 0.0845 ] 
2025-10-01 20:42:26,081 - Epoch 138 Validation set [recall@5: 0.0485 recall@10: 0.0814 recall@20: 0.1300 ] [ndcg@5: 0.0573 ndcg@10: 0.0672 ndcg@20: 0.0835 ] 
2025-10-01 20:42:38,822 - Epoch 141 Validation set [recall@5: 0.0491 recall@10: 0.0808 recall@20: 0.1320 ] [ndcg@5: 0.0581 ndcg@10: 0.0673 ndcg@20: 0.0841 ] 
2025-10-01 20:42:50,728 - Epoch 144 Validation set [recall@5: 0.0490 recall@10: 0.0791 recall@20: 0.1316 ] [ndcg@5: 0.0577 ndcg@10: 0.0665 ndcg@20: 0.0839 ] 
2025-10-01 20:43:02,281 - Epoch 147 Validation set [recall@5: 0.0493 recall@10: 0.0799 recall@20: 0.1312 ] [ndcg@5: 0.0574 ndcg@10: 0.0665 ndcg@20: 0.0836 ] 
2025-10-01 20:43:04,024 - [recall@5: 0.0487 recall@10: 0.0813 recall@20: 0.1311 ] [ndcg@5: 0.0557 ndcg@10: 0.0659 ndcg@20: 0.0831 ] 
2025-10-01 20:43:09,125 - Epoch   0 Validation set [recall@5: 0.0205 recall@10: 0.0338 recall@20: 0.0536 ] [ndcg@5: 0.0261 ndcg@10: 0.0297 ndcg@20: 0.0361 ] 
2025-10-01 20:43:21,481 - Epoch   3 Validation set [recall@5: 0.0300 recall@10: 0.0507 recall@20: 0.0822 ] [ndcg@5: 0.0355 ndcg@10: 0.0419 ndcg@20: 0.0524 ] 
2025-10-01 20:43:34,215 - Epoch   6 Validation set [recall@5: 0.0313 recall@10: 0.0534 recall@20: 0.0876 ] [ndcg@5: 0.0369 ndcg@10: 0.0441 ndcg@20: 0.0554 ] 
2025-10-01 20:43:46,918 - Epoch   9 Validation set [recall@5: 0.0329 recall@10: 0.0555 recall@20: 0.0892 ] [ndcg@5: 0.0381 ndcg@10: 0.0451 ndcg@20: 0.0563 ] 
2025-10-01 20:43:59,240 - Epoch  12 Validation set [recall@5: 0.0334 recall@10: 0.0564 recall@20: 0.0927 ] [ndcg@5: 0.0387 ndcg@10: 0.0459 ndcg@20: 0.0580 ] 
2025-10-01 20:44:11,652 - Epoch  15 Validation set [recall@5: 0.0342 recall@10: 0.0577 recall@20: 0.0942 ] [ndcg@5: 0.0396 ndcg@10: 0.0470 ndcg@20: 0.0592 ] 
2025-10-01 20:44:24,363 - Epoch  18 Validation set [recall@5: 0.0355 recall@10: 0.0595 recall@20: 0.0977 ] [ndcg@5: 0.0411 ndcg@10: 0.0486 ndcg@20: 0.0613 ] 
2025-10-01 20:44:37,107 - Epoch  21 Validation set [recall@5: 0.0355 recall@10: 0.0614 recall@20: 0.0998 ] [ndcg@5: 0.0414 ndcg@10: 0.0497 ndcg@20: 0.0627 ] 
2025-10-01 20:44:49,846 - Epoch  24 Validation set [recall@5: 0.0364 recall@10: 0.0621 recall@20: 0.1022 ] [ndcg@5: 0.0423 ndcg@10: 0.0504 ndcg@20: 0.0640 ] 
2025-10-01 20:45:02,429 - Epoch  27 Validation set [recall@5: 0.0377 recall@10: 0.0635 recall@20: 0.1051 ] [ndcg@5: 0.0442 ndcg@10: 0.0524 ndcg@20: 0.0663 ] 
2025-10-01 20:45:15,053 - Epoch  30 Validation set [recall@5: 0.0389 recall@10: 0.0663 recall@20: 0.1069 ] [ndcg@5: 0.0456 ndcg@10: 0.0543 ndcg@20: 0.0678 ] 
2025-10-01 20:45:27,764 - Epoch  33 Validation set [recall@5: 0.0396 recall@10: 0.0669 recall@20: 0.1089 ] [ndcg@5: 0.0467 ndcg@10: 0.0552 ndcg@20: 0.0693 ] 
2025-10-01 20:45:40,773 - Epoch  36 Validation set [recall@5: 0.0411 recall@10: 0.0681 recall@20: 0.1111 ] [ndcg@5: 0.0478 ndcg@10: 0.0562 ndcg@20: 0.0707 ] 
2025-10-01 20:45:53,499 - Epoch  39 Validation set [recall@5: 0.0409 recall@10: 0.0687 recall@20: 0.1136 ] [ndcg@5: 0.0484 ndcg@10: 0.0570 ndcg@20: 0.0722 ] 
2025-10-01 20:46:06,349 - Epoch  42 Validation set [recall@5: 0.0418 recall@10: 0.0690 recall@20: 0.1141 ] [ndcg@5: 0.0493 ndcg@10: 0.0577 ndcg@20: 0.0730 ] 
2025-10-01 20:46:19,096 - Epoch  45 Validation set [recall@5: 0.0418 recall@10: 0.0708 recall@20: 0.1159 ] [ndcg@5: 0.0497 ndcg@10: 0.0587 ndcg@20: 0.0739 ] 
2025-10-01 20:46:32,021 - Epoch  48 Validation set [recall@5: 0.0428 recall@10: 0.0717 recall@20: 0.1168 ] [ndcg@5: 0.0501 ndcg@10: 0.0592 ndcg@20: 0.0745 ] 
2025-10-01 20:46:44,851 - Epoch  51 Validation set [recall@5: 0.0431 recall@10: 0.0728 recall@20: 0.1172 ] [ndcg@5: 0.0508 ndcg@10: 0.0601 ndcg@20: 0.0750 ] 
2025-10-01 20:46:57,681 - Epoch  54 Validation set [recall@5: 0.0439 recall@10: 0.0733 recall@20: 0.1181 ] [ndcg@5: 0.0517 ndcg@10: 0.0608 ndcg@20: 0.0758 ] 
2025-10-01 20:47:10,402 - Epoch  57 Validation set [recall@5: 0.0435 recall@10: 0.0735 recall@20: 0.1201 ] [ndcg@5: 0.0514 ndcg@10: 0.0610 ndcg@20: 0.0767 ] 
2025-10-01 20:47:23,287 - Epoch  60 Validation set [recall@5: 0.0445 recall@10: 0.0744 recall@20: 0.1211 ] [ndcg@5: 0.0524 ndcg@10: 0.0619 ndcg@20: 0.0776 ] 
2025-10-01 20:47:36,013 - Epoch  63 Validation set [recall@5: 0.0450 recall@10: 0.0736 recall@20: 0.1214 ] [ndcg@5: 0.0534 ndcg@10: 0.0623 ndcg@20: 0.0783 ] 
2025-10-01 20:47:48,810 - Epoch  66 Validation set [recall@5: 0.0452 recall@10: 0.0750 recall@20: 0.1231 ] [ndcg@5: 0.0537 ndcg@10: 0.0629 ndcg@20: 0.0790 ] 
2025-10-01 20:48:00,701 - Epoch  69 Validation set [recall@5: 0.0454 recall@10: 0.0752 recall@20: 0.1242 ] [ndcg@5: 0.0538 ndcg@10: 0.0629 ndcg@20: 0.0795 ] 
2025-10-01 20:48:13,440 - Epoch  72 Validation set [recall@5: 0.0451 recall@10: 0.0748 recall@20: 0.1246 ] [ndcg@5: 0.0530 ndcg@10: 0.0623 ndcg@20: 0.0789 ] 
2025-10-01 20:48:25,274 - Epoch  75 Validation set [recall@5: 0.0457 recall@10: 0.0746 recall@20: 0.1232 ] [ndcg@5: 0.0535 ndcg@10: 0.0625 ndcg@20: 0.0788 ] 
2025-10-01 20:48:38,019 - Epoch  78 Validation set [recall@5: 0.0466 recall@10: 0.0767 recall@20: 0.1232 ] [ndcg@5: 0.0545 ndcg@10: 0.0637 ndcg@20: 0.0794 ] 
2025-10-01 20:48:50,644 - Epoch  81 Validation set [recall@5: 0.0467 recall@10: 0.0773 recall@20: 0.1257 ] [ndcg@5: 0.0545 ndcg@10: 0.0638 ndcg@20: 0.0800 ] 
2025-10-01 20:49:03,444 - Epoch  84 Validation set [recall@5: 0.0459 recall@10: 0.0777 recall@20: 0.1262 ] [ndcg@5: 0.0542 ndcg@10: 0.0641 ndcg@20: 0.0803 ] 
2025-10-01 20:49:16,132 - Epoch  87 Validation set [recall@5: 0.0460 recall@10: 0.0773 recall@20: 0.1255 ] [ndcg@5: 0.0543 ndcg@10: 0.0640 ndcg@20: 0.0802 ] 
2025-10-01 20:49:28,813 - Epoch  90 Validation set [recall@5: 0.0464 recall@10: 0.0775 recall@20: 0.1264 ] [ndcg@5: 0.0549 ndcg@10: 0.0645 ndcg@20: 0.0809 ] 
2025-10-01 20:49:41,706 - Epoch  93 Validation set [recall@5: 0.0467 recall@10: 0.0778 recall@20: 0.1267 ] [ndcg@5: 0.0548 ndcg@10: 0.0645 ndcg@20: 0.0808 ] 
2025-10-01 20:49:54,430 - Epoch  96 Validation set [recall@5: 0.0462 recall@10: 0.0783 recall@20: 0.1274 ] [ndcg@5: 0.0554 ndcg@10: 0.0653 ndcg@20: 0.0815 ] 
2025-10-01 20:50:07,011 - Epoch  99 Validation set [recall@5: 0.0471 recall@10: 0.0783 recall@20: 0.1278 ] [ndcg@5: 0.0563 ndcg@10: 0.0658 ndcg@20: 0.0821 ] 
2025-10-01 20:50:19,649 - Epoch 102 Validation set [recall@5: 0.0474 recall@10: 0.0799 recall@20: 0.1268 ] [ndcg@5: 0.0555 ndcg@10: 0.0657 ndcg@20: 0.0812 ] 
2025-10-01 20:50:32,231 - Epoch 105 Validation set [recall@5: 0.0481 recall@10: 0.0797 recall@20: 0.1272 ] [ndcg@5: 0.0561 ndcg@10: 0.0657 ndcg@20: 0.0816 ] 
2025-10-01 20:50:44,998 - Epoch 108 Validation set [recall@5: 0.0477 recall@10: 0.0780 recall@20: 0.1293 ] [ndcg@5: 0.0559 ndcg@10: 0.0649 ndcg@20: 0.0821 ] 
2025-10-01 20:50:57,538 - Epoch 111 Validation set [recall@5: 0.0466 recall@10: 0.0797 recall@20: 0.1297 ] [ndcg@5: 0.0549 ndcg@10: 0.0652 ndcg@20: 0.0820 ] 
2025-10-01 20:51:10,109 - Epoch 114 Validation set [recall@5: 0.0476 recall@10: 0.0794 recall@20: 0.1300 ] [ndcg@5: 0.0558 ndcg@10: 0.0656 ndcg@20: 0.0825 ] 
2025-10-01 20:51:22,790 - Epoch 117 Validation set [recall@5: 0.0476 recall@10: 0.0811 recall@20: 0.1305 ] [ndcg@5: 0.0560 ndcg@10: 0.0665 ndcg@20: 0.0829 ] 
2025-10-01 20:51:35,524 - Epoch 120 Validation set [recall@5: 0.0480 recall@10: 0.0796 recall@20: 0.1298 ] [ndcg@5: 0.0557 ndcg@10: 0.0656 ndcg@20: 0.0824 ] 
2025-10-01 20:51:48,103 - Epoch 123 Validation set [recall@5: 0.0489 recall@10: 0.0807 recall@20: 0.1306 ] [ndcg@5: 0.0569 ndcg@10: 0.0667 ndcg@20: 0.0833 ] 
2025-10-01 20:52:00,933 - Epoch 126 Validation set [recall@5: 0.0479 recall@10: 0.0816 recall@20: 0.1311 ] [ndcg@5: 0.0566 ndcg@10: 0.0671 ndcg@20: 0.0836 ] 
2025-10-01 20:52:13,298 - Epoch 129 Validation set [recall@5: 0.0479 recall@10: 0.0795 recall@20: 0.1317 ] [ndcg@5: 0.0566 ndcg@10: 0.0663 ndcg@20: 0.0835 ] 
2025-10-01 20:52:24,874 - Epoch 132 Validation set [recall@5: 0.0481 recall@10: 0.0812 recall@20: 0.1312 ] [ndcg@5: 0.0568 ndcg@10: 0.0672 ndcg@20: 0.0838 ] 
2025-10-01 20:52:36,472 - Epoch 135 Validation set [recall@5: 0.0494 recall@10: 0.0823 recall@20: 0.1306 ] [ndcg@5: 0.0573 ndcg@10: 0.0674 ndcg@20: 0.0836 ] 
2025-10-01 20:52:48,813 - Epoch 138 Validation set [recall@5: 0.0477 recall@10: 0.0820 recall@20: 0.1308 ] [ndcg@5: 0.0565 ndcg@10: 0.0670 ndcg@20: 0.0833 ] 
2025-10-01 20:53:01,401 - Epoch 141 Validation set [recall@5: 0.0486 recall@10: 0.0825 recall@20: 0.1324 ] [ndcg@5: 0.0575 ndcg@10: 0.0677 ndcg@20: 0.0844 ] 
2025-10-01 20:53:14,111 - Epoch 144 Validation set [recall@5: 0.0486 recall@10: 0.0834 recall@20: 0.1332 ] [ndcg@5: 0.0572 ndcg@10: 0.0678 ndcg@20: 0.0845 ] 
2025-10-01 20:53:26,592 - Epoch 147 Validation set [recall@5: 0.0484 recall@10: 0.0821 recall@20: 0.1333 ] [ndcg@5: 0.0573 ndcg@10: 0.0675 ndcg@20: 0.0845 ] 
2025-10-01 20:53:39,272 - Epoch 150 Validation set [recall@5: 0.0485 recall@10: 0.0814 recall@20: 0.1326 ] [ndcg@5: 0.0571 ndcg@10: 0.0671 ndcg@20: 0.0841 ] 
2025-10-01 20:53:52,063 - Epoch 153 Validation set [recall@5: 0.0475 recall@10: 0.0817 recall@20: 0.1327 ] [ndcg@5: 0.0568 ndcg@10: 0.0673 ndcg@20: 0.0842 ] 
2025-10-01 20:54:04,914 - Epoch 156 Validation set [recall@5: 0.0483 recall@10: 0.0820 recall@20: 0.1331 ] [ndcg@5: 0.0574 ndcg@10: 0.0676 ndcg@20: 0.0847 ] 
2025-10-01 20:54:17,560 - Epoch 159 Validation set [recall@5: 0.0491 recall@10: 0.0819 recall@20: 0.1320 ] [ndcg@5: 0.0577 ndcg@10: 0.0675 ndcg@20: 0.0842 ] 
2025-10-01 20:54:30,341 - Epoch 162 Validation set [recall@5: 0.0485 recall@10: 0.0808 recall@20: 0.1317 ] [ndcg@5: 0.0572 ndcg@10: 0.0669 ndcg@20: 0.0839 ] 
2025-10-01 20:54:32,582 - [recall@5: 0.0481 recall@10: 0.0812 recall@20: 0.1340 ] [ndcg@5: 0.0552 ndcg@10: 0.0658 ndcg@20: 0.0837 ] 
2025-10-01 20:54:38,392 - Epoch   0 Validation set [recall@5: 0.0167 recall@10: 0.0275 recall@20: 0.0435 ] [ndcg@5: 0.0220 ndcg@10: 0.0249 ndcg@20: 0.0302 ] 
2025-10-01 20:54:51,309 - Epoch   3 Validation set [recall@5: 0.0307 recall@10: 0.0519 recall@20: 0.0836 ] [ndcg@5: 0.0366 ndcg@10: 0.0430 ndcg@20: 0.0536 ] 
2025-10-01 20:55:03,761 - Epoch   6 Validation set [recall@5: 0.0334 recall@10: 0.0559 recall@20: 0.0915 ] [ndcg@5: 0.0391 ndcg@10: 0.0460 ndcg@20: 0.0578 ] 
2025-10-01 20:55:16,486 - Epoch   9 Validation set [recall@5: 0.0345 recall@10: 0.0584 recall@20: 0.0940 ] [ndcg@5: 0.0402 ndcg@10: 0.0477 ndcg@20: 0.0596 ] 
2025-10-01 20:55:29,119 - Epoch  12 Validation set [recall@5: 0.0348 recall@10: 0.0591 recall@20: 0.0965 ] [ndcg@5: 0.0411 ndcg@10: 0.0486 ndcg@20: 0.0611 ] 
2025-10-01 20:55:41,760 - Epoch  15 Validation set [recall@5: 0.0350 recall@10: 0.0598 recall@20: 0.0983 ] [ndcg@5: 0.0412 ndcg@10: 0.0491 ndcg@20: 0.0619 ] 
2025-10-01 20:55:54,423 - Epoch  18 Validation set [recall@5: 0.0359 recall@10: 0.0603 recall@20: 0.1003 ] [ndcg@5: 0.0422 ndcg@10: 0.0498 ndcg@20: 0.0633 ] 
2025-10-01 20:56:07,173 - Epoch  21 Validation set [recall@5: 0.0361 recall@10: 0.0621 recall@20: 0.1017 ] [ndcg@5: 0.0423 ndcg@10: 0.0505 ndcg@20: 0.0640 ] 
2025-10-01 20:56:20,148 - Epoch  24 Validation set [recall@5: 0.0362 recall@10: 0.0619 recall@20: 0.1029 ] [ndcg@5: 0.0423 ndcg@10: 0.0506 ndcg@20: 0.0645 ] 
2025-10-01 20:56:32,952 - Epoch  27 Validation set [recall@5: 0.0368 recall@10: 0.0626 recall@20: 0.1032 ] [ndcg@5: 0.0430 ndcg@10: 0.0512 ndcg@20: 0.0648 ] 
2025-10-01 20:56:45,648 - Epoch  30 Validation set [recall@5: 0.0361 recall@10: 0.0626 recall@20: 0.1034 ] [ndcg@5: 0.0432 ndcg@10: 0.0517 ndcg@20: 0.0654 ] 
2025-10-01 20:56:58,064 - Epoch  33 Validation set [recall@5: 0.0361 recall@10: 0.0640 recall@20: 0.1050 ] [ndcg@5: 0.0429 ndcg@10: 0.0521 ndcg@20: 0.0657 ] 
2025-10-01 20:57:10,907 - Epoch  36 Validation set [recall@5: 0.0372 recall@10: 0.0639 recall@20: 0.1050 ] [ndcg@5: 0.0435 ndcg@10: 0.0521 ndcg@20: 0.0659 ] 
2025-10-01 20:57:23,834 - Epoch  39 Validation set [recall@5: 0.0379 recall@10: 0.0645 recall@20: 0.1062 ] [ndcg@5: 0.0441 ndcg@10: 0.0527 ndcg@20: 0.0666 ] 
2025-10-01 20:57:36,467 - Epoch  42 Validation set [recall@5: 0.0379 recall@10: 0.0641 recall@20: 0.1067 ] [ndcg@5: 0.0443 ndcg@10: 0.0526 ndcg@20: 0.0667 ] 
2025-10-01 20:57:49,328 - Epoch  45 Validation set [recall@5: 0.0382 recall@10: 0.0641 recall@20: 0.1076 ] [ndcg@5: 0.0439 ndcg@10: 0.0523 ndcg@20: 0.0667 ] 
2025-10-01 20:58:02,107 - Epoch  48 Validation set [recall@5: 0.0389 recall@10: 0.0661 recall@20: 0.1074 ] [ndcg@5: 0.0448 ndcg@10: 0.0536 ndcg@20: 0.0674 ] 
2025-10-01 20:58:14,953 - Epoch  51 Validation set [recall@5: 0.0382 recall@10: 0.0650 recall@20: 0.1075 ] [ndcg@5: 0.0447 ndcg@10: 0.0534 ndcg@20: 0.0675 ] 
2025-10-01 20:58:27,669 - Epoch  54 Validation set [recall@5: 0.0386 recall@10: 0.0653 recall@20: 0.1077 ] [ndcg@5: 0.0450 ndcg@10: 0.0535 ndcg@20: 0.0676 ] 
2025-10-01 20:58:40,183 - Epoch  57 Validation set [recall@5: 0.0386 recall@10: 0.0654 recall@20: 0.1059 ] [ndcg@5: 0.0447 ndcg@10: 0.0534 ndcg@20: 0.0669 ] 
2025-10-01 20:58:52,162 - Epoch  60 Validation set [recall@5: 0.0386 recall@10: 0.0647 recall@20: 0.1072 ] [ndcg@5: 0.0448 ndcg@10: 0.0531 ndcg@20: 0.0673 ] 
2025-10-01 20:59:04,488 - Epoch  63 Validation set [recall@5: 0.0384 recall@10: 0.0642 recall@20: 0.1073 ] [ndcg@5: 0.0454 ndcg@10: 0.0533 ndcg@20: 0.0678 ] 
2025-10-01 20:59:16,834 - Epoch  66 Validation set [recall@5: 0.0383 recall@10: 0.0649 recall@20: 0.1076 ] [ndcg@5: 0.0452 ndcg@10: 0.0535 ndcg@20: 0.0678 ] 
2025-10-01 20:59:29,302 - Epoch  69 Validation set [recall@5: 0.0387 recall@10: 0.0647 recall@20: 0.1080 ] [ndcg@5: 0.0457 ndcg@10: 0.0537 ndcg@20: 0.0681 ] 
2025-10-01 20:59:41,393 - Epoch  72 Validation set [recall@5: 0.0380 recall@10: 0.0653 recall@20: 0.1080 ] [ndcg@5: 0.0449 ndcg@10: 0.0536 ndcg@20: 0.0677 ] 
2025-10-01 20:59:53,902 - Epoch  75 Validation set [recall@5: 0.0390 recall@10: 0.0654 recall@20: 0.1076 ] [ndcg@5: 0.0458 ndcg@10: 0.0538 ndcg@20: 0.0679 ] 
2025-10-01 21:00:06,433 - Epoch  78 Validation set [recall@5: 0.0388 recall@10: 0.0652 recall@20: 0.1061 ] [ndcg@5: 0.0452 ndcg@10: 0.0534 ndcg@20: 0.0670 ] 
2025-10-01 21:00:18,431 - Epoch  81 Validation set [recall@5: 0.0379 recall@10: 0.0653 recall@20: 0.1079 ] [ndcg@5: 0.0450 ndcg@10: 0.0537 ndcg@20: 0.0679 ] 
2025-10-01 21:00:30,098 - Epoch  84 Validation set [recall@5: 0.0382 recall@10: 0.0660 recall@20: 0.1074 ] [ndcg@5: 0.0447 ndcg@10: 0.0537 ndcg@20: 0.0676 ] 
2025-10-01 21:00:31,461 - [recall@5: 0.0373 recall@10: 0.0642 recall@20: 0.1050 ] [ndcg@5: 0.0433 ndcg@10: 0.0521 ndcg@20: 0.0660 ] 
2025-10-01 21:00:36,442 - Epoch   0 Validation set [recall@5: 0.0218 recall@10: 0.0364 recall@20: 0.0610 ] [ndcg@5: 0.0283 ndcg@10: 0.0320 ndcg@20: 0.0399 ] 
2025-10-01 21:00:48,173 - Epoch   3 Validation set [recall@5: 0.0311 recall@10: 0.0509 recall@20: 0.0849 ] [ndcg@5: 0.0368 ndcg@10: 0.0427 ndcg@20: 0.0541 ] 
2025-10-01 21:00:59,808 - Epoch   6 Validation set [recall@5: 0.0329 recall@10: 0.0547 recall@20: 0.0888 ] [ndcg@5: 0.0384 ndcg@10: 0.0452 ndcg@20: 0.0565 ] 
2025-10-01 21:01:11,519 - Epoch   9 Validation set [recall@5: 0.0340 recall@10: 0.0552 recall@20: 0.0919 ] [ndcg@5: 0.0391 ndcg@10: 0.0454 ndcg@20: 0.0576 ] 
2025-10-01 21:01:23,284 - Epoch  12 Validation set [recall@5: 0.0341 recall@10: 0.0568 recall@20: 0.0938 ] [ndcg@5: 0.0395 ndcg@10: 0.0465 ndcg@20: 0.0589 ] 
2025-10-01 21:01:34,954 - Epoch  15 Validation set [recall@5: 0.0344 recall@10: 0.0581 recall@20: 0.0935 ] [ndcg@5: 0.0403 ndcg@10: 0.0476 ndcg@20: 0.0593 ] 
2025-10-01 21:01:46,578 - Epoch  18 Validation set [recall@5: 0.0339 recall@10: 0.0585 recall@20: 0.0959 ] [ndcg@5: 0.0398 ndcg@10: 0.0477 ndcg@20: 0.0602 ] 
2025-10-01 21:01:58,222 - Epoch  21 Validation set [recall@5: 0.0348 recall@10: 0.0587 recall@20: 0.0961 ] [ndcg@5: 0.0408 ndcg@10: 0.0481 ndcg@20: 0.0608 ] 
2025-10-01 21:02:09,901 - Epoch  24 Validation set [recall@5: 0.0349 recall@10: 0.0593 recall@20: 0.0985 ] [ndcg@5: 0.0408 ndcg@10: 0.0485 ndcg@20: 0.0617 ] 
2025-10-01 21:02:21,686 - Epoch  27 Validation set [recall@5: 0.0359 recall@10: 0.0600 recall@20: 0.0985 ] [ndcg@5: 0.0418 ndcg@10: 0.0494 ndcg@20: 0.0623 ] 
2025-10-01 21:02:33,515 - Epoch  30 Validation set [recall@5: 0.0359 recall@10: 0.0619 recall@20: 0.0991 ] [ndcg@5: 0.0417 ndcg@10: 0.0502 ndcg@20: 0.0626 ] 
2025-10-01 21:02:45,235 - Epoch  33 Validation set [recall@5: 0.0364 recall@10: 0.0615 recall@20: 0.1014 ] [ndcg@5: 0.0423 ndcg@10: 0.0503 ndcg@20: 0.0638 ] 
2025-10-01 21:02:57,116 - Epoch  36 Validation set [recall@5: 0.0368 recall@10: 0.0618 recall@20: 0.1011 ] [ndcg@5: 0.0426 ndcg@10: 0.0506 ndcg@20: 0.0638 ] 
2025-10-01 21:03:08,735 - Epoch  39 Validation set [recall@5: 0.0365 recall@10: 0.0627 recall@20: 0.1013 ] [ndcg@5: 0.0429 ndcg@10: 0.0512 ndcg@20: 0.0643 ] 
2025-10-01 21:03:20,385 - Epoch  42 Validation set [recall@5: 0.0368 recall@10: 0.0634 recall@20: 0.1020 ] [ndcg@5: 0.0428 ndcg@10: 0.0515 ndcg@20: 0.0644 ] 
2025-10-01 21:03:31,955 - Epoch  45 Validation set [recall@5: 0.0364 recall@10: 0.0628 recall@20: 0.1023 ] [ndcg@5: 0.0434 ndcg@10: 0.0518 ndcg@20: 0.0650 ] 
2025-10-01 21:03:43,656 - Epoch  48 Validation set [recall@5: 0.0363 recall@10: 0.0619 recall@20: 0.1029 ] [ndcg@5: 0.0432 ndcg@10: 0.0511 ndcg@20: 0.0650 ] 
2025-10-01 21:03:55,266 - Epoch  51 Validation set [recall@5: 0.0366 recall@10: 0.0627 recall@20: 0.1038 ] [ndcg@5: 0.0435 ndcg@10: 0.0518 ndcg@20: 0.0656 ] 
2025-10-01 21:04:06,848 - Epoch  54 Validation set [recall@5: 0.0368 recall@10: 0.0626 recall@20: 0.1038 ] [ndcg@5: 0.0438 ndcg@10: 0.0519 ndcg@20: 0.0657 ] 
2025-10-01 21:04:18,608 - Epoch  57 Validation set [recall@5: 0.0364 recall@10: 0.0628 recall@20: 0.1045 ] [ndcg@5: 0.0432 ndcg@10: 0.0516 ndcg@20: 0.0656 ] 
2025-10-01 21:04:30,248 - Epoch  60 Validation set [recall@5: 0.0369 recall@10: 0.0634 recall@20: 0.1042 ] [ndcg@5: 0.0437 ndcg@10: 0.0521 ndcg@20: 0.0657 ] 
2025-10-01 21:04:41,944 - Epoch  63 Validation set [recall@5: 0.0366 recall@10: 0.0638 recall@20: 0.1058 ] [ndcg@5: 0.0435 ndcg@10: 0.0522 ndcg@20: 0.0662 ] 
2025-10-01 21:04:53,495 - Epoch  66 Validation set [recall@5: 0.0369 recall@10: 0.0632 recall@20: 0.1048 ] [ndcg@5: 0.0436 ndcg@10: 0.0519 ndcg@20: 0.0658 ] 
2025-10-01 21:05:05,167 - Epoch  69 Validation set [recall@5: 0.0374 recall@10: 0.0643 recall@20: 0.1055 ] [ndcg@5: 0.0437 ndcg@10: 0.0522 ndcg@20: 0.0660 ] 
2025-10-01 21:05:17,733 - Epoch  72 Validation set [recall@5: 0.0378 recall@10: 0.0642 recall@20: 0.1047 ] [ndcg@5: 0.0442 ndcg@10: 0.0525 ndcg@20: 0.0660 ] 
2025-10-01 21:05:30,499 - Epoch  75 Validation set [recall@5: 0.0373 recall@10: 0.0636 recall@20: 0.1043 ] [ndcg@5: 0.0438 ndcg@10: 0.0522 ndcg@20: 0.0660 ] 
2025-10-01 21:05:43,412 - Epoch  78 Validation set [recall@5: 0.0379 recall@10: 0.0639 recall@20: 0.1052 ] [ndcg@5: 0.0442 ndcg@10: 0.0524 ndcg@20: 0.0662 ] 
2025-10-01 21:05:45,678 - [recall@5: 0.0353 recall@10: 0.0619 recall@20: 0.1011 ] [ndcg@5: 0.0414 ndcg@10: 0.0500 ndcg@20: 0.0635 ] 
2025-10-01 21:05:51,452 - Epoch   0 Validation set [recall@5: 0.0245 recall@10: 0.0427 recall@20: 0.0697 ] [ndcg@5: 0.0304 ndcg@10: 0.0356 ndcg@20: 0.0446 ] 
2025-10-01 21:06:04,032 - Epoch   3 Validation set [recall@5: 0.0287 recall@10: 0.0502 recall@20: 0.0824 ] [ndcg@5: 0.0350 ndcg@10: 0.0418 ndcg@20: 0.0524 ] 
2025-10-01 21:06:16,768 - Epoch   6 Validation set [recall@5: 0.0329 recall@10: 0.0544 recall@20: 0.0871 ] [ndcg@5: 0.0385 ndcg@10: 0.0451 ndcg@20: 0.0559 ] 
2025-10-01 21:06:29,640 - Epoch   9 Validation set [recall@5: 0.0327 recall@10: 0.0550 recall@20: 0.0908 ] [ndcg@5: 0.0386 ndcg@10: 0.0456 ndcg@20: 0.0575 ] 
2025-10-01 21:06:42,595 - Epoch  12 Validation set [recall@5: 0.0335 recall@10: 0.0566 recall@20: 0.0927 ] [ndcg@5: 0.0390 ndcg@10: 0.0464 ndcg@20: 0.0584 ] 
2025-10-01 21:06:55,400 - Epoch  15 Validation set [recall@5: 0.0341 recall@10: 0.0578 recall@20: 0.0939 ] [ndcg@5: 0.0396 ndcg@10: 0.0471 ndcg@20: 0.0592 ] 
2025-10-01 21:07:08,205 - Epoch  18 Validation set [recall@5: 0.0342 recall@10: 0.0590 recall@20: 0.0964 ] [ndcg@5: 0.0401 ndcg@10: 0.0480 ndcg@20: 0.0605 ] 
2025-10-01 21:07:21,000 - Epoch  21 Validation set [recall@5: 0.0346 recall@10: 0.0579 recall@20: 0.0968 ] [ndcg@5: 0.0409 ndcg@10: 0.0482 ndcg@20: 0.0610 ] 
2025-10-01 21:07:33,953 - Epoch  24 Validation set [recall@5: 0.0340 recall@10: 0.0584 recall@20: 0.0949 ] [ndcg@5: 0.0407 ndcg@10: 0.0485 ndcg@20: 0.0607 ] 
2025-10-01 21:07:46,276 - Epoch  27 Validation set [recall@5: 0.0345 recall@10: 0.0593 recall@20: 0.0963 ] [ndcg@5: 0.0412 ndcg@10: 0.0490 ndcg@20: 0.0613 ] 
2025-10-01 21:07:58,449 - Epoch  30 Validation set [recall@5: 0.0350 recall@10: 0.0593 recall@20: 0.0972 ] [ndcg@5: 0.0413 ndcg@10: 0.0489 ndcg@20: 0.0615 ] 
2025-10-01 21:08:11,228 - Epoch  33 Validation set [recall@5: 0.0358 recall@10: 0.0599 recall@20: 0.0981 ] [ndcg@5: 0.0421 ndcg@10: 0.0494 ndcg@20: 0.0622 ] 
2025-10-01 21:08:24,282 - Epoch  36 Validation set [recall@5: 0.0347 recall@10: 0.0598 recall@20: 0.0982 ] [ndcg@5: 0.0413 ndcg@10: 0.0492 ndcg@20: 0.0621 ] 
2025-10-01 21:08:36,204 - Epoch  39 Validation set [recall@5: 0.0356 recall@10: 0.0605 recall@20: 0.0991 ] [ndcg@5: 0.0418 ndcg@10: 0.0497 ndcg@20: 0.0625 ] 
2025-10-01 21:08:48,971 - Epoch  42 Validation set [recall@5: 0.0359 recall@10: 0.0602 recall@20: 0.0995 ] [ndcg@5: 0.0422 ndcg@10: 0.0498 ndcg@20: 0.0630 ] 
2025-10-01 21:09:01,880 - Epoch  45 Validation set [recall@5: 0.0363 recall@10: 0.0613 recall@20: 0.1003 ] [ndcg@5: 0.0428 ndcg@10: 0.0506 ndcg@20: 0.0635 ] 
2025-10-01 21:09:14,747 - Epoch  48 Validation set [recall@5: 0.0359 recall@10: 0.0614 recall@20: 0.1003 ] [ndcg@5: 0.0424 ndcg@10: 0.0506 ndcg@20: 0.0634 ] 
2025-10-01 21:09:27,444 - Epoch  51 Validation set [recall@5: 0.0360 recall@10: 0.0608 recall@20: 0.1015 ] [ndcg@5: 0.0425 ndcg@10: 0.0503 ndcg@20: 0.0639 ] 
2025-10-01 21:09:40,435 - Epoch  54 Validation set [recall@5: 0.0363 recall@10: 0.0612 recall@20: 0.1012 ] [ndcg@5: 0.0428 ndcg@10: 0.0505 ndcg@20: 0.0638 ] 
2025-10-01 21:09:52,995 - Epoch  57 Validation set [recall@5: 0.0363 recall@10: 0.0620 recall@20: 0.1025 ] [ndcg@5: 0.0433 ndcg@10: 0.0513 ndcg@20: 0.0648 ] 
2025-10-01 21:10:05,898 - Epoch  60 Validation set [recall@5: 0.0368 recall@10: 0.0620 recall@20: 0.1015 ] [ndcg@5: 0.0433 ndcg@10: 0.0513 ndcg@20: 0.0644 ] 
2025-10-01 21:10:18,751 - Epoch  63 Validation set [recall@5: 0.0370 recall@10: 0.0625 recall@20: 0.1016 ] [ndcg@5: 0.0435 ndcg@10: 0.0515 ndcg@20: 0.0645 ] 
2025-10-01 21:10:31,556 - Epoch  66 Validation set [recall@5: 0.0370 recall@10: 0.0626 recall@20: 0.1027 ] [ndcg@5: 0.0432 ndcg@10: 0.0514 ndcg@20: 0.0648 ] 
2025-10-01 21:10:44,479 - Epoch  69 Validation set [recall@5: 0.0372 recall@10: 0.0625 recall@20: 0.1033 ] [ndcg@5: 0.0437 ndcg@10: 0.0517 ndcg@20: 0.0651 ] 
2025-10-01 21:10:57,484 - Epoch  72 Validation set [recall@5: 0.0367 recall@10: 0.0620 recall@20: 0.1033 ] [ndcg@5: 0.0429 ndcg@10: 0.0510 ndcg@20: 0.0647 ] 
2025-10-01 21:11:10,268 - Epoch  75 Validation set [recall@5: 0.0369 recall@10: 0.0629 recall@20: 0.1040 ] [ndcg@5: 0.0435 ndcg@10: 0.0519 ndcg@20: 0.0654 ] 
2025-10-01 21:11:23,089 - Epoch  78 Validation set [recall@5: 0.0371 recall@10: 0.0634 recall@20: 0.1042 ] [ndcg@5: 0.0436 ndcg@10: 0.0520 ndcg@20: 0.0655 ] 
2025-10-01 21:11:35,917 - Epoch  81 Validation set [recall@5: 0.0370 recall@10: 0.0636 recall@20: 0.1045 ] [ndcg@5: 0.0432 ndcg@10: 0.0519 ndcg@20: 0.0655 ] 
2025-10-01 21:11:48,882 - Epoch  84 Validation set [recall@5: 0.0373 recall@10: 0.0637 recall@20: 0.1035 ] [ndcg@5: 0.0437 ndcg@10: 0.0523 ndcg@20: 0.0653 ] 
2025-10-01 21:12:01,647 - Epoch  87 Validation set [recall@5: 0.0371 recall@10: 0.0626 recall@20: 0.1045 ] [ndcg@5: 0.0437 ndcg@10: 0.0517 ndcg@20: 0.0657 ] 
2025-10-01 21:12:14,444 - Epoch  90 Validation set [recall@5: 0.0369 recall@10: 0.0635 recall@20: 0.1044 ] [ndcg@5: 0.0438 ndcg@10: 0.0523 ndcg@20: 0.0660 ] 
2025-10-01 21:12:27,265 - Epoch  93 Validation set [recall@5: 0.0376 recall@10: 0.0638 recall@20: 0.1047 ] [ndcg@5: 0.0441 ndcg@10: 0.0524 ndcg@20: 0.0660 ] 
2025-10-01 21:12:40,118 - Epoch  96 Validation set [recall@5: 0.0381 recall@10: 0.0624 recall@20: 0.1046 ] [ndcg@5: 0.0443 ndcg@10: 0.0519 ndcg@20: 0.0659 ] 
2025-10-01 21:12:52,599 - Epoch  99 Validation set [recall@5: 0.0375 recall@10: 0.0634 recall@20: 0.1045 ] [ndcg@5: 0.0439 ndcg@10: 0.0524 ndcg@20: 0.0662 ] 
2025-10-01 21:13:04,659 - Epoch 102 Validation set [recall@5: 0.0365 recall@10: 0.0638 recall@20: 0.1048 ] [ndcg@5: 0.0432 ndcg@10: 0.0522 ndcg@20: 0.0659 ] 
2025-10-01 21:13:17,506 - Epoch 105 Validation set [recall@5: 0.0371 recall@10: 0.0634 recall@20: 0.1053 ] [ndcg@5: 0.0433 ndcg@10: 0.0519 ndcg@20: 0.0659 ] 
2025-10-01 21:13:30,434 - Epoch 108 Validation set [recall@5: 0.0372 recall@10: 0.0644 recall@20: 0.1061 ] [ndcg@5: 0.0436 ndcg@10: 0.0524 ndcg@20: 0.0663 ] 
2025-10-01 21:13:42,870 - Epoch 111 Validation set [recall@5: 0.0373 recall@10: 0.0627 recall@20: 0.1047 ] [ndcg@5: 0.0438 ndcg@10: 0.0518 ndcg@20: 0.0658 ] 
2025-10-01 21:13:55,223 - Epoch 114 Validation set [recall@5: 0.0377 recall@10: 0.0635 recall@20: 0.1041 ] [ndcg@5: 0.0443 ndcg@10: 0.0524 ndcg@20: 0.0659 ] 
2025-10-01 21:14:07,277 - Epoch 117 Validation set [recall@5: 0.0378 recall@10: 0.0640 recall@20: 0.1050 ] [ndcg@5: 0.0443 ndcg@10: 0.0526 ndcg@20: 0.0663 ] 
2025-10-01 21:14:20,024 - Epoch 120 Validation set [recall@5: 0.0379 recall@10: 0.0642 recall@20: 0.1060 ] [ndcg@5: 0.0443 ndcg@10: 0.0527 ndcg@20: 0.0666 ] 
2025-10-01 21:14:31,698 - Epoch 123 Validation set [recall@5: 0.0376 recall@10: 0.0642 recall@20: 0.1047 ] [ndcg@5: 0.0442 ndcg@10: 0.0526 ndcg@20: 0.0661 ] 
2025-10-01 21:14:33,602 - [recall@5: 0.0361 recall@10: 0.0622 recall@20: 0.1032 ] [ndcg@5: 0.0422 ndcg@10: 0.0508 ndcg@20: 0.0646 ] 
2025-10-01 21:14:39,436 - Epoch   0 Validation set [recall@5: 0.0245 recall@10: 0.0420 recall@20: 0.0700 ] [ndcg@5: 0.0303 ndcg@10: 0.0353 ndcg@20: 0.0443 ] 
2025-10-01 21:14:52,218 - Epoch   3 Validation set [recall@5: 0.0293 recall@10: 0.0501 recall@20: 0.0808 ] [ndcg@5: 0.0353 ndcg@10: 0.0416 ndcg@20: 0.0520 ] 
2025-10-01 21:15:04,972 - Epoch   6 Validation set [recall@5: 0.0317 recall@10: 0.0526 recall@20: 0.0869 ] [ndcg@5: 0.0380 ndcg@10: 0.0440 ndcg@20: 0.0554 ] 
2025-10-01 21:15:17,791 - Epoch   9 Validation set [recall@5: 0.0324 recall@10: 0.0547 recall@20: 0.0891 ] [ndcg@5: 0.0381 ndcg@10: 0.0449 ndcg@20: 0.0563 ] 
2025-10-01 21:15:30,435 - Epoch  12 Validation set [recall@5: 0.0328 recall@10: 0.0553 recall@20: 0.0914 ] [ndcg@5: 0.0387 ndcg@10: 0.0457 ndcg@20: 0.0576 ] 
2025-10-01 21:15:43,063 - Epoch  15 Validation set [recall@5: 0.0333 recall@10: 0.0563 recall@20: 0.0920 ] [ndcg@5: 0.0394 ndcg@10: 0.0465 ndcg@20: 0.0583 ] 
2025-10-01 21:15:55,983 - Epoch  18 Validation set [recall@5: 0.0340 recall@10: 0.0565 recall@20: 0.0937 ] [ndcg@5: 0.0400 ndcg@10: 0.0470 ndcg@20: 0.0592 ] 
2025-10-01 21:16:08,914 - Epoch  21 Validation set [recall@5: 0.0337 recall@10: 0.0572 recall@20: 0.0942 ] [ndcg@5: 0.0400 ndcg@10: 0.0473 ndcg@20: 0.0596 ] 
2025-10-01 21:16:21,746 - Epoch  24 Validation set [recall@5: 0.0339 recall@10: 0.0581 recall@20: 0.0946 ] [ndcg@5: 0.0404 ndcg@10: 0.0480 ndcg@20: 0.0601 ] 
2025-10-01 21:16:33,569 - Epoch  27 Validation set [recall@5: 0.0335 recall@10: 0.0588 recall@20: 0.0964 ] [ndcg@5: 0.0404 ndcg@10: 0.0484 ndcg@20: 0.0610 ] 
2025-10-01 21:16:46,551 - Epoch  30 Validation set [recall@5: 0.0344 recall@10: 0.0590 recall@20: 0.0968 ] [ndcg@5: 0.0407 ndcg@10: 0.0485 ndcg@20: 0.0612 ] 
2025-10-01 21:16:58,732 - Epoch  33 Validation set [recall@5: 0.0349 recall@10: 0.0599 recall@20: 0.0974 ] [ndcg@5: 0.0413 ndcg@10: 0.0492 ndcg@20: 0.0618 ] 
2025-10-01 21:17:11,200 - Epoch  36 Validation set [recall@5: 0.0353 recall@10: 0.0609 recall@20: 0.0986 ] [ndcg@5: 0.0415 ndcg@10: 0.0498 ndcg@20: 0.0624 ] 
2025-10-01 21:17:24,081 - Epoch  39 Validation set [recall@5: 0.0361 recall@10: 0.0602 recall@20: 0.0994 ] [ndcg@5: 0.0418 ndcg@10: 0.0494 ndcg@20: 0.0625 ] 
2025-10-01 21:17:37,029 - Epoch  42 Validation set [recall@5: 0.0363 recall@10: 0.0602 recall@20: 0.0999 ] [ndcg@5: 0.0423 ndcg@10: 0.0497 ndcg@20: 0.0629 ] 
2025-10-01 21:17:49,848 - Epoch  45 Validation set [recall@5: 0.0362 recall@10: 0.0608 recall@20: 0.0990 ] [ndcg@5: 0.0426 ndcg@10: 0.0502 ndcg@20: 0.0629 ] 
2025-10-01 21:18:02,588 - Epoch  48 Validation set [recall@5: 0.0362 recall@10: 0.0616 recall@20: 0.1003 ] [ndcg@5: 0.0427 ndcg@10: 0.0507 ndcg@20: 0.0636 ] 
2025-10-01 21:18:15,503 - Epoch  51 Validation set [recall@5: 0.0358 recall@10: 0.0609 recall@20: 0.0999 ] [ndcg@5: 0.0428 ndcg@10: 0.0507 ndcg@20: 0.0637 ] 
2025-10-01 21:18:28,182 - Epoch  54 Validation set [recall@5: 0.0355 recall@10: 0.0618 recall@20: 0.1012 ] [ndcg@5: 0.0424 ndcg@10: 0.0507 ndcg@20: 0.0639 ] 
2025-10-01 21:18:40,743 - Epoch  57 Validation set [recall@5: 0.0365 recall@10: 0.0624 recall@20: 0.1019 ] [ndcg@5: 0.0424 ndcg@10: 0.0507 ndcg@20: 0.0640 ] 
2025-10-01 21:18:53,598 - Epoch  60 Validation set [recall@5: 0.0366 recall@10: 0.0613 recall@20: 0.1011 ] [ndcg@5: 0.0430 ndcg@10: 0.0509 ndcg@20: 0.0642 ] 
2025-10-01 21:19:06,275 - Epoch  63 Validation set [recall@5: 0.0365 recall@10: 0.0614 recall@20: 0.1013 ] [ndcg@5: 0.0434 ndcg@10: 0.0513 ndcg@20: 0.0646 ] 
2025-10-01 21:19:18,923 - Epoch  66 Validation set [recall@5: 0.0367 recall@10: 0.0616 recall@20: 0.1021 ] [ndcg@5: 0.0433 ndcg@10: 0.0511 ndcg@20: 0.0647 ] 
2025-10-01 21:19:31,833 - Epoch  69 Validation set [recall@5: 0.0361 recall@10: 0.0630 recall@20: 0.1021 ] [ndcg@5: 0.0429 ndcg@10: 0.0517 ndcg@20: 0.0648 ] 
2025-10-01 21:19:44,386 - Epoch  72 Validation set [recall@5: 0.0372 recall@10: 0.0641 recall@20: 0.1031 ] [ndcg@5: 0.0435 ndcg@10: 0.0522 ndcg@20: 0.0651 ] 
2025-10-01 21:19:56,868 - Epoch  75 Validation set [recall@5: 0.0369 recall@10: 0.0632 recall@20: 0.1031 ] [ndcg@5: 0.0435 ndcg@10: 0.0520 ndcg@20: 0.0653 ] 
2025-10-01 21:20:09,245 - Epoch  78 Validation set [recall@5: 0.0366 recall@10: 0.0623 recall@20: 0.1040 ] [ndcg@5: 0.0430 ndcg@10: 0.0511 ndcg@20: 0.0651 ] 
2025-10-01 21:20:21,938 - Epoch  81 Validation set [recall@5: 0.0365 recall@10: 0.0632 recall@20: 0.1039 ] [ndcg@5: 0.0432 ndcg@10: 0.0517 ndcg@20: 0.0654 ] 
2025-10-01 21:20:34,731 - Epoch  84 Validation set [recall@5: 0.0363 recall@10: 0.0633 recall@20: 0.1030 ] [ndcg@5: 0.0430 ndcg@10: 0.0517 ndcg@20: 0.0650 ] 
2025-10-01 21:20:46,466 - Epoch  87 Validation set [recall@5: 0.0366 recall@10: 0.0636 recall@20: 0.1035 ] [ndcg@5: 0.0431 ndcg@10: 0.0517 ndcg@20: 0.0652 ] 
2025-10-01 21:20:57,903 - Epoch  90 Validation set [recall@5: 0.0371 recall@10: 0.0637 recall@20: 0.1042 ] [ndcg@5: 0.0434 ndcg@10: 0.0518 ndcg@20: 0.0654 ] 
2025-10-01 21:21:09,265 - Epoch  93 Validation set [recall@5: 0.0373 recall@10: 0.0641 recall@20: 0.1051 ] [ndcg@5: 0.0434 ndcg@10: 0.0521 ndcg@20: 0.0657 ] 
2025-10-01 21:21:20,569 - Epoch  96 Validation set [recall@5: 0.0374 recall@10: 0.0642 recall@20: 0.1043 ] [ndcg@5: 0.0439 ndcg@10: 0.0525 ndcg@20: 0.0658 ] 
2025-10-01 21:21:31,566 - Epoch  99 Validation set [recall@5: 0.0372 recall@10: 0.0629 recall@20: 0.1040 ] [ndcg@5: 0.0440 ndcg@10: 0.0519 ndcg@20: 0.0658 ] 
2025-10-01 21:21:42,857 - Epoch 102 Validation set [recall@5: 0.0375 recall@10: 0.0630 recall@20: 0.1036 ] [ndcg@5: 0.0441 ndcg@10: 0.0518 ndcg@20: 0.0655 ] 
2025-10-01 21:21:53,847 - Epoch 105 Validation set [recall@5: 0.0369 recall@10: 0.0631 recall@20: 0.1034 ] [ndcg@5: 0.0438 ndcg@10: 0.0520 ndcg@20: 0.0656 ] 
2025-10-01 21:22:04,724 - Epoch 108 Validation set [recall@5: 0.0375 recall@10: 0.0633 recall@20: 0.1039 ] [ndcg@5: 0.0437 ndcg@10: 0.0519 ndcg@20: 0.0655 ] 
2025-10-01 21:22:06,473 - [recall@5: 0.0355 recall@10: 0.0614 recall@20: 0.1006 ] [ndcg@5: 0.0412 ndcg@10: 0.0496 ndcg@20: 0.0630 ] 
