2025-09-29 15:26:01,670 - {'optimizer': {'name': 'adam', 'lr': 0.001, 'weight_decay': 0}, 'train': {'epoch': 3000, 'batch_size': 4096, 'save_model': True, 'loss': 'pairwise', 'test_step': 3, 'reproducible': True, 'seed': 2023, 'patience': 5}, 'test': {'metrics': ['recall', 'ndcg'], 'k': [5, 10, 20], 'batch_size': 1024}, 'data': {'type': 'general_cf', 'name': 'amazon', 'user_num': 11000, 'item_num': 9332}, 'model': {'name': 'simgcl_gene', 'keep_rate': 1.0, 'embedding_size': 64, 'layer_num': 3, 'reg_weight': 1e-05, 'cl_weight': 0.1, 'cl_temperature': 0.2, 'mask_ratio': 0.05, 'recon_weight': 0.1, 're_temperature': 0.2, 'eps': 0.9, 'amazon': {'layer_num': 3, 'reg_weight': 1e-05, 'cl_weight': 0.1, 'cl_temperature': 0.2, 'mask_ratio': 0.05, 'recon_weight': 0.1, 're_temperature': 0.2, 'eps': 0.9}, 'yelp': {'layer_num': 3, 'reg_weight': 1e-05, 'cl_weight': 0.1, 'cl_temperature': 0.2, 'mask_ratio': 0.01, 'recon_weight': 0.01, 're_temperature': 0.05, 'eps': 0.9}, 'steam': {'layer_num': 3, 'reg_weight': 1e-05, 'cl_weight': 0.1, 'cl_temperature': 0.5, 'mask_ratio': 0.05, 'recon_weight': 0.01, 're_temperature': 0.1, 'eps': 0.2}}}
2025-09-29 15:26:07,470 - Epoch   0 Validation set [recall@5: 0.0459 recall@10: 0.0743 recall@20: 0.1119 ] [ndcg@5: 0.0463 ndcg@10: 0.0559 ndcg@20: 0.0682 ] 
2025-09-29 15:26:16,284 - Epoch   3 Validation set [recall@5: 0.0441 recall@10: 0.0706 recall@20: 0.1088 ] [ndcg@5: 0.0444 ndcg@10: 0.0535 ndcg@20: 0.0658 ] 
2025-09-29 15:26:25,589 - Epoch   6 Validation set [recall@5: 0.0516 recall@10: 0.0816 recall@20: 0.1262 ] [ndcg@5: 0.0507 ndcg@10: 0.0609 ndcg@20: 0.0755 ] 
2025-09-29 15:26:37,252 - Epoch   9 Validation set [recall@5: 0.0564 recall@10: 0.0880 recall@20: 0.1361 ] [ndcg@5: 0.0555 ndcg@10: 0.0663 ndcg@20: 0.0820 ] 
2025-09-29 15:26:47,041 - Epoch  12 Validation set [recall@5: 0.0599 recall@10: 0.0931 recall@20: 0.1450 ] [ndcg@5: 0.0591 ndcg@10: 0.0705 ndcg@20: 0.0872 ] 
2025-09-29 15:26:56,571 - Epoch  15 Validation set [recall@5: 0.0617 recall@10: 0.0957 recall@20: 0.1494 ] [ndcg@5: 0.0611 ndcg@10: 0.0727 ndcg@20: 0.0903 ] 
2025-09-29 15:27:05,618 - Epoch  18 Validation set [recall@5: 0.0641 recall@10: 0.0989 recall@20: 0.1525 ] [ndcg@5: 0.0630 ndcg@10: 0.0749 ndcg@20: 0.0926 ] 
2025-09-29 15:27:14,758 - Epoch  21 Validation set [recall@5: 0.0650 recall@10: 0.1017 recall@20: 0.1557 ] [ndcg@5: 0.0643 ndcg@10: 0.0769 ndcg@20: 0.0946 ] 
2025-09-29 15:27:23,854 - Epoch  24 Validation set [recall@5: 0.0648 recall@10: 0.1030 recall@20: 0.1579 ] [ndcg@5: 0.0646 ndcg@10: 0.0778 ndcg@20: 0.0958 ] 
2025-09-29 15:27:32,336 - Epoch  27 Validation set [recall@5: 0.0662 recall@10: 0.1046 recall@20: 0.1591 ] [ndcg@5: 0.0655 ndcg@10: 0.0789 ndcg@20: 0.0967 ] 
2025-09-29 15:27:40,974 - Epoch  30 Validation set [recall@5: 0.0673 recall@10: 0.1055 recall@20: 0.1609 ] [ndcg@5: 0.0662 ndcg@10: 0.0796 ndcg@20: 0.0977 ] 
2025-09-29 15:27:50,374 - Epoch  33 Validation set [recall@5: 0.0684 recall@10: 0.1063 recall@20: 0.1626 ] [ndcg@5: 0.0674 ndcg@10: 0.0805 ndcg@20: 0.0989 ] 
2025-09-29 15:27:58,902 - Epoch  36 Validation set [recall@5: 0.0694 recall@10: 0.1070 recall@20: 0.1637 ] [ndcg@5: 0.0683 ndcg@10: 0.0813 ndcg@20: 0.0998 ] 
2025-09-29 15:28:08,554 - Epoch  39 Validation set [recall@5: 0.0695 recall@10: 0.1081 recall@20: 0.1626 ] [ndcg@5: 0.0684 ndcg@10: 0.0817 ndcg@20: 0.0995 ] 
2025-09-29 15:28:18,314 - Epoch  42 Validation set [recall@5: 0.0696 recall@10: 0.1078 recall@20: 0.1635 ] [ndcg@5: 0.0688 ndcg@10: 0.0818 ndcg@20: 0.1000 ] 
2025-09-29 15:28:27,367 - Epoch  45 Validation set [recall@5: 0.0705 recall@10: 0.1085 recall@20: 0.1637 ] [ndcg@5: 0.0690 ndcg@10: 0.0819 ndcg@20: 0.1000 ] 
2025-09-29 15:28:35,783 - Epoch  48 Validation set [recall@5: 0.0705 recall@10: 0.1085 recall@20: 0.1632 ] [ndcg@5: 0.0688 ndcg@10: 0.0820 ndcg@20: 0.0999 ] 
2025-09-29 15:28:44,471 - Epoch  51 Validation set [recall@5: 0.0697 recall@10: 0.1095 recall@20: 0.1624 ] [ndcg@5: 0.0688 ndcg@10: 0.0823 ndcg@20: 0.0998 ] 
2025-09-29 15:28:45,886 - [recall@5: 0.0694 recall@10: 0.1070 recall@20: 0.1637 ] [ndcg@5: 0.0683 ndcg@10: 0.0813 ndcg@20: 0.0998 ] 
2025-09-29 15:28:47,253 - [recall@5: 0.0649 recall@10: 0.1047 recall@20: 0.1577 ] [ndcg@5: 0.0659 ndcg@10: 0.0797 ndcg@20: 0.0970 ] 
2025-09-29 15:28:47,266 - Save model parameters to ./encoder/checkpoint/simgcl_gene/simgcl_gene-amazon-2023.pth
2025-09-29 15:28:47,266 - Best Epoch 36. Final test result: {'recall': array([0.06490149, 0.1046742 , 0.15771525]), 'ndcg': array([0.06588656, 0.07972897, 0.09702399])}.
