2025-09-29 12:57:36,266 - {'optimizer': {'name': 'adam', 'lr': 0.001, 'weight_decay': 0}, 'train': {'epoch': 3000, 'batch_size': 4096, 'save_model': True, 'loss': 'pairwise', 'test_step': 3, 'reproducible': True, 'seed': 2023, 'patience': 5}, 'test': {'metrics': ['recall', 'ndcg'], 'k': [5, 10, 20], 'batch_size': 1024}, 'data': {'type': 'general_cf', 'name': 'amazon', 'user_num': 11000, 'item_num': 9332}, 'model': {'name': 'simgcl_gene', 'keep_rate': 1.0, 'embedding_size': 64, 'layer_num': 3, 'reg_weight': 1e-05, 'cl_weight': 0.1, 'cl_temperature': 0.2, 'mask_ratio': 0.05, 'recon_weight': 0.1, 're_temperature': 0.2, 'eps': 0.9, 'amazon': {'layer_num': 3, 'reg_weight': 1e-05, 'cl_weight': 0.1, 'cl_temperature': 0.2, 'mask_ratio': 0.05, 'recon_weight': 0.1, 're_temperature': 0.2, 'eps': 0.9}, 'yelp': {'layer_num': 3, 'reg_weight': 1e-05, 'cl_weight': 0.1, 'cl_temperature': 0.2, 'mask_ratio': 0.01, 'recon_weight': 0.01, 're_temperature': 0.05, 'eps': 0.9}, 'steam': {'layer_num': 3, 'reg_weight': 1e-05, 'cl_weight': 0.1, 'cl_temperature': 0.5, 'mask_ratio': 0.05, 'recon_weight': 0.01, 're_temperature': 0.1, 'eps': 0.2}}}
2025-09-29 12:57:40,927 - Epoch   0 Validation set [recall@5: 0.0459 recall@10: 0.0743 recall@20: 0.1119 ] [ndcg@5: 0.0463 ndcg@10: 0.0559 ndcg@20: 0.0682 ] 
2025-09-29 12:57:49,411 - Epoch   3 Validation set [recall@5: 0.0441 recall@10: 0.0706 recall@20: 0.1087 ] [ndcg@5: 0.0444 ndcg@10: 0.0535 ndcg@20: 0.0658 ] 
2025-09-29 12:57:57,343 - Epoch   6 Validation set [recall@5: 0.0516 recall@10: 0.0817 recall@20: 0.1261 ] [ndcg@5: 0.0508 ndcg@10: 0.0610 ndcg@20: 0.0755 ] 
2025-09-29 12:58:05,356 - Epoch   9 Validation set [recall@5: 0.0564 recall@10: 0.0880 recall@20: 0.1361 ] [ndcg@5: 0.0556 ndcg@10: 0.0663 ndcg@20: 0.0820 ] 
2025-09-29 12:58:13,152 - Epoch  12 Validation set [recall@5: 0.0598 recall@10: 0.0931 recall@20: 0.1450 ] [ndcg@5: 0.0591 ndcg@10: 0.0705 ndcg@20: 0.0872 ] 
2025-09-29 12:58:21,971 - Epoch  15 Validation set [recall@5: 0.0618 recall@10: 0.0956 recall@20: 0.1493 ] [ndcg@5: 0.0610 ndcg@10: 0.0727 ndcg@20: 0.0903 ] 
2025-09-29 12:58:31,149 - Epoch  18 Validation set [recall@5: 0.0641 recall@10: 0.0991 recall@20: 0.1524 ] [ndcg@5: 0.0630 ndcg@10: 0.0750 ndcg@20: 0.0926 ] 
2025-09-29 12:58:40,354 - Epoch  21 Validation set [recall@5: 0.0650 recall@10: 0.1016 recall@20: 0.1558 ] [ndcg@5: 0.0643 ndcg@10: 0.0769 ndcg@20: 0.0947 ] 
2025-09-29 12:58:49,380 - Epoch  24 Validation set [recall@5: 0.0649 recall@10: 0.1029 recall@20: 0.1580 ] [ndcg@5: 0.0645 ndcg@10: 0.0777 ndcg@20: 0.0957 ] 
2025-09-29 12:58:58,550 - Epoch  27 Validation set [recall@5: 0.0660 recall@10: 0.1044 recall@20: 0.1591 ] [ndcg@5: 0.0654 ndcg@10: 0.0788 ndcg@20: 0.0967 ] 
2025-09-29 12:59:07,932 - Epoch  30 Validation set [recall@5: 0.0670 recall@10: 0.1051 recall@20: 0.1612 ] [ndcg@5: 0.0661 ndcg@10: 0.0795 ndcg@20: 0.0978 ] 
2025-09-29 12:59:17,161 - Epoch  33 Validation set [recall@5: 0.0681 recall@10: 0.1062 recall@20: 0.1622 ] [ndcg@5: 0.0674 ndcg@10: 0.0806 ndcg@20: 0.0989 ] 
2025-09-29 12:59:26,279 - Epoch  36 Validation set [recall@5: 0.0690 recall@10: 0.1071 recall@20: 0.1632 ] [ndcg@5: 0.0681 ndcg@10: 0.0813 ndcg@20: 0.0996 ] 
2025-09-29 12:59:35,074 - Epoch  39 Validation set [recall@5: 0.0695 recall@10: 0.1082 recall@20: 0.1624 ] [ndcg@5: 0.0684 ndcg@10: 0.0819 ndcg@20: 0.0995 ] 
2025-09-29 12:59:43,297 - Epoch  42 Validation set [recall@5: 0.0698 recall@10: 0.1082 recall@20: 0.1633 ] [ndcg@5: 0.0689 ndcg@10: 0.0821 ndcg@20: 0.1001 ] 
2025-09-29 12:59:51,486 - Epoch  45 Validation set [recall@5: 0.0707 recall@10: 0.1090 recall@20: 0.1634 ] [ndcg@5: 0.0691 ndcg@10: 0.0821 ndcg@20: 0.1000 ] 
2025-09-29 12:59:59,601 - Epoch  48 Validation set [recall@5: 0.0706 recall@10: 0.1083 recall@20: 0.1632 ] [ndcg@5: 0.0691 ndcg@10: 0.0821 ndcg@20: 0.1001 ] 
2025-09-29 13:00:08,068 - Epoch  51 Validation set [recall@5: 0.0698 recall@10: 0.1094 recall@20: 0.1629 ] [ndcg@5: 0.0687 ndcg@10: 0.0823 ndcg@20: 0.0999 ] 
2025-09-29 13:00:16,446 - Epoch  54 Validation set [recall@5: 0.0697 recall@10: 0.1101 recall@20: 0.1623 ] [ndcg@5: 0.0690 ndcg@10: 0.0829 ndcg@20: 0.1001 ] 
2025-09-29 13:00:24,548 - Epoch  57 Validation set [recall@5: 0.0700 recall@10: 0.1097 recall@20: 0.1628 ] [ndcg@5: 0.0691 ndcg@10: 0.0826 ndcg@20: 0.1001 ] 
2025-09-29 13:00:32,365 - Epoch  60 Validation set [recall@5: 0.0706 recall@10: 0.1100 recall@20: 0.1623 ] [ndcg@5: 0.0694 ndcg@10: 0.0827 ndcg@20: 0.1001 ] 
2025-09-29 13:00:34,011 - [recall@5: 0.0707 recall@10: 0.1090 recall@20: 0.1634 ] [ndcg@5: 0.0691 ndcg@10: 0.0821 ndcg@20: 0.1000 ] 
2025-09-29 13:00:35,514 - [recall@5: 0.0659 recall@10: 0.1048 recall@20: 0.1592 ] [ndcg@5: 0.0668 ndcg@10: 0.0804 ndcg@20: 0.0981 ] 
2025-09-29 13:00:35,524 - Save model parameters to ./encoder/checkpoint/simgcl_gene/simgcl_gene-amazon-2023.pth
2025-09-29 13:00:35,525 - Best Epoch 45. Final test result: {'recall': array([0.06591676, 0.10478437, 0.15921128]), 'ndcg': array([0.06680584, 0.08037626, 0.09811076])}.
