2025-09-29 16:00:30,945 - {'optimizer': {'name': 'adam', 'lr': 0.001, 'weight_decay': 0}, 'train': {'epoch': 3000, 'batch_size': 4096, 'save_model': True, 'loss': 'pairwise', 'test_step': 3, 'reproducible': True, 'seed': 2023, 'patience': 5}, 'test': {'metrics': ['recall', 'ndcg'], 'k': [5, 10, 20], 'batch_size': 1024}, 'data': {'type': 'general_cf', 'name': 'yelp', 'user_num': 11091, 'item_num': 11010}, 'model': {'name': 'simgcl_gene', 'keep_rate': 1.0, 'embedding_size': 64, 'layer_num': 3, 'reg_weight': 1e-05, 'cl_weight': 0.1, 'cl_temperature': 0.2, 'mask_ratio': 0.01, 'recon_weight': 0.01, 're_temperature': 0.05, 'eps': 0.9, 'amazon': {'layer_num': 3, 'reg_weight': 1e-05, 'cl_weight': 0.1, 'cl_temperature': 0.2, 'mask_ratio': 0.05, 'recon_weight': 0.1, 're_temperature': 0.2, 'eps': 0.9}, 'yelp': {'layer_num': 3, 'reg_weight': 1e-05, 'cl_weight': 0.1, 'cl_temperature': 0.2, 'mask_ratio': 0.01, 'recon_weight': 0.01, 're_temperature': 0.05, 'eps': 0.9}, 'steam': {'layer_num': 3, 'reg_weight': 1e-05, 'cl_weight': 0.1, 'cl_temperature': 0.5, 'mask_ratio': 0.05, 'recon_weight': 0.01, 're_temperature': 0.1, 'eps': 0.2}}}
2025-09-29 16:00:36,762 - Epoch   0 Validation set [recall@5: 0.0364 recall@10: 0.0602 recall@20: 0.0995 ] [ndcg@5: 0.0431 ndcg@10: 0.0501 ndcg@20: 0.0632 ] 
2025-09-29 16:00:47,676 - Epoch   3 Validation set [recall@5: 0.0364 recall@10: 0.0611 recall@20: 0.1005 ] [ndcg@5: 0.0432 ndcg@10: 0.0507 ndcg@20: 0.0639 ] 
2025-09-29 16:00:59,146 - Epoch   6 Validation set [recall@5: 0.0394 recall@10: 0.0671 recall@20: 0.1103 ] [ndcg@5: 0.0471 ndcg@10: 0.0559 ndcg@20: 0.0704 ] 
2025-09-29 16:01:09,984 - Epoch   9 Validation set [recall@5: 0.0420 recall@10: 0.0706 recall@20: 0.1162 ] [ndcg@5: 0.0495 ndcg@10: 0.0584 ndcg@20: 0.0739 ] 
2025-09-29 16:01:21,162 - Epoch  12 Validation set [recall@5: 0.0431 recall@10: 0.0723 recall@20: 0.1214 ] [ndcg@5: 0.0511 ndcg@10: 0.0602 ndcg@20: 0.0769 ] 
2025-09-29 16:01:33,398 - Epoch  15 Validation set [recall@5: 0.0448 recall@10: 0.0742 recall@20: 0.1230 ] [ndcg@5: 0.0526 ndcg@10: 0.0618 ndcg@20: 0.0783 ] 
2025-09-29 16:01:46,834 - Epoch  18 Validation set [recall@5: 0.0452 recall@10: 0.0759 recall@20: 0.1255 ] [ndcg@5: 0.0535 ndcg@10: 0.0633 ndcg@20: 0.0798 ] 
2025-09-29 16:01:58,122 - Epoch  21 Validation set [recall@5: 0.0458 recall@10: 0.0769 recall@20: 0.1262 ] [ndcg@5: 0.0544 ndcg@10: 0.0641 ndcg@20: 0.0807 ] 
2025-09-29 16:02:09,012 - Epoch  24 Validation set [recall@5: 0.0462 recall@10: 0.0776 recall@20: 0.1287 ] [ndcg@5: 0.0546 ndcg@10: 0.0646 ndcg@20: 0.0818 ] 
2025-09-29 16:02:19,839 - Epoch  27 Validation set [recall@5: 0.0469 recall@10: 0.0774 recall@20: 0.1288 ] [ndcg@5: 0.0556 ndcg@10: 0.0651 ndcg@20: 0.0824 ] 
2025-09-29 16:02:30,346 - Epoch  30 Validation set [recall@5: 0.0469 recall@10: 0.0777 recall@20: 0.1299 ] [ndcg@5: 0.0557 ndcg@10: 0.0651 ndcg@20: 0.0828 ] 
2025-09-29 16:02:40,973 - Epoch  33 Validation set [recall@5: 0.0475 recall@10: 0.0784 recall@20: 0.1307 ] [ndcg@5: 0.0560 ndcg@10: 0.0656 ndcg@20: 0.0831 ] 
2025-09-29 16:02:51,706 - Epoch  36 Validation set [recall@5: 0.0472 recall@10: 0.0799 recall@20: 0.1306 ] [ndcg@5: 0.0560 ndcg@10: 0.0663 ndcg@20: 0.0833 ] 
2025-09-29 16:03:02,347 - Epoch  39 Validation set [recall@5: 0.0476 recall@10: 0.0792 recall@20: 0.1313 ] [ndcg@5: 0.0562 ndcg@10: 0.0662 ndcg@20: 0.0837 ] 
2025-09-29 16:03:14,339 - Epoch  42 Validation set [recall@5: 0.0473 recall@10: 0.0790 recall@20: 0.1312 ] [ndcg@5: 0.0556 ndcg@10: 0.0656 ndcg@20: 0.0831 ] 
2025-09-29 16:03:25,500 - Epoch  45 Validation set [recall@5: 0.0469 recall@10: 0.0800 recall@20: 0.1312 ] [ndcg@5: 0.0554 ndcg@10: 0.0657 ndcg@20: 0.0829 ] 
2025-09-29 16:03:36,183 - Epoch  48 Validation set [recall@5: 0.0469 recall@10: 0.0806 recall@20: 0.1316 ] [ndcg@5: 0.0554 ndcg@10: 0.0661 ndcg@20: 0.0832 ] 
2025-09-29 16:03:46,981 - Epoch  51 Validation set [recall@5: 0.0476 recall@10: 0.0812 recall@20: 0.1317 ] [ndcg@5: 0.0558 ndcg@10: 0.0663 ndcg@20: 0.0833 ] 
2025-09-29 16:03:57,901 - Epoch  54 Validation set [recall@5: 0.0476 recall@10: 0.0807 recall@20: 0.1326 ] [ndcg@5: 0.0558 ndcg@10: 0.0662 ndcg@20: 0.0836 ] 
2025-09-29 16:04:08,669 - Epoch  57 Validation set [recall@5: 0.0478 recall@10: 0.0810 recall@20: 0.1315 ] [ndcg@5: 0.0562 ndcg@10: 0.0664 ndcg@20: 0.0832 ] 
2025-09-29 16:04:19,478 - Epoch  60 Validation set [recall@5: 0.0477 recall@10: 0.0801 recall@20: 0.1313 ] [ndcg@5: 0.0560 ndcg@10: 0.0658 ndcg@20: 0.0830 ] 
2025-09-29 16:04:30,927 - Epoch  63 Validation set [recall@5: 0.0474 recall@10: 0.0801 recall@20: 0.1322 ] [ndcg@5: 0.0559 ndcg@10: 0.0660 ndcg@20: 0.0835 ] 
2025-09-29 16:04:42,317 - Epoch  66 Validation set [recall@5: 0.0473 recall@10: 0.0797 recall@20: 0.1319 ] [ndcg@5: 0.0555 ndcg@10: 0.0655 ndcg@20: 0.0830 ] 
2025-09-29 16:04:53,882 - Epoch  69 Validation set [recall@5: 0.0465 recall@10: 0.0801 recall@20: 0.1316 ] [ndcg@5: 0.0551 ndcg@10: 0.0655 ndcg@20: 0.0827 ] 
2025-09-29 16:04:55,553 - [recall@5: 0.0476 recall@10: 0.0807 recall@20: 0.1326 ] [ndcg@5: 0.0558 ndcg@10: 0.0662 ndcg@20: 0.0836 ] 
2025-09-29 16:04:57,216 - [recall@5: 0.0467 recall@10: 0.0783 recall@20: 0.1303 ] [ndcg@5: 0.0553 ndcg@10: 0.0651 ndcg@20: 0.0826 ] 
2025-09-29 16:04:57,227 - Save model parameters to ./encoder/checkpoint/simgcl_gene/simgcl_gene-yelp-2023.pth
2025-09-29 16:04:57,228 - Best Epoch 54. Final test result: {'recall': array([0.04667028, 0.07831242, 0.1303165 ]), 'ndcg': array([0.05533393, 0.0651227 , 0.08261863])}.
