2025-09-29 15:35:27,973 - {'optimizer': {'name': 'adam', 'lr': 0.001, 'weight_decay': 0}, 'train': {'epoch': 3000, 'batch_size': 4096, 'save_model': True, 'loss': 'pairwise', 'test_step': 3, 'reproducible': True, 'seed': 2023, 'patience': 5}, 'test': {'metrics': ['recall', 'ndcg'], 'k': [5, 10, 20], 'batch_size': 1024}, 'data': {'type': 'general_cf', 'name': 'yelp', 'user_num': 11091, 'item_num': 11010}, 'model': {'name': 'simgcl_gene', 'keep_rate': 1.0, 'embedding_size': 64, 'layer_num': 3, 'reg_weight': 1e-05, 'cl_weight': 0.1, 'cl_temperature': 0.2, 'mask_ratio': 0.01, 'recon_weight': 0.01, 're_temperature': 0.05, 'eps': 0.9, 'amazon': {'layer_num': 3, 'reg_weight': 1e-05, 'cl_weight': 0.1, 'cl_temperature': 0.2, 'mask_ratio': 0.05, 'recon_weight': 0.1, 're_temperature': 0.2, 'eps': 0.9}, 'yelp': {'layer_num': 3, 'reg_weight': 1e-05, 'cl_weight': 0.1, 'cl_temperature': 0.2, 'mask_ratio': 0.01, 'recon_weight': 0.01, 're_temperature': 0.05, 'eps': 0.9}, 'steam': {'layer_num': 3, 'reg_weight': 1e-05, 'cl_weight': 0.1, 'cl_temperature': 0.5, 'mask_ratio': 0.05, 'recon_weight': 0.01, 're_temperature': 0.1, 'eps': 0.2}}}
2025-09-29 15:35:34,715 - Epoch   0 Validation set [recall@5: 0.0364 recall@10: 0.0602 recall@20: 0.0995 ] [ndcg@5: 0.0431 ndcg@10: 0.0501 ndcg@20: 0.0632 ] 
2025-09-29 15:35:46,294 - Epoch   3 Validation set [recall@5: 0.0364 recall@10: 0.0611 recall@20: 0.1005 ] [ndcg@5: 0.0432 ndcg@10: 0.0507 ndcg@20: 0.0639 ] 
2025-09-29 15:35:58,734 - Epoch   6 Validation set [recall@5: 0.0394 recall@10: 0.0671 recall@20: 0.1103 ] [ndcg@5: 0.0471 ndcg@10: 0.0559 ndcg@20: 0.0704 ] 
2025-09-29 15:36:09,714 - Epoch   9 Validation set [recall@5: 0.0419 recall@10: 0.0707 recall@20: 0.1161 ] [ndcg@5: 0.0494 ndcg@10: 0.0584 ndcg@20: 0.0739 ] 
2025-09-29 15:36:21,131 - Epoch  12 Validation set [recall@5: 0.0433 recall@10: 0.0723 recall@20: 0.1214 ] [ndcg@5: 0.0512 ndcg@10: 0.0602 ndcg@20: 0.0769 ] 
2025-09-29 15:36:32,007 - Epoch  15 Validation set [recall@5: 0.0449 recall@10: 0.0745 recall@20: 0.1231 ] [ndcg@5: 0.0526 ndcg@10: 0.0619 ndcg@20: 0.0783 ] 
2025-09-29 15:36:42,773 - Epoch  18 Validation set [recall@5: 0.0452 recall@10: 0.0759 recall@20: 0.1253 ] [ndcg@5: 0.0535 ndcg@10: 0.0632 ndcg@20: 0.0797 ] 
2025-09-29 15:36:53,783 - Epoch  21 Validation set [recall@5: 0.0460 recall@10: 0.0769 recall@20: 0.1261 ] [ndcg@5: 0.0545 ndcg@10: 0.0642 ndcg@20: 0.0808 ] 
2025-09-29 15:37:05,117 - Epoch  24 Validation set [recall@5: 0.0463 recall@10: 0.0772 recall@20: 0.1284 ] [ndcg@5: 0.0547 ndcg@10: 0.0645 ndcg@20: 0.0817 ] 
2025-09-29 15:37:19,025 - Epoch  27 Validation set [recall@5: 0.0467 recall@10: 0.0776 recall@20: 0.1286 ] [ndcg@5: 0.0555 ndcg@10: 0.0651 ndcg@20: 0.0822 ] 
2025-09-29 15:37:29,832 - Epoch  30 Validation set [recall@5: 0.0471 recall@10: 0.0777 recall@20: 0.1302 ] [ndcg@5: 0.0558 ndcg@10: 0.0651 ndcg@20: 0.0829 ] 
2025-09-29 15:37:40,713 - Epoch  33 Validation set [recall@5: 0.0477 recall@10: 0.0781 recall@20: 0.1306 ] [ndcg@5: 0.0562 ndcg@10: 0.0656 ndcg@20: 0.0831 ] 
2025-09-29 15:37:51,448 - Epoch  36 Validation set [recall@5: 0.0470 recall@10: 0.0792 recall@20: 0.1307 ] [ndcg@5: 0.0559 ndcg@10: 0.0660 ndcg@20: 0.0833 ] 
2025-09-29 15:38:02,137 - Epoch  39 Validation set [recall@5: 0.0476 recall@10: 0.0794 recall@20: 0.1315 ] [ndcg@5: 0.0561 ndcg@10: 0.0661 ndcg@20: 0.0836 ] 
2025-09-29 15:38:12,873 - Epoch  42 Validation set [recall@5: 0.0475 recall@10: 0.0791 recall@20: 0.1313 ] [ndcg@5: 0.0558 ndcg@10: 0.0657 ndcg@20: 0.0832 ] 
2025-09-29 15:38:23,685 - Epoch  45 Validation set [recall@5: 0.0466 recall@10: 0.0798 recall@20: 0.1314 ] [ndcg@5: 0.0552 ndcg@10: 0.0657 ndcg@20: 0.0829 ] 
2025-09-29 15:38:34,318 - Epoch  48 Validation set [recall@5: 0.0469 recall@10: 0.0803 recall@20: 0.1311 ] [ndcg@5: 0.0553 ndcg@10: 0.0659 ndcg@20: 0.0830 ] 
2025-09-29 15:38:45,725 - Epoch  51 Validation set [recall@5: 0.0474 recall@10: 0.0809 recall@20: 0.1315 ] [ndcg@5: 0.0557 ndcg@10: 0.0662 ndcg@20: 0.0832 ] 
2025-09-29 15:38:57,874 - Epoch  54 Validation set [recall@5: 0.0479 recall@10: 0.0809 recall@20: 0.1330 ] [ndcg@5: 0.0560 ndcg@10: 0.0664 ndcg@20: 0.0838 ] 
2025-09-29 15:39:08,773 - Epoch  57 Validation set [recall@5: 0.0478 recall@10: 0.0811 recall@20: 0.1316 ] [ndcg@5: 0.0562 ndcg@10: 0.0665 ndcg@20: 0.0833 ] 
2025-09-29 15:39:19,631 - Epoch  60 Validation set [recall@5: 0.0478 recall@10: 0.0800 recall@20: 0.1313 ] [ndcg@5: 0.0559 ndcg@10: 0.0658 ndcg@20: 0.0830 ] 
2025-09-29 15:39:30,517 - Epoch  63 Validation set [recall@5: 0.0477 recall@10: 0.0801 recall@20: 0.1326 ] [ndcg@5: 0.0562 ndcg@10: 0.0662 ndcg@20: 0.0837 ] 
2025-09-29 15:39:41,281 - Epoch  66 Validation set [recall@5: 0.0469 recall@10: 0.0800 recall@20: 0.1318 ] [ndcg@5: 0.0554 ndcg@10: 0.0655 ndcg@20: 0.0830 ] 
2025-09-29 15:39:52,781 - Epoch  69 Validation set [recall@5: 0.0465 recall@10: 0.0805 recall@20: 0.1311 ] [ndcg@5: 0.0551 ndcg@10: 0.0657 ndcg@20: 0.0825 ] 
2025-09-29 15:39:54,506 - [recall@5: 0.0479 recall@10: 0.0809 recall@20: 0.1330 ] [ndcg@5: 0.0560 ndcg@10: 0.0664 ndcg@20: 0.0838 ] 
2025-09-29 15:39:56,121 - [recall@5: 0.0468 recall@10: 0.0783 recall@20: 0.1302 ] [ndcg@5: 0.0556 ndcg@10: 0.0653 ndcg@20: 0.0828 ] 
2025-09-29 15:39:56,132 - Save model parameters to ./encoder/checkpoint/simgcl_gene/simgcl_gene-yelp-2023.pth
2025-09-29 15:39:56,132 - Best Epoch 54. Final test result: {'recall': array([0.04676057, 0.07830323, 0.13023033]), 'ndcg': array([0.05558948, 0.06528505, 0.08277543])}.
