2025-09-28 15:37:53,632 - {'optimizer': {'name': 'adam', 'lr': 0.001, 'weight_decay': 0}, 'train': {'epoch': 3000, 'batch_size': 4096, 'save_model': False, 'loss': 'pairwise', 'test_step': 3, 'reproducible': True, 'seed': 2023, 'patience': 5}, 'test': {'metrics': ['recall', 'ndcg'], 'k': [5, 10, 20], 'batch_size': 1024}, 'data': {'type': 'general_cf', 'name': 'amazon', 'user_num': 11000, 'item_num': 9332}, 'model': {'name': 'simgcl', 'keep_rate': 1.0, 'embedding_size': 32, 'layer_num': 3, 'reg_weight': 1e-05, 'cl_weight': 0.1, 'temperature': 0.2, 'eps': 0.9, 'amazon': {'layer_num': 3, 'reg_weight': 1e-05, 'cl_weight': 0.1, 'temperature': 0.2, 'eps': 0.0}, 'yelp': {'layer_num': 3, 'reg_weight': 1e-05, 'cl_weight': 0.1, 'temperature': 0.2, 'eps': 0.9}, 'steam': {'layer_num': 3, 'reg_weight': 1e-05, 'cl_weight': 0.1, 'temperature': 0.5, 'eps': 0.2}}}
2025-09-28 15:37:58,142 - Epoch   0 Validation set [recall@5: 0.0013 recall@10: 0.0026 recall@20: 0.0043 ] [ndcg@5: 0.0015 ndcg@10: 0.0019 ndcg@20: 0.0026 ] 
2025-09-28 15:38:05,263 - Epoch   3 Validation set [recall@5: 0.0060 recall@10: 0.0103 recall@20: 0.0168 ] [ndcg@5: 0.0057 ndcg@10: 0.0072 ndcg@20: 0.0093 ] 
2025-09-28 15:38:12,640 - Epoch   6 Validation set [recall@5: 0.0117 recall@10: 0.0198 recall@20: 0.0288 ] [ndcg@5: 0.0101 ndcg@10: 0.0133 ndcg@20: 0.0161 ] 
2025-09-28 15:38:20,323 - Epoch   9 Validation set [recall@5: 0.0124 recall@10: 0.0209 recall@20: 0.0325 ] [ndcg@5: 0.0113 ndcg@10: 0.0145 ndcg@20: 0.0183 ] 
2025-09-28 15:38:27,809 - Epoch  12 Validation set [recall@5: 0.0139 recall@10: 0.0219 recall@20: 0.0356 ] [ndcg@5: 0.0132 ndcg@10: 0.0161 ndcg@20: 0.0207 ] 
2025-09-28 15:38:35,072 - Epoch  15 Validation set [recall@5: 0.0194 recall@10: 0.0323 recall@20: 0.0512 ] [ndcg@5: 0.0198 ndcg@10: 0.0243 ndcg@20: 0.0304 ] 
2025-09-28 15:38:42,512 - Epoch  18 Validation set [recall@5: 0.0376 recall@10: 0.0592 recall@20: 0.0901 ] [ndcg@5: 0.0388 ndcg@10: 0.0461 ndcg@20: 0.0562 ] 
2025-09-28 15:38:50,064 - Epoch  21 Validation set [recall@5: 0.0568 recall@10: 0.0875 recall@20: 0.1301 ] [ndcg@5: 0.0569 ndcg@10: 0.0674 ndcg@20: 0.0814 ] 
2025-09-28 15:38:56,935 - Epoch  24 Validation set [recall@5: 0.0625 recall@10: 0.0968 recall@20: 0.1445 ] [ndcg@5: 0.0625 ndcg@10: 0.0744 ndcg@20: 0.0900 ] 
2025-09-28 15:39:03,525 - Epoch  27 Validation set [recall@5: 0.0656 recall@10: 0.1004 recall@20: 0.1516 ] [ndcg@5: 0.0649 ndcg@10: 0.0769 ndcg@20: 0.0937 ] 
2025-09-28 15:39:10,283 - Epoch  30 Validation set [recall@5: 0.0675 recall@10: 0.1026 recall@20: 0.1533 ] [ndcg@5: 0.0668 ndcg@10: 0.0785 ndcg@20: 0.0953 ] 
2025-09-28 15:39:16,878 - Epoch  33 Validation set [recall@5: 0.0673 recall@10: 0.1038 recall@20: 0.1539 ] [ndcg@5: 0.0667 ndcg@10: 0.0790 ndcg@20: 0.0956 ] 
2025-09-28 15:39:22,860 - Epoch  36 Validation set [recall@5: 0.0680 recall@10: 0.1040 recall@20: 0.1542 ] [ndcg@5: 0.0671 ndcg@10: 0.0794 ndcg@20: 0.0959 ] 
2025-09-28 15:39:29,304 - Epoch  39 Validation set [recall@5: 0.0677 recall@10: 0.1037 recall@20: 0.1538 ] [ndcg@5: 0.0668 ndcg@10: 0.0790 ndcg@20: 0.0955 ] 
2025-09-28 15:39:35,880 - Epoch  42 Validation set [recall@5: 0.0668 recall@10: 0.1043 recall@20: 0.1536 ] [ndcg@5: 0.0662 ndcg@10: 0.0791 ndcg@20: 0.0954 ] 
2025-09-28 15:39:42,740 - Epoch  45 Validation set [recall@5: 0.0664 recall@10: 0.1033 recall@20: 0.1544 ] [ndcg@5: 0.0662 ndcg@10: 0.0788 ndcg@20: 0.0956 ] 
2025-09-28 15:39:49,453 - Epoch  48 Validation set [recall@5: 0.0664 recall@10: 0.1034 recall@20: 0.1533 ] [ndcg@5: 0.0659 ndcg@10: 0.0785 ndcg@20: 0.0950 ] 
2025-09-28 15:39:55,937 - Epoch  51 Validation set [recall@5: 0.0665 recall@10: 0.1032 recall@20: 0.1540 ] [ndcg@5: 0.0661 ndcg@10: 0.0786 ndcg@20: 0.0952 ] 
2025-09-28 15:40:02,540 - Epoch  54 Validation set [recall@5: 0.0664 recall@10: 0.1028 recall@20: 0.1540 ] [ndcg@5: 0.0657 ndcg@10: 0.0780 ndcg@20: 0.0948 ] 
2025-09-28 15:40:09,281 - Epoch  57 Validation set [recall@5: 0.0666 recall@10: 0.1027 recall@20: 0.1539 ] [ndcg@5: 0.0655 ndcg@10: 0.0777 ndcg@20: 0.0945 ] 
2025-09-28 15:40:15,504 - Epoch  60 Validation set [recall@5: 0.0661 recall@10: 0.1030 recall@20: 0.1541 ] [ndcg@5: 0.0653 ndcg@10: 0.0780 ndcg@20: 0.0947 ] 
2025-09-28 15:40:16,953 - [recall@5: 0.0664 recall@10: 0.1033 recall@20: 0.1544 ] [ndcg@5: 0.0662 ndcg@10: 0.0788 ndcg@20: 0.0956 ] 
2025-09-28 15:40:18,426 - [recall@5: 0.0645 recall@10: 0.1025 recall@20: 0.1498 ] [ndcg@5: 0.0650 ndcg@10: 0.0778 ndcg@20: 0.0934 ] 
2025-09-28 15:40:18,427 - Best Epoch 45. Final test result: {'recall': array([0.06454939, 0.1025015 , 0.14975446]), 'ndcg': array([0.06501101, 0.07782126, 0.09343321])}.
