2025-09-28 15:45:40,114 - {'optimizer': {'name': 'adam', 'lr': 0.001, 'weight_decay': 0}, 'train': {'epoch': 3000, 'batch_size': 4096, 'save_model': False, 'loss': 'pairwise', 'test_step': 3, 'reproducible': True, 'seed': 2023, 'patience': 5}, 'test': {'metrics': ['recall', 'ndcg'], 'k': [5, 10, 20], 'batch_size': 1024}, 'data': {'type': 'general_cf', 'name': 'amazon', 'user_num': 11000, 'item_num': 9332}, 'model': {'name': 'simgcl', 'keep_rate': 1.0, 'embedding_size': 64, 'layer_num': 3, 'reg_weight': 1e-05, 'cl_weight': 0.1, 'temperature': 0.2, 'eps': 0.9, 'amazon': {'layer_num': 3, 'reg_weight': 1e-05, 'cl_weight': 0.1, 'temperature': 0.2, 'eps': 0.1}, 'yelp': {'layer_num': 3, 'reg_weight': 1e-05, 'cl_weight': 0.1, 'temperature': 0.2, 'eps': 0.9}, 'steam': {'layer_num': 3, 'reg_weight': 1e-05, 'cl_weight': 0.1, 'temperature': 0.5, 'eps': 0.2}}}
2025-09-28 15:45:44,813 - Epoch   0 Validation set [recall@5: 0.0273 recall@10: 0.0405 recall@20: 0.0598 ] [ndcg@5: 0.0278 ndcg@10: 0.0322 ndcg@20: 0.0383 ] 
2025-09-28 15:45:53,412 - Epoch   3 Validation set [recall@5: 0.0594 recall@10: 0.0917 recall@20: 0.1353 ] [ndcg@5: 0.0598 ndcg@10: 0.0707 ndcg@20: 0.0849 ] 
2025-09-28 15:46:01,538 - Epoch   6 Validation set [recall@5: 0.0672 recall@10: 0.1021 recall@20: 0.1517 ] [ndcg@5: 0.0660 ndcg@10: 0.0777 ndcg@20: 0.0938 ] 
2025-09-28 15:46:09,798 - Epoch   9 Validation set [recall@5: 0.0715 recall@10: 0.1089 recall@20: 0.1610 ] [ndcg@5: 0.0707 ndcg@10: 0.0832 ndcg@20: 0.1001 ] 
2025-09-28 15:46:18,093 - Epoch  12 Validation set [recall@5: 0.0743 recall@10: 0.1129 recall@20: 0.1652 ] [ndcg@5: 0.0734 ndcg@10: 0.0863 ndcg@20: 0.1034 ] 
2025-09-28 15:46:26,481 - Epoch  15 Validation set [recall@5: 0.0761 recall@10: 0.1151 recall@20: 0.1685 ] [ndcg@5: 0.0748 ndcg@10: 0.0879 ndcg@20: 0.1054 ] 
2025-09-28 15:46:34,999 - Epoch  18 Validation set [recall@5: 0.0767 recall@10: 0.1145 recall@20: 0.1701 ] [ndcg@5: 0.0752 ndcg@10: 0.0880 ndcg@20: 0.1062 ] 
2025-09-28 15:46:43,699 - Epoch  21 Validation set [recall@5: 0.0763 recall@10: 0.1151 recall@20: 0.1704 ] [ndcg@5: 0.0751 ndcg@10: 0.0884 ndcg@20: 0.1063 ] 
2025-09-28 15:46:52,212 - Epoch  24 Validation set [recall@5: 0.0768 recall@10: 0.1154 recall@20: 0.1704 ] [ndcg@5: 0.0752 ndcg@10: 0.0883 ndcg@20: 0.1062 ] 
2025-09-28 15:47:00,670 - Epoch  27 Validation set [recall@5: 0.0758 recall@10: 0.1158 recall@20: 0.1709 ] [ndcg@5: 0.0747 ndcg@10: 0.0882 ndcg@20: 0.1062 ] 
2025-09-28 15:47:09,005 - Epoch  30 Validation set [recall@5: 0.0764 recall@10: 0.1154 recall@20: 0.1714 ] [ndcg@5: 0.0748 ndcg@10: 0.0881 ndcg@20: 0.1065 ] 
2025-09-28 15:47:17,474 - Epoch  33 Validation set [recall@5: 0.0763 recall@10: 0.1156 recall@20: 0.1704 ] [ndcg@5: 0.0751 ndcg@10: 0.0883 ndcg@20: 0.1063 ] 
2025-09-28 15:47:25,649 - Epoch  36 Validation set [recall@5: 0.0757 recall@10: 0.1157 recall@20: 0.1707 ] [ndcg@5: 0.0745 ndcg@10: 0.0882 ndcg@20: 0.1061 ] 
2025-09-28 15:47:34,488 - Epoch  39 Validation set [recall@5: 0.0759 recall@10: 0.1156 recall@20: 0.1716 ] [ndcg@5: 0.0748 ndcg@10: 0.0884 ndcg@20: 0.1067 ] 
2025-09-28 15:47:42,791 - Epoch  42 Validation set [recall@5: 0.0761 recall@10: 0.1159 recall@20: 0.1719 ] [ndcg@5: 0.0749 ndcg@10: 0.0885 ndcg@20: 0.1067 ] 
2025-09-28 15:47:51,138 - Epoch  45 Validation set [recall@5: 0.0756 recall@10: 0.1159 recall@20: 0.1717 ] [ndcg@5: 0.0747 ndcg@10: 0.0888 ndcg@20: 0.1069 ] 
2025-09-28 15:47:59,428 - Epoch  48 Validation set [recall@5: 0.0750 recall@10: 0.1165 recall@20: 0.1709 ] [ndcg@5: 0.0741 ndcg@10: 0.0885 ndcg@20: 0.1064 ] 
2025-09-28 15:48:07,221 - Epoch  51 Validation set [recall@5: 0.0758 recall@10: 0.1161 recall@20: 0.1708 ] [ndcg@5: 0.0744 ndcg@10: 0.0884 ndcg@20: 0.1064 ] 
2025-09-28 15:48:14,464 - Epoch  54 Validation set [recall@5: 0.0756 recall@10: 0.1156 recall@20: 0.1708 ] [ndcg@5: 0.0743 ndcg@10: 0.0885 ndcg@20: 0.1065 ] 
2025-09-28 15:48:22,841 - Epoch  57 Validation set [recall@5: 0.0753 recall@10: 0.1156 recall@20: 0.1722 ] [ndcg@5: 0.0746 ndcg@10: 0.0886 ndcg@20: 0.1072 ] 
2025-09-28 15:48:31,232 - Epoch  60 Validation set [recall@5: 0.0761 recall@10: 0.1165 recall@20: 0.1727 ] [ndcg@5: 0.0752 ndcg@10: 0.0892 ndcg@20: 0.1075 ] 
2025-09-28 15:48:40,315 - Epoch  63 Validation set [recall@5: 0.0757 recall@10: 0.1156 recall@20: 0.1721 ] [ndcg@5: 0.0751 ndcg@10: 0.0890 ndcg@20: 0.1074 ] 
2025-09-28 15:48:49,247 - Epoch  66 Validation set [recall@5: 0.0750 recall@10: 0.1148 recall@20: 0.1717 ] [ndcg@5: 0.0745 ndcg@10: 0.0884 ndcg@20: 0.1071 ] 
2025-09-28 15:48:58,208 - Epoch  69 Validation set [recall@5: 0.0756 recall@10: 0.1156 recall@20: 0.1728 ] [ndcg@5: 0.0748 ndcg@10: 0.0887 ndcg@20: 0.1074 ] 
2025-09-28 15:49:07,227 - Epoch  72 Validation set [recall@5: 0.0763 recall@10: 0.1161 recall@20: 0.1722 ] [ndcg@5: 0.0753 ndcg@10: 0.0893 ndcg@20: 0.1076 ] 
2025-09-28 15:49:16,365 - Epoch  75 Validation set [recall@5: 0.0769 recall@10: 0.1163 recall@20: 0.1726 ] [ndcg@5: 0.0755 ndcg@10: 0.0890 ndcg@20: 0.1076 ] 
2025-09-28 15:49:25,608 - Epoch  78 Validation set [recall@5: 0.0763 recall@10: 0.1167 recall@20: 0.1718 ] [ndcg@5: 0.0750 ndcg@10: 0.0891 ndcg@20: 0.1072 ] 
2025-09-28 15:49:34,600 - Epoch  81 Validation set [recall@5: 0.0763 recall@10: 0.1176 recall@20: 0.1715 ] [ndcg@5: 0.0748 ndcg@10: 0.0891 ndcg@20: 0.1068 ] 
2025-09-28 15:49:43,915 - Epoch  84 Validation set [recall@5: 0.0770 recall@10: 0.1157 recall@20: 0.1709 ] [ndcg@5: 0.0755 ndcg@10: 0.0887 ndcg@20: 0.1068 ] 
2025-09-28 15:49:45,294 - [recall@5: 0.0756 recall@10: 0.1156 recall@20: 0.1728 ] [ndcg@5: 0.0748 ndcg@10: 0.0887 ndcg@20: 0.1074 ] 
2025-09-28 15:49:46,772 - [recall@5: 0.0751 recall@10: 0.1145 recall@20: 0.1663 ] [ndcg@5: 0.0751 ndcg@10: 0.0885 ndcg@20: 0.1057 ] 
2025-09-28 15:49:46,772 - Best Epoch 69. Final test result: {'recall': array([0.07513184, 0.11445339, 0.16631493]), 'ndcg': array([0.07505434, 0.0885469 , 0.10569128])}.
