2025-09-28 15:31:44,944 - {'optimizer': {'name': 'adam', 'lr': 0.001, 'weight_decay': 0}, 'train': {'epoch': 3000, 'batch_size': 4096, 'save_model': False, 'loss': 'pairwise', 'test_step': 3, 'reproducible': True, 'seed': 2023, 'patience': 5}, 'test': {'metrics': ['recall', 'ndcg'], 'k': [5, 10, 20], 'batch_size': 1024}, 'data': {'type': 'general_cf', 'name': 'amazon', 'user_num': 11000, 'item_num': 9332}, 'model': {'name': 'simgcl', 'keep_rate': 1.0, 'embedding_size': 32, 'layer_num': 3, 'reg_weight': 1e-05, 'cl_weight': 0.1, 'temperature': 0.2, 'eps': 0.9, 'amazon': {'layer_num': 3, 'reg_weight': 1e-05, 'cl_weight': 0.1, 'temperature': 0.2, 'eps': 0.9}, 'yelp': {'layer_num': 2, 'reg_weight': 1e-05, 'cl_weight': 0.1, 'temperature': 0.2, 'eps': 0.9}, 'steam': {'layer_num': 3, 'reg_weight': 1e-05, 'cl_weight': 0.1, 'temperature': 0.5, 'eps': 0.2}}}
2025-09-28 15:31:49,460 - Epoch   0 Validation set [recall@5: 0.0392 recall@10: 0.0621 recall@20: 0.0905 ] [ndcg@5: 0.0401 ndcg@10: 0.0479 ndcg@20: 0.0572 ] 
2025-09-28 15:31:56,412 - Epoch   3 Validation set [recall@5: 0.0426 recall@10: 0.0662 recall@20: 0.1020 ] [ndcg@5: 0.0423 ndcg@10: 0.0504 ndcg@20: 0.0621 ] 
2025-09-28 15:32:03,353 - Epoch   6 Validation set [recall@5: 0.0484 recall@10: 0.0754 recall@20: 0.1161 ] [ndcg@5: 0.0478 ndcg@10: 0.0568 ndcg@20: 0.0700 ] 
2025-09-28 15:32:10,171 - Epoch   9 Validation set [recall@5: 0.0522 recall@10: 0.0827 recall@20: 0.1259 ] [ndcg@5: 0.0516 ndcg@10: 0.0619 ndcg@20: 0.0760 ] 
2025-09-28 15:32:16,998 - Epoch  12 Validation set [recall@5: 0.0556 recall@10: 0.0872 recall@20: 0.1330 ] [ndcg@5: 0.0548 ndcg@10: 0.0655 ndcg@20: 0.0804 ] 
2025-09-28 15:32:23,805 - Epoch  15 Validation set [recall@5: 0.0579 recall@10: 0.0898 recall@20: 0.1381 ] [ndcg@5: 0.0567 ndcg@10: 0.0675 ndcg@20: 0.0833 ] 
2025-09-28 15:32:30,442 - Epoch  18 Validation set [recall@5: 0.0591 recall@10: 0.0910 recall@20: 0.1421 ] [ndcg@5: 0.0579 ndcg@10: 0.0690 ndcg@20: 0.0855 ] 
2025-09-28 15:32:36,759 - Epoch  21 Validation set [recall@5: 0.0601 recall@10: 0.0933 recall@20: 0.1448 ] [ndcg@5: 0.0593 ndcg@10: 0.0707 ndcg@20: 0.0876 ] 
2025-09-28 15:32:42,940 - Epoch  24 Validation set [recall@5: 0.0610 recall@10: 0.0938 recall@20: 0.1472 ] [ndcg@5: 0.0604 ndcg@10: 0.0716 ndcg@20: 0.0890 ] 
2025-09-28 15:32:49,759 - Epoch  27 Validation set [recall@5: 0.0611 recall@10: 0.0959 recall@20: 0.1478 ] [ndcg@5: 0.0607 ndcg@10: 0.0727 ndcg@20: 0.0896 ] 
2025-09-28 15:32:56,363 - Epoch  30 Validation set [recall@5: 0.0622 recall@10: 0.0963 recall@20: 0.1496 ] [ndcg@5: 0.0614 ndcg@10: 0.0729 ndcg@20: 0.0904 ] 
2025-09-28 15:33:03,248 - Epoch  33 Validation set [recall@5: 0.0625 recall@10: 0.0978 recall@20: 0.1499 ] [ndcg@5: 0.0616 ndcg@10: 0.0737 ndcg@20: 0.0909 ] 
2025-09-28 15:33:10,325 - Epoch  36 Validation set [recall@5: 0.0638 recall@10: 0.0975 recall@20: 0.1518 ] [ndcg@5: 0.0625 ndcg@10: 0.0741 ndcg@20: 0.0919 ] 
2025-09-28 15:33:17,604 - Epoch  39 Validation set [recall@5: 0.0630 recall@10: 0.0986 recall@20: 0.1522 ] [ndcg@5: 0.0621 ndcg@10: 0.0746 ndcg@20: 0.0921 ] 
2025-09-28 15:33:25,249 - Epoch  42 Validation set [recall@5: 0.0644 recall@10: 0.0998 recall@20: 0.1526 ] [ndcg@5: 0.0631 ndcg@10: 0.0753 ndcg@20: 0.0927 ] 
2025-09-28 15:33:32,783 - Epoch  45 Validation set [recall@5: 0.0641 recall@10: 0.1000 recall@20: 0.1536 ] [ndcg@5: 0.0634 ndcg@10: 0.0757 ndcg@20: 0.0934 ] 
2025-09-28 15:33:40,049 - Epoch  48 Validation set [recall@5: 0.0645 recall@10: 0.1007 recall@20: 0.1536 ] [ndcg@5: 0.0632 ndcg@10: 0.0758 ndcg@20: 0.0932 ] 
2025-09-28 15:33:47,361 - Epoch  51 Validation set [recall@5: 0.0638 recall@10: 0.1009 recall@20: 0.1535 ] [ndcg@5: 0.0632 ndcg@10: 0.0759 ndcg@20: 0.0932 ] 
2025-09-28 15:33:54,294 - Epoch  54 Validation set [recall@5: 0.0640 recall@10: 0.1009 recall@20: 0.1539 ] [ndcg@5: 0.0634 ndcg@10: 0.0761 ndcg@20: 0.0935 ] 
2025-09-28 15:34:01,770 - Epoch  57 Validation set [recall@5: 0.0647 recall@10: 0.1004 recall@20: 0.1546 ] [ndcg@5: 0.0639 ndcg@10: 0.0763 ndcg@20: 0.0941 ] 
2025-09-28 15:34:08,861 - Epoch  60 Validation set [recall@5: 0.0646 recall@10: 0.1017 recall@20: 0.1543 ] [ndcg@5: 0.0640 ndcg@10: 0.0770 ndcg@20: 0.0943 ] 
2025-09-28 15:34:16,296 - Epoch  63 Validation set [recall@5: 0.0639 recall@10: 0.1009 recall@20: 0.1549 ] [ndcg@5: 0.0639 ndcg@10: 0.0767 ndcg@20: 0.0946 ] 
2025-09-28 15:34:23,624 - Epoch  66 Validation set [recall@5: 0.0635 recall@10: 0.1014 recall@20: 0.1558 ] [ndcg@5: 0.0637 ndcg@10: 0.0769 ndcg@20: 0.0948 ] 
2025-09-28 15:34:31,101 - Epoch  69 Validation set [recall@5: 0.0639 recall@10: 0.1020 recall@20: 0.1550 ] [ndcg@5: 0.0637 ndcg@10: 0.0769 ndcg@20: 0.0944 ] 
2025-09-28 15:34:38,466 - Epoch  72 Validation set [recall@5: 0.0640 recall@10: 0.1019 recall@20: 0.1561 ] [ndcg@5: 0.0636 ndcg@10: 0.0769 ndcg@20: 0.0947 ] 
2025-09-28 15:34:45,725 - Epoch  75 Validation set [recall@5: 0.0648 recall@10: 0.1017 recall@20: 0.1556 ] [ndcg@5: 0.0637 ndcg@10: 0.0766 ndcg@20: 0.0944 ] 
2025-09-28 15:34:53,037 - Epoch  78 Validation set [recall@5: 0.0639 recall@10: 0.1010 recall@20: 0.1559 ] [ndcg@5: 0.0634 ndcg@10: 0.0764 ndcg@20: 0.0945 ] 
2025-09-28 15:35:00,419 - Epoch  81 Validation set [recall@5: 0.0638 recall@10: 0.1017 recall@20: 0.1561 ] [ndcg@5: 0.0633 ndcg@10: 0.0764 ndcg@20: 0.0943 ] 
2025-09-28 15:35:07,751 - Epoch  84 Validation set [recall@5: 0.0641 recall@10: 0.1020 recall@20: 0.1553 ] [ndcg@5: 0.0634 ndcg@10: 0.0766 ndcg@20: 0.0942 ] 
2025-09-28 15:35:14,984 - Epoch  87 Validation set [recall@5: 0.0646 recall@10: 0.1019 recall@20: 0.1557 ] [ndcg@5: 0.0637 ndcg@10: 0.0767 ndcg@20: 0.0942 ] 
2025-09-28 15:35:22,150 - Epoch  90 Validation set [recall@5: 0.0643 recall@10: 0.1018 recall@20: 0.1538 ] [ndcg@5: 0.0633 ndcg@10: 0.0765 ndcg@20: 0.0936 ] 
2025-09-28 15:35:29,591 - Epoch  93 Validation set [recall@5: 0.0650 recall@10: 0.1022 recall@20: 0.1552 ] [ndcg@5: 0.0637 ndcg@10: 0.0766 ndcg@20: 0.0941 ] 
2025-09-28 15:35:37,310 - Epoch  96 Validation set [recall@5: 0.0640 recall@10: 0.1019 recall@20: 0.1547 ] [ndcg@5: 0.0633 ndcg@10: 0.0764 ndcg@20: 0.0938 ] 
2025-09-28 15:35:38,756 - [recall@5: 0.0638 recall@10: 0.1017 recall@20: 0.1561 ] [ndcg@5: 0.0633 ndcg@10: 0.0764 ndcg@20: 0.0943 ] 
2025-09-28 15:35:40,121 - [recall@5: 0.0610 recall@10: 0.0991 recall@20: 0.1512 ] [ndcg@5: 0.0612 ndcg@10: 0.0747 ndcg@20: 0.0915 ] 
2025-09-28 15:35:40,122 - Best Epoch 81. Final test result: {'recall': array([0.06101565, 0.09906846, 0.15124415]), 'ndcg': array([0.06118786, 0.07466892, 0.09148688])}.
