2025-09-29 15:50:07,725 - {'optimizer': {'name': 'adam', 'lr': 0.001, 'weight_decay': 0}, 'train': {'epoch': 3000, 'batch_size': 4096, 'save_model': False, 'loss': 'pairwise', 'test_step': 3, 'reproducible': True, 'seed': 2023, 'patience': 5}, 'test': {'metrics': ['recall', 'ndcg'], 'k': [5, 10, 20], 'batch_size': 1024}, 'data': {'type': 'general_cf', 'name': 'amazon', 'user_num': 11000, 'item_num': 9332}, 'model': {'name': 'simgcl', 'keep_rate': 1.0, 'embedding_size': 64, 'layer_num': 3, 'reg_weight': 1e-05, 'cl_weight': 0.1, 'temperature': 0.2, 'eps': 0.9, 'amazon': {'layer_num': 3, 'reg_weight': 1e-05, 'cl_weight': 0.1, 'temperature': 0.2, 'eps': 0.9}, 'yelp': {'layer_num': 3, 'reg_weight': 1e-05, 'cl_weight': 0.1, 'temperature': 0.2, 'eps': 0.9}, 'steam': {'layer_num': 3, 'reg_weight': 1e-05, 'cl_weight': 0.1, 'temperature': 0.5, 'eps': 0.2}}}
2025-09-29 15:50:12,371 - Epoch   0 Validation set [recall@5: 0.0480 recall@10: 0.0745 recall@20: 0.1143 ] [ndcg@5: 0.0473 ndcg@10: 0.0564 ndcg@20: 0.0691 ] 
2025-09-29 15:50:19,684 - Epoch   3 Validation set [recall@5: 0.0454 recall@10: 0.0712 recall@20: 0.1118 ] [ndcg@5: 0.0456 ndcg@10: 0.0544 ndcg@20: 0.0676 ] 
2025-09-29 15:50:26,956 - Epoch   6 Validation set [recall@5: 0.0535 recall@10: 0.0835 recall@20: 0.1298 ] [ndcg@5: 0.0523 ndcg@10: 0.0624 ndcg@20: 0.0776 ] 
2025-09-29 15:50:34,177 - Epoch   9 Validation set [recall@5: 0.0580 recall@10: 0.0908 recall@20: 0.1407 ] [ndcg@5: 0.0567 ndcg@10: 0.0680 ndcg@20: 0.0843 ] 
2025-09-29 15:50:41,585 - Epoch  12 Validation set [recall@5: 0.0619 recall@10: 0.0952 recall@20: 0.1468 ] [ndcg@5: 0.0602 ndcg@10: 0.0715 ndcg@20: 0.0885 ] 
2025-09-29 15:50:48,959 - Epoch  15 Validation set [recall@5: 0.0641 recall@10: 0.0981 recall@20: 0.1500 ] [ndcg@5: 0.0626 ndcg@10: 0.0742 ndcg@20: 0.0912 ] 
2025-09-29 15:50:56,309 - Epoch  18 Validation set [recall@5: 0.0659 recall@10: 0.1021 recall@20: 0.1537 ] [ndcg@5: 0.0640 ndcg@10: 0.0765 ndcg@20: 0.0933 ] 
2025-09-29 15:51:04,907 - Epoch  21 Validation set [recall@5: 0.0666 recall@10: 0.1028 recall@20: 0.1546 ] [ndcg@5: 0.0647 ndcg@10: 0.0773 ndcg@20: 0.0944 ] 
2025-09-29 15:51:13,284 - Epoch  24 Validation set [recall@5: 0.0674 recall@10: 0.1050 recall@20: 0.1582 ] [ndcg@5: 0.0659 ndcg@10: 0.0791 ndcg@20: 0.0966 ] 
2025-09-29 15:51:21,399 - Epoch  27 Validation set [recall@5: 0.0670 recall@10: 0.1062 recall@20: 0.1594 ] [ndcg@5: 0.0661 ndcg@10: 0.0798 ndcg@20: 0.0972 ] 
2025-09-29 15:51:28,825 - Epoch  30 Validation set [recall@5: 0.0676 recall@10: 0.1068 recall@20: 0.1597 ] [ndcg@5: 0.0668 ndcg@10: 0.0805 ndcg@20: 0.0978 ] 
2025-09-29 15:51:36,145 - Epoch  33 Validation set [recall@5: 0.0695 recall@10: 0.1084 recall@20: 0.1605 ] [ndcg@5: 0.0681 ndcg@10: 0.0814 ndcg@20: 0.0986 ] 
2025-09-29 15:51:43,488 - Epoch  36 Validation set [recall@5: 0.0688 recall@10: 0.1090 recall@20: 0.1618 ] [ndcg@5: 0.0684 ndcg@10: 0.0821 ndcg@20: 0.0995 ] 
2025-09-29 15:51:50,812 - Epoch  39 Validation set [recall@5: 0.0701 recall@10: 0.1095 recall@20: 0.1610 ] [ndcg@5: 0.0689 ndcg@10: 0.0825 ndcg@20: 0.0996 ] 
2025-09-29 15:51:58,065 - Epoch  42 Validation set [recall@5: 0.0697 recall@10: 0.1098 recall@20: 0.1620 ] [ndcg@5: 0.0688 ndcg@10: 0.0827 ndcg@20: 0.0998 ] 
2025-09-29 15:52:05,367 - Epoch  45 Validation set [recall@5: 0.0707 recall@10: 0.1105 recall@20: 0.1631 ] [ndcg@5: 0.0696 ndcg@10: 0.0834 ndcg@20: 0.1006 ] 
2025-09-29 15:52:12,614 - Epoch  48 Validation set [recall@5: 0.0701 recall@10: 0.1092 recall@20: 0.1631 ] [ndcg@5: 0.0689 ndcg@10: 0.0826 ndcg@20: 0.1002 ] 
2025-09-29 15:52:19,926 - Epoch  51 Validation set [recall@5: 0.0708 recall@10: 0.1100 recall@20: 0.1634 ] [ndcg@5: 0.0693 ndcg@10: 0.0828 ndcg@20: 0.1005 ] 
2025-09-29 15:52:27,297 - Epoch  54 Validation set [recall@5: 0.0707 recall@10: 0.1100 recall@20: 0.1633 ] [ndcg@5: 0.0693 ndcg@10: 0.0829 ndcg@20: 0.1006 ] 
2025-09-29 15:52:35,266 - Epoch  57 Validation set [recall@5: 0.0707 recall@10: 0.1097 recall@20: 0.1635 ] [ndcg@5: 0.0692 ndcg@10: 0.0826 ndcg@20: 0.1005 ] 
2025-09-29 15:52:42,604 - Epoch  60 Validation set [recall@5: 0.0711 recall@10: 0.1103 recall@20: 0.1639 ] [ndcg@5: 0.0692 ndcg@10: 0.0829 ndcg@20: 0.1006 ] 
2025-09-29 15:52:49,928 - Epoch  63 Validation set [recall@5: 0.0705 recall@10: 0.1099 recall@20: 0.1634 ] [ndcg@5: 0.0689 ndcg@10: 0.0828 ndcg@20: 0.1004 ] 
2025-09-29 15:52:57,365 - Epoch  66 Validation set [recall@5: 0.0704 recall@10: 0.1100 recall@20: 0.1631 ] [ndcg@5: 0.0691 ndcg@10: 0.0829 ndcg@20: 0.1003 ] 
2025-09-29 15:53:04,646 - Epoch  69 Validation set [recall@5: 0.0700 recall@10: 0.1092 recall@20: 0.1630 ] [ndcg@5: 0.0685 ndcg@10: 0.0822 ndcg@20: 0.0998 ] 
2025-09-29 15:53:11,995 - Epoch  72 Validation set [recall@5: 0.0697 recall@10: 0.1093 recall@20: 0.1626 ] [ndcg@5: 0.0685 ndcg@10: 0.0825 ndcg@20: 0.1001 ] 
2025-09-29 15:53:19,310 - Epoch  75 Validation set [recall@5: 0.0702 recall@10: 0.1092 recall@20: 0.1637 ] [ndcg@5: 0.0687 ndcg@10: 0.0825 ndcg@20: 0.1004 ] 
2025-09-29 15:53:20,488 - [recall@5: 0.0711 recall@10: 0.1103 recall@20: 0.1639 ] [ndcg@5: 0.0692 ndcg@10: 0.0829 ndcg@20: 0.1006 ] 
2025-09-29 15:53:21,645 - [recall@5: 0.0676 recall@10: 0.1069 recall@20: 0.1627 ] [ndcg@5: 0.0676 ndcg@10: 0.0813 ndcg@20: 0.0994 ] 
2025-09-29 15:53:21,645 - Best Epoch 60. Final test result: {'recall': array([0.0675801 , 0.1069468 , 0.16270378]), 'ndcg': array([0.0675881 , 0.08127293, 0.09941629])}.
