2025-09-29 15:53:24,417 - {'optimizer': {'name': 'adam', 'lr': 0.001, 'weight_decay': 0}, 'train': {'epoch': 3000, 'batch_size': 4096, 'save_model': False, 'loss': 'pairwise', 'test_step': 3, 'reproducible': True, 'seed': 2023, 'patience': 5}, 'test': {'metrics': ['recall', 'ndcg'], 'k': [5, 10, 20], 'batch_size': 1024}, 'data': {'type': 'general_cf', 'name': 'yelp', 'user_num': 11091, 'item_num': 11010}, 'model': {'name': 'simgcl', 'keep_rate': 1.0, 'embedding_size': 64, 'layer_num': 3, 'reg_weight': 1e-05, 'cl_weight': 0.1, 'temperature': 0.2, 'eps': 0.9, 'amazon': {'layer_num': 3, 'reg_weight': 1e-05, 'cl_weight': 0.1, 'temperature': 0.2, 'eps': 0.9}, 'yelp': {'layer_num': 3, 'reg_weight': 1e-05, 'cl_weight': 0.1, 'temperature': 0.2, 'eps': 0.9}, 'steam': {'layer_num': 3, 'reg_weight': 1e-05, 'cl_weight': 0.1, 'temperature': 0.5, 'eps': 0.2}}}
2025-09-29 15:53:30,334 - Epoch   0 Validation set [recall@5: 0.0356 recall@10: 0.0611 recall@20: 0.1003 ] [ndcg@5: 0.0431 ndcg@10: 0.0509 ndcg@20: 0.0640 ] 
2025-09-29 15:53:40,630 - Epoch   3 Validation set [recall@5: 0.0361 recall@10: 0.0611 recall@20: 0.0990 ] [ndcg@5: 0.0430 ndcg@10: 0.0507 ndcg@20: 0.0634 ] 
2025-09-29 15:53:50,908 - Epoch   6 Validation set [recall@5: 0.0396 recall@10: 0.0658 recall@20: 0.1107 ] [ndcg@5: 0.0467 ndcg@10: 0.0548 ndcg@20: 0.0699 ] 
2025-09-29 15:54:01,642 - Epoch   9 Validation set [recall@5: 0.0406 recall@10: 0.0698 recall@20: 0.1161 ] [ndcg@5: 0.0480 ndcg@10: 0.0574 ndcg@20: 0.0732 ] 
2025-09-29 15:54:14,022 - Epoch  12 Validation set [recall@5: 0.0428 recall@10: 0.0719 recall@20: 0.1203 ] [ndcg@5: 0.0501 ndcg@10: 0.0593 ndcg@20: 0.0758 ] 
2025-09-29 15:54:24,485 - Epoch  15 Validation set [recall@5: 0.0446 recall@10: 0.0741 recall@20: 0.1229 ] [ndcg@5: 0.0521 ndcg@10: 0.0612 ndcg@20: 0.0777 ] 
2025-09-29 15:54:34,893 - Epoch  18 Validation set [recall@5: 0.0443 recall@10: 0.0744 recall@20: 0.1239 ] [ndcg@5: 0.0526 ndcg@10: 0.0621 ndcg@20: 0.0787 ] 
2025-09-29 15:54:45,299 - Epoch  21 Validation set [recall@5: 0.0447 recall@10: 0.0758 recall@20: 0.1266 ] [ndcg@5: 0.0535 ndcg@10: 0.0633 ndcg@20: 0.0802 ] 
2025-09-29 15:54:55,723 - Epoch  24 Validation set [recall@5: 0.0454 recall@10: 0.0770 recall@20: 0.1270 ] [ndcg@5: 0.0541 ndcg@10: 0.0640 ndcg@20: 0.0808 ] 
2025-09-29 15:55:05,960 - Epoch  27 Validation set [recall@5: 0.0467 recall@10: 0.0768 recall@20: 0.1285 ] [ndcg@5: 0.0551 ndcg@10: 0.0642 ndcg@20: 0.0815 ] 
2025-09-29 15:55:16,106 - Epoch  30 Validation set [recall@5: 0.0460 recall@10: 0.0771 recall@20: 0.1282 ] [ndcg@5: 0.0548 ndcg@10: 0.0646 ndcg@20: 0.0818 ] 
2025-09-29 15:55:27,173 - Epoch  33 Validation set [recall@5: 0.0462 recall@10: 0.0783 recall@20: 0.1283 ] [ndcg@5: 0.0551 ndcg@10: 0.0652 ndcg@20: 0.0820 ] 
2025-09-29 15:55:38,415 - Epoch  36 Validation set [recall@5: 0.0468 recall@10: 0.0782 recall@20: 0.1301 ] [ndcg@5: 0.0555 ndcg@10: 0.0653 ndcg@20: 0.0827 ] 
2025-09-29 15:55:51,301 - Epoch  39 Validation set [recall@5: 0.0466 recall@10: 0.0780 recall@20: 0.1305 ] [ndcg@5: 0.0554 ndcg@10: 0.0653 ndcg@20: 0.0828 ] 
2025-09-29 15:56:03,026 - Epoch  42 Validation set [recall@5: 0.0472 recall@10: 0.0780 recall@20: 0.1306 ] [ndcg@5: 0.0556 ndcg@10: 0.0652 ndcg@20: 0.0828 ] 
2025-09-29 15:56:13,625 - Epoch  45 Validation set [recall@5: 0.0469 recall@10: 0.0788 recall@20: 0.1293 ] [ndcg@5: 0.0558 ndcg@10: 0.0655 ndcg@20: 0.0825 ] 
2025-09-29 15:56:25,337 - Epoch  48 Validation set [recall@5: 0.0469 recall@10: 0.0787 recall@20: 0.1296 ] [ndcg@5: 0.0551 ndcg@10: 0.0650 ndcg@20: 0.0821 ] 
2025-09-29 15:56:37,704 - Epoch  51 Validation set [recall@5: 0.0463 recall@10: 0.0787 recall@20: 0.1284 ] [ndcg@5: 0.0546 ndcg@10: 0.0647 ndcg@20: 0.0814 ] 
2025-09-29 15:56:51,965 - Epoch  54 Validation set [recall@5: 0.0459 recall@10: 0.0787 recall@20: 0.1290 ] [ndcg@5: 0.0543 ndcg@10: 0.0647 ndcg@20: 0.0816 ] 
2025-09-29 15:57:05,366 - Epoch  57 Validation set [recall@5: 0.0457 recall@10: 0.0791 recall@20: 0.1294 ] [ndcg@5: 0.0541 ndcg@10: 0.0647 ndcg@20: 0.0815 ] 
2025-09-29 15:57:07,196 - [recall@5: 0.0472 recall@10: 0.0780 recall@20: 0.1306 ] [ndcg@5: 0.0556 ndcg@10: 0.0652 ndcg@20: 0.0828 ] 
2025-09-29 15:57:09,031 - [recall@5: 0.0477 recall@10: 0.0783 recall@20: 0.1287 ] [ndcg@5: 0.0552 ndcg@10: 0.0648 ndcg@20: 0.0818 ] 
2025-09-29 15:57:09,032 - Best Epoch 42. Final test result: {'recall': array([0.04773657, 0.07827973, 0.12868533]), 'ndcg': array([0.0551536 , 0.06475726, 0.08181264])}.
