2025-09-29 15:28:00,859 - {'optimizer': {'name': 'adam', 'lr': 0.001, 'weight_decay': 0}, 'train': {'epoch': 3000, 'batch_size': 4096, 'save_model': False, 'loss': 'pairwise', 'test_step': 3, 'reproducible': True, 'seed': 2023, 'patience': 5}, 'test': {'metrics': ['recall', 'ndcg'], 'k': [5, 10, 20], 'batch_size': 1024}, 'data': {'type': 'general_cf', 'name': 'yelp', 'user_num': 11091, 'item_num': 11010}, 'model': {'name': 'simgcl', 'keep_rate': 1.0, 'embedding_size': 64, 'layer_num': 3, 'reg_weight': 1e-05, 'cl_weight': 0.1, 'temperature': 0.2, 'eps': 0.9, 'amazon': {'layer_num': 3, 'reg_weight': 1e-05, 'cl_weight': 0.1, 'temperature': 0.2, 'eps': 0.9}, 'yelp': {'layer_num': 3, 'reg_weight': 1e-05, 'cl_weight': 0.1, 'temperature': 0.2, 'eps': 0.9}, 'steam': {'layer_num': 3, 'reg_weight': 1e-05, 'cl_weight': 0.1, 'temperature': 0.5, 'eps': 0.2}}}
2025-09-29 15:28:08,346 - Epoch   0 Validation set [recall@5: 0.0356 recall@10: 0.0611 recall@20: 0.1003 ] [ndcg@5: 0.0431 ndcg@10: 0.0509 ndcg@20: 0.0640 ] 
2025-09-29 15:28:20,000 - Epoch   3 Validation set [recall@5: 0.0361 recall@10: 0.0611 recall@20: 0.0990 ] [ndcg@5: 0.0430 ndcg@10: 0.0507 ndcg@20: 0.0634 ] 
2025-09-29 15:28:31,238 - Epoch   6 Validation set [recall@5: 0.0396 recall@10: 0.0658 recall@20: 0.1106 ] [ndcg@5: 0.0467 ndcg@10: 0.0548 ndcg@20: 0.0699 ] 
2025-09-29 15:28:42,301 - Epoch   9 Validation set [recall@5: 0.0406 recall@10: 0.0698 recall@20: 0.1161 ] [ndcg@5: 0.0480 ndcg@10: 0.0574 ndcg@20: 0.0731 ] 
2025-09-29 15:28:52,820 - Epoch  12 Validation set [recall@5: 0.0428 recall@10: 0.0719 recall@20: 0.1203 ] [ndcg@5: 0.0501 ndcg@10: 0.0593 ndcg@20: 0.0758 ] 
2025-09-29 15:29:03,287 - Epoch  15 Validation set [recall@5: 0.0446 recall@10: 0.0741 recall@20: 0.1229 ] [ndcg@5: 0.0521 ndcg@10: 0.0612 ndcg@20: 0.0777 ] 
2025-09-29 15:29:13,634 - Epoch  18 Validation set [recall@5: 0.0443 recall@10: 0.0744 recall@20: 0.1239 ] [ndcg@5: 0.0526 ndcg@10: 0.0620 ndcg@20: 0.0787 ] 
2025-09-29 15:29:23,989 - Epoch  21 Validation set [recall@5: 0.0447 recall@10: 0.0758 recall@20: 0.1267 ] [ndcg@5: 0.0535 ndcg@10: 0.0633 ndcg@20: 0.0802 ] 
2025-09-29 15:29:35,311 - Epoch  24 Validation set [recall@5: 0.0454 recall@10: 0.0770 recall@20: 0.1270 ] [ndcg@5: 0.0541 ndcg@10: 0.0641 ndcg@20: 0.0808 ] 
2025-09-29 15:29:47,000 - Epoch  27 Validation set [recall@5: 0.0467 recall@10: 0.0768 recall@20: 0.1285 ] [ndcg@5: 0.0551 ndcg@10: 0.0642 ndcg@20: 0.0815 ] 
2025-09-29 15:29:57,792 - Epoch  30 Validation set [recall@5: 0.0461 recall@10: 0.0771 recall@20: 0.1282 ] [ndcg@5: 0.0549 ndcg@10: 0.0646 ndcg@20: 0.0818 ] 
2025-09-29 15:30:08,118 - Epoch  33 Validation set [recall@5: 0.0463 recall@10: 0.0783 recall@20: 0.1283 ] [ndcg@5: 0.0551 ndcg@10: 0.0652 ndcg@20: 0.0820 ] 
2025-09-29 15:30:18,333 - Epoch  36 Validation set [recall@5: 0.0468 recall@10: 0.0782 recall@20: 0.1301 ] [ndcg@5: 0.0555 ndcg@10: 0.0653 ndcg@20: 0.0827 ] 
2025-09-29 15:30:28,777 - Epoch  39 Validation set [recall@5: 0.0466 recall@10: 0.0781 recall@20: 0.1305 ] [ndcg@5: 0.0554 ndcg@10: 0.0653 ndcg@20: 0.0828 ] 
2025-09-29 15:30:39,814 - Epoch  42 Validation set [recall@5: 0.0472 recall@10: 0.0780 recall@20: 0.1306 ] [ndcg@5: 0.0556 ndcg@10: 0.0652 ndcg@20: 0.0828 ] 
2025-09-29 15:30:50,149 - Epoch  45 Validation set [recall@5: 0.0469 recall@10: 0.0787 recall@20: 0.1294 ] [ndcg@5: 0.0558 ndcg@10: 0.0655 ndcg@20: 0.0825 ] 
2025-09-29 15:31:00,465 - Epoch  48 Validation set [recall@5: 0.0469 recall@10: 0.0787 recall@20: 0.1296 ] [ndcg@5: 0.0551 ndcg@10: 0.0650 ndcg@20: 0.0821 ] 
2025-09-29 15:31:11,509 - Epoch  51 Validation set [recall@5: 0.0463 recall@10: 0.0787 recall@20: 0.1285 ] [ndcg@5: 0.0546 ndcg@10: 0.0647 ndcg@20: 0.0814 ] 
2025-09-29 15:31:21,820 - Epoch  54 Validation set [recall@5: 0.0459 recall@10: 0.0788 recall@20: 0.1290 ] [ndcg@5: 0.0543 ndcg@10: 0.0648 ndcg@20: 0.0816 ] 
2025-09-29 15:31:32,092 - Epoch  57 Validation set [recall@5: 0.0457 recall@10: 0.0791 recall@20: 0.1295 ] [ndcg@5: 0.0541 ndcg@10: 0.0647 ndcg@20: 0.0816 ] 
2025-09-29 15:31:33,511 - [recall@5: 0.0472 recall@10: 0.0780 recall@20: 0.1306 ] [ndcg@5: 0.0556 ndcg@10: 0.0652 ndcg@20: 0.0828 ] 
2025-09-29 15:31:34,933 - [recall@5: 0.0477 recall@10: 0.0783 recall@20: 0.1287 ] [ndcg@5: 0.0551 ndcg@10: 0.0647 ndcg@20: 0.0818 ] 
2025-09-29 15:31:34,933 - Best Epoch 42. Final test result: {'recall': array([0.04772309, 0.07825906, 0.12873242]), 'ndcg': array([0.05514762, 0.06474703, 0.08183499])}.
