2025-09-28 15:28:04,282 - {'optimizer': {'name': 'adam', 'lr': 0.001, 'weight_decay': 0}, 'train': {'epoch': 3000, 'batch_size': 4096, 'save_model': False, 'loss': 'pairwise', 'test_step': 3, 'reproducible': True, 'seed': 2023, 'patience': 5}, 'test': {'metrics': ['recall', 'ndcg'], 'k': [5, 10, 20], 'batch_size': 1024}, 'data': {'type': 'general_cf', 'name': 'yelp', 'user_num': 11091, 'item_num': 11010}, 'model': {'name': 'simgcl', 'keep_rate': 1.0, 'embedding_size': 32, 'layer_num': 3, 'reg_weight': 1e-05, 'cl_weight': 0.1, 'temperature': 0.2, 'eps': 0.9, 'amazon': {'layer_num': 3, 'reg_weight': 1e-05, 'cl_weight': 0.1, 'temperature': 0.2, 'eps': 0.9}, 'yelp': {'layer_num': 2, 'reg_weight': 1e-05, 'cl_weight': 0.1, 'temperature': 0.2, 'eps': 0.9}, 'steam': {'layer_num': 3, 'reg_weight': 1e-05, 'cl_weight': 0.1, 'temperature': 0.5, 'eps': 0.2}}}
2025-09-28 15:28:09,388 - Epoch   0 Validation set [recall@5: 0.0274 recall@10: 0.0482 recall@20: 0.0794 ] [ndcg@5: 0.0342 ndcg@10: 0.0407 ndcg@20: 0.0512 ] 
2025-09-28 15:28:17,475 - Epoch   3 Validation set [recall@5: 0.0370 recall@10: 0.0607 recall@20: 0.0998 ] [ndcg@5: 0.0437 ndcg@10: 0.0508 ndcg@20: 0.0639 ] 
2025-09-28 15:28:25,560 - Epoch   6 Validation set [recall@5: 0.0387 recall@10: 0.0648 recall@20: 0.1089 ] [ndcg@5: 0.0461 ndcg@10: 0.0542 ndcg@20: 0.0689 ] 
2025-09-28 15:28:33,647 - Epoch   9 Validation set [recall@5: 0.0398 recall@10: 0.0682 recall@20: 0.1126 ] [ndcg@5: 0.0474 ndcg@10: 0.0564 ndcg@20: 0.0714 ] 
2025-09-28 15:28:41,465 - Epoch  12 Validation set [recall@5: 0.0412 recall@10: 0.0712 recall@20: 0.1173 ] [ndcg@5: 0.0486 ndcg@10: 0.0583 ndcg@20: 0.0739 ] 
2025-09-28 15:28:49,356 - Epoch  15 Validation set [recall@5: 0.0431 recall@10: 0.0732 recall@20: 0.1190 ] [ndcg@5: 0.0499 ndcg@10: 0.0594 ndcg@20: 0.0749 ] 
2025-09-28 15:28:57,060 - Epoch  18 Validation set [recall@5: 0.0437 recall@10: 0.0742 recall@20: 0.1209 ] [ndcg@5: 0.0502 ndcg@10: 0.0600 ndcg@20: 0.0758 ] 
2025-09-28 15:29:04,846 - Epoch  21 Validation set [recall@5: 0.0428 recall@10: 0.0745 recall@20: 0.1214 ] [ndcg@5: 0.0503 ndcg@10: 0.0602 ndcg@20: 0.0762 ] 
2025-09-28 15:29:13,013 - Epoch  24 Validation set [recall@5: 0.0435 recall@10: 0.0747 recall@20: 0.1229 ] [ndcg@5: 0.0507 ndcg@10: 0.0604 ndcg@20: 0.0768 ] 
2025-09-28 15:29:20,650 - Epoch  27 Validation set [recall@5: 0.0442 recall@10: 0.0753 recall@20: 0.1239 ] [ndcg@5: 0.0510 ndcg@10: 0.0608 ndcg@20: 0.0773 ] 
2025-09-28 15:29:28,622 - Epoch  30 Validation set [recall@5: 0.0454 recall@10: 0.0757 recall@20: 0.1236 ] [ndcg@5: 0.0518 ndcg@10: 0.0611 ndcg@20: 0.0773 ] 
2025-09-28 15:29:36,761 - Epoch  33 Validation set [recall@5: 0.0446 recall@10: 0.0758 recall@20: 0.1239 ] [ndcg@5: 0.0514 ndcg@10: 0.0614 ndcg@20: 0.0777 ] 
2025-09-28 15:29:44,661 - Epoch  36 Validation set [recall@5: 0.0451 recall@10: 0.0763 recall@20: 0.1243 ] [ndcg@5: 0.0517 ndcg@10: 0.0615 ndcg@20: 0.0779 ] 
2025-09-28 15:29:52,416 - Epoch  39 Validation set [recall@5: 0.0441 recall@10: 0.0762 recall@20: 0.1240 ] [ndcg@5: 0.0513 ndcg@10: 0.0615 ndcg@20: 0.0777 ] 
2025-09-28 15:30:00,451 - Epoch  42 Validation set [recall@5: 0.0447 recall@10: 0.0761 recall@20: 0.1238 ] [ndcg@5: 0.0521 ndcg@10: 0.0618 ndcg@20: 0.0781 ] 
2025-09-28 15:30:08,528 - Epoch  45 Validation set [recall@5: 0.0454 recall@10: 0.0772 recall@20: 0.1236 ] [ndcg@5: 0.0523 ndcg@10: 0.0624 ndcg@20: 0.0781 ] 
2025-09-28 15:30:16,309 - Epoch  48 Validation set [recall@5: 0.0460 recall@10: 0.0773 recall@20: 0.1234 ] [ndcg@5: 0.0528 ndcg@10: 0.0626 ndcg@20: 0.0782 ] 
2025-09-28 15:30:24,411 - Epoch  51 Validation set [recall@5: 0.0455 recall@10: 0.0768 recall@20: 0.1244 ] [ndcg@5: 0.0525 ndcg@10: 0.0622 ndcg@20: 0.0785 ] 
2025-09-28 15:30:32,337 - Epoch  54 Validation set [recall@5: 0.0455 recall@10: 0.0773 recall@20: 0.1239 ] [ndcg@5: 0.0527 ndcg@10: 0.0626 ndcg@20: 0.0785 ] 
2025-09-28 15:30:40,258 - Epoch  57 Validation set [recall@5: 0.0453 recall@10: 0.0771 recall@20: 0.1252 ] [ndcg@5: 0.0525 ndcg@10: 0.0624 ndcg@20: 0.0789 ] 
2025-09-28 15:30:48,054 - Epoch  60 Validation set [recall@5: 0.0450 recall@10: 0.0776 recall@20: 0.1256 ] [ndcg@5: 0.0526 ndcg@10: 0.0629 ndcg@20: 0.0793 ] 
2025-09-28 15:30:56,004 - Epoch  63 Validation set [recall@5: 0.0446 recall@10: 0.0777 recall@20: 0.1256 ] [ndcg@5: 0.0524 ndcg@10: 0.0629 ndcg@20: 0.0792 ] 
2025-09-28 15:31:03,603 - Epoch  66 Validation set [recall@5: 0.0448 recall@10: 0.0777 recall@20: 0.1261 ] [ndcg@5: 0.0526 ndcg@10: 0.0631 ndcg@20: 0.0795 ] 
2025-09-28 15:31:11,362 - Epoch  69 Validation set [recall@5: 0.0443 recall@10: 0.0778 recall@20: 0.1262 ] [ndcg@5: 0.0522 ndcg@10: 0.0630 ndcg@20: 0.0795 ] 
2025-09-28 15:31:19,296 - Epoch  72 Validation set [recall@5: 0.0446 recall@10: 0.0778 recall@20: 0.1269 ] [ndcg@5: 0.0525 ndcg@10: 0.0630 ndcg@20: 0.0797 ] 
2025-09-28 15:31:27,259 - Epoch  75 Validation set [recall@5: 0.0445 recall@10: 0.0781 recall@20: 0.1272 ] [ndcg@5: 0.0528 ndcg@10: 0.0633 ndcg@20: 0.0801 ] 
2025-09-28 15:31:34,586 - Epoch  78 Validation set [recall@5: 0.0448 recall@10: 0.0779 recall@20: 0.1268 ] [ndcg@5: 0.0523 ndcg@10: 0.0630 ndcg@20: 0.0798 ] 
2025-09-28 15:31:42,542 - Epoch  81 Validation set [recall@5: 0.0445 recall@10: 0.0785 recall@20: 0.1272 ] [ndcg@5: 0.0522 ndcg@10: 0.0633 ndcg@20: 0.0800 ] 
2025-09-28 15:31:50,925 - Epoch  84 Validation set [recall@5: 0.0446 recall@10: 0.0783 recall@20: 0.1262 ] [ndcg@5: 0.0522 ndcg@10: 0.0632 ndcg@20: 0.0796 ] 
2025-09-28 15:31:59,316 - Epoch  87 Validation set [recall@5: 0.0453 recall@10: 0.0782 recall@20: 0.1270 ] [ndcg@5: 0.0524 ndcg@10: 0.0630 ndcg@20: 0.0796 ] 
2025-09-28 15:32:07,417 - Epoch  90 Validation set [recall@5: 0.0451 recall@10: 0.0785 recall@20: 0.1258 ] [ndcg@5: 0.0523 ndcg@10: 0.0632 ndcg@20: 0.0794 ] 
2025-09-28 15:32:08,995 - [recall@5: 0.0445 recall@10: 0.0781 recall@20: 0.1272 ] [ndcg@5: 0.0528 ndcg@10: 0.0633 ndcg@20: 0.0801 ] 
2025-09-28 15:32:10,753 - [recall@5: 0.0455 recall@10: 0.0776 recall@20: 0.1256 ] [ndcg@5: 0.0528 ndcg@10: 0.0631 ndcg@20: 0.0795 ] 
2025-09-28 15:32:10,754 - Best Epoch 75. Final test result: {'recall': array([0.04545236, 0.07764061, 0.12560614]), 'ndcg': array([0.05280289, 0.063089  , 0.07948246])}.
