2025-09-28 15:11:22,122 - {'optimizer': {'name': 'adam', 'lr': 0.001, 'weight_decay': 0}, 'train': {'epoch': 3000, 'batch_size': 4096, 'save_model': False, 'loss': 'pairwise', 'test_step': 3, 'reproducible': True, 'seed': 2023, 'patience': 5}, 'test': {'metrics': ['recall', 'ndcg'], 'k': [5, 10, 20], 'batch_size': 1024}, 'data': {'type': 'general_cf', 'name': 'yelp', 'user_num': 11091, 'item_num': 11010}, 'model': {'name': 'simgcl', 'keep_rate': 1.0, 'embedding_size': 32, 'layer_num': 3, 'reg_weight': 1e-05, 'cl_weight': 0.1, 'temperature': 0.2, 'eps': 0.9, 'amazon': {'layer_num': 3, 'reg_weight': 1e-05, 'cl_weight': 0.1, 'temperature': 0.2, 'eps': 0.9}, 'yelp': {'layer_num': 3, 'reg_weight': 1e-05, 'cl_weight': 0.1, 'temperature': 0.2, 'eps': 0.9}, 'steam': {'layer_num': 3, 'reg_weight': 1e-05, 'cl_weight': 0.1, 'temperature': 0.5, 'eps': 0.2}}}
2025-09-28 15:11:28,231 - Epoch   0 Validation set [recall@5: 0.0324 recall@10: 0.0546 recall@20: 0.0912 ] [ndcg@5: 0.0397 ndcg@10: 0.0465 ndcg@20: 0.0586 ] 
2025-09-28 15:11:38,269 - Epoch   3 Validation set [recall@5: 0.0348 recall@10: 0.0590 recall@20: 0.0953 ] [ndcg@5: 0.0416 ndcg@10: 0.0489 ndcg@20: 0.0611 ] 
2025-09-28 15:11:47,311 - Epoch   6 Validation set [recall@5: 0.0373 recall@10: 0.0625 recall@20: 0.1036 ] [ndcg@5: 0.0444 ndcg@10: 0.0522 ndcg@20: 0.0661 ] 
2025-09-28 15:11:57,073 - Epoch   9 Validation set [recall@5: 0.0387 recall@10: 0.0659 recall@20: 0.1095 ] [ndcg@5: 0.0463 ndcg@10: 0.0549 ndcg@20: 0.0697 ] 
2025-09-28 15:12:06,593 - Epoch  12 Validation set [recall@5: 0.0404 recall@10: 0.0678 recall@20: 0.1135 ] [ndcg@5: 0.0480 ndcg@10: 0.0565 ndcg@20: 0.0720 ] 
2025-09-28 15:12:16,159 - Epoch  15 Validation set [recall@5: 0.0418 recall@10: 0.0695 recall@20: 0.1155 ] [ndcg@5: 0.0494 ndcg@10: 0.0579 ndcg@20: 0.0736 ] 
2025-09-28 15:12:25,715 - Epoch  18 Validation set [recall@5: 0.0422 recall@10: 0.0703 recall@20: 0.1178 ] [ndcg@5: 0.0501 ndcg@10: 0.0589 ndcg@20: 0.0750 ] 
2025-09-28 15:12:35,191 - Epoch  21 Validation set [recall@5: 0.0425 recall@10: 0.0715 recall@20: 0.1189 ] [ndcg@5: 0.0506 ndcg@10: 0.0596 ndcg@20: 0.0756 ] 
2025-09-28 15:12:44,109 - Epoch  24 Validation set [recall@5: 0.0427 recall@10: 0.0728 recall@20: 0.1206 ] [ndcg@5: 0.0510 ndcg@10: 0.0605 ndcg@20: 0.0766 ] 
2025-09-28 15:12:53,344 - Epoch  27 Validation set [recall@5: 0.0432 recall@10: 0.0740 recall@20: 0.1220 ] [ndcg@5: 0.0516 ndcg@10: 0.0613 ndcg@20: 0.0774 ] 
2025-09-28 15:13:02,540 - Epoch  30 Validation set [recall@5: 0.0441 recall@10: 0.0737 recall@20: 0.1239 ] [ndcg@5: 0.0521 ndcg@10: 0.0614 ndcg@20: 0.0782 ] 
2025-09-28 15:13:12,236 - Epoch  33 Validation set [recall@5: 0.0440 recall@10: 0.0740 recall@20: 0.1239 ] [ndcg@5: 0.0520 ndcg@10: 0.0617 ndcg@20: 0.0783 ] 
2025-09-28 15:13:21,562 - Epoch  36 Validation set [recall@5: 0.0447 recall@10: 0.0747 recall@20: 0.1251 ] [ndcg@5: 0.0524 ndcg@10: 0.0619 ndcg@20: 0.0789 ] 
2025-09-28 15:13:31,320 - Epoch  39 Validation set [recall@5: 0.0438 recall@10: 0.0751 recall@20: 0.1250 ] [ndcg@5: 0.0524 ndcg@10: 0.0623 ndcg@20: 0.0790 ] 
2025-09-28 15:13:40,191 - Epoch  42 Validation set [recall@5: 0.0443 recall@10: 0.0758 recall@20: 0.1254 ] [ndcg@5: 0.0528 ndcg@10: 0.0627 ndcg@20: 0.0793 ] 
2025-09-28 15:13:49,352 - Epoch  45 Validation set [recall@5: 0.0445 recall@10: 0.0756 recall@20: 0.1260 ] [ndcg@5: 0.0530 ndcg@10: 0.0628 ndcg@20: 0.0798 ] 
2025-09-28 15:13:58,697 - Epoch  48 Validation set [recall@5: 0.0456 recall@10: 0.0760 recall@20: 0.1255 ] [ndcg@5: 0.0535 ndcg@10: 0.0630 ndcg@20: 0.0797 ] 
2025-09-28 15:14:08,196 - Epoch  51 Validation set [recall@5: 0.0447 recall@10: 0.0757 recall@20: 0.1253 ] [ndcg@5: 0.0534 ndcg@10: 0.0632 ndcg@20: 0.0799 ] 
2025-09-28 15:14:17,908 - Epoch  54 Validation set [recall@5: 0.0446 recall@10: 0.0768 recall@20: 0.1263 ] [ndcg@5: 0.0532 ndcg@10: 0.0634 ndcg@20: 0.0801 ] 
2025-09-28 15:14:27,081 - Epoch  57 Validation set [recall@5: 0.0448 recall@10: 0.0768 recall@20: 0.1262 ] [ndcg@5: 0.0534 ndcg@10: 0.0635 ndcg@20: 0.0802 ] 
2025-09-28 15:14:36,697 - Epoch  60 Validation set [recall@5: 0.0447 recall@10: 0.0765 recall@20: 0.1250 ] [ndcg@5: 0.0531 ndcg@10: 0.0631 ndcg@20: 0.0796 ] 
2025-09-28 15:14:45,743 - Epoch  63 Validation set [recall@5: 0.0444 recall@10: 0.0766 recall@20: 0.1266 ] [ndcg@5: 0.0534 ndcg@10: 0.0634 ndcg@20: 0.0804 ] 
2025-09-28 15:14:54,813 - Epoch  66 Validation set [recall@5: 0.0449 recall@10: 0.0771 recall@20: 0.1268 ] [ndcg@5: 0.0533 ndcg@10: 0.0635 ndcg@20: 0.0805 ] 
2025-09-28 15:15:04,459 - Epoch  69 Validation set [recall@5: 0.0454 recall@10: 0.0778 recall@20: 0.1268 ] [ndcg@5: 0.0535 ndcg@10: 0.0637 ndcg@20: 0.0804 ] 
2025-09-28 15:15:13,939 - Epoch  72 Validation set [recall@5: 0.0456 recall@10: 0.0769 recall@20: 0.1275 ] [ndcg@5: 0.0538 ndcg@10: 0.0635 ndcg@20: 0.0807 ] 
2025-09-28 15:15:22,820 - Epoch  75 Validation set [recall@5: 0.0455 recall@10: 0.0763 recall@20: 0.1283 ] [ndcg@5: 0.0537 ndcg@10: 0.0633 ndcg@20: 0.0810 ] 
2025-09-28 15:15:32,205 - Epoch  78 Validation set [recall@5: 0.0454 recall@10: 0.0771 recall@20: 0.1279 ] [ndcg@5: 0.0534 ndcg@10: 0.0633 ndcg@20: 0.0806 ] 
2025-09-28 15:15:41,434 - Epoch  81 Validation set [recall@5: 0.0462 recall@10: 0.0767 recall@20: 0.1265 ] [ndcg@5: 0.0541 ndcg@10: 0.0634 ndcg@20: 0.0804 ] 
2025-09-28 15:15:50,759 - Epoch  84 Validation set [recall@5: 0.0461 recall@10: 0.0763 recall@20: 0.1264 ] [ndcg@5: 0.0541 ndcg@10: 0.0633 ndcg@20: 0.0802 ] 
2025-09-28 15:16:00,137 - Epoch  87 Validation set [recall@5: 0.0459 recall@10: 0.0757 recall@20: 0.1276 ] [ndcg@5: 0.0539 ndcg@10: 0.0630 ndcg@20: 0.0806 ] 
2025-09-28 15:16:09,468 - Epoch  90 Validation set [recall@5: 0.0460 recall@10: 0.0752 recall@20: 0.1275 ] [ndcg@5: 0.0540 ndcg@10: 0.0629 ndcg@20: 0.0805 ] 
2025-09-28 15:16:11,104 - [recall@5: 0.0455 recall@10: 0.0763 recall@20: 0.1283 ] [ndcg@5: 0.0537 ndcg@10: 0.0633 ndcg@20: 0.0810 ] 
2025-09-28 15:16:12,861 - [recall@5: 0.0455 recall@10: 0.0757 recall@20: 0.1257 ] [ndcg@5: 0.0534 ndcg@10: 0.0625 ndcg@20: 0.0794 ] 
2025-09-28 15:16:12,861 - Best Epoch 75. Final test result: {'recall': array([0.04554865, 0.07574143, 0.12573971]), 'ndcg': array([0.05338936, 0.06246147, 0.07941737])}.
