2025-09-29 12:33:50,818 - {'optimizer': {'name': 'adam', 'lr': 0.001, 'weight_decay': 0}, 'train': {'epoch': 3000, 'batch_size': 4096, 'save_model': False, 'loss': 'pairwise', 'test_step': 3, 'reproducible': True, 'seed': 2023, 'patience': 5}, 'test': {'metrics': ['recall', 'ndcg'], 'k': [5, 10, 20], 'batch_size': 1024}, 'data': {'type': 'general_cf', 'name': 'amazon', 'user_num': 11000, 'item_num': 9332}, 'model': {'name': 'sgl', 'keep_rate': 0.8, 'embedding_size': 64, 'augmentation': 'edge_drop', 'layer_num': 3, 'reg_weight': 1e-05, 'cl_weight': 0.1, 'temperature': 0.2, 'amazon': {'layer_num': 3, 'reg_weight': 1e-05, 'cl_weight': 0.1, 'temperature': 0.2}, 'yelp': {'layer_num': 3, 'reg_weight': 1e-06, 'cl_weight': 0.001, 'temperature': 0.1}, 'steam': {'layer_num': 2, 'reg_weight': 1e-05, 'cl_weight': 0.1, 'temperature': 0.5}, 'Office': {'layer_num': 3, 'reg_weight': 1e-05, 'cl_weight': 0.1, 'temperature': 0.2}}}
2025-09-29 12:34:01,092 - Epoch   0 Validation set [recall@5: 0.0080 recall@10: 0.0129 recall@20: 0.0194 ] [ndcg@5: 0.0083 ndcg@10: 0.0099 ndcg@20: 0.0120 ] 
2025-09-29 12:34:21,969 - Epoch   3 Validation set [recall@5: 0.0312 recall@10: 0.0502 recall@20: 0.0760 ] [ndcg@5: 0.0325 ndcg@10: 0.0386 ndcg@20: 0.0469 ] 
2025-09-29 12:34:41,013 - Epoch   6 Validation set [recall@5: 0.0438 recall@10: 0.0687 recall@20: 0.1054 ] [ndcg@5: 0.0452 ndcg@10: 0.0535 ndcg@20: 0.0654 ] 
2025-09-29 12:34:55,681 - Epoch   9 Validation set [recall@5: 0.0632 recall@10: 0.0977 recall@20: 0.1443 ] [ndcg@5: 0.0634 ndcg@10: 0.0751 ndcg@20: 0.0903 ] 
2025-09-29 12:35:14,231 - Epoch  12 Validation set [recall@5: 0.0704 recall@10: 0.1076 recall@20: 0.1576 ] [ndcg@5: 0.0691 ndcg@10: 0.0819 ndcg@20: 0.0982 ] 
2025-09-29 12:35:26,744 - Epoch  15 Validation set [recall@5: 0.0735 recall@10: 0.1125 recall@20: 0.1644 ] [ndcg@5: 0.0723 ndcg@10: 0.0857 ndcg@20: 0.1026 ] 
2025-09-29 12:35:48,088 - Epoch  18 Validation set [recall@5: 0.0752 recall@10: 0.1143 recall@20: 0.1671 ] [ndcg@5: 0.0736 ndcg@10: 0.0869 ndcg@20: 0.1041 ] 
2025-09-29 12:36:05,277 - Epoch  21 Validation set [recall@5: 0.0754 recall@10: 0.1148 recall@20: 0.1671 ] [ndcg@5: 0.0736 ndcg@10: 0.0873 ndcg@20: 0.1043 ] 
2025-09-29 12:36:28,846 - Epoch  24 Validation set [recall@5: 0.0752 recall@10: 0.1160 recall@20: 0.1667 ] [ndcg@5: 0.0738 ndcg@10: 0.0878 ndcg@20: 0.1044 ] 
2025-09-29 12:36:53,796 - Epoch  27 Validation set [recall@5: 0.0755 recall@10: 0.1150 recall@20: 0.1682 ] [ndcg@5: 0.0736 ndcg@10: 0.0873 ndcg@20: 0.1046 ] 
2025-09-29 12:37:18,834 - Epoch  30 Validation set [recall@5: 0.0758 recall@10: 0.1154 recall@20: 0.1689 ] [ndcg@5: 0.0736 ndcg@10: 0.0872 ndcg@20: 0.1047 ] 
2025-09-29 12:37:41,857 - Epoch  33 Validation set [recall@5: 0.0759 recall@10: 0.1149 recall@20: 0.1688 ] [ndcg@5: 0.0739 ndcg@10: 0.0872 ndcg@20: 0.1049 ] 
2025-09-29 12:38:09,560 - Epoch  36 Validation set [recall@5: 0.0750 recall@10: 0.1147 recall@20: 0.1686 ] [ndcg@5: 0.0735 ndcg@10: 0.0871 ndcg@20: 0.1048 ] 
2025-09-29 12:38:33,792 - Epoch  39 Validation set [recall@5: 0.0753 recall@10: 0.1147 recall@20: 0.1690 ] [ndcg@5: 0.0738 ndcg@10: 0.0873 ndcg@20: 0.1051 ] 
2025-09-29 12:39:00,143 - Epoch  42 Validation set [recall@5: 0.0753 recall@10: 0.1139 recall@20: 0.1696 ] [ndcg@5: 0.0735 ndcg@10: 0.0869 ndcg@20: 0.1051 ] 
2025-09-29 12:39:26,231 - Epoch  45 Validation set [recall@5: 0.0747 recall@10: 0.1140 recall@20: 0.1698 ] [ndcg@5: 0.0733 ndcg@10: 0.0871 ndcg@20: 0.1053 ] 
2025-09-29 12:39:44,923 - Epoch  48 Validation set [recall@5: 0.0752 recall@10: 0.1141 recall@20: 0.1704 ] [ndcg@5: 0.0736 ndcg@10: 0.0870 ndcg@20: 0.1053 ] 
2025-09-29 12:40:04,942 - Epoch  51 Validation set [recall@5: 0.0746 recall@10: 0.1142 recall@20: 0.1686 ] [ndcg@5: 0.0734 ndcg@10: 0.0872 ndcg@20: 0.1050 ] 
2025-09-29 12:40:19,102 - Epoch  54 Validation set [recall@5: 0.0745 recall@10: 0.1140 recall@20: 0.1701 ] [ndcg@5: 0.0734 ndcg@10: 0.0871 ndcg@20: 0.1054 ] 
2025-09-29 12:40:40,140 - Epoch  57 Validation set [recall@5: 0.0748 recall@10: 0.1139 recall@20: 0.1689 ] [ndcg@5: 0.0735 ndcg@10: 0.0871 ndcg@20: 0.1050 ] 
2025-09-29 12:40:59,302 - Epoch  60 Validation set [recall@5: 0.0744 recall@10: 0.1147 recall@20: 0.1696 ] [ndcg@5: 0.0734 ndcg@10: 0.0874 ndcg@20: 0.1054 ] 
2025-09-29 12:41:27,493 - Epoch  63 Validation set [recall@5: 0.0749 recall@10: 0.1154 recall@20: 0.1696 ] [ndcg@5: 0.0733 ndcg@10: 0.0875 ndcg@20: 0.1051 ] 
2025-09-29 12:41:28,728 - [recall@5: 0.0752 recall@10: 0.1141 recall@20: 0.1704 ] [ndcg@5: 0.0736 ndcg@10: 0.0870 ndcg@20: 0.1053 ] 
2025-09-29 12:41:30,061 - [recall@5: 0.0736 recall@10: 0.1143 recall@20: 0.1653 ] [ndcg@5: 0.0730 ndcg@10: 0.0871 ndcg@20: 0.1038 ] 
2025-09-29 12:41:30,062 - Best Epoch 48. Final test result: {'recall': array([0.07359525, 0.11426783, 0.16534026]), 'ndcg': array([0.07302155, 0.08713851, 0.10384152])}.
