2025-09-29 15:17:57,600 - {'optimizer': {'name': 'adam', 'lr': 0.001, 'weight_decay': 0}, 'train': {'epoch': 3000, 'batch_size': 4096, 'save_model': False, 'loss': 'pairwise', 'test_step': 3, 'reproducible': True, 'seed': 2023, 'patience': 5}, 'test': {'metrics': ['recall', 'ndcg'], 'k': [5, 10, 20], 'batch_size': 1024}, 'data': {'type': 'general_cf', 'name': 'yelp', 'user_num': 11091, 'item_num': 11010}, 'model': {'name': 'sgl', 'keep_rate': 0.8, 'embedding_size': 64, 'augmentation': 'edge_drop', 'layer_num': 3, 'reg_weight': 1e-06, 'cl_weight': 0.001, 'temperature': 0.1, 'amazon': {'layer_num': 3, 'reg_weight': 1e-05, 'cl_weight': 0.1, 'temperature': 0.2}, 'yelp': {'layer_num': 3, 'reg_weight': 1e-06, 'cl_weight': 0.001, 'temperature': 0.1}, 'steam': {'layer_num': 2, 'reg_weight': 1e-05, 'cl_weight': 0.1, 'temperature': 0.5}, 'Office': {'layer_num': 3, 'reg_weight': 1e-05, 'cl_weight': 0.1, 'temperature': 0.2}}}
2025-09-29 15:18:03,286 - Epoch   0 Validation set [recall@5: 0.0310 recall@10: 0.0505 recall@20: 0.0821 ] [ndcg@5: 0.0376 ndcg@10: 0.0431 ndcg@20: 0.0536 ] 
2025-09-29 15:18:13,163 - Epoch   3 Validation set [recall@5: 0.0318 recall@10: 0.0534 recall@20: 0.0864 ] [ndcg@5: 0.0381 ndcg@10: 0.0445 ndcg@20: 0.0556 ] 
2025-09-29 15:18:22,940 - Epoch   6 Validation set [recall@5: 0.0330 recall@10: 0.0547 recall@20: 0.0896 ] [ndcg@5: 0.0391 ndcg@10: 0.0456 ndcg@20: 0.0573 ] 
2025-09-29 15:18:31,500 - Epoch   9 Validation set [recall@5: 0.0329 recall@10: 0.0559 recall@20: 0.0918 ] [ndcg@5: 0.0394 ndcg@10: 0.0466 ndcg@20: 0.0588 ] 
2025-09-29 15:18:40,187 - Epoch  12 Validation set [recall@5: 0.0339 recall@10: 0.0580 recall@20: 0.0967 ] [ndcg@5: 0.0408 ndcg@10: 0.0481 ndcg@20: 0.0612 ] 
2025-09-29 15:18:49,179 - Epoch  15 Validation set [recall@5: 0.0347 recall@10: 0.0592 recall@20: 0.0993 ] [ndcg@5: 0.0412 ndcg@10: 0.0489 ndcg@20: 0.0625 ] 
2025-09-29 15:18:58,812 - Epoch  18 Validation set [recall@5: 0.0344 recall@10: 0.0591 recall@20: 0.1013 ] [ndcg@5: 0.0416 ndcg@10: 0.0493 ndcg@20: 0.0636 ] 
2025-09-29 15:19:07,826 - Epoch  21 Validation set [recall@5: 0.0351 recall@10: 0.0612 recall@20: 0.1019 ] [ndcg@5: 0.0420 ndcg@10: 0.0504 ndcg@20: 0.0642 ] 
2025-09-29 15:19:16,952 - Epoch  24 Validation set [recall@5: 0.0362 recall@10: 0.0617 recall@20: 0.1035 ] [ndcg@5: 0.0429 ndcg@10: 0.0511 ndcg@20: 0.0652 ] 
2025-09-29 15:19:25,396 - Epoch  27 Validation set [recall@5: 0.0361 recall@10: 0.0631 recall@20: 0.1052 ] [ndcg@5: 0.0433 ndcg@10: 0.0518 ndcg@20: 0.0661 ] 
2025-09-29 15:19:33,937 - Epoch  30 Validation set [recall@5: 0.0365 recall@10: 0.0647 recall@20: 0.1076 ] [ndcg@5: 0.0436 ndcg@10: 0.0529 ndcg@20: 0.0675 ] 
2025-09-29 15:19:42,950 - Epoch  33 Validation set [recall@5: 0.0373 recall@10: 0.0664 recall@20: 0.1100 ] [ndcg@5: 0.0447 ndcg@10: 0.0542 ndcg@20: 0.0690 ] 
2025-09-29 15:19:51,790 - Epoch  36 Validation set [recall@5: 0.0387 recall@10: 0.0673 recall@20: 0.1110 ] [ndcg@5: 0.0457 ndcg@10: 0.0549 ndcg@20: 0.0696 ] 
2025-09-29 15:20:00,596 - Epoch  39 Validation set [recall@5: 0.0394 recall@10: 0.0673 recall@20: 0.1113 ] [ndcg@5: 0.0468 ndcg@10: 0.0557 ndcg@20: 0.0706 ] 
2025-09-29 15:20:09,555 - Epoch  42 Validation set [recall@5: 0.0405 recall@10: 0.0679 recall@20: 0.1123 ] [ndcg@5: 0.0475 ndcg@10: 0.0562 ndcg@20: 0.0714 ] 
2025-09-29 15:20:18,099 - Epoch  45 Validation set [recall@5: 0.0400 recall@10: 0.0695 recall@20: 0.1135 ] [ndcg@5: 0.0475 ndcg@10: 0.0570 ndcg@20: 0.0719 ] 
2025-09-29 15:20:26,783 - Epoch  48 Validation set [recall@5: 0.0399 recall@10: 0.0705 recall@20: 0.1149 ] [ndcg@5: 0.0479 ndcg@10: 0.0578 ndcg@20: 0.0729 ] 
2025-09-29 15:20:36,015 - Epoch  51 Validation set [recall@5: 0.0408 recall@10: 0.0703 recall@20: 0.1157 ] [ndcg@5: 0.0486 ndcg@10: 0.0581 ndcg@20: 0.0734 ] 
2025-09-29 15:20:44,812 - Epoch  54 Validation set [recall@5: 0.0401 recall@10: 0.0714 recall@20: 0.1162 ] [ndcg@5: 0.0484 ndcg@10: 0.0586 ndcg@20: 0.0739 ] 
2025-09-29 15:20:53,655 - Epoch  57 Validation set [recall@5: 0.0409 recall@10: 0.0718 recall@20: 0.1179 ] [ndcg@5: 0.0490 ndcg@10: 0.0591 ndcg@20: 0.0747 ] 
2025-09-29 15:21:02,691 - Epoch  60 Validation set [recall@5: 0.0417 recall@10: 0.0709 recall@20: 0.1179 ] [ndcg@5: 0.0497 ndcg@10: 0.0590 ndcg@20: 0.0749 ] 
2025-09-29 15:21:11,369 - Epoch  63 Validation set [recall@5: 0.0421 recall@10: 0.0712 recall@20: 0.1183 ] [ndcg@5: 0.0500 ndcg@10: 0.0591 ndcg@20: 0.0751 ] 
2025-09-29 15:21:20,460 - Epoch  66 Validation set [recall@5: 0.0426 recall@10: 0.0721 recall@20: 0.1197 ] [ndcg@5: 0.0506 ndcg@10: 0.0599 ndcg@20: 0.0761 ] 
2025-09-29 15:21:29,539 - Epoch  69 Validation set [recall@5: 0.0427 recall@10: 0.0721 recall@20: 0.1201 ] [ndcg@5: 0.0507 ndcg@10: 0.0599 ndcg@20: 0.0762 ] 
2025-09-29 15:21:38,248 - Epoch  72 Validation set [recall@5: 0.0430 recall@10: 0.0727 recall@20: 0.1195 ] [ndcg@5: 0.0511 ndcg@10: 0.0605 ndcg@20: 0.0763 ] 
2025-09-29 15:21:47,121 - Epoch  75 Validation set [recall@5: 0.0427 recall@10: 0.0728 recall@20: 0.1209 ] [ndcg@5: 0.0508 ndcg@10: 0.0603 ndcg@20: 0.0765 ] 
2025-09-29 15:21:56,043 - Epoch  78 Validation set [recall@5: 0.0431 recall@10: 0.0731 recall@20: 0.1207 ] [ndcg@5: 0.0512 ndcg@10: 0.0606 ndcg@20: 0.0767 ] 
2025-09-29 15:22:04,974 - Epoch  81 Validation set [recall@5: 0.0432 recall@10: 0.0733 recall@20: 0.1221 ] [ndcg@5: 0.0514 ndcg@10: 0.0607 ndcg@20: 0.0772 ] 
2025-09-29 15:22:13,671 - Epoch  84 Validation set [recall@5: 0.0432 recall@10: 0.0738 recall@20: 0.1218 ] [ndcg@5: 0.0517 ndcg@10: 0.0611 ndcg@20: 0.0772 ] 
2025-09-29 15:22:22,412 - Epoch  87 Validation set [recall@5: 0.0429 recall@10: 0.0734 recall@20: 0.1224 ] [ndcg@5: 0.0518 ndcg@10: 0.0610 ndcg@20: 0.0777 ] 
2025-09-29 15:22:31,249 - Epoch  90 Validation set [recall@5: 0.0434 recall@10: 0.0745 recall@20: 0.1217 ] [ndcg@5: 0.0516 ndcg@10: 0.0613 ndcg@20: 0.0774 ] 
2025-09-29 15:22:40,099 - Epoch  93 Validation set [recall@5: 0.0443 recall@10: 0.0736 recall@20: 0.1215 ] [ndcg@5: 0.0523 ndcg@10: 0.0611 ndcg@20: 0.0774 ] 
2025-09-29 15:22:49,314 - Epoch  96 Validation set [recall@5: 0.0439 recall@10: 0.0746 recall@20: 0.1204 ] [ndcg@5: 0.0517 ndcg@10: 0.0612 ndcg@20: 0.0767 ] 
2025-09-29 15:22:58,375 - Epoch  99 Validation set [recall@5: 0.0432 recall@10: 0.0749 recall@20: 0.1210 ] [ndcg@5: 0.0518 ndcg@10: 0.0618 ndcg@20: 0.0773 ] 
2025-09-29 15:23:07,558 - Epoch 102 Validation set [recall@5: 0.0440 recall@10: 0.0741 recall@20: 0.1224 ] [ndcg@5: 0.0527 ndcg@10: 0.0618 ndcg@20: 0.0782 ] 
2025-09-29 15:23:16,633 - Epoch 105 Validation set [recall@5: 0.0434 recall@10: 0.0734 recall@20: 0.1238 ] [ndcg@5: 0.0525 ndcg@10: 0.0614 ndcg@20: 0.0786 ] 
2025-09-29 15:23:25,517 - Epoch 108 Validation set [recall@5: 0.0435 recall@10: 0.0743 recall@20: 0.1236 ] [ndcg@5: 0.0530 ndcg@10: 0.0622 ndcg@20: 0.0788 ] 
2025-09-29 15:23:35,111 - Epoch 111 Validation set [recall@5: 0.0434 recall@10: 0.0740 recall@20: 0.1231 ] [ndcg@5: 0.0525 ndcg@10: 0.0620 ndcg@20: 0.0785 ] 
2025-09-29 15:23:44,193 - Epoch 114 Validation set [recall@5: 0.0436 recall@10: 0.0742 recall@20: 0.1232 ] [ndcg@5: 0.0526 ndcg@10: 0.0618 ndcg@20: 0.0785 ] 
2025-09-29 15:23:53,178 - Epoch 117 Validation set [recall@5: 0.0435 recall@10: 0.0744 recall@20: 0.1236 ] [ndcg@5: 0.0521 ndcg@10: 0.0616 ndcg@20: 0.0782 ] 
2025-09-29 15:24:02,087 - Epoch 120 Validation set [recall@5: 0.0445 recall@10: 0.0743 recall@20: 0.1240 ] [ndcg@5: 0.0528 ndcg@10: 0.0618 ndcg@20: 0.0788 ] 
2025-09-29 15:24:11,209 - Epoch 123 Validation set [recall@5: 0.0444 recall@10: 0.0750 recall@20: 0.1231 ] [ndcg@5: 0.0526 ndcg@10: 0.0619 ndcg@20: 0.0784 ] 
2025-09-29 15:24:20,174 - Epoch 126 Validation set [recall@5: 0.0449 recall@10: 0.0752 recall@20: 0.1250 ] [ndcg@5: 0.0531 ndcg@10: 0.0622 ndcg@20: 0.0791 ] 
2025-09-29 15:24:29,271 - Epoch 129 Validation set [recall@5: 0.0443 recall@10: 0.0750 recall@20: 0.1237 ] [ndcg@5: 0.0524 ndcg@10: 0.0617 ndcg@20: 0.0782 ] 
2025-09-29 15:24:38,421 - Epoch 132 Validation set [recall@5: 0.0438 recall@10: 0.0748 recall@20: 0.1242 ] [ndcg@5: 0.0521 ndcg@10: 0.0616 ndcg@20: 0.0783 ] 
2025-09-29 15:24:47,406 - Epoch 135 Validation set [recall@5: 0.0442 recall@10: 0.0752 recall@20: 0.1244 ] [ndcg@5: 0.0528 ndcg@10: 0.0622 ndcg@20: 0.0788 ] 
2025-09-29 15:24:56,274 - Epoch 138 Validation set [recall@5: 0.0449 recall@10: 0.0749 recall@20: 0.1239 ] [ndcg@5: 0.0531 ndcg@10: 0.0622 ndcg@20: 0.0786 ] 
2025-09-29 15:25:05,868 - Epoch 141 Validation set [recall@5: 0.0451 recall@10: 0.0756 recall@20: 0.1243 ] [ndcg@5: 0.0532 ndcg@10: 0.0624 ndcg@20: 0.0788 ] 
2025-09-29 15:25:07,781 - [recall@5: 0.0449 recall@10: 0.0752 recall@20: 0.1250 ] [ndcg@5: 0.0531 ndcg@10: 0.0622 ndcg@20: 0.0791 ] 
2025-09-29 15:25:09,636 - [recall@5: 0.0446 recall@10: 0.0755 recall@20: 0.1241 ] [ndcg@5: 0.0518 ndcg@10: 0.0621 ndcg@20: 0.0787 ] 
2025-09-29 15:25:09,637 - Best Epoch 126. Final test result: {'recall': array([0.04460484, 0.07546982, 0.12409207]), 'ndcg': array([0.0518225, 0.0620769, 0.078677 ])}.
