2025-09-29 15:40:58,019 - {'optimizer': {'name': 'adam', 'lr': 0.001, 'weight_decay': 0}, 'train': {'epoch': 3000, 'batch_size': 4096, 'save_model': True, 'loss': 'pairwise', 'test_step': 3, 'reproducible': True, 'seed': 2023, 'patience': 5}, 'test': {'metrics': ['recall', 'ndcg'], 'k': [5, 10, 20], 'batch_size': 1024}, 'data': {'type': 'general_cf', 'name': 'amazon', 'user_num': 11000, 'item_num': 9332}, 'model': {'name': 'sgl_plus', 'keep_rate': 0.8, 'embedding_size': 64, 'augmentation': 'edge_drop', 'layer_num': 3, 'reg_weight': 1e-05, 'cl_weight': 0.1, 'cl_temperature': 0.2, 'kd_weight': 0.01, 'kd_temperature': 0.5, 'amazon': {'layer_num': 3, 'reg_weight': 1e-05, 'cl_weight': 0.1, 'cl_temperature': 0.2, 'kd_weight': 0.01, 'kd_temperature': 0.5}, 'yelp': {'layer_num': 3, 'reg_weight': 1e-05, 'cl_weight': 0.1, 'cl_temperature': 0.2, 'kd_weight': 0.01, 'kd_temperature': 1.0}, 'steam': {'layer_num': 3, 'reg_weight': 1e-05, 'cl_weight': 0.1, 'cl_temperature': 0.5, 'kd_weight': 0.01, 'kd_temperature': 1.0}}}
2025-09-29 15:41:01,831 - Epoch   0 Validation set [recall@5: 0.0186 recall@10: 0.0292 recall@20: 0.0446 ] [ndcg@5: 0.0183 ndcg@10: 0.0218 ndcg@20: 0.0268 ] 
2025-09-29 15:41:08,843 - Epoch   3 Validation set [recall@5: 0.0366 recall@10: 0.0593 recall@20: 0.0901 ] [ndcg@5: 0.0367 ndcg@10: 0.0445 ndcg@20: 0.0543 ] 
2025-09-29 15:41:15,940 - Epoch   6 Validation set [recall@5: 0.0431 recall@10: 0.0692 recall@20: 0.1056 ] [ndcg@5: 0.0442 ndcg@10: 0.0531 ndcg@20: 0.0651 ] 
2025-09-29 15:41:23,006 - Epoch   9 Validation set [recall@5: 0.0623 recall@10: 0.0974 recall@20: 0.1432 ] [ndcg@5: 0.0627 ndcg@10: 0.0746 ndcg@20: 0.0896 ] 
2025-09-29 15:41:30,394 - Epoch  12 Validation set [recall@5: 0.0698 recall@10: 0.1084 recall@20: 0.1581 ] [ndcg@5: 0.0693 ndcg@10: 0.0822 ndcg@20: 0.0987 ] 
2025-09-29 15:41:37,496 - Epoch  15 Validation set [recall@5: 0.0742 recall@10: 0.1124 recall@20: 0.1636 ] [ndcg@5: 0.0733 ndcg@10: 0.0863 ndcg@20: 0.1032 ] 
2025-09-29 15:41:44,695 - Epoch  18 Validation set [recall@5: 0.0760 recall@10: 0.1148 recall@20: 0.1686 ] [ndcg@5: 0.0749 ndcg@10: 0.0884 ndcg@20: 0.1058 ] 
2025-09-29 15:41:52,395 - Epoch  21 Validation set [recall@5: 0.0764 recall@10: 0.1157 recall@20: 0.1698 ] [ndcg@5: 0.0759 ndcg@10: 0.0894 ndcg@20: 0.1069 ] 
2025-09-29 15:42:00,009 - Epoch  24 Validation set [recall@5: 0.0766 recall@10: 0.1154 recall@20: 0.1703 ] [ndcg@5: 0.0764 ndcg@10: 0.0896 ndcg@20: 0.1074 ] 
2025-09-29 15:42:07,231 - Epoch  27 Validation set [recall@5: 0.0764 recall@10: 0.1150 recall@20: 0.1701 ] [ndcg@5: 0.0755 ndcg@10: 0.0887 ndcg@20: 0.1066 ] 
2025-09-29 15:42:14,230 - Epoch  30 Validation set [recall@5: 0.0766 recall@10: 0.1151 recall@20: 0.1704 ] [ndcg@5: 0.0758 ndcg@10: 0.0889 ndcg@20: 0.1069 ] 
2025-09-29 15:42:21,385 - Epoch  33 Validation set [recall@5: 0.0764 recall@10: 0.1150 recall@20: 0.1710 ] [ndcg@5: 0.0756 ndcg@10: 0.0886 ndcg@20: 0.1067 ] 
2025-09-29 15:42:28,437 - Epoch  36 Validation set [recall@5: 0.0759 recall@10: 0.1150 recall@20: 0.1712 ] [ndcg@5: 0.0756 ndcg@10: 0.0889 ndcg@20: 0.1070 ] 
2025-09-29 15:42:35,434 - Epoch  39 Validation set [recall@5: 0.0755 recall@10: 0.1151 recall@20: 0.1711 ] [ndcg@5: 0.0753 ndcg@10: 0.0887 ndcg@20: 0.1069 ] 
2025-09-29 15:42:42,461 - Epoch  42 Validation set [recall@5: 0.0762 recall@10: 0.1151 recall@20: 0.1719 ] [ndcg@5: 0.0753 ndcg@10: 0.0885 ndcg@20: 0.1068 ] 
2025-09-29 15:42:49,517 - Epoch  45 Validation set [recall@5: 0.0761 recall@10: 0.1154 recall@20: 0.1725 ] [ndcg@5: 0.0754 ndcg@10: 0.0888 ndcg@20: 0.1072 ] 
2025-09-29 15:42:56,558 - Epoch  48 Validation set [recall@5: 0.0761 recall@10: 0.1152 recall@20: 0.1712 ] [ndcg@5: 0.0752 ndcg@10: 0.0885 ndcg@20: 0.1066 ] 
2025-09-29 15:43:03,651 - Epoch  51 Validation set [recall@5: 0.0750 recall@10: 0.1152 recall@20: 0.1717 ] [ndcg@5: 0.0745 ndcg@10: 0.0884 ndcg@20: 0.1066 ] 
2025-09-29 15:43:10,705 - Epoch  54 Validation set [recall@5: 0.0755 recall@10: 0.1149 recall@20: 0.1721 ] [ndcg@5: 0.0746 ndcg@10: 0.0882 ndcg@20: 0.1067 ] 
2025-09-29 15:43:17,596 - Epoch  57 Validation set [recall@5: 0.0754 recall@10: 0.1157 recall@20: 0.1723 ] [ndcg@5: 0.0745 ndcg@10: 0.0882 ndcg@20: 0.1066 ] 
2025-09-29 15:43:24,670 - Epoch  60 Validation set [recall@5: 0.0753 recall@10: 0.1166 recall@20: 0.1712 ] [ndcg@5: 0.0748 ndcg@10: 0.0890 ndcg@20: 0.1067 ] 
2025-09-29 15:43:26,925 - [recall@5: 0.0761 recall@10: 0.1154 recall@20: 0.1725 ] [ndcg@5: 0.0754 ndcg@10: 0.0888 ndcg@20: 0.1072 ] 
2025-09-29 15:43:28,980 - [recall@5: 0.0756 recall@10: 0.1151 recall@20: 0.1702 ] [ndcg@5: 0.0738 ndcg@10: 0.0876 ndcg@20: 0.1055 ] 
2025-09-29 15:43:28,990 - Save model parameters to ./encoder/checkpoint/sgl_plus/sgl_plus-amazon-2023.pth
2025-09-29 15:43:28,990 - Best Epoch 45. Final test result: {'recall': array([0.075553  , 0.11509883, 0.17017801]), 'ndcg': array([0.07375083, 0.08757915, 0.10548775])}.
