2025-09-29 15:56:18,759 - {'optimizer': {'name': 'adam', 'lr': 0.001, 'weight_decay': 0}, 'train': {'epoch': 3000, 'batch_size': 4096, 'save_model': True, 'loss': 'pairwise', 'test_step': 3, 'reproducible': True, 'seed': 2023, 'patience': 5}, 'test': {'metrics': ['recall', 'ndcg'], 'k': [5, 10, 20], 'batch_size': 1024}, 'data': {'type': 'general_cf', 'name': 'yelp', 'user_num': 11091, 'item_num': 11010}, 'model': {'name': 'sgl_plus', 'keep_rate': 0.8, 'embedding_size': 64, 'augmentation': 'edge_drop', 'layer_num': 3, 'reg_weight': 1e-05, 'cl_weight': 0.1, 'cl_temperature': 0.2, 'kd_weight': 0.01, 'kd_temperature': 1.0, 'amazon': {'layer_num': 3, 'reg_weight': 1e-05, 'cl_weight': 0.1, 'cl_temperature': 0.2, 'kd_weight': 0.01, 'kd_temperature': 0.5}, 'yelp': {'layer_num': 3, 'reg_weight': 1e-05, 'cl_weight': 0.1, 'cl_temperature': 0.2, 'kd_weight': 0.01, 'kd_temperature': 1.0}, 'steam': {'layer_num': 3, 'reg_weight': 1e-05, 'cl_weight': 0.1, 'cl_temperature': 0.5, 'kd_weight': 0.01, 'kd_temperature': 1.0}}}
2025-09-29 15:56:24,635 - Epoch   0 Validation set [recall@5: 0.0136 recall@10: 0.0230 recall@20: 0.0372 ] [ndcg@5: 0.0168 ndcg@10: 0.0196 ndcg@20: 0.0243 ] 
2025-09-29 15:56:34,947 - Epoch   3 Validation set [recall@5: 0.0264 recall@10: 0.0448 recall@20: 0.0724 ] [ndcg@5: 0.0328 ndcg@10: 0.0379 ndcg@20: 0.0470 ] 
2025-09-29 15:56:45,250 - Epoch   6 Validation set [recall@5: 0.0332 recall@10: 0.0573 recall@20: 0.0937 ] [ndcg@5: 0.0414 ndcg@10: 0.0483 ndcg@20: 0.0604 ] 
2025-09-29 15:56:55,459 - Epoch   9 Validation set [recall@5: 0.0436 recall@10: 0.0731 recall@20: 0.1181 ] [ndcg@5: 0.0516 ndcg@10: 0.0603 ndcg@20: 0.0753 ] 
2025-09-29 15:57:05,850 - Epoch  12 Validation set [recall@5: 0.0463 recall@10: 0.0780 recall@20: 0.1272 ] [ndcg@5: 0.0548 ndcg@10: 0.0643 ndcg@20: 0.0810 ] 
2025-09-29 15:57:15,366 - Epoch  15 Validation set [recall@5: 0.0479 recall@10: 0.0798 recall@20: 0.1297 ] [ndcg@5: 0.0563 ndcg@10: 0.0660 ndcg@20: 0.0829 ] 
2025-09-29 15:57:25,597 - Epoch  18 Validation set [recall@5: 0.0480 recall@10: 0.0811 recall@20: 0.1300 ] [ndcg@5: 0.0570 ndcg@10: 0.0671 ndcg@20: 0.0836 ] 
2025-09-29 15:57:35,675 - Epoch  21 Validation set [recall@5: 0.0484 recall@10: 0.0805 recall@20: 0.1299 ] [ndcg@5: 0.0574 ndcg@10: 0.0670 ndcg@20: 0.0837 ] 
2025-09-29 15:57:45,903 - Epoch  24 Validation set [recall@5: 0.0489 recall@10: 0.0801 recall@20: 0.1307 ] [ndcg@5: 0.0576 ndcg@10: 0.0669 ndcg@20: 0.0841 ] 
2025-09-29 15:57:55,802 - Epoch  27 Validation set [recall@5: 0.0484 recall@10: 0.0803 recall@20: 0.1309 ] [ndcg@5: 0.0574 ndcg@10: 0.0669 ndcg@20: 0.0840 ] 
2025-09-29 15:58:05,796 - Epoch  30 Validation set [recall@5: 0.0485 recall@10: 0.0802 recall@20: 0.1314 ] [ndcg@5: 0.0574 ndcg@10: 0.0669 ndcg@20: 0.0840 ] 
2025-09-29 15:58:16,074 - Epoch  33 Validation set [recall@5: 0.0485 recall@10: 0.0807 recall@20: 0.1308 ] [ndcg@5: 0.0571 ndcg@10: 0.0670 ndcg@20: 0.0838 ] 
2025-09-29 15:58:26,471 - Epoch  36 Validation set [recall@5: 0.0484 recall@10: 0.0808 recall@20: 0.1312 ] [ndcg@5: 0.0572 ndcg@10: 0.0671 ndcg@20: 0.0841 ] 
2025-09-29 15:58:36,671 - Epoch  39 Validation set [recall@5: 0.0479 recall@10: 0.0808 recall@20: 0.1310 ] [ndcg@5: 0.0567 ndcg@10: 0.0667 ndcg@20: 0.0837 ] 
2025-09-29 15:58:46,745 - Epoch  42 Validation set [recall@5: 0.0483 recall@10: 0.0798 recall@20: 0.1302 ] [ndcg@5: 0.0570 ndcg@10: 0.0665 ndcg@20: 0.0835 ] 
2025-09-29 15:58:57,264 - Epoch  45 Validation set [recall@5: 0.0479 recall@10: 0.0800 recall@20: 0.1305 ] [ndcg@5: 0.0571 ndcg@10: 0.0668 ndcg@20: 0.0838 ] 
2025-09-29 15:58:59,214 - [recall@5: 0.0485 recall@10: 0.0802 recall@20: 0.1314 ] [ndcg@5: 0.0574 ndcg@10: 0.0669 ndcg@20: 0.0840 ] 
2025-09-29 15:59:01,168 - [recall@5: 0.0474 recall@10: 0.0786 recall@20: 0.1307 ] [ndcg@5: 0.0554 ndcg@10: 0.0649 ndcg@20: 0.0826 ] 
2025-09-29 15:59:01,181 - Save model parameters to ./encoder/checkpoint/sgl_plus/sgl_plus-yelp-2023.pth
2025-09-29 15:59:01,182 - Best Epoch 30. Final test result: {'recall': array([0.04742184, 0.07863586, 0.13069335]), 'ndcg': array([0.05536676, 0.06493618, 0.08261786])}.
