2025-10-02 14:40:00,218 - {'optimizer': {'name': 'adam', 'lr': 0.001, 'weight_decay': 0}, 'train': {'epoch': 3000, 'batch_size': 4096, 'save_model': False, 'loss': 'pairwise', 'test_step': 3, 'reproducible': True, 'seed': 2023, 'patience': 5}, 'test': {'metrics': ['recall', 'ndcg'], 'k': [5, 10, 20], 'batch_size': 1024}, 'data': {'type': 'general_agcf', 'name': 'amazon', 'mat_type': 'uai', 'pre_norm': True, 'user_num': 11000, 'item_num': 9332, 'user_item_num': 20332, 'attr_num': 1978}, 'model': {'name': 'lightgcn_a', 'keep_rate': 0.8, 'embedding_size': 64, 'layer_num': 6, 'reg_weight': 1e-06, 'amazon': {'layer_num': 6, 'reg_weight': 1e-06}, 'yelp': {'layer_num': 3, 'reg_weight': 1e-06}, 'steam': {'layer_num': 2, 'reg_weight': 1e-06}, 'Office': {'layer_num': 3, 'reg_weight': 1e-06}}}
2025-10-02 14:40:05,913 - Epoch   0 Validation set [recall@5: 0.0159 recall@10: 0.0261 recall@20: 0.0441 ] [ndcg@5: 0.0160 ndcg@10: 0.0195 ndcg@20: 0.0254 ] 
2025-10-02 14:40:12,641 - Epoch   3 Validation set [recall@5: 0.0196 recall@10: 0.0320 recall@20: 0.0529 ] [ndcg@5: 0.0193 ndcg@10: 0.0236 ndcg@20: 0.0305 ] 
2025-10-02 14:40:18,899 - Epoch   6 Validation set [recall@5: 0.0244 recall@10: 0.0398 recall@20: 0.0651 ] [ndcg@5: 0.0246 ndcg@10: 0.0299 ndcg@20: 0.0379 ] 
2025-10-02 14:40:25,604 - Epoch   9 Validation set [recall@5: 0.0268 recall@10: 0.0433 recall@20: 0.0714 ] [ndcg@5: 0.0275 ndcg@10: 0.0330 ndcg@20: 0.0420 ] 
2025-10-02 14:40:32,408 - Epoch  12 Validation set [recall@5: 0.0283 recall@10: 0.0465 recall@20: 0.0769 ] [ndcg@5: 0.0292 ndcg@10: 0.0352 ndcg@20: 0.0449 ] 
2025-10-02 14:40:38,260 - Epoch  15 Validation set [recall@5: 0.0300 recall@10: 0.0503 recall@20: 0.0827 ] [ndcg@5: 0.0307 ndcg@10: 0.0376 ndcg@20: 0.0481 ] 
2025-10-02 14:40:44,805 - Epoch  18 Validation set [recall@5: 0.0321 recall@10: 0.0523 recall@20: 0.0870 ] [ndcg@5: 0.0327 ndcg@10: 0.0395 ndcg@20: 0.0507 ] 
2025-10-02 14:40:51,675 - Epoch  21 Validation set [recall@5: 0.0326 recall@10: 0.0550 recall@20: 0.0902 ] [ndcg@5: 0.0339 ndcg@10: 0.0414 ndcg@20: 0.0529 ] 
2025-10-02 14:40:57,267 - Epoch  24 Validation set [recall@5: 0.0344 recall@10: 0.0583 recall@20: 0.0933 ] [ndcg@5: 0.0356 ndcg@10: 0.0438 ndcg@20: 0.0552 ] 
2025-10-02 14:41:02,744 - Epoch  27 Validation set [recall@5: 0.0351 recall@10: 0.0599 recall@20: 0.0958 ] [ndcg@5: 0.0362 ndcg@10: 0.0447 ndcg@20: 0.0565 ] 
2025-10-02 14:41:08,517 - Epoch  30 Validation set [recall@5: 0.0371 recall@10: 0.0619 recall@20: 0.1003 ] [ndcg@5: 0.0378 ndcg@10: 0.0463 ndcg@20: 0.0589 ] 
2025-10-02 14:41:14,063 - Epoch  33 Validation set [recall@5: 0.0376 recall@10: 0.0637 recall@20: 0.1021 ] [ndcg@5: 0.0386 ndcg@10: 0.0475 ndcg@20: 0.0601 ] 
2025-10-02 14:41:19,983 - Epoch  36 Validation set [recall@5: 0.0395 recall@10: 0.0661 recall@20: 0.1045 ] [ndcg@5: 0.0400 ndcg@10: 0.0490 ndcg@20: 0.0616 ] 
2025-10-02 14:41:25,694 - Epoch  39 Validation set [recall@5: 0.0406 recall@10: 0.0681 recall@20: 0.1053 ] [ndcg@5: 0.0411 ndcg@10: 0.0506 ndcg@20: 0.0627 ] 
2025-10-02 14:41:32,440 - Epoch  42 Validation set [recall@5: 0.0420 recall@10: 0.0690 recall@20: 0.1076 ] [ndcg@5: 0.0420 ndcg@10: 0.0513 ndcg@20: 0.0638 ] 
2025-10-02 14:41:38,050 - Epoch  45 Validation set [recall@5: 0.0424 recall@10: 0.0696 recall@20: 0.1085 ] [ndcg@5: 0.0429 ndcg@10: 0.0522 ndcg@20: 0.0649 ] 
2025-10-02 14:41:43,654 - Epoch  48 Validation set [recall@5: 0.0436 recall@10: 0.0704 recall@20: 0.1099 ] [ndcg@5: 0.0437 ndcg@10: 0.0528 ndcg@20: 0.0658 ] 
2025-10-02 14:41:49,884 - Epoch  51 Validation set [recall@5: 0.0441 recall@10: 0.0711 recall@20: 0.1110 ] [ndcg@5: 0.0439 ndcg@10: 0.0532 ndcg@20: 0.0662 ] 
2025-10-02 14:41:55,795 - Epoch  54 Validation set [recall@5: 0.0439 recall@10: 0.0719 recall@20: 0.1113 ] [ndcg@5: 0.0441 ndcg@10: 0.0538 ndcg@20: 0.0668 ] 
2025-10-02 14:42:02,739 - Epoch  57 Validation set [recall@5: 0.0452 recall@10: 0.0732 recall@20: 0.1135 ] [ndcg@5: 0.0447 ndcg@10: 0.0545 ndcg@20: 0.0676 ] 
2025-10-02 14:42:08,603 - Epoch  60 Validation set [recall@5: 0.0467 recall@10: 0.0740 recall@20: 0.1153 ] [ndcg@5: 0.0458 ndcg@10: 0.0552 ndcg@20: 0.0686 ] 
2025-10-02 14:42:14,586 - Epoch  63 Validation set [recall@5: 0.0465 recall@10: 0.0749 recall@20: 0.1178 ] [ndcg@5: 0.0459 ndcg@10: 0.0559 ndcg@20: 0.0699 ] 
2025-10-02 14:42:20,658 - Epoch  66 Validation set [recall@5: 0.0473 recall@10: 0.0756 recall@20: 0.1179 ] [ndcg@5: 0.0465 ndcg@10: 0.0566 ndcg@20: 0.0703 ] 
2025-10-02 14:42:26,510 - Epoch  69 Validation set [recall@5: 0.0478 recall@10: 0.0759 recall@20: 0.1193 ] [ndcg@5: 0.0472 ndcg@10: 0.0571 ndcg@20: 0.0710 ] 
2025-10-02 14:42:32,586 - Epoch  72 Validation set [recall@5: 0.0479 recall@10: 0.0773 recall@20: 0.1199 ] [ndcg@5: 0.0473 ndcg@10: 0.0578 ndcg@20: 0.0715 ] 
2025-10-02 14:42:38,883 - Epoch  75 Validation set [recall@5: 0.0488 recall@10: 0.0776 recall@20: 0.1216 ] [ndcg@5: 0.0481 ndcg@10: 0.0581 ndcg@20: 0.0723 ] 
2025-10-02 14:42:45,168 - Epoch  78 Validation set [recall@5: 0.0488 recall@10: 0.0781 recall@20: 0.1238 ] [ndcg@5: 0.0486 ndcg@10: 0.0588 ndcg@20: 0.0736 ] 
2025-10-02 14:42:51,426 - Epoch  81 Validation set [recall@5: 0.0489 recall@10: 0.0784 recall@20: 0.1255 ] [ndcg@5: 0.0489 ndcg@10: 0.0592 ndcg@20: 0.0744 ] 
2025-10-02 14:42:57,893 - Epoch  84 Validation set [recall@5: 0.0494 recall@10: 0.0788 recall@20: 0.1260 ] [ndcg@5: 0.0494 ndcg@10: 0.0596 ndcg@20: 0.0748 ] 
2025-10-02 14:43:04,548 - Epoch  87 Validation set [recall@5: 0.0500 recall@10: 0.0797 recall@20: 0.1261 ] [ndcg@5: 0.0497 ndcg@10: 0.0601 ndcg@20: 0.0750 ] 
2025-10-02 14:43:11,402 - Epoch  90 Validation set [recall@5: 0.0503 recall@10: 0.0795 recall@20: 0.1265 ] [ndcg@5: 0.0500 ndcg@10: 0.0601 ndcg@20: 0.0752 ] 
2025-10-02 14:43:17,190 - Epoch  93 Validation set [recall@5: 0.0506 recall@10: 0.0810 recall@20: 0.1277 ] [ndcg@5: 0.0501 ndcg@10: 0.0607 ndcg@20: 0.0757 ] 
2025-10-02 14:43:23,701 - Epoch  96 Validation set [recall@5: 0.0517 recall@10: 0.0817 recall@20: 0.1287 ] [ndcg@5: 0.0509 ndcg@10: 0.0614 ndcg@20: 0.0764 ] 
2025-10-02 14:43:30,314 - Epoch  99 Validation set [recall@5: 0.0522 recall@10: 0.0825 recall@20: 0.1301 ] [ndcg@5: 0.0513 ndcg@10: 0.0619 ndcg@20: 0.0773 ] 
2025-10-02 14:43:36,630 - Epoch 102 Validation set [recall@5: 0.0525 recall@10: 0.0825 recall@20: 0.1304 ] [ndcg@5: 0.0516 ndcg@10: 0.0620 ndcg@20: 0.0774 ] 
2025-10-02 14:43:43,794 - Epoch 105 Validation set [recall@5: 0.0522 recall@10: 0.0836 recall@20: 0.1312 ] [ndcg@5: 0.0516 ndcg@10: 0.0622 ndcg@20: 0.0777 ] 
2025-10-02 14:43:50,576 - Epoch 108 Validation set [recall@5: 0.0524 recall@10: 0.0832 recall@20: 0.1307 ] [ndcg@5: 0.0517 ndcg@10: 0.0622 ndcg@20: 0.0778 ] 
2025-10-02 14:43:57,344 - Epoch 111 Validation set [recall@5: 0.0528 recall@10: 0.0850 recall@20: 0.1323 ] [ndcg@5: 0.0523 ndcg@10: 0.0633 ndcg@20: 0.0786 ] 
2025-10-02 14:44:04,403 - Epoch 114 Validation set [recall@5: 0.0537 recall@10: 0.0855 recall@20: 0.1329 ] [ndcg@5: 0.0533 ndcg@10: 0.0641 ndcg@20: 0.0796 ] 
2025-10-02 14:44:11,185 - Epoch 117 Validation set [recall@5: 0.0538 recall@10: 0.0861 recall@20: 0.1335 ] [ndcg@5: 0.0531 ndcg@10: 0.0642 ndcg@20: 0.0796 ] 
2025-10-02 14:44:16,985 - Epoch 120 Validation set [recall@5: 0.0539 recall@10: 0.0880 recall@20: 0.1348 ] [ndcg@5: 0.0536 ndcg@10: 0.0653 ndcg@20: 0.0806 ] 
2025-10-02 14:44:23,558 - Epoch 123 Validation set [recall@5: 0.0542 recall@10: 0.0874 recall@20: 0.1348 ] [ndcg@5: 0.0538 ndcg@10: 0.0652 ndcg@20: 0.0807 ] 
2025-10-02 14:44:30,087 - Epoch 126 Validation set [recall@5: 0.0539 recall@10: 0.0880 recall@20: 0.1354 ] [ndcg@5: 0.0536 ndcg@10: 0.0652 ndcg@20: 0.0807 ] 
2025-10-02 14:44:35,717 - Epoch 129 Validation set [recall@5: 0.0542 recall@10: 0.0892 recall@20: 0.1364 ] [ndcg@5: 0.0539 ndcg@10: 0.0660 ndcg@20: 0.0814 ] 
2025-10-02 14:44:42,215 - Epoch 132 Validation set [recall@5: 0.0541 recall@10: 0.0890 recall@20: 0.1351 ] [ndcg@5: 0.0538 ndcg@10: 0.0658 ndcg@20: 0.0810 ] 
2025-10-02 14:44:48,528 - Epoch 135 Validation set [recall@5: 0.0541 recall@10: 0.0884 recall@20: 0.1365 ] [ndcg@5: 0.0541 ndcg@10: 0.0660 ndcg@20: 0.0818 ] 
2025-10-02 14:44:54,563 - Epoch 138 Validation set [recall@5: 0.0547 recall@10: 0.0886 recall@20: 0.1364 ] [ndcg@5: 0.0544 ndcg@10: 0.0661 ndcg@20: 0.0818 ] 
2025-10-02 14:44:59,952 - Epoch 141 Validation set [recall@5: 0.0548 recall@10: 0.0896 recall@20: 0.1376 ] [ndcg@5: 0.0547 ndcg@10: 0.0667 ndcg@20: 0.0825 ] 
2025-10-02 14:45:06,226 - Epoch 144 Validation set [recall@5: 0.0554 recall@10: 0.0900 recall@20: 0.1381 ] [ndcg@5: 0.0551 ndcg@10: 0.0670 ndcg@20: 0.0828 ] 
2025-10-02 14:45:11,892 - Epoch 147 Validation set [recall@5: 0.0555 recall@10: 0.0892 recall@20: 0.1385 ] [ndcg@5: 0.0550 ndcg@10: 0.0666 ndcg@20: 0.0828 ] 
2025-10-02 14:45:17,601 - Epoch 150 Validation set [recall@5: 0.0559 recall@10: 0.0898 recall@20: 0.1385 ] [ndcg@5: 0.0552 ndcg@10: 0.0670 ndcg@20: 0.0830 ] 
2025-10-02 14:45:24,227 - Epoch 153 Validation set [recall@5: 0.0563 recall@10: 0.0911 recall@20: 0.1387 ] [ndcg@5: 0.0556 ndcg@10: 0.0676 ndcg@20: 0.0834 ] 
2025-10-02 14:45:30,614 - Epoch 156 Validation set [recall@5: 0.0564 recall@10: 0.0919 recall@20: 0.1408 ] [ndcg@5: 0.0560 ndcg@10: 0.0682 ndcg@20: 0.0843 ] 
2025-10-02 14:45:37,578 - Epoch 159 Validation set [recall@5: 0.0567 recall@10: 0.0921 recall@20: 0.1406 ] [ndcg@5: 0.0557 ndcg@10: 0.0682 ndcg@20: 0.0841 ] 
2025-10-02 14:45:43,810 - Epoch 162 Validation set [recall@5: 0.0569 recall@10: 0.0916 recall@20: 0.1418 ] [ndcg@5: 0.0559 ndcg@10: 0.0681 ndcg@20: 0.0845 ] 
2025-10-02 14:45:49,807 - Epoch 165 Validation set [recall@5: 0.0574 recall@10: 0.0926 recall@20: 0.1420 ] [ndcg@5: 0.0563 ndcg@10: 0.0687 ndcg@20: 0.0849 ] 
2025-10-02 14:45:55,897 - Epoch 168 Validation set [recall@5: 0.0576 recall@10: 0.0931 recall@20: 0.1425 ] [ndcg@5: 0.0564 ndcg@10: 0.0690 ndcg@20: 0.0851 ] 
2025-10-02 14:46:02,002 - Epoch 171 Validation set [recall@5: 0.0577 recall@10: 0.0929 recall@20: 0.1436 ] [ndcg@5: 0.0564 ndcg@10: 0.0689 ndcg@20: 0.0855 ] 
2025-10-02 14:46:07,511 - Epoch 174 Validation set [recall@5: 0.0584 recall@10: 0.0933 recall@20: 0.1430 ] [ndcg@5: 0.0574 ndcg@10: 0.0697 ndcg@20: 0.0859 ] 
2025-10-02 14:46:12,994 - Epoch 177 Validation set [recall@5: 0.0580 recall@10: 0.0945 recall@20: 0.1441 ] [ndcg@5: 0.0573 ndcg@10: 0.0703 ndcg@20: 0.0864 ] 
2025-10-02 14:46:18,561 - Epoch 180 Validation set [recall@5: 0.0584 recall@10: 0.0936 recall@20: 0.1440 ] [ndcg@5: 0.0577 ndcg@10: 0.0701 ndcg@20: 0.0864 ] 
2025-10-02 14:46:24,545 - Epoch 183 Validation set [recall@5: 0.0581 recall@10: 0.0931 recall@20: 0.1440 ] [ndcg@5: 0.0574 ndcg@10: 0.0698 ndcg@20: 0.0864 ] 
2025-10-02 14:46:30,585 - Epoch 186 Validation set [recall@5: 0.0581 recall@10: 0.0934 recall@20: 0.1439 ] [ndcg@5: 0.0570 ndcg@10: 0.0696 ndcg@20: 0.0861 ] 
2025-10-02 14:46:36,039 - Epoch 189 Validation set [recall@5: 0.0581 recall@10: 0.0943 recall@20: 0.1440 ] [ndcg@5: 0.0571 ndcg@10: 0.0701 ndcg@20: 0.0864 ] 
2025-10-02 14:46:42,021 - Epoch 192 Validation set [recall@5: 0.0583 recall@10: 0.0939 recall@20: 0.1454 ] [ndcg@5: 0.0574 ndcg@10: 0.0701 ndcg@20: 0.0869 ] 
2025-10-02 14:46:47,653 - Epoch 195 Validation set [recall@5: 0.0584 recall@10: 0.0943 recall@20: 0.1448 ] [ndcg@5: 0.0576 ndcg@10: 0.0705 ndcg@20: 0.0869 ] 
2025-10-02 14:46:54,050 - Epoch 198 Validation set [recall@5: 0.0580 recall@10: 0.0949 recall@20: 0.1446 ] [ndcg@5: 0.0575 ndcg@10: 0.0706 ndcg@20: 0.0867 ] 
2025-10-02 14:47:00,666 - Epoch 201 Validation set [recall@5: 0.0589 recall@10: 0.0961 recall@20: 0.1465 ] [ndcg@5: 0.0578 ndcg@10: 0.0711 ndcg@20: 0.0874 ] 
2025-10-02 14:47:07,066 - Epoch 204 Validation set [recall@5: 0.0587 recall@10: 0.0962 recall@20: 0.1459 ] [ndcg@5: 0.0578 ndcg@10: 0.0711 ndcg@20: 0.0874 ] 
2025-10-02 14:47:12,684 - Epoch 207 Validation set [recall@5: 0.0589 recall@10: 0.0967 recall@20: 0.1461 ] [ndcg@5: 0.0584 ndcg@10: 0.0718 ndcg@20: 0.0879 ] 
2025-10-02 14:47:18,421 - Epoch 210 Validation set [recall@5: 0.0586 recall@10: 0.0958 recall@20: 0.1465 ] [ndcg@5: 0.0578 ndcg@10: 0.0711 ndcg@20: 0.0876 ] 
2025-10-02 14:47:24,464 - Epoch 213 Validation set [recall@5: 0.0588 recall@10: 0.0965 recall@20: 0.1464 ] [ndcg@5: 0.0579 ndcg@10: 0.0713 ndcg@20: 0.0875 ] 
2025-10-02 14:47:30,867 - Epoch 216 Validation set [recall@5: 0.0590 recall@10: 0.0965 recall@20: 0.1470 ] [ndcg@5: 0.0577 ndcg@10: 0.0711 ndcg@20: 0.0876 ] 
2025-10-02 14:47:37,677 - Epoch 219 Validation set [recall@5: 0.0598 recall@10: 0.0965 recall@20: 0.1474 ] [ndcg@5: 0.0580 ndcg@10: 0.0712 ndcg@20: 0.0878 ] 
2025-10-02 14:47:43,521 - Epoch 222 Validation set [recall@5: 0.0600 recall@10: 0.0964 recall@20: 0.1469 ] [ndcg@5: 0.0587 ndcg@10: 0.0716 ndcg@20: 0.0882 ] 
2025-10-02 14:47:49,552 - Epoch 225 Validation set [recall@5: 0.0601 recall@10: 0.0954 recall@20: 0.1468 ] [ndcg@5: 0.0588 ndcg@10: 0.0713 ndcg@20: 0.0880 ] 
2025-10-02 14:47:55,601 - Epoch 228 Validation set [recall@5: 0.0595 recall@10: 0.0960 recall@20: 0.1471 ] [ndcg@5: 0.0590 ndcg@10: 0.0718 ndcg@20: 0.0886 ] 
2025-10-02 14:48:02,113 - Epoch 231 Validation set [recall@5: 0.0601 recall@10: 0.0961 recall@20: 0.1477 ] [ndcg@5: 0.0591 ndcg@10: 0.0718 ndcg@20: 0.0887 ] 
2025-10-02 14:48:08,399 - Epoch 234 Validation set [recall@5: 0.0597 recall@10: 0.0962 recall@20: 0.1471 ] [ndcg@5: 0.0586 ndcg@10: 0.0716 ndcg@20: 0.0882 ] 
2025-10-02 14:48:14,533 - Epoch 237 Validation set [recall@5: 0.0600 recall@10: 0.0969 recall@20: 0.1494 ] [ndcg@5: 0.0590 ndcg@10: 0.0720 ndcg@20: 0.0891 ] 
2025-10-02 14:48:21,169 - Epoch 240 Validation set [recall@5: 0.0596 recall@10: 0.0974 recall@20: 0.1496 ] [ndcg@5: 0.0594 ndcg@10: 0.0726 ndcg@20: 0.0895 ] 
2025-10-02 14:48:27,162 - Epoch 243 Validation set [recall@5: 0.0597 recall@10: 0.0978 recall@20: 0.1494 ] [ndcg@5: 0.0595 ndcg@10: 0.0728 ndcg@20: 0.0896 ] 
2025-10-02 14:48:32,644 - Epoch 246 Validation set [recall@5: 0.0597 recall@10: 0.0986 recall@20: 0.1495 ] [ndcg@5: 0.0592 ndcg@10: 0.0729 ndcg@20: 0.0895 ] 
2025-10-02 14:48:38,114 - Epoch 249 Validation set [recall@5: 0.0598 recall@10: 0.0973 recall@20: 0.1490 ] [ndcg@5: 0.0593 ndcg@10: 0.0724 ndcg@20: 0.0894 ] 
2025-10-02 14:48:44,332 - Epoch 252 Validation set [recall@5: 0.0607 recall@10: 0.0978 recall@20: 0.1484 ] [ndcg@5: 0.0597 ndcg@10: 0.0727 ndcg@20: 0.0894 ] 
2025-10-02 14:48:50,021 - Epoch 255 Validation set [recall@5: 0.0595 recall@10: 0.0990 recall@20: 0.1501 ] [ndcg@5: 0.0590 ndcg@10: 0.0729 ndcg@20: 0.0897 ] 
2025-10-02 14:48:56,020 - Epoch 258 Validation set [recall@5: 0.0597 recall@10: 0.0984 recall@20: 0.1499 ] [ndcg@5: 0.0591 ndcg@10: 0.0727 ndcg@20: 0.0897 ] 
2025-10-02 14:49:02,428 - Epoch 261 Validation set [recall@5: 0.0612 recall@10: 0.0982 recall@20: 0.1502 ] [ndcg@5: 0.0603 ndcg@10: 0.0733 ndcg@20: 0.0903 ] 
2025-10-02 14:49:08,984 - Epoch 264 Validation set [recall@5: 0.0613 recall@10: 0.0983 recall@20: 0.1494 ] [ndcg@5: 0.0603 ndcg@10: 0.0733 ndcg@20: 0.0901 ] 
2025-10-02 14:49:14,647 - Epoch 267 Validation set [recall@5: 0.0618 recall@10: 0.0990 recall@20: 0.1503 ] [ndcg@5: 0.0602 ndcg@10: 0.0734 ndcg@20: 0.0903 ] 
2025-10-02 14:49:21,451 - Epoch 270 Validation set [recall@5: 0.0623 recall@10: 0.0992 recall@20: 0.1496 ] [ndcg@5: 0.0607 ndcg@10: 0.0738 ndcg@20: 0.0904 ] 
2025-10-02 14:49:27,970 - Epoch 273 Validation set [recall@5: 0.0614 recall@10: 0.0994 recall@20: 0.1501 ] [ndcg@5: 0.0605 ndcg@10: 0.0741 ndcg@20: 0.0907 ] 
2025-10-02 14:49:33,532 - Epoch 276 Validation set [recall@5: 0.0617 recall@10: 0.0994 recall@20: 0.1506 ] [ndcg@5: 0.0609 ndcg@10: 0.0743 ndcg@20: 0.0911 ] 
2025-10-02 14:49:39,594 - Epoch 279 Validation set [recall@5: 0.0612 recall@10: 0.0998 recall@20: 0.1495 ] [ndcg@5: 0.0608 ndcg@10: 0.0746 ndcg@20: 0.0908 ] 
2025-10-02 14:49:45,442 - Epoch 282 Validation set [recall@5: 0.0622 recall@10: 0.1001 recall@20: 0.1513 ] [ndcg@5: 0.0614 ndcg@10: 0.0748 ndcg@20: 0.0916 ] 
2025-10-02 14:49:50,939 - Epoch 285 Validation set [recall@5: 0.0611 recall@10: 0.0990 recall@20: 0.1502 ] [ndcg@5: 0.0606 ndcg@10: 0.0742 ndcg@20: 0.0910 ] 
2025-10-02 14:49:56,297 - Epoch 288 Validation set [recall@5: 0.0624 recall@10: 0.0998 recall@20: 0.1500 ] [ndcg@5: 0.0611 ndcg@10: 0.0746 ndcg@20: 0.0911 ] 
2025-10-02 14:50:02,007 - Epoch 291 Validation set [recall@5: 0.0630 recall@10: 0.0997 recall@20: 0.1504 ] [ndcg@5: 0.0614 ndcg@10: 0.0745 ndcg@20: 0.0913 ] 
2025-10-02 14:50:08,168 - Epoch 294 Validation set [recall@5: 0.0619 recall@10: 0.0996 recall@20: 0.1498 ] [ndcg@5: 0.0610 ndcg@10: 0.0743 ndcg@20: 0.0909 ] 
2025-10-02 14:50:14,307 - Epoch 297 Validation set [recall@5: 0.0620 recall@10: 0.0997 recall@20: 0.1505 ] [ndcg@5: 0.0614 ndcg@10: 0.0746 ndcg@20: 0.0913 ] 
2025-10-02 14:50:16,004 - [recall@5: 0.0622 recall@10: 0.1001 recall@20: 0.1513 ] [ndcg@5: 0.0614 ndcg@10: 0.0748 ndcg@20: 0.0916 ] 
2025-10-02 14:50:17,694 - [recall@5: 0.0618 recall@10: 0.0975 recall@20: 0.1492 ] [ndcg@5: 0.0619 ndcg@10: 0.0742 ndcg@20: 0.0911 ] 
2025-10-02 14:50:17,695 - Best Epoch 282. Final test result: {'recall': array([0.06183687, 0.09749909, 0.14916688]), 'ndcg': array([0.06192541, 0.07417598, 0.09112688])}.
