2025-10-02 14:59:58,651 - {'optimizer': {'name': 'adam', 'lr': 0.001, 'weight_decay': 0}, 'train': {'epoch': 3000, 'batch_size': 4096, 'save_model': False, 'loss': 'pairwise', 'test_step': 3, 'reproducible': True, 'seed': 2023, 'patience': 5}, 'test': {'metrics': ['recall', 'ndcg'], 'k': [5, 10, 20], 'batch_size': 1024}, 'data': {'type': 'general_agcf', 'name': 'amazon', 'mat_type': 'uai', 'pre_norm': True, 'user_num': 11000, 'item_num': 9332, 'user_item_num': 20332, 'attr_num': 1978}, 'model': {'name': 'lightgcn_a', 'keep_rate': 0.8, 'embedding_size': 64, 'layer_num': 8, 'reg_weight': 1e-06, 'amazon': {'layer_num': 8, 'reg_weight': 1e-06}, 'yelp': {'layer_num': 3, 'reg_weight': 1e-06}, 'steam': {'layer_num': 2, 'reg_weight': 1e-06}, 'Office': {'layer_num': 3, 'reg_weight': 1e-06}}}
2025-10-02 15:00:04,054 - Epoch   0 Validation set [recall@5: 0.0157 recall@10: 0.0257 recall@20: 0.0439 ] [ndcg@5: 0.0160 ndcg@10: 0.0195 ndcg@20: 0.0253 ] 
2025-10-02 15:00:10,205 - Epoch   3 Validation set [recall@5: 0.0185 recall@10: 0.0310 recall@20: 0.0505 ] [ndcg@5: 0.0190 ndcg@10: 0.0233 ndcg@20: 0.0297 ] 
2025-10-02 15:00:16,364 - Epoch   6 Validation set [recall@5: 0.0234 recall@10: 0.0381 recall@20: 0.0621 ] [ndcg@5: 0.0236 ndcg@10: 0.0287 ndcg@20: 0.0363 ] 
2025-10-02 15:00:22,506 - Epoch   9 Validation set [recall@5: 0.0256 recall@10: 0.0419 recall@20: 0.0684 ] [ndcg@5: 0.0265 ndcg@10: 0.0319 ndcg@20: 0.0403 ] 
2025-10-02 15:00:28,547 - Epoch  12 Validation set [recall@5: 0.0265 recall@10: 0.0438 recall@20: 0.0720 ] [ndcg@5: 0.0275 ndcg@10: 0.0333 ndcg@20: 0.0423 ] 
2025-10-02 15:00:34,443 - Epoch  15 Validation set [recall@5: 0.0281 recall@10: 0.0469 recall@20: 0.0774 ] [ndcg@5: 0.0286 ndcg@10: 0.0350 ndcg@20: 0.0448 ] 
2025-10-02 15:00:40,426 - Epoch  18 Validation set [recall@5: 0.0302 recall@10: 0.0501 recall@20: 0.0828 ] [ndcg@5: 0.0309 ndcg@10: 0.0375 ndcg@20: 0.0481 ] 
2025-10-02 15:00:46,608 - Epoch  21 Validation set [recall@5: 0.0314 recall@10: 0.0523 recall@20: 0.0863 ] [ndcg@5: 0.0323 ndcg@10: 0.0393 ndcg@20: 0.0503 ] 
2025-10-02 15:00:53,226 - Epoch  24 Validation set [recall@5: 0.0326 recall@10: 0.0545 recall@20: 0.0883 ] [ndcg@5: 0.0336 ndcg@10: 0.0409 ndcg@20: 0.0520 ] 
2025-10-02 15:00:59,331 - Epoch  27 Validation set [recall@5: 0.0334 recall@10: 0.0564 recall@20: 0.0919 ] [ndcg@5: 0.0346 ndcg@10: 0.0422 ndcg@20: 0.0539 ] 
2025-10-02 15:01:06,024 - Epoch  30 Validation set [recall@5: 0.0346 recall@10: 0.0577 recall@20: 0.0950 ] [ndcg@5: 0.0359 ndcg@10: 0.0438 ndcg@20: 0.0560 ] 
2025-10-02 15:01:12,031 - Epoch  33 Validation set [recall@5: 0.0358 recall@10: 0.0602 recall@20: 0.0972 ] [ndcg@5: 0.0366 ndcg@10: 0.0449 ndcg@20: 0.0570 ] 
2025-10-02 15:01:17,935 - Epoch  36 Validation set [recall@5: 0.0366 recall@10: 0.0627 recall@20: 0.0996 ] [ndcg@5: 0.0375 ndcg@10: 0.0464 ndcg@20: 0.0586 ] 
2025-10-02 15:01:24,869 - Epoch  39 Validation set [recall@5: 0.0382 recall@10: 0.0643 recall@20: 0.1010 ] [ndcg@5: 0.0387 ndcg@10: 0.0477 ndcg@20: 0.0598 ] 
2025-10-02 15:01:31,059 - Epoch  42 Validation set [recall@5: 0.0391 recall@10: 0.0653 recall@20: 0.1026 ] [ndcg@5: 0.0396 ndcg@10: 0.0487 ndcg@20: 0.0609 ] 
2025-10-02 15:01:37,688 - Epoch  45 Validation set [recall@5: 0.0406 recall@10: 0.0656 recall@20: 0.1047 ] [ndcg@5: 0.0408 ndcg@10: 0.0493 ndcg@20: 0.0622 ] 
2025-10-02 15:01:43,772 - Epoch  48 Validation set [recall@5: 0.0410 recall@10: 0.0674 recall@20: 0.1062 ] [ndcg@5: 0.0413 ndcg@10: 0.0502 ndcg@20: 0.0629 ] 
2025-10-02 15:01:50,709 - Epoch  51 Validation set [recall@5: 0.0409 recall@10: 0.0680 recall@20: 0.1073 ] [ndcg@5: 0.0412 ndcg@10: 0.0506 ndcg@20: 0.0635 ] 
2025-10-02 15:01:57,003 - Epoch  54 Validation set [recall@5: 0.0417 recall@10: 0.0681 recall@20: 0.1080 ] [ndcg@5: 0.0420 ndcg@10: 0.0511 ndcg@20: 0.0641 ] 
2025-10-02 15:02:03,072 - Epoch  57 Validation set [recall@5: 0.0432 recall@10: 0.0693 recall@20: 0.1094 ] [ndcg@5: 0.0430 ndcg@10: 0.0519 ndcg@20: 0.0650 ] 
2025-10-02 15:02:09,309 - Epoch  60 Validation set [recall@5: 0.0440 recall@10: 0.0704 recall@20: 0.1104 ] [ndcg@5: 0.0437 ndcg@10: 0.0527 ndcg@20: 0.0659 ] 
2025-10-02 15:02:15,936 - Epoch  63 Validation set [recall@5: 0.0451 recall@10: 0.0711 recall@20: 0.1124 ] [ndcg@5: 0.0445 ndcg@10: 0.0535 ndcg@20: 0.0670 ] 
2025-10-02 15:02:22,739 - Epoch  66 Validation set [recall@5: 0.0452 recall@10: 0.0726 recall@20: 0.1135 ] [ndcg@5: 0.0447 ndcg@10: 0.0542 ndcg@20: 0.0676 ] 
2025-10-02 15:02:29,011 - Epoch  69 Validation set [recall@5: 0.0457 recall@10: 0.0722 recall@20: 0.1143 ] [ndcg@5: 0.0453 ndcg@10: 0.0546 ndcg@20: 0.0682 ] 
2025-10-02 15:02:35,046 - Epoch  72 Validation set [recall@5: 0.0463 recall@10: 0.0734 recall@20: 0.1156 ] [ndcg@5: 0.0459 ndcg@10: 0.0554 ndcg@20: 0.0691 ] 
2025-10-02 15:02:41,657 - Epoch  75 Validation set [recall@5: 0.0468 recall@10: 0.0738 recall@20: 0.1166 ] [ndcg@5: 0.0464 ndcg@10: 0.0556 ndcg@20: 0.0695 ] 
2025-10-02 15:02:48,753 - Epoch  78 Validation set [recall@5: 0.0470 recall@10: 0.0737 recall@20: 0.1184 ] [ndcg@5: 0.0467 ndcg@10: 0.0559 ndcg@20: 0.0704 ] 
2025-10-02 15:02:55,355 - Epoch  81 Validation set [recall@5: 0.0471 recall@10: 0.0748 recall@20: 0.1192 ] [ndcg@5: 0.0471 ndcg@10: 0.0566 ndcg@20: 0.0710 ] 
2025-10-02 15:03:01,509 - Epoch  84 Validation set [recall@5: 0.0476 recall@10: 0.0756 recall@20: 0.1204 ] [ndcg@5: 0.0475 ndcg@10: 0.0572 ndcg@20: 0.0716 ] 
2025-10-02 15:03:07,527 - Epoch  87 Validation set [recall@5: 0.0481 recall@10: 0.0758 recall@20: 0.1212 ] [ndcg@5: 0.0479 ndcg@10: 0.0576 ndcg@20: 0.0722 ] 
2025-10-02 15:03:14,419 - Epoch  90 Validation set [recall@5: 0.0477 recall@10: 0.0763 recall@20: 0.1219 ] [ndcg@5: 0.0478 ndcg@10: 0.0579 ndcg@20: 0.0725 ] 
2025-10-02 15:03:20,724 - Epoch  93 Validation set [recall@5: 0.0485 recall@10: 0.0766 recall@20: 0.1235 ] [ndcg@5: 0.0483 ndcg@10: 0.0582 ndcg@20: 0.0731 ] 
2025-10-02 15:03:26,876 - Epoch  96 Validation set [recall@5: 0.0485 recall@10: 0.0775 recall@20: 0.1235 ] [ndcg@5: 0.0485 ndcg@10: 0.0587 ndcg@20: 0.0734 ] 
2025-10-02 15:03:33,614 - Epoch  99 Validation set [recall@5: 0.0495 recall@10: 0.0792 recall@20: 0.1255 ] [ndcg@5: 0.0492 ndcg@10: 0.0595 ndcg@20: 0.0744 ] 
2025-10-02 15:03:40,918 - Epoch 102 Validation set [recall@5: 0.0495 recall@10: 0.0789 recall@20: 0.1253 ] [ndcg@5: 0.0492 ndcg@10: 0.0594 ndcg@20: 0.0744 ] 
2025-10-02 15:03:48,007 - Epoch 105 Validation set [recall@5: 0.0497 recall@10: 0.0797 recall@20: 0.1253 ] [ndcg@5: 0.0495 ndcg@10: 0.0598 ndcg@20: 0.0746 ] 
2025-10-02 15:03:54,096 - Epoch 108 Validation set [recall@5: 0.0497 recall@10: 0.0803 recall@20: 0.1260 ] [ndcg@5: 0.0490 ndcg@10: 0.0597 ndcg@20: 0.0746 ] 
2025-10-02 15:04:00,884 - Epoch 111 Validation set [recall@5: 0.0503 recall@10: 0.0809 recall@20: 0.1266 ] [ndcg@5: 0.0497 ndcg@10: 0.0603 ndcg@20: 0.0750 ] 
2025-10-02 15:04:07,546 - Epoch 114 Validation set [recall@5: 0.0516 recall@10: 0.0816 recall@20: 0.1284 ] [ndcg@5: 0.0510 ndcg@10: 0.0613 ndcg@20: 0.0764 ] 
2025-10-02 15:04:14,405 - Epoch 117 Validation set [recall@5: 0.0513 recall@10: 0.0816 recall@20: 0.1292 ] [ndcg@5: 0.0510 ndcg@10: 0.0615 ndcg@20: 0.0769 ] 
2025-10-02 15:04:21,481 - Epoch 120 Validation set [recall@5: 0.0516 recall@10: 0.0813 recall@20: 0.1302 ] [ndcg@5: 0.0515 ndcg@10: 0.0616 ndcg@20: 0.0773 ] 
2025-10-02 15:04:27,779 - Epoch 123 Validation set [recall@5: 0.0522 recall@10: 0.0826 recall@20: 0.1300 ] [ndcg@5: 0.0516 ndcg@10: 0.0621 ndcg@20: 0.0774 ] 
2025-10-02 15:04:34,989 - Epoch 126 Validation set [recall@5: 0.0516 recall@10: 0.0825 recall@20: 0.1301 ] [ndcg@5: 0.0511 ndcg@10: 0.0619 ndcg@20: 0.0773 ] 
2025-10-02 15:04:41,210 - Epoch 129 Validation set [recall@5: 0.0519 recall@10: 0.0835 recall@20: 0.1307 ] [ndcg@5: 0.0513 ndcg@10: 0.0623 ndcg@20: 0.0777 ] 
2025-10-02 15:04:47,299 - Epoch 132 Validation set [recall@5: 0.0515 recall@10: 0.0829 recall@20: 0.1301 ] [ndcg@5: 0.0513 ndcg@10: 0.0621 ndcg@20: 0.0775 ] 
2025-10-02 15:04:53,442 - Epoch 135 Validation set [recall@5: 0.0523 recall@10: 0.0846 recall@20: 0.1302 ] [ndcg@5: 0.0521 ndcg@10: 0.0632 ndcg@20: 0.0780 ] 
2025-10-02 15:05:00,221 - Epoch 138 Validation set [recall@5: 0.0522 recall@10: 0.0846 recall@20: 0.1312 ] [ndcg@5: 0.0520 ndcg@10: 0.0632 ndcg@20: 0.0784 ] 
2025-10-02 15:05:07,286 - Epoch 141 Validation set [recall@5: 0.0529 recall@10: 0.0850 recall@20: 0.1325 ] [ndcg@5: 0.0525 ndcg@10: 0.0636 ndcg@20: 0.0791 ] 
2025-10-02 15:05:13,829 - Epoch 144 Validation set [recall@5: 0.0531 recall@10: 0.0853 recall@20: 0.1334 ] [ndcg@5: 0.0527 ndcg@10: 0.0637 ndcg@20: 0.0794 ] 
2025-10-02 15:05:20,433 - Epoch 147 Validation set [recall@5: 0.0532 recall@10: 0.0854 recall@20: 0.1331 ] [ndcg@5: 0.0528 ndcg@10: 0.0639 ndcg@20: 0.0794 ] 
2025-10-02 15:05:27,287 - Epoch 150 Validation set [recall@5: 0.0535 recall@10: 0.0870 recall@20: 0.1333 ] [ndcg@5: 0.0530 ndcg@10: 0.0646 ndcg@20: 0.0797 ] 
2025-10-02 15:05:33,733 - Epoch 153 Validation set [recall@5: 0.0539 recall@10: 0.0867 recall@20: 0.1334 ] [ndcg@5: 0.0532 ndcg@10: 0.0646 ndcg@20: 0.0799 ] 
2025-10-02 15:05:40,177 - Epoch 156 Validation set [recall@5: 0.0536 recall@10: 0.0878 recall@20: 0.1346 ] [ndcg@5: 0.0530 ndcg@10: 0.0649 ndcg@20: 0.0804 ] 
2025-10-02 15:05:47,017 - Epoch 159 Validation set [recall@5: 0.0541 recall@10: 0.0876 recall@20: 0.1346 ] [ndcg@5: 0.0530 ndcg@10: 0.0647 ndcg@20: 0.0802 ] 
2025-10-02 15:05:53,707 - Epoch 162 Validation set [recall@5: 0.0543 recall@10: 0.0878 recall@20: 0.1368 ] [ndcg@5: 0.0530 ndcg@10: 0.0647 ndcg@20: 0.0808 ] 
2025-10-02 15:06:00,022 - Epoch 165 Validation set [recall@5: 0.0541 recall@10: 0.0883 recall@20: 0.1373 ] [ndcg@5: 0.0532 ndcg@10: 0.0653 ndcg@20: 0.0813 ] 
2025-10-02 15:06:06,181 - Epoch 168 Validation set [recall@5: 0.0547 recall@10: 0.0881 recall@20: 0.1380 ] [ndcg@5: 0.0537 ndcg@10: 0.0656 ndcg@20: 0.0818 ] 
2025-10-02 15:06:12,268 - Epoch 171 Validation set [recall@5: 0.0544 recall@10: 0.0883 recall@20: 0.1381 ] [ndcg@5: 0.0535 ndcg@10: 0.0656 ndcg@20: 0.0819 ] 
2025-10-02 15:06:18,564 - Epoch 174 Validation set [recall@5: 0.0549 recall@10: 0.0892 recall@20: 0.1373 ] [ndcg@5: 0.0541 ndcg@10: 0.0661 ndcg@20: 0.0819 ] 
2025-10-02 15:06:24,961 - Epoch 177 Validation set [recall@5: 0.0547 recall@10: 0.0904 recall@20: 0.1382 ] [ndcg@5: 0.0543 ndcg@10: 0.0668 ndcg@20: 0.0824 ] 
2025-10-02 15:06:31,627 - Epoch 180 Validation set [recall@5: 0.0552 recall@10: 0.0888 recall@20: 0.1395 ] [ndcg@5: 0.0549 ndcg@10: 0.0666 ndcg@20: 0.0831 ] 
2025-10-02 15:06:37,918 - Epoch 183 Validation set [recall@5: 0.0556 recall@10: 0.0891 recall@20: 0.1394 ] [ndcg@5: 0.0549 ndcg@10: 0.0667 ndcg@20: 0.0831 ] 
2025-10-02 15:06:44,381 - Epoch 186 Validation set [recall@5: 0.0553 recall@10: 0.0890 recall@20: 0.1395 ] [ndcg@5: 0.0547 ndcg@10: 0.0666 ndcg@20: 0.0830 ] 
2025-10-02 15:06:51,117 - Epoch 189 Validation set [recall@5: 0.0559 recall@10: 0.0903 recall@20: 0.1399 ] [ndcg@5: 0.0550 ndcg@10: 0.0671 ndcg@20: 0.0832 ] 
2025-10-02 15:06:57,756 - Epoch 192 Validation set [recall@5: 0.0568 recall@10: 0.0902 recall@20: 0.1404 ] [ndcg@5: 0.0555 ndcg@10: 0.0672 ndcg@20: 0.0836 ] 
2025-10-02 15:07:03,825 - Epoch 195 Validation set [recall@5: 0.0561 recall@10: 0.0905 recall@20: 0.1399 ] [ndcg@5: 0.0551 ndcg@10: 0.0671 ndcg@20: 0.0833 ] 
2025-10-02 15:07:10,597 - Epoch 198 Validation set [recall@5: 0.0555 recall@10: 0.0898 recall@20: 0.1390 ] [ndcg@5: 0.0550 ndcg@10: 0.0671 ndcg@20: 0.0832 ] 
2025-10-02 15:07:17,556 - Epoch 201 Validation set [recall@5: 0.0567 recall@10: 0.0913 recall@20: 0.1412 ] [ndcg@5: 0.0556 ndcg@10: 0.0678 ndcg@20: 0.0840 ] 
2025-10-02 15:07:24,291 - Epoch 204 Validation set [recall@5: 0.0565 recall@10: 0.0914 recall@20: 0.1405 ] [ndcg@5: 0.0555 ndcg@10: 0.0678 ndcg@20: 0.0838 ] 
2025-10-02 15:07:30,520 - Epoch 207 Validation set [recall@5: 0.0562 recall@10: 0.0921 recall@20: 0.1408 ] [ndcg@5: 0.0556 ndcg@10: 0.0683 ndcg@20: 0.0842 ] 
2025-10-02 15:07:37,430 - Epoch 210 Validation set [recall@5: 0.0557 recall@10: 0.0921 recall@20: 0.1415 ] [ndcg@5: 0.0553 ndcg@10: 0.0681 ndcg@20: 0.0843 ] 
2025-10-02 15:07:44,041 - Epoch 213 Validation set [recall@5: 0.0561 recall@10: 0.0919 recall@20: 0.1419 ] [ndcg@5: 0.0552 ndcg@10: 0.0679 ndcg@20: 0.0842 ] 
2025-10-02 15:07:50,359 - Epoch 216 Validation set [recall@5: 0.0566 recall@10: 0.0916 recall@20: 0.1421 ] [ndcg@5: 0.0553 ndcg@10: 0.0678 ndcg@20: 0.0842 ] 
2025-10-02 15:07:57,343 - Epoch 219 Validation set [recall@5: 0.0566 recall@10: 0.0924 recall@20: 0.1434 ] [ndcg@5: 0.0555 ndcg@10: 0.0682 ndcg@20: 0.0848 ] 
2025-10-02 15:08:03,847 - Epoch 222 Validation set [recall@5: 0.0577 recall@10: 0.0930 recall@20: 0.1432 ] [ndcg@5: 0.0564 ndcg@10: 0.0690 ndcg@20: 0.0853 ] 
2025-10-02 15:08:10,498 - Epoch 225 Validation set [recall@5: 0.0571 recall@10: 0.0929 recall@20: 0.1418 ] [ndcg@5: 0.0563 ndcg@10: 0.0689 ndcg@20: 0.0849 ] 
2025-10-02 15:08:16,865 - Epoch 228 Validation set [recall@5: 0.0568 recall@10: 0.0927 recall@20: 0.1426 ] [ndcg@5: 0.0562 ndcg@10: 0.0690 ndcg@20: 0.0853 ] 
2025-10-02 15:08:23,236 - Epoch 231 Validation set [recall@5: 0.0571 recall@10: 0.0922 recall@20: 0.1437 ] [ndcg@5: 0.0563 ndcg@10: 0.0686 ndcg@20: 0.0854 ] 
2025-10-02 15:08:29,767 - Epoch 234 Validation set [recall@5: 0.0574 recall@10: 0.0922 recall@20: 0.1426 ] [ndcg@5: 0.0562 ndcg@10: 0.0684 ndcg@20: 0.0848 ] 
2025-10-02 15:08:35,697 - Epoch 237 Validation set [recall@5: 0.0569 recall@10: 0.0921 recall@20: 0.1431 ] [ndcg@5: 0.0559 ndcg@10: 0.0683 ndcg@20: 0.0850 ] 
2025-10-02 15:08:41,545 - Epoch 240 Validation set [recall@5: 0.0578 recall@10: 0.0939 recall@20: 0.1441 ] [ndcg@5: 0.0571 ndcg@10: 0.0697 ndcg@20: 0.0860 ] 
2025-10-02 15:08:48,503 - Epoch 243 Validation set [recall@5: 0.0575 recall@10: 0.0935 recall@20: 0.1451 ] [ndcg@5: 0.0568 ndcg@10: 0.0694 ndcg@20: 0.0861 ] 
2025-10-02 15:08:55,542 - Epoch 246 Validation set [recall@5: 0.0576 recall@10: 0.0946 recall@20: 0.1446 ] [ndcg@5: 0.0566 ndcg@10: 0.0696 ndcg@20: 0.0859 ] 
2025-10-02 15:09:01,887 - Epoch 249 Validation set [recall@5: 0.0570 recall@10: 0.0934 recall@20: 0.1446 ] [ndcg@5: 0.0561 ndcg@10: 0.0688 ndcg@20: 0.0855 ] 
2025-10-02 15:09:09,080 - Epoch 252 Validation set [recall@5: 0.0584 recall@10: 0.0940 recall@20: 0.1442 ] [ndcg@5: 0.0570 ndcg@10: 0.0694 ndcg@20: 0.0859 ] 
2025-10-02 15:09:16,025 - Epoch 255 Validation set [recall@5: 0.0571 recall@10: 0.0937 recall@20: 0.1446 ] [ndcg@5: 0.0562 ndcg@10: 0.0691 ndcg@20: 0.0857 ] 
2025-10-02 15:09:22,237 - Epoch 258 Validation set [recall@5: 0.0567 recall@10: 0.0939 recall@20: 0.1442 ] [ndcg@5: 0.0561 ndcg@10: 0.0695 ndcg@20: 0.0860 ] 
2025-10-02 15:09:24,300 - [recall@5: 0.0575 recall@10: 0.0935 recall@20: 0.1451 ] [ndcg@5: 0.0568 ndcg@10: 0.0694 ndcg@20: 0.0861 ] 
2025-10-02 15:09:26,125 - [recall@5: 0.0585 recall@10: 0.0920 recall@20: 0.1407 ] [ndcg@5: 0.0582 ndcg@10: 0.0699 ndcg@20: 0.0856 ] 
2025-10-02 15:09:26,126 - Best Epoch 243. Final test result: {'recall': array([0.05845685, 0.09204633, 0.1407422 ]), 'ndcg': array([0.05824861, 0.06985086, 0.08562564])}.
