2025-10-02 14:29:59,176 - {'optimizer': {'name': 'adam', 'lr': 0.001, 'weight_decay': 0}, 'train': {'epoch': 3000, 'batch_size': 4096, 'save_model': False, 'loss': 'pairwise', 'test_step': 3, 'reproducible': True, 'seed': 2023, 'patience': 5}, 'test': {'metrics': ['recall', 'ndcg'], 'k': [5, 10, 20], 'batch_size': 1024}, 'data': {'type': 'general_agcf', 'name': 'amazon', 'mat_type': 'uai', 'pre_norm': True, 'user_num': 11000, 'item_num': 9332, 'user_item_num': 20332, 'attr_num': 1978}, 'model': {'name': 'lightgcn_a', 'keep_rate': 0.8, 'embedding_size': 64, 'layer_num': 5, 'reg_weight': 1e-06, 'amazon': {'layer_num': 5, 'reg_weight': 1e-06}, 'yelp': {'layer_num': 3, 'reg_weight': 1e-06}, 'steam': {'layer_num': 2, 'reg_weight': 1e-06}, 'Office': {'layer_num': 3, 'reg_weight': 1e-06}}}
2025-10-02 14:30:04,576 - Epoch   0 Validation set [recall@5: 0.0165 recall@10: 0.0272 recall@20: 0.0454 ] [ndcg@5: 0.0164 ndcg@10: 0.0201 ndcg@20: 0.0261 ] 
2025-10-02 14:30:11,254 - Epoch   3 Validation set [recall@5: 0.0196 recall@10: 0.0325 recall@20: 0.0537 ] [ndcg@5: 0.0195 ndcg@10: 0.0239 ndcg@20: 0.0309 ] 
2025-10-02 14:30:17,508 - Epoch   6 Validation set [recall@5: 0.0248 recall@10: 0.0405 recall@20: 0.0660 ] [ndcg@5: 0.0252 ndcg@10: 0.0305 ndcg@20: 0.0387 ] 
2025-10-02 14:30:23,074 - Epoch   9 Validation set [recall@5: 0.0274 recall@10: 0.0446 recall@20: 0.0731 ] [ndcg@5: 0.0283 ndcg@10: 0.0340 ndcg@20: 0.0432 ] 
2025-10-02 14:30:28,599 - Epoch  12 Validation set [recall@5: 0.0299 recall@10: 0.0486 recall@20: 0.0799 ] [ndcg@5: 0.0306 ndcg@10: 0.0368 ndcg@20: 0.0468 ] 
2025-10-02 14:30:34,331 - Epoch  15 Validation set [recall@5: 0.0313 recall@10: 0.0515 recall@20: 0.0854 ] [ndcg@5: 0.0320 ndcg@10: 0.0388 ndcg@20: 0.0497 ] 
2025-10-02 14:30:40,265 - Epoch  18 Validation set [recall@5: 0.0328 recall@10: 0.0542 recall@20: 0.0905 ] [ndcg@5: 0.0339 ndcg@10: 0.0410 ndcg@20: 0.0528 ] 
2025-10-02 14:30:45,887 - Epoch  21 Validation set [recall@5: 0.0341 recall@10: 0.0571 recall@20: 0.0929 ] [ndcg@5: 0.0350 ndcg@10: 0.0428 ndcg@20: 0.0545 ] 
2025-10-02 14:30:51,576 - Epoch  24 Validation set [recall@5: 0.0355 recall@10: 0.0605 recall@20: 0.0954 ] [ndcg@5: 0.0365 ndcg@10: 0.0451 ndcg@20: 0.0566 ] 
2025-10-02 14:30:57,676 - Epoch  27 Validation set [recall@5: 0.0362 recall@10: 0.0623 recall@20: 0.0988 ] [ndcg@5: 0.0373 ndcg@10: 0.0464 ndcg@20: 0.0583 ] 
2025-10-02 14:31:04,044 - Epoch  30 Validation set [recall@5: 0.0384 recall@10: 0.0643 recall@20: 0.1026 ] [ndcg@5: 0.0391 ndcg@10: 0.0480 ndcg@20: 0.0606 ] 
2025-10-02 14:31:09,567 - Epoch  33 Validation set [recall@5: 0.0394 recall@10: 0.0657 recall@20: 0.1035 ] [ndcg@5: 0.0399 ndcg@10: 0.0490 ndcg@20: 0.0613 ] 
2025-10-02 14:31:15,234 - Epoch  36 Validation set [recall@5: 0.0407 recall@10: 0.0678 recall@20: 0.1063 ] [ndcg@5: 0.0411 ndcg@10: 0.0504 ndcg@20: 0.0630 ] 
2025-10-02 14:31:21,264 - Epoch  39 Validation set [recall@5: 0.0421 recall@10: 0.0694 recall@20: 0.1070 ] [ndcg@5: 0.0423 ndcg@10: 0.0517 ndcg@20: 0.0639 ] 
2025-10-02 14:31:27,327 - Epoch  42 Validation set [recall@5: 0.0437 recall@10: 0.0712 recall@20: 0.1098 ] [ndcg@5: 0.0433 ndcg@10: 0.0528 ndcg@20: 0.0654 ] 
2025-10-02 14:31:33,341 - Epoch  45 Validation set [recall@5: 0.0442 recall@10: 0.0716 recall@20: 0.1109 ] [ndcg@5: 0.0440 ndcg@10: 0.0536 ndcg@20: 0.0664 ] 
2025-10-02 14:31:39,827 - Epoch  48 Validation set [recall@5: 0.0450 recall@10: 0.0719 recall@20: 0.1120 ] [ndcg@5: 0.0447 ndcg@10: 0.0540 ndcg@20: 0.0672 ] 
2025-10-02 14:31:45,928 - Epoch  51 Validation set [recall@5: 0.0449 recall@10: 0.0727 recall@20: 0.1137 ] [ndcg@5: 0.0448 ndcg@10: 0.0545 ndcg@20: 0.0678 ] 
2025-10-02 14:31:52,803 - Epoch  54 Validation set [recall@5: 0.0457 recall@10: 0.0731 recall@20: 0.1148 ] [ndcg@5: 0.0452 ndcg@10: 0.0548 ndcg@20: 0.0684 ] 
2025-10-02 14:31:59,194 - Epoch  57 Validation set [recall@5: 0.0467 recall@10: 0.0745 recall@20: 0.1167 ] [ndcg@5: 0.0460 ndcg@10: 0.0556 ndcg@20: 0.0693 ] 
2025-10-02 14:32:06,041 - Epoch  60 Validation set [recall@5: 0.0481 recall@10: 0.0752 recall@20: 0.1190 ] [ndcg@5: 0.0469 ndcg@10: 0.0563 ndcg@20: 0.0705 ] 
2025-10-02 14:32:13,055 - Epoch  63 Validation set [recall@5: 0.0480 recall@10: 0.0772 recall@20: 0.1202 ] [ndcg@5: 0.0469 ndcg@10: 0.0573 ndcg@20: 0.0712 ] 
2025-10-02 14:32:20,118 - Epoch  66 Validation set [recall@5: 0.0487 recall@10: 0.0776 recall@20: 0.1205 ] [ndcg@5: 0.0473 ndcg@10: 0.0577 ndcg@20: 0.0715 ] 
2025-10-02 14:32:26,907 - Epoch  69 Validation set [recall@5: 0.0489 recall@10: 0.0768 recall@20: 0.1220 ] [ndcg@5: 0.0480 ndcg@10: 0.0578 ndcg@20: 0.0724 ] 
2025-10-02 14:32:33,368 - Epoch  72 Validation set [recall@5: 0.0499 recall@10: 0.0789 recall@20: 0.1240 ] [ndcg@5: 0.0488 ndcg@10: 0.0591 ndcg@20: 0.0735 ] 
2025-10-02 14:32:38,919 - Epoch  75 Validation set [recall@5: 0.0503 recall@10: 0.0792 recall@20: 0.1254 ] [ndcg@5: 0.0494 ndcg@10: 0.0595 ndcg@20: 0.0743 ] 
2025-10-02 14:32:44,547 - Epoch  78 Validation set [recall@5: 0.0505 recall@10: 0.0798 recall@20: 0.1265 ] [ndcg@5: 0.0500 ndcg@10: 0.0600 ndcg@20: 0.0752 ] 
2025-10-02 14:32:50,784 - Epoch  81 Validation set [recall@5: 0.0508 recall@10: 0.0802 recall@20: 0.1281 ] [ndcg@5: 0.0503 ndcg@10: 0.0604 ndcg@20: 0.0759 ] 
2025-10-02 14:32:57,525 - Epoch  84 Validation set [recall@5: 0.0509 recall@10: 0.0817 recall@20: 0.1282 ] [ndcg@5: 0.0504 ndcg@10: 0.0611 ndcg@20: 0.0761 ] 
2025-10-02 14:33:03,761 - Epoch  87 Validation set [recall@5: 0.0520 recall@10: 0.0817 recall@20: 0.1286 ] [ndcg@5: 0.0511 ndcg@10: 0.0614 ndcg@20: 0.0766 ] 
2025-10-02 14:33:10,381 - Epoch  90 Validation set [recall@5: 0.0516 recall@10: 0.0817 recall@20: 0.1290 ] [ndcg@5: 0.0508 ndcg@10: 0.0614 ndcg@20: 0.0767 ] 
2025-10-02 14:33:17,019 - Epoch  93 Validation set [recall@5: 0.0517 recall@10: 0.0833 recall@20: 0.1303 ] [ndcg@5: 0.0511 ndcg@10: 0.0622 ndcg@20: 0.0774 ] 
2025-10-02 14:33:22,895 - Epoch  96 Validation set [recall@5: 0.0524 recall@10: 0.0840 recall@20: 0.1306 ] [ndcg@5: 0.0516 ndcg@10: 0.0626 ndcg@20: 0.0778 ] 
2025-10-02 14:33:28,988 - Epoch  99 Validation set [recall@5: 0.0532 recall@10: 0.0848 recall@20: 0.1335 ] [ndcg@5: 0.0524 ndcg@10: 0.0634 ndcg@20: 0.0791 ] 
2025-10-02 14:33:35,041 - Epoch 102 Validation set [recall@5: 0.0528 recall@10: 0.0845 recall@20: 0.1332 ] [ndcg@5: 0.0525 ndcg@10: 0.0634 ndcg@20: 0.0792 ] 
2025-10-02 14:33:41,412 - Epoch 105 Validation set [recall@5: 0.0527 recall@10: 0.0853 recall@20: 0.1342 ] [ndcg@5: 0.0524 ndcg@10: 0.0634 ndcg@20: 0.0794 ] 
2025-10-02 14:33:47,575 - Epoch 108 Validation set [recall@5: 0.0527 recall@10: 0.0868 recall@20: 0.1338 ] [ndcg@5: 0.0526 ndcg@10: 0.0645 ndcg@20: 0.0798 ] 
2025-10-02 14:33:53,575 - Epoch 111 Validation set [recall@5: 0.0533 recall@10: 0.0873 recall@20: 0.1354 ] [ndcg@5: 0.0531 ndcg@10: 0.0649 ndcg@20: 0.0806 ] 
2025-10-02 14:33:59,139 - Epoch 114 Validation set [recall@5: 0.0543 recall@10: 0.0877 recall@20: 0.1359 ] [ndcg@5: 0.0541 ndcg@10: 0.0657 ndcg@20: 0.0814 ] 
2025-10-02 14:34:04,422 - Epoch 117 Validation set [recall@5: 0.0554 recall@10: 0.0884 recall@20: 0.1367 ] [ndcg@5: 0.0545 ndcg@10: 0.0659 ndcg@20: 0.0818 ] 
2025-10-02 14:34:09,666 - Epoch 120 Validation set [recall@5: 0.0555 recall@10: 0.0894 recall@20: 0.1376 ] [ndcg@5: 0.0549 ndcg@10: 0.0667 ndcg@20: 0.0824 ] 
2025-10-02 14:34:15,134 - Epoch 123 Validation set [recall@5: 0.0561 recall@10: 0.0903 recall@20: 0.1382 ] [ndcg@5: 0.0554 ndcg@10: 0.0670 ndcg@20: 0.0828 ] 
2025-10-02 14:34:20,853 - Epoch 126 Validation set [recall@5: 0.0558 recall@10: 0.0900 recall@20: 0.1387 ] [ndcg@5: 0.0551 ndcg@10: 0.0669 ndcg@20: 0.0828 ] 
2025-10-02 14:34:26,486 - Epoch 129 Validation set [recall@5: 0.0560 recall@10: 0.0913 recall@20: 0.1401 ] [ndcg@5: 0.0554 ndcg@10: 0.0676 ndcg@20: 0.0834 ] 
2025-10-02 14:34:32,259 - Epoch 132 Validation set [recall@5: 0.0562 recall@10: 0.0910 recall@20: 0.1388 ] [ndcg@5: 0.0554 ndcg@10: 0.0674 ndcg@20: 0.0831 ] 
2025-10-02 14:34:38,774 - Epoch 135 Validation set [recall@5: 0.0559 recall@10: 0.0906 recall@20: 0.1393 ] [ndcg@5: 0.0555 ndcg@10: 0.0676 ndcg@20: 0.0836 ] 
2025-10-02 14:34:44,755 - Epoch 138 Validation set [recall@5: 0.0560 recall@10: 0.0914 recall@20: 0.1402 ] [ndcg@5: 0.0561 ndcg@10: 0.0683 ndcg@20: 0.0842 ] 
2025-10-02 14:34:49,962 - Epoch 141 Validation set [recall@5: 0.0561 recall@10: 0.0914 recall@20: 0.1402 ] [ndcg@5: 0.0562 ndcg@10: 0.0683 ndcg@20: 0.0844 ] 
2025-10-02 14:34:55,051 - Epoch 144 Validation set [recall@5: 0.0573 recall@10: 0.0922 recall@20: 0.1412 ] [ndcg@5: 0.0564 ndcg@10: 0.0686 ndcg@20: 0.0847 ] 
2025-10-02 14:35:00,986 - Epoch 147 Validation set [recall@5: 0.0576 recall@10: 0.0917 recall@20: 0.1415 ] [ndcg@5: 0.0568 ndcg@10: 0.0686 ndcg@20: 0.0849 ] 
2025-10-02 14:35:07,851 - Epoch 150 Validation set [recall@5: 0.0579 recall@10: 0.0931 recall@20: 0.1416 ] [ndcg@5: 0.0567 ndcg@10: 0.0690 ndcg@20: 0.0849 ] 
2025-10-02 14:35:13,324 - Epoch 153 Validation set [recall@5: 0.0578 recall@10: 0.0937 recall@20: 0.1421 ] [ndcg@5: 0.0569 ndcg@10: 0.0693 ndcg@20: 0.0854 ] 
2025-10-02 14:35:18,612 - Epoch 156 Validation set [recall@5: 0.0579 recall@10: 0.0941 recall@20: 0.1433 ] [ndcg@5: 0.0572 ndcg@10: 0.0698 ndcg@20: 0.0860 ] 
2025-10-02 14:35:24,815 - Epoch 159 Validation set [recall@5: 0.0585 recall@10: 0.0933 recall@20: 0.1437 ] [ndcg@5: 0.0572 ndcg@10: 0.0694 ndcg@20: 0.0859 ] 
2025-10-02 14:35:31,223 - Epoch 162 Validation set [recall@5: 0.0584 recall@10: 0.0936 recall@20: 0.1447 ] [ndcg@5: 0.0572 ndcg@10: 0.0696 ndcg@20: 0.0863 ] 
2025-10-02 14:35:37,574 - Epoch 165 Validation set [recall@5: 0.0587 recall@10: 0.0949 recall@20: 0.1447 ] [ndcg@5: 0.0575 ndcg@10: 0.0703 ndcg@20: 0.0866 ] 
2025-10-02 14:35:44,123 - Epoch 168 Validation set [recall@5: 0.0589 recall@10: 0.0941 recall@20: 0.1456 ] [ndcg@5: 0.0578 ndcg@10: 0.0703 ndcg@20: 0.0871 ] 
2025-10-02 14:35:50,373 - Epoch 171 Validation set [recall@5: 0.0592 recall@10: 0.0945 recall@20: 0.1467 ] [ndcg@5: 0.0581 ndcg@10: 0.0706 ndcg@20: 0.0877 ] 
2025-10-02 14:35:57,098 - Epoch 174 Validation set [recall@5: 0.0600 recall@10: 0.0951 recall@20: 0.1462 ] [ndcg@5: 0.0587 ndcg@10: 0.0711 ndcg@20: 0.0878 ] 
2025-10-02 14:36:02,647 - Epoch 177 Validation set [recall@5: 0.0595 recall@10: 0.0955 recall@20: 0.1465 ] [ndcg@5: 0.0587 ndcg@10: 0.0715 ndcg@20: 0.0881 ] 
2025-10-02 14:36:09,082 - Epoch 180 Validation set [recall@5: 0.0602 recall@10: 0.0956 recall@20: 0.1466 ] [ndcg@5: 0.0590 ndcg@10: 0.0714 ndcg@20: 0.0881 ] 
2025-10-02 14:36:15,326 - Epoch 183 Validation set [recall@5: 0.0605 recall@10: 0.0949 recall@20: 0.1465 ] [ndcg@5: 0.0593 ndcg@10: 0.0714 ndcg@20: 0.0882 ] 
2025-10-02 14:36:21,574 - Epoch 186 Validation set [recall@5: 0.0605 recall@10: 0.0956 recall@20: 0.1475 ] [ndcg@5: 0.0589 ndcg@10: 0.0713 ndcg@20: 0.0882 ] 
2025-10-02 14:36:27,642 - Epoch 189 Validation set [recall@5: 0.0601 recall@10: 0.0965 recall@20: 0.1475 ] [ndcg@5: 0.0588 ndcg@10: 0.0717 ndcg@20: 0.0884 ] 
2025-10-02 14:36:33,182 - Epoch 192 Validation set [recall@5: 0.0606 recall@10: 0.0965 recall@20: 0.1481 ] [ndcg@5: 0.0589 ndcg@10: 0.0716 ndcg@20: 0.0885 ] 
2025-10-02 14:36:38,702 - Epoch 195 Validation set [recall@5: 0.0603 recall@10: 0.0965 recall@20: 0.1478 ] [ndcg@5: 0.0589 ndcg@10: 0.0720 ndcg@20: 0.0886 ] 
2025-10-02 14:36:44,101 - Epoch 198 Validation set [recall@5: 0.0597 recall@10: 0.0965 recall@20: 0.1475 ] [ndcg@5: 0.0588 ndcg@10: 0.0719 ndcg@20: 0.0886 ] 
2025-10-02 14:36:50,245 - Epoch 201 Validation set [recall@5: 0.0603 recall@10: 0.0980 recall@20: 0.1485 ] [ndcg@5: 0.0592 ndcg@10: 0.0726 ndcg@20: 0.0890 ] 
2025-10-02 14:36:56,166 - Epoch 204 Validation set [recall@5: 0.0598 recall@10: 0.0976 recall@20: 0.1475 ] [ndcg@5: 0.0591 ndcg@10: 0.0727 ndcg@20: 0.0890 ] 
2025-10-02 14:37:01,241 - Epoch 207 Validation set [recall@5: 0.0607 recall@10: 0.0981 recall@20: 0.1494 ] [ndcg@5: 0.0599 ndcg@10: 0.0732 ndcg@20: 0.0900 ] 
2025-10-02 14:37:06,991 - Epoch 210 Validation set [recall@5: 0.0600 recall@10: 0.0983 recall@20: 0.1498 ] [ndcg@5: 0.0593 ndcg@10: 0.0730 ndcg@20: 0.0898 ] 
2025-10-02 14:37:12,873 - Epoch 213 Validation set [recall@5: 0.0604 recall@10: 0.0988 recall@20: 0.1487 ] [ndcg@5: 0.0594 ndcg@10: 0.0731 ndcg@20: 0.0894 ] 
2025-10-02 14:37:18,541 - Epoch 216 Validation set [recall@5: 0.0610 recall@10: 0.0987 recall@20: 0.1493 ] [ndcg@5: 0.0592 ndcg@10: 0.0729 ndcg@20: 0.0893 ] 
2025-10-02 14:37:23,849 - Epoch 219 Validation set [recall@5: 0.0615 recall@10: 0.0991 recall@20: 0.1497 ] [ndcg@5: 0.0597 ndcg@10: 0.0730 ndcg@20: 0.0896 ] 
2025-10-02 14:37:28,978 - Epoch 222 Validation set [recall@5: 0.0621 recall@10: 0.0997 recall@20: 0.1502 ] [ndcg@5: 0.0606 ndcg@10: 0.0738 ndcg@20: 0.0904 ] 
2025-10-02 14:37:35,503 - Epoch 225 Validation set [recall@5: 0.0619 recall@10: 0.0982 recall@20: 0.1493 ] [ndcg@5: 0.0604 ndcg@10: 0.0732 ndcg@20: 0.0900 ] 
2025-10-02 14:37:40,801 - Epoch 228 Validation set [recall@5: 0.0616 recall@10: 0.0986 recall@20: 0.1490 ] [ndcg@5: 0.0606 ndcg@10: 0.0737 ndcg@20: 0.0902 ] 
2025-10-02 14:37:46,726 - Epoch 231 Validation set [recall@5: 0.0614 recall@10: 0.0981 recall@20: 0.1499 ] [ndcg@5: 0.0605 ndcg@10: 0.0733 ndcg@20: 0.0904 ] 
2025-10-02 14:37:53,312 - Epoch 234 Validation set [recall@5: 0.0611 recall@10: 0.0984 recall@20: 0.1498 ] [ndcg@5: 0.0602 ndcg@10: 0.0734 ndcg@20: 0.0902 ] 
2025-10-02 14:37:58,618 - Epoch 237 Validation set [recall@5: 0.0614 recall@10: 0.0990 recall@20: 0.1511 ] [ndcg@5: 0.0604 ndcg@10: 0.0737 ndcg@20: 0.0906 ] 
2025-10-02 14:38:04,447 - Epoch 240 Validation set [recall@5: 0.0619 recall@10: 0.0994 recall@20: 0.1510 ] [ndcg@5: 0.0613 ndcg@10: 0.0744 ndcg@20: 0.0913 ] 
2025-10-02 14:38:10,474 - Epoch 243 Validation set [recall@5: 0.0616 recall@10: 0.0994 recall@20: 0.1520 ] [ndcg@5: 0.0611 ndcg@10: 0.0744 ndcg@20: 0.0916 ] 
2025-10-02 14:38:16,037 - Epoch 246 Validation set [recall@5: 0.0620 recall@10: 0.1007 recall@20: 0.1514 ] [ndcg@5: 0.0612 ndcg@10: 0.0748 ndcg@20: 0.0915 ] 
2025-10-02 14:38:21,572 - Epoch 249 Validation set [recall@5: 0.0622 recall@10: 0.0993 recall@20: 0.1519 ] [ndcg@5: 0.0611 ndcg@10: 0.0741 ndcg@20: 0.0913 ] 
2025-10-02 14:38:28,149 - Epoch 252 Validation set [recall@5: 0.0631 recall@10: 0.1000 recall@20: 0.1518 ] [ndcg@5: 0.0617 ndcg@10: 0.0747 ndcg@20: 0.0917 ] 
2025-10-02 14:38:34,252 - Epoch 255 Validation set [recall@5: 0.0621 recall@10: 0.1006 recall@20: 0.1520 ] [ndcg@5: 0.0607 ndcg@10: 0.0743 ndcg@20: 0.0913 ] 
2025-10-02 14:38:39,701 - Epoch 258 Validation set [recall@5: 0.0616 recall@10: 0.1003 recall@20: 0.1519 ] [ndcg@5: 0.0609 ndcg@10: 0.0746 ndcg@20: 0.0914 ] 
2025-10-02 14:38:45,015 - Epoch 261 Validation set [recall@5: 0.0630 recall@10: 0.1012 recall@20: 0.1518 ] [ndcg@5: 0.0619 ndcg@10: 0.0753 ndcg@20: 0.0919 ] 
2025-10-02 14:38:50,975 - Epoch 264 Validation set [recall@5: 0.0629 recall@10: 0.1009 recall@20: 0.1523 ] [ndcg@5: 0.0618 ndcg@10: 0.0750 ndcg@20: 0.0918 ] 
2025-10-02 14:38:56,984 - Epoch 267 Validation set [recall@5: 0.0638 recall@10: 0.1013 recall@20: 0.1535 ] [ndcg@5: 0.0621 ndcg@10: 0.0753 ndcg@20: 0.0924 ] 
2025-10-02 14:39:02,715 - Epoch 270 Validation set [recall@5: 0.0642 recall@10: 0.1010 recall@20: 0.1537 ] [ndcg@5: 0.0625 ndcg@10: 0.0755 ndcg@20: 0.0927 ] 
2025-10-02 14:39:08,436 - Epoch 273 Validation set [recall@5: 0.0633 recall@10: 0.1009 recall@20: 0.1533 ] [ndcg@5: 0.0623 ndcg@10: 0.0757 ndcg@20: 0.0929 ] 
2025-10-02 14:39:14,091 - Epoch 276 Validation set [recall@5: 0.0637 recall@10: 0.1013 recall@20: 0.1534 ] [ndcg@5: 0.0626 ndcg@10: 0.0759 ndcg@20: 0.0930 ] 
2025-10-02 14:39:19,630 - Epoch 279 Validation set [recall@5: 0.0636 recall@10: 0.1012 recall@20: 0.1529 ] [ndcg@5: 0.0626 ndcg@10: 0.0760 ndcg@20: 0.0929 ] 
2025-10-02 14:39:24,977 - Epoch 282 Validation set [recall@5: 0.0644 recall@10: 0.1014 recall@20: 0.1545 ] [ndcg@5: 0.0632 ndcg@10: 0.0764 ndcg@20: 0.0937 ] 
2025-10-02 14:39:30,666 - Epoch 285 Validation set [recall@5: 0.0639 recall@10: 0.1016 recall@20: 0.1536 ] [ndcg@5: 0.0628 ndcg@10: 0.0761 ndcg@20: 0.0931 ] 
2025-10-02 14:39:36,481 - Epoch 288 Validation set [recall@5: 0.0646 recall@10: 0.1018 recall@20: 0.1530 ] [ndcg@5: 0.0635 ndcg@10: 0.0765 ndcg@20: 0.0934 ] 
2025-10-02 14:39:43,141 - Epoch 291 Validation set [recall@5: 0.0647 recall@10: 0.1020 recall@20: 0.1530 ] [ndcg@5: 0.0631 ndcg@10: 0.0761 ndcg@20: 0.0930 ] 
2025-10-02 14:39:48,663 - Epoch 294 Validation set [recall@5: 0.0635 recall@10: 0.1016 recall@20: 0.1529 ] [ndcg@5: 0.0627 ndcg@10: 0.0760 ndcg@20: 0.0930 ] 
2025-10-02 14:39:53,647 - Epoch 297 Validation set [recall@5: 0.0641 recall@10: 0.1009 recall@20: 0.1539 ] [ndcg@5: 0.0634 ndcg@10: 0.0761 ndcg@20: 0.0935 ] 
2025-10-02 14:39:55,214 - [recall@5: 0.0644 recall@10: 0.1014 recall@20: 0.1545 ] [ndcg@5: 0.0632 ndcg@10: 0.0764 ndcg@20: 0.0937 ] 
2025-10-02 14:39:56,845 - [recall@5: 0.0632 recall@10: 0.1002 recall@20: 0.1523 ] [ndcg@5: 0.0633 ndcg@10: 0.0760 ndcg@20: 0.0930 ] 
2025-10-02 14:39:56,846 - Best Epoch 282. Final test result: {'recall': array([0.06323846, 0.10023781, 0.15228721]), 'ndcg': array([0.06329184, 0.07602532, 0.09299125])}.
