2025-10-02 14:22:56,543 - {'optimizer': {'name': 'adam', 'lr': 0.001, 'weight_decay': 0}, 'train': {'epoch': 3000, 'batch_size': 4096, 'save_model': False, 'loss': 'pairwise', 'test_step': 3, 'reproducible': True, 'seed': 2023, 'patience': 5}, 'test': {'metrics': ['recall', 'ndcg'], 'k': [5, 10, 20], 'batch_size': 1024}, 'data': {'type': 'general_agcf', 'name': 'amazon', 'mat_type': 'uai', 'pre_norm': True, 'user_num': 11000, 'item_num': 9332, 'user_item_num': 20332, 'attr_num': 1978}, 'model': {'name': 'lightgcn_a', 'keep_rate': 0.8, 'embedding_size': 64, 'layer_num': 4, 'reg_weight': 1e-06, 'amazon': {'layer_num': 4, 'reg_weight': 1e-06}, 'yelp': {'layer_num': 3, 'reg_weight': 1e-06}, 'steam': {'layer_num': 2, 'reg_weight': 1e-06}, 'Office': {'layer_num': 3, 'reg_weight': 1e-06}}}
2025-10-02 14:23:02,189 - Epoch   0 Validation set [recall@5: 0.0174 recall@10: 0.0292 recall@20: 0.0496 ] [ndcg@5: 0.0174 ndcg@10: 0.0216 ndcg@20: 0.0283 ] 
2025-10-02 14:23:09,233 - Epoch   3 Validation set [recall@5: 0.0198 recall@10: 0.0326 recall@20: 0.0550 ] [ndcg@5: 0.0200 ndcg@10: 0.0244 ndcg@20: 0.0318 ] 
2025-10-02 14:23:16,503 - Epoch   6 Validation set [recall@5: 0.0250 recall@10: 0.0408 recall@20: 0.0668 ] [ndcg@5: 0.0257 ndcg@10: 0.0310 ndcg@20: 0.0394 ] 
2025-10-02 14:23:23,484 - Epoch   9 Validation set [recall@5: 0.0282 recall@10: 0.0455 recall@20: 0.0751 ] [ndcg@5: 0.0293 ndcg@10: 0.0350 ndcg@20: 0.0446 ] 
2025-10-02 14:23:30,490 - Epoch  12 Validation set [recall@5: 0.0305 recall@10: 0.0496 recall@20: 0.0811 ] [ndcg@5: 0.0314 ndcg@10: 0.0379 ndcg@20: 0.0480 ] 
2025-10-02 14:23:37,963 - Epoch  15 Validation set [recall@5: 0.0322 recall@10: 0.0521 recall@20: 0.0872 ] [ndcg@5: 0.0332 ndcg@10: 0.0400 ndcg@20: 0.0512 ] 
2025-10-02 14:23:45,378 - Epoch  18 Validation set [recall@5: 0.0337 recall@10: 0.0554 recall@20: 0.0917 ] [ndcg@5: 0.0347 ndcg@10: 0.0420 ndcg@20: 0.0538 ] 
2025-10-02 14:23:52,957 - Epoch  21 Validation set [recall@5: 0.0351 recall@10: 0.0587 recall@20: 0.0947 ] [ndcg@5: 0.0361 ndcg@10: 0.0441 ndcg@20: 0.0560 ] 
2025-10-02 14:24:00,631 - Epoch  24 Validation set [recall@5: 0.0370 recall@10: 0.0630 recall@20: 0.0976 ] [ndcg@5: 0.0378 ndcg@10: 0.0467 ndcg@20: 0.0581 ] 
2025-10-02 14:24:08,362 - Epoch  27 Validation set [recall@5: 0.0378 recall@10: 0.0641 recall@20: 0.1012 ] [ndcg@5: 0.0385 ndcg@10: 0.0476 ndcg@20: 0.0598 ] 
2025-10-02 14:24:15,533 - Epoch  30 Validation set [recall@5: 0.0400 recall@10: 0.0660 recall@20: 0.1039 ] [ndcg@5: 0.0404 ndcg@10: 0.0494 ndcg@20: 0.0618 ] 
2025-10-02 14:24:22,550 - Epoch  33 Validation set [recall@5: 0.0404 recall@10: 0.0675 recall@20: 0.1052 ] [ndcg@5: 0.0409 ndcg@10: 0.0504 ndcg@20: 0.0627 ] 
2025-10-02 14:24:29,066 - Epoch  36 Validation set [recall@5: 0.0423 recall@10: 0.0694 recall@20: 0.1085 ] [ndcg@5: 0.0424 ndcg@10: 0.0518 ndcg@20: 0.0646 ] 
2025-10-02 14:24:35,576 - Epoch  39 Validation set [recall@5: 0.0430 recall@10: 0.0713 recall@20: 0.1098 ] [ndcg@5: 0.0433 ndcg@10: 0.0532 ndcg@20: 0.0656 ] 
2025-10-02 14:24:42,271 - Epoch  42 Validation set [recall@5: 0.0447 recall@10: 0.0725 recall@20: 0.1123 ] [ndcg@5: 0.0440 ndcg@10: 0.0538 ndcg@20: 0.0667 ] 
2025-10-02 14:24:49,193 - Epoch  45 Validation set [recall@5: 0.0454 recall@10: 0.0741 recall@20: 0.1145 ] [ndcg@5: 0.0449 ndcg@10: 0.0550 ndcg@20: 0.0680 ] 
2025-10-02 14:24:56,889 - Epoch  48 Validation set [recall@5: 0.0465 recall@10: 0.0736 recall@20: 0.1157 ] [ndcg@5: 0.0460 ndcg@10: 0.0552 ndcg@20: 0.0689 ] 
2025-10-02 14:25:04,629 - Epoch  51 Validation set [recall@5: 0.0466 recall@10: 0.0746 recall@20: 0.1167 ] [ndcg@5: 0.0462 ndcg@10: 0.0559 ndcg@20: 0.0696 ] 
2025-10-02 14:25:12,515 - Epoch  54 Validation set [recall@5: 0.0471 recall@10: 0.0753 recall@20: 0.1179 ] [ndcg@5: 0.0463 ndcg@10: 0.0562 ndcg@20: 0.0702 ] 
2025-10-02 14:25:18,721 - Epoch  57 Validation set [recall@5: 0.0481 recall@10: 0.0765 recall@20: 0.1205 ] [ndcg@5: 0.0472 ndcg@10: 0.0571 ndcg@20: 0.0714 ] 
2025-10-02 14:25:24,608 - Epoch  60 Validation set [recall@5: 0.0489 recall@10: 0.0781 recall@20: 0.1217 ] [ndcg@5: 0.0478 ndcg@10: 0.0581 ndcg@20: 0.0722 ] 
2025-10-02 14:25:32,075 - Epoch  63 Validation set [recall@5: 0.0490 recall@10: 0.0791 recall@20: 0.1225 ] [ndcg@5: 0.0482 ndcg@10: 0.0588 ndcg@20: 0.0728 ] 
2025-10-02 14:25:39,450 - Epoch  66 Validation set [recall@5: 0.0498 recall@10: 0.0798 recall@20: 0.1240 ] [ndcg@5: 0.0488 ndcg@10: 0.0594 ndcg@20: 0.0736 ] 
2025-10-02 14:25:45,925 - Epoch  69 Validation set [recall@5: 0.0507 recall@10: 0.0791 recall@20: 0.1252 ] [ndcg@5: 0.0494 ndcg@10: 0.0594 ndcg@20: 0.0743 ] 
2025-10-02 14:25:53,194 - Epoch  72 Validation set [recall@5: 0.0506 recall@10: 0.0810 recall@20: 0.1264 ] [ndcg@5: 0.0498 ndcg@10: 0.0605 ndcg@20: 0.0751 ] 
2025-10-02 14:25:59,706 - Epoch  75 Validation set [recall@5: 0.0520 recall@10: 0.0819 recall@20: 0.1285 ] [ndcg@5: 0.0507 ndcg@10: 0.0611 ndcg@20: 0.0761 ] 
2025-10-02 14:26:06,072 - Epoch  78 Validation set [recall@5: 0.0513 recall@10: 0.0824 recall@20: 0.1301 ] [ndcg@5: 0.0510 ndcg@10: 0.0617 ndcg@20: 0.0771 ] 
2025-10-02 14:26:12,766 - Epoch  81 Validation set [recall@5: 0.0520 recall@10: 0.0832 recall@20: 0.1303 ] [ndcg@5: 0.0512 ndcg@10: 0.0620 ndcg@20: 0.0774 ] 
2025-10-02 14:26:19,397 - Epoch  84 Validation set [recall@5: 0.0519 recall@10: 0.0845 recall@20: 0.1306 ] [ndcg@5: 0.0515 ndcg@10: 0.0628 ndcg@20: 0.0779 ] 
2025-10-02 14:26:26,284 - Epoch  87 Validation set [recall@5: 0.0528 recall@10: 0.0846 recall@20: 0.1319 ] [ndcg@5: 0.0520 ndcg@10: 0.0631 ndcg@20: 0.0785 ] 
2025-10-02 14:26:33,499 - Epoch  90 Validation set [recall@5: 0.0531 recall@10: 0.0848 recall@20: 0.1311 ] [ndcg@5: 0.0521 ndcg@10: 0.0631 ndcg@20: 0.0782 ] 
2025-10-02 14:26:39,543 - Epoch  93 Validation set [recall@5: 0.0530 recall@10: 0.0858 recall@20: 0.1334 ] [ndcg@5: 0.0524 ndcg@10: 0.0639 ndcg@20: 0.0793 ] 
2025-10-02 14:26:45,588 - Epoch  96 Validation set [recall@5: 0.0537 recall@10: 0.0866 recall@20: 0.1339 ] [ndcg@5: 0.0530 ndcg@10: 0.0644 ndcg@20: 0.0799 ] 
2025-10-02 14:26:51,059 - Epoch  99 Validation set [recall@5: 0.0548 recall@10: 0.0876 recall@20: 0.1361 ] [ndcg@5: 0.0540 ndcg@10: 0.0653 ndcg@20: 0.0811 ] 
2025-10-02 14:26:57,382 - Epoch 102 Validation set [recall@5: 0.0548 recall@10: 0.0867 recall@20: 0.1369 ] [ndcg@5: 0.0541 ndcg@10: 0.0651 ndcg@20: 0.0815 ] 
2025-10-02 14:27:04,077 - Epoch 105 Validation set [recall@5: 0.0542 recall@10: 0.0880 recall@20: 0.1369 ] [ndcg@5: 0.0539 ndcg@10: 0.0656 ndcg@20: 0.0816 ] 
2025-10-02 14:27:09,433 - Epoch 108 Validation set [recall@5: 0.0545 recall@10: 0.0891 recall@20: 0.1372 ] [ndcg@5: 0.0543 ndcg@10: 0.0664 ndcg@20: 0.0822 ] 
2025-10-02 14:27:14,825 - Epoch 111 Validation set [recall@5: 0.0562 recall@10: 0.0901 recall@20: 0.1381 ] [ndcg@5: 0.0552 ndcg@10: 0.0669 ndcg@20: 0.0826 ] 
2025-10-02 14:27:20,172 - Epoch 114 Validation set [recall@5: 0.0558 recall@10: 0.0903 recall@20: 0.1395 ] [ndcg@5: 0.0554 ndcg@10: 0.0674 ndcg@20: 0.0835 ] 
2025-10-02 14:27:25,433 - Epoch 117 Validation set [recall@5: 0.0565 recall@10: 0.0910 recall@20: 0.1403 ] [ndcg@5: 0.0556 ndcg@10: 0.0679 ndcg@20: 0.0839 ] 
2025-10-02 14:27:31,208 - Epoch 120 Validation set [recall@5: 0.0577 recall@10: 0.0918 recall@20: 0.1405 ] [ndcg@5: 0.0566 ndcg@10: 0.0684 ndcg@20: 0.0843 ] 
2025-10-02 14:27:36,921 - Epoch 123 Validation set [recall@5: 0.0581 recall@10: 0.0922 recall@20: 0.1414 ] [ndcg@5: 0.0572 ndcg@10: 0.0688 ndcg@20: 0.0849 ] 
2025-10-02 14:27:43,072 - Epoch 126 Validation set [recall@5: 0.0575 recall@10: 0.0916 recall@20: 0.1420 ] [ndcg@5: 0.0568 ndcg@10: 0.0686 ndcg@20: 0.0850 ] 
2025-10-02 14:27:49,439 - Epoch 129 Validation set [recall@5: 0.0583 recall@10: 0.0938 recall@20: 0.1431 ] [ndcg@5: 0.0575 ndcg@10: 0.0698 ndcg@20: 0.0858 ] 
2025-10-02 14:27:56,032 - Epoch 132 Validation set [recall@5: 0.0573 recall@10: 0.0934 recall@20: 0.1433 ] [ndcg@5: 0.0571 ndcg@10: 0.0696 ndcg@20: 0.0859 ] 
2025-10-02 14:28:02,764 - Epoch 135 Validation set [recall@5: 0.0577 recall@10: 0.0942 recall@20: 0.1432 ] [ndcg@5: 0.0572 ndcg@10: 0.0699 ndcg@20: 0.0859 ] 
2025-10-02 14:28:09,349 - Epoch 138 Validation set [recall@5: 0.0579 recall@10: 0.0943 recall@20: 0.1433 ] [ndcg@5: 0.0578 ndcg@10: 0.0703 ndcg@20: 0.0862 ] 
2025-10-02 14:28:14,778 - Epoch 141 Validation set [recall@5: 0.0580 recall@10: 0.0944 recall@20: 0.1442 ] [ndcg@5: 0.0581 ndcg@10: 0.0707 ndcg@20: 0.0869 ] 
2025-10-02 14:28:20,146 - Epoch 144 Validation set [recall@5: 0.0586 recall@10: 0.0952 recall@20: 0.1454 ] [ndcg@5: 0.0581 ndcg@10: 0.0711 ndcg@20: 0.0874 ] 
2025-10-02 14:28:26,273 - Epoch 147 Validation set [recall@5: 0.0589 recall@10: 0.0952 recall@20: 0.1444 ] [ndcg@5: 0.0582 ndcg@10: 0.0710 ndcg@20: 0.0871 ] 
2025-10-02 14:28:32,636 - Epoch 150 Validation set [recall@5: 0.0586 recall@10: 0.0961 recall@20: 0.1457 ] [ndcg@5: 0.0581 ndcg@10: 0.0712 ndcg@20: 0.0874 ] 
2025-10-02 14:28:38,072 - Epoch 153 Validation set [recall@5: 0.0589 recall@10: 0.0968 recall@20: 0.1455 ] [ndcg@5: 0.0584 ndcg@10: 0.0718 ndcg@20: 0.0878 ] 
2025-10-02 14:28:43,406 - Epoch 156 Validation set [recall@5: 0.0596 recall@10: 0.0963 recall@20: 0.1465 ] [ndcg@5: 0.0593 ndcg@10: 0.0721 ndcg@20: 0.0885 ] 
2025-10-02 14:28:48,849 - Epoch 159 Validation set [recall@5: 0.0596 recall@10: 0.0966 recall@20: 0.1473 ] [ndcg@5: 0.0587 ndcg@10: 0.0718 ndcg@20: 0.0883 ] 
2025-10-02 14:28:54,135 - Epoch 162 Validation set [recall@5: 0.0595 recall@10: 0.0964 recall@20: 0.1482 ] [ndcg@5: 0.0587 ndcg@10: 0.0719 ndcg@20: 0.0887 ] 
2025-10-02 14:28:59,798 - Epoch 165 Validation set [recall@5: 0.0607 recall@10: 0.0979 recall@20: 0.1485 ] [ndcg@5: 0.0597 ndcg@10: 0.0729 ndcg@20: 0.0893 ] 
2025-10-02 14:29:05,162 - Epoch 168 Validation set [recall@5: 0.0610 recall@10: 0.0968 recall@20: 0.1490 ] [ndcg@5: 0.0600 ndcg@10: 0.0726 ndcg@20: 0.0897 ] 
2025-10-02 14:29:10,650 - Epoch 171 Validation set [recall@5: 0.0612 recall@10: 0.0980 recall@20: 0.1502 ] [ndcg@5: 0.0599 ndcg@10: 0.0731 ndcg@20: 0.0900 ] 
2025-10-02 14:29:16,833 - Epoch 174 Validation set [recall@5: 0.0617 recall@10: 0.0983 recall@20: 0.1502 ] [ndcg@5: 0.0604 ndcg@10: 0.0734 ndcg@20: 0.0902 ] 
2025-10-02 14:29:23,296 - Epoch 177 Validation set [recall@5: 0.0610 recall@10: 0.0986 recall@20: 0.1507 ] [ndcg@5: 0.0603 ndcg@10: 0.0735 ndcg@20: 0.0904 ] 
2025-10-02 14:29:30,068 - Epoch 180 Validation set [recall@5: 0.0612 recall@10: 0.0982 recall@20: 0.1506 ] [ndcg@5: 0.0605 ndcg@10: 0.0734 ndcg@20: 0.0904 ] 
2025-10-02 14:29:35,572 - Epoch 183 Validation set [recall@5: 0.0620 recall@10: 0.0985 recall@20: 0.1500 ] [ndcg@5: 0.0610 ndcg@10: 0.0737 ndcg@20: 0.0905 ] 
2025-10-02 14:29:41,441 - Epoch 186 Validation set [recall@5: 0.0619 recall@10: 0.0979 recall@20: 0.1501 ] [ndcg@5: 0.0605 ndcg@10: 0.0730 ndcg@20: 0.0901 ] 
2025-10-02 14:29:46,829 - Epoch 189 Validation set [recall@5: 0.0614 recall@10: 0.0990 recall@20: 0.1498 ] [ndcg@5: 0.0600 ndcg@10: 0.0733 ndcg@20: 0.0900 ] 
2025-10-02 14:29:52,824 - Epoch 192 Validation set [recall@5: 0.0619 recall@10: 0.0986 recall@20: 0.1503 ] [ndcg@5: 0.0603 ndcg@10: 0.0734 ndcg@20: 0.0903 ] 
2025-10-02 14:29:54,417 - [recall@5: 0.0610 recall@10: 0.0986 recall@20: 0.1507 ] [ndcg@5: 0.0603 ndcg@10: 0.0735 ndcg@20: 0.0904 ] 
2025-10-02 14:29:55,997 - [recall@5: 0.0622 recall@10: 0.0946 recall@20: 0.1489 ] [ndcg@5: 0.0617 ndcg@10: 0.0727 ndcg@20: 0.0902 ] 
2025-10-02 14:29:55,998 - Best Epoch 177. Final test result: {'recall': array([0.06219902, 0.09464926, 0.14894128]), 'ndcg': array([0.06172424, 0.07268645, 0.09023694])}.
