2025-10-02 14:08:35,155 - {'optimizer': {'name': 'adam', 'lr': 0.001, 'weight_decay': 0}, 'train': {'epoch': 3000, 'batch_size': 4096, 'save_model': False, 'loss': 'pairwise', 'test_step': 3, 'reproducible': True, 'seed': 2023, 'patience': 5}, 'test': {'metrics': ['recall', 'ndcg'], 'k': [5, 10, 20], 'batch_size': 1024}, 'data': {'type': 'general_agcf', 'name': 'amazon', 'mat_type': 'uai', 'pre_norm': True, 'user_num': 11000, 'item_num': 9332, 'user_item_num': 20332, 'attr_num': 1978}, 'model': {'name': 'lightgcn_a', 'keep_rate': 0.8, 'embedding_size': 64, 'layer_num': 2, 'reg_weight': 1e-06, 'amazon': {'layer_num': 2, 'reg_weight': 1e-06}, 'yelp': {'layer_num': 3, 'reg_weight': 1e-06}, 'steam': {'layer_num': 2, 'reg_weight': 1e-06}, 'Office': {'layer_num': 3, 'reg_weight': 1e-06}}}
2025-10-02 14:08:40,103 - Epoch   0 Validation set [recall@5: 0.0217 recall@10: 0.0360 recall@20: 0.0577 ] [ndcg@5: 0.0213 ndcg@10: 0.0262 ndcg@20: 0.0334 ] 
2025-10-02 14:08:46,481 - Epoch   3 Validation set [recall@5: 0.0213 recall@10: 0.0345 recall@20: 0.0596 ] [ndcg@5: 0.0223 ndcg@10: 0.0266 ndcg@20: 0.0348 ] 
2025-10-02 14:08:52,417 - Epoch   6 Validation set [recall@5: 0.0260 recall@10: 0.0419 recall@20: 0.0705 ] [ndcg@5: 0.0268 ndcg@10: 0.0321 ndcg@20: 0.0414 ] 
2025-10-02 14:08:58,428 - Epoch   9 Validation set [recall@5: 0.0304 recall@10: 0.0486 recall@20: 0.0793 ] [ndcg@5: 0.0319 ndcg@10: 0.0378 ndcg@20: 0.0478 ] 
2025-10-02 14:09:04,625 - Epoch  12 Validation set [recall@5: 0.0327 recall@10: 0.0531 recall@20: 0.0853 ] [ndcg@5: 0.0338 ndcg@10: 0.0408 ndcg@20: 0.0512 ] 
2025-10-02 14:09:10,921 - Epoch  15 Validation set [recall@5: 0.0360 recall@10: 0.0566 recall@20: 0.0910 ] [ndcg@5: 0.0366 ndcg@10: 0.0435 ndcg@20: 0.0546 ] 
2025-10-02 14:09:16,498 - Epoch  18 Validation set [recall@5: 0.0381 recall@10: 0.0605 recall@20: 0.0967 ] [ndcg@5: 0.0381 ndcg@10: 0.0457 ndcg@20: 0.0575 ] 
2025-10-02 14:09:22,052 - Epoch  21 Validation set [recall@5: 0.0395 recall@10: 0.0641 recall@20: 0.1007 ] [ndcg@5: 0.0394 ndcg@10: 0.0477 ndcg@20: 0.0596 ] 
2025-10-02 14:09:28,406 - Epoch  24 Validation set [recall@5: 0.0409 recall@10: 0.0674 recall@20: 0.1031 ] [ndcg@5: 0.0411 ndcg@10: 0.0503 ndcg@20: 0.0620 ] 
2025-10-02 14:09:33,980 - Epoch  27 Validation set [recall@5: 0.0424 recall@10: 0.0682 recall@20: 0.1067 ] [ndcg@5: 0.0421 ndcg@10: 0.0511 ndcg@20: 0.0636 ] 
2025-10-02 14:09:40,496 - Epoch  30 Validation set [recall@5: 0.0439 recall@10: 0.0710 recall@20: 0.1098 ] [ndcg@5: 0.0435 ndcg@10: 0.0528 ndcg@20: 0.0654 ] 
2025-10-02 14:09:47,444 - Epoch  33 Validation set [recall@5: 0.0448 recall@10: 0.0728 recall@20: 0.1119 ] [ndcg@5: 0.0441 ndcg@10: 0.0538 ndcg@20: 0.0666 ] 
2025-10-02 14:09:53,819 - Epoch  36 Validation set [recall@5: 0.0454 recall@10: 0.0735 recall@20: 0.1146 ] [ndcg@5: 0.0451 ndcg@10: 0.0549 ndcg@20: 0.0683 ] 
2025-10-02 14:09:59,687 - Epoch  39 Validation set [recall@5: 0.0470 recall@10: 0.0760 recall@20: 0.1166 ] [ndcg@5: 0.0466 ndcg@10: 0.0567 ndcg@20: 0.0699 ] 
2025-10-02 14:10:05,674 - Epoch  42 Validation set [recall@5: 0.0484 recall@10: 0.0774 recall@20: 0.1187 ] [ndcg@5: 0.0476 ndcg@10: 0.0577 ndcg@20: 0.0711 ] 
2025-10-02 14:10:12,204 - Epoch  45 Validation set [recall@5: 0.0484 recall@10: 0.0787 recall@20: 0.1196 ] [ndcg@5: 0.0482 ndcg@10: 0.0586 ndcg@20: 0.0719 ] 
2025-10-02 14:10:18,274 - Epoch  48 Validation set [recall@5: 0.0497 recall@10: 0.0806 recall@20: 0.1225 ] [ndcg@5: 0.0491 ndcg@10: 0.0598 ndcg@20: 0.0732 ] 
2025-10-02 14:10:24,301 - Epoch  51 Validation set [recall@5: 0.0499 recall@10: 0.0806 recall@20: 0.1218 ] [ndcg@5: 0.0498 ndcg@10: 0.0604 ndcg@20: 0.0737 ] 
2025-10-02 14:10:30,965 - Epoch  54 Validation set [recall@5: 0.0495 recall@10: 0.0809 recall@20: 0.1243 ] [ndcg@5: 0.0493 ndcg@10: 0.0603 ndcg@20: 0.0745 ] 
2025-10-02 14:10:37,351 - Epoch  57 Validation set [recall@5: 0.0514 recall@10: 0.0820 recall@20: 0.1258 ] [ndcg@5: 0.0504 ndcg@10: 0.0610 ndcg@20: 0.0753 ] 
2025-10-02 14:10:44,368 - Epoch  60 Validation set [recall@5: 0.0522 recall@10: 0.0826 recall@20: 0.1277 ] [ndcg@5: 0.0513 ndcg@10: 0.0618 ndcg@20: 0.0763 ] 
2025-10-02 14:10:51,195 - Epoch  63 Validation set [recall@5: 0.0526 recall@10: 0.0830 recall@20: 0.1288 ] [ndcg@5: 0.0518 ndcg@10: 0.0625 ndcg@20: 0.0773 ] 
2025-10-02 14:10:57,887 - Epoch  66 Validation set [recall@5: 0.0532 recall@10: 0.0826 recall@20: 0.1303 ] [ndcg@5: 0.0523 ndcg@10: 0.0625 ndcg@20: 0.0780 ] 
2025-10-02 14:11:04,769 - Epoch  69 Validation set [recall@5: 0.0536 recall@10: 0.0838 recall@20: 0.1308 ] [ndcg@5: 0.0530 ndcg@10: 0.0634 ndcg@20: 0.0786 ] 
2025-10-02 14:11:10,808 - Epoch  72 Validation set [recall@5: 0.0543 recall@10: 0.0844 recall@20: 0.1324 ] [ndcg@5: 0.0534 ndcg@10: 0.0639 ndcg@20: 0.0794 ] 
2025-10-02 14:11:16,435 - Epoch  75 Validation set [recall@5: 0.0550 recall@10: 0.0856 recall@20: 0.1340 ] [ndcg@5: 0.0544 ndcg@10: 0.0647 ndcg@20: 0.0805 ] 
2025-10-02 14:11:22,079 - Epoch  78 Validation set [recall@5: 0.0545 recall@10: 0.0861 recall@20: 0.1355 ] [ndcg@5: 0.0542 ndcg@10: 0.0649 ndcg@20: 0.0811 ] 
2025-10-02 14:11:27,726 - Epoch  81 Validation set [recall@5: 0.0550 recall@10: 0.0884 recall@20: 0.1365 ] [ndcg@5: 0.0547 ndcg@10: 0.0662 ndcg@20: 0.0819 ] 
2025-10-02 14:11:33,287 - Epoch  84 Validation set [recall@5: 0.0553 recall@10: 0.0887 recall@20: 0.1375 ] [ndcg@5: 0.0551 ndcg@10: 0.0666 ndcg@20: 0.0826 ] 
2025-10-02 14:11:38,726 - Epoch  87 Validation set [recall@5: 0.0551 recall@10: 0.0891 recall@20: 0.1378 ] [ndcg@5: 0.0552 ndcg@10: 0.0669 ndcg@20: 0.0827 ] 
2025-10-02 14:11:44,977 - Epoch  90 Validation set [recall@5: 0.0559 recall@10: 0.0896 recall@20: 0.1375 ] [ndcg@5: 0.0557 ndcg@10: 0.0672 ndcg@20: 0.0830 ] 
2025-10-02 14:11:51,762 - Epoch  93 Validation set [recall@5: 0.0562 recall@10: 0.0904 recall@20: 0.1381 ] [ndcg@5: 0.0562 ndcg@10: 0.0679 ndcg@20: 0.0836 ] 
2025-10-02 14:11:58,370 - Epoch  96 Validation set [recall@5: 0.0566 recall@10: 0.0910 recall@20: 0.1387 ] [ndcg@5: 0.0565 ndcg@10: 0.0684 ndcg@20: 0.0840 ] 
2025-10-02 14:12:05,171 - Epoch  99 Validation set [recall@5: 0.0571 recall@10: 0.0907 recall@20: 0.1398 ] [ndcg@5: 0.0572 ndcg@10: 0.0688 ndcg@20: 0.0849 ] 
2025-10-02 14:12:11,513 - Epoch 102 Validation set [recall@5: 0.0572 recall@10: 0.0915 recall@20: 0.1407 ] [ndcg@5: 0.0571 ndcg@10: 0.0690 ndcg@20: 0.0851 ] 
2025-10-02 14:12:18,121 - Epoch 105 Validation set [recall@5: 0.0575 recall@10: 0.0926 recall@20: 0.1421 ] [ndcg@5: 0.0576 ndcg@10: 0.0698 ndcg@20: 0.0858 ] 
2025-10-02 14:12:24,606 - Epoch 108 Validation set [recall@5: 0.0579 recall@10: 0.0935 recall@20: 0.1420 ] [ndcg@5: 0.0579 ndcg@10: 0.0704 ndcg@20: 0.0860 ] 
2025-10-02 14:12:31,237 - Epoch 111 Validation set [recall@5: 0.0595 recall@10: 0.0938 recall@20: 0.1421 ] [ndcg@5: 0.0588 ndcg@10: 0.0705 ndcg@20: 0.0863 ] 
2025-10-02 14:12:37,886 - Epoch 114 Validation set [recall@5: 0.0598 recall@10: 0.0950 recall@20: 0.1443 ] [ndcg@5: 0.0592 ndcg@10: 0.0715 ndcg@20: 0.0875 ] 
2025-10-02 14:12:44,632 - Epoch 117 Validation set [recall@5: 0.0598 recall@10: 0.0950 recall@20: 0.1460 ] [ndcg@5: 0.0591 ndcg@10: 0.0715 ndcg@20: 0.0880 ] 
2025-10-02 14:12:51,361 - Epoch 120 Validation set [recall@5: 0.0618 recall@10: 0.0959 recall@20: 0.1472 ] [ndcg@5: 0.0605 ndcg@10: 0.0722 ndcg@20: 0.0888 ] 
2025-10-02 14:12:58,222 - Epoch 123 Validation set [recall@5: 0.0609 recall@10: 0.0965 recall@20: 0.1469 ] [ndcg@5: 0.0603 ndcg@10: 0.0726 ndcg@20: 0.0890 ] 
2025-10-02 14:13:04,901 - Epoch 126 Validation set [recall@5: 0.0611 recall@10: 0.0961 recall@20: 0.1480 ] [ndcg@5: 0.0602 ndcg@10: 0.0723 ndcg@20: 0.0891 ] 
2025-10-02 14:13:11,734 - Epoch 129 Validation set [recall@5: 0.0603 recall@10: 0.0967 recall@20: 0.1478 ] [ndcg@5: 0.0600 ndcg@10: 0.0728 ndcg@20: 0.0894 ] 
2025-10-02 14:13:18,850 - Epoch 132 Validation set [recall@5: 0.0607 recall@10: 0.0975 recall@20: 0.1476 ] [ndcg@5: 0.0602 ndcg@10: 0.0729 ndcg@20: 0.0892 ] 
2025-10-02 14:13:25,462 - Epoch 135 Validation set [recall@5: 0.0605 recall@10: 0.0981 recall@20: 0.1486 ] [ndcg@5: 0.0603 ndcg@10: 0.0733 ndcg@20: 0.0898 ] 
2025-10-02 14:13:31,908 - Epoch 138 Validation set [recall@5: 0.0614 recall@10: 0.0971 recall@20: 0.1482 ] [ndcg@5: 0.0611 ndcg@10: 0.0732 ndcg@20: 0.0900 ] 
2025-10-02 14:13:38,701 - Epoch 141 Validation set [recall@5: 0.0604 recall@10: 0.0974 recall@20: 0.1502 ] [ndcg@5: 0.0608 ndcg@10: 0.0735 ndcg@20: 0.0907 ] 
2025-10-02 14:13:45,797 - Epoch 144 Validation set [recall@5: 0.0613 recall@10: 0.0983 recall@20: 0.1504 ] [ndcg@5: 0.0612 ndcg@10: 0.0740 ndcg@20: 0.0910 ] 
2025-10-02 14:13:52,277 - Epoch 147 Validation set [recall@5: 0.0614 recall@10: 0.0978 recall@20: 0.1505 ] [ndcg@5: 0.0616 ndcg@10: 0.0741 ndcg@20: 0.0913 ] 
2025-10-02 14:13:57,741 - Epoch 150 Validation set [recall@5: 0.0616 recall@10: 0.0991 recall@20: 0.1515 ] [ndcg@5: 0.0612 ndcg@10: 0.0742 ndcg@20: 0.0912 ] 
2025-10-02 14:14:03,601 - Epoch 153 Validation set [recall@5: 0.0614 recall@10: 0.0991 recall@20: 0.1525 ] [ndcg@5: 0.0608 ndcg@10: 0.0741 ndcg@20: 0.0914 ] 
2025-10-02 14:14:08,952 - Epoch 156 Validation set [recall@5: 0.0625 recall@10: 0.1000 recall@20: 0.1515 ] [ndcg@5: 0.0619 ndcg@10: 0.0749 ndcg@20: 0.0916 ] 
2025-10-02 14:14:14,548 - Epoch 159 Validation set [recall@5: 0.0632 recall@10: 0.1000 recall@20: 0.1522 ] [ndcg@5: 0.0625 ndcg@10: 0.0751 ndcg@20: 0.0921 ] 
2025-10-02 14:14:20,452 - Epoch 162 Validation set [recall@5: 0.0634 recall@10: 0.0993 recall@20: 0.1535 ] [ndcg@5: 0.0627 ndcg@10: 0.0752 ndcg@20: 0.0927 ] 
2025-10-02 14:14:27,342 - Epoch 165 Validation set [recall@5: 0.0628 recall@10: 0.0997 recall@20: 0.1536 ] [ndcg@5: 0.0626 ndcg@10: 0.0754 ndcg@20: 0.0929 ] 
2025-10-02 14:14:33,817 - Epoch 168 Validation set [recall@5: 0.0629 recall@10: 0.1011 recall@20: 0.1544 ] [ndcg@5: 0.0629 ndcg@10: 0.0762 ndcg@20: 0.0934 ] 
2025-10-02 14:14:39,677 - Epoch 171 Validation set [recall@5: 0.0632 recall@10: 0.1008 recall@20: 0.1552 ] [ndcg@5: 0.0628 ndcg@10: 0.0759 ndcg@20: 0.0935 ] 
2025-10-02 14:14:45,819 - Epoch 174 Validation set [recall@5: 0.0636 recall@10: 0.1016 recall@20: 0.1549 ] [ndcg@5: 0.0630 ndcg@10: 0.0764 ndcg@20: 0.0936 ] 
2025-10-02 14:14:51,356 - Epoch 177 Validation set [recall@5: 0.0633 recall@10: 0.1017 recall@20: 0.1556 ] [ndcg@5: 0.0629 ndcg@10: 0.0764 ndcg@20: 0.0938 ] 
2025-10-02 14:14:57,707 - Epoch 180 Validation set [recall@5: 0.0635 recall@10: 0.1017 recall@20: 0.1557 ] [ndcg@5: 0.0634 ndcg@10: 0.0765 ndcg@20: 0.0939 ] 
2025-10-02 14:15:04,718 - Epoch 183 Validation set [recall@5: 0.0640 recall@10: 0.1023 recall@20: 0.1545 ] [ndcg@5: 0.0637 ndcg@10: 0.0768 ndcg@20: 0.0939 ] 
2025-10-02 14:15:10,924 - Epoch 186 Validation set [recall@5: 0.0634 recall@10: 0.1025 recall@20: 0.1551 ] [ndcg@5: 0.0633 ndcg@10: 0.0768 ndcg@20: 0.0940 ] 
2025-10-02 14:15:17,733 - Epoch 189 Validation set [recall@5: 0.0640 recall@10: 0.1041 recall@20: 0.1547 ] [ndcg@5: 0.0633 ndcg@10: 0.0774 ndcg@20: 0.0939 ] 
2025-10-02 14:15:24,239 - Epoch 192 Validation set [recall@5: 0.0649 recall@10: 0.1033 recall@20: 0.1545 ] [ndcg@5: 0.0636 ndcg@10: 0.0770 ndcg@20: 0.0937 ] 
2025-10-02 14:15:31,096 - Epoch 195 Validation set [recall@5: 0.0635 recall@10: 0.1024 recall@20: 0.1540 ] [ndcg@5: 0.0630 ndcg@10: 0.0767 ndcg@20: 0.0936 ] 
2025-10-02 14:15:33,176 - [recall@5: 0.0635 recall@10: 0.1017 recall@20: 0.1557 ] [ndcg@5: 0.0634 ndcg@10: 0.0765 ndcg@20: 0.0939 ] 
2025-10-02 14:15:35,302 - [recall@5: 0.0633 recall@10: 0.1006 recall@20: 0.1516 ] [ndcg@5: 0.0639 ndcg@10: 0.0767 ndcg@20: 0.0933 ] 
2025-10-02 14:15:35,303 - Best Epoch 180. Final test result: {'recall': array([0.06331776, 0.10062467, 0.15163834]), 'ndcg': array([0.06385458, 0.07674563, 0.09330403])}.
