2025-10-02 15:09:29,615 - {'optimizer': {'name': 'adam', 'lr': 0.001, 'weight_decay': 0}, 'train': {'epoch': 3000, 'batch_size': 4096, 'save_model': False, 'loss': 'pairwise', 'test_step': 3, 'reproducible': True, 'seed': 2023, 'patience': 5}, 'test': {'metrics': ['recall', 'ndcg'], 'k': [5, 10, 20], 'batch_size': 1024}, 'data': {'type': 'general_agcf', 'name': 'amazon', 'mat_type': 'uai', 'pre_norm': True, 'user_num': 11000, 'item_num': 9332, 'user_item_num': 20332, 'attr_num': 1978}, 'model': {'name': 'lightgcn_a', 'keep_rate': 0.8, 'embedding_size': 64, 'layer_num': 9, 'reg_weight': 1e-06, 'amazon': {'layer_num': 9, 'reg_weight': 1e-06}, 'yelp': {'layer_num': 3, 'reg_weight': 1e-06}, 'steam': {'layer_num': 2, 'reg_weight': 1e-06}, 'Office': {'layer_num': 3, 'reg_weight': 1e-06}}}
2025-10-02 15:09:34,979 - Epoch   0 Validation set [recall@5: 0.0154 recall@10: 0.0264 recall@20: 0.0428 ] [ndcg@5: 0.0158 ndcg@10: 0.0195 ndcg@20: 0.0248 ] 
2025-10-02 15:09:41,647 - Epoch   3 Validation set [recall@5: 0.0184 recall@10: 0.0304 recall@20: 0.0497 ] [ndcg@5: 0.0190 ndcg@10: 0.0231 ndcg@20: 0.0293 ] 
2025-10-02 15:09:48,498 - Epoch   6 Validation set [recall@5: 0.0228 recall@10: 0.0374 recall@20: 0.0608 ] [ndcg@5: 0.0232 ndcg@10: 0.0282 ndcg@20: 0.0357 ] 
2025-10-02 15:09:55,084 - Epoch   9 Validation set [recall@5: 0.0251 recall@10: 0.0418 recall@20: 0.0671 ] [ndcg@5: 0.0260 ndcg@10: 0.0315 ndcg@20: 0.0396 ] 
2025-10-02 15:10:00,965 - Epoch  12 Validation set [recall@5: 0.0264 recall@10: 0.0434 recall@20: 0.0714 ] [ndcg@5: 0.0272 ndcg@10: 0.0329 ndcg@20: 0.0418 ] 
2025-10-02 15:10:07,008 - Epoch  15 Validation set [recall@5: 0.0271 recall@10: 0.0462 recall@20: 0.0754 ] [ndcg@5: 0.0279 ndcg@10: 0.0344 ndcg@20: 0.0437 ] 
2025-10-02 15:10:13,314 - Epoch  18 Validation set [recall@5: 0.0291 recall@10: 0.0483 recall@20: 0.0808 ] [ndcg@5: 0.0299 ndcg@10: 0.0363 ndcg@20: 0.0468 ] 
2025-10-02 15:10:20,070 - Epoch  21 Validation set [recall@5: 0.0303 recall@10: 0.0511 recall@20: 0.0844 ] [ndcg@5: 0.0315 ndcg@10: 0.0384 ndcg@20: 0.0491 ] 
2025-10-02 15:10:26,595 - Epoch  24 Validation set [recall@5: 0.0312 recall@10: 0.0531 recall@20: 0.0867 ] [ndcg@5: 0.0326 ndcg@10: 0.0399 ndcg@20: 0.0509 ] 
2025-10-02 15:10:32,730 - Epoch  27 Validation set [recall@5: 0.0328 recall@10: 0.0553 recall@20: 0.0898 ] [ndcg@5: 0.0337 ndcg@10: 0.0412 ndcg@20: 0.0525 ] 
2025-10-02 15:10:39,058 - Epoch  30 Validation set [recall@5: 0.0338 recall@10: 0.0560 recall@20: 0.0931 ] [ndcg@5: 0.0352 ndcg@10: 0.0427 ndcg@20: 0.0548 ] 
2025-10-02 15:10:45,104 - Epoch  33 Validation set [recall@5: 0.0350 recall@10: 0.0591 recall@20: 0.0948 ] [ndcg@5: 0.0357 ndcg@10: 0.0438 ndcg@20: 0.0556 ] 
2025-10-02 15:10:51,222 - Epoch  36 Validation set [recall@5: 0.0359 recall@10: 0.0607 recall@20: 0.0971 ] [ndcg@5: 0.0365 ndcg@10: 0.0451 ndcg@20: 0.0571 ] 
2025-10-02 15:10:58,161 - Epoch  39 Validation set [recall@5: 0.0369 recall@10: 0.0625 recall@20: 0.0989 ] [ndcg@5: 0.0376 ndcg@10: 0.0464 ndcg@20: 0.0584 ] 
2025-10-02 15:11:04,649 - Epoch  42 Validation set [recall@5: 0.0380 recall@10: 0.0633 recall@20: 0.1013 ] [ndcg@5: 0.0386 ndcg@10: 0.0473 ndcg@20: 0.0597 ] 
2025-10-02 15:11:10,736 - Epoch  45 Validation set [recall@5: 0.0387 recall@10: 0.0644 recall@20: 0.1028 ] [ndcg@5: 0.0393 ndcg@10: 0.0482 ndcg@20: 0.0608 ] 
2025-10-02 15:11:16,673 - Epoch  48 Validation set [recall@5: 0.0392 recall@10: 0.0654 recall@20: 0.1035 ] [ndcg@5: 0.0399 ndcg@10: 0.0488 ndcg@20: 0.0613 ] 
2025-10-02 15:11:23,227 - Epoch  51 Validation set [recall@5: 0.0395 recall@10: 0.0659 recall@20: 0.1050 ] [ndcg@5: 0.0401 ndcg@10: 0.0493 ndcg@20: 0.0620 ] 
2025-10-02 15:11:29,387 - Epoch  54 Validation set [recall@5: 0.0405 recall@10: 0.0661 recall@20: 0.1059 ] [ndcg@5: 0.0410 ndcg@10: 0.0498 ndcg@20: 0.0629 ] 
2025-10-02 15:11:35,214 - Epoch  57 Validation set [recall@5: 0.0419 recall@10: 0.0678 recall@20: 0.1076 ] [ndcg@5: 0.0418 ndcg@10: 0.0507 ndcg@20: 0.0636 ] 
2025-10-02 15:11:41,479 - Epoch  60 Validation set [recall@5: 0.0432 recall@10: 0.0686 recall@20: 0.1089 ] [ndcg@5: 0.0429 ndcg@10: 0.0515 ndcg@20: 0.0647 ] 
2025-10-02 15:11:47,544 - Epoch  63 Validation set [recall@5: 0.0434 recall@10: 0.0696 recall@20: 0.1097 ] [ndcg@5: 0.0432 ndcg@10: 0.0523 ndcg@20: 0.0654 ] 
2025-10-02 15:11:53,744 - Epoch  66 Validation set [recall@5: 0.0438 recall@10: 0.0703 recall@20: 0.1109 ] [ndcg@5: 0.0437 ndcg@10: 0.0528 ndcg@20: 0.0661 ] 
2025-10-02 15:11:59,720 - Epoch  69 Validation set [recall@5: 0.0443 recall@10: 0.0704 recall@20: 0.1120 ] [ndcg@5: 0.0443 ndcg@10: 0.0535 ndcg@20: 0.0670 ] 
2025-10-02 15:12:05,929 - Epoch  72 Validation set [recall@5: 0.0448 recall@10: 0.0722 recall@20: 0.1132 ] [ndcg@5: 0.0447 ndcg@10: 0.0542 ndcg@20: 0.0675 ] 
2025-10-02 15:12:11,770 - Epoch  75 Validation set [recall@5: 0.0454 recall@10: 0.0721 recall@20: 0.1143 ] [ndcg@5: 0.0453 ndcg@10: 0.0545 ndcg@20: 0.0682 ] 
2025-10-02 15:12:18,119 - Epoch  78 Validation set [recall@5: 0.0453 recall@10: 0.0728 recall@20: 0.1160 ] [ndcg@5: 0.0454 ndcg@10: 0.0549 ndcg@20: 0.0689 ] 
2025-10-02 15:12:24,289 - Epoch  81 Validation set [recall@5: 0.0464 recall@10: 0.0734 recall@20: 0.1169 ] [ndcg@5: 0.0462 ndcg@10: 0.0555 ndcg@20: 0.0696 ] 
2025-10-02 15:12:30,380 - Epoch  84 Validation set [recall@5: 0.0461 recall@10: 0.0745 recall@20: 0.1176 ] [ndcg@5: 0.0464 ndcg@10: 0.0562 ndcg@20: 0.0701 ] 
2025-10-02 15:12:36,076 - Epoch  87 Validation set [recall@5: 0.0461 recall@10: 0.0748 recall@20: 0.1190 ] [ndcg@5: 0.0466 ndcg@10: 0.0566 ndcg@20: 0.0708 ] 
2025-10-02 15:12:41,974 - Epoch  90 Validation set [recall@5: 0.0463 recall@10: 0.0752 recall@20: 0.1196 ] [ndcg@5: 0.0466 ndcg@10: 0.0567 ndcg@20: 0.0710 ] 
2025-10-02 15:12:47,818 - Epoch  93 Validation set [recall@5: 0.0468 recall@10: 0.0754 recall@20: 0.1206 ] [ndcg@5: 0.0471 ndcg@10: 0.0571 ndcg@20: 0.0716 ] 
2025-10-02 15:12:53,674 - Epoch  96 Validation set [recall@5: 0.0476 recall@10: 0.0764 recall@20: 0.1209 ] [ndcg@5: 0.0477 ndcg@10: 0.0576 ndcg@20: 0.0719 ] 
2025-10-02 15:13:00,342 - Epoch  99 Validation set [recall@5: 0.0486 recall@10: 0.0772 recall@20: 0.1234 ] [ndcg@5: 0.0483 ndcg@10: 0.0582 ndcg@20: 0.0730 ] 
2025-10-02 15:13:06,693 - Epoch 102 Validation set [recall@5: 0.0481 recall@10: 0.0775 recall@20: 0.1233 ] [ndcg@5: 0.0483 ndcg@10: 0.0585 ndcg@20: 0.0733 ] 
2025-10-02 15:13:12,997 - Epoch 105 Validation set [recall@5: 0.0490 recall@10: 0.0778 recall@20: 0.1235 ] [ndcg@5: 0.0485 ndcg@10: 0.0585 ndcg@20: 0.0733 ] 
2025-10-02 15:13:19,611 - Epoch 108 Validation set [recall@5: 0.0487 recall@10: 0.0785 recall@20: 0.1238 ] [ndcg@5: 0.0484 ndcg@10: 0.0588 ndcg@20: 0.0735 ] 
2025-10-02 15:13:26,486 - Epoch 111 Validation set [recall@5: 0.0492 recall@10: 0.0798 recall@20: 0.1247 ] [ndcg@5: 0.0488 ndcg@10: 0.0593 ndcg@20: 0.0738 ] 
2025-10-02 15:13:33,090 - Epoch 114 Validation set [recall@5: 0.0503 recall@10: 0.0797 recall@20: 0.1258 ] [ndcg@5: 0.0499 ndcg@10: 0.0601 ndcg@20: 0.0749 ] 
2025-10-02 15:13:39,545 - Epoch 117 Validation set [recall@5: 0.0496 recall@10: 0.0800 recall@20: 0.1276 ] [ndcg@5: 0.0497 ndcg@10: 0.0602 ndcg@20: 0.0754 ] 
2025-10-02 15:13:45,913 - Epoch 120 Validation set [recall@5: 0.0505 recall@10: 0.0794 recall@20: 0.1283 ] [ndcg@5: 0.0503 ndcg@10: 0.0603 ndcg@20: 0.0760 ] 
2025-10-02 15:13:52,523 - Epoch 123 Validation set [recall@5: 0.0511 recall@10: 0.0807 recall@20: 0.1274 ] [ndcg@5: 0.0506 ndcg@10: 0.0608 ndcg@20: 0.0760 ] 
2025-10-02 15:13:59,201 - Epoch 126 Validation set [recall@5: 0.0504 recall@10: 0.0804 recall@20: 0.1279 ] [ndcg@5: 0.0503 ndcg@10: 0.0607 ndcg@20: 0.0761 ] 
2025-10-02 15:14:05,366 - Epoch 129 Validation set [recall@5: 0.0514 recall@10: 0.0815 recall@20: 0.1283 ] [ndcg@5: 0.0504 ndcg@10: 0.0610 ndcg@20: 0.0762 ] 
2025-10-02 15:14:12,042 - Epoch 132 Validation set [recall@5: 0.0511 recall@10: 0.0808 recall@20: 0.1278 ] [ndcg@5: 0.0504 ndcg@10: 0.0606 ndcg@20: 0.0759 ] 
2025-10-02 15:14:18,333 - Epoch 135 Validation set [recall@5: 0.0515 recall@10: 0.0813 recall@20: 0.1276 ] [ndcg@5: 0.0510 ndcg@10: 0.0612 ndcg@20: 0.0762 ] 
2025-10-02 15:14:19,929 - [recall@5: 0.0505 recall@10: 0.0794 recall@20: 0.1283 ] [ndcg@5: 0.0503 ndcg@10: 0.0603 ndcg@20: 0.0760 ] 
2025-10-02 15:14:21,555 - [recall@5: 0.0511 recall@10: 0.0812 recall@20: 0.1252 ] [ndcg@5: 0.0515 ndcg@10: 0.0615 ndcg@20: 0.0757 ] 
2025-10-02 15:14:21,556 - Best Epoch 120. Final test result: {'recall': array([0.05107583, 0.08121327, 0.12520346]), 'ndcg': array([0.05147209, 0.06148453, 0.07566831])}.
