2025-10-02 14:15:39,079 - {'optimizer': {'name': 'adam', 'lr': 0.001, 'weight_decay': 0}, 'train': {'epoch': 3000, 'batch_size': 4096, 'save_model': False, 'loss': 'pairwise', 'test_step': 3, 'reproducible': True, 'seed': 2023, 'patience': 5}, 'test': {'metrics': ['recall', 'ndcg'], 'k': [5, 10, 20], 'batch_size': 1024}, 'data': {'type': 'general_agcf', 'name': 'amazon', 'mat_type': 'uai', 'pre_norm': True, 'user_num': 11000, 'item_num': 9332, 'user_item_num': 20332, 'attr_num': 1978}, 'model': {'name': 'lightgcn_a', 'keep_rate': 0.8, 'embedding_size': 64, 'layer_num': 3, 'reg_weight': 1e-06, 'amazon': {'layer_num': 3, 'reg_weight': 1e-06}, 'yelp': {'layer_num': 3, 'reg_weight': 1e-06}, 'steam': {'layer_num': 2, 'reg_weight': 1e-06}, 'Office': {'layer_num': 3, 'reg_weight': 1e-06}}}
2025-10-02 14:15:45,093 - Epoch   0 Validation set [recall@5: 0.0189 recall@10: 0.0336 recall@20: 0.0559 ] [ndcg@5: 0.0189 ndcg@10: 0.0240 ndcg@20: 0.0314 ] 
2025-10-02 14:15:52,633 - Epoch   3 Validation set [recall@5: 0.0198 recall@10: 0.0333 recall@20: 0.0577 ] [ndcg@5: 0.0206 ndcg@10: 0.0253 ndcg@20: 0.0333 ] 
2025-10-02 14:15:59,902 - Epoch   6 Validation set [recall@5: 0.0250 recall@10: 0.0412 recall@20: 0.0683 ] [ndcg@5: 0.0259 ndcg@10: 0.0314 ndcg@20: 0.0402 ] 
2025-10-02 14:16:06,600 - Epoch   9 Validation set [recall@5: 0.0295 recall@10: 0.0471 recall@20: 0.0777 ] [ndcg@5: 0.0307 ndcg@10: 0.0366 ndcg@20: 0.0465 ] 
2025-10-02 14:16:14,613 - Epoch  12 Validation set [recall@5: 0.0320 recall@10: 0.0504 recall@20: 0.0832 ] [ndcg@5: 0.0330 ndcg@10: 0.0392 ndcg@20: 0.0498 ] 
2025-10-02 14:16:21,435 - Epoch  15 Validation set [recall@5: 0.0334 recall@10: 0.0539 recall@20: 0.0889 ] [ndcg@5: 0.0347 ndcg@10: 0.0416 ndcg@20: 0.0529 ] 
2025-10-02 14:16:27,622 - Epoch  18 Validation set [recall@5: 0.0352 recall@10: 0.0572 recall@20: 0.0942 ] [ndcg@5: 0.0359 ndcg@10: 0.0433 ndcg@20: 0.0553 ] 
2025-10-02 14:16:34,886 - Epoch  21 Validation set [recall@5: 0.0377 recall@10: 0.0606 recall@20: 0.0974 ] [ndcg@5: 0.0378 ndcg@10: 0.0454 ndcg@20: 0.0575 ] 
2025-10-02 14:16:41,559 - Epoch  24 Validation set [recall@5: 0.0379 recall@10: 0.0646 recall@20: 0.1001 ] [ndcg@5: 0.0389 ndcg@10: 0.0483 ndcg@20: 0.0599 ] 
2025-10-02 14:16:47,596 - Epoch  27 Validation set [recall@5: 0.0397 recall@10: 0.0667 recall@20: 0.1030 ] [ndcg@5: 0.0402 ndcg@10: 0.0496 ndcg@20: 0.0615 ] 
2025-10-02 14:16:54,391 - Epoch  30 Validation set [recall@5: 0.0416 recall@10: 0.0682 recall@20: 0.1059 ] [ndcg@5: 0.0418 ndcg@10: 0.0510 ndcg@20: 0.0633 ] 
2025-10-02 14:17:01,484 - Epoch  33 Validation set [recall@5: 0.0418 recall@10: 0.0702 recall@20: 0.1086 ] [ndcg@5: 0.0423 ndcg@10: 0.0522 ndcg@20: 0.0647 ] 
2025-10-02 14:17:08,816 - Epoch  36 Validation set [recall@5: 0.0436 recall@10: 0.0711 recall@20: 0.1110 ] [ndcg@5: 0.0436 ndcg@10: 0.0532 ndcg@20: 0.0662 ] 
2025-10-02 14:17:15,331 - Epoch  39 Validation set [recall@5: 0.0449 recall@10: 0.0741 recall@20: 0.1132 ] [ndcg@5: 0.0445 ndcg@10: 0.0548 ndcg@20: 0.0675 ] 
2025-10-02 14:17:22,365 - Epoch  42 Validation set [recall@5: 0.0462 recall@10: 0.0746 recall@20: 0.1159 ] [ndcg@5: 0.0457 ndcg@10: 0.0557 ndcg@20: 0.0690 ] 
2025-10-02 14:17:28,597 - Epoch  45 Validation set [recall@5: 0.0469 recall@10: 0.0761 recall@20: 0.1179 ] [ndcg@5: 0.0464 ndcg@10: 0.0566 ndcg@20: 0.0701 ] 
2025-10-02 14:17:35,270 - Epoch  48 Validation set [recall@5: 0.0471 recall@10: 0.0765 recall@20: 0.1199 ] [ndcg@5: 0.0469 ndcg@10: 0.0572 ndcg@20: 0.0711 ] 
2025-10-02 14:17:42,432 - Epoch  51 Validation set [recall@5: 0.0475 recall@10: 0.0781 recall@20: 0.1194 ] [ndcg@5: 0.0473 ndcg@10: 0.0581 ndcg@20: 0.0714 ] 
2025-10-02 14:17:49,451 - Epoch  54 Validation set [recall@5: 0.0479 recall@10: 0.0786 recall@20: 0.1218 ] [ndcg@5: 0.0475 ndcg@10: 0.0583 ndcg@20: 0.0724 ] 
2025-10-02 14:17:56,292 - Epoch  57 Validation set [recall@5: 0.0489 recall@10: 0.0795 recall@20: 0.1232 ] [ndcg@5: 0.0485 ndcg@10: 0.0592 ndcg@20: 0.0734 ] 
2025-10-02 14:18:02,754 - Epoch  60 Validation set [recall@5: 0.0509 recall@10: 0.0814 recall@20: 0.1245 ] [ndcg@5: 0.0494 ndcg@10: 0.0600 ndcg@20: 0.0741 ] 
2025-10-02 14:18:09,682 - Epoch  63 Validation set [recall@5: 0.0506 recall@10: 0.0806 recall@20: 0.1263 ] [ndcg@5: 0.0498 ndcg@10: 0.0604 ndcg@20: 0.0751 ] 
2025-10-02 14:18:17,115 - Epoch  66 Validation set [recall@5: 0.0517 recall@10: 0.0813 recall@20: 0.1267 ] [ndcg@5: 0.0505 ndcg@10: 0.0610 ndcg@20: 0.0757 ] 
2025-10-02 14:18:23,518 - Epoch  69 Validation set [recall@5: 0.0516 recall@10: 0.0828 recall@20: 0.1280 ] [ndcg@5: 0.0509 ndcg@10: 0.0619 ndcg@20: 0.0764 ] 
2025-10-02 14:18:29,707 - Epoch  72 Validation set [recall@5: 0.0523 recall@10: 0.0833 recall@20: 0.1306 ] [ndcg@5: 0.0514 ndcg@10: 0.0623 ndcg@20: 0.0775 ] 
2025-10-02 14:18:35,968 - Epoch  75 Validation set [recall@5: 0.0532 recall@10: 0.0837 recall@20: 0.1309 ] [ndcg@5: 0.0523 ndcg@10: 0.0628 ndcg@20: 0.0781 ] 
2025-10-02 14:18:41,718 - Epoch  78 Validation set [recall@5: 0.0527 recall@10: 0.0842 recall@20: 0.1329 ] [ndcg@5: 0.0526 ndcg@10: 0.0633 ndcg@20: 0.0792 ] 
2025-10-02 14:18:47,986 - Epoch  81 Validation set [recall@5: 0.0535 recall@10: 0.0862 recall@20: 0.1328 ] [ndcg@5: 0.0528 ndcg@10: 0.0641 ndcg@20: 0.0794 ] 
2025-10-02 14:18:54,856 - Epoch  84 Validation set [recall@5: 0.0535 recall@10: 0.0868 recall@20: 0.1355 ] [ndcg@5: 0.0533 ndcg@10: 0.0648 ndcg@20: 0.0807 ] 
2025-10-02 14:19:00,947 - Epoch  87 Validation set [recall@5: 0.0537 recall@10: 0.0868 recall@20: 0.1350 ] [ndcg@5: 0.0534 ndcg@10: 0.0649 ndcg@20: 0.0806 ] 
2025-10-02 14:19:07,202 - Epoch  90 Validation set [recall@5: 0.0535 recall@10: 0.0870 recall@20: 0.1347 ] [ndcg@5: 0.0537 ndcg@10: 0.0651 ndcg@20: 0.0808 ] 
2025-10-02 14:19:13,610 - Epoch  93 Validation set [recall@5: 0.0548 recall@10: 0.0881 recall@20: 0.1367 ] [ndcg@5: 0.0544 ndcg@10: 0.0658 ndcg@20: 0.0816 ] 
2025-10-02 14:19:19,469 - Epoch  96 Validation set [recall@5: 0.0547 recall@10: 0.0892 recall@20: 0.1369 ] [ndcg@5: 0.0543 ndcg@10: 0.0663 ndcg@20: 0.0819 ] 
2025-10-02 14:19:26,922 - Epoch  99 Validation set [recall@5: 0.0557 recall@10: 0.0898 recall@20: 0.1386 ] [ndcg@5: 0.0553 ndcg@10: 0.0671 ndcg@20: 0.0832 ] 
2025-10-02 14:19:33,896 - Epoch 102 Validation set [recall@5: 0.0560 recall@10: 0.0898 recall@20: 0.1390 ] [ndcg@5: 0.0558 ndcg@10: 0.0674 ndcg@20: 0.0835 ] 
2025-10-02 14:19:40,567 - Epoch 105 Validation set [recall@5: 0.0559 recall@10: 0.0906 recall@20: 0.1398 ] [ndcg@5: 0.0557 ndcg@10: 0.0677 ndcg@20: 0.0838 ] 
2025-10-02 14:19:47,477 - Epoch 108 Validation set [recall@5: 0.0562 recall@10: 0.0915 recall@20: 0.1397 ] [ndcg@5: 0.0560 ndcg@10: 0.0684 ndcg@20: 0.0841 ] 
2025-10-02 14:19:53,711 - Epoch 111 Validation set [recall@5: 0.0572 recall@10: 0.0920 recall@20: 0.1413 ] [ndcg@5: 0.0566 ndcg@10: 0.0688 ndcg@20: 0.0848 ] 
2025-10-02 14:20:00,384 - Epoch 114 Validation set [recall@5: 0.0584 recall@10: 0.0930 recall@20: 0.1420 ] [ndcg@5: 0.0576 ndcg@10: 0.0695 ndcg@20: 0.0855 ] 
2025-10-02 14:20:07,573 - Epoch 117 Validation set [recall@5: 0.0584 recall@10: 0.0937 recall@20: 0.1439 ] [ndcg@5: 0.0576 ndcg@10: 0.0700 ndcg@20: 0.0863 ] 
2025-10-02 14:20:14,434 - Epoch 120 Validation set [recall@5: 0.0595 recall@10: 0.0938 recall@20: 0.1447 ] [ndcg@5: 0.0585 ndcg@10: 0.0703 ndcg@20: 0.0869 ] 
2025-10-02 14:20:20,938 - Epoch 123 Validation set [recall@5: 0.0596 recall@10: 0.0943 recall@20: 0.1439 ] [ndcg@5: 0.0586 ndcg@10: 0.0705 ndcg@20: 0.0868 ] 
2025-10-02 14:20:27,427 - Epoch 126 Validation set [recall@5: 0.0590 recall@10: 0.0942 recall@20: 0.1448 ] [ndcg@5: 0.0587 ndcg@10: 0.0708 ndcg@20: 0.0873 ] 
2025-10-02 14:20:33,933 - Epoch 129 Validation set [recall@5: 0.0596 recall@10: 0.0957 recall@20: 0.1452 ] [ndcg@5: 0.0590 ndcg@10: 0.0716 ndcg@20: 0.0877 ] 
2025-10-02 14:20:40,037 - Epoch 132 Validation set [recall@5: 0.0584 recall@10: 0.0959 recall@20: 0.1455 ] [ndcg@5: 0.0587 ndcg@10: 0.0716 ndcg@20: 0.0879 ] 
2025-10-02 14:20:45,971 - Epoch 135 Validation set [recall@5: 0.0587 recall@10: 0.0961 recall@20: 0.1459 ] [ndcg@5: 0.0590 ndcg@10: 0.0718 ndcg@20: 0.0881 ] 
2025-10-02 14:20:51,749 - Epoch 138 Validation set [recall@5: 0.0590 recall@10: 0.0959 recall@20: 0.1466 ] [ndcg@5: 0.0591 ndcg@10: 0.0719 ndcg@20: 0.0884 ] 
2025-10-02 14:20:57,662 - Epoch 141 Validation set [recall@5: 0.0600 recall@10: 0.0965 recall@20: 0.1477 ] [ndcg@5: 0.0599 ndcg@10: 0.0725 ndcg@20: 0.0892 ] 
2025-10-02 14:21:04,124 - Epoch 144 Validation set [recall@5: 0.0590 recall@10: 0.0964 recall@20: 0.1486 ] [ndcg@5: 0.0593 ndcg@10: 0.0725 ndcg@20: 0.0895 ] 
2025-10-02 14:21:09,768 - Epoch 147 Validation set [recall@5: 0.0596 recall@10: 0.0972 recall@20: 0.1482 ] [ndcg@5: 0.0593 ndcg@10: 0.0726 ndcg@20: 0.0892 ] 
2025-10-02 14:21:16,714 - Epoch 150 Validation set [recall@5: 0.0599 recall@10: 0.0978 recall@20: 0.1484 ] [ndcg@5: 0.0597 ndcg@10: 0.0730 ndcg@20: 0.0894 ] 
2025-10-02 14:21:23,021 - Epoch 153 Validation set [recall@5: 0.0606 recall@10: 0.0980 recall@20: 0.1489 ] [ndcg@5: 0.0601 ndcg@10: 0.0731 ndcg@20: 0.0897 ] 
2025-10-02 14:21:29,634 - Epoch 156 Validation set [recall@5: 0.0608 recall@10: 0.0983 recall@20: 0.1503 ] [ndcg@5: 0.0602 ndcg@10: 0.0735 ndcg@20: 0.0903 ] 
2025-10-02 14:21:36,248 - Epoch 159 Validation set [recall@5: 0.0613 recall@10: 0.0983 recall@20: 0.1502 ] [ndcg@5: 0.0604 ndcg@10: 0.0735 ndcg@20: 0.0903 ] 
2025-10-02 14:21:42,857 - Epoch 162 Validation set [recall@5: 0.0611 recall@10: 0.0987 recall@20: 0.1512 ] [ndcg@5: 0.0604 ndcg@10: 0.0738 ndcg@20: 0.0908 ] 
2025-10-02 14:21:49,829 - Epoch 165 Validation set [recall@5: 0.0616 recall@10: 0.1003 recall@20: 0.1513 ] [ndcg@5: 0.0610 ndcg@10: 0.0748 ndcg@20: 0.0914 ] 
2025-10-02 14:21:55,761 - Epoch 168 Validation set [recall@5: 0.0622 recall@10: 0.0999 recall@20: 0.1523 ] [ndcg@5: 0.0618 ndcg@10: 0.0749 ndcg@20: 0.0919 ] 
2025-10-02 14:22:02,815 - Epoch 171 Validation set [recall@5: 0.0631 recall@10: 0.1003 recall@20: 0.1532 ] [ndcg@5: 0.0620 ndcg@10: 0.0751 ndcg@20: 0.0922 ] 
2025-10-02 14:22:09,911 - Epoch 174 Validation set [recall@5: 0.0632 recall@10: 0.1002 recall@20: 0.1533 ] [ndcg@5: 0.0622 ndcg@10: 0.0751 ndcg@20: 0.0923 ] 
2025-10-02 14:22:16,169 - Epoch 177 Validation set [recall@5: 0.0624 recall@10: 0.1003 recall@20: 0.1540 ] [ndcg@5: 0.0619 ndcg@10: 0.0751 ndcg@20: 0.0924 ] 
2025-10-02 14:22:22,205 - Epoch 180 Validation set [recall@5: 0.0630 recall@10: 0.0997 recall@20: 0.1539 ] [ndcg@5: 0.0624 ndcg@10: 0.0752 ndcg@20: 0.0927 ] 
2025-10-02 14:22:28,562 - Epoch 183 Validation set [recall@5: 0.0630 recall@10: 0.1001 recall@20: 0.1530 ] [ndcg@5: 0.0626 ndcg@10: 0.0755 ndcg@20: 0.0927 ] 
2025-10-02 14:22:35,274 - Epoch 186 Validation set [recall@5: 0.0627 recall@10: 0.1007 recall@20: 0.1532 ] [ndcg@5: 0.0621 ndcg@10: 0.0754 ndcg@20: 0.0925 ] 
2025-10-02 14:22:41,593 - Epoch 189 Validation set [recall@5: 0.0633 recall@10: 0.1011 recall@20: 0.1531 ] [ndcg@5: 0.0620 ndcg@10: 0.0754 ndcg@20: 0.0925 ] 
2025-10-02 14:22:48,802 - Epoch 192 Validation set [recall@5: 0.0635 recall@10: 0.1002 recall@20: 0.1535 ] [ndcg@5: 0.0622 ndcg@10: 0.0751 ndcg@20: 0.0924 ] 
2025-10-02 14:22:50,869 - [recall@5: 0.0624 recall@10: 0.1003 recall@20: 0.1540 ] [ndcg@5: 0.0619 ndcg@10: 0.0751 ndcg@20: 0.0924 ] 
2025-10-02 14:22:52,975 - [recall@5: 0.0628 recall@10: 0.0982 recall@20: 0.1512 ] [ndcg@5: 0.0630 ndcg@10: 0.0750 ndcg@20: 0.0921 ] 
2025-10-02 14:22:52,976 - Best Epoch 177. Final test result: {'recall': array([0.0627729 , 0.0981793 , 0.15116792]), 'ndcg': array([0.06297565, 0.0749853 , 0.09214418])}.
