2025-10-02 14:50:21,021 - {'optimizer': {'name': 'adam', 'lr': 0.001, 'weight_decay': 0}, 'train': {'epoch': 3000, 'batch_size': 4096, 'save_model': False, 'loss': 'pairwise', 'test_step': 3, 'reproducible': True, 'seed': 2023, 'patience': 5}, 'test': {'metrics': ['recall', 'ndcg'], 'k': [5, 10, 20], 'batch_size': 1024}, 'data': {'type': 'general_agcf', 'name': 'amazon', 'mat_type': 'uai', 'pre_norm': True, 'user_num': 11000, 'item_num': 9332, 'user_item_num': 20332, 'attr_num': 1978}, 'model': {'name': 'lightgcn_a', 'keep_rate': 0.8, 'embedding_size': 64, 'layer_num': 7, 'reg_weight': 1e-06, 'amazon': {'layer_num': 7, 'reg_weight': 1e-06}, 'yelp': {'layer_num': 3, 'reg_weight': 1e-06}, 'steam': {'layer_num': 2, 'reg_weight': 1e-06}, 'Office': {'layer_num': 3, 'reg_weight': 1e-06}}}
2025-10-02 14:50:26,586 - Epoch   0 Validation set [recall@5: 0.0158 recall@10: 0.0263 recall@20: 0.0435 ] [ndcg@5: 0.0161 ndcg@10: 0.0197 ndcg@20: 0.0253 ] 
2025-10-02 14:50:33,261 - Epoch   3 Validation set [recall@5: 0.0192 recall@10: 0.0313 recall@20: 0.0522 ] [ndcg@5: 0.0193 ndcg@10: 0.0234 ndcg@20: 0.0303 ] 
2025-10-02 14:50:38,950 - Epoch   6 Validation set [recall@5: 0.0238 recall@10: 0.0393 recall@20: 0.0641 ] [ndcg@5: 0.0242 ndcg@10: 0.0296 ndcg@20: 0.0374 ] 
2025-10-02 14:50:45,044 - Epoch   9 Validation set [recall@5: 0.0261 recall@10: 0.0426 recall@20: 0.0710 ] [ndcg@5: 0.0271 ndcg@10: 0.0326 ndcg@20: 0.0416 ] 
2025-10-02 14:50:51,602 - Epoch  12 Validation set [recall@5: 0.0273 recall@10: 0.0453 recall@20: 0.0738 ] [ndcg@5: 0.0283 ndcg@10: 0.0343 ndcg@20: 0.0435 ] 
2025-10-02 14:50:57,449 - Epoch  15 Validation set [recall@5: 0.0291 recall@10: 0.0489 recall@20: 0.0802 ] [ndcg@5: 0.0297 ndcg@10: 0.0364 ndcg@20: 0.0464 ] 
2025-10-02 14:51:03,358 - Epoch  18 Validation set [recall@5: 0.0312 recall@10: 0.0514 recall@20: 0.0851 ] [ndcg@5: 0.0318 ndcg@10: 0.0386 ndcg@20: 0.0495 ] 
2025-10-02 14:51:09,857 - Epoch  21 Validation set [recall@5: 0.0323 recall@10: 0.0534 recall@20: 0.0893 ] [ndcg@5: 0.0332 ndcg@10: 0.0402 ndcg@20: 0.0519 ] 
2025-10-02 14:51:15,389 - Epoch  24 Validation set [recall@5: 0.0337 recall@10: 0.0561 recall@20: 0.0913 ] [ndcg@5: 0.0346 ndcg@10: 0.0422 ndcg@20: 0.0537 ] 
2025-10-02 14:51:21,030 - Epoch  27 Validation set [recall@5: 0.0346 recall@10: 0.0580 recall@20: 0.0944 ] [ndcg@5: 0.0356 ndcg@10: 0.0436 ndcg@20: 0.0555 ] 
2025-10-02 14:51:26,701 - Epoch  30 Validation set [recall@5: 0.0356 recall@10: 0.0604 recall@20: 0.0975 ] [ndcg@5: 0.0368 ndcg@10: 0.0453 ndcg@20: 0.0575 ] 
2025-10-02 14:51:33,052 - Epoch  33 Validation set [recall@5: 0.0368 recall@10: 0.0631 recall@20: 0.1006 ] [ndcg@5: 0.0377 ndcg@10: 0.0467 ndcg@20: 0.0590 ] 
2025-10-02 14:51:39,570 - Epoch  36 Validation set [recall@5: 0.0384 recall@10: 0.0646 recall@20: 0.1024 ] [ndcg@5: 0.0390 ndcg@10: 0.0480 ndcg@20: 0.0604 ] 
2025-10-02 14:51:45,665 - Epoch  39 Validation set [recall@5: 0.0399 recall@10: 0.0665 recall@20: 0.1032 ] [ndcg@5: 0.0404 ndcg@10: 0.0495 ndcg@20: 0.0615 ] 
2025-10-02 14:51:51,591 - Epoch  42 Validation set [recall@5: 0.0409 recall@10: 0.0670 recall@20: 0.1051 ] [ndcg@5: 0.0412 ndcg@10: 0.0502 ndcg@20: 0.0626 ] 
2025-10-02 14:51:58,252 - Epoch  45 Validation set [recall@5: 0.0415 recall@10: 0.0683 recall@20: 0.1068 ] [ndcg@5: 0.0420 ndcg@10: 0.0511 ndcg@20: 0.0638 ] 
2025-10-02 14:52:03,845 - Epoch  48 Validation set [recall@5: 0.0429 recall@10: 0.0691 recall@20: 0.1083 ] [ndcg@5: 0.0429 ndcg@10: 0.0517 ndcg@20: 0.0646 ] 
2025-10-02 14:52:09,840 - Epoch  51 Validation set [recall@5: 0.0427 recall@10: 0.0696 recall@20: 0.1094 ] [ndcg@5: 0.0428 ndcg@10: 0.0521 ndcg@20: 0.0651 ] 
2025-10-02 14:52:15,977 - Epoch  54 Validation set [recall@5: 0.0431 recall@10: 0.0699 recall@20: 0.1099 ] [ndcg@5: 0.0433 ndcg@10: 0.0526 ndcg@20: 0.0657 ] 
2025-10-02 14:52:22,061 - Epoch  57 Validation set [recall@5: 0.0444 recall@10: 0.0711 recall@20: 0.1119 ] [ndcg@5: 0.0439 ndcg@10: 0.0532 ndcg@20: 0.0664 ] 
2025-10-02 14:52:28,452 - Epoch  60 Validation set [recall@5: 0.0451 recall@10: 0.0727 recall@20: 0.1128 ] [ndcg@5: 0.0446 ndcg@10: 0.0542 ndcg@20: 0.0673 ] 
2025-10-02 14:52:33,987 - Epoch  63 Validation set [recall@5: 0.0464 recall@10: 0.0739 recall@20: 0.1146 ] [ndcg@5: 0.0456 ndcg@10: 0.0551 ndcg@20: 0.0683 ] 
2025-10-02 14:52:40,397 - Epoch  66 Validation set [recall@5: 0.0471 recall@10: 0.0740 recall@20: 0.1159 ] [ndcg@5: 0.0461 ndcg@10: 0.0554 ndcg@20: 0.0691 ] 
2025-10-02 14:52:46,561 - Epoch  69 Validation set [recall@5: 0.0470 recall@10: 0.0742 recall@20: 0.1177 ] [ndcg@5: 0.0464 ndcg@10: 0.0559 ndcg@20: 0.0700 ] 
2025-10-02 14:52:52,558 - Epoch  72 Validation set [recall@5: 0.0471 recall@10: 0.0750 recall@20: 0.1184 ] [ndcg@5: 0.0465 ndcg@10: 0.0564 ndcg@20: 0.0705 ] 
2025-10-02 14:52:59,368 - Epoch  75 Validation set [recall@5: 0.0480 recall@10: 0.0761 recall@20: 0.1194 ] [ndcg@5: 0.0475 ndcg@10: 0.0572 ndcg@20: 0.0712 ] 
2025-10-02 14:53:06,011 - Epoch  78 Validation set [recall@5: 0.0477 recall@10: 0.0762 recall@20: 0.1210 ] [ndcg@5: 0.0476 ndcg@10: 0.0575 ndcg@20: 0.0720 ] 
2025-10-02 14:53:12,522 - Epoch  81 Validation set [recall@5: 0.0484 recall@10: 0.0769 recall@20: 0.1218 ] [ndcg@5: 0.0482 ndcg@10: 0.0581 ndcg@20: 0.0727 ] 
2025-10-02 14:53:18,423 - Epoch  84 Validation set [recall@5: 0.0485 recall@10: 0.0773 recall@20: 0.1231 ] [ndcg@5: 0.0485 ndcg@10: 0.0585 ndcg@20: 0.0732 ] 
2025-10-02 14:53:24,277 - Epoch  87 Validation set [recall@5: 0.0489 recall@10: 0.0775 recall@20: 0.1245 ] [ndcg@5: 0.0488 ndcg@10: 0.0588 ndcg@20: 0.0738 ] 
2025-10-02 14:53:30,536 - Epoch  90 Validation set [recall@5: 0.0490 recall@10: 0.0778 recall@20: 0.1249 ] [ndcg@5: 0.0489 ndcg@10: 0.0591 ndcg@20: 0.0742 ] 
2025-10-02 14:53:36,715 - Epoch  93 Validation set [recall@5: 0.0498 recall@10: 0.0788 recall@20: 0.1263 ] [ndcg@5: 0.0493 ndcg@10: 0.0594 ndcg@20: 0.0745 ] 
2025-10-02 14:53:43,046 - Epoch  96 Validation set [recall@5: 0.0503 recall@10: 0.0799 recall@20: 0.1269 ] [ndcg@5: 0.0496 ndcg@10: 0.0600 ndcg@20: 0.0750 ] 
2025-10-02 14:53:49,358 - Epoch  99 Validation set [recall@5: 0.0503 recall@10: 0.0811 recall@20: 0.1285 ] [ndcg@5: 0.0501 ndcg@10: 0.0608 ndcg@20: 0.0760 ] 
2025-10-02 14:53:55,410 - Epoch 102 Validation set [recall@5: 0.0511 recall@10: 0.0806 recall@20: 0.1282 ] [ndcg@5: 0.0505 ndcg@10: 0.0606 ndcg@20: 0.0760 ] 
2025-10-02 14:54:01,426 - Epoch 105 Validation set [recall@5: 0.0507 recall@10: 0.0816 recall@20: 0.1288 ] [ndcg@5: 0.0502 ndcg@10: 0.0608 ndcg@20: 0.0761 ] 
2025-10-02 14:54:07,191 - Epoch 108 Validation set [recall@5: 0.0512 recall@10: 0.0817 recall@20: 0.1281 ] [ndcg@5: 0.0504 ndcg@10: 0.0609 ndcg@20: 0.0760 ] 
2025-10-02 14:54:13,077 - Epoch 111 Validation set [recall@5: 0.0517 recall@10: 0.0829 recall@20: 0.1285 ] [ndcg@5: 0.0511 ndcg@10: 0.0618 ndcg@20: 0.0766 ] 
2025-10-02 14:54:19,106 - Epoch 114 Validation set [recall@5: 0.0531 recall@10: 0.0837 recall@20: 0.1312 ] [ndcg@5: 0.0522 ndcg@10: 0.0627 ndcg@20: 0.0780 ] 
2025-10-02 14:54:24,626 - Epoch 117 Validation set [recall@5: 0.0527 recall@10: 0.0840 recall@20: 0.1309 ] [ndcg@5: 0.0523 ndcg@10: 0.0630 ndcg@20: 0.0782 ] 
2025-10-02 14:54:30,964 - Epoch 120 Validation set [recall@5: 0.0530 recall@10: 0.0847 recall@20: 0.1318 ] [ndcg@5: 0.0526 ndcg@10: 0.0635 ndcg@20: 0.0788 ] 
2025-10-02 14:54:36,869 - Epoch 123 Validation set [recall@5: 0.0533 recall@10: 0.0856 recall@20: 0.1315 ] [ndcg@5: 0.0528 ndcg@10: 0.0639 ndcg@20: 0.0789 ] 
2025-10-02 14:54:43,172 - Epoch 126 Validation set [recall@5: 0.0528 recall@10: 0.0851 recall@20: 0.1324 ] [ndcg@5: 0.0522 ndcg@10: 0.0633 ndcg@20: 0.0788 ] 
2025-10-02 14:54:48,913 - Epoch 129 Validation set [recall@5: 0.0527 recall@10: 0.0862 recall@20: 0.1338 ] [ndcg@5: 0.0523 ndcg@10: 0.0639 ndcg@20: 0.0795 ] 
2025-10-02 14:54:55,607 - Epoch 132 Validation set [recall@5: 0.0528 recall@10: 0.0870 recall@20: 0.1322 ] [ndcg@5: 0.0525 ndcg@10: 0.0642 ndcg@20: 0.0791 ] 
2025-10-02 14:55:02,537 - Epoch 135 Validation set [recall@5: 0.0535 recall@10: 0.0861 recall@20: 0.1328 ] [ndcg@5: 0.0530 ndcg@10: 0.0643 ndcg@20: 0.0795 ] 
2025-10-02 14:55:09,363 - Epoch 138 Validation set [recall@5: 0.0534 recall@10: 0.0865 recall@20: 0.1339 ] [ndcg@5: 0.0530 ndcg@10: 0.0645 ndcg@20: 0.0800 ] 
2025-10-02 14:55:15,945 - Epoch 141 Validation set [recall@5: 0.0534 recall@10: 0.0872 recall@20: 0.1349 ] [ndcg@5: 0.0533 ndcg@10: 0.0651 ndcg@20: 0.0807 ] 
2025-10-02 14:55:21,733 - Epoch 144 Validation set [recall@5: 0.0546 recall@10: 0.0875 recall@20: 0.1368 ] [ndcg@5: 0.0541 ndcg@10: 0.0654 ndcg@20: 0.0815 ] 
2025-10-02 14:55:28,241 - Epoch 147 Validation set [recall@5: 0.0545 recall@10: 0.0880 recall@20: 0.1362 ] [ndcg@5: 0.0541 ndcg@10: 0.0657 ndcg@20: 0.0814 ] 
2025-10-02 14:55:34,910 - Epoch 150 Validation set [recall@5: 0.0551 recall@10: 0.0888 recall@20: 0.1362 ] [ndcg@5: 0.0542 ndcg@10: 0.0659 ndcg@20: 0.0814 ] 
2025-10-02 14:55:41,222 - Epoch 153 Validation set [recall@5: 0.0551 recall@10: 0.0886 recall@20: 0.1365 ] [ndcg@5: 0.0547 ndcg@10: 0.0661 ndcg@20: 0.0820 ] 
2025-10-02 14:55:47,663 - Epoch 156 Validation set [recall@5: 0.0547 recall@10: 0.0899 recall@20: 0.1383 ] [ndcg@5: 0.0544 ndcg@10: 0.0666 ndcg@20: 0.0825 ] 
2025-10-02 14:55:54,406 - Epoch 159 Validation set [recall@5: 0.0546 recall@10: 0.0900 recall@20: 0.1381 ] [ndcg@5: 0.0541 ndcg@10: 0.0665 ndcg@20: 0.0823 ] 
2025-10-02 14:56:01,033 - Epoch 162 Validation set [recall@5: 0.0557 recall@10: 0.0904 recall@20: 0.1396 ] [ndcg@5: 0.0545 ndcg@10: 0.0666 ndcg@20: 0.0827 ] 
2025-10-02 14:56:06,851 - Epoch 165 Validation set [recall@5: 0.0562 recall@10: 0.0908 recall@20: 0.1393 ] [ndcg@5: 0.0551 ndcg@10: 0.0671 ndcg@20: 0.0831 ] 
2025-10-02 14:56:12,878 - Epoch 168 Validation set [recall@5: 0.0565 recall@10: 0.0909 recall@20: 0.1397 ] [ndcg@5: 0.0552 ndcg@10: 0.0673 ndcg@20: 0.0833 ] 
2025-10-02 14:56:18,786 - Epoch 171 Validation set [recall@5: 0.0562 recall@10: 0.0906 recall@20: 0.1412 ] [ndcg@5: 0.0552 ndcg@10: 0.0673 ndcg@20: 0.0838 ] 
2025-10-02 14:56:24,631 - Epoch 174 Validation set [recall@5: 0.0567 recall@10: 0.0915 recall@20: 0.1407 ] [ndcg@5: 0.0556 ndcg@10: 0.0679 ndcg@20: 0.0839 ] 
2025-10-02 14:56:30,366 - Epoch 177 Validation set [recall@5: 0.0565 recall@10: 0.0928 recall@20: 0.1415 ] [ndcg@5: 0.0560 ndcg@10: 0.0688 ndcg@20: 0.0846 ] 
2025-10-02 14:56:36,427 - Epoch 180 Validation set [recall@5: 0.0570 recall@10: 0.0927 recall@20: 0.1413 ] [ndcg@5: 0.0564 ndcg@10: 0.0688 ndcg@20: 0.0846 ] 
2025-10-02 14:56:42,123 - Epoch 183 Validation set [recall@5: 0.0571 recall@10: 0.0915 recall@20: 0.1415 ] [ndcg@5: 0.0563 ndcg@10: 0.0684 ndcg@20: 0.0846 ] 
2025-10-02 14:56:48,576 - Epoch 186 Validation set [recall@5: 0.0572 recall@10: 0.0913 recall@20: 0.1416 ] [ndcg@5: 0.0561 ndcg@10: 0.0680 ndcg@20: 0.0845 ] 
2025-10-02 14:56:55,564 - Epoch 189 Validation set [recall@5: 0.0574 recall@10: 0.0926 recall@20: 0.1418 ] [ndcg@5: 0.0564 ndcg@10: 0.0687 ndcg@20: 0.0848 ] 
2025-10-02 14:57:01,893 - Epoch 192 Validation set [recall@5: 0.0576 recall@10: 0.0921 recall@20: 0.1422 ] [ndcg@5: 0.0564 ndcg@10: 0.0685 ndcg@20: 0.0849 ] 
2025-10-02 14:57:08,144 - Epoch 195 Validation set [recall@5: 0.0572 recall@10: 0.0928 recall@20: 0.1420 ] [ndcg@5: 0.0564 ndcg@10: 0.0689 ndcg@20: 0.0850 ] 
2025-10-02 14:57:14,808 - Epoch 198 Validation set [recall@5: 0.0572 recall@10: 0.0931 recall@20: 0.1420 ] [ndcg@5: 0.0563 ndcg@10: 0.0690 ndcg@20: 0.0849 ] 
2025-10-02 14:57:20,671 - Epoch 201 Validation set [recall@5: 0.0577 recall@10: 0.0941 recall@20: 0.1431 ] [ndcg@5: 0.0566 ndcg@10: 0.0693 ndcg@20: 0.0852 ] 
2025-10-02 14:57:26,176 - Epoch 204 Validation set [recall@5: 0.0581 recall@10: 0.0941 recall@20: 0.1424 ] [ndcg@5: 0.0568 ndcg@10: 0.0696 ndcg@20: 0.0854 ] 
2025-10-02 14:57:32,142 - Epoch 207 Validation set [recall@5: 0.0579 recall@10: 0.0948 recall@20: 0.1433 ] [ndcg@5: 0.0568 ndcg@10: 0.0699 ndcg@20: 0.0857 ] 
2025-10-02 14:57:38,454 - Epoch 210 Validation set [recall@5: 0.0575 recall@10: 0.0941 recall@20: 0.1438 ] [ndcg@5: 0.0565 ndcg@10: 0.0695 ndcg@20: 0.0857 ] 
2025-10-02 14:57:44,388 - Epoch 213 Validation set [recall@5: 0.0577 recall@10: 0.0942 recall@20: 0.1441 ] [ndcg@5: 0.0566 ndcg@10: 0.0695 ndcg@20: 0.0858 ] 
2025-10-02 14:57:50,848 - Epoch 216 Validation set [recall@5: 0.0578 recall@10: 0.0947 recall@20: 0.1442 ] [ndcg@5: 0.0563 ndcg@10: 0.0696 ndcg@20: 0.0857 ] 
2025-10-02 14:57:57,017 - Epoch 219 Validation set [recall@5: 0.0586 recall@10: 0.0951 recall@20: 0.1449 ] [ndcg@5: 0.0568 ndcg@10: 0.0698 ndcg@20: 0.0861 ] 
2025-10-02 14:58:02,707 - Epoch 222 Validation set [recall@5: 0.0586 recall@10: 0.0952 recall@20: 0.1449 ] [ndcg@5: 0.0572 ndcg@10: 0.0702 ndcg@20: 0.0865 ] 
2025-10-02 14:58:08,569 - Epoch 225 Validation set [recall@5: 0.0586 recall@10: 0.0945 recall@20: 0.1438 ] [ndcg@5: 0.0575 ndcg@10: 0.0701 ndcg@20: 0.0862 ] 
2025-10-02 14:58:14,434 - Epoch 228 Validation set [recall@5: 0.0585 recall@10: 0.0954 recall@20: 0.1445 ] [ndcg@5: 0.0575 ndcg@10: 0.0706 ndcg@20: 0.0866 ] 
2025-10-02 14:58:20,188 - Epoch 231 Validation set [recall@5: 0.0587 recall@10: 0.0940 recall@20: 0.1453 ] [ndcg@5: 0.0575 ndcg@10: 0.0699 ndcg@20: 0.0866 ] 
2025-10-02 14:58:26,196 - Epoch 234 Validation set [recall@5: 0.0586 recall@10: 0.0945 recall@20: 0.1446 ] [ndcg@5: 0.0577 ndcg@10: 0.0703 ndcg@20: 0.0866 ] 
2025-10-02 14:58:32,537 - Epoch 237 Validation set [recall@5: 0.0583 recall@10: 0.0947 recall@20: 0.1461 ] [ndcg@5: 0.0575 ndcg@10: 0.0703 ndcg@20: 0.0870 ] 
2025-10-02 14:58:38,394 - Epoch 240 Validation set [recall@5: 0.0590 recall@10: 0.0955 recall@20: 0.1473 ] [ndcg@5: 0.0584 ndcg@10: 0.0711 ndcg@20: 0.0879 ] 
2025-10-02 14:58:43,926 - Epoch 243 Validation set [recall@5: 0.0581 recall@10: 0.0955 recall@20: 0.1473 ] [ndcg@5: 0.0577 ndcg@10: 0.0710 ndcg@20: 0.0877 ] 
2025-10-02 14:58:49,767 - Epoch 246 Validation set [recall@5: 0.0583 recall@10: 0.0964 recall@20: 0.1476 ] [ndcg@5: 0.0577 ndcg@10: 0.0712 ndcg@20: 0.0878 ] 
2025-10-02 14:58:56,076 - Epoch 249 Validation set [recall@5: 0.0584 recall@10: 0.0954 recall@20: 0.1474 ] [ndcg@5: 0.0575 ndcg@10: 0.0705 ndcg@20: 0.0874 ] 
2025-10-02 14:59:01,885 - Epoch 252 Validation set [recall@5: 0.0598 recall@10: 0.0960 recall@20: 0.1461 ] [ndcg@5: 0.0582 ndcg@10: 0.0710 ndcg@20: 0.0874 ] 
2025-10-02 14:59:08,518 - Epoch 255 Validation set [recall@5: 0.0586 recall@10: 0.0960 recall@20: 0.1471 ] [ndcg@5: 0.0577 ndcg@10: 0.0708 ndcg@20: 0.0876 ] 
2025-10-02 14:59:14,439 - Epoch 258 Validation set [recall@5: 0.0587 recall@10: 0.0967 recall@20: 0.1471 ] [ndcg@5: 0.0579 ndcg@10: 0.0714 ndcg@20: 0.0880 ] 
2025-10-02 14:59:20,180 - Epoch 261 Validation set [recall@5: 0.0597 recall@10: 0.0966 recall@20: 0.1482 ] [ndcg@5: 0.0585 ndcg@10: 0.0714 ndcg@20: 0.0883 ] 
2025-10-02 14:59:26,488 - Epoch 264 Validation set [recall@5: 0.0596 recall@10: 0.0964 recall@20: 0.1460 ] [ndcg@5: 0.0585 ndcg@10: 0.0715 ndcg@20: 0.0878 ] 
2025-10-02 14:59:32,921 - Epoch 267 Validation set [recall@5: 0.0596 recall@10: 0.0974 recall@20: 0.1470 ] [ndcg@5: 0.0584 ndcg@10: 0.0719 ndcg@20: 0.0883 ] 
2025-10-02 14:59:39,223 - Epoch 270 Validation set [recall@5: 0.0603 recall@10: 0.0976 recall@20: 0.1475 ] [ndcg@5: 0.0590 ndcg@10: 0.0723 ndcg@20: 0.0887 ] 
2025-10-02 14:59:45,594 - Epoch 273 Validation set [recall@5: 0.0597 recall@10: 0.0982 recall@20: 0.1470 ] [ndcg@5: 0.0588 ndcg@10: 0.0725 ndcg@20: 0.0886 ] 
2025-10-02 14:59:51,940 - Epoch 276 Validation set [recall@5: 0.0594 recall@10: 0.0989 recall@20: 0.1481 ] [ndcg@5: 0.0590 ndcg@10: 0.0731 ndcg@20: 0.0892 ] 
2025-10-02 14:59:53,665 - [recall@5: 0.0597 recall@10: 0.0966 recall@20: 0.1482 ] [ndcg@5: 0.0585 ndcg@10: 0.0714 ndcg@20: 0.0883 ] 
2025-10-02 14:59:55,306 - [recall@5: 0.0603 recall@10: 0.0950 recall@20: 0.1440 ] [ndcg@5: 0.0598 ndcg@10: 0.0717 ndcg@20: 0.0878 ] 
2025-10-02 14:59:55,306 - Best Epoch 261. Final test result: {'recall': array([0.06031889, 0.09495949, 0.14404823]), 'ndcg': array([0.05975737, 0.07171448, 0.08780834])}.
