2025-10-02 15:14:24,762 - {'optimizer': {'name': 'adam', 'lr': 0.001, 'weight_decay': 0}, 'train': {'epoch': 3000, 'batch_size': 4096, 'save_model': False, 'loss': 'pairwise', 'test_step': 3, 'reproducible': True, 'seed': 2023, 'patience': 5}, 'test': {'metrics': ['recall', 'ndcg'], 'k': [5, 10, 20], 'batch_size': 1024}, 'data': {'type': 'general_agcf', 'name': 'amazon', 'mat_type': 'uai', 'pre_norm': True, 'user_num': 11000, 'item_num': 9332, 'user_item_num': 20332, 'attr_num': 1978}, 'model': {'name': 'lightgcn_a', 'keep_rate': 0.8, 'embedding_size': 64, 'layer_num': 10, 'reg_weight': 1e-06, 'amazon': {'layer_num': 10, 'reg_weight': 1e-06}, 'yelp': {'layer_num': 3, 'reg_weight': 1e-06}, 'steam': {'layer_num': 2, 'reg_weight': 1e-06}, 'Office': {'layer_num': 3, 'reg_weight': 1e-06}}}
2025-10-02 15:14:30,172 - Epoch   0 Validation set [recall@5: 0.0153 recall@10: 0.0253 recall@20: 0.0414 ] [ndcg@5: 0.0155 ndcg@10: 0.0190 ndcg@20: 0.0241 ] 
2025-10-02 15:14:37,008 - Epoch   3 Validation set [recall@5: 0.0180 recall@10: 0.0301 recall@20: 0.0488 ] [ndcg@5: 0.0190 ndcg@10: 0.0230 ndcg@20: 0.0290 ] 
2025-10-02 15:14:43,215 - Epoch   6 Validation set [recall@5: 0.0219 recall@10: 0.0372 recall@20: 0.0595 ] [ndcg@5: 0.0227 ndcg@10: 0.0279 ndcg@20: 0.0350 ] 
2025-10-02 15:14:49,394 - Epoch   9 Validation set [recall@5: 0.0248 recall@10: 0.0408 recall@20: 0.0660 ] [ndcg@5: 0.0256 ndcg@10: 0.0309 ndcg@20: 0.0389 ] 
2025-10-02 15:14:55,555 - Epoch  12 Validation set [recall@5: 0.0260 recall@10: 0.0426 recall@20: 0.0703 ] [ndcg@5: 0.0268 ndcg@10: 0.0323 ndcg@20: 0.0411 ] 
2025-10-02 15:15:02,220 - Epoch  15 Validation set [recall@5: 0.0270 recall@10: 0.0454 recall@20: 0.0742 ] [ndcg@5: 0.0277 ndcg@10: 0.0338 ndcg@20: 0.0431 ] 
2025-10-02 15:15:08,840 - Epoch  18 Validation set [recall@5: 0.0289 recall@10: 0.0475 recall@20: 0.0798 ] [ndcg@5: 0.0294 ndcg@10: 0.0356 ndcg@20: 0.0459 ] 
2025-10-02 15:15:14,850 - Epoch  21 Validation set [recall@5: 0.0297 recall@10: 0.0498 recall@20: 0.0831 ] [ndcg@5: 0.0307 ndcg@10: 0.0374 ndcg@20: 0.0481 ] 
2025-10-02 15:15:21,033 - Epoch  24 Validation set [recall@5: 0.0307 recall@10: 0.0524 recall@20: 0.0847 ] [ndcg@5: 0.0320 ndcg@10: 0.0392 ndcg@20: 0.0498 ] 
2025-10-02 15:15:27,114 - Epoch  27 Validation set [recall@5: 0.0319 recall@10: 0.0546 recall@20: 0.0880 ] [ndcg@5: 0.0330 ndcg@10: 0.0406 ndcg@20: 0.0515 ] 
2025-10-02 15:15:33,325 - Epoch  30 Validation set [recall@5: 0.0335 recall@10: 0.0548 recall@20: 0.0916 ] [ndcg@5: 0.0344 ndcg@10: 0.0416 ndcg@20: 0.0535 ] 
2025-10-02 15:15:39,966 - Epoch  33 Validation set [recall@5: 0.0342 recall@10: 0.0574 recall@20: 0.0929 ] [ndcg@5: 0.0350 ndcg@10: 0.0428 ndcg@20: 0.0545 ] 
2025-10-02 15:15:46,877 - Epoch  36 Validation set [recall@5: 0.0348 recall@10: 0.0588 recall@20: 0.0954 ] [ndcg@5: 0.0356 ndcg@10: 0.0438 ndcg@20: 0.0558 ] 
2025-10-02 15:15:54,045 - Epoch  39 Validation set [recall@5: 0.0361 recall@10: 0.0608 recall@20: 0.0971 ] [ndcg@5: 0.0369 ndcg@10: 0.0454 ndcg@20: 0.0573 ] 
2025-10-02 15:16:00,869 - Epoch  42 Validation set [recall@5: 0.0374 recall@10: 0.0617 recall@20: 0.0995 ] [ndcg@5: 0.0377 ndcg@10: 0.0460 ndcg@20: 0.0584 ] 
2025-10-02 15:16:06,803 - Epoch  45 Validation set [recall@5: 0.0378 recall@10: 0.0630 recall@20: 0.1014 ] [ndcg@5: 0.0385 ndcg@10: 0.0470 ndcg@20: 0.0597 ] 
2025-10-02 15:16:13,425 - Epoch  48 Validation set [recall@5: 0.0384 recall@10: 0.0637 recall@20: 0.1017 ] [ndcg@5: 0.0391 ndcg@10: 0.0477 ndcg@20: 0.0602 ] 
2025-10-02 15:16:19,575 - Epoch  51 Validation set [recall@5: 0.0388 recall@10: 0.0644 recall@20: 0.1032 ] [ndcg@5: 0.0394 ndcg@10: 0.0482 ndcg@20: 0.0609 ] 
2025-10-02 15:16:25,754 - Epoch  54 Validation set [recall@5: 0.0393 recall@10: 0.0652 recall@20: 0.1040 ] [ndcg@5: 0.0402 ndcg@10: 0.0490 ndcg@20: 0.0618 ] 
2025-10-02 15:16:32,569 - Epoch  57 Validation set [recall@5: 0.0410 recall@10: 0.0653 recall@20: 0.1063 ] [ndcg@5: 0.0409 ndcg@10: 0.0492 ndcg@20: 0.0625 ] 
2025-10-02 15:16:39,916 - Epoch  60 Validation set [recall@5: 0.0418 recall@10: 0.0669 recall@20: 0.1074 ] [ndcg@5: 0.0418 ndcg@10: 0.0504 ndcg@20: 0.0636 ] 
2025-10-02 15:16:46,382 - Epoch  63 Validation set [recall@5: 0.0421 recall@10: 0.0682 recall@20: 0.1082 ] [ndcg@5: 0.0422 ndcg@10: 0.0512 ndcg@20: 0.0642 ] 
2025-10-02 15:16:52,967 - Epoch  66 Validation set [recall@5: 0.0425 recall@10: 0.0690 recall@20: 0.1093 ] [ndcg@5: 0.0426 ndcg@10: 0.0517 ndcg@20: 0.0649 ] 
2025-10-02 15:16:59,247 - Epoch  69 Validation set [recall@5: 0.0429 recall@10: 0.0690 recall@20: 0.1098 ] [ndcg@5: 0.0431 ndcg@10: 0.0521 ndcg@20: 0.0655 ] 
2025-10-02 15:17:05,416 - Epoch  72 Validation set [recall@5: 0.0435 recall@10: 0.0706 recall@20: 0.1109 ] [ndcg@5: 0.0436 ndcg@10: 0.0529 ndcg@20: 0.0661 ] 
2025-10-02 15:17:11,850 - Epoch  75 Validation set [recall@5: 0.0444 recall@10: 0.0706 recall@20: 0.1121 ] [ndcg@5: 0.0445 ndcg@10: 0.0536 ndcg@20: 0.0671 ] 
2025-10-02 15:17:18,097 - Epoch  78 Validation set [recall@5: 0.0442 recall@10: 0.0716 recall@20: 0.1133 ] [ndcg@5: 0.0445 ndcg@10: 0.0538 ndcg@20: 0.0675 ] 
2025-10-02 15:17:24,161 - Epoch  81 Validation set [recall@5: 0.0450 recall@10: 0.0714 recall@20: 0.1144 ] [ndcg@5: 0.0452 ndcg@10: 0.0542 ndcg@20: 0.0682 ] 
2025-10-02 15:17:30,216 - Epoch  84 Validation set [recall@5: 0.0450 recall@10: 0.0727 recall@20: 0.1148 ] [ndcg@5: 0.0453 ndcg@10: 0.0550 ndcg@20: 0.0686 ] 
2025-10-02 15:17:36,567 - Epoch  87 Validation set [recall@5: 0.0454 recall@10: 0.0732 recall@20: 0.1160 ] [ndcg@5: 0.0460 ndcg@10: 0.0556 ndcg@20: 0.0694 ] 
2025-10-02 15:17:42,734 - Epoch  90 Validation set [recall@5: 0.0455 recall@10: 0.0731 recall@20: 0.1172 ] [ndcg@5: 0.0460 ndcg@10: 0.0556 ndcg@20: 0.0697 ] 
2025-10-02 15:17:48,968 - Epoch  93 Validation set [recall@5: 0.0460 recall@10: 0.0745 recall@20: 0.1175 ] [ndcg@5: 0.0465 ndcg@10: 0.0563 ndcg@20: 0.0701 ] 
2025-10-02 15:17:55,797 - Epoch  96 Validation set [recall@5: 0.0465 recall@10: 0.0746 recall@20: 0.1180 ] [ndcg@5: 0.0467 ndcg@10: 0.0564 ndcg@20: 0.0704 ] 
2025-10-02 15:18:02,659 - Epoch  99 Validation set [recall@5: 0.0474 recall@10: 0.0753 recall@20: 0.1208 ] [ndcg@5: 0.0474 ndcg@10: 0.0570 ndcg@20: 0.0717 ] 
2025-10-02 15:18:08,965 - Epoch 102 Validation set [recall@5: 0.0476 recall@10: 0.0759 recall@20: 0.1210 ] [ndcg@5: 0.0475 ndcg@10: 0.0574 ndcg@20: 0.0720 ] 
2025-10-02 15:18:15,131 - Epoch 105 Validation set [recall@5: 0.0480 recall@10: 0.0764 recall@20: 0.1214 ] [ndcg@5: 0.0474 ndcg@10: 0.0572 ndcg@20: 0.0718 ] 
2025-10-02 15:18:21,481 - Epoch 108 Validation set [recall@5: 0.0475 recall@10: 0.0768 recall@20: 0.1216 ] [ndcg@5: 0.0476 ndcg@10: 0.0577 ndcg@20: 0.0721 ] 
2025-10-02 15:18:28,052 - Epoch 111 Validation set [recall@5: 0.0480 recall@10: 0.0773 recall@20: 0.1229 ] [ndcg@5: 0.0479 ndcg@10: 0.0580 ndcg@20: 0.0727 ] 
2025-10-02 15:18:35,270 - Epoch 114 Validation set [recall@5: 0.0492 recall@10: 0.0783 recall@20: 0.1241 ] [ndcg@5: 0.0492 ndcg@10: 0.0591 ndcg@20: 0.0738 ] 
2025-10-02 15:18:41,822 - Epoch 117 Validation set [recall@5: 0.0489 recall@10: 0.0785 recall@20: 0.1253 ] [ndcg@5: 0.0490 ndcg@10: 0.0592 ndcg@20: 0.0742 ] 
2025-10-02 15:18:48,238 - Epoch 120 Validation set [recall@5: 0.0494 recall@10: 0.0784 recall@20: 0.1256 ] [ndcg@5: 0.0493 ndcg@10: 0.0593 ndcg@20: 0.0745 ] 
2025-10-02 15:18:54,410 - Epoch 123 Validation set [recall@5: 0.0498 recall@10: 0.0789 recall@20: 0.1258 ] [ndcg@5: 0.0497 ndcg@10: 0.0596 ndcg@20: 0.0748 ] 
2025-10-02 15:19:00,771 - Epoch 126 Validation set [recall@5: 0.0489 recall@10: 0.0784 recall@20: 0.1261 ] [ndcg@5: 0.0491 ndcg@10: 0.0593 ndcg@20: 0.0747 ] 
2025-10-02 15:19:07,551 - Epoch 129 Validation set [recall@5: 0.0503 recall@10: 0.0800 recall@20: 0.1267 ] [ndcg@5: 0.0496 ndcg@10: 0.0599 ndcg@20: 0.0750 ] 
2025-10-02 15:19:13,996 - Epoch 132 Validation set [recall@5: 0.0494 recall@10: 0.0792 recall@20: 0.1260 ] [ndcg@5: 0.0492 ndcg@10: 0.0595 ndcg@20: 0.0747 ] 
2025-10-02 15:19:21,083 - Epoch 135 Validation set [recall@5: 0.0507 recall@10: 0.0793 recall@20: 0.1267 ] [ndcg@5: 0.0498 ndcg@10: 0.0596 ndcg@20: 0.0750 ] 
2025-10-02 15:19:27,325 - Epoch 138 Validation set [recall@5: 0.0506 recall@10: 0.0808 recall@20: 0.1278 ] [ndcg@5: 0.0498 ndcg@10: 0.0602 ndcg@20: 0.0754 ] 
2025-10-02 15:19:33,566 - Epoch 141 Validation set [recall@5: 0.0507 recall@10: 0.0810 recall@20: 0.1273 ] [ndcg@5: 0.0503 ndcg@10: 0.0606 ndcg@20: 0.0757 ] 
2025-10-02 15:19:40,616 - Epoch 144 Validation set [recall@5: 0.0500 recall@10: 0.0815 recall@20: 0.1278 ] [ndcg@5: 0.0499 ndcg@10: 0.0608 ndcg@20: 0.0759 ] 
2025-10-02 15:19:46,911 - Epoch 147 Validation set [recall@5: 0.0508 recall@10: 0.0824 recall@20: 0.1287 ] [ndcg@5: 0.0504 ndcg@10: 0.0612 ndcg@20: 0.0764 ] 
2025-10-02 15:19:54,198 - Epoch 150 Validation set [recall@5: 0.0516 recall@10: 0.0825 recall@20: 0.1292 ] [ndcg@5: 0.0510 ndcg@10: 0.0616 ndcg@20: 0.0767 ] 
2025-10-02 15:20:00,410 - Epoch 153 Validation set [recall@5: 0.0521 recall@10: 0.0827 recall@20: 0.1297 ] [ndcg@5: 0.0513 ndcg@10: 0.0618 ndcg@20: 0.0772 ] 
2025-10-02 15:20:07,550 - Epoch 156 Validation set [recall@5: 0.0513 recall@10: 0.0840 recall@20: 0.1302 ] [ndcg@5: 0.0509 ndcg@10: 0.0622 ndcg@20: 0.0774 ] 
2025-10-02 15:20:14,475 - Epoch 159 Validation set [recall@5: 0.0511 recall@10: 0.0837 recall@20: 0.1304 ] [ndcg@5: 0.0507 ndcg@10: 0.0622 ndcg@20: 0.0774 ] 
2025-10-02 15:20:21,013 - Epoch 162 Validation set [recall@5: 0.0512 recall@10: 0.0842 recall@20: 0.1319 ] [ndcg@5: 0.0505 ndcg@10: 0.0622 ndcg@20: 0.0777 ] 
2025-10-02 15:20:27,251 - Epoch 165 Validation set [recall@5: 0.0521 recall@10: 0.0842 recall@20: 0.1321 ] [ndcg@5: 0.0514 ndcg@10: 0.0626 ndcg@20: 0.0782 ] 
2025-10-02 15:20:33,902 - Epoch 168 Validation set [recall@5: 0.0522 recall@10: 0.0837 recall@20: 0.1332 ] [ndcg@5: 0.0514 ndcg@10: 0.0625 ndcg@20: 0.0786 ] 
2025-10-02 15:20:40,503 - Epoch 171 Validation set [recall@5: 0.0523 recall@10: 0.0837 recall@20: 0.1328 ] [ndcg@5: 0.0517 ndcg@10: 0.0627 ndcg@20: 0.0787 ] 
2025-10-02 15:20:46,751 - Epoch 174 Validation set [recall@5: 0.0523 recall@10: 0.0849 recall@20: 0.1331 ] [ndcg@5: 0.0519 ndcg@10: 0.0633 ndcg@20: 0.0790 ] 
2025-10-02 15:20:52,706 - Epoch 177 Validation set [recall@5: 0.0524 recall@10: 0.0854 recall@20: 0.1341 ] [ndcg@5: 0.0523 ndcg@10: 0.0638 ndcg@20: 0.0797 ] 
2025-10-02 15:20:58,889 - Epoch 180 Validation set [recall@5: 0.0523 recall@10: 0.0857 recall@20: 0.1345 ] [ndcg@5: 0.0522 ndcg@10: 0.0638 ndcg@20: 0.0797 ] 
2025-10-02 15:21:05,924 - Epoch 183 Validation set [recall@5: 0.0528 recall@10: 0.0853 recall@20: 0.1350 ] [ndcg@5: 0.0525 ndcg@10: 0.0638 ndcg@20: 0.0799 ] 
2025-10-02 15:21:13,003 - Epoch 186 Validation set [recall@5: 0.0526 recall@10: 0.0846 recall@20: 0.1355 ] [ndcg@5: 0.0522 ndcg@10: 0.0634 ndcg@20: 0.0800 ] 
2025-10-02 15:21:19,737 - Epoch 189 Validation set [recall@5: 0.0533 recall@10: 0.0856 recall@20: 0.1361 ] [ndcg@5: 0.0526 ndcg@10: 0.0639 ndcg@20: 0.0804 ] 
2025-10-02 15:21:25,913 - Epoch 192 Validation set [recall@5: 0.0540 recall@10: 0.0855 recall@20: 0.1362 ] [ndcg@5: 0.0531 ndcg@10: 0.0639 ndcg@20: 0.0804 ] 
2025-10-02 15:21:32,498 - Epoch 195 Validation set [recall@5: 0.0537 recall@10: 0.0860 recall@20: 0.1357 ] [ndcg@5: 0.0529 ndcg@10: 0.0641 ndcg@20: 0.0803 ] 
2025-10-02 15:21:38,987 - Epoch 198 Validation set [recall@5: 0.0533 recall@10: 0.0858 recall@20: 0.1346 ] [ndcg@5: 0.0529 ndcg@10: 0.0642 ndcg@20: 0.0802 ] 
2025-10-02 15:21:45,366 - Epoch 201 Validation set [recall@5: 0.0535 recall@10: 0.0869 recall@20: 0.1352 ] [ndcg@5: 0.0530 ndcg@10: 0.0647 ndcg@20: 0.0805 ] 
2025-10-02 15:21:51,634 - Epoch 204 Validation set [recall@5: 0.0540 recall@10: 0.0867 recall@20: 0.1362 ] [ndcg@5: 0.0529 ndcg@10: 0.0642 ndcg@20: 0.0804 ] 
2025-10-02 15:21:57,952 - Epoch 207 Validation set [recall@5: 0.0540 recall@10: 0.0874 recall@20: 0.1369 ] [ndcg@5: 0.0532 ndcg@10: 0.0649 ndcg@20: 0.0811 ] 
2025-10-02 15:22:03,965 - Epoch 210 Validation set [recall@5: 0.0531 recall@10: 0.0874 recall@20: 0.1383 ] [ndcg@5: 0.0526 ndcg@10: 0.0648 ndcg@20: 0.0813 ] 
2025-10-02 15:22:10,157 - Epoch 213 Validation set [recall@5: 0.0543 recall@10: 0.0871 recall@20: 0.1374 ] [ndcg@5: 0.0530 ndcg@10: 0.0645 ndcg@20: 0.0810 ] 
2025-10-02 15:22:16,358 - Epoch 216 Validation set [recall@5: 0.0539 recall@10: 0.0870 recall@20: 0.1371 ] [ndcg@5: 0.0530 ndcg@10: 0.0646 ndcg@20: 0.0810 ] 
2025-10-02 15:22:22,462 - Epoch 219 Validation set [recall@5: 0.0548 recall@10: 0.0871 recall@20: 0.1371 ] [ndcg@5: 0.0533 ndcg@10: 0.0646 ndcg@20: 0.0810 ] 
2025-10-02 15:22:28,732 - Epoch 222 Validation set [recall@5: 0.0551 recall@10: 0.0889 recall@20: 0.1378 ] [ndcg@5: 0.0541 ndcg@10: 0.0659 ndcg@20: 0.0820 ] 
2025-10-02 15:22:34,964 - Epoch 225 Validation set [recall@5: 0.0542 recall@10: 0.0886 recall@20: 0.1379 ] [ndcg@5: 0.0539 ndcg@10: 0.0660 ndcg@20: 0.0821 ] 
2025-10-02 15:22:36,605 - [recall@5: 0.0531 recall@10: 0.0874 recall@20: 0.1383 ] [ndcg@5: 0.0526 ndcg@10: 0.0648 ndcg@20: 0.0813 ] 
2025-10-02 15:22:38,299 - [recall@5: 0.0540 recall@10: 0.0871 recall@20: 0.1340 ] [ndcg@5: 0.0547 ndcg@10: 0.0661 ndcg@20: 0.0812 ] 
2025-10-02 15:22:38,299 - Best Epoch 210. Final test result: {'recall': array([0.05397291, 0.08711424, 0.1339979 ]), 'ndcg': array([0.05465271, 0.06608993, 0.08119559])}.
