2025-10-02 13:39:02,093 - {'optimizer': {'name': 'adam', 'lr': 0.001, 'weight_decay': 0}, 'train': {'epoch': 3000, 'batch_size': 4096, 'save_model': False, 'loss': 'pairwise', 'test_step': 3, 'reproducible': True, 'seed': 2023, 'patience': 5}, 'test': {'metrics': ['recall', 'ndcg'], 'k': [5, 10, 20], 'batch_size': 1024}, 'data': {'type': 'general_agcf', 'name': 'Office', 'mat_type': 'uai', 'pre_norm': True, 'user_num': 6338, 'item_num': 4461, 'user_item_num': 10799, 'attr_num': 4065}, 'model': {'name': 'lightgcn_a', 'keep_rate': 0.8, 'embedding_size': 64, 'layer_num': 9, 'reg_weight': 1e-06, 'amazon': {'layer_num': 3, 'reg_weight': 1e-06}, 'yelp': {'layer_num': 3, 'reg_weight': 1e-06}, 'steam': {'layer_num': 2, 'reg_weight': 1e-06}, 'Office': {'layer_num': 9, 'reg_weight': 1e-06}}}
2025-10-02 13:39:05,609 - Epoch   0 Validation set [recall@5: 0.0191 recall@10: 0.0321 recall@20: 0.0507 ] [ndcg@5: 0.0151 ndcg@10: 0.0205 ndcg@20: 0.0265 ] 
2025-10-02 13:39:08,694 - Epoch   3 Validation set [recall@5: 0.0193 recall@10: 0.0317 recall@20: 0.0492 ] [ndcg@5: 0.0153 ndcg@10: 0.0204 ndcg@20: 0.0261 ] 
2025-10-02 13:39:12,021 - Epoch   6 Validation set [recall@5: 0.0195 recall@10: 0.0310 recall@20: 0.0507 ] [ndcg@5: 0.0154 ndcg@10: 0.0201 ndcg@20: 0.0265 ] 
2025-10-02 13:39:15,527 - Epoch   9 Validation set [recall@5: 0.0198 recall@10: 0.0332 recall@20: 0.0515 ] [ndcg@5: 0.0157 ndcg@10: 0.0212 ndcg@20: 0.0271 ] 
2025-10-02 13:39:18,692 - Epoch  12 Validation set [recall@5: 0.0220 recall@10: 0.0356 recall@20: 0.0567 ] [ndcg@5: 0.0175 ndcg@10: 0.0232 ndcg@20: 0.0300 ] 
2025-10-02 13:39:22,370 - Epoch  15 Validation set [recall@5: 0.0237 recall@10: 0.0374 recall@20: 0.0609 ] [ndcg@5: 0.0191 ndcg@10: 0.0247 ndcg@20: 0.0323 ] 
2025-10-02 13:39:25,372 - Epoch  18 Validation set [recall@5: 0.0241 recall@10: 0.0393 recall@20: 0.0647 ] [ndcg@5: 0.0198 ndcg@10: 0.0259 ndcg@20: 0.0343 ] 
2025-10-02 13:39:28,537 - Epoch  21 Validation set [recall@5: 0.0253 recall@10: 0.0408 recall@20: 0.0664 ] [ndcg@5: 0.0207 ndcg@10: 0.0269 ndcg@20: 0.0354 ] 
2025-10-02 13:39:31,937 - Epoch  24 Validation set [recall@5: 0.0254 recall@10: 0.0422 recall@20: 0.0670 ] [ndcg@5: 0.0211 ndcg@10: 0.0279 ndcg@20: 0.0361 ] 
2025-10-02 13:39:35,042 - Epoch  27 Validation set [recall@5: 0.0259 recall@10: 0.0440 recall@20: 0.0692 ] [ndcg@5: 0.0214 ndcg@10: 0.0286 ndcg@20: 0.0369 ] 
2025-10-02 13:39:38,770 - Epoch  30 Validation set [recall@5: 0.0264 recall@10: 0.0443 recall@20: 0.0700 ] [ndcg@5: 0.0218 ndcg@10: 0.0291 ndcg@20: 0.0376 ] 
2025-10-02 13:39:41,382 - Epoch  33 Validation set [recall@5: 0.0262 recall@10: 0.0448 recall@20: 0.0711 ] [ndcg@5: 0.0219 ndcg@10: 0.0295 ndcg@20: 0.0381 ] 
2025-10-02 13:39:44,846 - Epoch  36 Validation set [recall@5: 0.0267 recall@10: 0.0463 recall@20: 0.0722 ] [ndcg@5: 0.0222 ndcg@10: 0.0301 ndcg@20: 0.0387 ] 
2025-10-02 13:39:48,240 - Epoch  39 Validation set [recall@5: 0.0274 recall@10: 0.0461 recall@20: 0.0741 ] [ndcg@5: 0.0227 ndcg@10: 0.0303 ndcg@20: 0.0396 ] 
2025-10-02 13:39:51,133 - Epoch  42 Validation set [recall@5: 0.0277 recall@10: 0.0472 recall@20: 0.0750 ] [ndcg@5: 0.0233 ndcg@10: 0.0312 ndcg@20: 0.0403 ] 
2025-10-02 13:39:54,989 - Epoch  45 Validation set [recall@5: 0.0275 recall@10: 0.0480 recall@20: 0.0766 ] [ndcg@5: 0.0232 ndcg@10: 0.0316 ndcg@20: 0.0410 ] 
2025-10-02 13:39:58,125 - Epoch  48 Validation set [recall@5: 0.0284 recall@10: 0.0489 recall@20: 0.0771 ] [ndcg@5: 0.0237 ndcg@10: 0.0320 ndcg@20: 0.0413 ] 
2025-10-02 13:40:01,805 - Epoch  51 Validation set [recall@5: 0.0283 recall@10: 0.0491 recall@20: 0.0783 ] [ndcg@5: 0.0235 ndcg@10: 0.0320 ndcg@20: 0.0416 ] 
2025-10-02 13:40:05,639 - Epoch  54 Validation set [recall@5: 0.0283 recall@10: 0.0499 recall@20: 0.0791 ] [ndcg@5: 0.0237 ndcg@10: 0.0323 ndcg@20: 0.0420 ] 
2025-10-02 13:40:09,238 - Epoch  57 Validation set [recall@5: 0.0286 recall@10: 0.0499 recall@20: 0.0793 ] [ndcg@5: 0.0240 ndcg@10: 0.0326 ndcg@20: 0.0423 ] 
2025-10-02 13:40:12,865 - Epoch  60 Validation set [recall@5: 0.0290 recall@10: 0.0510 recall@20: 0.0800 ] [ndcg@5: 0.0244 ndcg@10: 0.0333 ndcg@20: 0.0429 ] 
2025-10-02 13:40:16,191 - Epoch  63 Validation set [recall@5: 0.0295 recall@10: 0.0516 recall@20: 0.0809 ] [ndcg@5: 0.0246 ndcg@10: 0.0336 ndcg@20: 0.0432 ] 
2025-10-02 13:40:19,888 - Epoch  66 Validation set [recall@5: 0.0294 recall@10: 0.0516 recall@20: 0.0816 ] [ndcg@5: 0.0248 ndcg@10: 0.0338 ndcg@20: 0.0436 ] 
2025-10-02 13:40:23,816 - Epoch  69 Validation set [recall@5: 0.0300 recall@10: 0.0525 recall@20: 0.0826 ] [ndcg@5: 0.0254 ndcg@10: 0.0345 ndcg@20: 0.0443 ] 
2025-10-02 13:40:27,631 - Epoch  72 Validation set [recall@5: 0.0303 recall@10: 0.0518 recall@20: 0.0840 ] [ndcg@5: 0.0257 ndcg@10: 0.0343 ndcg@20: 0.0449 ] 
2025-10-02 13:40:31,290 - Epoch  75 Validation set [recall@5: 0.0308 recall@10: 0.0520 recall@20: 0.0854 ] [ndcg@5: 0.0257 ndcg@10: 0.0342 ndcg@20: 0.0451 ] 
2025-10-02 13:40:34,403 - Epoch  78 Validation set [recall@5: 0.0311 recall@10: 0.0522 recall@20: 0.0851 ] [ndcg@5: 0.0258 ndcg@10: 0.0342 ndcg@20: 0.0450 ] 
2025-10-02 13:40:37,743 - Epoch  81 Validation set [recall@5: 0.0311 recall@10: 0.0536 recall@20: 0.0856 ] [ndcg@5: 0.0262 ndcg@10: 0.0351 ndcg@20: 0.0456 ] 
2025-10-02 13:40:41,620 - Epoch  84 Validation set [recall@5: 0.0305 recall@10: 0.0536 recall@20: 0.0866 ] [ndcg@5: 0.0259 ndcg@10: 0.0351 ndcg@20: 0.0460 ] 
2025-10-02 13:40:44,932 - Epoch  87 Validation set [recall@5: 0.0304 recall@10: 0.0542 recall@20: 0.0870 ] [ndcg@5: 0.0258 ndcg@10: 0.0354 ndcg@20: 0.0461 ] 
2025-10-02 13:40:48,605 - Epoch  90 Validation set [recall@5: 0.0306 recall@10: 0.0548 recall@20: 0.0874 ] [ndcg@5: 0.0261 ndcg@10: 0.0358 ndcg@20: 0.0465 ] 
2025-10-02 13:40:51,882 - Epoch  93 Validation set [recall@5: 0.0307 recall@10: 0.0545 recall@20: 0.0877 ] [ndcg@5: 0.0264 ndcg@10: 0.0360 ndcg@20: 0.0469 ] 
2025-10-02 13:40:55,556 - Epoch  96 Validation set [recall@5: 0.0309 recall@10: 0.0542 recall@20: 0.0879 ] [ndcg@5: 0.0263 ndcg@10: 0.0357 ndcg@20: 0.0468 ] 
2025-10-02 13:40:58,839 - Epoch  99 Validation set [recall@5: 0.0313 recall@10: 0.0552 recall@20: 0.0880 ] [ndcg@5: 0.0268 ndcg@10: 0.0365 ndcg@20: 0.0473 ] 
2025-10-02 13:41:02,161 - Epoch 102 Validation set [recall@5: 0.0315 recall@10: 0.0546 recall@20: 0.0889 ] [ndcg@5: 0.0270 ndcg@10: 0.0364 ndcg@20: 0.0477 ] 
2025-10-02 13:41:05,724 - Epoch 105 Validation set [recall@5: 0.0319 recall@10: 0.0549 recall@20: 0.0890 ] [ndcg@5: 0.0273 ndcg@10: 0.0366 ndcg@20: 0.0478 ] 
2025-10-02 13:41:09,035 - Epoch 108 Validation set [recall@5: 0.0319 recall@10: 0.0554 recall@20: 0.0889 ] [ndcg@5: 0.0273 ndcg@10: 0.0369 ndcg@20: 0.0479 ] 
2025-10-02 13:41:12,254 - Epoch 111 Validation set [recall@5: 0.0325 recall@10: 0.0551 recall@20: 0.0894 ] [ndcg@5: 0.0277 ndcg@10: 0.0369 ndcg@20: 0.0482 ] 
2025-10-02 13:41:15,764 - Epoch 114 Validation set [recall@5: 0.0326 recall@10: 0.0556 recall@20: 0.0897 ] [ndcg@5: 0.0280 ndcg@10: 0.0373 ndcg@20: 0.0486 ] 
2025-10-02 13:41:18,968 - Epoch 117 Validation set [recall@5: 0.0330 recall@10: 0.0558 recall@20: 0.0902 ] [ndcg@5: 0.0283 ndcg@10: 0.0375 ndcg@20: 0.0489 ] 
2025-10-02 13:41:22,445 - Epoch 120 Validation set [recall@5: 0.0336 recall@10: 0.0563 recall@20: 0.0909 ] [ndcg@5: 0.0286 ndcg@10: 0.0377 ndcg@20: 0.0491 ] 
2025-10-02 13:41:26,025 - Epoch 123 Validation set [recall@5: 0.0337 recall@10: 0.0562 recall@20: 0.0908 ] [ndcg@5: 0.0286 ndcg@10: 0.0377 ndcg@20: 0.0491 ] 
2025-10-02 13:41:29,785 - Epoch 126 Validation set [recall@5: 0.0331 recall@10: 0.0554 recall@20: 0.0901 ] [ndcg@5: 0.0284 ndcg@10: 0.0375 ndcg@20: 0.0490 ] 
2025-10-02 13:41:33,436 - Epoch 129 Validation set [recall@5: 0.0331 recall@10: 0.0561 recall@20: 0.0903 ] [ndcg@5: 0.0283 ndcg@10: 0.0377 ndcg@20: 0.0490 ] 
2025-10-02 13:41:36,624 - Epoch 132 Validation set [recall@5: 0.0337 recall@10: 0.0565 recall@20: 0.0906 ] [ndcg@5: 0.0288 ndcg@10: 0.0380 ndcg@20: 0.0493 ] 
2025-10-02 13:41:40,154 - Epoch 135 Validation set [recall@5: 0.0339 recall@10: 0.0568 recall@20: 0.0912 ] [ndcg@5: 0.0290 ndcg@10: 0.0383 ndcg@20: 0.0496 ] 
2025-10-02 13:41:43,428 - Epoch 138 Validation set [recall@5: 0.0345 recall@10: 0.0569 recall@20: 0.0918 ] [ndcg@5: 0.0292 ndcg@10: 0.0383 ndcg@20: 0.0497 ] 
2025-10-02 13:41:46,545 - Epoch 141 Validation set [recall@5: 0.0344 recall@10: 0.0571 recall@20: 0.0914 ] [ndcg@5: 0.0290 ndcg@10: 0.0383 ndcg@20: 0.0496 ] 
2025-10-02 13:41:49,947 - Epoch 144 Validation set [recall@5: 0.0351 recall@10: 0.0577 recall@20: 0.0914 ] [ndcg@5: 0.0294 ndcg@10: 0.0385 ndcg@20: 0.0495 ] 
2025-10-02 13:41:53,136 - Epoch 147 Validation set [recall@5: 0.0352 recall@10: 0.0570 recall@20: 0.0920 ] [ndcg@5: 0.0296 ndcg@10: 0.0384 ndcg@20: 0.0499 ] 
2025-10-02 13:41:56,440 - Epoch 150 Validation set [recall@5: 0.0354 recall@10: 0.0569 recall@20: 0.0924 ] [ndcg@5: 0.0298 ndcg@10: 0.0385 ndcg@20: 0.0502 ] 
2025-10-02 13:42:00,422 - Epoch 153 Validation set [recall@5: 0.0358 recall@10: 0.0562 recall@20: 0.0924 ] [ndcg@5: 0.0303 ndcg@10: 0.0387 ndcg@20: 0.0506 ] 
2025-10-02 13:42:03,510 - Epoch 156 Validation set [recall@5: 0.0358 recall@10: 0.0566 recall@20: 0.0926 ] [ndcg@5: 0.0302 ndcg@10: 0.0386 ndcg@20: 0.0505 ] 
2025-10-02 13:42:07,167 - Epoch 159 Validation set [recall@5: 0.0362 recall@10: 0.0572 recall@20: 0.0932 ] [ndcg@5: 0.0305 ndcg@10: 0.0390 ndcg@20: 0.0508 ] 
2025-10-02 13:42:10,455 - Epoch 162 Validation set [recall@5: 0.0361 recall@10: 0.0576 recall@20: 0.0932 ] [ndcg@5: 0.0304 ndcg@10: 0.0390 ndcg@20: 0.0507 ] 
2025-10-02 13:42:14,276 - Epoch 165 Validation set [recall@5: 0.0364 recall@10: 0.0572 recall@20: 0.0942 ] [ndcg@5: 0.0304 ndcg@10: 0.0389 ndcg@20: 0.0510 ] 
2025-10-02 13:42:18,029 - Epoch 168 Validation set [recall@5: 0.0364 recall@10: 0.0575 recall@20: 0.0942 ] [ndcg@5: 0.0305 ndcg@10: 0.0391 ndcg@20: 0.0511 ] 
2025-10-02 13:42:21,004 - Epoch 171 Validation set [recall@5: 0.0365 recall@10: 0.0572 recall@20: 0.0938 ] [ndcg@5: 0.0307 ndcg@10: 0.0391 ndcg@20: 0.0512 ] 
2025-10-02 13:42:24,536 - Epoch 174 Validation set [recall@5: 0.0366 recall@10: 0.0577 recall@20: 0.0943 ] [ndcg@5: 0.0311 ndcg@10: 0.0397 ndcg@20: 0.0517 ] 
2025-10-02 13:42:28,111 - Epoch 177 Validation set [recall@5: 0.0363 recall@10: 0.0575 recall@20: 0.0945 ] [ndcg@5: 0.0307 ndcg@10: 0.0393 ndcg@20: 0.0515 ] 
2025-10-02 13:42:31,084 - Epoch 180 Validation set [recall@5: 0.0364 recall@10: 0.0581 recall@20: 0.0944 ] [ndcg@5: 0.0309 ndcg@10: 0.0396 ndcg@20: 0.0516 ] 
2025-10-02 13:42:34,612 - Epoch 183 Validation set [recall@5: 0.0362 recall@10: 0.0581 recall@20: 0.0943 ] [ndcg@5: 0.0305 ndcg@10: 0.0393 ndcg@20: 0.0512 ] 
2025-10-02 13:42:37,671 - Epoch 186 Validation set [recall@5: 0.0368 recall@10: 0.0579 recall@20: 0.0944 ] [ndcg@5: 0.0308 ndcg@10: 0.0393 ndcg@20: 0.0513 ] 
2025-10-02 13:42:40,776 - Epoch 189 Validation set [recall@5: 0.0365 recall@10: 0.0589 recall@20: 0.0953 ] [ndcg@5: 0.0307 ndcg@10: 0.0397 ndcg@20: 0.0517 ] 
2025-10-02 13:42:44,372 - Epoch 192 Validation set [recall@5: 0.0364 recall@10: 0.0583 recall@20: 0.0954 ] [ndcg@5: 0.0307 ndcg@10: 0.0395 ndcg@20: 0.0517 ] 
2025-10-02 13:42:47,229 - Epoch 195 Validation set [recall@5: 0.0368 recall@10: 0.0586 recall@20: 0.0951 ] [ndcg@5: 0.0312 ndcg@10: 0.0399 ndcg@20: 0.0519 ] 
2025-10-02 13:42:50,495 - Epoch 198 Validation set [recall@5: 0.0365 recall@10: 0.0584 recall@20: 0.0954 ] [ndcg@5: 0.0310 ndcg@10: 0.0397 ndcg@20: 0.0519 ] 
2025-10-02 13:42:53,999 - Epoch 201 Validation set [recall@5: 0.0367 recall@10: 0.0586 recall@20: 0.0946 ] [ndcg@5: 0.0311 ndcg@10: 0.0398 ndcg@20: 0.0517 ] 
2025-10-02 13:42:57,610 - Epoch 204 Validation set [recall@5: 0.0365 recall@10: 0.0583 recall@20: 0.0945 ] [ndcg@5: 0.0310 ndcg@10: 0.0397 ndcg@20: 0.0517 ] 
2025-10-02 13:43:01,052 - Epoch 207 Validation set [recall@5: 0.0364 recall@10: 0.0578 recall@20: 0.0941 ] [ndcg@5: 0.0310 ndcg@10: 0.0396 ndcg@20: 0.0516 ] 
2025-10-02 13:43:04,403 - Epoch 210 Validation set [recall@5: 0.0369 recall@10: 0.0582 recall@20: 0.0948 ] [ndcg@5: 0.0313 ndcg@10: 0.0398 ndcg@20: 0.0519 ] 
2025-10-02 13:43:07,854 - Epoch 213 Validation set [recall@5: 0.0366 recall@10: 0.0591 recall@20: 0.0947 ] [ndcg@5: 0.0312 ndcg@10: 0.0402 ndcg@20: 0.0520 ] 
2025-10-02 13:43:08,964 - [recall@5: 0.0365 recall@10: 0.0584 recall@20: 0.0954 ] [ndcg@5: 0.0310 ndcg@10: 0.0397 ndcg@20: 0.0519 ] 
2025-10-02 13:43:10,040 - [recall@5: 0.0314 recall@10: 0.0537 recall@20: 0.0905 ] [ndcg@5: 0.0300 ndcg@10: 0.0397 ndcg@20: 0.0532 ] 
2025-10-02 13:43:10,041 - Best Epoch 198. Final test result: {'recall': array([0.03142899, 0.0536838 , 0.09053858]), 'ndcg': array([0.03001019, 0.03966413, 0.05320926])}.
