2025-10-02 13:23:40,957 - {'optimizer': {'name': 'adam', 'lr': 0.001, 'weight_decay': 0}, 'train': {'epoch': 3000, 'batch_size': 4096, 'save_model': False, 'loss': 'pairwise', 'test_step': 3, 'reproducible': True, 'seed': 2023, 'patience': 5}, 'test': {'metrics': ['recall', 'ndcg'], 'k': [5, 10, 20], 'batch_size': 1024}, 'data': {'type': 'general_agcf', 'name': 'Office', 'mat_type': 'uai', 'pre_norm': True, 'user_num': 6338, 'item_num': 4461, 'user_item_num': 10799, 'attr_num': 4065}, 'model': {'name': 'lightgcn_a', 'keep_rate': 0.8, 'embedding_size': 64, 'layer_num': 4, 'reg_weight': 1e-06, 'amazon': {'layer_num': 3, 'reg_weight': 1e-06}, 'yelp': {'layer_num': 3, 'reg_weight': 1e-06}, 'steam': {'layer_num': 2, 'reg_weight': 1e-06}, 'Office': {'layer_num': 4, 'reg_weight': 1e-06}}}
2025-10-02 13:23:44,918 - Epoch   0 Validation set [recall@5: 0.0136 recall@10: 0.0215 recall@20: 0.0348 ] [ndcg@5: 0.0115 ndcg@10: 0.0147 ndcg@20: 0.0190 ] 
2025-10-02 13:23:48,244 - Epoch   3 Validation set [recall@5: 0.0199 recall@10: 0.0330 recall@20: 0.0520 ] [ndcg@5: 0.0157 ndcg@10: 0.0211 ndcg@20: 0.0273 ] 
2025-10-02 13:23:51,492 - Epoch   6 Validation set [recall@5: 0.0211 recall@10: 0.0337 recall@20: 0.0528 ] [ndcg@5: 0.0167 ndcg@10: 0.0219 ndcg@20: 0.0282 ] 
2025-10-02 13:23:54,592 - Epoch   9 Validation set [recall@5: 0.0239 recall@10: 0.0375 recall@20: 0.0610 ] [ndcg@5: 0.0190 ndcg@10: 0.0246 ndcg@20: 0.0323 ] 
2025-10-02 13:23:57,891 - Epoch  12 Validation set [recall@5: 0.0266 recall@10: 0.0414 recall@20: 0.0666 ] [ndcg@5: 0.0213 ndcg@10: 0.0274 ndcg@20: 0.0358 ] 
2025-10-02 13:24:01,500 - Epoch  15 Validation set [recall@5: 0.0271 recall@10: 0.0443 recall@20: 0.0699 ] [ndcg@5: 0.0226 ndcg@10: 0.0295 ndcg@20: 0.0381 ] 
2025-10-02 13:24:04,919 - Epoch  18 Validation set [recall@5: 0.0273 recall@10: 0.0462 recall@20: 0.0728 ] [ndcg@5: 0.0231 ndcg@10: 0.0308 ndcg@20: 0.0396 ] 
2025-10-02 13:24:08,540 - Epoch  21 Validation set [recall@5: 0.0282 recall@10: 0.0471 recall@20: 0.0740 ] [ndcg@5: 0.0241 ndcg@10: 0.0318 ndcg@20: 0.0408 ] 
2025-10-02 13:24:11,718 - Epoch  24 Validation set [recall@5: 0.0289 recall@10: 0.0479 recall@20: 0.0752 ] [ndcg@5: 0.0243 ndcg@10: 0.0320 ndcg@20: 0.0411 ] 
2025-10-02 13:24:15,403 - Epoch  27 Validation set [recall@5: 0.0299 recall@10: 0.0492 recall@20: 0.0769 ] [ndcg@5: 0.0251 ndcg@10: 0.0328 ndcg@20: 0.0421 ] 
2025-10-02 13:24:18,725 - Epoch  30 Validation set [recall@5: 0.0308 recall@10: 0.0499 recall@20: 0.0794 ] [ndcg@5: 0.0254 ndcg@10: 0.0331 ndcg@20: 0.0429 ] 
2025-10-02 13:24:21,947 - Epoch  33 Validation set [recall@5: 0.0312 recall@10: 0.0500 recall@20: 0.0816 ] [ndcg@5: 0.0260 ndcg@10: 0.0335 ndcg@20: 0.0440 ] 
2025-10-02 13:24:24,948 - Epoch  36 Validation set [recall@5: 0.0313 recall@10: 0.0519 recall@20: 0.0828 ] [ndcg@5: 0.0263 ndcg@10: 0.0346 ndcg@20: 0.0448 ] 
2025-10-02 13:24:28,224 - Epoch  39 Validation set [recall@5: 0.0323 recall@10: 0.0534 recall@20: 0.0834 ] [ndcg@5: 0.0272 ndcg@10: 0.0357 ndcg@20: 0.0456 ] 
2025-10-02 13:24:31,208 - Epoch  42 Validation set [recall@5: 0.0322 recall@10: 0.0545 recall@20: 0.0855 ] [ndcg@5: 0.0274 ndcg@10: 0.0364 ndcg@20: 0.0466 ] 
2025-10-02 13:24:34,353 - Epoch  45 Validation set [recall@5: 0.0325 recall@10: 0.0544 recall@20: 0.0859 ] [ndcg@5: 0.0277 ndcg@10: 0.0365 ndcg@20: 0.0469 ] 
2025-10-02 13:24:37,409 - Epoch  48 Validation set [recall@5: 0.0323 recall@10: 0.0554 recall@20: 0.0869 ] [ndcg@5: 0.0279 ndcg@10: 0.0372 ndcg@20: 0.0476 ] 
2025-10-02 13:24:40,827 - Epoch  51 Validation set [recall@5: 0.0321 recall@10: 0.0554 recall@20: 0.0879 ] [ndcg@5: 0.0280 ndcg@10: 0.0374 ndcg@20: 0.0482 ] 
2025-10-02 13:24:43,216 - Epoch  54 Validation set [recall@5: 0.0329 recall@10: 0.0562 recall@20: 0.0894 ] [ndcg@5: 0.0284 ndcg@10: 0.0378 ndcg@20: 0.0489 ] 
2025-10-02 13:24:46,117 - Epoch  57 Validation set [recall@5: 0.0339 recall@10: 0.0566 recall@20: 0.0890 ] [ndcg@5: 0.0292 ndcg@10: 0.0384 ndcg@20: 0.0491 ] 
2025-10-02 13:24:49,510 - Epoch  60 Validation set [recall@5: 0.0344 recall@10: 0.0573 recall@20: 0.0899 ] [ndcg@5: 0.0298 ndcg@10: 0.0390 ndcg@20: 0.0498 ] 
2025-10-02 13:24:52,483 - Epoch  63 Validation set [recall@5: 0.0348 recall@10: 0.0580 recall@20: 0.0908 ] [ndcg@5: 0.0300 ndcg@10: 0.0394 ndcg@20: 0.0502 ] 
2025-10-02 13:24:55,455 - Epoch  66 Validation set [recall@5: 0.0351 recall@10: 0.0584 recall@20: 0.0924 ] [ndcg@5: 0.0303 ndcg@10: 0.0396 ndcg@20: 0.0508 ] 
2025-10-02 13:24:58,825 - Epoch  69 Validation set [recall@5: 0.0359 recall@10: 0.0590 recall@20: 0.0925 ] [ndcg@5: 0.0307 ndcg@10: 0.0400 ndcg@20: 0.0510 ] 
2025-10-02 13:25:01,771 - Epoch  72 Validation set [recall@5: 0.0365 recall@10: 0.0591 recall@20: 0.0936 ] [ndcg@5: 0.0312 ndcg@10: 0.0403 ndcg@20: 0.0516 ] 
2025-10-02 13:25:05,173 - Epoch  75 Validation set [recall@5: 0.0359 recall@10: 0.0586 recall@20: 0.0937 ] [ndcg@5: 0.0310 ndcg@10: 0.0402 ndcg@20: 0.0518 ] 
2025-10-02 13:25:08,465 - Epoch  78 Validation set [recall@5: 0.0364 recall@10: 0.0586 recall@20: 0.0933 ] [ndcg@5: 0.0312 ndcg@10: 0.0401 ndcg@20: 0.0516 ] 
2025-10-02 13:25:12,020 - Epoch  81 Validation set [recall@5: 0.0365 recall@10: 0.0593 recall@20: 0.0942 ] [ndcg@5: 0.0315 ndcg@10: 0.0407 ndcg@20: 0.0522 ] 
2025-10-02 13:25:15,704 - Epoch  84 Validation set [recall@5: 0.0366 recall@10: 0.0596 recall@20: 0.0950 ] [ndcg@5: 0.0318 ndcg@10: 0.0411 ndcg@20: 0.0528 ] 
2025-10-02 13:25:19,215 - Epoch  87 Validation set [recall@5: 0.0369 recall@10: 0.0592 recall@20: 0.0951 ] [ndcg@5: 0.0320 ndcg@10: 0.0410 ndcg@20: 0.0528 ] 
2025-10-02 13:25:22,627 - Epoch  90 Validation set [recall@5: 0.0373 recall@10: 0.0598 recall@20: 0.0959 ] [ndcg@5: 0.0323 ndcg@10: 0.0414 ndcg@20: 0.0533 ] 
2025-10-02 13:25:25,523 - Epoch  93 Validation set [recall@5: 0.0376 recall@10: 0.0599 recall@20: 0.0956 ] [ndcg@5: 0.0325 ndcg@10: 0.0415 ndcg@20: 0.0533 ] 
2025-10-02 13:25:28,802 - Epoch  96 Validation set [recall@5: 0.0374 recall@10: 0.0602 recall@20: 0.0961 ] [ndcg@5: 0.0325 ndcg@10: 0.0417 ndcg@20: 0.0535 ] 
2025-10-02 13:25:32,351 - Epoch  99 Validation set [recall@5: 0.0373 recall@10: 0.0605 recall@20: 0.0954 ] [ndcg@5: 0.0326 ndcg@10: 0.0419 ndcg@20: 0.0534 ] 
2025-10-02 13:25:35,514 - Epoch 102 Validation set [recall@5: 0.0375 recall@10: 0.0604 recall@20: 0.0959 ] [ndcg@5: 0.0329 ndcg@10: 0.0420 ndcg@20: 0.0538 ] 
2025-10-02 13:25:38,509 - Epoch 105 Validation set [recall@5: 0.0385 recall@10: 0.0603 recall@20: 0.0950 ] [ndcg@5: 0.0334 ndcg@10: 0.0421 ndcg@20: 0.0536 ] 
2025-10-02 13:25:41,349 - Epoch 108 Validation set [recall@5: 0.0387 recall@10: 0.0608 recall@20: 0.0950 ] [ndcg@5: 0.0334 ndcg@10: 0.0422 ndcg@20: 0.0535 ] 
2025-10-02 13:25:44,473 - Epoch 111 Validation set [recall@5: 0.0386 recall@10: 0.0607 recall@20: 0.0957 ] [ndcg@5: 0.0332 ndcg@10: 0.0421 ndcg@20: 0.0536 ] 
2025-10-02 13:25:45,282 - [recall@5: 0.0374 recall@10: 0.0602 recall@20: 0.0961 ] [ndcg@5: 0.0325 ndcg@10: 0.0417 ndcg@20: 0.0535 ] 
2025-10-02 13:25:46,194 - [recall@5: 0.0333 recall@10: 0.0543 recall@20: 0.0915 ] [ndcg@5: 0.0321 ndcg@10: 0.0411 ndcg@20: 0.0547 ] 
2025-10-02 13:25:46,195 - Best Epoch 96. Final test result: {'recall': array([0.03334318, 0.05430003, 0.09148843]), 'ndcg': array([0.03207065, 0.04107197, 0.05466337])}.
