2025-10-02 13:43:13,477 - {'optimizer': {'name': 'adam', 'lr': 0.001, 'weight_decay': 0}, 'train': {'epoch': 3000, 'batch_size': 4096, 'save_model': False, 'loss': 'pairwise', 'test_step': 3, 'reproducible': True, 'seed': 2023, 'patience': 5}, 'test': {'metrics': ['recall', 'ndcg'], 'k': [5, 10, 20], 'batch_size': 1024}, 'data': {'type': 'general_agcf', 'name': 'Office', 'mat_type': 'uai', 'pre_norm': True, 'user_num': 6338, 'item_num': 4461, 'user_item_num': 10799, 'attr_num': 4065}, 'model': {'name': 'lightgcn_a', 'keep_rate': 0.8, 'embedding_size': 64, 'layer_num': 10, 'reg_weight': 1e-06, 'amazon': {'layer_num': 3, 'reg_weight': 1e-06}, 'yelp': {'layer_num': 3, 'reg_weight': 1e-06}, 'steam': {'layer_num': 2, 'reg_weight': 1e-06}, 'Office': {'layer_num': 10, 'reg_weight': 1e-06}}}
2025-10-02 13:43:17,890 - Epoch   0 Validation set [recall@5: 0.0189 recall@10: 0.0318 recall@20: 0.0496 ] [ndcg@5: 0.0151 ndcg@10: 0.0204 ndcg@20: 0.0262 ] 
2025-10-02 13:43:21,350 - Epoch   3 Validation set [recall@5: 0.0193 recall@10: 0.0311 recall@20: 0.0492 ] [ndcg@5: 0.0153 ndcg@10: 0.0202 ndcg@20: 0.0261 ] 
2025-10-02 13:43:25,500 - Epoch   6 Validation set [recall@5: 0.0195 recall@10: 0.0307 recall@20: 0.0506 ] [ndcg@5: 0.0154 ndcg@10: 0.0200 ndcg@20: 0.0265 ] 
2025-10-02 13:43:29,057 - Epoch   9 Validation set [recall@5: 0.0195 recall@10: 0.0327 recall@20: 0.0507 ] [ndcg@5: 0.0155 ndcg@10: 0.0208 ndcg@20: 0.0267 ] 
2025-10-02 13:43:32,537 - Epoch  12 Validation set [recall@5: 0.0209 recall@10: 0.0353 recall@20: 0.0555 ] [ndcg@5: 0.0167 ndcg@10: 0.0226 ndcg@20: 0.0291 ] 
2025-10-02 13:43:36,204 - Epoch  15 Validation set [recall@5: 0.0229 recall@10: 0.0360 recall@20: 0.0586 ] [ndcg@5: 0.0185 ndcg@10: 0.0239 ndcg@20: 0.0313 ] 
2025-10-02 13:43:39,774 - Epoch  18 Validation set [recall@5: 0.0241 recall@10: 0.0384 recall@20: 0.0633 ] [ndcg@5: 0.0196 ndcg@10: 0.0253 ndcg@20: 0.0335 ] 
2025-10-02 13:43:43,436 - Epoch  21 Validation set [recall@5: 0.0239 recall@10: 0.0399 recall@20: 0.0648 ] [ndcg@5: 0.0199 ndcg@10: 0.0264 ndcg@20: 0.0346 ] 
2025-10-02 13:43:47,020 - Epoch  24 Validation set [recall@5: 0.0247 recall@10: 0.0407 recall@20: 0.0662 ] [ndcg@5: 0.0204 ndcg@10: 0.0269 ndcg@20: 0.0353 ] 
2025-10-02 13:43:50,352 - Epoch  27 Validation set [recall@5: 0.0250 recall@10: 0.0418 recall@20: 0.0675 ] [ndcg@5: 0.0205 ndcg@10: 0.0273 ndcg@20: 0.0358 ] 
2025-10-02 13:43:54,491 - Epoch  30 Validation set [recall@5: 0.0257 recall@10: 0.0433 recall@20: 0.0687 ] [ndcg@5: 0.0211 ndcg@10: 0.0282 ndcg@20: 0.0366 ] 
2025-10-02 13:43:58,083 - Epoch  33 Validation set [recall@5: 0.0260 recall@10: 0.0432 recall@20: 0.0698 ] [ndcg@5: 0.0215 ndcg@10: 0.0285 ndcg@20: 0.0373 ] 
2025-10-02 13:44:01,547 - Epoch  36 Validation set [recall@5: 0.0259 recall@10: 0.0447 recall@20: 0.0709 ] [ndcg@5: 0.0217 ndcg@10: 0.0293 ndcg@20: 0.0379 ] 
2025-10-02 13:44:04,648 - Epoch  39 Validation set [recall@5: 0.0261 recall@10: 0.0453 recall@20: 0.0724 ] [ndcg@5: 0.0219 ndcg@10: 0.0297 ndcg@20: 0.0386 ] 
2025-10-02 13:44:08,193 - Epoch  42 Validation set [recall@5: 0.0269 recall@10: 0.0464 recall@20: 0.0728 ] [ndcg@5: 0.0226 ndcg@10: 0.0305 ndcg@20: 0.0391 ] 
2025-10-02 13:44:11,553 - Epoch  45 Validation set [recall@5: 0.0262 recall@10: 0.0463 recall@20: 0.0738 ] [ndcg@5: 0.0222 ndcg@10: 0.0303 ndcg@20: 0.0394 ] 
2025-10-02 13:44:15,423 - Epoch  48 Validation set [recall@5: 0.0270 recall@10: 0.0472 recall@20: 0.0750 ] [ndcg@5: 0.0226 ndcg@10: 0.0308 ndcg@20: 0.0400 ] 
2025-10-02 13:44:18,818 - Epoch  51 Validation set [recall@5: 0.0272 recall@10: 0.0473 recall@20: 0.0761 ] [ndcg@5: 0.0228 ndcg@10: 0.0310 ndcg@20: 0.0405 ] 
2025-10-02 13:44:22,156 - Epoch  54 Validation set [recall@5: 0.0271 recall@10: 0.0471 recall@20: 0.0771 ] [ndcg@5: 0.0228 ndcg@10: 0.0310 ndcg@20: 0.0409 ] 
2025-10-02 13:44:26,027 - Epoch  57 Validation set [recall@5: 0.0278 recall@10: 0.0481 recall@20: 0.0780 ] [ndcg@5: 0.0234 ndcg@10: 0.0316 ndcg@20: 0.0414 ] 
2025-10-02 13:44:29,556 - Epoch  60 Validation set [recall@5: 0.0285 recall@10: 0.0489 recall@20: 0.0779 ] [ndcg@5: 0.0238 ndcg@10: 0.0320 ndcg@20: 0.0417 ] 
2025-10-02 13:44:33,909 - Epoch  63 Validation set [recall@5: 0.0289 recall@10: 0.0495 recall@20: 0.0786 ] [ndcg@5: 0.0241 ndcg@10: 0.0324 ndcg@20: 0.0421 ] 
2025-10-02 13:44:37,408 - Epoch  66 Validation set [recall@5: 0.0290 recall@10: 0.0505 recall@20: 0.0800 ] [ndcg@5: 0.0242 ndcg@10: 0.0329 ndcg@20: 0.0426 ] 
2025-10-02 13:44:41,359 - Epoch  69 Validation set [recall@5: 0.0290 recall@10: 0.0507 recall@20: 0.0806 ] [ndcg@5: 0.0244 ndcg@10: 0.0331 ndcg@20: 0.0431 ] 
2025-10-02 13:44:44,808 - Epoch  72 Validation set [recall@5: 0.0291 recall@10: 0.0513 recall@20: 0.0818 ] [ndcg@5: 0.0246 ndcg@10: 0.0335 ndcg@20: 0.0435 ] 
2025-10-02 13:44:48,406 - Epoch  75 Validation set [recall@5: 0.0297 recall@10: 0.0508 recall@20: 0.0826 ] [ndcg@5: 0.0246 ndcg@10: 0.0331 ndcg@20: 0.0437 ] 
2025-10-02 13:44:51,560 - Epoch  78 Validation set [recall@5: 0.0295 recall@10: 0.0511 recall@20: 0.0823 ] [ndcg@5: 0.0246 ndcg@10: 0.0333 ndcg@20: 0.0436 ] 
2025-10-02 13:44:54,657 - Epoch  81 Validation set [recall@5: 0.0305 recall@10: 0.0519 recall@20: 0.0837 ] [ndcg@5: 0.0253 ndcg@10: 0.0338 ndcg@20: 0.0443 ] 
2025-10-02 13:44:58,756 - Epoch  84 Validation set [recall@5: 0.0303 recall@10: 0.0525 recall@20: 0.0837 ] [ndcg@5: 0.0253 ndcg@10: 0.0342 ndcg@20: 0.0445 ] 
2025-10-02 13:45:02,818 - Epoch  87 Validation set [recall@5: 0.0299 recall@10: 0.0519 recall@20: 0.0851 ] [ndcg@5: 0.0250 ndcg@10: 0.0339 ndcg@20: 0.0448 ] 
2025-10-02 13:45:07,315 - Epoch  90 Validation set [recall@5: 0.0298 recall@10: 0.0523 recall@20: 0.0851 ] [ndcg@5: 0.0251 ndcg@10: 0.0341 ndcg@20: 0.0449 ] 
2025-10-02 13:45:11,401 - Epoch  93 Validation set [recall@5: 0.0301 recall@10: 0.0525 recall@20: 0.0851 ] [ndcg@5: 0.0253 ndcg@10: 0.0343 ndcg@20: 0.0450 ] 
2025-10-02 13:45:15,377 - Epoch  96 Validation set [recall@5: 0.0300 recall@10: 0.0526 recall@20: 0.0854 ] [ndcg@5: 0.0254 ndcg@10: 0.0345 ndcg@20: 0.0453 ] 
2025-10-02 13:45:19,657 - Epoch  99 Validation set [recall@5: 0.0300 recall@10: 0.0522 recall@20: 0.0866 ] [ndcg@5: 0.0255 ndcg@10: 0.0344 ndcg@20: 0.0458 ] 
2025-10-02 13:45:23,538 - Epoch 102 Validation set [recall@5: 0.0298 recall@10: 0.0531 recall@20: 0.0865 ] [ndcg@5: 0.0255 ndcg@10: 0.0349 ndcg@20: 0.0459 ] 
2025-10-02 13:45:27,093 - Epoch 105 Validation set [recall@5: 0.0306 recall@10: 0.0537 recall@20: 0.0864 ] [ndcg@5: 0.0260 ndcg@10: 0.0353 ndcg@20: 0.0461 ] 
2025-10-02 13:45:30,604 - Epoch 108 Validation set [recall@5: 0.0311 recall@10: 0.0530 recall@20: 0.0862 ] [ndcg@5: 0.0263 ndcg@10: 0.0351 ndcg@20: 0.0461 ] 
2025-10-02 13:45:34,513 - Epoch 111 Validation set [recall@5: 0.0312 recall@10: 0.0528 recall@20: 0.0869 ] [ndcg@5: 0.0263 ndcg@10: 0.0351 ndcg@20: 0.0464 ] 
2025-10-02 13:45:38,061 - Epoch 114 Validation set [recall@5: 0.0314 recall@10: 0.0529 recall@20: 0.0874 ] [ndcg@5: 0.0267 ndcg@10: 0.0354 ndcg@20: 0.0468 ] 
2025-10-02 13:45:41,744 - Epoch 117 Validation set [recall@5: 0.0314 recall@10: 0.0537 recall@20: 0.0880 ] [ndcg@5: 0.0270 ndcg@10: 0.0360 ndcg@20: 0.0473 ] 
2025-10-02 13:45:46,069 - Epoch 120 Validation set [recall@5: 0.0319 recall@10: 0.0544 recall@20: 0.0879 ] [ndcg@5: 0.0272 ndcg@10: 0.0363 ndcg@20: 0.0474 ] 
2025-10-02 13:45:49,544 - Epoch 123 Validation set [recall@5: 0.0323 recall@10: 0.0541 recall@20: 0.0880 ] [ndcg@5: 0.0276 ndcg@10: 0.0364 ndcg@20: 0.0476 ] 
2025-10-02 13:45:53,318 - Epoch 126 Validation set [recall@5: 0.0320 recall@10: 0.0543 recall@20: 0.0874 ] [ndcg@5: 0.0273 ndcg@10: 0.0363 ndcg@20: 0.0474 ] 
2025-10-02 13:45:56,373 - Epoch 129 Validation set [recall@5: 0.0320 recall@10: 0.0544 recall@20: 0.0880 ] [ndcg@5: 0.0273 ndcg@10: 0.0364 ndcg@20: 0.0475 ] 
2025-10-02 13:46:00,321 - Epoch 132 Validation set [recall@5: 0.0323 recall@10: 0.0545 recall@20: 0.0883 ] [ndcg@5: 0.0275 ndcg@10: 0.0365 ndcg@20: 0.0477 ] 
2025-10-02 13:46:04,357 - Epoch 135 Validation set [recall@5: 0.0327 recall@10: 0.0552 recall@20: 0.0889 ] [ndcg@5: 0.0275 ndcg@10: 0.0367 ndcg@20: 0.0478 ] 
2025-10-02 13:46:07,975 - Epoch 138 Validation set [recall@5: 0.0330 recall@10: 0.0553 recall@20: 0.0896 ] [ndcg@5: 0.0279 ndcg@10: 0.0369 ndcg@20: 0.0482 ] 
2025-10-02 13:46:11,788 - Epoch 141 Validation set [recall@5: 0.0331 recall@10: 0.0550 recall@20: 0.0893 ] [ndcg@5: 0.0278 ndcg@10: 0.0366 ndcg@20: 0.0480 ] 
2025-10-02 13:46:15,217 - Epoch 144 Validation set [recall@5: 0.0332 recall@10: 0.0553 recall@20: 0.0894 ] [ndcg@5: 0.0279 ndcg@10: 0.0369 ndcg@20: 0.0482 ] 
2025-10-02 13:46:19,457 - Epoch 147 Validation set [recall@5: 0.0333 recall@10: 0.0557 recall@20: 0.0894 ] [ndcg@5: 0.0280 ndcg@10: 0.0371 ndcg@20: 0.0483 ] 
2025-10-02 13:46:22,557 - Epoch 150 Validation set [recall@5: 0.0334 recall@10: 0.0554 recall@20: 0.0903 ] [ndcg@5: 0.0283 ndcg@10: 0.0372 ndcg@20: 0.0488 ] 
2025-10-02 13:46:26,206 - Epoch 153 Validation set [recall@5: 0.0335 recall@10: 0.0554 recall@20: 0.0908 ] [ndcg@5: 0.0284 ndcg@10: 0.0373 ndcg@20: 0.0490 ] 
2025-10-02 13:46:29,682 - Epoch 156 Validation set [recall@5: 0.0339 recall@10: 0.0554 recall@20: 0.0901 ] [ndcg@5: 0.0285 ndcg@10: 0.0372 ndcg@20: 0.0487 ] 
2025-10-02 13:46:33,014 - Epoch 159 Validation set [recall@5: 0.0345 recall@10: 0.0560 recall@20: 0.0905 ] [ndcg@5: 0.0288 ndcg@10: 0.0376 ndcg@20: 0.0489 ] 
2025-10-02 13:46:36,622 - Epoch 162 Validation set [recall@5: 0.0347 recall@10: 0.0564 recall@20: 0.0910 ] [ndcg@5: 0.0289 ndcg@10: 0.0377 ndcg@20: 0.0491 ] 
2025-10-02 13:46:40,187 - Epoch 165 Validation set [recall@5: 0.0346 recall@10: 0.0566 recall@20: 0.0916 ] [ndcg@5: 0.0289 ndcg@10: 0.0378 ndcg@20: 0.0493 ] 
2025-10-02 13:46:43,302 - Epoch 168 Validation set [recall@5: 0.0343 recall@10: 0.0561 recall@20: 0.0913 ] [ndcg@5: 0.0288 ndcg@10: 0.0376 ndcg@20: 0.0492 ] 
2025-10-02 13:46:46,599 - Epoch 171 Validation set [recall@5: 0.0345 recall@10: 0.0562 recall@20: 0.0925 ] [ndcg@5: 0.0290 ndcg@10: 0.0379 ndcg@20: 0.0497 ] 
2025-10-02 13:46:50,702 - Epoch 174 Validation set [recall@5: 0.0347 recall@10: 0.0564 recall@20: 0.0924 ] [ndcg@5: 0.0294 ndcg@10: 0.0382 ndcg@20: 0.0500 ] 
2025-10-02 13:46:54,658 - Epoch 177 Validation set [recall@5: 0.0342 recall@10: 0.0561 recall@20: 0.0915 ] [ndcg@5: 0.0291 ndcg@10: 0.0379 ndcg@20: 0.0496 ] 
2025-10-02 13:46:58,879 - Epoch 180 Validation set [recall@5: 0.0350 recall@10: 0.0568 recall@20: 0.0922 ] [ndcg@5: 0.0294 ndcg@10: 0.0381 ndcg@20: 0.0498 ] 
2025-10-02 13:47:02,240 - Epoch 183 Validation set [recall@5: 0.0352 recall@10: 0.0572 recall@20: 0.0919 ] [ndcg@5: 0.0295 ndcg@10: 0.0383 ndcg@20: 0.0497 ] 
2025-10-02 13:47:05,707 - Epoch 186 Validation set [recall@5: 0.0352 recall@10: 0.0574 recall@20: 0.0923 ] [ndcg@5: 0.0297 ndcg@10: 0.0385 ndcg@20: 0.0500 ] 
2025-10-02 13:47:06,546 - [recall@5: 0.0345 recall@10: 0.0562 recall@20: 0.0925 ] [ndcg@5: 0.0290 ndcg@10: 0.0379 ndcg@20: 0.0497 ] 
2025-10-02 13:47:07,466 - [recall@5: 0.0305 recall@10: 0.0511 recall@20: 0.0866 ] [ndcg@5: 0.0285 ndcg@10: 0.0375 ndcg@20: 0.0504 ] 
2025-10-02 13:47:07,467 - Best Epoch 171. Final test result: {'recall': array([0.03049742, 0.05110224, 0.08662208]), 'ndcg': array([0.02852955, 0.03753122, 0.05043908])}.
