2025-10-02 12:59:55,545 - {'optimizer': {'name': 'adam', 'lr': 0.001, 'weight_decay': 0}, 'train': {'epoch': 3000, 'batch_size': 4096, 'save_model': False, 'loss': 'pairwise', 'test_step': 3, 'reproducible': True, 'seed': 2023, 'patience': 5}, 'test': {'metrics': ['recall', 'ndcg'], 'k': [5, 10, 20], 'batch_size': 1024}, 'data': {'type': 'general_agcf', 'name': 'Office', 'mat_type': 'uai', 'pre_norm': True, 'user_num': 6338, 'item_num': 4461, 'user_item_num': 10799, 'attr_num': 4065}, 'model': {'name': 'lightgcn_a', 'keep_rate': 0.8, 'embedding_size': 64, 'layer_num': 3, 'reg_weight': 1e-06, 'amazon': {'layer_num': 3, 'reg_weight': 1e-06}, 'yelp': {'layer_num': 3, 'reg_weight': 1e-06}, 'steam': {'layer_num': 2, 'reg_weight': 1e-06}, 'Office': {'layer_num': 3, 'reg_weight': 1e-06}}}
2025-10-02 12:59:58,871 - Epoch   0 Validation set [recall@5: 0.0076 recall@10: 0.0121 recall@20: 0.0198 ] [ndcg@5: 0.0061 ndcg@10: 0.0080 ndcg@20: 0.0105 ] 
2025-10-02 13:00:01,292 - Epoch   3 Validation set [recall@5: 0.0224 recall@10: 0.0349 recall@20: 0.0555 ] [ndcg@5: 0.0174 ndcg@10: 0.0225 ndcg@20: 0.0293 ] 
2025-10-02 13:00:03,730 - Epoch   6 Validation set [recall@5: 0.0230 recall@10: 0.0351 recall@20: 0.0575 ] [ndcg@5: 0.0179 ndcg@10: 0.0230 ndcg@20: 0.0304 ] 
2025-10-02 13:00:06,601 - Epoch   9 Validation set [recall@5: 0.0253 recall@10: 0.0394 recall@20: 0.0651 ] [ndcg@5: 0.0205 ndcg@10: 0.0262 ndcg@20: 0.0348 ] 
2025-10-02 13:00:09,347 - Epoch  12 Validation set [recall@5: 0.0272 recall@10: 0.0428 recall@20: 0.0696 ] [ndcg@5: 0.0225 ndcg@10: 0.0289 ndcg@20: 0.0377 ] 
2025-10-02 13:00:11,824 - Epoch  15 Validation set [recall@5: 0.0278 recall@10: 0.0456 recall@20: 0.0725 ] [ndcg@5: 0.0234 ndcg@10: 0.0306 ndcg@20: 0.0394 ] 
2025-10-02 13:00:14,189 - Epoch  18 Validation set [recall@5: 0.0286 recall@10: 0.0477 recall@20: 0.0754 ] [ndcg@5: 0.0242 ndcg@10: 0.0320 ndcg@20: 0.0412 ] 
2025-10-02 13:00:16,915 - Epoch  21 Validation set [recall@5: 0.0297 recall@10: 0.0487 recall@20: 0.0775 ] [ndcg@5: 0.0250 ndcg@10: 0.0327 ndcg@20: 0.0422 ] 
2025-10-02 13:00:19,438 - Epoch  24 Validation set [recall@5: 0.0307 recall@10: 0.0497 recall@20: 0.0791 ] [ndcg@5: 0.0257 ndcg@10: 0.0334 ndcg@20: 0.0431 ] 
2025-10-02 13:00:21,829 - Epoch  27 Validation set [recall@5: 0.0311 recall@10: 0.0502 recall@20: 0.0804 ] [ndcg@5: 0.0259 ndcg@10: 0.0336 ndcg@20: 0.0436 ] 
2025-10-02 13:00:24,448 - Epoch  30 Validation set [recall@5: 0.0320 recall@10: 0.0523 recall@20: 0.0818 ] [ndcg@5: 0.0266 ndcg@10: 0.0347 ndcg@20: 0.0445 ] 
2025-10-02 13:00:27,352 - Epoch  33 Validation set [recall@5: 0.0323 recall@10: 0.0523 recall@20: 0.0832 ] [ndcg@5: 0.0270 ndcg@10: 0.0350 ndcg@20: 0.0453 ] 
2025-10-02 13:00:29,719 - Epoch  36 Validation set [recall@5: 0.0331 recall@10: 0.0543 recall@20: 0.0841 ] [ndcg@5: 0.0279 ndcg@10: 0.0365 ndcg@20: 0.0464 ] 
2025-10-02 13:00:32,253 - Epoch  39 Validation set [recall@5: 0.0338 recall@10: 0.0547 recall@20: 0.0863 ] [ndcg@5: 0.0283 ndcg@10: 0.0368 ndcg@20: 0.0472 ] 
2025-10-02 13:00:34,584 - Epoch  42 Validation set [recall@5: 0.0335 recall@10: 0.0547 recall@20: 0.0869 ] [ndcg@5: 0.0286 ndcg@10: 0.0372 ndcg@20: 0.0478 ] 
2025-10-02 13:00:37,473 - Epoch  45 Validation set [recall@5: 0.0337 recall@10: 0.0557 recall@20: 0.0883 ] [ndcg@5: 0.0288 ndcg@10: 0.0377 ndcg@20: 0.0485 ] 
2025-10-02 13:00:40,474 - Epoch  48 Validation set [recall@5: 0.0345 recall@10: 0.0562 recall@20: 0.0883 ] [ndcg@5: 0.0295 ndcg@10: 0.0383 ndcg@20: 0.0490 ] 
2025-10-02 13:00:43,215 - Epoch  51 Validation set [recall@5: 0.0342 recall@10: 0.0565 recall@20: 0.0898 ] [ndcg@5: 0.0297 ndcg@10: 0.0388 ndcg@20: 0.0498 ] 
2025-10-02 13:00:45,653 - Epoch  54 Validation set [recall@5: 0.0348 recall@10: 0.0571 recall@20: 0.0896 ] [ndcg@5: 0.0304 ndcg@10: 0.0394 ndcg@20: 0.0502 ] 
2025-10-02 13:00:48,046 - Epoch  57 Validation set [recall@5: 0.0354 recall@10: 0.0579 recall@20: 0.0908 ] [ndcg@5: 0.0308 ndcg@10: 0.0398 ndcg@20: 0.0507 ] 
2025-10-02 13:00:50,335 - Epoch  60 Validation set [recall@5: 0.0359 recall@10: 0.0591 recall@20: 0.0918 ] [ndcg@5: 0.0308 ndcg@10: 0.0401 ndcg@20: 0.0509 ] 
2025-10-02 13:00:53,189 - Epoch  63 Validation set [recall@5: 0.0365 recall@10: 0.0598 recall@20: 0.0919 ] [ndcg@5: 0.0312 ndcg@10: 0.0406 ndcg@20: 0.0512 ] 
2025-10-02 13:00:55,631 - Epoch  66 Validation set [recall@5: 0.0368 recall@10: 0.0599 recall@20: 0.0928 ] [ndcg@5: 0.0315 ndcg@10: 0.0408 ndcg@20: 0.0517 ] 
2025-10-02 13:00:58,116 - Epoch  69 Validation set [recall@5: 0.0368 recall@10: 0.0599 recall@20: 0.0927 ] [ndcg@5: 0.0316 ndcg@10: 0.0409 ndcg@20: 0.0518 ] 
2025-10-02 13:01:00,529 - Epoch  72 Validation set [recall@5: 0.0377 recall@10: 0.0611 recall@20: 0.0943 ] [ndcg@5: 0.0322 ndcg@10: 0.0417 ndcg@20: 0.0526 ] 
2025-10-02 13:01:02,994 - Epoch  75 Validation set [recall@5: 0.0374 recall@10: 0.0601 recall@20: 0.0941 ] [ndcg@5: 0.0322 ndcg@10: 0.0414 ndcg@20: 0.0527 ] 
2025-10-02 13:01:05,465 - Epoch  78 Validation set [recall@5: 0.0381 recall@10: 0.0594 recall@20: 0.0952 ] [ndcg@5: 0.0325 ndcg@10: 0.0412 ndcg@20: 0.0531 ] 
2025-10-02 13:01:07,915 - Epoch  81 Validation set [recall@5: 0.0377 recall@10: 0.0603 recall@20: 0.0961 ] [ndcg@5: 0.0326 ndcg@10: 0.0418 ndcg@20: 0.0536 ] 
2025-10-02 13:01:10,705 - Epoch  84 Validation set [recall@5: 0.0383 recall@10: 0.0599 recall@20: 0.0955 ] [ndcg@5: 0.0331 ndcg@10: 0.0418 ndcg@20: 0.0536 ] 
2025-10-02 13:01:13,686 - Epoch  87 Validation set [recall@5: 0.0386 recall@10: 0.0607 recall@20: 0.0952 ] [ndcg@5: 0.0332 ndcg@10: 0.0421 ndcg@20: 0.0535 ] 
2025-10-02 13:01:16,304 - Epoch  90 Validation set [recall@5: 0.0388 recall@10: 0.0605 recall@20: 0.0964 ] [ndcg@5: 0.0334 ndcg@10: 0.0422 ndcg@20: 0.0540 ] 
2025-10-02 13:01:19,085 - Epoch  93 Validation set [recall@5: 0.0390 recall@10: 0.0610 recall@20: 0.0960 ] [ndcg@5: 0.0337 ndcg@10: 0.0425 ndcg@20: 0.0540 ] 
2025-10-02 13:01:21,596 - Epoch  96 Validation set [recall@5: 0.0394 recall@10: 0.0612 recall@20: 0.0961 ] [ndcg@5: 0.0340 ndcg@10: 0.0427 ndcg@20: 0.0542 ] 
2025-10-02 13:01:24,386 - Epoch  99 Validation set [recall@5: 0.0398 recall@10: 0.0613 recall@20: 0.0968 ] [ndcg@5: 0.0344 ndcg@10: 0.0429 ndcg@20: 0.0546 ] 
2025-10-02 13:01:27,085 - Epoch 102 Validation set [recall@5: 0.0399 recall@10: 0.0607 recall@20: 0.0965 ] [ndcg@5: 0.0346 ndcg@10: 0.0428 ndcg@20: 0.0546 ] 
2025-10-02 13:01:29,560 - Epoch 105 Validation set [recall@5: 0.0402 recall@10: 0.0604 recall@20: 0.0963 ] [ndcg@5: 0.0348 ndcg@10: 0.0427 ndcg@20: 0.0546 ] 
2025-10-02 13:01:31,937 - Epoch 108 Validation set [recall@5: 0.0393 recall@10: 0.0607 recall@20: 0.0959 ] [ndcg@5: 0.0342 ndcg@10: 0.0427 ndcg@20: 0.0543 ] 
2025-10-02 13:01:34,400 - Epoch 111 Validation set [recall@5: 0.0397 recall@10: 0.0610 recall@20: 0.0960 ] [ndcg@5: 0.0346 ndcg@10: 0.0430 ndcg@20: 0.0547 ] 
2025-10-02 13:01:36,906 - Epoch 114 Validation set [recall@5: 0.0392 recall@10: 0.0606 recall@20: 0.0962 ] [ndcg@5: 0.0342 ndcg@10: 0.0427 ndcg@20: 0.0545 ] 
2025-10-02 13:01:37,706 - [recall@5: 0.0398 recall@10: 0.0613 recall@20: 0.0968 ] [ndcg@5: 0.0344 ndcg@10: 0.0429 ndcg@20: 0.0546 ] 
2025-10-02 13:01:38,493 - [recall@5: 0.0338 recall@10: 0.0566 recall@20: 0.0919 ] [ndcg@5: 0.0323 ndcg@10: 0.0421 ndcg@20: 0.0550 ] 
2025-10-02 13:01:38,493 - Best Epoch 99. Final test result: {'recall': array([0.03377503, 0.05663594, 0.09185933]), 'ndcg': array([0.0322843 , 0.04213585, 0.05498607])}.
