2025-10-02 13:19:52,881 - {'optimizer': {'name': 'adam', 'lr': 0.001, 'weight_decay': 0}, 'train': {'epoch': 3000, 'batch_size': 4096, 'save_model': False, 'loss': 'pairwise', 'test_step': 3, 'reproducible': True, 'seed': 2023, 'patience': 5}, 'test': {'metrics': ['recall', 'ndcg'], 'k': [5, 10, 20], 'batch_size': 1024}, 'data': {'type': 'general_agcf', 'name': 'Office', 'mat_type': 'uai', 'pre_norm': True, 'user_num': 6338, 'item_num': 4461, 'user_item_num': 10799, 'attr_num': 4065}, 'model': {'name': 'lightgcn_a', 'keep_rate': 0.8, 'embedding_size': 64, 'layer_num': 2, 'reg_weight': 1e-06, 'amazon': {'layer_num': 3, 'reg_weight': 1e-06}, 'yelp': {'layer_num': 3, 'reg_weight': 1e-06}, 'steam': {'layer_num': 2, 'reg_weight': 1e-06}, 'Office': {'layer_num': 2, 'reg_weight': 1e-06}}}
2025-10-02 13:19:56,731 - Epoch   0 Validation set [recall@5: 0.0026 recall@10: 0.0051 recall@20: 0.0093 ] [ndcg@5: 0.0021 ndcg@10: 0.0032 ndcg@20: 0.0046 ] 
2025-10-02 13:19:59,705 - Epoch   3 Validation set [recall@5: 0.0229 recall@10: 0.0381 recall@20: 0.0617 ] [ndcg@5: 0.0191 ndcg@10: 0.0252 ndcg@20: 0.0330 ] 
2025-10-02 13:20:03,427 - Epoch   6 Validation set [recall@5: 0.0238 recall@10: 0.0388 recall@20: 0.0644 ] [ndcg@5: 0.0194 ndcg@10: 0.0256 ndcg@20: 0.0340 ] 
2025-10-02 13:20:06,012 - Epoch   9 Validation set [recall@5: 0.0256 recall@10: 0.0411 recall@20: 0.0682 ] [ndcg@5: 0.0214 ndcg@10: 0.0276 ndcg@20: 0.0366 ] 
2025-10-02 13:20:08,769 - Epoch  12 Validation set [recall@5: 0.0267 recall@10: 0.0436 recall@20: 0.0712 ] [ndcg@5: 0.0226 ndcg@10: 0.0294 ndcg@20: 0.0385 ] 
2025-10-02 13:20:12,203 - Epoch  15 Validation set [recall@5: 0.0284 recall@10: 0.0465 recall@20: 0.0746 ] [ndcg@5: 0.0238 ndcg@10: 0.0311 ndcg@20: 0.0404 ] 
2025-10-02 13:20:15,644 - Epoch  18 Validation set [recall@5: 0.0296 recall@10: 0.0496 recall@20: 0.0763 ] [ndcg@5: 0.0247 ndcg@10: 0.0328 ndcg@20: 0.0417 ] 
2025-10-02 13:20:18,686 - Epoch  21 Validation set [recall@5: 0.0317 recall@10: 0.0500 recall@20: 0.0788 ] [ndcg@5: 0.0264 ndcg@10: 0.0338 ndcg@20: 0.0434 ] 
2025-10-02 13:20:22,312 - Epoch  24 Validation set [recall@5: 0.0320 recall@10: 0.0516 recall@20: 0.0810 ] [ndcg@5: 0.0264 ndcg@10: 0.0343 ndcg@20: 0.0441 ] 
2025-10-02 13:20:25,204 - Epoch  27 Validation set [recall@5: 0.0324 recall@10: 0.0533 recall@20: 0.0832 ] [ndcg@5: 0.0269 ndcg@10: 0.0353 ndcg@20: 0.0452 ] 
2025-10-02 13:20:28,368 - Epoch  30 Validation set [recall@5: 0.0336 recall@10: 0.0536 recall@20: 0.0851 ] [ndcg@5: 0.0279 ndcg@10: 0.0359 ndcg@20: 0.0463 ] 
2025-10-02 13:20:31,436 - Epoch  33 Validation set [recall@5: 0.0331 recall@10: 0.0541 recall@20: 0.0860 ] [ndcg@5: 0.0279 ndcg@10: 0.0364 ndcg@20: 0.0470 ] 
2025-10-02 13:20:34,592 - Epoch  36 Validation set [recall@5: 0.0341 recall@10: 0.0554 recall@20: 0.0872 ] [ndcg@5: 0.0291 ndcg@10: 0.0377 ndcg@20: 0.0481 ] 
2025-10-02 13:20:37,846 - Epoch  39 Validation set [recall@5: 0.0344 recall@10: 0.0562 recall@20: 0.0883 ] [ndcg@5: 0.0294 ndcg@10: 0.0382 ndcg@20: 0.0488 ] 
2025-10-02 13:20:40,885 - Epoch  42 Validation set [recall@5: 0.0350 recall@10: 0.0568 recall@20: 0.0894 ] [ndcg@5: 0.0301 ndcg@10: 0.0389 ndcg@20: 0.0496 ] 
2025-10-02 13:20:44,005 - Epoch  45 Validation set [recall@5: 0.0355 recall@10: 0.0568 recall@20: 0.0905 ] [ndcg@5: 0.0305 ndcg@10: 0.0391 ndcg@20: 0.0502 ] 
2025-10-02 13:20:47,355 - Epoch  48 Validation set [recall@5: 0.0355 recall@10: 0.0581 recall@20: 0.0902 ] [ndcg@5: 0.0308 ndcg@10: 0.0399 ndcg@20: 0.0504 ] 
2025-10-02 13:20:50,774 - Epoch  51 Validation set [recall@5: 0.0354 recall@10: 0.0582 recall@20: 0.0901 ] [ndcg@5: 0.0308 ndcg@10: 0.0400 ndcg@20: 0.0506 ] 
2025-10-02 13:20:53,757 - Epoch  54 Validation set [recall@5: 0.0354 recall@10: 0.0587 recall@20: 0.0897 ] [ndcg@5: 0.0310 ndcg@10: 0.0405 ndcg@20: 0.0508 ] 
2025-10-02 13:20:57,244 - Epoch  57 Validation set [recall@5: 0.0362 recall@10: 0.0590 recall@20: 0.0902 ] [ndcg@5: 0.0313 ndcg@10: 0.0405 ndcg@20: 0.0509 ] 
2025-10-02 13:20:59,853 - Epoch  60 Validation set [recall@5: 0.0375 recall@10: 0.0595 recall@20: 0.0915 ] [ndcg@5: 0.0317 ndcg@10: 0.0406 ndcg@20: 0.0512 ] 
2025-10-02 13:21:03,311 - Epoch  63 Validation set [recall@5: 0.0376 recall@10: 0.0598 recall@20: 0.0930 ] [ndcg@5: 0.0319 ndcg@10: 0.0409 ndcg@20: 0.0519 ] 
2025-10-02 13:21:06,375 - Epoch  66 Validation set [recall@5: 0.0379 recall@10: 0.0593 recall@20: 0.0938 ] [ndcg@5: 0.0323 ndcg@10: 0.0410 ndcg@20: 0.0524 ] 
2025-10-02 13:21:09,645 - Epoch  69 Validation set [recall@5: 0.0380 recall@10: 0.0597 recall@20: 0.0936 ] [ndcg@5: 0.0324 ndcg@10: 0.0412 ndcg@20: 0.0524 ] 
2025-10-02 13:21:12,729 - Epoch  72 Validation set [recall@5: 0.0384 recall@10: 0.0601 recall@20: 0.0942 ] [ndcg@5: 0.0327 ndcg@10: 0.0415 ndcg@20: 0.0527 ] 
2025-10-02 13:21:16,447 - Epoch  75 Validation set [recall@5: 0.0388 recall@10: 0.0599 recall@20: 0.0949 ] [ndcg@5: 0.0332 ndcg@10: 0.0418 ndcg@20: 0.0533 ] 
2025-10-02 13:21:19,310 - Epoch  78 Validation set [recall@5: 0.0390 recall@10: 0.0596 recall@20: 0.0948 ] [ndcg@5: 0.0331 ndcg@10: 0.0415 ndcg@20: 0.0531 ] 
2025-10-02 13:21:22,600 - Epoch  81 Validation set [recall@5: 0.0390 recall@10: 0.0600 recall@20: 0.0936 ] [ndcg@5: 0.0335 ndcg@10: 0.0420 ndcg@20: 0.0531 ] 
2025-10-02 13:21:25,319 - Epoch  84 Validation set [recall@5: 0.0392 recall@10: 0.0602 recall@20: 0.0939 ] [ndcg@5: 0.0338 ndcg@10: 0.0423 ndcg@20: 0.0534 ] 
2025-10-02 13:21:28,162 - Epoch  87 Validation set [recall@5: 0.0390 recall@10: 0.0593 recall@20: 0.0937 ] [ndcg@5: 0.0338 ndcg@10: 0.0420 ndcg@20: 0.0533 ] 
2025-10-02 13:21:30,932 - Epoch  90 Validation set [recall@5: 0.0391 recall@10: 0.0593 recall@20: 0.0946 ] [ndcg@5: 0.0338 ndcg@10: 0.0419 ndcg@20: 0.0536 ] 
2025-10-02 13:21:31,769 - [recall@5: 0.0388 recall@10: 0.0599 recall@20: 0.0949 ] [ndcg@5: 0.0332 ndcg@10: 0.0418 ndcg@20: 0.0533 ] 
2025-10-02 13:21:32,601 - [recall@5: 0.0329 recall@10: 0.0548 recall@20: 0.0902 ] [ndcg@5: 0.0318 ndcg@10: 0.0412 ndcg@20: 0.0541 ] 
2025-10-02 13:21:32,601 - Best Epoch 75. Final test result: {'recall': array([0.03288379, 0.05476574, 0.09020898]), 'ndcg': array([0.03181037, 0.04115423, 0.05410358])}.
