2025-10-02 13:25:49,494 - {'optimizer': {'name': 'adam', 'lr': 0.001, 'weight_decay': 0}, 'train': {'epoch': 3000, 'batch_size': 4096, 'save_model': False, 'loss': 'pairwise', 'test_step': 3, 'reproducible': True, 'seed': 2023, 'patience': 5}, 'test': {'metrics': ['recall', 'ndcg'], 'k': [5, 10, 20], 'batch_size': 1024}, 'data': {'type': 'general_agcf', 'name': 'Office', 'mat_type': 'uai', 'pre_norm': True, 'user_num': 6338, 'item_num': 4461, 'user_item_num': 10799, 'attr_num': 4065}, 'model': {'name': 'lightgcn_a', 'keep_rate': 0.8, 'embedding_size': 64, 'layer_num': 5, 'reg_weight': 1e-06, 'amazon': {'layer_num': 3, 'reg_weight': 1e-06}, 'yelp': {'layer_num': 3, 'reg_weight': 1e-06}, 'steam': {'layer_num': 2, 'reg_weight': 1e-06}, 'Office': {'layer_num': 5, 'reg_weight': 1e-06}}}
2025-10-02 13:25:53,734 - Epoch   0 Validation set [recall@5: 0.0174 recall@10: 0.0290 recall@20: 0.0452 ] [ndcg@5: 0.0141 ndcg@10: 0.0187 ndcg@20: 0.0240 ] 
2025-10-02 13:25:56,788 - Epoch   3 Validation set [recall@5: 0.0193 recall@10: 0.0317 recall@20: 0.0505 ] [ndcg@5: 0.0153 ndcg@10: 0.0204 ndcg@20: 0.0266 ] 
2025-10-02 13:26:00,220 - Epoch   6 Validation set [recall@5: 0.0197 recall@10: 0.0325 recall@20: 0.0516 ] [ndcg@5: 0.0156 ndcg@10: 0.0209 ndcg@20: 0.0271 ] 
2025-10-02 13:26:03,529 - Epoch   9 Validation set [recall@5: 0.0230 recall@10: 0.0361 recall@20: 0.0569 ] [ndcg@5: 0.0182 ndcg@10: 0.0235 ndcg@20: 0.0303 ] 
2025-10-02 13:26:07,517 - Epoch  12 Validation set [recall@5: 0.0252 recall@10: 0.0402 recall@20: 0.0643 ] [ndcg@5: 0.0202 ndcg@10: 0.0264 ndcg@20: 0.0344 ] 
2025-10-02 13:26:10,607 - Epoch  15 Validation set [recall@5: 0.0262 recall@10: 0.0426 recall@20: 0.0681 ] [ndcg@5: 0.0216 ndcg@10: 0.0283 ndcg@20: 0.0368 ] 
2025-10-02 13:26:14,060 - Epoch  18 Validation set [recall@5: 0.0272 recall@10: 0.0450 recall@20: 0.0713 ] [ndcg@5: 0.0227 ndcg@10: 0.0299 ndcg@20: 0.0386 ] 
2025-10-02 13:26:17,971 - Epoch  21 Validation set [recall@5: 0.0271 recall@10: 0.0459 recall@20: 0.0722 ] [ndcg@5: 0.0230 ndcg@10: 0.0306 ndcg@20: 0.0394 ] 
2025-10-02 13:26:21,345 - Epoch  24 Validation set [recall@5: 0.0278 recall@10: 0.0467 recall@20: 0.0733 ] [ndcg@5: 0.0235 ndcg@10: 0.0312 ndcg@20: 0.0401 ] 
2025-10-02 13:26:24,572 - Epoch  27 Validation set [recall@5: 0.0289 recall@10: 0.0477 recall@20: 0.0739 ] [ndcg@5: 0.0239 ndcg@10: 0.0315 ndcg@20: 0.0403 ] 
2025-10-02 13:26:27,955 - Epoch  30 Validation set [recall@5: 0.0291 recall@10: 0.0486 recall@20: 0.0767 ] [ndcg@5: 0.0244 ndcg@10: 0.0323 ndcg@20: 0.0416 ] 
2025-10-02 13:26:31,274 - Epoch  33 Validation set [recall@5: 0.0299 recall@10: 0.0489 recall@20: 0.0788 ] [ndcg@5: 0.0251 ndcg@10: 0.0328 ndcg@20: 0.0428 ] 
2025-10-02 13:26:34,603 - Epoch  36 Validation set [recall@5: 0.0311 recall@10: 0.0505 recall@20: 0.0803 ] [ndcg@5: 0.0257 ndcg@10: 0.0335 ndcg@20: 0.0434 ] 
2025-10-02 13:26:38,277 - Epoch  39 Validation set [recall@5: 0.0315 recall@10: 0.0509 recall@20: 0.0824 ] [ndcg@5: 0.0262 ndcg@10: 0.0340 ndcg@20: 0.0444 ] 
2025-10-02 13:26:41,486 - Epoch  42 Validation set [recall@5: 0.0317 recall@10: 0.0519 recall@20: 0.0834 ] [ndcg@5: 0.0268 ndcg@10: 0.0349 ndcg@20: 0.0452 ] 
2025-10-02 13:26:44,869 - Epoch  45 Validation set [recall@5: 0.0324 recall@10: 0.0529 recall@20: 0.0838 ] [ndcg@5: 0.0271 ndcg@10: 0.0352 ndcg@20: 0.0454 ] 
2025-10-02 13:26:47,613 - Epoch  48 Validation set [recall@5: 0.0323 recall@10: 0.0535 recall@20: 0.0843 ] [ndcg@5: 0.0273 ndcg@10: 0.0357 ndcg@20: 0.0460 ] 
2025-10-02 13:26:50,928 - Epoch  51 Validation set [recall@5: 0.0319 recall@10: 0.0536 recall@20: 0.0861 ] [ndcg@5: 0.0273 ndcg@10: 0.0360 ndcg@20: 0.0468 ] 
2025-10-02 13:26:54,411 - Epoch  54 Validation set [recall@5: 0.0317 recall@10: 0.0544 recall@20: 0.0868 ] [ndcg@5: 0.0274 ndcg@10: 0.0366 ndcg@20: 0.0473 ] 
2025-10-02 13:26:57,615 - Epoch  57 Validation set [recall@5: 0.0321 recall@10: 0.0557 recall@20: 0.0878 ] [ndcg@5: 0.0279 ndcg@10: 0.0374 ndcg@20: 0.0480 ] 
2025-10-02 13:27:00,209 - Epoch  60 Validation set [recall@5: 0.0320 recall@10: 0.0563 recall@20: 0.0887 ] [ndcg@5: 0.0279 ndcg@10: 0.0378 ndcg@20: 0.0485 ] 
2025-10-02 13:27:03,222 - Epoch  63 Validation set [recall@5: 0.0325 recall@10: 0.0568 recall@20: 0.0890 ] [ndcg@5: 0.0285 ndcg@10: 0.0383 ndcg@20: 0.0490 ] 
2025-10-02 13:27:06,380 - Epoch  66 Validation set [recall@5: 0.0336 recall@10: 0.0577 recall@20: 0.0897 ] [ndcg@5: 0.0289 ndcg@10: 0.0386 ndcg@20: 0.0492 ] 
2025-10-02 13:27:09,137 - Epoch  69 Validation set [recall@5: 0.0337 recall@10: 0.0574 recall@20: 0.0903 ] [ndcg@5: 0.0292 ndcg@10: 0.0388 ndcg@20: 0.0497 ] 
2025-10-02 13:27:12,309 - Epoch  72 Validation set [recall@5: 0.0350 recall@10: 0.0575 recall@20: 0.0912 ] [ndcg@5: 0.0299 ndcg@10: 0.0390 ndcg@20: 0.0501 ] 
2025-10-02 13:27:14,995 - Epoch  75 Validation set [recall@5: 0.0354 recall@10: 0.0571 recall@20: 0.0918 ] [ndcg@5: 0.0305 ndcg@10: 0.0393 ndcg@20: 0.0507 ] 
2025-10-02 13:27:17,813 - Epoch  78 Validation set [recall@5: 0.0351 recall@10: 0.0576 recall@20: 0.0921 ] [ndcg@5: 0.0302 ndcg@10: 0.0393 ndcg@20: 0.0507 ] 
2025-10-02 13:27:20,883 - Epoch  81 Validation set [recall@5: 0.0359 recall@10: 0.0581 recall@20: 0.0928 ] [ndcg@5: 0.0307 ndcg@10: 0.0397 ndcg@20: 0.0511 ] 
2025-10-02 13:27:24,011 - Epoch  84 Validation set [recall@5: 0.0364 recall@10: 0.0580 recall@20: 0.0923 ] [ndcg@5: 0.0312 ndcg@10: 0.0398 ndcg@20: 0.0512 ] 
2025-10-02 13:27:26,738 - Epoch  87 Validation set [recall@5: 0.0361 recall@10: 0.0584 recall@20: 0.0928 ] [ndcg@5: 0.0310 ndcg@10: 0.0401 ndcg@20: 0.0514 ] 
2025-10-02 13:27:29,397 - Epoch  90 Validation set [recall@5: 0.0363 recall@10: 0.0589 recall@20: 0.0943 ] [ndcg@5: 0.0314 ndcg@10: 0.0405 ndcg@20: 0.0522 ] 
2025-10-02 13:27:32,601 - Epoch  93 Validation set [recall@5: 0.0362 recall@10: 0.0589 recall@20: 0.0940 ] [ndcg@5: 0.0315 ndcg@10: 0.0408 ndcg@20: 0.0523 ] 
2025-10-02 13:27:35,606 - Epoch  96 Validation set [recall@5: 0.0367 recall@10: 0.0594 recall@20: 0.0943 ] [ndcg@5: 0.0318 ndcg@10: 0.0410 ndcg@20: 0.0525 ] 
2025-10-02 13:27:39,052 - Epoch  99 Validation set [recall@5: 0.0370 recall@10: 0.0597 recall@20: 0.0944 ] [ndcg@5: 0.0323 ndcg@10: 0.0414 ndcg@20: 0.0528 ] 
2025-10-02 13:27:41,880 - Epoch 102 Validation set [recall@5: 0.0367 recall@10: 0.0588 recall@20: 0.0950 ] [ndcg@5: 0.0320 ndcg@10: 0.0409 ndcg@20: 0.0529 ] 
2025-10-02 13:27:45,598 - Epoch 105 Validation set [recall@5: 0.0371 recall@10: 0.0592 recall@20: 0.0944 ] [ndcg@5: 0.0326 ndcg@10: 0.0414 ndcg@20: 0.0531 ] 
2025-10-02 13:27:48,653 - Epoch 108 Validation set [recall@5: 0.0375 recall@10: 0.0601 recall@20: 0.0952 ] [ndcg@5: 0.0326 ndcg@10: 0.0417 ndcg@20: 0.0532 ] 
2025-10-02 13:27:52,346 - Epoch 111 Validation set [recall@5: 0.0368 recall@10: 0.0606 recall@20: 0.0951 ] [ndcg@5: 0.0324 ndcg@10: 0.0420 ndcg@20: 0.0533 ] 
2025-10-02 13:27:55,291 - Epoch 114 Validation set [recall@5: 0.0374 recall@10: 0.0605 recall@20: 0.0956 ] [ndcg@5: 0.0326 ndcg@10: 0.0418 ndcg@20: 0.0534 ] 
2025-10-02 13:27:58,632 - Epoch 117 Validation set [recall@5: 0.0371 recall@10: 0.0608 recall@20: 0.0958 ] [ndcg@5: 0.0327 ndcg@10: 0.0422 ndcg@20: 0.0537 ] 
2025-10-02 13:28:01,755 - Epoch 120 Validation set [recall@5: 0.0382 recall@10: 0.0609 recall@20: 0.0967 ] [ndcg@5: 0.0331 ndcg@10: 0.0422 ndcg@20: 0.0540 ] 
2025-10-02 13:28:04,636 - Epoch 123 Validation set [recall@5: 0.0386 recall@10: 0.0604 recall@20: 0.0969 ] [ndcg@5: 0.0332 ndcg@10: 0.0419 ndcg@20: 0.0540 ] 
2025-10-02 13:28:08,133 - Epoch 126 Validation set [recall@5: 0.0384 recall@10: 0.0606 recall@20: 0.0973 ] [ndcg@5: 0.0334 ndcg@10: 0.0422 ndcg@20: 0.0543 ] 
2025-10-02 13:28:11,800 - Epoch 129 Validation set [recall@5: 0.0383 recall@10: 0.0606 recall@20: 0.0962 ] [ndcg@5: 0.0335 ndcg@10: 0.0424 ndcg@20: 0.0541 ] 
2025-10-02 13:28:15,104 - Epoch 132 Validation set [recall@5: 0.0388 recall@10: 0.0611 recall@20: 0.0961 ] [ndcg@5: 0.0337 ndcg@10: 0.0426 ndcg@20: 0.0541 ] 
2025-10-02 13:28:18,338 - Epoch 135 Validation set [recall@5: 0.0393 recall@10: 0.0609 recall@20: 0.0964 ] [ndcg@5: 0.0339 ndcg@10: 0.0425 ndcg@20: 0.0542 ] 
2025-10-02 13:28:21,027 - Epoch 138 Validation set [recall@5: 0.0397 recall@10: 0.0607 recall@20: 0.0960 ] [ndcg@5: 0.0343 ndcg@10: 0.0427 ndcg@20: 0.0544 ] 
2025-10-02 13:28:23,560 - Epoch 141 Validation set [recall@5: 0.0397 recall@10: 0.0611 recall@20: 0.0962 ] [ndcg@5: 0.0343 ndcg@10: 0.0428 ndcg@20: 0.0544 ] 
2025-10-02 13:28:24,370 - [recall@5: 0.0384 recall@10: 0.0606 recall@20: 0.0973 ] [ndcg@5: 0.0334 ndcg@10: 0.0422 ndcg@20: 0.0543 ] 
2025-10-02 13:28:25,191 - [recall@5: 0.0337 recall@10: 0.0563 recall@20: 0.0920 ] [ndcg@5: 0.0321 ndcg@10: 0.0418 ndcg@20: 0.0549 ] 
2025-10-02 13:28:25,191 - Best Epoch 126. Final test result: {'recall': array([0.03367238, 0.05625852, 0.09202481]), 'ndcg': array([0.03212283, 0.04181105, 0.05488509])}.
