2025-10-02 13:31:16,029 - {'optimizer': {'name': 'adam', 'lr': 0.001, 'weight_decay': 0}, 'train': {'epoch': 3000, 'batch_size': 4096, 'save_model': False, 'loss': 'pairwise', 'test_step': 3, 'reproducible': True, 'seed': 2023, 'patience': 5}, 'test': {'metrics': ['recall', 'ndcg'], 'k': [5, 10, 20], 'batch_size': 1024}, 'data': {'type': 'general_agcf', 'name': 'Office', 'mat_type': 'uai', 'pre_norm': True, 'user_num': 6338, 'item_num': 4461, 'user_item_num': 10799, 'attr_num': 4065}, 'model': {'name': 'lightgcn_a', 'keep_rate': 0.8, 'embedding_size': 64, 'layer_num': 7, 'reg_weight': 1e-06, 'amazon': {'layer_num': 3, 'reg_weight': 1e-06}, 'yelp': {'layer_num': 3, 'reg_weight': 1e-06}, 'steam': {'layer_num': 2, 'reg_weight': 1e-06}, 'Office': {'layer_num': 7, 'reg_weight': 1e-06}}}
2025-10-02 13:31:20,036 - Epoch   0 Validation set [recall@5: 0.0188 recall@10: 0.0310 recall@20: 0.0509 ] [ndcg@5: 0.0150 ndcg@10: 0.0200 ndcg@20: 0.0265 ] 
2025-10-02 13:31:23,778 - Epoch   3 Validation set [recall@5: 0.0193 recall@10: 0.0320 recall@20: 0.0498 ] [ndcg@5: 0.0154 ndcg@10: 0.0206 ndcg@20: 0.0263 ] 
2025-10-02 13:31:27,656 - Epoch   6 Validation set [recall@5: 0.0193 recall@10: 0.0315 recall@20: 0.0507 ] [ndcg@5: 0.0154 ndcg@10: 0.0204 ndcg@20: 0.0267 ] 
2025-10-02 13:31:30,460 - Epoch   9 Validation set [recall@5: 0.0210 recall@10: 0.0344 recall@20: 0.0531 ] [ndcg@5: 0.0167 ndcg@10: 0.0223 ndcg@20: 0.0283 ] 
2025-10-02 13:31:34,149 - Epoch  12 Validation set [recall@5: 0.0236 recall@10: 0.0369 recall@20: 0.0592 ] [ndcg@5: 0.0188 ndcg@10: 0.0243 ndcg@20: 0.0316 ] 
2025-10-02 13:31:37,369 - Epoch  15 Validation set [recall@5: 0.0247 recall@10: 0.0396 recall@20: 0.0645 ] [ndcg@5: 0.0202 ndcg@10: 0.0263 ndcg@20: 0.0345 ] 
2025-10-02 13:31:40,378 - Epoch  18 Validation set [recall@5: 0.0261 recall@10: 0.0421 recall@20: 0.0681 ] [ndcg@5: 0.0212 ndcg@10: 0.0277 ndcg@20: 0.0363 ] 
2025-10-02 13:31:44,009 - Epoch  21 Validation set [recall@5: 0.0262 recall@10: 0.0434 recall@20: 0.0689 ] [ndcg@5: 0.0219 ndcg@10: 0.0289 ndcg@20: 0.0373 ] 
2025-10-02 13:31:47,402 - Epoch  24 Validation set [recall@5: 0.0268 recall@10: 0.0446 recall@20: 0.0705 ] [ndcg@5: 0.0221 ndcg@10: 0.0294 ndcg@20: 0.0380 ] 
2025-10-02 13:31:50,643 - Epoch  27 Validation set [recall@5: 0.0277 recall@10: 0.0459 recall@20: 0.0714 ] [ndcg@5: 0.0226 ndcg@10: 0.0300 ndcg@20: 0.0385 ] 
2025-10-02 13:31:54,422 - Epoch  30 Validation set [recall@5: 0.0275 recall@10: 0.0465 recall@20: 0.0736 ] [ndcg@5: 0.0229 ndcg@10: 0.0306 ndcg@20: 0.0395 ] 
2025-10-02 13:31:57,822 - Epoch  33 Validation set [recall@5: 0.0286 recall@10: 0.0469 recall@20: 0.0751 ] [ndcg@5: 0.0235 ndcg@10: 0.0310 ndcg@20: 0.0403 ] 
2025-10-02 13:32:01,725 - Epoch  36 Validation set [recall@5: 0.0286 recall@10: 0.0478 recall@20: 0.0755 ] [ndcg@5: 0.0238 ndcg@10: 0.0316 ndcg@20: 0.0408 ] 
2025-10-02 13:32:05,156 - Epoch  39 Validation set [recall@5: 0.0298 recall@10: 0.0492 recall@20: 0.0779 ] [ndcg@5: 0.0245 ndcg@10: 0.0324 ndcg@20: 0.0419 ] 
2025-10-02 13:32:08,775 - Epoch  42 Validation set [recall@5: 0.0294 recall@10: 0.0502 recall@20: 0.0786 ] [ndcg@5: 0.0245 ndcg@10: 0.0329 ndcg@20: 0.0422 ] 
2025-10-02 13:32:11,857 - Epoch  45 Validation set [recall@5: 0.0307 recall@10: 0.0503 recall@20: 0.0793 ] [ndcg@5: 0.0252 ndcg@10: 0.0331 ndcg@20: 0.0427 ] 
2025-10-02 13:32:14,774 - Epoch  48 Validation set [recall@5: 0.0308 recall@10: 0.0505 recall@20: 0.0797 ] [ndcg@5: 0.0255 ndcg@10: 0.0334 ndcg@20: 0.0431 ] 
2025-10-02 13:32:18,437 - Epoch  51 Validation set [recall@5: 0.0313 recall@10: 0.0512 recall@20: 0.0814 ] [ndcg@5: 0.0259 ndcg@10: 0.0339 ndcg@20: 0.0438 ] 
2025-10-02 13:32:22,113 - Epoch  54 Validation set [recall@5: 0.0309 recall@10: 0.0516 recall@20: 0.0819 ] [ndcg@5: 0.0260 ndcg@10: 0.0343 ndcg@20: 0.0442 ] 
2025-10-02 13:32:25,165 - Epoch  57 Validation set [recall@5: 0.0313 recall@10: 0.0521 recall@20: 0.0829 ] [ndcg@5: 0.0263 ndcg@10: 0.0347 ndcg@20: 0.0448 ] 
2025-10-02 13:32:28,780 - Epoch  60 Validation set [recall@5: 0.0314 recall@10: 0.0524 recall@20: 0.0840 ] [ndcg@5: 0.0267 ndcg@10: 0.0351 ndcg@20: 0.0456 ] 
2025-10-02 13:32:32,307 - Epoch  63 Validation set [recall@5: 0.0314 recall@10: 0.0534 recall@20: 0.0859 ] [ndcg@5: 0.0267 ndcg@10: 0.0354 ndcg@20: 0.0461 ] 
2025-10-02 13:32:35,894 - Epoch  66 Validation set [recall@5: 0.0320 recall@10: 0.0533 recall@20: 0.0867 ] [ndcg@5: 0.0273 ndcg@10: 0.0358 ndcg@20: 0.0467 ] 
2025-10-02 13:32:39,862 - Epoch  69 Validation set [recall@5: 0.0320 recall@10: 0.0545 recall@20: 0.0870 ] [ndcg@5: 0.0274 ndcg@10: 0.0364 ndcg@20: 0.0471 ] 
2025-10-02 13:32:43,498 - Epoch  72 Validation set [recall@5: 0.0326 recall@10: 0.0549 recall@20: 0.0880 ] [ndcg@5: 0.0281 ndcg@10: 0.0370 ndcg@20: 0.0479 ] 
2025-10-02 13:32:46,744 - Epoch  75 Validation set [recall@5: 0.0325 recall@10: 0.0552 recall@20: 0.0886 ] [ndcg@5: 0.0279 ndcg@10: 0.0370 ndcg@20: 0.0480 ] 
2025-10-02 13:32:49,734 - Epoch  78 Validation set [recall@5: 0.0330 recall@10: 0.0559 recall@20: 0.0885 ] [ndcg@5: 0.0282 ndcg@10: 0.0373 ndcg@20: 0.0480 ] 
2025-10-02 13:32:53,281 - Epoch  81 Validation set [recall@5: 0.0328 recall@10: 0.0563 recall@20: 0.0885 ] [ndcg@5: 0.0281 ndcg@10: 0.0376 ndcg@20: 0.0482 ] 
2025-10-02 13:32:56,664 - Epoch  84 Validation set [recall@5: 0.0327 recall@10: 0.0563 recall@20: 0.0901 ] [ndcg@5: 0.0284 ndcg@10: 0.0379 ndcg@20: 0.0489 ] 
2025-10-02 13:33:00,045 - Epoch  87 Validation set [recall@5: 0.0330 recall@10: 0.0563 recall@20: 0.0903 ] [ndcg@5: 0.0286 ndcg@10: 0.0381 ndcg@20: 0.0492 ] 
2025-10-02 13:33:03,541 - Epoch  90 Validation set [recall@5: 0.0335 recall@10: 0.0568 recall@20: 0.0904 ] [ndcg@5: 0.0290 ndcg@10: 0.0385 ndcg@20: 0.0495 ] 
2025-10-02 13:33:06,892 - Epoch  93 Validation set [recall@5: 0.0342 recall@10: 0.0570 recall@20: 0.0910 ] [ndcg@5: 0.0294 ndcg@10: 0.0386 ndcg@20: 0.0498 ] 
2025-10-02 13:33:10,140 - Epoch  96 Validation set [recall@5: 0.0341 recall@10: 0.0566 recall@20: 0.0914 ] [ndcg@5: 0.0292 ndcg@10: 0.0383 ndcg@20: 0.0498 ] 
2025-10-02 13:33:14,191 - Epoch  99 Validation set [recall@5: 0.0345 recall@10: 0.0579 recall@20: 0.0919 ] [ndcg@5: 0.0296 ndcg@10: 0.0390 ndcg@20: 0.0502 ] 
2025-10-02 13:33:17,706 - Epoch 102 Validation set [recall@5: 0.0351 recall@10: 0.0579 recall@20: 0.0927 ] [ndcg@5: 0.0301 ndcg@10: 0.0393 ndcg@20: 0.0507 ] 
2025-10-02 13:33:21,565 - Epoch 105 Validation set [recall@5: 0.0353 recall@10: 0.0583 recall@20: 0.0925 ] [ndcg@5: 0.0304 ndcg@10: 0.0397 ndcg@20: 0.0509 ] 
2025-10-02 13:33:24,939 - Epoch 108 Validation set [recall@5: 0.0357 recall@10: 0.0577 recall@20: 0.0927 ] [ndcg@5: 0.0311 ndcg@10: 0.0399 ndcg@20: 0.0514 ] 
2025-10-02 13:33:28,523 - Epoch 111 Validation set [recall@5: 0.0362 recall@10: 0.0580 recall@20: 0.0923 ] [ndcg@5: 0.0312 ndcg@10: 0.0399 ndcg@20: 0.0512 ] 
2025-10-02 13:33:32,139 - Epoch 114 Validation set [recall@5: 0.0360 recall@10: 0.0576 recall@20: 0.0922 ] [ndcg@5: 0.0312 ndcg@10: 0.0398 ndcg@20: 0.0512 ] 
2025-10-02 13:33:35,048 - Epoch 117 Validation set [recall@5: 0.0361 recall@10: 0.0572 recall@20: 0.0930 ] [ndcg@5: 0.0311 ndcg@10: 0.0396 ndcg@20: 0.0514 ] 
2025-10-02 13:33:38,548 - Epoch 120 Validation set [recall@5: 0.0368 recall@10: 0.0574 recall@20: 0.0935 ] [ndcg@5: 0.0316 ndcg@10: 0.0399 ndcg@20: 0.0518 ] 
2025-10-02 13:33:42,000 - Epoch 123 Validation set [recall@5: 0.0370 recall@10: 0.0569 recall@20: 0.0936 ] [ndcg@5: 0.0317 ndcg@10: 0.0398 ndcg@20: 0.0518 ] 
2025-10-02 13:33:44,788 - Epoch 126 Validation set [recall@5: 0.0369 recall@10: 0.0576 recall@20: 0.0948 ] [ndcg@5: 0.0316 ndcg@10: 0.0399 ndcg@20: 0.0522 ] 
2025-10-02 13:33:48,116 - Epoch 129 Validation set [recall@5: 0.0367 recall@10: 0.0580 recall@20: 0.0943 ] [ndcg@5: 0.0318 ndcg@10: 0.0404 ndcg@20: 0.0523 ] 
2025-10-02 13:33:51,825 - Epoch 132 Validation set [recall@5: 0.0369 recall@10: 0.0585 recall@20: 0.0943 ] [ndcg@5: 0.0317 ndcg@10: 0.0404 ndcg@20: 0.0521 ] 
2025-10-02 13:33:55,053 - Epoch 135 Validation set [recall@5: 0.0373 recall@10: 0.0587 recall@20: 0.0950 ] [ndcg@5: 0.0320 ndcg@10: 0.0406 ndcg@20: 0.0525 ] 
2025-10-02 13:33:58,418 - Epoch 138 Validation set [recall@5: 0.0371 recall@10: 0.0585 recall@20: 0.0948 ] [ndcg@5: 0.0316 ndcg@10: 0.0402 ndcg@20: 0.0523 ] 
2025-10-02 13:34:01,977 - Epoch 141 Validation set [recall@5: 0.0372 recall@10: 0.0588 recall@20: 0.0952 ] [ndcg@5: 0.0319 ndcg@10: 0.0406 ndcg@20: 0.0526 ] 
2025-10-02 13:34:05,784 - Epoch 144 Validation set [recall@5: 0.0380 recall@10: 0.0597 recall@20: 0.0956 ] [ndcg@5: 0.0323 ndcg@10: 0.0410 ndcg@20: 0.0528 ] 
2025-10-02 13:34:09,617 - Epoch 147 Validation set [recall@5: 0.0381 recall@10: 0.0593 recall@20: 0.0960 ] [ndcg@5: 0.0326 ndcg@10: 0.0411 ndcg@20: 0.0532 ] 
2025-10-02 13:34:13,441 - Epoch 150 Validation set [recall@5: 0.0379 recall@10: 0.0589 recall@20: 0.0960 ] [ndcg@5: 0.0324 ndcg@10: 0.0409 ndcg@20: 0.0531 ] 
2025-10-02 13:34:16,655 - Epoch 153 Validation set [recall@5: 0.0376 recall@10: 0.0598 recall@20: 0.0960 ] [ndcg@5: 0.0322 ndcg@10: 0.0412 ndcg@20: 0.0531 ] 
2025-10-02 13:34:19,710 - Epoch 156 Validation set [recall@5: 0.0378 recall@10: 0.0600 recall@20: 0.0960 ] [ndcg@5: 0.0324 ndcg@10: 0.0413 ndcg@20: 0.0531 ] 
2025-10-02 13:34:23,105 - Epoch 159 Validation set [recall@5: 0.0382 recall@10: 0.0599 recall@20: 0.0958 ] [ndcg@5: 0.0327 ndcg@10: 0.0414 ndcg@20: 0.0532 ] 
2025-10-02 13:34:26,341 - Epoch 162 Validation set [recall@5: 0.0385 recall@10: 0.0596 recall@20: 0.0959 ] [ndcg@5: 0.0329 ndcg@10: 0.0414 ndcg@20: 0.0533 ] 
2025-10-02 13:34:29,391 - Epoch 165 Validation set [recall@5: 0.0382 recall@10: 0.0596 recall@20: 0.0966 ] [ndcg@5: 0.0328 ndcg@10: 0.0413 ndcg@20: 0.0535 ] 
2025-10-02 13:34:32,242 - Epoch 168 Validation set [recall@5: 0.0379 recall@10: 0.0599 recall@20: 0.0965 ] [ndcg@5: 0.0326 ndcg@10: 0.0414 ndcg@20: 0.0534 ] 
2025-10-02 13:34:35,923 - Epoch 171 Validation set [recall@5: 0.0381 recall@10: 0.0596 recall@20: 0.0968 ] [ndcg@5: 0.0328 ndcg@10: 0.0414 ndcg@20: 0.0536 ] 
2025-10-02 13:34:39,154 - Epoch 174 Validation set [recall@5: 0.0385 recall@10: 0.0595 recall@20: 0.0967 ] [ndcg@5: 0.0332 ndcg@10: 0.0416 ndcg@20: 0.0538 ] 
2025-10-02 13:34:43,089 - Epoch 177 Validation set [recall@5: 0.0379 recall@10: 0.0592 recall@20: 0.0975 ] [ndcg@5: 0.0329 ndcg@10: 0.0415 ndcg@20: 0.0540 ] 
2025-10-02 13:34:46,415 - Epoch 180 Validation set [recall@5: 0.0386 recall@10: 0.0596 recall@20: 0.0973 ] [ndcg@5: 0.0331 ndcg@10: 0.0415 ndcg@20: 0.0539 ] 
2025-10-02 13:34:50,398 - Epoch 183 Validation set [recall@5: 0.0387 recall@10: 0.0605 recall@20: 0.0966 ] [ndcg@5: 0.0331 ndcg@10: 0.0417 ndcg@20: 0.0536 ] 
2025-10-02 13:34:53,549 - Epoch 186 Validation set [recall@5: 0.0384 recall@10: 0.0600 recall@20: 0.0958 ] [ndcg@5: 0.0330 ndcg@10: 0.0417 ndcg@20: 0.0535 ] 
2025-10-02 13:34:57,079 - Epoch 189 Validation set [recall@5: 0.0380 recall@10: 0.0606 recall@20: 0.0953 ] [ndcg@5: 0.0330 ndcg@10: 0.0421 ndcg@20: 0.0536 ] 
2025-10-02 13:35:00,610 - Epoch 192 Validation set [recall@5: 0.0381 recall@10: 0.0605 recall@20: 0.0963 ] [ndcg@5: 0.0331 ndcg@10: 0.0421 ndcg@20: 0.0539 ] 
2025-10-02 13:35:01,406 - [recall@5: 0.0379 recall@10: 0.0592 recall@20: 0.0975 ] [ndcg@5: 0.0329 ndcg@10: 0.0415 ndcg@20: 0.0540 ] 
2025-10-02 13:35:02,515 - [recall@5: 0.0331 recall@10: 0.0549 recall@20: 0.0930 ] [ndcg@5: 0.0316 ndcg@10: 0.0411 ndcg@20: 0.0550 ] 
2025-10-02 13:35:02,516 - Best Epoch 177. Final test result: {'recall': array([0.03312986, 0.05489102, 0.09301648]), 'ndcg': array([0.03163009, 0.04106669, 0.0549778 ])}.
