2025-10-02 12:58:21,857 - {'optimizer': {'name': 'adam', 'lr': 0.001, 'weight_decay': 0}, 'train': {'epoch': 3000, 'batch_size': 4096, 'save_model': False, 'loss': 'pairwise', 'test_step': 3, 'reproducible': True, 'seed': 2023, 'patience': 5}, 'test': {'metrics': ['recall', 'ndcg'], 'k': [5, 10, 20], 'batch_size': 1024}, 'data': {'type': 'general_agcf', 'name': 'Office', 'mat_type': 'uai', 'pre_norm': True, 'user_num': 6338, 'item_num': 4461, 'user_item_num': 10799, 'attr_num': 4065}, 'model': {'name': 'lightgcn_a', 'keep_rate': 0.9, 'embedding_size': 64, 'layer_num': 3, 'reg_weight': 1e-06, 'amazon': {'layer_num': 3, 'reg_weight': 1e-06}, 'yelp': {'layer_num': 3, 'reg_weight': 1e-06}, 'steam': {'layer_num': 2, 'reg_weight': 1e-06}, 'Office': {'layer_num': 3, 'reg_weight': 1e-06}}}
2025-10-02 12:58:25,404 - Epoch   0 Validation set [recall@5: 0.0110 recall@10: 0.0183 recall@20: 0.0288 ] [ndcg@5: 0.0095 ndcg@10: 0.0126 ndcg@20: 0.0160 ] 
2025-10-02 12:58:27,990 - Epoch   3 Validation set [recall@5: 0.0215 recall@10: 0.0336 recall@20: 0.0546 ] [ndcg@5: 0.0169 ndcg@10: 0.0218 ndcg@20: 0.0288 ] 
2025-10-02 12:58:30,426 - Epoch   6 Validation set [recall@5: 0.0231 recall@10: 0.0351 recall@20: 0.0579 ] [ndcg@5: 0.0180 ndcg@10: 0.0230 ndcg@20: 0.0305 ] 
2025-10-02 12:58:32,651 - Epoch   9 Validation set [recall@5: 0.0258 recall@10: 0.0411 recall@20: 0.0665 ] [ndcg@5: 0.0210 ndcg@10: 0.0273 ndcg@20: 0.0357 ] 
2025-10-02 12:58:34,995 - Epoch  12 Validation set [recall@5: 0.0278 recall@10: 0.0442 recall@20: 0.0708 ] [ndcg@5: 0.0231 ndcg@10: 0.0298 ndcg@20: 0.0386 ] 
2025-10-02 12:58:37,572 - Epoch  15 Validation set [recall@5: 0.0280 recall@10: 0.0465 recall@20: 0.0729 ] [ndcg@5: 0.0235 ndcg@10: 0.0311 ndcg@20: 0.0399 ] 
2025-10-02 12:58:39,837 - Epoch  18 Validation set [recall@5: 0.0297 recall@10: 0.0486 recall@20: 0.0758 ] [ndcg@5: 0.0249 ndcg@10: 0.0325 ndcg@20: 0.0415 ] 
2025-10-02 12:58:42,094 - Epoch  21 Validation set [recall@5: 0.0307 recall@10: 0.0494 recall@20: 0.0778 ] [ndcg@5: 0.0257 ndcg@10: 0.0333 ndcg@20: 0.0427 ] 
2025-10-02 12:58:44,351 - Epoch  24 Validation set [recall@5: 0.0313 recall@10: 0.0500 recall@20: 0.0806 ] [ndcg@5: 0.0261 ndcg@10: 0.0336 ndcg@20: 0.0438 ] 
2025-10-02 12:58:46,628 - Epoch  27 Validation set [recall@5: 0.0312 recall@10: 0.0521 recall@20: 0.0823 ] [ndcg@5: 0.0261 ndcg@10: 0.0345 ndcg@20: 0.0445 ] 
2025-10-02 12:58:48,861 - Epoch  30 Validation set [recall@5: 0.0331 recall@10: 0.0534 recall@20: 0.0841 ] [ndcg@5: 0.0273 ndcg@10: 0.0355 ndcg@20: 0.0456 ] 
2025-10-02 12:58:51,002 - Epoch  33 Validation set [recall@5: 0.0332 recall@10: 0.0534 recall@20: 0.0857 ] [ndcg@5: 0.0276 ndcg@10: 0.0358 ndcg@20: 0.0464 ] 
2025-10-02 12:58:53,241 - Epoch  36 Validation set [recall@5: 0.0331 recall@10: 0.0553 recall@20: 0.0871 ] [ndcg@5: 0.0285 ndcg@10: 0.0375 ndcg@20: 0.0480 ] 
2025-10-02 12:58:55,603 - Epoch  39 Validation set [recall@5: 0.0336 recall@10: 0.0565 recall@20: 0.0878 ] [ndcg@5: 0.0290 ndcg@10: 0.0383 ndcg@20: 0.0486 ] 
2025-10-02 12:58:57,818 - Epoch  42 Validation set [recall@5: 0.0337 recall@10: 0.0561 recall@20: 0.0886 ] [ndcg@5: 0.0291 ndcg@10: 0.0382 ndcg@20: 0.0490 ] 
2025-10-02 12:59:00,066 - Epoch  45 Validation set [recall@5: 0.0349 recall@10: 0.0565 recall@20: 0.0898 ] [ndcg@5: 0.0302 ndcg@10: 0.0389 ndcg@20: 0.0499 ] 
2025-10-02 12:59:02,262 - Epoch  48 Validation set [recall@5: 0.0352 recall@10: 0.0576 recall@20: 0.0902 ] [ndcg@5: 0.0307 ndcg@10: 0.0397 ndcg@20: 0.0505 ] 
2025-10-02 12:59:04,441 - Epoch  51 Validation set [recall@5: 0.0360 recall@10: 0.0571 recall@20: 0.0912 ] [ndcg@5: 0.0312 ndcg@10: 0.0397 ndcg@20: 0.0509 ] 
2025-10-02 12:59:06,680 - Epoch  54 Validation set [recall@5: 0.0358 recall@10: 0.0579 recall@20: 0.0916 ] [ndcg@5: 0.0313 ndcg@10: 0.0402 ndcg@20: 0.0513 ] 
2025-10-02 12:59:08,937 - Epoch  57 Validation set [recall@5: 0.0364 recall@10: 0.0581 recall@20: 0.0930 ] [ndcg@5: 0.0319 ndcg@10: 0.0406 ndcg@20: 0.0521 ] 
2025-10-02 12:59:11,133 - Epoch  60 Validation set [recall@5: 0.0364 recall@10: 0.0587 recall@20: 0.0933 ] [ndcg@5: 0.0316 ndcg@10: 0.0406 ndcg@20: 0.0520 ] 
2025-10-02 12:59:13,377 - Epoch  63 Validation set [recall@5: 0.0371 recall@10: 0.0602 recall@20: 0.0940 ] [ndcg@5: 0.0322 ndcg@10: 0.0415 ndcg@20: 0.0526 ] 
2025-10-02 12:59:15,557 - Epoch  66 Validation set [recall@5: 0.0371 recall@10: 0.0599 recall@20: 0.0943 ] [ndcg@5: 0.0323 ndcg@10: 0.0415 ndcg@20: 0.0528 ] 
2025-10-02 12:59:17,679 - Epoch  69 Validation set [recall@5: 0.0371 recall@10: 0.0601 recall@20: 0.0943 ] [ndcg@5: 0.0327 ndcg@10: 0.0419 ndcg@20: 0.0532 ] 
2025-10-02 12:59:19,777 - Epoch  72 Validation set [recall@5: 0.0377 recall@10: 0.0606 recall@20: 0.0956 ] [ndcg@5: 0.0330 ndcg@10: 0.0421 ndcg@20: 0.0537 ] 
2025-10-02 12:59:22,326 - Epoch  75 Validation set [recall@5: 0.0376 recall@10: 0.0604 recall@20: 0.0970 ] [ndcg@5: 0.0329 ndcg@10: 0.0421 ndcg@20: 0.0542 ] 
2025-10-02 12:59:24,586 - Epoch  78 Validation set [recall@5: 0.0376 recall@10: 0.0597 recall@20: 0.0973 ] [ndcg@5: 0.0330 ndcg@10: 0.0419 ndcg@20: 0.0544 ] 
2025-10-02 12:59:26,815 - Epoch  81 Validation set [recall@5: 0.0380 recall@10: 0.0602 recall@20: 0.0971 ] [ndcg@5: 0.0333 ndcg@10: 0.0422 ndcg@20: 0.0544 ] 
2025-10-02 12:59:29,131 - Epoch  84 Validation set [recall@5: 0.0381 recall@10: 0.0606 recall@20: 0.0966 ] [ndcg@5: 0.0335 ndcg@10: 0.0426 ndcg@20: 0.0545 ] 
2025-10-02 12:59:31,473 - Epoch  87 Validation set [recall@5: 0.0376 recall@10: 0.0609 recall@20: 0.0970 ] [ndcg@5: 0.0332 ndcg@10: 0.0426 ndcg@20: 0.0545 ] 
2025-10-02 12:59:33,731 - Epoch  90 Validation set [recall@5: 0.0380 recall@10: 0.0608 recall@20: 0.0966 ] [ndcg@5: 0.0331 ndcg@10: 0.0423 ndcg@20: 0.0541 ] 
2025-10-02 12:59:35,986 - Epoch  93 Validation set [recall@5: 0.0386 recall@10: 0.0608 recall@20: 0.0967 ] [ndcg@5: 0.0335 ndcg@10: 0.0424 ndcg@20: 0.0542 ] 
2025-10-02 12:59:36,805 - [recall@5: 0.0376 recall@10: 0.0597 recall@20: 0.0973 ] [ndcg@5: 0.0330 ndcg@10: 0.0419 ndcg@20: 0.0544 ] 
2025-10-02 12:59:37,629 - [recall@5: 0.0338 recall@10: 0.0564 recall@20: 0.0902 ] [ndcg@5: 0.0323 ndcg@10: 0.0419 ndcg@20: 0.0543 ] 
2025-10-02 12:59:37,630 - Best Epoch 78. Final test result: {'recall': array([0.03377959, 0.05644262, 0.09020438]), 'ndcg': array([0.03225693, 0.04194996, 0.05432308])}.
