2025-10-02 13:28:28,305 - {'optimizer': {'name': 'adam', 'lr': 0.001, 'weight_decay': 0}, 'train': {'epoch': 3000, 'batch_size': 4096, 'save_model': False, 'loss': 'pairwise', 'test_step': 3, 'reproducible': True, 'seed': 2023, 'patience': 5}, 'test': {'metrics': ['recall', 'ndcg'], 'k': [5, 10, 20], 'batch_size': 1024}, 'data': {'type': 'general_agcf', 'name': 'Office', 'mat_type': 'uai', 'pre_norm': True, 'user_num': 6338, 'item_num': 4461, 'user_item_num': 10799, 'attr_num': 4065}, 'model': {'name': 'lightgcn_a', 'keep_rate': 0.8, 'embedding_size': 64, 'layer_num': 6, 'reg_weight': 1e-06, 'amazon': {'layer_num': 3, 'reg_weight': 1e-06}, 'yelp': {'layer_num': 3, 'reg_weight': 1e-06}, 'steam': {'layer_num': 2, 'reg_weight': 1e-06}, 'Office': {'layer_num': 6, 'reg_weight': 1e-06}}}
2025-10-02 13:28:32,089 - Epoch   0 Validation set [recall@5: 0.0183 recall@10: 0.0307 recall@20: 0.0505 ] [ndcg@5: 0.0145 ndcg@10: 0.0196 ndcg@20: 0.0260 ] 
2025-10-02 13:28:35,341 - Epoch   3 Validation set [recall@5: 0.0192 recall@10: 0.0318 recall@20: 0.0503 ] [ndcg@5: 0.0153 ndcg@10: 0.0204 ndcg@20: 0.0264 ] 
2025-10-02 13:28:38,092 - Epoch   6 Validation set [recall@5: 0.0193 recall@10: 0.0318 recall@20: 0.0508 ] [ndcg@5: 0.0153 ndcg@10: 0.0205 ndcg@20: 0.0267 ] 
2025-10-02 13:28:41,794 - Epoch   9 Validation set [recall@5: 0.0220 recall@10: 0.0350 recall@20: 0.0545 ] [ndcg@5: 0.0174 ndcg@10: 0.0228 ndcg@20: 0.0291 ] 
2025-10-02 13:28:45,509 - Epoch  12 Validation set [recall@5: 0.0240 recall@10: 0.0387 recall@20: 0.0620 ] [ndcg@5: 0.0193 ndcg@10: 0.0253 ndcg@20: 0.0330 ] 
2025-10-02 13:28:49,195 - Epoch  15 Validation set [recall@5: 0.0256 recall@10: 0.0412 recall@20: 0.0665 ] [ndcg@5: 0.0209 ndcg@10: 0.0273 ndcg@20: 0.0356 ] 
2025-10-02 13:28:52,472 - Epoch  18 Validation set [recall@5: 0.0266 recall@10: 0.0431 recall@20: 0.0693 ] [ndcg@5: 0.0220 ndcg@10: 0.0287 ndcg@20: 0.0374 ] 
2025-10-02 13:28:55,420 - Epoch  21 Validation set [recall@5: 0.0267 recall@10: 0.0447 recall@20: 0.0712 ] [ndcg@5: 0.0222 ndcg@10: 0.0296 ndcg@20: 0.0384 ] 
2025-10-02 13:28:58,444 - Epoch  24 Validation set [recall@5: 0.0271 recall@10: 0.0454 recall@20: 0.0714 ] [ndcg@5: 0.0225 ndcg@10: 0.0300 ndcg@20: 0.0387 ] 
2025-10-02 13:29:01,875 - Epoch  27 Validation set [recall@5: 0.0278 recall@10: 0.0466 recall@20: 0.0726 ] [ndcg@5: 0.0230 ndcg@10: 0.0306 ndcg@20: 0.0393 ] 
2025-10-02 13:29:04,885 - Epoch  30 Validation set [recall@5: 0.0284 recall@10: 0.0469 recall@20: 0.0748 ] [ndcg@5: 0.0235 ndcg@10: 0.0311 ndcg@20: 0.0403 ] 
2025-10-02 13:29:08,720 - Epoch  33 Validation set [recall@5: 0.0288 recall@10: 0.0476 recall@20: 0.0766 ] [ndcg@5: 0.0239 ndcg@10: 0.0316 ndcg@20: 0.0412 ] 
2025-10-02 13:29:12,370 - Epoch  36 Validation set [recall@5: 0.0294 recall@10: 0.0497 recall@20: 0.0779 ] [ndcg@5: 0.0245 ndcg@10: 0.0328 ndcg@20: 0.0421 ] 
2025-10-02 13:29:15,819 - Epoch  39 Validation set [recall@5: 0.0305 recall@10: 0.0504 recall@20: 0.0789 ] [ndcg@5: 0.0253 ndcg@10: 0.0333 ndcg@20: 0.0428 ] 
2025-10-02 13:29:19,053 - Epoch  42 Validation set [recall@5: 0.0307 recall@10: 0.0513 recall@20: 0.0805 ] [ndcg@5: 0.0256 ndcg@10: 0.0338 ndcg@20: 0.0434 ] 
2025-10-02 13:29:21,922 - Epoch  45 Validation set [recall@5: 0.0320 recall@10: 0.0506 recall@20: 0.0809 ] [ndcg@5: 0.0262 ndcg@10: 0.0336 ndcg@20: 0.0436 ] 
2025-10-02 13:29:25,189 - Epoch  48 Validation set [recall@5: 0.0321 recall@10: 0.0520 recall@20: 0.0817 ] [ndcg@5: 0.0266 ndcg@10: 0.0345 ndcg@20: 0.0443 ] 
2025-10-02 13:29:28,890 - Epoch  51 Validation set [recall@5: 0.0321 recall@10: 0.0517 recall@20: 0.0829 ] [ndcg@5: 0.0269 ndcg@10: 0.0347 ndcg@20: 0.0450 ] 
2025-10-02 13:29:32,586 - Epoch  54 Validation set [recall@5: 0.0315 recall@10: 0.0528 recall@20: 0.0830 ] [ndcg@5: 0.0268 ndcg@10: 0.0353 ndcg@20: 0.0453 ] 
2025-10-02 13:29:36,229 - Epoch  57 Validation set [recall@5: 0.0323 recall@10: 0.0532 recall@20: 0.0852 ] [ndcg@5: 0.0272 ndcg@10: 0.0356 ndcg@20: 0.0462 ] 
2025-10-02 13:29:39,790 - Epoch  60 Validation set [recall@5: 0.0317 recall@10: 0.0548 recall@20: 0.0862 ] [ndcg@5: 0.0271 ndcg@10: 0.0363 ndcg@20: 0.0467 ] 
2025-10-02 13:29:42,920 - Epoch  63 Validation set [recall@5: 0.0321 recall@10: 0.0553 recall@20: 0.0879 ] [ndcg@5: 0.0276 ndcg@10: 0.0368 ndcg@20: 0.0476 ] 
2025-10-02 13:29:46,302 - Epoch  66 Validation set [recall@5: 0.0326 recall@10: 0.0553 recall@20: 0.0879 ] [ndcg@5: 0.0282 ndcg@10: 0.0372 ndcg@20: 0.0479 ] 
2025-10-02 13:29:49,292 - Epoch  69 Validation set [recall@5: 0.0328 recall@10: 0.0560 recall@20: 0.0888 ] [ndcg@5: 0.0284 ndcg@10: 0.0378 ndcg@20: 0.0485 ] 
2025-10-02 13:29:52,585 - Epoch  72 Validation set [recall@5: 0.0331 recall@10: 0.0563 recall@20: 0.0894 ] [ndcg@5: 0.0289 ndcg@10: 0.0382 ndcg@20: 0.0491 ] 
2025-10-02 13:29:55,441 - Epoch  75 Validation set [recall@5: 0.0338 recall@10: 0.0564 recall@20: 0.0902 ] [ndcg@5: 0.0293 ndcg@10: 0.0383 ndcg@20: 0.0495 ] 
2025-10-02 13:29:58,439 - Epoch  78 Validation set [recall@5: 0.0339 recall@10: 0.0566 recall@20: 0.0908 ] [ndcg@5: 0.0292 ndcg@10: 0.0383 ndcg@20: 0.0495 ] 
2025-10-02 13:30:01,305 - Epoch  81 Validation set [recall@5: 0.0346 recall@10: 0.0568 recall@20: 0.0913 ] [ndcg@5: 0.0297 ndcg@10: 0.0387 ndcg@20: 0.0499 ] 
2025-10-02 13:30:04,897 - Epoch  84 Validation set [recall@5: 0.0344 recall@10: 0.0569 recall@20: 0.0916 ] [ndcg@5: 0.0296 ndcg@10: 0.0387 ndcg@20: 0.0501 ] 
2025-10-02 13:30:07,765 - Epoch  87 Validation set [recall@5: 0.0349 recall@10: 0.0578 recall@20: 0.0913 ] [ndcg@5: 0.0299 ndcg@10: 0.0392 ndcg@20: 0.0502 ] 
2025-10-02 13:30:10,863 - Epoch  90 Validation set [recall@5: 0.0354 recall@10: 0.0580 recall@20: 0.0927 ] [ndcg@5: 0.0303 ndcg@10: 0.0394 ndcg@20: 0.0508 ] 
2025-10-02 13:30:14,373 - Epoch  93 Validation set [recall@5: 0.0358 recall@10: 0.0584 recall@20: 0.0929 ] [ndcg@5: 0.0308 ndcg@10: 0.0398 ndcg@20: 0.0511 ] 
2025-10-02 13:30:17,951 - Epoch  96 Validation set [recall@5: 0.0360 recall@10: 0.0580 recall@20: 0.0932 ] [ndcg@5: 0.0309 ndcg@10: 0.0397 ndcg@20: 0.0513 ] 
2025-10-02 13:30:21,803 - Epoch  99 Validation set [recall@5: 0.0355 recall@10: 0.0579 recall@20: 0.0927 ] [ndcg@5: 0.0309 ndcg@10: 0.0400 ndcg@20: 0.0515 ] 
2025-10-02 13:30:25,387 - Epoch 102 Validation set [recall@5: 0.0355 recall@10: 0.0584 recall@20: 0.0927 ] [ndcg@5: 0.0310 ndcg@10: 0.0403 ndcg@20: 0.0517 ] 
2025-10-02 13:30:29,262 - Epoch 105 Validation set [recall@5: 0.0364 recall@10: 0.0585 recall@20: 0.0934 ] [ndcg@5: 0.0314 ndcg@10: 0.0403 ndcg@20: 0.0518 ] 
2025-10-02 13:30:32,900 - Epoch 108 Validation set [recall@5: 0.0367 recall@10: 0.0583 recall@20: 0.0934 ] [ndcg@5: 0.0318 ndcg@10: 0.0405 ndcg@20: 0.0520 ] 
2025-10-02 13:30:36,329 - Epoch 111 Validation set [recall@5: 0.0367 recall@10: 0.0587 recall@20: 0.0932 ] [ndcg@5: 0.0318 ndcg@10: 0.0407 ndcg@20: 0.0521 ] 
2025-10-02 13:30:39,820 - Epoch 114 Validation set [recall@5: 0.0363 recall@10: 0.0581 recall@20: 0.0934 ] [ndcg@5: 0.0317 ndcg@10: 0.0405 ndcg@20: 0.0522 ] 
2025-10-02 13:30:43,432 - Epoch 117 Validation set [recall@5: 0.0369 recall@10: 0.0585 recall@20: 0.0938 ] [ndcg@5: 0.0319 ndcg@10: 0.0405 ndcg@20: 0.0522 ] 
2025-10-02 13:30:46,793 - Epoch 120 Validation set [recall@5: 0.0370 recall@10: 0.0587 recall@20: 0.0947 ] [ndcg@5: 0.0322 ndcg@10: 0.0410 ndcg@20: 0.0528 ] 
2025-10-02 13:30:50,232 - Epoch 123 Validation set [recall@5: 0.0369 recall@10: 0.0587 recall@20: 0.0958 ] [ndcg@5: 0.0323 ndcg@10: 0.0412 ndcg@20: 0.0533 ] 
2025-10-02 13:30:54,030 - Epoch 126 Validation set [recall@5: 0.0373 recall@10: 0.0592 recall@20: 0.0960 ] [ndcg@5: 0.0323 ndcg@10: 0.0412 ndcg@20: 0.0533 ] 
2025-10-02 13:30:57,330 - Epoch 129 Validation set [recall@5: 0.0376 recall@10: 0.0594 recall@20: 0.0956 ] [ndcg@5: 0.0326 ndcg@10: 0.0414 ndcg@20: 0.0533 ] 
2025-10-02 13:31:00,986 - Epoch 132 Validation set [recall@5: 0.0376 recall@10: 0.0589 recall@20: 0.0952 ] [ndcg@5: 0.0326 ndcg@10: 0.0411 ndcg@20: 0.0532 ] 
2025-10-02 13:31:04,656 - Epoch 135 Validation set [recall@5: 0.0380 recall@10: 0.0590 recall@20: 0.0956 ] [ndcg@5: 0.0326 ndcg@10: 0.0410 ndcg@20: 0.0532 ] 
2025-10-02 13:31:07,578 - Epoch 138 Validation set [recall@5: 0.0377 recall@10: 0.0593 recall@20: 0.0956 ] [ndcg@5: 0.0323 ndcg@10: 0.0410 ndcg@20: 0.0531 ] 
2025-10-02 13:31:10,995 - Epoch 141 Validation set [recall@5: 0.0382 recall@10: 0.0596 recall@20: 0.0954 ] [ndcg@5: 0.0328 ndcg@10: 0.0414 ndcg@20: 0.0532 ] 
2025-10-02 13:31:11,833 - [recall@5: 0.0373 recall@10: 0.0592 recall@20: 0.0960 ] [ndcg@5: 0.0323 ndcg@10: 0.0412 ndcg@20: 0.0533 ] 
2025-10-02 13:31:12,612 - [recall@5: 0.0333 recall@10: 0.0553 recall@20: 0.0911 ] [ndcg@5: 0.0314 ndcg@10: 0.0408 ndcg@20: 0.0539 ] 
2025-10-02 13:31:12,613 - Best Epoch 126. Final test result: {'recall': array([0.03333523, 0.05530296, 0.09109212]), 'ndcg': array([0.03144898, 0.04078134, 0.05390173])}.
