2025-10-02 13:35:05,945 - {'optimizer': {'name': 'adam', 'lr': 0.001, 'weight_decay': 0}, 'train': {'epoch': 3000, 'batch_size': 4096, 'save_model': False, 'loss': 'pairwise', 'test_step': 3, 'reproducible': True, 'seed': 2023, 'patience': 5}, 'test': {'metrics': ['recall', 'ndcg'], 'k': [5, 10, 20], 'batch_size': 1024}, 'data': {'type': 'general_agcf', 'name': 'Office', 'mat_type': 'uai', 'pre_norm': True, 'user_num': 6338, 'item_num': 4461, 'user_item_num': 10799, 'attr_num': 4065}, 'model': {'name': 'lightgcn_a', 'keep_rate': 0.8, 'embedding_size': 64, 'layer_num': 8, 'reg_weight': 1e-06, 'amazon': {'layer_num': 3, 'reg_weight': 1e-06}, 'yelp': {'layer_num': 3, 'reg_weight': 1e-06}, 'steam': {'layer_num': 2, 'reg_weight': 1e-06}, 'Office': {'layer_num': 8, 'reg_weight': 1e-06}}}
2025-10-02 13:35:09,813 - Epoch   0 Validation set [recall@5: 0.0187 recall@10: 0.0318 recall@20: 0.0514 ] [ndcg@5: 0.0149 ndcg@10: 0.0203 ndcg@20: 0.0267 ] 
2025-10-02 13:35:13,162 - Epoch   3 Validation set [recall@5: 0.0193 recall@10: 0.0316 recall@20: 0.0493 ] [ndcg@5: 0.0153 ndcg@10: 0.0203 ndcg@20: 0.0261 ] 
2025-10-02 13:35:16,842 - Epoch   6 Validation set [recall@5: 0.0194 recall@10: 0.0311 recall@20: 0.0507 ] [ndcg@5: 0.0153 ndcg@10: 0.0202 ndcg@20: 0.0266 ] 
2025-10-02 13:35:19,988 - Epoch   9 Validation set [recall@5: 0.0204 recall@10: 0.0337 recall@20: 0.0522 ] [ndcg@5: 0.0162 ndcg@10: 0.0217 ndcg@20: 0.0276 ] 
2025-10-02 13:35:22,892 - Epoch  12 Validation set [recall@5: 0.0225 recall@10: 0.0361 recall@20: 0.0574 ] [ndcg@5: 0.0181 ndcg@10: 0.0237 ndcg@20: 0.0307 ] 
2025-10-02 13:35:25,897 - Epoch  15 Validation set [recall@5: 0.0241 recall@10: 0.0388 recall@20: 0.0627 ] [ndcg@5: 0.0196 ndcg@10: 0.0255 ndcg@20: 0.0333 ] 
2025-10-02 13:35:29,015 - Epoch  18 Validation set [recall@5: 0.0251 recall@10: 0.0402 recall@20: 0.0657 ] [ndcg@5: 0.0204 ndcg@10: 0.0265 ndcg@20: 0.0350 ] 
2025-10-02 13:35:32,010 - Epoch  21 Validation set [recall@5: 0.0259 recall@10: 0.0423 recall@20: 0.0675 ] [ndcg@5: 0.0213 ndcg@10: 0.0280 ndcg@20: 0.0363 ] 
2025-10-02 13:35:35,867 - Epoch  24 Validation set [recall@5: 0.0258 recall@10: 0.0437 recall@20: 0.0686 ] [ndcg@5: 0.0215 ndcg@10: 0.0288 ndcg@20: 0.0371 ] 
2025-10-02 13:35:39,642 - Epoch  27 Validation set [recall@5: 0.0271 recall@10: 0.0448 recall@20: 0.0700 ] [ndcg@5: 0.0223 ndcg@10: 0.0293 ndcg@20: 0.0377 ] 
2025-10-02 13:35:43,330 - Epoch  30 Validation set [recall@5: 0.0270 recall@10: 0.0457 recall@20: 0.0721 ] [ndcg@5: 0.0223 ndcg@10: 0.0299 ndcg@20: 0.0386 ] 
2025-10-02 13:35:47,145 - Epoch  33 Validation set [recall@5: 0.0273 recall@10: 0.0460 recall@20: 0.0726 ] [ndcg@5: 0.0227 ndcg@10: 0.0302 ndcg@20: 0.0390 ] 
2025-10-02 13:35:50,107 - Epoch  36 Validation set [recall@5: 0.0276 recall@10: 0.0468 recall@20: 0.0739 ] [ndcg@5: 0.0229 ndcg@10: 0.0307 ndcg@20: 0.0397 ] 
2025-10-02 13:35:53,430 - Epoch  39 Validation set [recall@5: 0.0287 recall@10: 0.0470 recall@20: 0.0757 ] [ndcg@5: 0.0237 ndcg@10: 0.0311 ndcg@20: 0.0406 ] 
2025-10-02 13:35:56,477 - Epoch  42 Validation set [recall@5: 0.0288 recall@10: 0.0481 recall@20: 0.0765 ] [ndcg@5: 0.0240 ndcg@10: 0.0318 ndcg@20: 0.0412 ] 
2025-10-02 13:35:59,418 - Epoch  45 Validation set [recall@5: 0.0288 recall@10: 0.0489 recall@20: 0.0777 ] [ndcg@5: 0.0240 ndcg@10: 0.0322 ndcg@20: 0.0417 ] 
2025-10-02 13:36:03,015 - Epoch  48 Validation set [recall@5: 0.0291 recall@10: 0.0497 recall@20: 0.0786 ] [ndcg@5: 0.0242 ndcg@10: 0.0325 ndcg@20: 0.0421 ] 
2025-10-02 13:36:07,010 - Epoch  51 Validation set [recall@5: 0.0292 recall@10: 0.0499 recall@20: 0.0794 ] [ndcg@5: 0.0245 ndcg@10: 0.0328 ndcg@20: 0.0425 ] 
2025-10-02 13:36:10,613 - Epoch  54 Validation set [recall@5: 0.0289 recall@10: 0.0514 recall@20: 0.0800 ] [ndcg@5: 0.0244 ndcg@10: 0.0334 ndcg@20: 0.0429 ] 
2025-10-02 13:36:14,658 - Epoch  57 Validation set [recall@5: 0.0299 recall@10: 0.0517 recall@20: 0.0810 ] [ndcg@5: 0.0250 ndcg@10: 0.0338 ndcg@20: 0.0434 ] 
2025-10-02 13:36:17,804 - Epoch  60 Validation set [recall@5: 0.0303 recall@10: 0.0518 recall@20: 0.0815 ] [ndcg@5: 0.0255 ndcg@10: 0.0341 ndcg@20: 0.0439 ] 
2025-10-02 13:36:21,497 - Epoch  63 Validation set [recall@5: 0.0305 recall@10: 0.0518 recall@20: 0.0826 ] [ndcg@5: 0.0258 ndcg@10: 0.0344 ndcg@20: 0.0445 ] 
2025-10-02 13:36:25,259 - Epoch  66 Validation set [recall@5: 0.0310 recall@10: 0.0523 recall@20: 0.0842 ] [ndcg@5: 0.0262 ndcg@10: 0.0348 ndcg@20: 0.0452 ] 
2025-10-02 13:36:28,670 - Epoch  69 Validation set [recall@5: 0.0316 recall@10: 0.0531 recall@20: 0.0856 ] [ndcg@5: 0.0268 ndcg@10: 0.0354 ndcg@20: 0.0460 ] 
2025-10-02 13:36:32,852 - Epoch  72 Validation set [recall@5: 0.0316 recall@10: 0.0537 recall@20: 0.0857 ] [ndcg@5: 0.0271 ndcg@10: 0.0358 ndcg@20: 0.0463 ] 
2025-10-02 13:36:36,042 - Epoch  75 Validation set [recall@5: 0.0317 recall@10: 0.0538 recall@20: 0.0865 ] [ndcg@5: 0.0268 ndcg@10: 0.0356 ndcg@20: 0.0463 ] 
2025-10-02 13:36:39,796 - Epoch  78 Validation set [recall@5: 0.0323 recall@10: 0.0544 recall@20: 0.0862 ] [ndcg@5: 0.0269 ndcg@10: 0.0356 ndcg@20: 0.0461 ] 
2025-10-02 13:36:43,360 - Epoch  81 Validation set [recall@5: 0.0320 recall@10: 0.0549 recall@20: 0.0864 ] [ndcg@5: 0.0271 ndcg@10: 0.0362 ndcg@20: 0.0466 ] 
2025-10-02 13:36:47,552 - Epoch  84 Validation set [recall@5: 0.0315 recall@10: 0.0554 recall@20: 0.0873 ] [ndcg@5: 0.0270 ndcg@10: 0.0366 ndcg@20: 0.0470 ] 
2025-10-02 13:36:50,687 - Epoch  87 Validation set [recall@5: 0.0314 recall@10: 0.0562 recall@20: 0.0881 ] [ndcg@5: 0.0271 ndcg@10: 0.0370 ndcg@20: 0.0476 ] 
2025-10-02 13:36:54,661 - Epoch  90 Validation set [recall@5: 0.0321 recall@10: 0.0563 recall@20: 0.0891 ] [ndcg@5: 0.0276 ndcg@10: 0.0373 ndcg@20: 0.0481 ] 
2025-10-02 13:36:58,237 - Epoch  93 Validation set [recall@5: 0.0321 recall@10: 0.0557 recall@20: 0.0889 ] [ndcg@5: 0.0277 ndcg@10: 0.0372 ndcg@20: 0.0482 ] 
2025-10-02 13:37:01,202 - Epoch  96 Validation set [recall@5: 0.0323 recall@10: 0.0559 recall@20: 0.0893 ] [ndcg@5: 0.0278 ndcg@10: 0.0373 ndcg@20: 0.0483 ] 
2025-10-02 13:37:04,525 - Epoch  99 Validation set [recall@5: 0.0333 recall@10: 0.0558 recall@20: 0.0906 ] [ndcg@5: 0.0283 ndcg@10: 0.0373 ndcg@20: 0.0488 ] 
2025-10-02 13:37:08,476 - Epoch 102 Validation set [recall@5: 0.0335 recall@10: 0.0556 recall@20: 0.0911 ] [ndcg@5: 0.0285 ndcg@10: 0.0375 ndcg@20: 0.0492 ] 
2025-10-02 13:37:11,609 - Epoch 105 Validation set [recall@5: 0.0337 recall@10: 0.0561 recall@20: 0.0910 ] [ndcg@5: 0.0287 ndcg@10: 0.0379 ndcg@20: 0.0494 ] 
2025-10-02 13:37:14,590 - Epoch 108 Validation set [recall@5: 0.0340 recall@10: 0.0558 recall@20: 0.0911 ] [ndcg@5: 0.0290 ndcg@10: 0.0380 ndcg@20: 0.0496 ] 
2025-10-02 13:37:17,445 - Epoch 111 Validation set [recall@5: 0.0343 recall@10: 0.0560 recall@20: 0.0913 ] [ndcg@5: 0.0293 ndcg@10: 0.0381 ndcg@20: 0.0497 ] 
2025-10-02 13:37:20,303 - Epoch 114 Validation set [recall@5: 0.0342 recall@10: 0.0567 recall@20: 0.0914 ] [ndcg@5: 0.0292 ndcg@10: 0.0384 ndcg@20: 0.0498 ] 
2025-10-02 13:37:24,201 - Epoch 117 Validation set [recall@5: 0.0341 recall@10: 0.0567 recall@20: 0.0919 ] [ndcg@5: 0.0293 ndcg@10: 0.0384 ndcg@20: 0.0500 ] 
2025-10-02 13:37:28,012 - Epoch 120 Validation set [recall@5: 0.0345 recall@10: 0.0568 recall@20: 0.0924 ] [ndcg@5: 0.0298 ndcg@10: 0.0388 ndcg@20: 0.0505 ] 
2025-10-02 13:37:31,849 - Epoch 123 Validation set [recall@5: 0.0347 recall@10: 0.0566 recall@20: 0.0931 ] [ndcg@5: 0.0298 ndcg@10: 0.0387 ndcg@20: 0.0507 ] 
2025-10-02 13:37:34,941 - Epoch 126 Validation set [recall@5: 0.0352 recall@10: 0.0567 recall@20: 0.0928 ] [ndcg@5: 0.0300 ndcg@10: 0.0387 ndcg@20: 0.0506 ] 
2025-10-02 13:37:38,809 - Epoch 129 Validation set [recall@5: 0.0346 recall@10: 0.0572 recall@20: 0.0923 ] [ndcg@5: 0.0298 ndcg@10: 0.0390 ndcg@20: 0.0505 ] 
2025-10-02 13:37:42,209 - Epoch 132 Validation set [recall@5: 0.0357 recall@10: 0.0568 recall@20: 0.0923 ] [ndcg@5: 0.0304 ndcg@10: 0.0390 ndcg@20: 0.0506 ] 
2025-10-02 13:37:45,387 - Epoch 135 Validation set [recall@5: 0.0356 recall@10: 0.0573 recall@20: 0.0932 ] [ndcg@5: 0.0303 ndcg@10: 0.0392 ndcg@20: 0.0510 ] 
2025-10-02 13:37:48,476 - Epoch 138 Validation set [recall@5: 0.0360 recall@10: 0.0578 recall@20: 0.0937 ] [ndcg@5: 0.0305 ndcg@10: 0.0394 ndcg@20: 0.0511 ] 
2025-10-02 13:37:51,704 - Epoch 141 Validation set [recall@5: 0.0362 recall@10: 0.0573 recall@20: 0.0936 ] [ndcg@5: 0.0306 ndcg@10: 0.0391 ndcg@20: 0.0510 ] 
2025-10-02 13:37:55,273 - Epoch 144 Validation set [recall@5: 0.0368 recall@10: 0.0583 recall@20: 0.0934 ] [ndcg@5: 0.0309 ndcg@10: 0.0396 ndcg@20: 0.0511 ] 
2025-10-02 13:37:58,567 - Epoch 147 Validation set [recall@5: 0.0369 recall@10: 0.0581 recall@20: 0.0936 ] [ndcg@5: 0.0312 ndcg@10: 0.0398 ndcg@20: 0.0515 ] 
2025-10-02 13:38:01,533 - Epoch 150 Validation set [recall@5: 0.0369 recall@10: 0.0582 recall@20: 0.0938 ] [ndcg@5: 0.0312 ndcg@10: 0.0399 ndcg@20: 0.0516 ] 
2025-10-02 13:38:04,791 - Epoch 153 Validation set [recall@5: 0.0365 recall@10: 0.0581 recall@20: 0.0945 ] [ndcg@5: 0.0314 ndcg@10: 0.0401 ndcg@20: 0.0521 ] 
2025-10-02 13:38:08,076 - Epoch 156 Validation set [recall@5: 0.0368 recall@10: 0.0582 recall@20: 0.0946 ] [ndcg@5: 0.0314 ndcg@10: 0.0400 ndcg@20: 0.0519 ] 
2025-10-02 13:38:11,001 - Epoch 159 Validation set [recall@5: 0.0373 recall@10: 0.0584 recall@20: 0.0943 ] [ndcg@5: 0.0318 ndcg@10: 0.0403 ndcg@20: 0.0521 ] 
2025-10-02 13:38:14,484 - Epoch 162 Validation set [recall@5: 0.0376 recall@10: 0.0585 recall@20: 0.0949 ] [ndcg@5: 0.0320 ndcg@10: 0.0404 ndcg@20: 0.0523 ] 
2025-10-02 13:38:17,874 - Epoch 165 Validation set [recall@5: 0.0375 recall@10: 0.0590 recall@20: 0.0947 ] [ndcg@5: 0.0317 ndcg@10: 0.0403 ndcg@20: 0.0520 ] 
2025-10-02 13:38:22,145 - Epoch 168 Validation set [recall@5: 0.0370 recall@10: 0.0589 recall@20: 0.0954 ] [ndcg@5: 0.0314 ndcg@10: 0.0402 ndcg@20: 0.0522 ] 
2025-10-02 13:38:25,597 - Epoch 171 Validation set [recall@5: 0.0371 recall@10: 0.0585 recall@20: 0.0948 ] [ndcg@5: 0.0315 ndcg@10: 0.0401 ndcg@20: 0.0521 ] 
2025-10-02 13:38:29,272 - Epoch 174 Validation set [recall@5: 0.0370 recall@10: 0.0590 recall@20: 0.0951 ] [ndcg@5: 0.0320 ndcg@10: 0.0408 ndcg@20: 0.0527 ] 
2025-10-02 13:38:32,416 - Epoch 177 Validation set [recall@5: 0.0368 recall@10: 0.0583 recall@20: 0.0953 ] [ndcg@5: 0.0317 ndcg@10: 0.0404 ndcg@20: 0.0525 ] 
2025-10-02 13:38:36,048 - Epoch 180 Validation set [recall@5: 0.0371 recall@10: 0.0586 recall@20: 0.0960 ] [ndcg@5: 0.0318 ndcg@10: 0.0405 ndcg@20: 0.0527 ] 
2025-10-02 13:38:39,853 - Epoch 183 Validation set [recall@5: 0.0372 recall@10: 0.0594 recall@20: 0.0961 ] [ndcg@5: 0.0319 ndcg@10: 0.0408 ndcg@20: 0.0528 ] 
2025-10-02 13:38:43,660 - Epoch 186 Validation set [recall@5: 0.0371 recall@10: 0.0593 recall@20: 0.0958 ] [ndcg@5: 0.0319 ndcg@10: 0.0408 ndcg@20: 0.0527 ] 
2025-10-02 13:38:46,860 - Epoch 189 Validation set [recall@5: 0.0370 recall@10: 0.0599 recall@20: 0.0958 ] [ndcg@5: 0.0318 ndcg@10: 0.0410 ndcg@20: 0.0528 ] 
2025-10-02 13:38:50,301 - Epoch 192 Validation set [recall@5: 0.0372 recall@10: 0.0600 recall@20: 0.0954 ] [ndcg@5: 0.0318 ndcg@10: 0.0409 ndcg@20: 0.0526 ] 
2025-10-02 13:38:53,318 - Epoch 195 Validation set [recall@5: 0.0375 recall@10: 0.0596 recall@20: 0.0956 ] [ndcg@5: 0.0320 ndcg@10: 0.0408 ndcg@20: 0.0527 ] 
2025-10-02 13:38:57,086 - Epoch 198 Validation set [recall@5: 0.0373 recall@10: 0.0594 recall@20: 0.0951 ] [ndcg@5: 0.0319 ndcg@10: 0.0407 ndcg@20: 0.0525 ] 
2025-10-02 13:38:57,931 - [recall@5: 0.0372 recall@10: 0.0594 recall@20: 0.0961 ] [ndcg@5: 0.0319 ndcg@10: 0.0408 ndcg@20: 0.0528 ] 
2025-10-02 13:38:58,765 - [recall@5: 0.0322 recall@10: 0.0536 recall@20: 0.0907 ] [ndcg@5: 0.0308 ndcg@10: 0.0400 ndcg@20: 0.0536 ] 
2025-10-02 13:38:58,766 - Best Epoch 183. Final test result: {'recall': array([0.03216904, 0.05364702, 0.09074091]), 'ndcg': array([0.03077866, 0.04002972, 0.05363592])}.
