2025-10-02 15:34:40,464 - {'optimizer': {'name': 'adam', 'lr': 0.001, 'weight_decay': 0}, 'train': {'epoch': 3000, 'batch_size': 4096, 'save_model': False, 'loss': 'pairwise', 'test_step': 3, 'reproducible': True, 'seed': 2023, 'patience': 5}, 'test': {'metrics': ['recall', 'ndcg'], 'k': [5, 10, 20], 'batch_size': 1024}, 'data': {'type': 'general_agcf', 'name': 'yelp', 'mat_type': 'uai', 'pre_norm': True, 'user_num': 11091, 'item_num': 11010, 'user_item_num': 22101, 'attr_num': 2607}, 'model': {'name': 'lightgcn_a', 'keep_rate': 0.8, 'embedding_size': 64, 'layer_num': 10, 'reg_weight': 1e-06, 'amazon': {'layer_num': 3, 'reg_weight': 1e-06}, 'yelp': {'layer_num': 10, 'reg_weight': 1e-06}, 'steam': {'layer_num': 2, 'reg_weight': 1e-06}, 'Office': {'layer_num': 3, 'reg_weight': 1e-06}}}
2025-10-02 15:34:47,123 - Epoch   0 Validation set [recall@5: 0.0079 recall@10: 0.0142 recall@20: 0.0248 ] [ndcg@5: 0.0098 ndcg@10: 0.0120 ndcg@20: 0.0155 ] 
2025-10-02 15:34:56,696 - Epoch   3 Validation set [recall@5: 0.0192 recall@10: 0.0323 recall@20: 0.0512 ] [ndcg@5: 0.0220 ndcg@10: 0.0257 ndcg@20: 0.0320 ] 
2025-10-02 15:35:05,884 - Epoch   6 Validation set [recall@5: 0.0289 recall@10: 0.0487 recall@20: 0.0789 ] [ndcg@5: 0.0348 ndcg@10: 0.0407 ndcg@20: 0.0507 ] 
2025-10-02 15:35:15,955 - Epoch   9 Validation set [recall@5: 0.0304 recall@10: 0.0515 recall@20: 0.0826 ] [ndcg@5: 0.0362 ndcg@10: 0.0426 ndcg@20: 0.0529 ] 
2025-10-02 15:35:25,357 - Epoch  12 Validation set [recall@5: 0.0307 recall@10: 0.0527 recall@20: 0.0841 ] [ndcg@5: 0.0366 ndcg@10: 0.0434 ndcg@20: 0.0538 ] 
2025-10-02 15:35:34,525 - Epoch  15 Validation set [recall@5: 0.0312 recall@10: 0.0531 recall@20: 0.0866 ] [ndcg@5: 0.0367 ndcg@10: 0.0436 ndcg@20: 0.0547 ] 
2025-10-02 15:35:43,923 - Epoch  18 Validation set [recall@5: 0.0313 recall@10: 0.0533 recall@20: 0.0870 ] [ndcg@5: 0.0368 ndcg@10: 0.0438 ndcg@20: 0.0551 ] 
2025-10-02 15:35:53,961 - Epoch  21 Validation set [recall@5: 0.0315 recall@10: 0.0543 recall@20: 0.0876 ] [ndcg@5: 0.0367 ndcg@10: 0.0440 ndcg@20: 0.0551 ] 
2025-10-02 15:36:04,548 - Epoch  24 Validation set [recall@5: 0.0316 recall@10: 0.0545 recall@20: 0.0879 ] [ndcg@5: 0.0371 ndcg@10: 0.0443 ndcg@20: 0.0556 ] 
2025-10-02 15:36:14,484 - Epoch  27 Validation set [recall@5: 0.0322 recall@10: 0.0548 recall@20: 0.0885 ] [ndcg@5: 0.0377 ndcg@10: 0.0448 ndcg@20: 0.0561 ] 
2025-10-02 15:36:23,569 - Epoch  30 Validation set [recall@5: 0.0326 recall@10: 0.0555 recall@20: 0.0903 ] [ndcg@5: 0.0381 ndcg@10: 0.0453 ndcg@20: 0.0569 ] 
2025-10-02 15:36:32,725 - Epoch  33 Validation set [recall@5: 0.0329 recall@10: 0.0558 recall@20: 0.0919 ] [ndcg@5: 0.0383 ndcg@10: 0.0456 ndcg@20: 0.0577 ] 
2025-10-02 15:36:41,747 - Epoch  36 Validation set [recall@5: 0.0330 recall@10: 0.0564 recall@20: 0.0920 ] [ndcg@5: 0.0384 ndcg@10: 0.0459 ndcg@20: 0.0578 ] 
2025-10-02 15:36:51,326 - Epoch  39 Validation set [recall@5: 0.0329 recall@10: 0.0569 recall@20: 0.0927 ] [ndcg@5: 0.0383 ndcg@10: 0.0459 ndcg@20: 0.0579 ] 
2025-10-02 15:37:01,410 - Epoch  42 Validation set [recall@5: 0.0334 recall@10: 0.0578 recall@20: 0.0935 ] [ndcg@5: 0.0387 ndcg@10: 0.0466 ndcg@20: 0.0585 ] 
2025-10-02 15:37:10,770 - Epoch  45 Validation set [recall@5: 0.0335 recall@10: 0.0578 recall@20: 0.0950 ] [ndcg@5: 0.0387 ndcg@10: 0.0468 ndcg@20: 0.0592 ] 
2025-10-02 15:37:21,216 - Epoch  48 Validation set [recall@5: 0.0336 recall@10: 0.0580 recall@20: 0.0956 ] [ndcg@5: 0.0391 ndcg@10: 0.0471 ndcg@20: 0.0595 ] 
2025-10-02 15:37:31,924 - Epoch  51 Validation set [recall@5: 0.0336 recall@10: 0.0586 recall@20: 0.0960 ] [ndcg@5: 0.0392 ndcg@10: 0.0476 ndcg@20: 0.0601 ] 
2025-10-02 15:37:41,370 - Epoch  54 Validation set [recall@5: 0.0341 recall@10: 0.0600 recall@20: 0.0969 ] [ndcg@5: 0.0400 ndcg@10: 0.0484 ndcg@20: 0.0609 ] 
2025-10-02 15:37:50,393 - Epoch  57 Validation set [recall@5: 0.0345 recall@10: 0.0599 recall@20: 0.0976 ] [ndcg@5: 0.0404 ndcg@10: 0.0486 ndcg@20: 0.0614 ] 
2025-10-02 15:38:01,056 - Epoch  60 Validation set [recall@5: 0.0349 recall@10: 0.0605 recall@20: 0.0976 ] [ndcg@5: 0.0408 ndcg@10: 0.0492 ndcg@20: 0.0617 ] 
2025-10-02 15:38:11,400 - Epoch  63 Validation set [recall@5: 0.0353 recall@10: 0.0604 recall@20: 0.0989 ] [ndcg@5: 0.0412 ndcg@10: 0.0493 ndcg@20: 0.0623 ] 
2025-10-02 15:38:20,398 - Epoch  66 Validation set [recall@5: 0.0351 recall@10: 0.0604 recall@20: 0.0993 ] [ndcg@5: 0.0411 ndcg@10: 0.0493 ndcg@20: 0.0625 ] 
2025-10-02 15:38:29,582 - Epoch  69 Validation set [recall@5: 0.0357 recall@10: 0.0608 recall@20: 0.0994 ] [ndcg@5: 0.0418 ndcg@10: 0.0497 ndcg@20: 0.0628 ] 
2025-10-02 15:38:38,766 - Epoch  72 Validation set [recall@5: 0.0355 recall@10: 0.0610 recall@20: 0.1000 ] [ndcg@5: 0.0418 ndcg@10: 0.0499 ndcg@20: 0.0632 ] 
2025-10-02 15:38:48,053 - Epoch  75 Validation set [recall@5: 0.0361 recall@10: 0.0619 recall@20: 0.1012 ] [ndcg@5: 0.0419 ndcg@10: 0.0503 ndcg@20: 0.0638 ] 
2025-10-02 15:38:58,597 - Epoch  78 Validation set [recall@5: 0.0362 recall@10: 0.0619 recall@20: 0.1015 ] [ndcg@5: 0.0424 ndcg@10: 0.0507 ndcg@20: 0.0642 ] 
2025-10-02 15:39:08,987 - Epoch  81 Validation set [recall@5: 0.0363 recall@10: 0.0618 recall@20: 0.1023 ] [ndcg@5: 0.0427 ndcg@10: 0.0509 ndcg@20: 0.0646 ] 
2025-10-02 15:39:18,801 - Epoch  84 Validation set [recall@5: 0.0366 recall@10: 0.0628 recall@20: 0.1032 ] [ndcg@5: 0.0431 ndcg@10: 0.0516 ndcg@20: 0.0651 ] 
2025-10-02 15:39:27,687 - Epoch  87 Validation set [recall@5: 0.0363 recall@10: 0.0620 recall@20: 0.1043 ] [ndcg@5: 0.0429 ndcg@10: 0.0512 ndcg@20: 0.0655 ] 
2025-10-02 15:39:36,360 - Epoch  90 Validation set [recall@5: 0.0361 recall@10: 0.0633 recall@20: 0.1050 ] [ndcg@5: 0.0428 ndcg@10: 0.0516 ndcg@20: 0.0657 ] 
2025-10-02 15:39:45,593 - Epoch  93 Validation set [recall@5: 0.0367 recall@10: 0.0635 recall@20: 0.1044 ] [ndcg@5: 0.0434 ndcg@10: 0.0521 ndcg@20: 0.0659 ] 
2025-10-02 15:39:54,957 - Epoch  96 Validation set [recall@5: 0.0368 recall@10: 0.0633 recall@20: 0.1053 ] [ndcg@5: 0.0432 ndcg@10: 0.0519 ndcg@20: 0.0661 ] 
2025-10-02 15:40:04,532 - Epoch  99 Validation set [recall@5: 0.0372 recall@10: 0.0640 recall@20: 0.1059 ] [ndcg@5: 0.0440 ndcg@10: 0.0527 ndcg@20: 0.0668 ] 
2025-10-02 15:40:13,932 - Epoch 102 Validation set [recall@5: 0.0377 recall@10: 0.0641 recall@20: 0.1054 ] [ndcg@5: 0.0442 ndcg@10: 0.0526 ndcg@20: 0.0666 ] 
2025-10-02 15:40:22,965 - Epoch 105 Validation set [recall@5: 0.0379 recall@10: 0.0648 recall@20: 0.1062 ] [ndcg@5: 0.0443 ndcg@10: 0.0530 ndcg@20: 0.0670 ] 
2025-10-02 15:40:32,963 - Epoch 108 Validation set [recall@5: 0.0372 recall@10: 0.0650 recall@20: 0.1073 ] [ndcg@5: 0.0440 ndcg@10: 0.0531 ndcg@20: 0.0675 ] 
2025-10-02 15:40:42,416 - Epoch 111 Validation set [recall@5: 0.0382 recall@10: 0.0657 recall@20: 0.1081 ] [ndcg@5: 0.0449 ndcg@10: 0.0537 ndcg@20: 0.0681 ] 
2025-10-02 15:40:51,588 - Epoch 114 Validation set [recall@5: 0.0384 recall@10: 0.0661 recall@20: 0.1093 ] [ndcg@5: 0.0451 ndcg@10: 0.0541 ndcg@20: 0.0688 ] 
2025-10-02 15:41:01,407 - Epoch 117 Validation set [recall@5: 0.0385 recall@10: 0.0660 recall@20: 0.1089 ] [ndcg@5: 0.0451 ndcg@10: 0.0540 ndcg@20: 0.0685 ] 
2025-10-02 15:41:11,239 - Epoch 120 Validation set [recall@5: 0.0391 recall@10: 0.0661 recall@20: 0.1099 ] [ndcg@5: 0.0454 ndcg@10: 0.0541 ndcg@20: 0.0689 ] 
2025-10-02 15:41:20,372 - Epoch 123 Validation set [recall@5: 0.0390 recall@10: 0.0675 recall@20: 0.1094 ] [ndcg@5: 0.0455 ndcg@10: 0.0549 ndcg@20: 0.0691 ] 
2025-10-02 15:41:30,231 - Epoch 126 Validation set [recall@5: 0.0391 recall@10: 0.0669 recall@20: 0.1104 ] [ndcg@5: 0.0458 ndcg@10: 0.0547 ndcg@20: 0.0696 ] 
2025-10-02 15:41:39,951 - Epoch 129 Validation set [recall@5: 0.0390 recall@10: 0.0668 recall@20: 0.1104 ] [ndcg@5: 0.0458 ndcg@10: 0.0548 ndcg@20: 0.0695 ] 
2025-10-02 15:41:49,769 - Epoch 132 Validation set [recall@5: 0.0387 recall@10: 0.0670 recall@20: 0.1103 ] [ndcg@5: 0.0455 ndcg@10: 0.0548 ndcg@20: 0.0695 ] 
2025-10-02 15:42:00,437 - Epoch 135 Validation set [recall@5: 0.0393 recall@10: 0.0673 recall@20: 0.1109 ] [ndcg@5: 0.0461 ndcg@10: 0.0552 ndcg@20: 0.0700 ] 
2025-10-02 15:42:10,145 - Epoch 138 Validation set [recall@5: 0.0396 recall@10: 0.0675 recall@20: 0.1106 ] [ndcg@5: 0.0464 ndcg@10: 0.0553 ndcg@20: 0.0700 ] 
2025-10-02 15:42:20,363 - Epoch 141 Validation set [recall@5: 0.0395 recall@10: 0.0676 recall@20: 0.1107 ] [ndcg@5: 0.0466 ndcg@10: 0.0553 ndcg@20: 0.0701 ] 
2025-10-02 15:42:29,756 - Epoch 144 Validation set [recall@5: 0.0402 recall@10: 0.0676 recall@20: 0.1118 ] [ndcg@5: 0.0470 ndcg@10: 0.0557 ndcg@20: 0.0707 ] 
2025-10-02 15:42:38,961 - Epoch 147 Validation set [recall@5: 0.0399 recall@10: 0.0675 recall@20: 0.1130 ] [ndcg@5: 0.0467 ndcg@10: 0.0555 ndcg@20: 0.0709 ] 
2025-10-02 15:42:48,605 - Epoch 150 Validation set [recall@5: 0.0396 recall@10: 0.0679 recall@20: 0.1130 ] [ndcg@5: 0.0463 ndcg@10: 0.0554 ndcg@20: 0.0707 ] 
2025-10-02 15:42:58,411 - Epoch 153 Validation set [recall@5: 0.0402 recall@10: 0.0677 recall@20: 0.1133 ] [ndcg@5: 0.0468 ndcg@10: 0.0556 ndcg@20: 0.0712 ] 
2025-10-02 15:43:08,811 - Epoch 156 Validation set [recall@5: 0.0403 recall@10: 0.0673 recall@20: 0.1126 ] [ndcg@5: 0.0468 ndcg@10: 0.0554 ndcg@20: 0.0707 ] 
2025-10-02 15:43:19,526 - Epoch 159 Validation set [recall@5: 0.0400 recall@10: 0.0668 recall@20: 0.1129 ] [ndcg@5: 0.0467 ndcg@10: 0.0552 ndcg@20: 0.0709 ] 
2025-10-02 15:43:30,079 - Epoch 162 Validation set [recall@5: 0.0402 recall@10: 0.0671 recall@20: 0.1131 ] [ndcg@5: 0.0468 ndcg@10: 0.0553 ndcg@20: 0.0709 ] 
2025-10-02 15:43:39,178 - Epoch 165 Validation set [recall@5: 0.0405 recall@10: 0.0674 recall@20: 0.1131 ] [ndcg@5: 0.0468 ndcg@10: 0.0554 ndcg@20: 0.0710 ] 
2025-10-02 15:43:48,889 - Epoch 168 Validation set [recall@5: 0.0403 recall@10: 0.0672 recall@20: 0.1137 ] [ndcg@5: 0.0467 ndcg@10: 0.0552 ndcg@20: 0.0710 ] 
2025-10-02 15:43:59,188 - Epoch 171 Validation set [recall@5: 0.0402 recall@10: 0.0679 recall@20: 0.1141 ] [ndcg@5: 0.0469 ndcg@10: 0.0557 ndcg@20: 0.0715 ] 
2025-10-02 15:44:09,515 - Epoch 174 Validation set [recall@5: 0.0400 recall@10: 0.0682 recall@20: 0.1137 ] [ndcg@5: 0.0469 ndcg@10: 0.0558 ndcg@20: 0.0713 ] 
2025-10-02 15:44:19,301 - Epoch 177 Validation set [recall@5: 0.0404 recall@10: 0.0680 recall@20: 0.1140 ] [ndcg@5: 0.0471 ndcg@10: 0.0559 ndcg@20: 0.0715 ] 
2025-10-02 15:44:28,143 - Epoch 180 Validation set [recall@5: 0.0400 recall@10: 0.0685 recall@20: 0.1148 ] [ndcg@5: 0.0468 ndcg@10: 0.0561 ndcg@20: 0.0719 ] 
2025-10-02 15:44:38,570 - Epoch 183 Validation set [recall@5: 0.0401 recall@10: 0.0682 recall@20: 0.1138 ] [ndcg@5: 0.0473 ndcg@10: 0.0562 ndcg@20: 0.0718 ] 
2025-10-02 15:44:48,631 - Epoch 186 Validation set [recall@5: 0.0409 recall@10: 0.0682 recall@20: 0.1150 ] [ndcg@5: 0.0481 ndcg@10: 0.0567 ndcg@20: 0.0724 ] 
2025-10-02 15:44:57,647 - Epoch 189 Validation set [recall@5: 0.0406 recall@10: 0.0689 recall@20: 0.1150 ] [ndcg@5: 0.0478 ndcg@10: 0.0567 ndcg@20: 0.0724 ] 
2025-10-02 15:45:06,400 - Epoch 192 Validation set [recall@5: 0.0405 recall@10: 0.0685 recall@20: 0.1152 ] [ndcg@5: 0.0475 ndcg@10: 0.0563 ndcg@20: 0.0722 ] 
2025-10-02 15:45:15,444 - Epoch 195 Validation set [recall@5: 0.0408 recall@10: 0.0682 recall@20: 0.1158 ] [ndcg@5: 0.0477 ndcg@10: 0.0563 ndcg@20: 0.0724 ] 
2025-10-02 15:45:24,621 - Epoch 198 Validation set [recall@5: 0.0408 recall@10: 0.0684 recall@20: 0.1163 ] [ndcg@5: 0.0476 ndcg@10: 0.0563 ndcg@20: 0.0725 ] 
2025-10-02 15:45:33,956 - Epoch 201 Validation set [recall@5: 0.0412 recall@10: 0.0683 recall@20: 0.1156 ] [ndcg@5: 0.0479 ndcg@10: 0.0564 ndcg@20: 0.0725 ] 
2025-10-02 15:45:44,611 - Epoch 204 Validation set [recall@5: 0.0418 recall@10: 0.0689 recall@20: 0.1167 ] [ndcg@5: 0.0481 ndcg@10: 0.0566 ndcg@20: 0.0728 ] 
2025-10-02 15:45:54,285 - Epoch 207 Validation set [recall@5: 0.0409 recall@10: 0.0689 recall@20: 0.1156 ] [ndcg@5: 0.0477 ndcg@10: 0.0566 ndcg@20: 0.0725 ] 
2025-10-02 15:46:04,114 - Epoch 210 Validation set [recall@5: 0.0415 recall@10: 0.0696 recall@20: 0.1173 ] [ndcg@5: 0.0482 ndcg@10: 0.0571 ndcg@20: 0.0732 ] 
2025-10-02 15:46:13,234 - Epoch 213 Validation set [recall@5: 0.0408 recall@10: 0.0699 recall@20: 0.1176 ] [ndcg@5: 0.0482 ndcg@10: 0.0573 ndcg@20: 0.0734 ] 
2025-10-02 15:46:22,431 - Epoch 216 Validation set [recall@5: 0.0411 recall@10: 0.0699 recall@20: 0.1176 ] [ndcg@5: 0.0484 ndcg@10: 0.0574 ndcg@20: 0.0735 ] 
2025-10-02 15:46:31,812 - Epoch 219 Validation set [recall@5: 0.0417 recall@10: 0.0697 recall@20: 0.1166 ] [ndcg@5: 0.0487 ndcg@10: 0.0574 ndcg@20: 0.0733 ] 
2025-10-02 15:46:41,826 - Epoch 222 Validation set [recall@5: 0.0419 recall@10: 0.0700 recall@20: 0.1165 ] [ndcg@5: 0.0485 ndcg@10: 0.0574 ndcg@20: 0.0731 ] 
2025-10-02 15:46:51,353 - Epoch 225 Validation set [recall@5: 0.0425 recall@10: 0.0694 recall@20: 0.1171 ] [ndcg@5: 0.0489 ndcg@10: 0.0571 ndcg@20: 0.0733 ] 
2025-10-02 15:47:00,824 - Epoch 228 Validation set [recall@5: 0.0416 recall@10: 0.0704 recall@20: 0.1167 ] [ndcg@5: 0.0487 ndcg@10: 0.0577 ndcg@20: 0.0734 ] 
2025-10-02 15:47:11,562 - Epoch 231 Validation set [recall@5: 0.0425 recall@10: 0.0708 recall@20: 0.1176 ] [ndcg@5: 0.0494 ndcg@10: 0.0581 ndcg@20: 0.0739 ] 
2025-10-02 15:47:13,569 - [recall@5: 0.0411 recall@10: 0.0699 recall@20: 0.1176 ] [ndcg@5: 0.0484 ndcg@10: 0.0574 ndcg@20: 0.0735 ] 
2025-10-02 15:47:15,513 - [recall@5: 0.0411 recall@10: 0.0685 recall@20: 0.1144 ] [ndcg@5: 0.0474 ndcg@10: 0.0562 ndcg@20: 0.0718 ] 
2025-10-02 15:47:15,513 - Best Epoch 216. Final test result: {'recall': array([0.04107849, 0.06849665, 0.11442239]), 'ndcg': array([0.04735371, 0.05619216, 0.07175176])}.
