2025-10-02 15:02:07,421 - {'optimizer': {'name': 'adam', 'lr': 0.001, 'weight_decay': 0}, 'train': {'epoch': 3000, 'batch_size': 4096, 'save_model': False, 'loss': 'pairwise', 'test_step': 3, 'reproducible': True, 'seed': 2023, 'patience': 5}, 'test': {'metrics': ['recall', 'ndcg'], 'k': [5, 10, 20], 'batch_size': 1024}, 'data': {'type': 'general_agcf', 'name': 'yelp', 'mat_type': 'uai', 'pre_norm': True, 'user_num': 11091, 'item_num': 11010, 'user_item_num': 22101, 'attr_num': 2607}, 'model': {'name': 'lightgcn_a', 'keep_rate': 0.8, 'embedding_size': 64, 'layer_num': 7, 'reg_weight': 1e-06, 'amazon': {'layer_num': 3, 'reg_weight': 1e-06}, 'yelp': {'layer_num': 7, 'reg_weight': 1e-06}, 'steam': {'layer_num': 2, 'reg_weight': 1e-06}, 'Office': {'layer_num': 3, 'reg_weight': 1e-06}}}
2025-10-02 15:02:12,938 - Epoch   0 Validation set [recall@5: 0.0088 recall@10: 0.0150 recall@20: 0.0254 ] [ndcg@5: 0.0111 ndcg@10: 0.0130 ndcg@20: 0.0164 ] 
2025-10-02 15:02:22,636 - Epoch   3 Validation set [recall@5: 0.0267 recall@10: 0.0456 recall@20: 0.0728 ] [ndcg@5: 0.0321 ndcg@10: 0.0376 ndcg@20: 0.0466 ] 
2025-10-02 15:02:31,832 - Epoch   6 Validation set [recall@5: 0.0302 recall@10: 0.0509 recall@20: 0.0825 ] [ndcg@5: 0.0362 ndcg@10: 0.0424 ndcg@20: 0.0528 ] 
2025-10-02 15:02:40,125 - Epoch   9 Validation set [recall@5: 0.0310 recall@10: 0.0521 recall@20: 0.0847 ] [ndcg@5: 0.0368 ndcg@10: 0.0432 ndcg@20: 0.0540 ] 
2025-10-02 15:02:49,123 - Epoch  12 Validation set [recall@5: 0.0308 recall@10: 0.0530 recall@20: 0.0853 ] [ndcg@5: 0.0367 ndcg@10: 0.0436 ndcg@20: 0.0543 ] 
2025-10-02 15:02:57,555 - Epoch  15 Validation set [recall@5: 0.0315 recall@10: 0.0532 recall@20: 0.0873 ] [ndcg@5: 0.0370 ndcg@10: 0.0438 ndcg@20: 0.0552 ] 
2025-10-02 15:03:06,027 - Epoch  18 Validation set [recall@5: 0.0312 recall@10: 0.0536 recall@20: 0.0883 ] [ndcg@5: 0.0370 ndcg@10: 0.0442 ndcg@20: 0.0558 ] 
2025-10-02 15:03:15,465 - Epoch  21 Validation set [recall@5: 0.0316 recall@10: 0.0539 recall@20: 0.0888 ] [ndcg@5: 0.0369 ndcg@10: 0.0440 ndcg@20: 0.0557 ] 
2025-10-02 15:03:24,834 - Epoch  24 Validation set [recall@5: 0.0317 recall@10: 0.0547 recall@20: 0.0893 ] [ndcg@5: 0.0372 ndcg@10: 0.0446 ndcg@20: 0.0562 ] 
2025-10-02 15:03:32,808 - Epoch  27 Validation set [recall@5: 0.0326 recall@10: 0.0550 recall@20: 0.0900 ] [ndcg@5: 0.0379 ndcg@10: 0.0449 ndcg@20: 0.0567 ] 
2025-10-02 15:03:42,252 - Epoch  30 Validation set [recall@5: 0.0329 recall@10: 0.0554 recall@20: 0.0914 ] [ndcg@5: 0.0384 ndcg@10: 0.0455 ndcg@20: 0.0575 ] 
2025-10-02 15:03:52,123 - Epoch  33 Validation set [recall@5: 0.0330 recall@10: 0.0566 recall@20: 0.0922 ] [ndcg@5: 0.0384 ndcg@10: 0.0460 ndcg@20: 0.0581 ] 
2025-10-02 15:04:00,936 - Epoch  36 Validation set [recall@5: 0.0334 recall@10: 0.0568 recall@20: 0.0934 ] [ndcg@5: 0.0387 ndcg@10: 0.0462 ndcg@20: 0.0584 ] 
2025-10-02 15:04:09,915 - Epoch  39 Validation set [recall@5: 0.0330 recall@10: 0.0576 recall@20: 0.0943 ] [ndcg@5: 0.0386 ndcg@10: 0.0467 ndcg@20: 0.0588 ] 
2025-10-02 15:04:18,927 - Epoch  42 Validation set [recall@5: 0.0337 recall@10: 0.0585 recall@20: 0.0958 ] [ndcg@5: 0.0389 ndcg@10: 0.0472 ndcg@20: 0.0595 ] 
2025-10-02 15:04:27,147 - Epoch  45 Validation set [recall@5: 0.0337 recall@10: 0.0580 recall@20: 0.0962 ] [ndcg@5: 0.0392 ndcg@10: 0.0473 ndcg@20: 0.0601 ] 
2025-10-02 15:04:35,693 - Epoch  48 Validation set [recall@5: 0.0341 recall@10: 0.0594 recall@20: 0.0970 ] [ndcg@5: 0.0396 ndcg@10: 0.0479 ndcg@20: 0.0604 ] 
2025-10-02 15:04:43,404 - Epoch  51 Validation set [recall@5: 0.0341 recall@10: 0.0598 recall@20: 0.0971 ] [ndcg@5: 0.0399 ndcg@10: 0.0485 ndcg@20: 0.0610 ] 
2025-10-02 15:04:51,032 - Epoch  54 Validation set [recall@5: 0.0346 recall@10: 0.0599 recall@20: 0.0982 ] [ndcg@5: 0.0406 ndcg@10: 0.0488 ndcg@20: 0.0617 ] 
2025-10-02 15:04:58,745 - Epoch  57 Validation set [recall@5: 0.0352 recall@10: 0.0604 recall@20: 0.0987 ] [ndcg@5: 0.0413 ndcg@10: 0.0493 ndcg@20: 0.0623 ] 
2025-10-02 15:05:07,961 - Epoch  60 Validation set [recall@5: 0.0354 recall@10: 0.0609 recall@20: 0.0990 ] [ndcg@5: 0.0415 ndcg@10: 0.0497 ndcg@20: 0.0626 ] 
2025-10-02 15:05:16,087 - Epoch  63 Validation set [recall@5: 0.0354 recall@10: 0.0610 recall@20: 0.1006 ] [ndcg@5: 0.0416 ndcg@10: 0.0498 ndcg@20: 0.0632 ] 
2025-10-02 15:05:25,152 - Epoch  66 Validation set [recall@5: 0.0362 recall@10: 0.0612 recall@20: 0.1009 ] [ndcg@5: 0.0421 ndcg@10: 0.0500 ndcg@20: 0.0635 ] 
2025-10-02 15:05:33,379 - Epoch  69 Validation set [recall@5: 0.0363 recall@10: 0.0609 recall@20: 0.1005 ] [ndcg@5: 0.0425 ndcg@10: 0.0502 ndcg@20: 0.0637 ] 
2025-10-02 15:05:42,392 - Epoch  72 Validation set [recall@5: 0.0356 recall@10: 0.0618 recall@20: 0.1020 ] [ndcg@5: 0.0424 ndcg@10: 0.0508 ndcg@20: 0.0645 ] 
2025-10-02 15:05:50,199 - Epoch  75 Validation set [recall@5: 0.0373 recall@10: 0.0629 recall@20: 0.1031 ] [ndcg@5: 0.0431 ndcg@10: 0.0514 ndcg@20: 0.0651 ] 
2025-10-02 15:05:58,191 - Epoch  78 Validation set [recall@5: 0.0371 recall@10: 0.0622 recall@20: 0.1042 ] [ndcg@5: 0.0433 ndcg@10: 0.0512 ndcg@20: 0.0656 ] 
2025-10-02 15:06:05,796 - Epoch  81 Validation set [recall@5: 0.0367 recall@10: 0.0626 recall@20: 0.1051 ] [ndcg@5: 0.0436 ndcg@10: 0.0519 ndcg@20: 0.0663 ] 
2025-10-02 15:06:13,929 - Epoch  84 Validation set [recall@5: 0.0368 recall@10: 0.0634 recall@20: 0.1056 ] [ndcg@5: 0.0438 ndcg@10: 0.0525 ndcg@20: 0.0666 ] 
2025-10-02 15:06:22,345 - Epoch  87 Validation set [recall@5: 0.0374 recall@10: 0.0635 recall@20: 0.1060 ] [ndcg@5: 0.0439 ndcg@10: 0.0522 ndcg@20: 0.0667 ] 
2025-10-02 15:06:30,744 - Epoch  90 Validation set [recall@5: 0.0371 recall@10: 0.0637 recall@20: 0.1073 ] [ndcg@5: 0.0437 ndcg@10: 0.0523 ndcg@20: 0.0670 ] 
2025-10-02 15:06:39,516 - Epoch  93 Validation set [recall@5: 0.0377 recall@10: 0.0640 recall@20: 0.1062 ] [ndcg@5: 0.0443 ndcg@10: 0.0528 ndcg@20: 0.0670 ] 
2025-10-02 15:06:48,281 - Epoch  96 Validation set [recall@5: 0.0378 recall@10: 0.0643 recall@20: 0.1074 ] [ndcg@5: 0.0443 ndcg@10: 0.0528 ndcg@20: 0.0674 ] 
2025-10-02 15:06:56,187 - Epoch  99 Validation set [recall@5: 0.0382 recall@10: 0.0648 recall@20: 0.1075 ] [ndcg@5: 0.0451 ndcg@10: 0.0536 ndcg@20: 0.0681 ] 
2025-10-02 15:07:03,681 - Epoch 102 Validation set [recall@5: 0.0384 recall@10: 0.0655 recall@20: 0.1076 ] [ndcg@5: 0.0452 ndcg@10: 0.0538 ndcg@20: 0.0681 ] 
2025-10-02 15:07:13,033 - Epoch 105 Validation set [recall@5: 0.0384 recall@10: 0.0660 recall@20: 0.1088 ] [ndcg@5: 0.0451 ndcg@10: 0.0541 ndcg@20: 0.0685 ] 
2025-10-02 15:07:21,865 - Epoch 108 Validation set [recall@5: 0.0387 recall@10: 0.0668 recall@20: 0.1087 ] [ndcg@5: 0.0454 ndcg@10: 0.0544 ndcg@20: 0.0686 ] 
2025-10-02 15:07:30,011 - Epoch 111 Validation set [recall@5: 0.0393 recall@10: 0.0671 recall@20: 0.1096 ] [ndcg@5: 0.0461 ndcg@10: 0.0550 ndcg@20: 0.0694 ] 
2025-10-02 15:07:37,887 - Epoch 114 Validation set [recall@5: 0.0402 recall@10: 0.0678 recall@20: 0.1109 ] [ndcg@5: 0.0465 ndcg@10: 0.0554 ndcg@20: 0.0699 ] 
2025-10-02 15:07:46,876 - Epoch 117 Validation set [recall@5: 0.0398 recall@10: 0.0677 recall@20: 0.1114 ] [ndcg@5: 0.0463 ndcg@10: 0.0552 ndcg@20: 0.0700 ] 
2025-10-02 15:07:56,086 - Epoch 120 Validation set [recall@5: 0.0399 recall@10: 0.0675 recall@20: 0.1119 ] [ndcg@5: 0.0464 ndcg@10: 0.0553 ndcg@20: 0.0704 ] 
2025-10-02 15:08:04,490 - Epoch 123 Validation set [recall@5: 0.0404 recall@10: 0.0681 recall@20: 0.1116 ] [ndcg@5: 0.0471 ndcg@10: 0.0559 ndcg@20: 0.0706 ] 
2025-10-02 15:08:12,286 - Epoch 126 Validation set [recall@5: 0.0405 recall@10: 0.0679 recall@20: 0.1127 ] [ndcg@5: 0.0471 ndcg@10: 0.0559 ndcg@20: 0.0710 ] 
2025-10-02 15:08:20,842 - Epoch 129 Validation set [recall@5: 0.0401 recall@10: 0.0680 recall@20: 0.1125 ] [ndcg@5: 0.0468 ndcg@10: 0.0559 ndcg@20: 0.0709 ] 
2025-10-02 15:08:29,325 - Epoch 132 Validation set [recall@5: 0.0397 recall@10: 0.0684 recall@20: 0.1121 ] [ndcg@5: 0.0465 ndcg@10: 0.0557 ndcg@20: 0.0707 ] 
2025-10-02 15:08:37,396 - Epoch 135 Validation set [recall@5: 0.0401 recall@10: 0.0686 recall@20: 0.1129 ] [ndcg@5: 0.0472 ndcg@10: 0.0563 ndcg@20: 0.0714 ] 
2025-10-02 15:08:45,324 - Epoch 138 Validation set [recall@5: 0.0406 recall@10: 0.0689 recall@20: 0.1126 ] [ndcg@5: 0.0477 ndcg@10: 0.0566 ndcg@20: 0.0714 ] 
2025-10-02 15:08:54,196 - Epoch 141 Validation set [recall@5: 0.0412 recall@10: 0.0683 recall@20: 0.1137 ] [ndcg@5: 0.0482 ndcg@10: 0.0565 ndcg@20: 0.0719 ] 
2025-10-02 15:09:02,410 - Epoch 144 Validation set [recall@5: 0.0414 recall@10: 0.0688 recall@20: 0.1145 ] [ndcg@5: 0.0480 ndcg@10: 0.0566 ndcg@20: 0.0721 ] 
2025-10-02 15:09:10,383 - Epoch 147 Validation set [recall@5: 0.0411 recall@10: 0.0688 recall@20: 0.1145 ] [ndcg@5: 0.0477 ndcg@10: 0.0564 ndcg@20: 0.0719 ] 
2025-10-02 15:09:18,497 - Epoch 150 Validation set [recall@5: 0.0405 recall@10: 0.0692 recall@20: 0.1154 ] [ndcg@5: 0.0474 ndcg@10: 0.0567 ndcg@20: 0.0723 ] 
2025-10-02 15:09:26,140 - Epoch 153 Validation set [recall@5: 0.0411 recall@10: 0.0693 recall@20: 0.1159 ] [ndcg@5: 0.0483 ndcg@10: 0.0571 ndcg@20: 0.0729 ] 
2025-10-02 15:09:34,924 - Epoch 156 Validation set [recall@5: 0.0408 recall@10: 0.0686 recall@20: 0.1147 ] [ndcg@5: 0.0478 ndcg@10: 0.0568 ndcg@20: 0.0724 ] 
2025-10-02 15:09:42,780 - Epoch 159 Validation set [recall@5: 0.0406 recall@10: 0.0689 recall@20: 0.1160 ] [ndcg@5: 0.0476 ndcg@10: 0.0567 ndcg@20: 0.0727 ] 
2025-10-02 15:09:50,457 - Epoch 162 Validation set [recall@5: 0.0408 recall@10: 0.0693 recall@20: 0.1145 ] [ndcg@5: 0.0479 ndcg@10: 0.0570 ndcg@20: 0.0725 ] 
2025-10-02 15:09:59,036 - Epoch 165 Validation set [recall@5: 0.0407 recall@10: 0.0689 recall@20: 0.1151 ] [ndcg@5: 0.0477 ndcg@10: 0.0567 ndcg@20: 0.0724 ] 
2025-10-02 15:10:06,982 - Epoch 168 Validation set [recall@5: 0.0413 recall@10: 0.0687 recall@20: 0.1157 ] [ndcg@5: 0.0480 ndcg@10: 0.0566 ndcg@20: 0.0726 ] 
2025-10-02 15:10:15,304 - Epoch 171 Validation set [recall@5: 0.0417 recall@10: 0.0698 recall@20: 0.1160 ] [ndcg@5: 0.0483 ndcg@10: 0.0571 ndcg@20: 0.0728 ] 
2025-10-02 15:10:23,961 - Epoch 174 Validation set [recall@5: 0.0410 recall@10: 0.0694 recall@20: 0.1168 ] [ndcg@5: 0.0481 ndcg@10: 0.0572 ndcg@20: 0.0732 ] 
2025-10-02 15:10:32,137 - Epoch 177 Validation set [recall@5: 0.0411 recall@10: 0.0697 recall@20: 0.1170 ] [ndcg@5: 0.0482 ndcg@10: 0.0573 ndcg@20: 0.0733 ] 
2025-10-02 15:10:40,071 - Epoch 180 Validation set [recall@5: 0.0415 recall@10: 0.0699 recall@20: 0.1165 ] [ndcg@5: 0.0485 ndcg@10: 0.0576 ndcg@20: 0.0734 ] 
2025-10-02 15:10:48,304 - Epoch 183 Validation set [recall@5: 0.0415 recall@10: 0.0700 recall@20: 0.1153 ] [ndcg@5: 0.0488 ndcg@10: 0.0578 ndcg@20: 0.0732 ] 
2025-10-02 15:10:57,415 - Epoch 186 Validation set [recall@5: 0.0415 recall@10: 0.0701 recall@20: 0.1163 ] [ndcg@5: 0.0489 ndcg@10: 0.0580 ndcg@20: 0.0736 ] 
2025-10-02 15:11:05,310 - Epoch 189 Validation set [recall@5: 0.0417 recall@10: 0.0704 recall@20: 0.1169 ] [ndcg@5: 0.0486 ndcg@10: 0.0577 ndcg@20: 0.0735 ] 
2025-10-02 15:11:14,444 - Epoch 192 Validation set [recall@5: 0.0419 recall@10: 0.0705 recall@20: 0.1171 ] [ndcg@5: 0.0486 ndcg@10: 0.0578 ndcg@20: 0.0735 ] 
2025-10-02 15:11:22,324 - Epoch 195 Validation set [recall@5: 0.0423 recall@10: 0.0698 recall@20: 0.1164 ] [ndcg@5: 0.0489 ndcg@10: 0.0576 ndcg@20: 0.0733 ] 
2025-10-02 15:11:30,262 - Epoch 198 Validation set [recall@5: 0.0418 recall@10: 0.0708 recall@20: 0.1185 ] [ndcg@5: 0.0487 ndcg@10: 0.0578 ndcg@20: 0.0740 ] 
2025-10-02 15:11:39,120 - Epoch 201 Validation set [recall@5: 0.0421 recall@10: 0.0705 recall@20: 0.1167 ] [ndcg@5: 0.0491 ndcg@10: 0.0579 ndcg@20: 0.0737 ] 
2025-10-02 15:11:48,121 - Epoch 204 Validation set [recall@5: 0.0432 recall@10: 0.0710 recall@20: 0.1183 ] [ndcg@5: 0.0497 ndcg@10: 0.0584 ndcg@20: 0.0744 ] 
2025-10-02 15:11:56,767 - Epoch 207 Validation set [recall@5: 0.0428 recall@10: 0.0709 recall@20: 0.1178 ] [ndcg@5: 0.0495 ndcg@10: 0.0584 ndcg@20: 0.0743 ] 
2025-10-02 15:12:06,462 - Epoch 210 Validation set [recall@5: 0.0427 recall@10: 0.0711 recall@20: 0.1187 ] [ndcg@5: 0.0497 ndcg@10: 0.0586 ndcg@20: 0.0747 ] 
2025-10-02 15:12:16,136 - Epoch 213 Validation set [recall@5: 0.0422 recall@10: 0.0714 recall@20: 0.1191 ] [ndcg@5: 0.0497 ndcg@10: 0.0590 ndcg@20: 0.0751 ] 
2025-10-02 15:12:24,615 - Epoch 216 Validation set [recall@5: 0.0424 recall@10: 0.0712 recall@20: 0.1186 ] [ndcg@5: 0.0499 ndcg@10: 0.0588 ndcg@20: 0.0749 ] 
2025-10-02 15:12:33,585 - Epoch 219 Validation set [recall@5: 0.0429 recall@10: 0.0712 recall@20: 0.1184 ] [ndcg@5: 0.0497 ndcg@10: 0.0585 ndcg@20: 0.0747 ] 
2025-10-02 15:12:43,089 - Epoch 222 Validation set [recall@5: 0.0430 recall@10: 0.0715 recall@20: 0.1187 ] [ndcg@5: 0.0499 ndcg@10: 0.0588 ndcg@20: 0.0747 ] 
2025-10-02 15:12:51,231 - Epoch 225 Validation set [recall@5: 0.0426 recall@10: 0.0714 recall@20: 0.1187 ] [ndcg@5: 0.0494 ndcg@10: 0.0585 ndcg@20: 0.0745 ] 
2025-10-02 15:13:00,133 - Epoch 228 Validation set [recall@5: 0.0427 recall@10: 0.0725 recall@20: 0.1191 ] [ndcg@5: 0.0495 ndcg@10: 0.0590 ndcg@20: 0.0748 ] 
2025-10-02 15:13:01,967 - [recall@5: 0.0422 recall@10: 0.0714 recall@20: 0.1191 ] [ndcg@5: 0.0497 ndcg@10: 0.0590 ndcg@20: 0.0751 ] 
2025-10-02 15:13:03,821 - [recall@5: 0.0422 recall@10: 0.0708 recall@20: 0.1165 ] [ndcg@5: 0.0488 ndcg@10: 0.0578 ndcg@20: 0.0734 ] 
2025-10-02 15:13:03,822 - Best Epoch 213. Final test result: {'recall': array([0.04215867, 0.07079786, 0.1164971 ]), 'ndcg': array([0.04879976, 0.05780586, 0.07340381])}.
