2025-10-02 14:25:22,092 - {'optimizer': {'name': 'adam', 'lr': 0.001, 'weight_decay': 0}, 'train': {'epoch': 3000, 'batch_size': 4096, 'save_model': False, 'loss': 'pairwise', 'test_step': 3, 'reproducible': True, 'seed': 2023, 'patience': 5}, 'test': {'metrics': ['recall', 'ndcg'], 'k': [5, 10, 20], 'batch_size': 1024}, 'data': {'type': 'general_agcf', 'name': 'yelp', 'mat_type': 'uai', 'pre_norm': True, 'user_num': 11091, 'item_num': 11010, 'user_item_num': 22101, 'attr_num': 2607}, 'model': {'name': 'lightgcn_a', 'keep_rate': 0.8, 'embedding_size': 64, 'layer_num': 3, 'reg_weight': 1e-06, 'amazon': {'layer_num': 3, 'reg_weight': 1e-06}, 'yelp': {'layer_num': 3, 'reg_weight': 1e-06}, 'steam': {'layer_num': 2, 'reg_weight': 1e-06}, 'Office': {'layer_num': 3, 'reg_weight': 1e-06}}}
2025-10-02 14:25:29,225 - Epoch   0 Validation set [recall@5: 0.0270 recall@10: 0.0448 recall@20: 0.0746 ] [ndcg@5: 0.0322 ndcg@10: 0.0375 ndcg@20: 0.0474 ] 
2025-10-02 14:25:38,636 - Epoch   3 Validation set [recall@5: 0.0308 recall@10: 0.0512 recall@20: 0.0854 ] [ndcg@5: 0.0365 ndcg@10: 0.0428 ndcg@20: 0.0542 ] 
2025-10-02 14:25:48,243 - Epoch   6 Validation set [recall@5: 0.0312 recall@10: 0.0518 recall@20: 0.0862 ] [ndcg@5: 0.0372 ndcg@10: 0.0435 ndcg@20: 0.0549 ] 
2025-10-02 14:25:57,900 - Epoch   9 Validation set [recall@5: 0.0318 recall@10: 0.0528 recall@20: 0.0863 ] [ndcg@5: 0.0376 ndcg@10: 0.0440 ndcg@20: 0.0552 ] 
2025-10-02 14:26:07,896 - Epoch  12 Validation set [recall@5: 0.0314 recall@10: 0.0534 recall@20: 0.0874 ] [ndcg@5: 0.0374 ndcg@10: 0.0441 ndcg@20: 0.0555 ] 
2025-10-02 14:26:16,852 - Epoch  15 Validation set [recall@5: 0.0319 recall@10: 0.0528 recall@20: 0.0899 ] [ndcg@5: 0.0371 ndcg@10: 0.0437 ndcg@20: 0.0562 ] 
2025-10-02 14:26:25,493 - Epoch  18 Validation set [recall@5: 0.0320 recall@10: 0.0541 recall@20: 0.0905 ] [ndcg@5: 0.0372 ndcg@10: 0.0444 ndcg@20: 0.0566 ] 
2025-10-02 14:26:35,202 - Epoch  21 Validation set [recall@5: 0.0323 recall@10: 0.0543 recall@20: 0.0902 ] [ndcg@5: 0.0377 ndcg@10: 0.0446 ndcg@20: 0.0568 ] 
2025-10-02 14:26:43,180 - Epoch  24 Validation set [recall@5: 0.0324 recall@10: 0.0550 recall@20: 0.0917 ] [ndcg@5: 0.0381 ndcg@10: 0.0454 ndcg@20: 0.0575 ] 
2025-10-02 14:26:50,469 - Epoch  27 Validation set [recall@5: 0.0326 recall@10: 0.0563 recall@20: 0.0915 ] [ndcg@5: 0.0387 ndcg@10: 0.0462 ndcg@20: 0.0579 ] 
2025-10-02 14:26:58,162 - Epoch  30 Validation set [recall@5: 0.0336 recall@10: 0.0564 recall@20: 0.0925 ] [ndcg@5: 0.0394 ndcg@10: 0.0465 ndcg@20: 0.0586 ] 
2025-10-02 14:27:06,463 - Epoch  33 Validation set [recall@5: 0.0336 recall@10: 0.0575 recall@20: 0.0951 ] [ndcg@5: 0.0393 ndcg@10: 0.0471 ndcg@20: 0.0597 ] 
2025-10-02 14:27:14,312 - Epoch  36 Validation set [recall@5: 0.0342 recall@10: 0.0582 recall@20: 0.0954 ] [ndcg@5: 0.0398 ndcg@10: 0.0476 ndcg@20: 0.0600 ] 
2025-10-02 14:27:22,083 - Epoch  39 Validation set [recall@5: 0.0338 recall@10: 0.0585 recall@20: 0.0956 ] [ndcg@5: 0.0399 ndcg@10: 0.0479 ndcg@20: 0.0602 ] 
2025-10-02 14:27:30,481 - Epoch  42 Validation set [recall@5: 0.0350 recall@10: 0.0599 recall@20: 0.0971 ] [ndcg@5: 0.0404 ndcg@10: 0.0484 ndcg@20: 0.0609 ] 
2025-10-02 14:27:38,148 - Epoch  45 Validation set [recall@5: 0.0348 recall@10: 0.0591 recall@20: 0.0975 ] [ndcg@5: 0.0406 ndcg@10: 0.0485 ndcg@20: 0.0614 ] 
2025-10-02 14:27:44,903 - Epoch  48 Validation set [recall@5: 0.0352 recall@10: 0.0607 recall@20: 0.0987 ] [ndcg@5: 0.0409 ndcg@10: 0.0494 ndcg@20: 0.0621 ] 
2025-10-02 14:27:51,231 - Epoch  51 Validation set [recall@5: 0.0348 recall@10: 0.0606 recall@20: 0.0991 ] [ndcg@5: 0.0413 ndcg@10: 0.0498 ndcg@20: 0.0628 ] 
2025-10-02 14:27:58,662 - Epoch  54 Validation set [recall@5: 0.0352 recall@10: 0.0607 recall@20: 0.1007 ] [ndcg@5: 0.0417 ndcg@10: 0.0499 ndcg@20: 0.0634 ] 
2025-10-02 14:28:05,997 - Epoch  57 Validation set [recall@5: 0.0354 recall@10: 0.0616 recall@20: 0.1001 ] [ndcg@5: 0.0423 ndcg@10: 0.0507 ndcg@20: 0.0638 ] 
2025-10-02 14:28:12,954 - Epoch  60 Validation set [recall@5: 0.0364 recall@10: 0.0620 recall@20: 0.1013 ] [ndcg@5: 0.0427 ndcg@10: 0.0509 ndcg@20: 0.0643 ] 
2025-10-02 14:28:20,139 - Epoch  63 Validation set [recall@5: 0.0358 recall@10: 0.0613 recall@20: 0.1019 ] [ndcg@5: 0.0427 ndcg@10: 0.0507 ndcg@20: 0.0646 ] 
2025-10-02 14:28:27,948 - Epoch  66 Validation set [recall@5: 0.0369 recall@10: 0.0625 recall@20: 0.1028 ] [ndcg@5: 0.0435 ndcg@10: 0.0515 ndcg@20: 0.0652 ] 
2025-10-02 14:28:35,908 - Epoch  69 Validation set [recall@5: 0.0370 recall@10: 0.0623 recall@20: 0.1031 ] [ndcg@5: 0.0439 ndcg@10: 0.0517 ndcg@20: 0.0655 ] 
2025-10-02 14:28:42,217 - Epoch  72 Validation set [recall@5: 0.0364 recall@10: 0.0625 recall@20: 0.1046 ] [ndcg@5: 0.0437 ndcg@10: 0.0519 ndcg@20: 0.0662 ] 
2025-10-02 14:28:48,657 - Epoch  75 Validation set [recall@5: 0.0374 recall@10: 0.0641 recall@20: 0.1056 ] [ndcg@5: 0.0442 ndcg@10: 0.0527 ndcg@20: 0.0668 ] 
2025-10-02 14:28:55,944 - Epoch  78 Validation set [recall@5: 0.0370 recall@10: 0.0636 recall@20: 0.1072 ] [ndcg@5: 0.0442 ndcg@10: 0.0527 ndcg@20: 0.0675 ] 
2025-10-02 14:29:03,723 - Epoch  81 Validation set [recall@5: 0.0375 recall@10: 0.0636 recall@20: 0.1073 ] [ndcg@5: 0.0450 ndcg@10: 0.0532 ndcg@20: 0.0679 ] 
2025-10-02 14:29:10,371 - Epoch  84 Validation set [recall@5: 0.0372 recall@10: 0.0642 recall@20: 0.1077 ] [ndcg@5: 0.0451 ndcg@10: 0.0536 ndcg@20: 0.0682 ] 
2025-10-02 14:29:18,561 - Epoch  87 Validation set [recall@5: 0.0379 recall@10: 0.0641 recall@20: 0.1080 ] [ndcg@5: 0.0455 ndcg@10: 0.0535 ndcg@20: 0.0684 ] 
2025-10-02 14:29:27,543 - Epoch  90 Validation set [recall@5: 0.0370 recall@10: 0.0657 recall@20: 0.1093 ] [ndcg@5: 0.0448 ndcg@10: 0.0540 ndcg@20: 0.0687 ] 
2025-10-02 14:29:35,293 - Epoch  93 Validation set [recall@5: 0.0384 recall@10: 0.0657 recall@20: 0.1093 ] [ndcg@5: 0.0456 ndcg@10: 0.0543 ndcg@20: 0.0690 ] 
2025-10-02 14:29:42,706 - Epoch  96 Validation set [recall@5: 0.0384 recall@10: 0.0663 recall@20: 0.1096 ] [ndcg@5: 0.0456 ndcg@10: 0.0543 ndcg@20: 0.0691 ] 
2025-10-02 14:29:49,506 - Epoch  99 Validation set [recall@5: 0.0387 recall@10: 0.0672 recall@20: 0.1107 ] [ndcg@5: 0.0462 ndcg@10: 0.0552 ndcg@20: 0.0699 ] 
2025-10-02 14:29:56,665 - Epoch 102 Validation set [recall@5: 0.0389 recall@10: 0.0676 recall@20: 0.1109 ] [ndcg@5: 0.0463 ndcg@10: 0.0556 ndcg@20: 0.0703 ] 
2025-10-02 14:30:03,056 - Epoch 105 Validation set [recall@5: 0.0393 recall@10: 0.0680 recall@20: 0.1113 ] [ndcg@5: 0.0467 ndcg@10: 0.0560 ndcg@20: 0.0705 ] 
2025-10-02 14:30:10,304 - Epoch 108 Validation set [recall@5: 0.0401 recall@10: 0.0686 recall@20: 0.1119 ] [ndcg@5: 0.0474 ndcg@10: 0.0564 ndcg@20: 0.0711 ] 
2025-10-02 14:30:17,269 - Epoch 111 Validation set [recall@5: 0.0400 recall@10: 0.0692 recall@20: 0.1134 ] [ndcg@5: 0.0473 ndcg@10: 0.0566 ndcg@20: 0.0716 ] 
2025-10-02 14:30:25,174 - Epoch 114 Validation set [recall@5: 0.0410 recall@10: 0.0698 recall@20: 0.1145 ] [ndcg@5: 0.0479 ndcg@10: 0.0572 ndcg@20: 0.0723 ] 
2025-10-02 14:30:33,419 - Epoch 117 Validation set [recall@5: 0.0408 recall@10: 0.0692 recall@20: 0.1149 ] [ndcg@5: 0.0479 ndcg@10: 0.0568 ndcg@20: 0.0723 ] 
2025-10-02 14:30:41,741 - Epoch 120 Validation set [recall@5: 0.0413 recall@10: 0.0700 recall@20: 0.1143 ] [ndcg@5: 0.0485 ndcg@10: 0.0575 ndcg@20: 0.0726 ] 
2025-10-02 14:30:49,977 - Epoch 123 Validation set [recall@5: 0.0411 recall@10: 0.0703 recall@20: 0.1149 ] [ndcg@5: 0.0487 ndcg@10: 0.0579 ndcg@20: 0.0730 ] 
2025-10-02 14:30:58,302 - Epoch 126 Validation set [recall@5: 0.0406 recall@10: 0.0699 recall@20: 0.1159 ] [ndcg@5: 0.0486 ndcg@10: 0.0580 ndcg@20: 0.0734 ] 
2025-10-02 14:31:06,510 - Epoch 129 Validation set [recall@5: 0.0409 recall@10: 0.0697 recall@20: 0.1150 ] [ndcg@5: 0.0485 ndcg@10: 0.0577 ndcg@20: 0.0730 ] 
2025-10-02 14:31:15,052 - Epoch 132 Validation set [recall@5: 0.0410 recall@10: 0.0703 recall@20: 0.1143 ] [ndcg@5: 0.0485 ndcg@10: 0.0580 ndcg@20: 0.0730 ] 
2025-10-02 14:31:23,364 - Epoch 135 Validation set [recall@5: 0.0415 recall@10: 0.0706 recall@20: 0.1152 ] [ndcg@5: 0.0493 ndcg@10: 0.0586 ndcg@20: 0.0736 ] 
2025-10-02 14:31:30,888 - Epoch 138 Validation set [recall@5: 0.0422 recall@10: 0.0710 recall@20: 0.1156 ] [ndcg@5: 0.0496 ndcg@10: 0.0589 ndcg@20: 0.0739 ] 
2025-10-02 14:31:38,240 - Epoch 141 Validation set [recall@5: 0.0423 recall@10: 0.0713 recall@20: 0.1167 ] [ndcg@5: 0.0499 ndcg@10: 0.0589 ndcg@20: 0.0743 ] 
2025-10-02 14:31:46,824 - Epoch 144 Validation set [recall@5: 0.0426 recall@10: 0.0710 recall@20: 0.1164 ] [ndcg@5: 0.0500 ndcg@10: 0.0589 ndcg@20: 0.0742 ] 
2025-10-02 14:31:55,112 - Epoch 147 Validation set [recall@5: 0.0420 recall@10: 0.0714 recall@20: 0.1167 ] [ndcg@5: 0.0495 ndcg@10: 0.0591 ndcg@20: 0.0743 ] 
2025-10-02 14:32:03,518 - Epoch 150 Validation set [recall@5: 0.0417 recall@10: 0.0718 recall@20: 0.1167 ] [ndcg@5: 0.0492 ndcg@10: 0.0589 ndcg@20: 0.0741 ] 
2025-10-02 14:32:12,200 - Epoch 153 Validation set [recall@5: 0.0424 recall@10: 0.0715 recall@20: 0.1183 ] [ndcg@5: 0.0499 ndcg@10: 0.0592 ndcg@20: 0.0750 ] 
2025-10-02 14:32:20,066 - Epoch 156 Validation set [recall@5: 0.0422 recall@10: 0.0716 recall@20: 0.1165 ] [ndcg@5: 0.0500 ndcg@10: 0.0593 ndcg@20: 0.0746 ] 
2025-10-02 14:32:27,316 - Epoch 159 Validation set [recall@5: 0.0426 recall@10: 0.0719 recall@20: 0.1180 ] [ndcg@5: 0.0501 ndcg@10: 0.0592 ndcg@20: 0.0750 ] 
2025-10-02 14:32:35,520 - Epoch 162 Validation set [recall@5: 0.0425 recall@10: 0.0715 recall@20: 0.1173 ] [ndcg@5: 0.0503 ndcg@10: 0.0593 ndcg@20: 0.0749 ] 
2025-10-02 14:32:43,664 - Epoch 165 Validation set [recall@5: 0.0425 recall@10: 0.0722 recall@20: 0.1177 ] [ndcg@5: 0.0502 ndcg@10: 0.0594 ndcg@20: 0.0750 ] 
2025-10-02 14:32:51,879 - Epoch 168 Validation set [recall@5: 0.0424 recall@10: 0.0719 recall@20: 0.1181 ] [ndcg@5: 0.0498 ndcg@10: 0.0592 ndcg@20: 0.0749 ] 
2025-10-02 14:32:54,183 - [recall@5: 0.0424 recall@10: 0.0715 recall@20: 0.1183 ] [ndcg@5: 0.0499 ndcg@10: 0.0592 ndcg@20: 0.0750 ] 
2025-10-02 14:32:56,082 - [recall@5: 0.0405 recall@10: 0.0700 recall@20: 0.1161 ] [ndcg@5: 0.0481 ndcg@10: 0.0575 ndcg@20: 0.0730 ] 
2025-10-02 14:32:56,083 - Best Epoch 153. Final test result: {'recall': array([0.04048205, 0.07004937, 0.11609242]), 'ndcg': array([0.04814199, 0.05749138, 0.07296704])}.
