2025-10-02 14:42:07,168 - {'optimizer': {'name': 'adam', 'lr': 0.001, 'weight_decay': 0}, 'train': {'epoch': 3000, 'batch_size': 4096, 'save_model': False, 'loss': 'pairwise', 'test_step': 3, 'reproducible': True, 'seed': 2023, 'patience': 5}, 'test': {'metrics': ['recall', 'ndcg'], 'k': [5, 10, 20], 'batch_size': 1024}, 'data': {'type': 'general_agcf', 'name': 'yelp', 'mat_type': 'uai', 'pre_norm': True, 'user_num': 11091, 'item_num': 11010, 'user_item_num': 22101, 'attr_num': 2607}, 'model': {'name': 'lightgcn_a', 'keep_rate': 0.8, 'embedding_size': 64, 'layer_num': 5, 'reg_weight': 1e-06, 'amazon': {'layer_num': 3, 'reg_weight': 1e-06}, 'yelp': {'layer_num': 5, 'reg_weight': 1e-06}, 'steam': {'layer_num': 2, 'reg_weight': 1e-06}, 'Office': {'layer_num': 3, 'reg_weight': 1e-06}}}
2025-10-02 14:42:13,326 - Epoch   0 Validation set [recall@5: 0.0113 recall@10: 0.0194 recall@20: 0.0318 ] [ndcg@5: 0.0131 ndcg@10: 0.0156 ndcg@20: 0.0197 ] 
2025-10-02 14:42:22,332 - Epoch   3 Validation set [recall@5: 0.0294 recall@10: 0.0495 recall@20: 0.0811 ] [ndcg@5: 0.0351 ndcg@10: 0.0412 ndcg@20: 0.0517 ] 
2025-10-02 14:42:32,056 - Epoch   6 Validation set [recall@5: 0.0305 recall@10: 0.0519 recall@20: 0.0848 ] [ndcg@5: 0.0367 ndcg@10: 0.0433 ndcg@20: 0.0542 ] 
2025-10-02 14:42:41,452 - Epoch   9 Validation set [recall@5: 0.0315 recall@10: 0.0526 recall@20: 0.0854 ] [ndcg@5: 0.0373 ndcg@10: 0.0437 ndcg@20: 0.0547 ] 
2025-10-02 14:42:49,904 - Epoch  12 Validation set [recall@5: 0.0311 recall@10: 0.0533 recall@20: 0.0863 ] [ndcg@5: 0.0371 ndcg@10: 0.0439 ndcg@20: 0.0549 ] 
2025-10-02 14:42:58,510 - Epoch  15 Validation set [recall@5: 0.0317 recall@10: 0.0531 recall@20: 0.0885 ] [ndcg@5: 0.0371 ndcg@10: 0.0438 ndcg@20: 0.0557 ] 
2025-10-02 14:43:06,381 - Epoch  18 Validation set [recall@5: 0.0316 recall@10: 0.0536 recall@20: 0.0892 ] [ndcg@5: 0.0370 ndcg@10: 0.0440 ndcg@20: 0.0559 ] 
2025-10-02 14:43:14,247 - Epoch  21 Validation set [recall@5: 0.0318 recall@10: 0.0541 recall@20: 0.0898 ] [ndcg@5: 0.0371 ndcg@10: 0.0442 ndcg@20: 0.0562 ] 
2025-10-02 14:43:22,231 - Epoch  24 Validation set [recall@5: 0.0319 recall@10: 0.0552 recall@20: 0.0906 ] [ndcg@5: 0.0373 ndcg@10: 0.0448 ndcg@20: 0.0566 ] 
2025-10-02 14:43:29,995 - Epoch  27 Validation set [recall@5: 0.0325 recall@10: 0.0556 recall@20: 0.0911 ] [ndcg@5: 0.0380 ndcg@10: 0.0454 ndcg@20: 0.0573 ] 
2025-10-02 14:43:37,969 - Epoch  30 Validation set [recall@5: 0.0328 recall@10: 0.0557 recall@20: 0.0923 ] [ndcg@5: 0.0385 ndcg@10: 0.0458 ndcg@20: 0.0580 ] 
2025-10-02 14:43:46,087 - Epoch  33 Validation set [recall@5: 0.0333 recall@10: 0.0567 recall@20: 0.0932 ] [ndcg@5: 0.0387 ndcg@10: 0.0463 ndcg@20: 0.0586 ] 
2025-10-02 14:43:55,324 - Epoch  36 Validation set [recall@5: 0.0336 recall@10: 0.0574 recall@20: 0.0948 ] [ndcg@5: 0.0388 ndcg@10: 0.0465 ndcg@20: 0.0590 ] 
2025-10-02 14:44:04,966 - Epoch  39 Validation set [recall@5: 0.0334 recall@10: 0.0579 recall@20: 0.0953 ] [ndcg@5: 0.0390 ndcg@10: 0.0471 ndcg@20: 0.0594 ] 
2025-10-02 14:44:14,341 - Epoch  42 Validation set [recall@5: 0.0339 recall@10: 0.0588 recall@20: 0.0965 ] [ndcg@5: 0.0392 ndcg@10: 0.0475 ndcg@20: 0.0601 ] 
2025-10-02 14:44:23,808 - Epoch  45 Validation set [recall@5: 0.0343 recall@10: 0.0584 recall@20: 0.0969 ] [ndcg@5: 0.0399 ndcg@10: 0.0477 ndcg@20: 0.0607 ] 
2025-10-02 14:44:32,715 - Epoch  48 Validation set [recall@5: 0.0343 recall@10: 0.0594 recall@20: 0.0980 ] [ndcg@5: 0.0398 ndcg@10: 0.0482 ndcg@20: 0.0612 ] 
2025-10-02 14:44:41,170 - Epoch  51 Validation set [recall@5: 0.0346 recall@10: 0.0594 recall@20: 0.0983 ] [ndcg@5: 0.0406 ndcg@10: 0.0487 ndcg@20: 0.0619 ] 
2025-10-02 14:44:49,155 - Epoch  54 Validation set [recall@5: 0.0350 recall@10: 0.0606 recall@20: 0.0991 ] [ndcg@5: 0.0412 ndcg@10: 0.0495 ndcg@20: 0.0625 ] 
2025-10-02 14:44:57,588 - Epoch  57 Validation set [recall@5: 0.0353 recall@10: 0.0610 recall@20: 0.0995 ] [ndcg@5: 0.0415 ndcg@10: 0.0498 ndcg@20: 0.0628 ] 
2025-10-02 14:45:05,967 - Epoch  60 Validation set [recall@5: 0.0357 recall@10: 0.0613 recall@20: 0.1000 ] [ndcg@5: 0.0421 ndcg@10: 0.0503 ndcg@20: 0.0633 ] 
2025-10-02 14:45:14,800 - Epoch  63 Validation set [recall@5: 0.0356 recall@10: 0.0609 recall@20: 0.1014 ] [ndcg@5: 0.0421 ndcg@10: 0.0501 ndcg@20: 0.0639 ] 
2025-10-02 14:45:22,627 - Epoch  66 Validation set [recall@5: 0.0368 recall@10: 0.0611 recall@20: 0.1021 ] [ndcg@5: 0.0428 ndcg@10: 0.0505 ndcg@20: 0.0643 ] 
2025-10-02 14:45:30,481 - Epoch  69 Validation set [recall@5: 0.0360 recall@10: 0.0614 recall@20: 0.1010 ] [ndcg@5: 0.0428 ndcg@10: 0.0509 ndcg@20: 0.0644 ] 
2025-10-02 14:45:38,405 - Epoch  72 Validation set [recall@5: 0.0359 recall@10: 0.0621 recall@20: 0.1034 ] [ndcg@5: 0.0429 ndcg@10: 0.0511 ndcg@20: 0.0652 ] 
2025-10-02 14:45:47,481 - Epoch  75 Validation set [recall@5: 0.0375 recall@10: 0.0631 recall@20: 0.1044 ] [ndcg@5: 0.0440 ndcg@10: 0.0520 ndcg@20: 0.0661 ] 
2025-10-02 14:45:56,802 - Epoch  78 Validation set [recall@5: 0.0374 recall@10: 0.0625 recall@20: 0.1052 ] [ndcg@5: 0.0440 ndcg@10: 0.0517 ndcg@20: 0.0663 ] 
2025-10-02 14:46:06,505 - Epoch  81 Validation set [recall@5: 0.0374 recall@10: 0.0629 recall@20: 0.1055 ] [ndcg@5: 0.0444 ndcg@10: 0.0523 ndcg@20: 0.0668 ] 
2025-10-02 14:46:16,120 - Epoch  84 Validation set [recall@5: 0.0371 recall@10: 0.0637 recall@20: 0.1072 ] [ndcg@5: 0.0447 ndcg@10: 0.0530 ndcg@20: 0.0676 ] 
2025-10-02 14:46:24,207 - Epoch  87 Validation set [recall@5: 0.0378 recall@10: 0.0637 recall@20: 0.1074 ] [ndcg@5: 0.0448 ndcg@10: 0.0529 ndcg@20: 0.0677 ] 
2025-10-02 14:46:32,795 - Epoch  90 Validation set [recall@5: 0.0370 recall@10: 0.0649 recall@20: 0.1087 ] [ndcg@5: 0.0443 ndcg@10: 0.0532 ndcg@20: 0.0679 ] 
2025-10-02 14:46:41,917 - Epoch  93 Validation set [recall@5: 0.0379 recall@10: 0.0653 recall@20: 0.1083 ] [ndcg@5: 0.0450 ndcg@10: 0.0537 ndcg@20: 0.0681 ] 
2025-10-02 14:46:51,587 - Epoch  96 Validation set [recall@5: 0.0379 recall@10: 0.0652 recall@20: 0.1080 ] [ndcg@5: 0.0449 ndcg@10: 0.0534 ndcg@20: 0.0680 ] 
2025-10-02 14:47:01,149 - Epoch  99 Validation set [recall@5: 0.0382 recall@10: 0.0656 recall@20: 0.1089 ] [ndcg@5: 0.0457 ndcg@10: 0.0544 ndcg@20: 0.0690 ] 
2025-10-02 14:47:09,774 - Epoch 102 Validation set [recall@5: 0.0383 recall@10: 0.0665 recall@20: 0.1086 ] [ndcg@5: 0.0457 ndcg@10: 0.0547 ndcg@20: 0.0691 ] 
2025-10-02 14:47:18,995 - Epoch 105 Validation set [recall@5: 0.0387 recall@10: 0.0667 recall@20: 0.1094 ] [ndcg@5: 0.0459 ndcg@10: 0.0548 ndcg@20: 0.0693 ] 
2025-10-02 14:47:28,684 - Epoch 108 Validation set [recall@5: 0.0388 recall@10: 0.0672 recall@20: 0.1106 ] [ndcg@5: 0.0461 ndcg@10: 0.0552 ndcg@20: 0.0699 ] 
2025-10-02 14:47:38,344 - Epoch 111 Validation set [recall@5: 0.0397 recall@10: 0.0671 recall@20: 0.1112 ] [ndcg@5: 0.0468 ndcg@10: 0.0554 ndcg@20: 0.0703 ] 
2025-10-02 14:47:47,037 - Epoch 114 Validation set [recall@5: 0.0406 recall@10: 0.0684 recall@20: 0.1114 ] [ndcg@5: 0.0472 ndcg@10: 0.0560 ndcg@20: 0.0706 ] 
2025-10-02 14:47:55,096 - Epoch 117 Validation set [recall@5: 0.0400 recall@10: 0.0683 recall@20: 0.1124 ] [ndcg@5: 0.0469 ndcg@10: 0.0560 ndcg@20: 0.0709 ] 
2025-10-02 14:48:03,970 - Epoch 120 Validation set [recall@5: 0.0408 recall@10: 0.0686 recall@20: 0.1126 ] [ndcg@5: 0.0473 ndcg@10: 0.0563 ndcg@20: 0.0712 ] 
2025-10-02 14:48:12,421 - Epoch 123 Validation set [recall@5: 0.0410 recall@10: 0.0693 recall@20: 0.1131 ] [ndcg@5: 0.0480 ndcg@10: 0.0570 ndcg@20: 0.0719 ] 
2025-10-02 14:48:20,544 - Epoch 126 Validation set [recall@5: 0.0407 recall@10: 0.0690 recall@20: 0.1139 ] [ndcg@5: 0.0480 ndcg@10: 0.0568 ndcg@20: 0.0720 ] 
2025-10-02 14:48:29,821 - Epoch 129 Validation set [recall@5: 0.0400 recall@10: 0.0691 recall@20: 0.1128 ] [ndcg@5: 0.0474 ndcg@10: 0.0568 ndcg@20: 0.0715 ] 
2025-10-02 14:48:38,280 - Epoch 132 Validation set [recall@5: 0.0400 recall@10: 0.0690 recall@20: 0.1138 ] [ndcg@5: 0.0472 ndcg@10: 0.0566 ndcg@20: 0.0718 ] 
2025-10-02 14:48:47,301 - Epoch 135 Validation set [recall@5: 0.0404 recall@10: 0.0689 recall@20: 0.1143 ] [ndcg@5: 0.0480 ndcg@10: 0.0571 ndcg@20: 0.0725 ] 
2025-10-02 14:48:55,786 - Epoch 138 Validation set [recall@5: 0.0414 recall@10: 0.0696 recall@20: 0.1141 ] [ndcg@5: 0.0487 ndcg@10: 0.0574 ndcg@20: 0.0726 ] 
2025-10-02 14:49:04,661 - Epoch 141 Validation set [recall@5: 0.0418 recall@10: 0.0692 recall@20: 0.1153 ] [ndcg@5: 0.0489 ndcg@10: 0.0573 ndcg@20: 0.0729 ] 
2025-10-02 14:49:13,585 - Epoch 144 Validation set [recall@5: 0.0420 recall@10: 0.0701 recall@20: 0.1161 ] [ndcg@5: 0.0490 ndcg@10: 0.0577 ndcg@20: 0.0733 ] 
2025-10-02 14:49:22,914 - Epoch 147 Validation set [recall@5: 0.0412 recall@10: 0.0701 recall@20: 0.1154 ] [ndcg@5: 0.0483 ndcg@10: 0.0574 ndcg@20: 0.0729 ] 
2025-10-02 14:49:30,956 - Epoch 150 Validation set [recall@5: 0.0410 recall@10: 0.0703 recall@20: 0.1158 ] [ndcg@5: 0.0481 ndcg@10: 0.0576 ndcg@20: 0.0731 ] 
2025-10-02 14:49:38,806 - Epoch 153 Validation set [recall@5: 0.0408 recall@10: 0.0701 recall@20: 0.1156 ] [ndcg@5: 0.0486 ndcg@10: 0.0580 ndcg@20: 0.0734 ] 
2025-10-02 14:49:46,854 - Epoch 156 Validation set [recall@5: 0.0416 recall@10: 0.0698 recall@20: 0.1156 ] [ndcg@5: 0.0490 ndcg@10: 0.0579 ndcg@20: 0.0735 ] 
2025-10-02 14:49:55,726 - Epoch 159 Validation set [recall@5: 0.0414 recall@10: 0.0702 recall@20: 0.1161 ] [ndcg@5: 0.0486 ndcg@10: 0.0578 ndcg@20: 0.0735 ] 
2025-10-02 14:49:57,541 - [recall@5: 0.0420 recall@10: 0.0701 recall@20: 0.1161 ] [ndcg@5: 0.0490 ndcg@10: 0.0577 ndcg@20: 0.0733 ] 
2025-10-02 14:49:59,353 - [recall@5: 0.0399 recall@10: 0.0677 recall@20: 0.1112 ] [ndcg@5: 0.0466 ndcg@10: 0.0555 ndcg@20: 0.0704 ] 
2025-10-02 14:49:59,354 - Best Epoch 144. Final test result: {'recall': array([0.03994483, 0.0677363 , 0.11120925]), 'ndcg': array([0.04662802, 0.0554559 , 0.07039205])}.
