2025-10-02 14:50:02,608 - {'optimizer': {'name': 'adam', 'lr': 0.001, 'weight_decay': 0}, 'train': {'epoch': 3000, 'batch_size': 4096, 'save_model': False, 'loss': 'pairwise', 'test_step': 3, 'reproducible': True, 'seed': 2023, 'patience': 5}, 'test': {'metrics': ['recall', 'ndcg'], 'k': [5, 10, 20], 'batch_size': 1024}, 'data': {'type': 'general_agcf', 'name': 'yelp', 'mat_type': 'uai', 'pre_norm': True, 'user_num': 11091, 'item_num': 11010, 'user_item_num': 22101, 'attr_num': 2607}, 'model': {'name': 'lightgcn_a', 'keep_rate': 0.8, 'embedding_size': 64, 'layer_num': 6, 'reg_weight': 1e-06, 'amazon': {'layer_num': 3, 'reg_weight': 1e-06}, 'yelp': {'layer_num': 6, 'reg_weight': 1e-06}, 'steam': {'layer_num': 2, 'reg_weight': 1e-06}, 'Office': {'layer_num': 3, 'reg_weight': 1e-06}}}
2025-10-02 14:50:08,379 - Epoch   0 Validation set [recall@5: 0.0097 recall@10: 0.0155 recall@20: 0.0260 ] [ndcg@5: 0.0117 ndcg@10: 0.0133 ndcg@20: 0.0168 ] 
2025-10-02 14:50:16,216 - Epoch   3 Validation set [recall@5: 0.0287 recall@10: 0.0478 recall@20: 0.0773 ] [ndcg@5: 0.0342 ndcg@10: 0.0397 ndcg@20: 0.0496 ] 
2025-10-02 14:50:23,895 - Epoch   6 Validation set [recall@5: 0.0304 recall@10: 0.0517 recall@20: 0.0837 ] [ndcg@5: 0.0365 ndcg@10: 0.0430 ndcg@20: 0.0535 ] 
2025-10-02 14:50:32,122 - Epoch   9 Validation set [recall@5: 0.0312 recall@10: 0.0522 recall@20: 0.0850 ] [ndcg@5: 0.0371 ndcg@10: 0.0434 ndcg@20: 0.0544 ] 
2025-10-02 14:50:40,483 - Epoch  12 Validation set [recall@5: 0.0310 recall@10: 0.0531 recall@20: 0.0861 ] [ndcg@5: 0.0368 ndcg@10: 0.0436 ndcg@20: 0.0546 ] 
2025-10-02 14:50:49,286 - Epoch  15 Validation set [recall@5: 0.0317 recall@10: 0.0528 recall@20: 0.0881 ] [ndcg@5: 0.0371 ndcg@10: 0.0437 ndcg@20: 0.0555 ] 
2025-10-02 14:50:58,393 - Epoch  18 Validation set [recall@5: 0.0313 recall@10: 0.0535 recall@20: 0.0887 ] [ndcg@5: 0.0369 ndcg@10: 0.0441 ndcg@20: 0.0559 ] 
2025-10-02 14:51:06,448 - Epoch  21 Validation set [recall@5: 0.0317 recall@10: 0.0540 recall@20: 0.0894 ] [ndcg@5: 0.0371 ndcg@10: 0.0442 ndcg@20: 0.0560 ] 
2025-10-02 14:51:14,324 - Epoch  24 Validation set [recall@5: 0.0315 recall@10: 0.0547 recall@20: 0.0898 ] [ndcg@5: 0.0372 ndcg@10: 0.0447 ndcg@20: 0.0564 ] 
2025-10-02 14:51:21,939 - Epoch  27 Validation set [recall@5: 0.0325 recall@10: 0.0552 recall@20: 0.0904 ] [ndcg@5: 0.0380 ndcg@10: 0.0451 ndcg@20: 0.0569 ] 
2025-10-02 14:51:29,813 - Epoch  30 Validation set [recall@5: 0.0327 recall@10: 0.0557 recall@20: 0.0917 ] [ndcg@5: 0.0384 ndcg@10: 0.0457 ndcg@20: 0.0578 ] 
2025-10-02 14:51:38,423 - Epoch  33 Validation set [recall@5: 0.0328 recall@10: 0.0568 recall@20: 0.0925 ] [ndcg@5: 0.0384 ndcg@10: 0.0462 ndcg@20: 0.0582 ] 
2025-10-02 14:51:46,353 - Epoch  36 Validation set [recall@5: 0.0333 recall@10: 0.0570 recall@20: 0.0936 ] [ndcg@5: 0.0386 ndcg@10: 0.0463 ndcg@20: 0.0585 ] 
2025-10-02 14:51:55,209 - Epoch  39 Validation set [recall@5: 0.0332 recall@10: 0.0576 recall@20: 0.0945 ] [ndcg@5: 0.0388 ndcg@10: 0.0468 ndcg@20: 0.0590 ] 
2025-10-02 14:52:04,922 - Epoch  42 Validation set [recall@5: 0.0337 recall@10: 0.0587 recall@20: 0.0958 ] [ndcg@5: 0.0389 ndcg@10: 0.0473 ndcg@20: 0.0596 ] 
2025-10-02 14:52:13,280 - Epoch  45 Validation set [recall@5: 0.0337 recall@10: 0.0584 recall@20: 0.0965 ] [ndcg@5: 0.0394 ndcg@10: 0.0476 ndcg@20: 0.0603 ] 
2025-10-02 14:52:22,061 - Epoch  48 Validation set [recall@5: 0.0342 recall@10: 0.0597 recall@20: 0.0976 ] [ndcg@5: 0.0397 ndcg@10: 0.0482 ndcg@20: 0.0608 ] 
2025-10-02 14:52:31,527 - Epoch  51 Validation set [recall@5: 0.0343 recall@10: 0.0596 recall@20: 0.0976 ] [ndcg@5: 0.0402 ndcg@10: 0.0486 ndcg@20: 0.0614 ] 
2025-10-02 14:52:39,628 - Epoch  54 Validation set [recall@5: 0.0349 recall@10: 0.0602 recall@20: 0.0986 ] [ndcg@5: 0.0409 ndcg@10: 0.0490 ndcg@20: 0.0620 ] 
2025-10-02 14:52:47,674 - Epoch  57 Validation set [recall@5: 0.0350 recall@10: 0.0605 recall@20: 0.0991 ] [ndcg@5: 0.0412 ndcg@10: 0.0494 ndcg@20: 0.0625 ] 
2025-10-02 14:52:55,914 - Epoch  60 Validation set [recall@5: 0.0357 recall@10: 0.0610 recall@20: 0.1002 ] [ndcg@5: 0.0417 ndcg@10: 0.0499 ndcg@20: 0.0631 ] 
2025-10-02 14:53:04,805 - Epoch  63 Validation set [recall@5: 0.0355 recall@10: 0.0607 recall@20: 0.1007 ] [ndcg@5: 0.0419 ndcg@10: 0.0499 ndcg@20: 0.0635 ] 
2025-10-02 14:53:13,278 - Epoch  66 Validation set [recall@5: 0.0363 recall@10: 0.0609 recall@20: 0.1018 ] [ndcg@5: 0.0424 ndcg@10: 0.0501 ndcg@20: 0.0640 ] 
2025-10-02 14:53:22,488 - Epoch  69 Validation set [recall@5: 0.0364 recall@10: 0.0613 recall@20: 0.1009 ] [ndcg@5: 0.0427 ndcg@10: 0.0506 ndcg@20: 0.0641 ] 
2025-10-02 14:53:31,409 - Epoch  72 Validation set [recall@5: 0.0357 recall@10: 0.0620 recall@20: 0.1028 ] [ndcg@5: 0.0427 ndcg@10: 0.0510 ndcg@20: 0.0649 ] 
2025-10-02 14:53:39,426 - Epoch  75 Validation set [recall@5: 0.0374 recall@10: 0.0629 recall@20: 0.1035 ] [ndcg@5: 0.0435 ndcg@10: 0.0517 ndcg@20: 0.0655 ] 
2025-10-02 14:53:47,595 - Epoch  78 Validation set [recall@5: 0.0372 recall@10: 0.0624 recall@20: 0.1047 ] [ndcg@5: 0.0436 ndcg@10: 0.0515 ndcg@20: 0.0660 ] 
2025-10-02 14:53:55,769 - Epoch  81 Validation set [recall@5: 0.0369 recall@10: 0.0630 recall@20: 0.1057 ] [ndcg@5: 0.0438 ndcg@10: 0.0522 ndcg@20: 0.0666 ] 
2025-10-02 14:54:04,212 - Epoch  84 Validation set [recall@5: 0.0369 recall@10: 0.0636 recall@20: 0.1066 ] [ndcg@5: 0.0441 ndcg@10: 0.0527 ndcg@20: 0.0671 ] 
2025-10-02 14:54:12,694 - Epoch  87 Validation set [recall@5: 0.0377 recall@10: 0.0636 recall@20: 0.1065 ] [ndcg@5: 0.0444 ndcg@10: 0.0526 ndcg@20: 0.0671 ] 
2025-10-02 14:54:21,523 - Epoch  90 Validation set [recall@5: 0.0371 recall@10: 0.0648 recall@20: 0.1079 ] [ndcg@5: 0.0441 ndcg@10: 0.0530 ndcg@20: 0.0675 ] 
2025-10-02 14:54:30,290 - Epoch  93 Validation set [recall@5: 0.0381 recall@10: 0.0650 recall@20: 0.1069 ] [ndcg@5: 0.0447 ndcg@10: 0.0533 ndcg@20: 0.0674 ] 
2025-10-02 14:54:38,889 - Epoch  96 Validation set [recall@5: 0.0381 recall@10: 0.0647 recall@20: 0.1073 ] [ndcg@5: 0.0448 ndcg@10: 0.0532 ndcg@20: 0.0677 ] 
2025-10-02 14:54:47,017 - Epoch  99 Validation set [recall@5: 0.0383 recall@10: 0.0650 recall@20: 0.1084 ] [ndcg@5: 0.0457 ndcg@10: 0.0540 ndcg@20: 0.0687 ] 
2025-10-02 14:54:55,591 - Epoch 102 Validation set [recall@5: 0.0383 recall@10: 0.0663 recall@20: 0.1081 ] [ndcg@5: 0.0454 ndcg@10: 0.0544 ndcg@20: 0.0687 ] 
2025-10-02 14:55:04,250 - Epoch 105 Validation set [recall@5: 0.0385 recall@10: 0.0667 recall@20: 0.1096 ] [ndcg@5: 0.0456 ndcg@10: 0.0547 ndcg@20: 0.0691 ] 
2025-10-02 14:55:12,166 - Epoch 108 Validation set [recall@5: 0.0388 recall@10: 0.0668 recall@20: 0.1100 ] [ndcg@5: 0.0457 ndcg@10: 0.0548 ndcg@20: 0.0694 ] 
2025-10-02 14:55:20,216 - Epoch 111 Validation set [recall@5: 0.0398 recall@10: 0.0672 recall@20: 0.1102 ] [ndcg@5: 0.0464 ndcg@10: 0.0551 ndcg@20: 0.0697 ] 
2025-10-02 14:55:29,434 - Epoch 114 Validation set [recall@5: 0.0403 recall@10: 0.0681 recall@20: 0.1112 ] [ndcg@5: 0.0468 ndcg@10: 0.0557 ndcg@20: 0.0703 ] 
2025-10-02 14:55:38,074 - Epoch 117 Validation set [recall@5: 0.0400 recall@10: 0.0680 recall@20: 0.1119 ] [ndcg@5: 0.0468 ndcg@10: 0.0557 ndcg@20: 0.0705 ] 
2025-10-02 14:55:46,650 - Epoch 120 Validation set [recall@5: 0.0404 recall@10: 0.0683 recall@20: 0.1120 ] [ndcg@5: 0.0470 ndcg@10: 0.0560 ndcg@20: 0.0707 ] 
2025-10-02 14:55:55,266 - Epoch 123 Validation set [recall@5: 0.0405 recall@10: 0.0685 recall@20: 0.1119 ] [ndcg@5: 0.0474 ndcg@10: 0.0564 ndcg@20: 0.0711 ] 
2025-10-02 14:56:04,430 - Epoch 126 Validation set [recall@5: 0.0405 recall@10: 0.0688 recall@20: 0.1130 ] [ndcg@5: 0.0475 ndcg@10: 0.0565 ndcg@20: 0.0714 ] 
2025-10-02 14:56:12,759 - Epoch 129 Validation set [recall@5: 0.0401 recall@10: 0.0685 recall@20: 0.1123 ] [ndcg@5: 0.0471 ndcg@10: 0.0564 ndcg@20: 0.0712 ] 
2025-10-02 14:56:20,868 - Epoch 132 Validation set [recall@5: 0.0403 recall@10: 0.0689 recall@20: 0.1130 ] [ndcg@5: 0.0472 ndcg@10: 0.0564 ndcg@20: 0.0714 ] 
2025-10-02 14:56:29,847 - Epoch 135 Validation set [recall@5: 0.0404 recall@10: 0.0689 recall@20: 0.1139 ] [ndcg@5: 0.0475 ndcg@10: 0.0567 ndcg@20: 0.0719 ] 
2025-10-02 14:56:38,612 - Epoch 138 Validation set [recall@5: 0.0413 recall@10: 0.0689 recall@20: 0.1134 ] [ndcg@5: 0.0484 ndcg@10: 0.0569 ndcg@20: 0.0721 ] 
2025-10-02 14:56:47,453 - Epoch 141 Validation set [recall@5: 0.0413 recall@10: 0.0692 recall@20: 0.1142 ] [ndcg@5: 0.0484 ndcg@10: 0.0570 ndcg@20: 0.0723 ] 
2025-10-02 14:56:56,715 - Epoch 144 Validation set [recall@5: 0.0418 recall@10: 0.0697 recall@20: 0.1151 ] [ndcg@5: 0.0486 ndcg@10: 0.0573 ndcg@20: 0.0727 ] 
2025-10-02 14:57:05,949 - Epoch 147 Validation set [recall@5: 0.0417 recall@10: 0.0693 recall@20: 0.1149 ] [ndcg@5: 0.0483 ndcg@10: 0.0569 ndcg@20: 0.0724 ] 
2025-10-02 14:57:15,276 - Epoch 150 Validation set [recall@5: 0.0410 recall@10: 0.0699 recall@20: 0.1157 ] [ndcg@5: 0.0478 ndcg@10: 0.0571 ndcg@20: 0.0727 ] 
2025-10-02 14:57:24,476 - Epoch 153 Validation set [recall@5: 0.0411 recall@10: 0.0703 recall@20: 0.1160 ] [ndcg@5: 0.0486 ndcg@10: 0.0578 ndcg@20: 0.0733 ] 
2025-10-02 14:57:32,786 - Epoch 156 Validation set [recall@5: 0.0413 recall@10: 0.0690 recall@20: 0.1155 ] [ndcg@5: 0.0484 ndcg@10: 0.0571 ndcg@20: 0.0730 ] 
2025-10-02 14:57:41,889 - Epoch 159 Validation set [recall@5: 0.0410 recall@10: 0.0697 recall@20: 0.1161 ] [ndcg@5: 0.0481 ndcg@10: 0.0573 ndcg@20: 0.0731 ] 
2025-10-02 14:57:50,311 - Epoch 162 Validation set [recall@5: 0.0413 recall@10: 0.0706 recall@20: 0.1146 ] [ndcg@5: 0.0485 ndcg@10: 0.0579 ndcg@20: 0.0728 ] 
2025-10-02 14:57:58,728 - Epoch 165 Validation set [recall@5: 0.0407 recall@10: 0.0696 recall@20: 0.1157 ] [ndcg@5: 0.0481 ndcg@10: 0.0573 ndcg@20: 0.0730 ] 
2025-10-02 14:58:06,853 - Epoch 168 Validation set [recall@5: 0.0414 recall@10: 0.0694 recall@20: 0.1159 ] [ndcg@5: 0.0484 ndcg@10: 0.0571 ndcg@20: 0.0730 ] 
2025-10-02 14:58:15,065 - Epoch 171 Validation set [recall@5: 0.0417 recall@10: 0.0704 recall@20: 0.1164 ] [ndcg@5: 0.0488 ndcg@10: 0.0576 ndcg@20: 0.0734 ] 
2025-10-02 14:58:24,339 - Epoch 174 Validation set [recall@5: 0.0410 recall@10: 0.0705 recall@20: 0.1176 ] [ndcg@5: 0.0484 ndcg@10: 0.0579 ndcg@20: 0.0739 ] 
2025-10-02 14:58:32,679 - Epoch 177 Validation set [recall@5: 0.0416 recall@10: 0.0703 recall@20: 0.1173 ] [ndcg@5: 0.0487 ndcg@10: 0.0578 ndcg@20: 0.0738 ] 
2025-10-02 14:58:42,104 - Epoch 180 Validation set [recall@5: 0.0412 recall@10: 0.0707 recall@20: 0.1177 ] [ndcg@5: 0.0484 ndcg@10: 0.0579 ndcg@20: 0.0739 ] 
2025-10-02 14:58:50,184 - Epoch 183 Validation set [recall@5: 0.0415 recall@10: 0.0706 recall@20: 0.1166 ] [ndcg@5: 0.0489 ndcg@10: 0.0582 ndcg@20: 0.0738 ] 
2025-10-02 14:58:59,495 - Epoch 186 Validation set [recall@5: 0.0420 recall@10: 0.0707 recall@20: 0.1171 ] [ndcg@5: 0.0494 ndcg@10: 0.0585 ndcg@20: 0.0743 ] 
2025-10-02 14:59:07,386 - Epoch 189 Validation set [recall@5: 0.0417 recall@10: 0.0711 recall@20: 0.1176 ] [ndcg@5: 0.0490 ndcg@10: 0.0583 ndcg@20: 0.0741 ] 
2025-10-02 14:59:15,837 - Epoch 192 Validation set [recall@5: 0.0423 recall@10: 0.0714 recall@20: 0.1177 ] [ndcg@5: 0.0490 ndcg@10: 0.0583 ndcg@20: 0.0740 ] 
2025-10-02 14:59:23,915 - Epoch 195 Validation set [recall@5: 0.0425 recall@10: 0.0699 recall@20: 0.1177 ] [ndcg@5: 0.0492 ndcg@10: 0.0577 ndcg@20: 0.0739 ] 
2025-10-02 14:59:31,995 - Epoch 198 Validation set [recall@5: 0.0420 recall@10: 0.0714 recall@20: 0.1187 ] [ndcg@5: 0.0491 ndcg@10: 0.0584 ndcg@20: 0.0744 ] 
2025-10-02 14:59:40,261 - Epoch 201 Validation set [recall@5: 0.0424 recall@10: 0.0711 recall@20: 0.1173 ] [ndcg@5: 0.0495 ndcg@10: 0.0584 ndcg@20: 0.0741 ] 
2025-10-02 14:59:48,221 - Epoch 204 Validation set [recall@5: 0.0436 recall@10: 0.0714 recall@20: 0.1191 ] [ndcg@5: 0.0502 ndcg@10: 0.0588 ndcg@20: 0.0748 ] 
2025-10-02 14:59:56,165 - Epoch 207 Validation set [recall@5: 0.0435 recall@10: 0.0716 recall@20: 0.1187 ] [ndcg@5: 0.0503 ndcg@10: 0.0589 ndcg@20: 0.0749 ] 
2025-10-02 15:00:04,998 - Epoch 210 Validation set [recall@5: 0.0435 recall@10: 0.0719 recall@20: 0.1193 ] [ndcg@5: 0.0506 ndcg@10: 0.0593 ndcg@20: 0.0753 ] 
2025-10-02 15:00:13,841 - Epoch 213 Validation set [recall@5: 0.0430 recall@10: 0.0722 recall@20: 0.1200 ] [ndcg@5: 0.0502 ndcg@10: 0.0595 ndcg@20: 0.0755 ] 
2025-10-02 15:00:23,573 - Epoch 216 Validation set [recall@5: 0.0432 recall@10: 0.0720 recall@20: 0.1195 ] [ndcg@5: 0.0505 ndcg@10: 0.0593 ndcg@20: 0.0755 ] 
2025-10-02 15:00:32,719 - Epoch 219 Validation set [recall@5: 0.0432 recall@10: 0.0719 recall@20: 0.1188 ] [ndcg@5: 0.0503 ndcg@10: 0.0593 ndcg@20: 0.0752 ] 
2025-10-02 15:00:42,150 - Epoch 222 Validation set [recall@5: 0.0433 recall@10: 0.0725 recall@20: 0.1192 ] [ndcg@5: 0.0503 ndcg@10: 0.0594 ndcg@20: 0.0752 ] 
2025-10-02 15:00:51,013 - Epoch 225 Validation set [recall@5: 0.0435 recall@10: 0.0722 recall@20: 0.1195 ] [ndcg@5: 0.0502 ndcg@10: 0.0592 ndcg@20: 0.0752 ] 
2025-10-02 15:00:59,436 - Epoch 228 Validation set [recall@5: 0.0430 recall@10: 0.0732 recall@20: 0.1209 ] [ndcg@5: 0.0501 ndcg@10: 0.0597 ndcg@20: 0.0758 ] 
2025-10-02 15:01:08,583 - Epoch 231 Validation set [recall@5: 0.0437 recall@10: 0.0737 recall@20: 0.1199 ] [ndcg@5: 0.0508 ndcg@10: 0.0601 ndcg@20: 0.0757 ] 
2025-10-02 15:01:17,505 - Epoch 234 Validation set [recall@5: 0.0435 recall@10: 0.0733 recall@20: 0.1211 ] [ndcg@5: 0.0509 ndcg@10: 0.0601 ndcg@20: 0.0762 ] 
2025-10-02 15:01:25,579 - Epoch 237 Validation set [recall@5: 0.0437 recall@10: 0.0736 recall@20: 0.1205 ] [ndcg@5: 0.0507 ndcg@10: 0.0600 ndcg@20: 0.0759 ] 
2025-10-02 15:01:34,628 - Epoch 240 Validation set [recall@5: 0.0436 recall@10: 0.0734 recall@20: 0.1206 ] [ndcg@5: 0.0505 ndcg@10: 0.0598 ndcg@20: 0.0757 ] 
2025-10-02 15:01:42,765 - Epoch 243 Validation set [recall@5: 0.0436 recall@10: 0.0734 recall@20: 0.1203 ] [ndcg@5: 0.0505 ndcg@10: 0.0600 ndcg@20: 0.0757 ] 
2025-10-02 15:01:51,075 - Epoch 246 Validation set [recall@5: 0.0434 recall@10: 0.0728 recall@20: 0.1211 ] [ndcg@5: 0.0506 ndcg@10: 0.0599 ndcg@20: 0.0762 ] 
2025-10-02 15:02:00,103 - Epoch 249 Validation set [recall@5: 0.0436 recall@10: 0.0735 recall@20: 0.1201 ] [ndcg@5: 0.0507 ndcg@10: 0.0600 ndcg@20: 0.0758 ] 
2025-10-02 15:02:02,057 - [recall@5: 0.0435 recall@10: 0.0733 recall@20: 0.1211 ] [ndcg@5: 0.0509 ndcg@10: 0.0601 ndcg@20: 0.0762 ] 
2025-10-02 15:02:04,044 - [recall@5: 0.0430 recall@10: 0.0704 recall@20: 0.1171 ] [ndcg@5: 0.0503 ndcg@10: 0.0584 ndcg@20: 0.0744 ] 
2025-10-02 15:02:04,045 - Best Epoch 234. Final test result: {'recall': array([0.04299832, 0.07038228, 0.11711807]), 'ndcg': array([0.05026917, 0.0584432 , 0.07436552])}.
