2025-10-02 15:25:48,368 - {'optimizer': {'name': 'adam', 'lr': 0.001, 'weight_decay': 0}, 'train': {'epoch': 3000, 'batch_size': 4096, 'save_model': False, 'loss': 'pairwise', 'test_step': 3, 'reproducible': True, 'seed': 2023, 'patience': 5}, 'test': {'metrics': ['recall', 'ndcg'], 'k': [5, 10, 20], 'batch_size': 1024}, 'data': {'type': 'general_agcf', 'name': 'yelp', 'mat_type': 'uai', 'pre_norm': True, 'user_num': 11091, 'item_num': 11010, 'user_item_num': 22101, 'attr_num': 2607}, 'model': {'name': 'lightgcn_a', 'keep_rate': 0.8, 'embedding_size': 64, 'layer_num': 9, 'reg_weight': 1e-06, 'amazon': {'layer_num': 3, 'reg_weight': 1e-06}, 'yelp': {'layer_num': 9, 'reg_weight': 1e-06}, 'steam': {'layer_num': 2, 'reg_weight': 1e-06}, 'Office': {'layer_num': 3, 'reg_weight': 1e-06}}}
2025-10-02 15:25:54,594 - Epoch   0 Validation set [recall@5: 0.0081 recall@10: 0.0141 recall@20: 0.0249 ] [ndcg@5: 0.0099 ndcg@10: 0.0120 ndcg@20: 0.0156 ] 
2025-10-02 15:26:04,280 - Epoch   3 Validation set [recall@5: 0.0220 recall@10: 0.0373 recall@20: 0.0591 ] [ndcg@5: 0.0257 ndcg@10: 0.0302 ndcg@20: 0.0373 ] 
2025-10-02 15:26:13,053 - Epoch   6 Validation set [recall@5: 0.0295 recall@10: 0.0494 recall@20: 0.0808 ] [ndcg@5: 0.0352 ndcg@10: 0.0411 ndcg@20: 0.0515 ] 
2025-10-02 15:26:21,538 - Epoch   9 Validation set [recall@5: 0.0307 recall@10: 0.0519 recall@20: 0.0837 ] [ndcg@5: 0.0365 ndcg@10: 0.0429 ndcg@20: 0.0534 ] 
2025-10-02 15:26:30,680 - Epoch  12 Validation set [recall@5: 0.0305 recall@10: 0.0529 recall@20: 0.0844 ] [ndcg@5: 0.0365 ndcg@10: 0.0434 ndcg@20: 0.0539 ] 
2025-10-02 15:26:39,618 - Epoch  15 Validation set [recall@5: 0.0312 recall@10: 0.0531 recall@20: 0.0871 ] [ndcg@5: 0.0367 ndcg@10: 0.0437 ndcg@20: 0.0549 ] 
2025-10-02 15:26:48,812 - Epoch  18 Validation set [recall@5: 0.0312 recall@10: 0.0536 recall@20: 0.0872 ] [ndcg@5: 0.0369 ndcg@10: 0.0440 ndcg@20: 0.0553 ] 
2025-10-02 15:26:57,441 - Epoch  21 Validation set [recall@5: 0.0314 recall@10: 0.0546 recall@20: 0.0877 ] [ndcg@5: 0.0367 ndcg@10: 0.0442 ndcg@20: 0.0553 ] 
2025-10-02 15:27:07,187 - Epoch  24 Validation set [recall@5: 0.0316 recall@10: 0.0546 recall@20: 0.0884 ] [ndcg@5: 0.0370 ndcg@10: 0.0443 ndcg@20: 0.0557 ] 
2025-10-02 15:27:17,171 - Epoch  27 Validation set [recall@5: 0.0319 recall@10: 0.0548 recall@20: 0.0894 ] [ndcg@5: 0.0375 ndcg@10: 0.0448 ndcg@20: 0.0564 ] 
2025-10-02 15:27:26,001 - Epoch  30 Validation set [recall@5: 0.0326 recall@10: 0.0555 recall@20: 0.0904 ] [ndcg@5: 0.0382 ndcg@10: 0.0454 ndcg@20: 0.0570 ] 
2025-10-02 15:27:34,605 - Epoch  33 Validation set [recall@5: 0.0329 recall@10: 0.0557 recall@20: 0.0922 ] [ndcg@5: 0.0383 ndcg@10: 0.0456 ndcg@20: 0.0578 ] 
2025-10-02 15:27:43,546 - Epoch  36 Validation set [recall@5: 0.0334 recall@10: 0.0567 recall@20: 0.0924 ] [ndcg@5: 0.0386 ndcg@10: 0.0460 ndcg@20: 0.0579 ] 
2025-10-02 15:27:52,126 - Epoch  39 Validation set [recall@5: 0.0329 recall@10: 0.0574 recall@20: 0.0934 ] [ndcg@5: 0.0384 ndcg@10: 0.0464 ndcg@20: 0.0583 ] 
2025-10-02 15:28:00,963 - Epoch  42 Validation set [recall@5: 0.0335 recall@10: 0.0580 recall@20: 0.0946 ] [ndcg@5: 0.0388 ndcg@10: 0.0469 ndcg@20: 0.0590 ] 
2025-10-02 15:28:09,603 - Epoch  45 Validation set [recall@5: 0.0337 recall@10: 0.0584 recall@20: 0.0952 ] [ndcg@5: 0.0390 ndcg@10: 0.0471 ndcg@20: 0.0594 ] 
2025-10-02 15:28:18,221 - Epoch  48 Validation set [recall@5: 0.0339 recall@10: 0.0583 recall@20: 0.0960 ] [ndcg@5: 0.0393 ndcg@10: 0.0473 ndcg@20: 0.0599 ] 
2025-10-02 15:28:28,482 - Epoch  51 Validation set [recall@5: 0.0334 recall@10: 0.0591 recall@20: 0.0963 ] [ndcg@5: 0.0393 ndcg@10: 0.0479 ndcg@20: 0.0604 ] 
2025-10-02 15:28:37,685 - Epoch  54 Validation set [recall@5: 0.0340 recall@10: 0.0599 recall@20: 0.0973 ] [ndcg@5: 0.0401 ndcg@10: 0.0485 ndcg@20: 0.0612 ] 
2025-10-02 15:28:46,444 - Epoch  57 Validation set [recall@5: 0.0346 recall@10: 0.0602 recall@20: 0.0982 ] [ndcg@5: 0.0406 ndcg@10: 0.0489 ndcg@20: 0.0617 ] 
2025-10-02 15:28:55,180 - Epoch  60 Validation set [recall@5: 0.0351 recall@10: 0.0607 recall@20: 0.0980 ] [ndcg@5: 0.0410 ndcg@10: 0.0493 ndcg@20: 0.0619 ] 
2025-10-02 15:29:04,308 - Epoch  63 Validation set [recall@5: 0.0355 recall@10: 0.0605 recall@20: 0.0987 ] [ndcg@5: 0.0412 ndcg@10: 0.0492 ndcg@20: 0.0622 ] 
2025-10-02 15:29:13,582 - Epoch  66 Validation set [recall@5: 0.0357 recall@10: 0.0609 recall@20: 0.0998 ] [ndcg@5: 0.0416 ndcg@10: 0.0496 ndcg@20: 0.0628 ] 
2025-10-02 15:29:22,986 - Epoch  69 Validation set [recall@5: 0.0361 recall@10: 0.0612 recall@20: 0.0998 ] [ndcg@5: 0.0419 ndcg@10: 0.0499 ndcg@20: 0.0630 ] 
2025-10-02 15:29:32,148 - Epoch  72 Validation set [recall@5: 0.0355 recall@10: 0.0613 recall@20: 0.1007 ] [ndcg@5: 0.0418 ndcg@10: 0.0501 ndcg@20: 0.0635 ] 
2025-10-02 15:29:41,656 - Epoch  75 Validation set [recall@5: 0.0366 recall@10: 0.0620 recall@20: 0.1017 ] [ndcg@5: 0.0423 ndcg@10: 0.0505 ndcg@20: 0.0641 ] 
2025-10-02 15:29:51,479 - Epoch  78 Validation set [recall@5: 0.0363 recall@10: 0.0618 recall@20: 0.1025 ] [ndcg@5: 0.0423 ndcg@10: 0.0507 ndcg@20: 0.0645 ] 
2025-10-02 15:30:00,338 - Epoch  81 Validation set [recall@5: 0.0364 recall@10: 0.0626 recall@20: 0.1031 ] [ndcg@5: 0.0428 ndcg@10: 0.0514 ndcg@20: 0.0651 ] 
2025-10-02 15:30:10,065 - Epoch  84 Validation set [recall@5: 0.0368 recall@10: 0.0629 recall@20: 0.1036 ] [ndcg@5: 0.0433 ndcg@10: 0.0518 ndcg@20: 0.0654 ] 
2025-10-02 15:30:18,949 - Epoch  87 Validation set [recall@5: 0.0363 recall@10: 0.0623 recall@20: 0.1052 ] [ndcg@5: 0.0430 ndcg@10: 0.0515 ndcg@20: 0.0660 ] 
2025-10-02 15:30:28,122 - Epoch  90 Validation set [recall@5: 0.0362 recall@10: 0.0634 recall@20: 0.1062 ] [ndcg@5: 0.0430 ndcg@10: 0.0518 ndcg@20: 0.0662 ] 
2025-10-02 15:30:38,558 - Epoch  93 Validation set [recall@5: 0.0369 recall@10: 0.0639 recall@20: 0.1055 ] [ndcg@5: 0.0435 ndcg@10: 0.0523 ndcg@20: 0.0663 ] 
2025-10-02 15:30:47,863 - Epoch  96 Validation set [recall@5: 0.0372 recall@10: 0.0636 recall@20: 0.1058 ] [ndcg@5: 0.0436 ndcg@10: 0.0522 ndcg@20: 0.0664 ] 
2025-10-02 15:30:56,705 - Epoch  99 Validation set [recall@5: 0.0375 recall@10: 0.0638 recall@20: 0.1066 ] [ndcg@5: 0.0443 ndcg@10: 0.0528 ndcg@20: 0.0673 ] 
2025-10-02 15:31:05,665 - Epoch 102 Validation set [recall@5: 0.0379 recall@10: 0.0647 recall@20: 0.1066 ] [ndcg@5: 0.0445 ndcg@10: 0.0531 ndcg@20: 0.0672 ] 
2025-10-02 15:31:14,812 - Epoch 105 Validation set [recall@5: 0.0381 recall@10: 0.0647 recall@20: 0.1066 ] [ndcg@5: 0.0446 ndcg@10: 0.0532 ndcg@20: 0.0673 ] 
2025-10-02 15:31:24,187 - Epoch 108 Validation set [recall@5: 0.0379 recall@10: 0.0658 recall@20: 0.1078 ] [ndcg@5: 0.0447 ndcg@10: 0.0537 ndcg@20: 0.0679 ] 
2025-10-02 15:31:33,110 - Epoch 111 Validation set [recall@5: 0.0387 recall@10: 0.0663 recall@20: 0.1086 ] [ndcg@5: 0.0454 ndcg@10: 0.0542 ndcg@20: 0.0686 ] 
2025-10-02 15:31:41,861 - Epoch 114 Validation set [recall@5: 0.0393 recall@10: 0.0665 recall@20: 0.1096 ] [ndcg@5: 0.0456 ndcg@10: 0.0544 ndcg@20: 0.0691 ] 
2025-10-02 15:31:51,107 - Epoch 117 Validation set [recall@5: 0.0392 recall@10: 0.0666 recall@20: 0.1098 ] [ndcg@5: 0.0456 ndcg@10: 0.0544 ndcg@20: 0.0690 ] 
2025-10-02 15:32:01,629 - Epoch 120 Validation set [recall@5: 0.0393 recall@10: 0.0668 recall@20: 0.1106 ] [ndcg@5: 0.0456 ndcg@10: 0.0546 ndcg@20: 0.0693 ] 
2025-10-02 15:32:10,798 - Epoch 123 Validation set [recall@5: 0.0394 recall@10: 0.0678 recall@20: 0.1106 ] [ndcg@5: 0.0459 ndcg@10: 0.0552 ndcg@20: 0.0697 ] 
2025-10-02 15:32:21,272 - Epoch 126 Validation set [recall@5: 0.0394 recall@10: 0.0673 recall@20: 0.1115 ] [ndcg@5: 0.0461 ndcg@10: 0.0551 ndcg@20: 0.0701 ] 
2025-10-02 15:32:31,495 - Epoch 129 Validation set [recall@5: 0.0397 recall@10: 0.0672 recall@20: 0.1108 ] [ndcg@5: 0.0464 ndcg@10: 0.0552 ndcg@20: 0.0700 ] 
2025-10-02 15:32:41,681 - Epoch 132 Validation set [recall@5: 0.0392 recall@10: 0.0674 recall@20: 0.1109 ] [ndcg@5: 0.0459 ndcg@10: 0.0550 ndcg@20: 0.0698 ] 
2025-10-02 15:32:50,733 - Epoch 135 Validation set [recall@5: 0.0398 recall@10: 0.0680 recall@20: 0.1116 ] [ndcg@5: 0.0465 ndcg@10: 0.0556 ndcg@20: 0.0705 ] 
2025-10-02 15:32:59,821 - Epoch 138 Validation set [recall@5: 0.0402 recall@10: 0.0680 recall@20: 0.1113 ] [ndcg@5: 0.0469 ndcg@10: 0.0557 ndcg@20: 0.0705 ] 
2025-10-02 15:33:08,478 - Epoch 141 Validation set [recall@5: 0.0405 recall@10: 0.0678 recall@20: 0.1116 ] [ndcg@5: 0.0472 ndcg@10: 0.0557 ndcg@20: 0.0707 ] 
2025-10-02 15:33:17,971 - Epoch 144 Validation set [recall@5: 0.0407 recall@10: 0.0679 recall@20: 0.1132 ] [ndcg@5: 0.0474 ndcg@10: 0.0560 ndcg@20: 0.0714 ] 
2025-10-02 15:33:28,016 - Epoch 147 Validation set [recall@5: 0.0400 recall@10: 0.0677 recall@20: 0.1133 ] [ndcg@5: 0.0470 ndcg@10: 0.0558 ndcg@20: 0.0713 ] 
2025-10-02 15:33:37,105 - Epoch 150 Validation set [recall@5: 0.0398 recall@10: 0.0683 recall@20: 0.1136 ] [ndcg@5: 0.0465 ndcg@10: 0.0558 ndcg@20: 0.0711 ] 
2025-10-02 15:33:47,204 - Epoch 153 Validation set [recall@5: 0.0407 recall@10: 0.0686 recall@20: 0.1144 ] [ndcg@5: 0.0474 ndcg@10: 0.0563 ndcg@20: 0.0719 ] 
2025-10-02 15:33:56,128 - Epoch 156 Validation set [recall@5: 0.0407 recall@10: 0.0675 recall@20: 0.1134 ] [ndcg@5: 0.0473 ndcg@10: 0.0557 ndcg@20: 0.0713 ] 
2025-10-02 15:34:05,915 - Epoch 159 Validation set [recall@5: 0.0406 recall@10: 0.0674 recall@20: 0.1141 ] [ndcg@5: 0.0472 ndcg@10: 0.0557 ndcg@20: 0.0716 ] 
2025-10-02 15:34:14,837 - Epoch 162 Validation set [recall@5: 0.0405 recall@10: 0.0675 recall@20: 0.1138 ] [ndcg@5: 0.0471 ndcg@10: 0.0557 ndcg@20: 0.0715 ] 
2025-10-02 15:34:23,369 - Epoch 165 Validation set [recall@5: 0.0406 recall@10: 0.0675 recall@20: 0.1135 ] [ndcg@5: 0.0472 ndcg@10: 0.0557 ndcg@20: 0.0714 ] 
2025-10-02 15:34:32,770 - Epoch 168 Validation set [recall@5: 0.0409 recall@10: 0.0677 recall@20: 0.1142 ] [ndcg@5: 0.0474 ndcg@10: 0.0558 ndcg@20: 0.0717 ] 
2025-10-02 15:34:34,601 - [recall@5: 0.0407 recall@10: 0.0686 recall@20: 0.1144 ] [ndcg@5: 0.0474 ndcg@10: 0.0563 ndcg@20: 0.0719 ] 
2025-10-02 15:34:36,720 - [recall@5: 0.0394 recall@10: 0.0668 recall@20: 0.1117 ] [ndcg@5: 0.0456 ndcg@10: 0.0545 ndcg@20: 0.0697 ] 
2025-10-02 15:34:36,721 - Best Epoch 153. Final test result: {'recall': array([0.03940537, 0.0667501 , 0.11165451]), 'ndcg': array([0.04559635, 0.0545409 , 0.06966828])}.
