2025-10-02 15:13:07,309 - {'optimizer': {'name': 'adam', 'lr': 0.001, 'weight_decay': 0}, 'train': {'epoch': 3000, 'batch_size': 4096, 'save_model': False, 'loss': 'pairwise', 'test_step': 3, 'reproducible': True, 'seed': 2023, 'patience': 5}, 'test': {'metrics': ['recall', 'ndcg'], 'k': [5, 10, 20], 'batch_size': 1024}, 'data': {'type': 'general_agcf', 'name': 'yelp', 'mat_type': 'uai', 'pre_norm': True, 'user_num': 11091, 'item_num': 11010, 'user_item_num': 22101, 'attr_num': 2607}, 'model': {'name': 'lightgcn_a', 'keep_rate': 0.8, 'embedding_size': 64, 'layer_num': 8, 'reg_weight': 1e-06, 'amazon': {'layer_num': 3, 'reg_weight': 1e-06}, 'yelp': {'layer_num': 8, 'reg_weight': 1e-06}, 'steam': {'layer_num': 2, 'reg_weight': 1e-06}, 'Office': {'layer_num': 3, 'reg_weight': 1e-06}}}
2025-10-02 15:13:13,680 - Epoch   0 Validation set [recall@5: 0.0082 recall@10: 0.0149 recall@20: 0.0249 ] [ndcg@5: 0.0106 ndcg@10: 0.0128 ndcg@20: 0.0161 ] 
2025-10-02 15:13:23,422 - Epoch   3 Validation set [recall@5: 0.0250 recall@10: 0.0416 recall@20: 0.0660 ] [ndcg@5: 0.0296 ndcg@10: 0.0343 ndcg@20: 0.0424 ] 
2025-10-02 15:13:32,277 - Epoch   6 Validation set [recall@5: 0.0299 recall@10: 0.0499 recall@20: 0.0813 ] [ndcg@5: 0.0358 ndcg@10: 0.0418 ndcg@20: 0.0522 ] 
2025-10-02 15:13:40,842 - Epoch   9 Validation set [recall@5: 0.0308 recall@10: 0.0519 recall@20: 0.0841 ] [ndcg@5: 0.0366 ndcg@10: 0.0430 ndcg@20: 0.0537 ] 
2025-10-02 15:13:50,786 - Epoch  12 Validation set [recall@5: 0.0306 recall@10: 0.0529 recall@20: 0.0847 ] [ndcg@5: 0.0365 ndcg@10: 0.0434 ndcg@20: 0.0541 ] 
2025-10-02 15:14:00,036 - Epoch  15 Validation set [recall@5: 0.0312 recall@10: 0.0531 recall@20: 0.0869 ] [ndcg@5: 0.0368 ndcg@10: 0.0437 ndcg@20: 0.0550 ] 
2025-10-02 15:14:09,012 - Epoch  18 Validation set [recall@5: 0.0313 recall@10: 0.0538 recall@20: 0.0881 ] [ndcg@5: 0.0370 ndcg@10: 0.0442 ndcg@20: 0.0557 ] 
2025-10-02 15:14:18,129 - Epoch  21 Validation set [recall@5: 0.0315 recall@10: 0.0542 recall@20: 0.0882 ] [ndcg@5: 0.0368 ndcg@10: 0.0441 ndcg@20: 0.0555 ] 
2025-10-02 15:14:26,196 - Epoch  24 Validation set [recall@5: 0.0317 recall@10: 0.0549 recall@20: 0.0888 ] [ndcg@5: 0.0372 ndcg@10: 0.0447 ndcg@20: 0.0560 ] 
2025-10-02 15:14:35,578 - Epoch  27 Validation set [recall@5: 0.0321 recall@10: 0.0552 recall@20: 0.0894 ] [ndcg@5: 0.0376 ndcg@10: 0.0449 ndcg@20: 0.0564 ] 
2025-10-02 15:14:45,256 - Epoch  30 Validation set [recall@5: 0.0326 recall@10: 0.0556 recall@20: 0.0908 ] [ndcg@5: 0.0382 ndcg@10: 0.0455 ndcg@20: 0.0573 ] 
2025-10-02 15:14:54,612 - Epoch  33 Validation set [recall@5: 0.0329 recall@10: 0.0560 recall@20: 0.0922 ] [ndcg@5: 0.0384 ndcg@10: 0.0458 ndcg@20: 0.0580 ] 
2025-10-02 15:15:03,957 - Epoch  36 Validation set [recall@5: 0.0333 recall@10: 0.0566 recall@20: 0.0927 ] [ndcg@5: 0.0385 ndcg@10: 0.0459 ndcg@20: 0.0580 ] 
2025-10-02 15:15:12,570 - Epoch  39 Validation set [recall@5: 0.0329 recall@10: 0.0574 recall@20: 0.0940 ] [ndcg@5: 0.0384 ndcg@10: 0.0464 ndcg@20: 0.0586 ] 
2025-10-02 15:15:21,519 - Epoch  42 Validation set [recall@5: 0.0337 recall@10: 0.0583 recall@20: 0.0953 ] [ndcg@5: 0.0389 ndcg@10: 0.0470 ndcg@20: 0.0592 ] 
2025-10-02 15:15:30,003 - Epoch  45 Validation set [recall@5: 0.0335 recall@10: 0.0582 recall@20: 0.0962 ] [ndcg@5: 0.0390 ndcg@10: 0.0471 ndcg@20: 0.0598 ] 
2025-10-02 15:15:38,651 - Epoch  48 Validation set [recall@5: 0.0341 recall@10: 0.0588 recall@20: 0.0966 ] [ndcg@5: 0.0394 ndcg@10: 0.0475 ndcg@20: 0.0601 ] 
2025-10-02 15:15:47,008 - Epoch  51 Validation set [recall@5: 0.0340 recall@10: 0.0593 recall@20: 0.0969 ] [ndcg@5: 0.0397 ndcg@10: 0.0481 ndcg@20: 0.0607 ] 
2025-10-02 15:15:55,105 - Epoch  54 Validation set [recall@5: 0.0344 recall@10: 0.0599 recall@20: 0.0975 ] [ndcg@5: 0.0403 ndcg@10: 0.0485 ndcg@20: 0.0613 ] 
2025-10-02 15:16:04,032 - Epoch  57 Validation set [recall@5: 0.0347 recall@10: 0.0601 recall@20: 0.0985 ] [ndcg@5: 0.0407 ndcg@10: 0.0490 ndcg@20: 0.0619 ] 
2025-10-02 15:16:12,732 - Epoch  60 Validation set [recall@5: 0.0353 recall@10: 0.0609 recall@20: 0.0986 ] [ndcg@5: 0.0412 ndcg@10: 0.0494 ndcg@20: 0.0622 ] 
2025-10-02 15:16:21,567 - Epoch  63 Validation set [recall@5: 0.0355 recall@10: 0.0606 recall@20: 0.0996 ] [ndcg@5: 0.0414 ndcg@10: 0.0494 ndcg@20: 0.0626 ] 
2025-10-02 15:16:30,674 - Epoch  66 Validation set [recall@5: 0.0357 recall@10: 0.0609 recall@20: 0.1003 ] [ndcg@5: 0.0418 ndcg@10: 0.0498 ndcg@20: 0.0632 ] 
2025-10-02 15:16:39,324 - Epoch  69 Validation set [recall@5: 0.0360 recall@10: 0.0606 recall@20: 0.1001 ] [ndcg@5: 0.0421 ndcg@10: 0.0499 ndcg@20: 0.0634 ] 
2025-10-02 15:16:47,242 - Epoch  72 Validation set [recall@5: 0.0357 recall@10: 0.0616 recall@20: 0.1015 ] [ndcg@5: 0.0422 ndcg@10: 0.0504 ndcg@20: 0.0641 ] 
2025-10-02 15:16:55,260 - Epoch  75 Validation set [recall@5: 0.0371 recall@10: 0.0625 recall@20: 0.1025 ] [ndcg@5: 0.0428 ndcg@10: 0.0509 ndcg@20: 0.0647 ] 
2025-10-02 15:17:03,539 - Epoch  78 Validation set [recall@5: 0.0367 recall@10: 0.0620 recall@20: 0.1030 ] [ndcg@5: 0.0428 ndcg@10: 0.0509 ndcg@20: 0.0649 ] 
2025-10-02 15:17:11,856 - Epoch  81 Validation set [recall@5: 0.0366 recall@10: 0.0625 recall@20: 0.1046 ] [ndcg@5: 0.0432 ndcg@10: 0.0515 ndcg@20: 0.0658 ] 
2025-10-02 15:17:20,309 - Epoch  84 Validation set [recall@5: 0.0369 recall@10: 0.0630 recall@20: 0.1045 ] [ndcg@5: 0.0435 ndcg@10: 0.0521 ndcg@20: 0.0660 ] 
2025-10-02 15:17:29,484 - Epoch  87 Validation set [recall@5: 0.0367 recall@10: 0.0627 recall@20: 0.1052 ] [ndcg@5: 0.0435 ndcg@10: 0.0519 ndcg@20: 0.0663 ] 
2025-10-02 15:17:38,419 - Epoch  90 Validation set [recall@5: 0.0368 recall@10: 0.0641 recall@20: 0.1069 ] [ndcg@5: 0.0434 ndcg@10: 0.0522 ndcg@20: 0.0666 ] 
2025-10-02 15:17:46,810 - Epoch  93 Validation set [recall@5: 0.0372 recall@10: 0.0642 recall@20: 0.1058 ] [ndcg@5: 0.0438 ndcg@10: 0.0525 ndcg@20: 0.0665 ] 
2025-10-02 15:17:55,169 - Epoch  96 Validation set [recall@5: 0.0372 recall@10: 0.0640 recall@20: 0.1064 ] [ndcg@5: 0.0438 ndcg@10: 0.0525 ndcg@20: 0.0669 ] 
2025-10-02 15:18:03,140 - Epoch  99 Validation set [recall@5: 0.0378 recall@10: 0.0637 recall@20: 0.1073 ] [ndcg@5: 0.0445 ndcg@10: 0.0531 ndcg@20: 0.0678 ] 
2025-10-02 15:18:12,125 - Epoch 102 Validation set [recall@5: 0.0380 recall@10: 0.0650 recall@20: 0.1070 ] [ndcg@5: 0.0448 ndcg@10: 0.0534 ndcg@20: 0.0676 ] 
2025-10-02 15:18:20,783 - Epoch 105 Validation set [recall@5: 0.0383 recall@10: 0.0657 recall@20: 0.1084 ] [ndcg@5: 0.0450 ndcg@10: 0.0539 ndcg@20: 0.0683 ] 
2025-10-02 15:18:29,188 - Epoch 108 Validation set [recall@5: 0.0383 recall@10: 0.0661 recall@20: 0.1081 ] [ndcg@5: 0.0450 ndcg@10: 0.0540 ndcg@20: 0.0683 ] 
2025-10-02 15:18:37,985 - Epoch 111 Validation set [recall@5: 0.0390 recall@10: 0.0667 recall@20: 0.1090 ] [ndcg@5: 0.0458 ndcg@10: 0.0547 ndcg@20: 0.0690 ] 
2025-10-02 15:18:46,526 - Epoch 114 Validation set [recall@5: 0.0399 recall@10: 0.0670 recall@20: 0.1101 ] [ndcg@5: 0.0462 ndcg@10: 0.0549 ndcg@20: 0.0695 ] 
2025-10-02 15:18:55,649 - Epoch 117 Validation set [recall@5: 0.0393 recall@10: 0.0670 recall@20: 0.1103 ] [ndcg@5: 0.0458 ndcg@10: 0.0549 ndcg@20: 0.0695 ] 
2025-10-02 15:19:04,086 - Epoch 120 Validation set [recall@5: 0.0399 recall@10: 0.0670 recall@20: 0.1111 ] [ndcg@5: 0.0461 ndcg@10: 0.0548 ndcg@20: 0.0697 ] 
2025-10-02 15:19:14,190 - Epoch 123 Validation set [recall@5: 0.0400 recall@10: 0.0679 recall@20: 0.1112 ] [ndcg@5: 0.0465 ndcg@10: 0.0556 ndcg@20: 0.0703 ] 
2025-10-02 15:19:23,811 - Epoch 126 Validation set [recall@5: 0.0402 recall@10: 0.0677 recall@20: 0.1119 ] [ndcg@5: 0.0467 ndcg@10: 0.0554 ndcg@20: 0.0705 ] 
2025-10-02 15:19:33,152 - Epoch 129 Validation set [recall@5: 0.0398 recall@10: 0.0677 recall@20: 0.1115 ] [ndcg@5: 0.0465 ndcg@10: 0.0555 ndcg@20: 0.0703 ] 
2025-10-02 15:19:41,680 - Epoch 132 Validation set [recall@5: 0.0394 recall@10: 0.0677 recall@20: 0.1116 ] [ndcg@5: 0.0463 ndcg@10: 0.0553 ndcg@20: 0.0703 ] 
2025-10-02 15:19:50,026 - Epoch 135 Validation set [recall@5: 0.0396 recall@10: 0.0681 recall@20: 0.1123 ] [ndcg@5: 0.0468 ndcg@10: 0.0559 ndcg@20: 0.0710 ] 
2025-10-02 15:19:58,177 - Epoch 138 Validation set [recall@5: 0.0404 recall@10: 0.0687 recall@20: 0.1117 ] [ndcg@5: 0.0474 ndcg@10: 0.0562 ndcg@20: 0.0709 ] 
2025-10-02 15:20:07,086 - Epoch 141 Validation set [recall@5: 0.0407 recall@10: 0.0679 recall@20: 0.1129 ] [ndcg@5: 0.0475 ndcg@10: 0.0559 ndcg@20: 0.0713 ] 
2025-10-02 15:20:16,228 - Epoch 144 Validation set [recall@5: 0.0412 recall@10: 0.0680 recall@20: 0.1143 ] [ndcg@5: 0.0478 ndcg@10: 0.0562 ndcg@20: 0.0719 ] 
2025-10-02 15:20:24,623 - Epoch 147 Validation set [recall@5: 0.0406 recall@10: 0.0683 recall@20: 0.1139 ] [ndcg@5: 0.0473 ndcg@10: 0.0561 ndcg@20: 0.0715 ] 
2025-10-02 15:20:32,972 - Epoch 150 Validation set [recall@5: 0.0401 recall@10: 0.0689 recall@20: 0.1143 ] [ndcg@5: 0.0470 ndcg@10: 0.0564 ndcg@20: 0.0717 ] 
2025-10-02 15:20:41,270 - Epoch 153 Validation set [recall@5: 0.0410 recall@10: 0.0690 recall@20: 0.1148 ] [ndcg@5: 0.0478 ndcg@10: 0.0568 ndcg@20: 0.0723 ] 
2025-10-02 15:20:49,788 - Epoch 156 Validation set [recall@5: 0.0409 recall@10: 0.0683 recall@20: 0.1138 ] [ndcg@5: 0.0476 ndcg@10: 0.0563 ndcg@20: 0.0718 ] 
2025-10-02 15:20:58,030 - Epoch 159 Validation set [recall@5: 0.0407 recall@10: 0.0683 recall@20: 0.1149 ] [ndcg@5: 0.0475 ndcg@10: 0.0563 ndcg@20: 0.0721 ] 
2025-10-02 15:21:06,709 - Epoch 162 Validation set [recall@5: 0.0410 recall@10: 0.0688 recall@20: 0.1140 ] [ndcg@5: 0.0476 ndcg@10: 0.0564 ndcg@20: 0.0719 ] 
2025-10-02 15:21:15,168 - Epoch 165 Validation set [recall@5: 0.0406 recall@10: 0.0685 recall@20: 0.1145 ] [ndcg@5: 0.0475 ndcg@10: 0.0564 ndcg@20: 0.0720 ] 
2025-10-02 15:21:24,025 - Epoch 168 Validation set [recall@5: 0.0410 recall@10: 0.0680 recall@20: 0.1154 ] [ndcg@5: 0.0476 ndcg@10: 0.0561 ndcg@20: 0.0723 ] 
2025-10-02 15:21:32,928 - Epoch 171 Validation set [recall@5: 0.0411 recall@10: 0.0693 recall@20: 0.1154 ] [ndcg@5: 0.0479 ndcg@10: 0.0568 ndcg@20: 0.0725 ] 
2025-10-02 15:21:42,667 - Epoch 174 Validation set [recall@5: 0.0405 recall@10: 0.0687 recall@20: 0.1152 ] [ndcg@5: 0.0475 ndcg@10: 0.0565 ndcg@20: 0.0724 ] 
2025-10-02 15:21:51,879 - Epoch 177 Validation set [recall@5: 0.0412 recall@10: 0.0693 recall@20: 0.1159 ] [ndcg@5: 0.0480 ndcg@10: 0.0569 ndcg@20: 0.0727 ] 
2025-10-02 15:22:00,953 - Epoch 180 Validation set [recall@5: 0.0407 recall@10: 0.0692 recall@20: 0.1159 ] [ndcg@5: 0.0476 ndcg@10: 0.0569 ndcg@20: 0.0727 ] 
2025-10-02 15:22:09,663 - Epoch 183 Validation set [recall@5: 0.0412 recall@10: 0.0689 recall@20: 0.1146 ] [ndcg@5: 0.0484 ndcg@10: 0.0572 ndcg@20: 0.0728 ] 
2025-10-02 15:22:19,408 - Epoch 186 Validation set [recall@5: 0.0412 recall@10: 0.0692 recall@20: 0.1159 ] [ndcg@5: 0.0485 ndcg@10: 0.0574 ndcg@20: 0.0731 ] 
2025-10-02 15:22:28,353 - Epoch 189 Validation set [recall@5: 0.0413 recall@10: 0.0700 recall@20: 0.1165 ] [ndcg@5: 0.0485 ndcg@10: 0.0574 ndcg@20: 0.0733 ] 
2025-10-02 15:22:36,882 - Epoch 192 Validation set [recall@5: 0.0419 recall@10: 0.0698 recall@20: 0.1165 ] [ndcg@5: 0.0485 ndcg@10: 0.0573 ndcg@20: 0.0731 ] 
2025-10-02 15:22:45,309 - Epoch 195 Validation set [recall@5: 0.0420 recall@10: 0.0694 recall@20: 0.1162 ] [ndcg@5: 0.0486 ndcg@10: 0.0572 ndcg@20: 0.0731 ] 
2025-10-02 15:22:54,172 - Epoch 198 Validation set [recall@5: 0.0415 recall@10: 0.0697 recall@20: 0.1175 ] [ndcg@5: 0.0483 ndcg@10: 0.0573 ndcg@20: 0.0734 ] 
2025-10-02 15:23:03,739 - Epoch 201 Validation set [recall@5: 0.0418 recall@10: 0.0699 recall@20: 0.1162 ] [ndcg@5: 0.0487 ndcg@10: 0.0574 ndcg@20: 0.0732 ] 
2025-10-02 15:23:14,135 - Epoch 204 Validation set [recall@5: 0.0425 recall@10: 0.0703 recall@20: 0.1173 ] [ndcg@5: 0.0490 ndcg@10: 0.0578 ndcg@20: 0.0737 ] 
2025-10-02 15:23:23,680 - Epoch 207 Validation set [recall@5: 0.0421 recall@10: 0.0706 recall@20: 0.1169 ] [ndcg@5: 0.0488 ndcg@10: 0.0578 ndcg@20: 0.0736 ] 
2025-10-02 15:23:32,505 - Epoch 210 Validation set [recall@5: 0.0422 recall@10: 0.0707 recall@20: 0.1178 ] [ndcg@5: 0.0493 ndcg@10: 0.0583 ndcg@20: 0.0742 ] 
2025-10-02 15:23:41,658 - Epoch 213 Validation set [recall@5: 0.0421 recall@10: 0.0710 recall@20: 0.1183 ] [ndcg@5: 0.0495 ndcg@10: 0.0586 ndcg@20: 0.0746 ] 
2025-10-02 15:23:51,487 - Epoch 216 Validation set [recall@5: 0.0418 recall@10: 0.0710 recall@20: 0.1175 ] [ndcg@5: 0.0492 ndcg@10: 0.0584 ndcg@20: 0.0741 ] 
2025-10-02 15:24:00,285 - Epoch 219 Validation set [recall@5: 0.0422 recall@10: 0.0706 recall@20: 0.1177 ] [ndcg@5: 0.0492 ndcg@10: 0.0582 ndcg@20: 0.0742 ] 
2025-10-02 15:24:09,402 - Epoch 222 Validation set [recall@5: 0.0427 recall@10: 0.0707 recall@20: 0.1185 ] [ndcg@5: 0.0494 ndcg@10: 0.0582 ndcg@20: 0.0743 ] 
2025-10-02 15:24:19,195 - Epoch 225 Validation set [recall@5: 0.0423 recall@10: 0.0707 recall@20: 0.1181 ] [ndcg@5: 0.0491 ndcg@10: 0.0580 ndcg@20: 0.0741 ] 
2025-10-02 15:24:29,032 - Epoch 228 Validation set [recall@5: 0.0421 recall@10: 0.0722 recall@20: 0.1183 ] [ndcg@5: 0.0491 ndcg@10: 0.0587 ndcg@20: 0.0743 ] 
2025-10-02 15:24:39,162 - Epoch 231 Validation set [recall@5: 0.0434 recall@10: 0.0723 recall@20: 0.1190 ] [ndcg@5: 0.0501 ndcg@10: 0.0591 ndcg@20: 0.0748 ] 
2025-10-02 15:24:47,759 - Epoch 234 Validation set [recall@5: 0.0428 recall@10: 0.0714 recall@20: 0.1193 ] [ndcg@5: 0.0500 ndcg@10: 0.0589 ndcg@20: 0.0750 ] 
2025-10-02 15:24:56,538 - Epoch 237 Validation set [recall@5: 0.0432 recall@10: 0.0720 recall@20: 0.1193 ] [ndcg@5: 0.0498 ndcg@10: 0.0589 ndcg@20: 0.0748 ] 
2025-10-02 15:25:04,803 - Epoch 240 Validation set [recall@5: 0.0427 recall@10: 0.0716 recall@20: 0.1190 ] [ndcg@5: 0.0494 ndcg@10: 0.0585 ndcg@20: 0.0745 ] 
2025-10-02 15:25:14,520 - Epoch 243 Validation set [recall@5: 0.0428 recall@10: 0.0720 recall@20: 0.1187 ] [ndcg@5: 0.0497 ndcg@10: 0.0587 ndcg@20: 0.0745 ] 
2025-10-02 15:25:23,269 - Epoch 246 Validation set [recall@5: 0.0426 recall@10: 0.0719 recall@20: 0.1185 ] [ndcg@5: 0.0496 ndcg@10: 0.0588 ndcg@20: 0.0745 ] 
2025-10-02 15:25:32,436 - Epoch 249 Validation set [recall@5: 0.0423 recall@10: 0.0714 recall@20: 0.1183 ] [ndcg@5: 0.0496 ndcg@10: 0.0587 ndcg@20: 0.0746 ] 
2025-10-02 15:25:41,020 - Epoch 252 Validation set [recall@5: 0.0428 recall@10: 0.0719 recall@20: 0.1185 ] [ndcg@5: 0.0498 ndcg@10: 0.0587 ndcg@20: 0.0745 ] 
2025-10-02 15:25:42,965 - [recall@5: 0.0432 recall@10: 0.0720 recall@20: 0.1193 ] [ndcg@5: 0.0498 ndcg@10: 0.0589 ndcg@20: 0.0748 ] 
2025-10-02 15:25:44,917 - [recall@5: 0.0426 recall@10: 0.0701 recall@20: 0.1160 ] [ndcg@5: 0.0492 ndcg@10: 0.0578 ndcg@20: 0.0734 ] 
2025-10-02 15:25:44,918 - Best Epoch 237. Final test result: {'recall': array([0.04256485, 0.07006381, 0.11596986]), 'ndcg': array([0.0492422 , 0.05780729, 0.07338136])}.
