2025-10-02 14:14:13,880 - {'optimizer': {'name': 'adam', 'lr': 0.001, 'weight_decay': 0}, 'train': {'epoch': 3000, 'batch_size': 4096, 'save_model': False, 'loss': 'pairwise', 'test_step': 3, 'reproducible': True, 'seed': 2023, 'patience': 5}, 'test': {'metrics': ['recall', 'ndcg'], 'k': [5, 10, 20], 'batch_size': 1024}, 'data': {'type': 'general_agcf', 'name': 'yelp', 'mat_type': 'uai', 'pre_norm': True, 'user_num': 11091, 'item_num': 11010, 'user_item_num': 22101, 'attr_num': 2607}, 'model': {'name': 'lightgcn_a', 'keep_rate': 0.8, 'embedding_size': 64, 'layer_num': 2, 'reg_weight': 1e-06, 'amazon': {'layer_num': 3, 'reg_weight': 1e-06}, 'yelp': {'layer_num': 2, 'reg_weight': 1e-06}, 'steam': {'layer_num': 2, 'reg_weight': 1e-06}, 'Office': {'layer_num': 3, 'reg_weight': 1e-06}}}
2025-10-02 14:14:20,969 - Epoch   0 Validation set [recall@5: 0.0297 recall@10: 0.0471 recall@20: 0.0808 ] [ndcg@5: 0.0354 ndcg@10: 0.0402 ndcg@20: 0.0513 ] 
2025-10-02 14:14:29,702 - Epoch   3 Validation set [recall@5: 0.0312 recall@10: 0.0518 recall@20: 0.0861 ] [ndcg@5: 0.0369 ndcg@10: 0.0432 ndcg@20: 0.0547 ] 
2025-10-02 14:14:38,022 - Epoch   6 Validation set [recall@5: 0.0318 recall@10: 0.0527 recall@20: 0.0868 ] [ndcg@5: 0.0377 ndcg@10: 0.0439 ndcg@20: 0.0553 ] 
2025-10-02 14:14:47,622 - Epoch   9 Validation set [recall@5: 0.0319 recall@10: 0.0530 recall@20: 0.0868 ] [ndcg@5: 0.0379 ndcg@10: 0.0443 ndcg@20: 0.0557 ] 
2025-10-02 14:14:57,191 - Epoch  12 Validation set [recall@5: 0.0316 recall@10: 0.0536 recall@20: 0.0870 ] [ndcg@5: 0.0374 ndcg@10: 0.0442 ndcg@20: 0.0555 ] 
2025-10-02 14:15:06,885 - Epoch  15 Validation set [recall@5: 0.0319 recall@10: 0.0532 recall@20: 0.0897 ] [ndcg@5: 0.0373 ndcg@10: 0.0440 ndcg@20: 0.0564 ] 
2025-10-02 14:15:16,390 - Epoch  18 Validation set [recall@5: 0.0317 recall@10: 0.0540 recall@20: 0.0902 ] [ndcg@5: 0.0373 ndcg@10: 0.0445 ndcg@20: 0.0567 ] 
2025-10-02 14:15:24,210 - Epoch  21 Validation set [recall@5: 0.0323 recall@10: 0.0546 recall@20: 0.0915 ] [ndcg@5: 0.0379 ndcg@10: 0.0450 ndcg@20: 0.0574 ] 
2025-10-02 14:15:32,322 - Epoch  24 Validation set [recall@5: 0.0325 recall@10: 0.0550 recall@20: 0.0922 ] [ndcg@5: 0.0386 ndcg@10: 0.0456 ndcg@20: 0.0580 ] 
2025-10-02 14:15:40,378 - Epoch  27 Validation set [recall@5: 0.0334 recall@10: 0.0560 recall@20: 0.0935 ] [ndcg@5: 0.0393 ndcg@10: 0.0464 ndcg@20: 0.0589 ] 
2025-10-02 14:15:49,542 - Epoch  30 Validation set [recall@5: 0.0332 recall@10: 0.0566 recall@20: 0.0943 ] [ndcg@5: 0.0394 ndcg@10: 0.0469 ndcg@20: 0.0595 ] 
2025-10-02 14:15:58,133 - Epoch  33 Validation set [recall@5: 0.0342 recall@10: 0.0577 recall@20: 0.0960 ] [ndcg@5: 0.0403 ndcg@10: 0.0477 ndcg@20: 0.0605 ] 
2025-10-02 14:16:06,703 - Epoch  36 Validation set [recall@5: 0.0342 recall@10: 0.0583 recall@20: 0.0971 ] [ndcg@5: 0.0403 ndcg@10: 0.0480 ndcg@20: 0.0609 ] 
2025-10-02 14:16:16,435 - Epoch  39 Validation set [recall@5: 0.0343 recall@10: 0.0593 recall@20: 0.0975 ] [ndcg@5: 0.0405 ndcg@10: 0.0485 ndcg@20: 0.0612 ] 
2025-10-02 14:16:25,318 - Epoch  42 Validation set [recall@5: 0.0353 recall@10: 0.0604 recall@20: 0.0985 ] [ndcg@5: 0.0412 ndcg@10: 0.0493 ndcg@20: 0.0621 ] 
2025-10-02 14:16:34,751 - Epoch  45 Validation set [recall@5: 0.0350 recall@10: 0.0600 recall@20: 0.0988 ] [ndcg@5: 0.0413 ndcg@10: 0.0494 ndcg@20: 0.0624 ] 
2025-10-02 14:16:43,198 - Epoch  48 Validation set [recall@5: 0.0351 recall@10: 0.0612 recall@20: 0.0996 ] [ndcg@5: 0.0412 ndcg@10: 0.0498 ndcg@20: 0.0627 ] 
2025-10-02 14:16:51,560 - Epoch  51 Validation set [recall@5: 0.0350 recall@10: 0.0612 recall@20: 0.1002 ] [ndcg@5: 0.0419 ndcg@10: 0.0505 ndcg@20: 0.0636 ] 
2025-10-02 14:16:59,570 - Epoch  54 Validation set [recall@5: 0.0357 recall@10: 0.0613 recall@20: 0.1012 ] [ndcg@5: 0.0420 ndcg@10: 0.0502 ndcg@20: 0.0637 ] 
2025-10-02 14:17:09,015 - Epoch  57 Validation set [recall@5: 0.0358 recall@10: 0.0615 recall@20: 0.1011 ] [ndcg@5: 0.0428 ndcg@10: 0.0510 ndcg@20: 0.0644 ] 
2025-10-02 14:17:18,112 - Epoch  60 Validation set [recall@5: 0.0358 recall@10: 0.0621 recall@20: 0.1025 ] [ndcg@5: 0.0426 ndcg@10: 0.0511 ndcg@20: 0.0649 ] 
2025-10-02 14:17:25,881 - Epoch  63 Validation set [recall@5: 0.0358 recall@10: 0.0619 recall@20: 0.1041 ] [ndcg@5: 0.0428 ndcg@10: 0.0512 ndcg@20: 0.0655 ] 
2025-10-02 14:17:35,605 - Epoch  66 Validation set [recall@5: 0.0363 recall@10: 0.0630 recall@20: 0.1044 ] [ndcg@5: 0.0435 ndcg@10: 0.0519 ndcg@20: 0.0659 ] 
2025-10-02 14:17:44,414 - Epoch  69 Validation set [recall@5: 0.0365 recall@10: 0.0633 recall@20: 0.1046 ] [ndcg@5: 0.0437 ndcg@10: 0.0523 ndcg@20: 0.0663 ] 
2025-10-02 14:17:52,928 - Epoch  72 Validation set [recall@5: 0.0363 recall@10: 0.0635 recall@20: 0.1050 ] [ndcg@5: 0.0441 ndcg@10: 0.0527 ndcg@20: 0.0669 ] 
2025-10-02 14:18:02,348 - Epoch  75 Validation set [recall@5: 0.0378 recall@10: 0.0648 recall@20: 0.1067 ] [ndcg@5: 0.0448 ndcg@10: 0.0534 ndcg@20: 0.0676 ] 
2025-10-02 14:18:10,907 - Epoch  78 Validation set [recall@5: 0.0372 recall@10: 0.0648 recall@20: 0.1073 ] [ndcg@5: 0.0448 ndcg@10: 0.0537 ndcg@20: 0.0681 ] 
2025-10-02 14:18:20,668 - Epoch  81 Validation set [recall@5: 0.0375 recall@10: 0.0649 recall@20: 0.1085 ] [ndcg@5: 0.0454 ndcg@10: 0.0539 ndcg@20: 0.0687 ] 
2025-10-02 14:18:29,856 - Epoch  84 Validation set [recall@5: 0.0379 recall@10: 0.0654 recall@20: 0.1084 ] [ndcg@5: 0.0457 ndcg@10: 0.0543 ndcg@20: 0.0687 ] 
2025-10-02 14:18:38,938 - Epoch  87 Validation set [recall@5: 0.0380 recall@10: 0.0657 recall@20: 0.1088 ] [ndcg@5: 0.0456 ndcg@10: 0.0543 ndcg@20: 0.0689 ] 
2025-10-02 14:18:47,744 - Epoch  90 Validation set [recall@5: 0.0366 recall@10: 0.0663 recall@20: 0.1107 ] [ndcg@5: 0.0449 ndcg@10: 0.0546 ndcg@20: 0.0695 ] 
2025-10-02 14:18:57,351 - Epoch  93 Validation set [recall@5: 0.0379 recall@10: 0.0660 recall@20: 0.1099 ] [ndcg@5: 0.0458 ndcg@10: 0.0547 ndcg@20: 0.0696 ] 
2025-10-02 14:19:07,736 - Epoch  96 Validation set [recall@5: 0.0385 recall@10: 0.0672 recall@20: 0.1101 ] [ndcg@5: 0.0458 ndcg@10: 0.0549 ndcg@20: 0.0695 ] 
2025-10-02 14:19:17,496 - Epoch  99 Validation set [recall@5: 0.0386 recall@10: 0.0683 recall@20: 0.1116 ] [ndcg@5: 0.0463 ndcg@10: 0.0559 ndcg@20: 0.0705 ] 
2025-10-02 14:19:26,468 - Epoch 102 Validation set [recall@5: 0.0395 recall@10: 0.0682 recall@20: 0.1121 ] [ndcg@5: 0.0470 ndcg@10: 0.0562 ndcg@20: 0.0710 ] 
2025-10-02 14:19:35,903 - Epoch 105 Validation set [recall@5: 0.0393 recall@10: 0.0686 recall@20: 0.1120 ] [ndcg@5: 0.0470 ndcg@10: 0.0565 ndcg@20: 0.0712 ] 
2025-10-02 14:19:46,188 - Epoch 108 Validation set [recall@5: 0.0397 recall@10: 0.0694 recall@20: 0.1127 ] [ndcg@5: 0.0473 ndcg@10: 0.0571 ndcg@20: 0.0718 ] 
2025-10-02 14:19:56,448 - Epoch 111 Validation set [recall@5: 0.0402 recall@10: 0.0687 recall@20: 0.1139 ] [ndcg@5: 0.0477 ndcg@10: 0.0568 ndcg@20: 0.0721 ] 
2025-10-02 14:20:05,535 - Epoch 114 Validation set [recall@5: 0.0412 recall@10: 0.0695 recall@20: 0.1149 ] [ndcg@5: 0.0485 ndcg@10: 0.0576 ndcg@20: 0.0730 ] 
2025-10-02 14:20:15,075 - Epoch 117 Validation set [recall@5: 0.0411 recall@10: 0.0701 recall@20: 0.1144 ] [ndcg@5: 0.0484 ndcg@10: 0.0576 ndcg@20: 0.0726 ] 
2025-10-02 14:20:24,755 - Epoch 120 Validation set [recall@5: 0.0416 recall@10: 0.0706 recall@20: 0.1154 ] [ndcg@5: 0.0492 ndcg@10: 0.0585 ndcg@20: 0.0736 ] 
2025-10-02 14:20:33,640 - Epoch 123 Validation set [recall@5: 0.0419 recall@10: 0.0703 recall@20: 0.1152 ] [ndcg@5: 0.0494 ndcg@10: 0.0583 ndcg@20: 0.0734 ] 
2025-10-02 14:20:41,887 - Epoch 126 Validation set [recall@5: 0.0412 recall@10: 0.0700 recall@20: 0.1161 ] [ndcg@5: 0.0488 ndcg@10: 0.0581 ndcg@20: 0.0736 ] 
2025-10-02 14:20:50,212 - Epoch 129 Validation set [recall@5: 0.0409 recall@10: 0.0699 recall@20: 0.1149 ] [ndcg@5: 0.0490 ndcg@10: 0.0583 ndcg@20: 0.0735 ] 
2025-10-02 14:20:58,606 - Epoch 132 Validation set [recall@5: 0.0413 recall@10: 0.0708 recall@20: 0.1153 ] [ndcg@5: 0.0489 ndcg@10: 0.0584 ndcg@20: 0.0734 ] 
2025-10-02 14:21:06,190 - Epoch 135 Validation set [recall@5: 0.0418 recall@10: 0.0716 recall@20: 0.1161 ] [ndcg@5: 0.0495 ndcg@10: 0.0592 ndcg@20: 0.0741 ] 
2025-10-02 14:21:15,499 - Epoch 138 Validation set [recall@5: 0.0425 recall@10: 0.0712 recall@20: 0.1166 ] [ndcg@5: 0.0499 ndcg@10: 0.0592 ndcg@20: 0.0744 ] 
2025-10-02 14:21:24,260 - Epoch 141 Validation set [recall@5: 0.0423 recall@10: 0.0713 recall@20: 0.1169 ] [ndcg@5: 0.0498 ndcg@10: 0.0592 ndcg@20: 0.0745 ] 
2025-10-02 14:21:31,652 - Epoch 144 Validation set [recall@5: 0.0427 recall@10: 0.0720 recall@20: 0.1171 ] [ndcg@5: 0.0504 ndcg@10: 0.0596 ndcg@20: 0.0749 ] 
2025-10-02 14:21:40,426 - Epoch 147 Validation set [recall@5: 0.0416 recall@10: 0.0719 recall@20: 0.1179 ] [ndcg@5: 0.0496 ndcg@10: 0.0594 ndcg@20: 0.0748 ] 
2025-10-02 14:21:48,276 - Epoch 150 Validation set [recall@5: 0.0418 recall@10: 0.0723 recall@20: 0.1178 ] [ndcg@5: 0.0496 ndcg@10: 0.0595 ndcg@20: 0.0749 ] 
2025-10-02 14:21:57,423 - Epoch 153 Validation set [recall@5: 0.0423 recall@10: 0.0719 recall@20: 0.1186 ] [ndcg@5: 0.0502 ndcg@10: 0.0596 ndcg@20: 0.0754 ] 
2025-10-02 14:22:06,317 - Epoch 156 Validation set [recall@5: 0.0422 recall@10: 0.0725 recall@20: 0.1177 ] [ndcg@5: 0.0506 ndcg@10: 0.0601 ndcg@20: 0.0753 ] 
2025-10-02 14:22:14,249 - Epoch 159 Validation set [recall@5: 0.0417 recall@10: 0.0718 recall@20: 0.1183 ] [ndcg@5: 0.0502 ndcg@10: 0.0597 ndcg@20: 0.0754 ] 
2025-10-02 14:22:20,827 - Epoch 162 Validation set [recall@5: 0.0421 recall@10: 0.0717 recall@20: 0.1171 ] [ndcg@5: 0.0501 ndcg@10: 0.0594 ndcg@20: 0.0749 ] 
2025-10-02 14:22:29,631 - Epoch 165 Validation set [recall@5: 0.0426 recall@10: 0.0721 recall@20: 0.1178 ] [ndcg@5: 0.0503 ndcg@10: 0.0595 ndcg@20: 0.0751 ] 
2025-10-02 14:22:38,667 - Epoch 168 Validation set [recall@5: 0.0424 recall@10: 0.0722 recall@20: 0.1187 ] [ndcg@5: 0.0499 ndcg@10: 0.0595 ndcg@20: 0.0752 ] 
2025-10-02 14:22:48,268 - Epoch 171 Validation set [recall@5: 0.0422 recall@10: 0.0731 recall@20: 0.1192 ] [ndcg@5: 0.0502 ndcg@10: 0.0601 ndcg@20: 0.0759 ] 
2025-10-02 14:22:55,434 - Epoch 174 Validation set [recall@5: 0.0422 recall@10: 0.0723 recall@20: 0.1196 ] [ndcg@5: 0.0503 ndcg@10: 0.0598 ndcg@20: 0.0758 ] 
2025-10-02 14:23:03,727 - Epoch 177 Validation set [recall@5: 0.0425 recall@10: 0.0721 recall@20: 0.1197 ] [ndcg@5: 0.0502 ndcg@10: 0.0596 ndcg@20: 0.0758 ] 
2025-10-02 14:23:11,465 - Epoch 180 Validation set [recall@5: 0.0425 recall@10: 0.0719 recall@20: 0.1198 ] [ndcg@5: 0.0500 ndcg@10: 0.0596 ndcg@20: 0.0759 ] 
2025-10-02 14:23:19,993 - Epoch 183 Validation set [recall@5: 0.0420 recall@10: 0.0720 recall@20: 0.1191 ] [ndcg@5: 0.0503 ndcg@10: 0.0599 ndcg@20: 0.0758 ] 
2025-10-02 14:23:27,960 - Epoch 186 Validation set [recall@5: 0.0424 recall@10: 0.0731 recall@20: 0.1196 ] [ndcg@5: 0.0508 ndcg@10: 0.0607 ndcg@20: 0.0764 ] 
2025-10-02 14:23:35,928 - Epoch 189 Validation set [recall@5: 0.0422 recall@10: 0.0725 recall@20: 0.1203 ] [ndcg@5: 0.0504 ndcg@10: 0.0602 ndcg@20: 0.0764 ] 
2025-10-02 14:23:45,365 - Epoch 192 Validation set [recall@5: 0.0425 recall@10: 0.0726 recall@20: 0.1202 ] [ndcg@5: 0.0509 ndcg@10: 0.0602 ndcg@20: 0.0765 ] 
2025-10-02 14:23:54,814 - Epoch 195 Validation set [recall@5: 0.0424 recall@10: 0.0719 recall@20: 0.1202 ] [ndcg@5: 0.0509 ndcg@10: 0.0599 ndcg@20: 0.0763 ] 
2025-10-02 14:24:04,181 - Epoch 198 Validation set [recall@5: 0.0428 recall@10: 0.0735 recall@20: 0.1212 ] [ndcg@5: 0.0508 ndcg@10: 0.0605 ndcg@20: 0.0767 ] 
2025-10-02 14:24:11,838 - Epoch 201 Validation set [recall@5: 0.0432 recall@10: 0.0728 recall@20: 0.1208 ] [ndcg@5: 0.0512 ndcg@10: 0.0605 ndcg@20: 0.0767 ] 
2025-10-02 14:24:21,517 - Epoch 204 Validation set [recall@5: 0.0440 recall@10: 0.0735 recall@20: 0.1217 ] [ndcg@5: 0.0516 ndcg@10: 0.0611 ndcg@20: 0.0772 ] 
2025-10-02 14:24:30,776 - Epoch 207 Validation set [recall@5: 0.0440 recall@10: 0.0732 recall@20: 0.1222 ] [ndcg@5: 0.0516 ndcg@10: 0.0606 ndcg@20: 0.0772 ] 
2025-10-02 14:24:39,151 - Epoch 210 Validation set [recall@5: 0.0444 recall@10: 0.0737 recall@20: 0.1222 ] [ndcg@5: 0.0524 ndcg@10: 0.0613 ndcg@20: 0.0777 ] 
2025-10-02 14:24:47,177 - Epoch 213 Validation set [recall@5: 0.0443 recall@10: 0.0744 recall@20: 0.1217 ] [ndcg@5: 0.0523 ndcg@10: 0.0617 ndcg@20: 0.0776 ] 
2025-10-02 14:24:55,854 - Epoch 216 Validation set [recall@5: 0.0443 recall@10: 0.0740 recall@20: 0.1207 ] [ndcg@5: 0.0526 ndcg@10: 0.0616 ndcg@20: 0.0774 ] 
2025-10-02 14:25:05,410 - Epoch 219 Validation set [recall@5: 0.0449 recall@10: 0.0749 recall@20: 0.1205 ] [ndcg@5: 0.0526 ndcg@10: 0.0620 ndcg@20: 0.0775 ] 
2025-10-02 14:25:14,924 - Epoch 222 Validation set [recall@5: 0.0444 recall@10: 0.0740 recall@20: 0.1214 ] [ndcg@5: 0.0523 ndcg@10: 0.0615 ndcg@20: 0.0776 ] 
2025-10-02 14:25:16,782 - [recall@5: 0.0440 recall@10: 0.0732 recall@20: 0.1222 ] [ndcg@5: 0.0516 ndcg@10: 0.0606 ndcg@20: 0.0772 ] 
2025-10-02 14:25:18,516 - [recall@5: 0.0428 recall@10: 0.0724 recall@20: 0.1196 ] [ndcg@5: 0.0501 ndcg@10: 0.0596 ndcg@20: 0.0757 ] 
2025-10-02 14:25:18,517 - Best Epoch 207. Final test result: {'recall': array([0.04277853, 0.07240935, 0.1196155 ]), 'ndcg': array([0.05008009, 0.05959977, 0.07568775])}.
