2025-10-02 14:32:59,253 - {'optimizer': {'name': 'adam', 'lr': 0.001, 'weight_decay': 0}, 'train': {'epoch': 3000, 'batch_size': 4096, 'save_model': False, 'loss': 'pairwise', 'test_step': 3, 'reproducible': True, 'seed': 2023, 'patience': 5}, 'test': {'metrics': ['recall', 'ndcg'], 'k': [5, 10, 20], 'batch_size': 1024}, 'data': {'type': 'general_agcf', 'name': 'yelp', 'mat_type': 'uai', 'pre_norm': True, 'user_num': 11091, 'item_num': 11010, 'user_item_num': 22101, 'attr_num': 2607}, 'model': {'name': 'lightgcn_a', 'keep_rate': 0.8, 'embedding_size': 64, 'layer_num': 4, 'reg_weight': 1e-06, 'amazon': {'layer_num': 3, 'reg_weight': 1e-06}, 'yelp': {'layer_num': 4, 'reg_weight': 1e-06}, 'steam': {'layer_num': 2, 'reg_weight': 1e-06}, 'Office': {'layer_num': 3, 'reg_weight': 1e-06}}}
2025-10-02 14:33:05,430 - Epoch   0 Validation set [recall@5: 0.0187 recall@10: 0.0313 recall@20: 0.0517 ] [ndcg@5: 0.0218 ndcg@10: 0.0254 ndcg@20: 0.0322 ] 
2025-10-02 14:33:13,463 - Epoch   3 Validation set [recall@5: 0.0307 recall@10: 0.0507 recall@20: 0.0838 ] [ndcg@5: 0.0364 ndcg@10: 0.0424 ndcg@20: 0.0534 ] 
2025-10-02 14:33:22,779 - Epoch   6 Validation set [recall@5: 0.0309 recall@10: 0.0521 recall@20: 0.0860 ] [ndcg@5: 0.0370 ndcg@10: 0.0435 ndcg@20: 0.0547 ] 
2025-10-02 14:33:31,024 - Epoch   9 Validation set [recall@5: 0.0317 recall@10: 0.0526 recall@20: 0.0862 ] [ndcg@5: 0.0374 ndcg@10: 0.0438 ndcg@20: 0.0551 ] 
2025-10-02 14:33:40,127 - Epoch  12 Validation set [recall@5: 0.0313 recall@10: 0.0531 recall@20: 0.0870 ] [ndcg@5: 0.0371 ndcg@10: 0.0439 ndcg@20: 0.0552 ] 
2025-10-02 14:33:49,084 - Epoch  15 Validation set [recall@5: 0.0316 recall@10: 0.0530 recall@20: 0.0893 ] [ndcg@5: 0.0370 ndcg@10: 0.0437 ndcg@20: 0.0559 ] 
2025-10-02 14:33:57,459 - Epoch  18 Validation set [recall@5: 0.0318 recall@10: 0.0537 recall@20: 0.0895 ] [ndcg@5: 0.0369 ndcg@10: 0.0440 ndcg@20: 0.0560 ] 
2025-10-02 14:34:05,380 - Epoch  21 Validation set [recall@5: 0.0319 recall@10: 0.0543 recall@20: 0.0899 ] [ndcg@5: 0.0372 ndcg@10: 0.0444 ndcg@20: 0.0564 ] 
2025-10-02 14:34:13,610 - Epoch  24 Validation set [recall@5: 0.0320 recall@10: 0.0551 recall@20: 0.0911 ] [ndcg@5: 0.0376 ndcg@10: 0.0450 ndcg@20: 0.0570 ] 
2025-10-02 14:34:21,409 - Epoch  27 Validation set [recall@5: 0.0325 recall@10: 0.0559 recall@20: 0.0911 ] [ndcg@5: 0.0384 ndcg@10: 0.0458 ndcg@20: 0.0577 ] 
2025-10-02 14:34:30,015 - Epoch  30 Validation set [recall@5: 0.0331 recall@10: 0.0563 recall@20: 0.0923 ] [ndcg@5: 0.0389 ndcg@10: 0.0462 ndcg@20: 0.0582 ] 
2025-10-02 14:34:39,102 - Epoch  33 Validation set [recall@5: 0.0331 recall@10: 0.0569 recall@20: 0.0943 ] [ndcg@5: 0.0388 ndcg@10: 0.0466 ndcg@20: 0.0592 ] 
2025-10-02 14:34:48,641 - Epoch  36 Validation set [recall@5: 0.0336 recall@10: 0.0579 recall@20: 0.0951 ] [ndcg@5: 0.0391 ndcg@10: 0.0471 ndcg@20: 0.0594 ] 
2025-10-02 14:34:57,968 - Epoch  39 Validation set [recall@5: 0.0338 recall@10: 0.0584 recall@20: 0.0953 ] [ndcg@5: 0.0395 ndcg@10: 0.0476 ndcg@20: 0.0597 ] 
2025-10-02 14:35:06,938 - Epoch  42 Validation set [recall@5: 0.0343 recall@10: 0.0590 recall@20: 0.0966 ] [ndcg@5: 0.0398 ndcg@10: 0.0479 ndcg@20: 0.0605 ] 
2025-10-02 14:35:15,696 - Epoch  45 Validation set [recall@5: 0.0345 recall@10: 0.0590 recall@20: 0.0981 ] [ndcg@5: 0.0401 ndcg@10: 0.0481 ndcg@20: 0.0613 ] 
2025-10-02 14:35:24,280 - Epoch  48 Validation set [recall@5: 0.0350 recall@10: 0.0605 recall@20: 0.0988 ] [ndcg@5: 0.0403 ndcg@10: 0.0489 ndcg@20: 0.0617 ] 
2025-10-02 14:35:32,362 - Epoch  51 Validation set [recall@5: 0.0348 recall@10: 0.0604 recall@20: 0.0990 ] [ndcg@5: 0.0410 ndcg@10: 0.0495 ndcg@20: 0.0625 ] 
2025-10-02 14:35:40,133 - Epoch  54 Validation set [recall@5: 0.0352 recall@10: 0.0609 recall@20: 0.0994 ] [ndcg@5: 0.0416 ndcg@10: 0.0498 ndcg@20: 0.0629 ] 
2025-10-02 14:35:48,293 - Epoch  57 Validation set [recall@5: 0.0354 recall@10: 0.0611 recall@20: 0.0999 ] [ndcg@5: 0.0420 ndcg@10: 0.0503 ndcg@20: 0.0634 ] 
2025-10-02 14:35:57,317 - Epoch  60 Validation set [recall@5: 0.0358 recall@10: 0.0612 recall@20: 0.1005 ] [ndcg@5: 0.0423 ndcg@10: 0.0506 ndcg@20: 0.0638 ] 
2025-10-02 14:36:06,439 - Epoch  63 Validation set [recall@5: 0.0357 recall@10: 0.0614 recall@20: 0.1013 ] [ndcg@5: 0.0424 ndcg@10: 0.0506 ndcg@20: 0.0641 ] 
2025-10-02 14:36:15,612 - Epoch  66 Validation set [recall@5: 0.0371 recall@10: 0.0619 recall@20: 0.1026 ] [ndcg@5: 0.0435 ndcg@10: 0.0512 ndcg@20: 0.0650 ] 
2025-10-02 14:36:23,305 - Epoch  69 Validation set [recall@5: 0.0367 recall@10: 0.0620 recall@20: 0.1019 ] [ndcg@5: 0.0434 ndcg@10: 0.0514 ndcg@20: 0.0650 ] 
2025-10-02 14:36:32,134 - Epoch  72 Validation set [recall@5: 0.0361 recall@10: 0.0626 recall@20: 0.1036 ] [ndcg@5: 0.0433 ndcg@10: 0.0517 ndcg@20: 0.0657 ] 
2025-10-02 14:36:40,508 - Epoch  75 Validation set [recall@5: 0.0373 recall@10: 0.0635 recall@20: 0.1046 ] [ndcg@5: 0.0442 ndcg@10: 0.0525 ndcg@20: 0.0664 ] 
2025-10-02 14:36:48,924 - Epoch  78 Validation set [recall@5: 0.0372 recall@10: 0.0630 recall@20: 0.1058 ] [ndcg@5: 0.0442 ndcg@10: 0.0524 ndcg@20: 0.0669 ] 
2025-10-02 14:36:57,759 - Epoch  81 Validation set [recall@5: 0.0377 recall@10: 0.0633 recall@20: 0.1069 ] [ndcg@5: 0.0449 ndcg@10: 0.0529 ndcg@20: 0.0676 ] 
2025-10-02 14:37:06,828 - Epoch  84 Validation set [recall@5: 0.0370 recall@10: 0.0640 recall@20: 0.1080 ] [ndcg@5: 0.0449 ndcg@10: 0.0535 ndcg@20: 0.0682 ] 
2025-10-02 14:37:16,010 - Epoch  87 Validation set [recall@5: 0.0377 recall@10: 0.0643 recall@20: 0.1078 ] [ndcg@5: 0.0451 ndcg@10: 0.0534 ndcg@20: 0.0681 ] 
2025-10-02 14:37:23,936 - Epoch  90 Validation set [recall@5: 0.0369 recall@10: 0.0650 recall@20: 0.1093 ] [ndcg@5: 0.0444 ndcg@10: 0.0535 ndcg@20: 0.0684 ] 
2025-10-02 14:37:32,346 - Epoch  93 Validation set [recall@5: 0.0378 recall@10: 0.0650 recall@20: 0.1086 ] [ndcg@5: 0.0452 ndcg@10: 0.0538 ndcg@20: 0.0685 ] 
2025-10-02 14:37:40,052 - Epoch  96 Validation set [recall@5: 0.0378 recall@10: 0.0659 recall@20: 0.1095 ] [ndcg@5: 0.0450 ndcg@10: 0.0539 ndcg@20: 0.0686 ] 
2025-10-02 14:37:48,058 - Epoch  99 Validation set [recall@5: 0.0385 recall@10: 0.0660 recall@20: 0.1094 ] [ndcg@5: 0.0460 ndcg@10: 0.0547 ndcg@20: 0.0692 ] 
2025-10-02 14:37:55,497 - Epoch 102 Validation set [recall@5: 0.0383 recall@10: 0.0667 recall@20: 0.1099 ] [ndcg@5: 0.0458 ndcg@10: 0.0551 ndcg@20: 0.0696 ] 
2025-10-02 14:38:03,671 - Epoch 105 Validation set [recall@5: 0.0391 recall@10: 0.0676 recall@20: 0.1103 ] [ndcg@5: 0.0464 ndcg@10: 0.0556 ndcg@20: 0.0699 ] 
2025-10-02 14:38:11,727 - Epoch 108 Validation set [recall@5: 0.0391 recall@10: 0.0673 recall@20: 0.1112 ] [ndcg@5: 0.0464 ndcg@10: 0.0555 ndcg@20: 0.0704 ] 
2025-10-02 14:38:20,475 - Epoch 111 Validation set [recall@5: 0.0399 recall@10: 0.0683 recall@20: 0.1123 ] [ndcg@5: 0.0471 ndcg@10: 0.0562 ndcg@20: 0.0710 ] 
2025-10-02 14:38:28,103 - Epoch 114 Validation set [recall@5: 0.0410 recall@10: 0.0692 recall@20: 0.1126 ] [ndcg@5: 0.0476 ndcg@10: 0.0566 ndcg@20: 0.0713 ] 
2025-10-02 14:38:36,439 - Epoch 117 Validation set [recall@5: 0.0407 recall@10: 0.0689 recall@20: 0.1141 ] [ndcg@5: 0.0475 ndcg@10: 0.0565 ndcg@20: 0.0718 ] 
2025-10-02 14:38:44,646 - Epoch 120 Validation set [recall@5: 0.0410 recall@10: 0.0693 recall@20: 0.1128 ] [ndcg@5: 0.0480 ndcg@10: 0.0570 ndcg@20: 0.0717 ] 
2025-10-02 14:38:52,326 - Epoch 123 Validation set [recall@5: 0.0412 recall@10: 0.0700 recall@20: 0.1141 ] [ndcg@5: 0.0483 ndcg@10: 0.0575 ndcg@20: 0.0724 ] 
2025-10-02 14:39:00,074 - Epoch 126 Validation set [recall@5: 0.0408 recall@10: 0.0691 recall@20: 0.1145 ] [ndcg@5: 0.0485 ndcg@10: 0.0573 ndcg@20: 0.0726 ] 
2025-10-02 14:39:08,448 - Epoch 129 Validation set [recall@5: 0.0402 recall@10: 0.0692 recall@20: 0.1134 ] [ndcg@5: 0.0478 ndcg@10: 0.0572 ndcg@20: 0.0721 ] 
2025-10-02 14:39:15,907 - Epoch 132 Validation set [recall@5: 0.0402 recall@10: 0.0693 recall@20: 0.1146 ] [ndcg@5: 0.0478 ndcg@10: 0.0573 ndcg@20: 0.0726 ] 
2025-10-02 14:39:24,262 - Epoch 135 Validation set [recall@5: 0.0408 recall@10: 0.0697 recall@20: 0.1143 ] [ndcg@5: 0.0485 ndcg@10: 0.0579 ndcg@20: 0.0730 ] 
2025-10-02 14:39:33,154 - Epoch 138 Validation set [recall@5: 0.0409 recall@10: 0.0698 recall@20: 0.1148 ] [ndcg@5: 0.0487 ndcg@10: 0.0579 ndcg@20: 0.0732 ] 
2025-10-02 14:39:42,100 - Epoch 141 Validation set [recall@5: 0.0419 recall@10: 0.0700 recall@20: 0.1149 ] [ndcg@5: 0.0493 ndcg@10: 0.0579 ndcg@20: 0.0732 ] 
2025-10-02 14:39:51,221 - Epoch 144 Validation set [recall@5: 0.0420 recall@10: 0.0703 recall@20: 0.1157 ] [ndcg@5: 0.0493 ndcg@10: 0.0582 ndcg@20: 0.0735 ] 
2025-10-02 14:40:00,177 - Epoch 147 Validation set [recall@5: 0.0417 recall@10: 0.0703 recall@20: 0.1161 ] [ndcg@5: 0.0488 ndcg@10: 0.0579 ndcg@20: 0.0735 ] 
2025-10-02 14:40:08,884 - Epoch 150 Validation set [recall@5: 0.0415 recall@10: 0.0716 recall@20: 0.1167 ] [ndcg@5: 0.0485 ndcg@10: 0.0583 ndcg@20: 0.0736 ] 
2025-10-02 14:40:17,330 - Epoch 153 Validation set [recall@5: 0.0411 recall@10: 0.0712 recall@20: 0.1166 ] [ndcg@5: 0.0490 ndcg@10: 0.0587 ndcg@20: 0.0741 ] 
2025-10-02 14:40:26,456 - Epoch 156 Validation set [recall@5: 0.0415 recall@10: 0.0706 recall@20: 0.1160 ] [ndcg@5: 0.0493 ndcg@10: 0.0585 ndcg@20: 0.0740 ] 
2025-10-02 14:40:35,689 - Epoch 159 Validation set [recall@5: 0.0418 recall@10: 0.0710 recall@20: 0.1171 ] [ndcg@5: 0.0492 ndcg@10: 0.0585 ndcg@20: 0.0742 ] 
2025-10-02 14:40:43,920 - Epoch 162 Validation set [recall@5: 0.0415 recall@10: 0.0704 recall@20: 0.1163 ] [ndcg@5: 0.0494 ndcg@10: 0.0584 ndcg@20: 0.0740 ] 
2025-10-02 14:40:51,920 - Epoch 165 Validation set [recall@5: 0.0413 recall@10: 0.0715 recall@20: 0.1168 ] [ndcg@5: 0.0491 ndcg@10: 0.0586 ndcg@20: 0.0741 ] 
2025-10-02 14:41:01,142 - Epoch 168 Validation set [recall@5: 0.0421 recall@10: 0.0714 recall@20: 0.1175 ] [ndcg@5: 0.0491 ndcg@10: 0.0583 ndcg@20: 0.0741 ] 
2025-10-02 14:41:09,879 - Epoch 171 Validation set [recall@5: 0.0415 recall@10: 0.0723 recall@20: 0.1182 ] [ndcg@5: 0.0493 ndcg@10: 0.0589 ndcg@20: 0.0746 ] 
2025-10-02 14:41:18,800 - Epoch 174 Validation set [recall@5: 0.0415 recall@10: 0.0726 recall@20: 0.1191 ] [ndcg@5: 0.0493 ndcg@10: 0.0592 ndcg@20: 0.0750 ] 
2025-10-02 14:41:26,568 - Epoch 177 Validation set [recall@5: 0.0422 recall@10: 0.0712 recall@20: 0.1190 ] [ndcg@5: 0.0494 ndcg@10: 0.0586 ndcg@20: 0.0748 ] 
2025-10-02 14:41:35,448 - Epoch 180 Validation set [recall@5: 0.0419 recall@10: 0.0709 recall@20: 0.1183 ] [ndcg@5: 0.0492 ndcg@10: 0.0585 ndcg@20: 0.0746 ] 
2025-10-02 14:41:43,748 - Epoch 183 Validation set [recall@5: 0.0422 recall@10: 0.0714 recall@20: 0.1178 ] [ndcg@5: 0.0498 ndcg@10: 0.0590 ndcg@20: 0.0749 ] 
2025-10-02 14:41:51,283 - Epoch 186 Validation set [recall@5: 0.0424 recall@10: 0.0722 recall@20: 0.1187 ] [ndcg@5: 0.0501 ndcg@10: 0.0595 ndcg@20: 0.0754 ] 
2025-10-02 14:41:59,635 - Epoch 189 Validation set [recall@5: 0.0418 recall@10: 0.0712 recall@20: 0.1187 ] [ndcg@5: 0.0497 ndcg@10: 0.0588 ndcg@20: 0.0752 ] 
2025-10-02 14:42:01,593 - [recall@5: 0.0415 recall@10: 0.0726 recall@20: 0.1191 ] [ndcg@5: 0.0493 ndcg@10: 0.0592 ndcg@20: 0.0750 ] 
2025-10-02 14:42:03,543 - [recall@5: 0.0414 recall@10: 0.0703 recall@20: 0.1157 ] [ndcg@5: 0.0486 ndcg@10: 0.0578 ndcg@20: 0.0732 ] 
2025-10-02 14:42:03,544 - Best Epoch 174. Final test result: {'recall': array([0.04143579, 0.07026856, 0.11566639]), 'ndcg': array([0.04860604, 0.05775381, 0.07315363])}.
