2025-09-29 15:22:22,287 - {'optimizer': {'name': 'adam', 'lr': 0.001, 'weight_decay': 0}, 'train': {'epoch': 3000, 'batch_size': 4096, 'save_model': True, 'loss': 'pairwise', 'test_step': 1, 'reproducible': True, 'seed': 2023, 'patience': 5}, 'test': {'metrics': ['recall', 'ndcg'], 'k': [5, 10, 20], 'batch_size': 1024}, 'data': {'type': 'general_cf', 'name': 'amazon', 'user_num': 11000, 'item_num': 9332}, 'model': {'name': 'simgcl_plus', 'keep_rate': 1.0, 'embedding_size': 64, 'layer_num': 3, 'reg_weight': 1e-05, 'cl_weight': 0.1, 'cl_temperature': 0.2, 'kd_weight': 0.01, 'kd_temperature': 0.2, 'eps': 0.9, 'amazon': {'layer_num': 3, 'reg_weight': 1e-05, 'cl_weight': 0.1, 'cl_temperature': 0.2, 'kd_weight': 0.01, 'kd_temperature': 0.2, 'eps': 0.9}, 'yelp': {'layer_num': 3, 'reg_weight': 1e-05, 'cl_weight': 0.1, 'cl_temperature': 0.2, 'kd_weight': 0.01, 'kd_temperature': 0.1, 'eps': 0.9}, 'steam': {'layer_num': 3, 'reg_weight': 1e-05, 'cl_weight': 0.1, 'cl_temperature': 0.5, 'kd_weight': 0.01, 'kd_temperature': 0.2, 'eps': 0.2}}}
2025-09-29 15:22:27,729 - Epoch   0 Validation set [recall@5: 0.0387 recall@10: 0.0650 recall@20: 0.1030 ] [ndcg@5: 0.0384 ndcg@10: 0.0478 ndcg@20: 0.0602 ] 
2025-09-29 15:22:32,523 - Epoch   1 Validation set [recall@5: 0.0398 recall@10: 0.0639 recall@20: 0.1003 ] [ndcg@5: 0.0392 ndcg@10: 0.0477 ndcg@20: 0.0596 ] 
2025-09-29 15:22:36,660 - Epoch   2 Validation set [recall@5: 0.0414 recall@10: 0.0652 recall@20: 0.1011 ] [ndcg@5: 0.0408 ndcg@10: 0.0491 ndcg@20: 0.0608 ] 
2025-09-29 15:22:40,394 - Epoch   3 Validation set [recall@5: 0.0452 recall@10: 0.0703 recall@20: 0.1080 ] [ndcg@5: 0.0445 ndcg@10: 0.0531 ndcg@20: 0.0654 ] 
2025-09-29 15:22:45,146 - Epoch   4 Validation set [recall@5: 0.0483 recall@10: 0.0760 recall@20: 0.1155 ] [ndcg@5: 0.0475 ndcg@10: 0.0570 ndcg@20: 0.0700 ] 
2025-09-29 15:22:49,841 - Epoch   5 Validation set [recall@5: 0.0509 recall@10: 0.0800 recall@20: 0.1218 ] [ndcg@5: 0.0500 ndcg@10: 0.0602 ndcg@20: 0.0738 ] 
2025-09-29 15:22:54,298 - Epoch   6 Validation set [recall@5: 0.0526 recall@10: 0.0832 recall@20: 0.1273 ] [ndcg@5: 0.0517 ndcg@10: 0.0621 ndcg@20: 0.0765 ] 
2025-09-29 15:22:58,552 - Epoch   7 Validation set [recall@5: 0.0543 recall@10: 0.0853 recall@20: 0.1314 ] [ndcg@5: 0.0534 ndcg@10: 0.0639 ndcg@20: 0.0790 ] 
2025-09-29 15:23:03,463 - Epoch   8 Validation set [recall@5: 0.0553 recall@10: 0.0886 recall@20: 0.1348 ] [ndcg@5: 0.0547 ndcg@10: 0.0659 ndcg@20: 0.0811 ] 
2025-09-29 15:23:07,739 - Epoch   9 Validation set [recall@5: 0.0568 recall@10: 0.0904 recall@20: 0.1373 ] [ndcg@5: 0.0556 ndcg@10: 0.0671 ndcg@20: 0.0825 ] 
2025-09-29 15:23:11,525 - Epoch  10 Validation set [recall@5: 0.0579 recall@10: 0.0913 recall@20: 0.1402 ] [ndcg@5: 0.0567 ndcg@10: 0.0680 ndcg@20: 0.0841 ] 
2025-09-29 15:23:15,386 - Epoch  11 Validation set [recall@5: 0.0591 recall@10: 0.0921 recall@20: 0.1418 ] [ndcg@5: 0.0580 ndcg@10: 0.0691 ndcg@20: 0.0854 ] 
2025-09-29 15:23:18,992 - Epoch  12 Validation set [recall@5: 0.0601 recall@10: 0.0934 recall@20: 0.1431 ] [ndcg@5: 0.0587 ndcg@10: 0.0701 ndcg@20: 0.0864 ] 
2025-09-29 15:23:23,443 - Epoch  13 Validation set [recall@5: 0.0606 recall@10: 0.0950 recall@20: 0.1453 ] [ndcg@5: 0.0589 ndcg@10: 0.0708 ndcg@20: 0.0873 ] 
2025-09-29 15:23:27,752 - Epoch  14 Validation set [recall@5: 0.0620 recall@10: 0.0956 recall@20: 0.1473 ] [ndcg@5: 0.0602 ndcg@10: 0.0718 ndcg@20: 0.0887 ] 
2025-09-29 15:23:33,425 - Epoch  15 Validation set [recall@5: 0.0621 recall@10: 0.0964 recall@20: 0.1486 ] [ndcg@5: 0.0605 ndcg@10: 0.0724 ndcg@20: 0.0896 ] 
2025-09-29 15:23:37,732 - Epoch  16 Validation set [recall@5: 0.0629 recall@10: 0.0979 recall@20: 0.1505 ] [ndcg@5: 0.0612 ndcg@10: 0.0733 ndcg@20: 0.0906 ] 
2025-09-29 15:23:42,411 - Epoch  17 Validation set [recall@5: 0.0637 recall@10: 0.0982 recall@20: 0.1520 ] [ndcg@5: 0.0619 ndcg@10: 0.0737 ndcg@20: 0.0914 ] 
2025-09-29 15:23:46,056 - Epoch  18 Validation set [recall@5: 0.0644 recall@10: 0.0991 recall@20: 0.1535 ] [ndcg@5: 0.0626 ndcg@10: 0.0744 ndcg@20: 0.0922 ] 
2025-09-29 15:23:49,886 - Epoch  19 Validation set [recall@5: 0.0649 recall@10: 0.1000 recall@20: 0.1543 ] [ndcg@5: 0.0628 ndcg@10: 0.0749 ndcg@20: 0.0926 ] 
2025-09-29 15:23:53,624 - Epoch  20 Validation set [recall@5: 0.0652 recall@10: 0.1005 recall@20: 0.1558 ] [ndcg@5: 0.0636 ndcg@10: 0.0757 ndcg@20: 0.0937 ] 
2025-09-29 15:23:57,557 - Epoch  21 Validation set [recall@5: 0.0652 recall@10: 0.1017 recall@20: 0.1571 ] [ndcg@5: 0.0634 ndcg@10: 0.0759 ndcg@20: 0.0940 ] 
2025-09-29 15:24:02,026 - Epoch  22 Validation set [recall@5: 0.0660 recall@10: 0.1019 recall@20: 0.1586 ] [ndcg@5: 0.0641 ndcg@10: 0.0764 ndcg@20: 0.0949 ] 
2025-09-29 15:24:05,902 - Epoch  23 Validation set [recall@5: 0.0656 recall@10: 0.1027 recall@20: 0.1594 ] [ndcg@5: 0.0639 ndcg@10: 0.0768 ndcg@20: 0.0952 ] 
2025-09-29 15:24:09,826 - Epoch  24 Validation set [recall@5: 0.0661 recall@10: 0.1028 recall@20: 0.1589 ] [ndcg@5: 0.0648 ndcg@10: 0.0774 ndcg@20: 0.0957 ] 
2025-09-29 15:24:13,495 - Epoch  25 Validation set [recall@5: 0.0662 recall@10: 0.1043 recall@20: 0.1596 ] [ndcg@5: 0.0649 ndcg@10: 0.0780 ndcg@20: 0.0961 ] 
2025-09-29 15:24:17,325 - Epoch  26 Validation set [recall@5: 0.0662 recall@10: 0.1048 recall@20: 0.1602 ] [ndcg@5: 0.0651 ndcg@10: 0.0785 ndcg@20: 0.0965 ] 
2025-09-29 15:24:21,083 - Epoch  27 Validation set [recall@5: 0.0661 recall@10: 0.1053 recall@20: 0.1605 ] [ndcg@5: 0.0652 ndcg@10: 0.0788 ndcg@20: 0.0967 ] 
2025-09-29 15:24:24,850 - Epoch  28 Validation set [recall@5: 0.0662 recall@10: 0.1052 recall@20: 0.1609 ] [ndcg@5: 0.0653 ndcg@10: 0.0789 ndcg@20: 0.0969 ] 
2025-09-29 15:24:28,758 - Epoch  29 Validation set [recall@5: 0.0665 recall@10: 0.1053 recall@20: 0.1616 ] [ndcg@5: 0.0655 ndcg@10: 0.0789 ndcg@20: 0.0972 ] 
2025-09-29 15:24:32,589 - Epoch  30 Validation set [recall@5: 0.0663 recall@10: 0.1060 recall@20: 0.1626 ] [ndcg@5: 0.0656 ndcg@10: 0.0793 ndcg@20: 0.0977 ] 
2025-09-29 15:24:37,214 - Epoch  31 Validation set [recall@5: 0.0659 recall@10: 0.1060 recall@20: 0.1635 ] [ndcg@5: 0.0655 ndcg@10: 0.0793 ndcg@20: 0.0980 ] 
2025-09-29 15:24:41,934 - Epoch  32 Validation set [recall@5: 0.0663 recall@10: 0.1057 recall@20: 0.1631 ] [ndcg@5: 0.0658 ndcg@10: 0.0793 ndcg@20: 0.0979 ] 
2025-09-29 15:24:45,770 - Epoch  33 Validation set [recall@5: 0.0669 recall@10: 0.1059 recall@20: 0.1634 ] [ndcg@5: 0.0663 ndcg@10: 0.0796 ndcg@20: 0.0984 ] 
2025-09-29 15:24:49,579 - Epoch  34 Validation set [recall@5: 0.0673 recall@10: 0.1065 recall@20: 0.1634 ] [ndcg@5: 0.0666 ndcg@10: 0.0800 ndcg@20: 0.0986 ] 
2025-09-29 15:24:54,693 - Epoch  35 Validation set [recall@5: 0.0671 recall@10: 0.1066 recall@20: 0.1639 ] [ndcg@5: 0.0668 ndcg@10: 0.0801 ndcg@20: 0.0989 ] 
2025-09-29 15:24:59,246 - Epoch  36 Validation set [recall@5: 0.0672 recall@10: 0.1067 recall@20: 0.1642 ] [ndcg@5: 0.0668 ndcg@10: 0.0803 ndcg@20: 0.0990 ] 
2025-09-29 15:25:04,720 - Epoch  37 Validation set [recall@5: 0.0672 recall@10: 0.1066 recall@20: 0.1645 ] [ndcg@5: 0.0667 ndcg@10: 0.0802 ndcg@20: 0.0991 ] 
2025-09-29 15:25:09,039 - Epoch  38 Validation set [recall@5: 0.0679 recall@10: 0.1077 recall@20: 0.1645 ] [ndcg@5: 0.0673 ndcg@10: 0.0808 ndcg@20: 0.0994 ] 
2025-09-29 15:25:12,745 - Epoch  39 Validation set [recall@5: 0.0678 recall@10: 0.1080 recall@20: 0.1648 ] [ndcg@5: 0.0674 ndcg@10: 0.0811 ndcg@20: 0.0996 ] 
2025-09-29 15:25:16,929 - Epoch  40 Validation set [recall@5: 0.0676 recall@10: 0.1084 recall@20: 0.1654 ] [ndcg@5: 0.0672 ndcg@10: 0.0813 ndcg@20: 0.0998 ] 
2025-09-29 15:25:21,060 - Epoch  41 Validation set [recall@5: 0.0671 recall@10: 0.1085 recall@20: 0.1644 ] [ndcg@5: 0.0669 ndcg@10: 0.0813 ndcg@20: 0.0995 ] 
2025-09-29 15:25:24,901 - Epoch  42 Validation set [recall@5: 0.0682 recall@10: 0.1099 recall@20: 0.1656 ] [ndcg@5: 0.0675 ndcg@10: 0.0819 ndcg@20: 0.1000 ] 
2025-09-29 15:25:28,841 - Epoch  43 Validation set [recall@5: 0.0685 recall@10: 0.1095 recall@20: 0.1651 ] [ndcg@5: 0.0676 ndcg@10: 0.0819 ndcg@20: 0.1001 ] 
2025-09-29 15:25:32,709 - Epoch  44 Validation set [recall@5: 0.0676 recall@10: 0.1090 recall@20: 0.1659 ] [ndcg@5: 0.0672 ndcg@10: 0.0816 ndcg@20: 0.1002 ] 
2025-09-29 15:25:36,554 - Epoch  45 Validation set [recall@5: 0.0679 recall@10: 0.1088 recall@20: 0.1669 ] [ndcg@5: 0.0675 ndcg@10: 0.0817 ndcg@20: 0.1007 ] 
2025-09-29 15:25:40,122 - Epoch  46 Validation set [recall@5: 0.0682 recall@10: 0.1087 recall@20: 0.1663 ] [ndcg@5: 0.0677 ndcg@10: 0.0818 ndcg@20: 0.1006 ] 
2025-09-29 15:25:44,168 - Epoch  47 Validation set [recall@5: 0.0688 recall@10: 0.1087 recall@20: 0.1659 ] [ndcg@5: 0.0681 ndcg@10: 0.0819 ndcg@20: 0.1006 ] 
2025-09-29 15:25:48,231 - Epoch  48 Validation set [recall@5: 0.0692 recall@10: 0.1093 recall@20: 0.1656 ] [ndcg@5: 0.0680 ndcg@10: 0.0819 ndcg@20: 0.1004 ] 
2025-09-29 15:25:52,074 - Epoch  49 Validation set [recall@5: 0.0690 recall@10: 0.1091 recall@20: 0.1665 ] [ndcg@5: 0.0680 ndcg@10: 0.0819 ndcg@20: 0.1006 ] 
2025-09-29 15:25:55,978 - Epoch  50 Validation set [recall@5: 0.0687 recall@10: 0.1096 recall@20: 0.1668 ] [ndcg@5: 0.0680 ndcg@10: 0.0822 ndcg@20: 0.1009 ] 
2025-09-29 15:25:57,332 - [recall@5: 0.0679 recall@10: 0.1088 recall@20: 0.1669 ] [ndcg@5: 0.0675 ndcg@10: 0.0817 ndcg@20: 0.1007 ] 
2025-09-29 15:25:58,641 - [recall@5: 0.0678 recall@10: 0.1050 recall@20: 0.1621 ] [ndcg@5: 0.0678 ndcg@10: 0.0809 ndcg@20: 0.0995 ] 
2025-09-29 15:25:58,653 - Save model parameters to ./encoder/checkpoint/simgcl_plus/simgcl_plus-amazon-2023.pth
2025-09-29 15:25:58,654 - Best Epoch 45. Final test result: {'recall': array([0.06781002, 0.10497306, 0.16208218]), 'ndcg': array([0.06782974, 0.08085998, 0.09954034])}.
