2025-09-29 16:05:36,458 - {'optimizer': {'name': 'adam', 'lr': 0.001, 'weight_decay': 0}, 'train': {'epoch': 3000, 'batch_size': 4096, 'save_model': True, 'loss': 'pairwise', 'test_step': 3, 'reproducible': True, 'seed': 2023, 'patience': 5}, 'test': {'metrics': ['recall', 'ndcg'], 'k': [5, 10, 20], 'batch_size': 1024}, 'data': {'type': 'general_cf', 'name': 'amazon', 'user_num': 11000, 'item_num': 9332}, 'model': {'name': 'simgcl_plus', 'keep_rate': 1.0, 'embedding_size': 64, 'layer_num': 3, 'reg_weight': 1e-05, 'cl_weight': 0.1, 'cl_temperature': 0.2, 'kd_weight': 0.01, 'kd_temperature': 0.2, 'eps': 0.9, 'amazon': {'layer_num': 3, 'reg_weight': 1e-05, 'cl_weight': 0.1, 'cl_temperature': 0.2, 'kd_weight': 0.01, 'kd_temperature': 0.2, 'eps': 0.9}, 'yelp': {'layer_num': 3, 'reg_weight': 1e-05, 'cl_weight': 0.1, 'cl_temperature': 0.2, 'kd_weight': 0.01, 'kd_temperature': 0.1, 'eps': 0.9}, 'steam': {'layer_num': 3, 'reg_weight': 1e-05, 'cl_weight': 0.1, 'cl_temperature': 0.5, 'kd_weight': 0.01, 'kd_temperature': 0.2, 'eps': 0.2}}}
2025-09-29 16:05:42,101 - Epoch   0 Validation set [recall@5: 0.0388 recall@10: 0.0650 recall@20: 0.1029 ] [ndcg@5: 0.0384 ndcg@10: 0.0478 ndcg@20: 0.0602 ] 
2025-09-29 16:05:51,048 - Epoch   3 Validation set [recall@5: 0.0452 recall@10: 0.0708 recall@20: 0.1083 ] [ndcg@5: 0.0446 ndcg@10: 0.0534 ndcg@20: 0.0656 ] 
2025-09-29 16:05:59,557 - Epoch   6 Validation set [recall@5: 0.0524 recall@10: 0.0840 recall@20: 0.1277 ] [ndcg@5: 0.0515 ndcg@10: 0.0623 ndcg@20: 0.0766 ] 
2025-09-29 16:06:08,179 - Epoch   9 Validation set [recall@5: 0.0570 recall@10: 0.0897 recall@20: 0.1375 ] [ndcg@5: 0.0557 ndcg@10: 0.0669 ndcg@20: 0.0826 ] 
2025-09-29 16:06:18,980 - Epoch  12 Validation set [recall@5: 0.0608 recall@10: 0.0935 recall@20: 0.1441 ] [ndcg@5: 0.0593 ndcg@10: 0.0704 ndcg@20: 0.0870 ] 
2025-09-29 16:06:27,836 - Epoch  15 Validation set [recall@5: 0.0625 recall@10: 0.0969 recall@20: 0.1489 ] [ndcg@5: 0.0609 ndcg@10: 0.0728 ndcg@20: 0.0899 ] 
2025-09-29 16:06:36,190 - Epoch  18 Validation set [recall@5: 0.0645 recall@10: 0.0996 recall@20: 0.1531 ] [ndcg@5: 0.0627 ndcg@10: 0.0747 ndcg@20: 0.0922 ] 
2025-09-29 16:06:44,475 - Epoch  21 Validation set [recall@5: 0.0651 recall@10: 0.1018 recall@20: 0.1580 ] [ndcg@5: 0.0634 ndcg@10: 0.0760 ndcg@20: 0.0943 ] 
2025-09-29 16:06:52,715 - Epoch  24 Validation set [recall@5: 0.0660 recall@10: 0.1037 recall@20: 0.1587 ] [ndcg@5: 0.0646 ndcg@10: 0.0777 ndcg@20: 0.0955 ] 
2025-09-29 16:07:01,051 - Epoch  27 Validation set [recall@5: 0.0662 recall@10: 0.1061 recall@20: 0.1611 ] [ndcg@5: 0.0654 ndcg@10: 0.0793 ndcg@20: 0.0971 ] 
2025-09-29 16:07:09,163 - Epoch  30 Validation set [recall@5: 0.0657 recall@10: 0.1055 recall@20: 0.1629 ] [ndcg@5: 0.0649 ndcg@10: 0.0788 ndcg@20: 0.0974 ] 
2025-09-29 16:07:17,479 - Epoch  33 Validation set [recall@5: 0.0677 recall@10: 0.1063 recall@20: 0.1632 ] [ndcg@5: 0.0667 ndcg@10: 0.0799 ndcg@20: 0.0983 ] 
2025-09-29 16:07:25,735 - Epoch  36 Validation set [recall@5: 0.0668 recall@10: 0.1068 recall@20: 0.1637 ] [ndcg@5: 0.0667 ndcg@10: 0.0803 ndcg@20: 0.0989 ] 
2025-09-29 16:07:34,032 - Epoch  39 Validation set [recall@5: 0.0679 recall@10: 0.1070 recall@20: 0.1647 ] [ndcg@5: 0.0673 ndcg@10: 0.0807 ndcg@20: 0.0995 ] 
2025-09-29 16:07:42,472 - Epoch  42 Validation set [recall@5: 0.0680 recall@10: 0.1088 recall@20: 0.1645 ] [ndcg@5: 0.0675 ndcg@10: 0.0817 ndcg@20: 0.0998 ] 
2025-09-29 16:07:52,480 - Epoch  45 Validation set [recall@5: 0.0682 recall@10: 0.1089 recall@20: 0.1656 ] [ndcg@5: 0.0676 ndcg@10: 0.0818 ndcg@20: 0.1003 ] 
2025-09-29 16:08:01,606 - Epoch  48 Validation set [recall@5: 0.0695 recall@10: 0.1095 recall@20: 0.1659 ] [ndcg@5: 0.0682 ndcg@10: 0.0821 ndcg@20: 0.1006 ] 
2025-09-29 16:08:10,601 - Epoch  51 Validation set [recall@5: 0.0685 recall@10: 0.1101 recall@20: 0.1663 ] [ndcg@5: 0.0679 ndcg@10: 0.0825 ndcg@20: 0.1008 ] 
2025-09-29 16:08:20,695 - Epoch  54 Validation set [recall@5: 0.0699 recall@10: 0.1097 recall@20: 0.1671 ] [ndcg@5: 0.0686 ndcg@10: 0.0825 ndcg@20: 0.1012 ] 
2025-09-29 16:08:30,129 - Epoch  57 Validation set [recall@5: 0.0696 recall@10: 0.1106 recall@20: 0.1662 ] [ndcg@5: 0.0685 ndcg@10: 0.0828 ndcg@20: 0.1010 ] 
2025-09-29 16:08:39,168 - Epoch  60 Validation set [recall@5: 0.0704 recall@10: 0.1112 recall@20: 0.1675 ] [ndcg@5: 0.0694 ndcg@10: 0.0835 ndcg@20: 0.1019 ] 
2025-09-29 16:08:48,813 - Epoch  63 Validation set [recall@5: 0.0708 recall@10: 0.1111 recall@20: 0.1677 ] [ndcg@5: 0.0694 ndcg@10: 0.0834 ndcg@20: 0.1019 ] 
2025-09-29 16:08:59,438 - Epoch  66 Validation set [recall@5: 0.0707 recall@10: 0.1120 recall@20: 0.1667 ] [ndcg@5: 0.0694 ndcg@10: 0.0839 ndcg@20: 0.1018 ] 
2025-09-29 16:09:09,681 - Epoch  69 Validation set [recall@5: 0.0698 recall@10: 0.1104 recall@20: 0.1681 ] [ndcg@5: 0.0688 ndcg@10: 0.0830 ndcg@20: 0.1019 ] 
2025-09-29 16:09:19,188 - Epoch  72 Validation set [recall@5: 0.0705 recall@10: 0.1115 recall@20: 0.1690 ] [ndcg@5: 0.0694 ndcg@10: 0.0836 ndcg@20: 0.1024 ] 
2025-09-29 16:09:28,443 - Epoch  75 Validation set [recall@5: 0.0717 recall@10: 0.1118 recall@20: 0.1677 ] [ndcg@5: 0.0701 ndcg@10: 0.0839 ndcg@20: 0.1023 ] 
2025-09-29 16:09:37,256 - Epoch  78 Validation set [recall@5: 0.0705 recall@10: 0.1112 recall@20: 0.1699 ] [ndcg@5: 0.0694 ndcg@10: 0.0835 ndcg@20: 0.1028 ] 
2025-09-29 16:09:47,313 - Epoch  81 Validation set [recall@5: 0.0713 recall@10: 0.1122 recall@20: 0.1698 ] [ndcg@5: 0.0698 ndcg@10: 0.0840 ndcg@20: 0.1029 ] 
2025-09-29 16:09:57,926 - Epoch  84 Validation set [recall@5: 0.0707 recall@10: 0.1114 recall@20: 0.1704 ] [ndcg@5: 0.0697 ndcg@10: 0.0839 ndcg@20: 0.1030 ] 
2025-09-29 16:10:07,346 - Epoch  87 Validation set [recall@5: 0.0715 recall@10: 0.1109 recall@20: 0.1700 ] [ndcg@5: 0.0705 ndcg@10: 0.0840 ndcg@20: 0.1032 ] 
2025-09-29 16:10:16,887 - Epoch  90 Validation set [recall@5: 0.0709 recall@10: 0.1114 recall@20: 0.1699 ] [ndcg@5: 0.0698 ndcg@10: 0.0839 ndcg@20: 0.1029 ] 
2025-09-29 16:10:27,535 - Epoch  93 Validation set [recall@5: 0.0712 recall@10: 0.1111 recall@20: 0.1698 ] [ndcg@5: 0.0701 ndcg@10: 0.0839 ndcg@20: 0.1028 ] 
2025-09-29 16:10:37,894 - Epoch  96 Validation set [recall@5: 0.0718 recall@10: 0.1111 recall@20: 0.1697 ] [ndcg@5: 0.0705 ndcg@10: 0.0839 ndcg@20: 0.1030 ] 
2025-09-29 16:10:47,983 - Epoch  99 Validation set [recall@5: 0.0714 recall@10: 0.1106 recall@20: 0.1691 ] [ndcg@5: 0.0701 ndcg@10: 0.0835 ndcg@20: 0.1027 ] 
2025-09-29 16:10:49,732 - [recall@5: 0.0707 recall@10: 0.1114 recall@20: 0.1704 ] [ndcg@5: 0.0697 ndcg@10: 0.0839 ndcg@20: 0.1030 ] 
2025-09-29 16:10:51,402 - [recall@5: 0.0699 recall@10: 0.1086 recall@20: 0.1657 ] [ndcg@5: 0.0699 ndcg@10: 0.0831 ndcg@20: 0.1018 ] 
2025-09-29 16:10:51,419 - Save model parameters to ./encoder/checkpoint/simgcl_plus/simgcl_plus-amazon-2023.pth
2025-09-29 16:10:51,419 - Best Epoch 84. Final test result: {'recall': array([0.06990055, 0.10860755, 0.16565992]), 'ndcg': array([0.06987589, 0.08308139, 0.10178495])}.
