2025-09-29 12:53:50,680 - {'optimizer': {'name': 'adam', 'lr': 0.001, 'weight_decay': 0}, 'train': {'epoch': 3000, 'batch_size': 4096, 'save_model': True, 'loss': 'pairwise', 'test_step': 1, 'reproducible': True, 'seed': 2023, 'patience': 5}, 'test': {'metrics': ['recall', 'ndcg'], 'k': [5, 10, 20], 'batch_size': 1024}, 'data': {'type': 'general_cf', 'name': 'amazon', 'user_num': 11000, 'item_num': 9332}, 'model': {'name': 'simgcl_plus', 'keep_rate': 1.0, 'embedding_size': 64, 'layer_num': 3, 'reg_weight': 1e-05, 'cl_weight': 0.1, 'cl_temperature': 0.2, 'kd_weight': 0.01, 'kd_temperature': 0.2, 'eps': 0.9, 'amazon': {'layer_num': 3, 'reg_weight': 1e-05, 'cl_weight': 0.1, 'cl_temperature': 0.2, 'kd_weight': 0.01, 'kd_temperature': 0.2, 'eps': 0.9}, 'yelp': {'layer_num': 3, 'reg_weight': 1e-05, 'cl_weight': 0.1, 'cl_temperature': 0.2, 'kd_weight': 0.01, 'kd_temperature': 0.1, 'eps': 0.9}, 'steam': {'layer_num': 3, 'reg_weight': 1e-05, 'cl_weight': 0.1, 'cl_temperature': 0.5, 'kd_weight': 0.01, 'kd_temperature': 0.2, 'eps': 0.2}}}
2025-09-29 12:53:56,074 - Epoch   0 Validation set [recall@5: 0.0387 recall@10: 0.0651 recall@20: 0.1031 ] [ndcg@5: 0.0384 ndcg@10: 0.0478 ndcg@20: 0.0602 ] 
2025-09-29 12:54:00,003 - Epoch   1 Validation set [recall@5: 0.0398 recall@10: 0.0640 recall@20: 0.1002 ] [ndcg@5: 0.0391 ndcg@10: 0.0478 ndcg@20: 0.0596 ] 
2025-09-29 12:54:04,118 - Epoch   2 Validation set [recall@5: 0.0415 recall@10: 0.0653 recall@20: 0.1012 ] [ndcg@5: 0.0408 ndcg@10: 0.0492 ndcg@20: 0.0609 ] 
2025-09-29 12:54:08,487 - Epoch   3 Validation set [recall@5: 0.0452 recall@10: 0.0702 recall@20: 0.1082 ] [ndcg@5: 0.0445 ndcg@10: 0.0531 ndcg@20: 0.0655 ] 
2025-09-29 12:54:12,615 - Epoch   4 Validation set [recall@5: 0.0483 recall@10: 0.0760 recall@20: 0.1155 ] [ndcg@5: 0.0476 ndcg@10: 0.0571 ndcg@20: 0.0701 ] 
2025-09-29 12:54:16,773 - Epoch   5 Validation set [recall@5: 0.0508 recall@10: 0.0800 recall@20: 0.1219 ] [ndcg@5: 0.0500 ndcg@10: 0.0601 ndcg@20: 0.0738 ] 
2025-09-29 12:54:20,894 - Epoch   6 Validation set [recall@5: 0.0527 recall@10: 0.0832 recall@20: 0.1273 ] [ndcg@5: 0.0517 ndcg@10: 0.0621 ndcg@20: 0.0765 ] 
2025-09-29 12:54:25,189 - Epoch   7 Validation set [recall@5: 0.0543 recall@10: 0.0853 recall@20: 0.1312 ] [ndcg@5: 0.0534 ndcg@10: 0.0639 ndcg@20: 0.0789 ] 
2025-09-29 12:54:29,417 - Epoch   8 Validation set [recall@5: 0.0553 recall@10: 0.0887 recall@20: 0.1349 ] [ndcg@5: 0.0547 ndcg@10: 0.0660 ndcg@20: 0.0811 ] 
2025-09-29 12:54:33,548 - Epoch   9 Validation set [recall@5: 0.0568 recall@10: 0.0903 recall@20: 0.1375 ] [ndcg@5: 0.0556 ndcg@10: 0.0671 ndcg@20: 0.0826 ] 
2025-09-29 12:54:37,671 - Epoch  10 Validation set [recall@5: 0.0580 recall@10: 0.0912 recall@20: 0.1404 ] [ndcg@5: 0.0567 ndcg@10: 0.0680 ndcg@20: 0.0842 ] 
2025-09-29 12:54:42,075 - Epoch  11 Validation set [recall@5: 0.0591 recall@10: 0.0919 recall@20: 0.1421 ] [ndcg@5: 0.0580 ndcg@10: 0.0690 ndcg@20: 0.0855 ] 
2025-09-29 12:54:46,294 - Epoch  12 Validation set [recall@5: 0.0601 recall@10: 0.0934 recall@20: 0.1430 ] [ndcg@5: 0.0587 ndcg@10: 0.0701 ndcg@20: 0.0864 ] 
2025-09-29 12:54:50,485 - Epoch  13 Validation set [recall@5: 0.0605 recall@10: 0.0952 recall@20: 0.1455 ] [ndcg@5: 0.0588 ndcg@10: 0.0709 ndcg@20: 0.0873 ] 
2025-09-29 12:54:54,521 - Epoch  14 Validation set [recall@5: 0.0619 recall@10: 0.0957 recall@20: 0.1474 ] [ndcg@5: 0.0601 ndcg@10: 0.0719 ndcg@20: 0.0888 ] 
2025-09-29 12:54:58,875 - Epoch  15 Validation set [recall@5: 0.0622 recall@10: 0.0961 recall@20: 0.1485 ] [ndcg@5: 0.0605 ndcg@10: 0.0723 ndcg@20: 0.0895 ] 
2025-09-29 12:55:03,098 - Epoch  16 Validation set [recall@5: 0.0628 recall@10: 0.0981 recall@20: 0.1505 ] [ndcg@5: 0.0610 ndcg@10: 0.0732 ndcg@20: 0.0905 ] 
2025-09-29 12:55:07,335 - Epoch  17 Validation set [recall@5: 0.0640 recall@10: 0.0982 recall@20: 0.1519 ] [ndcg@5: 0.0621 ndcg@10: 0.0738 ndcg@20: 0.0914 ] 
2025-09-29 12:55:11,363 - Epoch  18 Validation set [recall@5: 0.0643 recall@10: 0.0991 recall@20: 0.1534 ] [ndcg@5: 0.0624 ndcg@10: 0.0744 ndcg@20: 0.0921 ] 
2025-09-29 12:55:15,502 - Epoch  19 Validation set [recall@5: 0.0649 recall@10: 0.0998 recall@20: 0.1543 ] [ndcg@5: 0.0628 ndcg@10: 0.0747 ndcg@20: 0.0925 ] 
2025-09-29 12:55:19,527 - Epoch  20 Validation set [recall@5: 0.0653 recall@10: 0.1005 recall@20: 0.1558 ] [ndcg@5: 0.0636 ndcg@10: 0.0756 ndcg@20: 0.0936 ] 
2025-09-29 12:55:23,804 - Epoch  21 Validation set [recall@5: 0.0646 recall@10: 0.1017 recall@20: 0.1569 ] [ndcg@5: 0.0630 ndcg@10: 0.0759 ndcg@20: 0.0939 ] 
2025-09-29 12:55:28,205 - Epoch  22 Validation set [recall@5: 0.0656 recall@10: 0.1020 recall@20: 0.1582 ] [ndcg@5: 0.0639 ndcg@10: 0.0765 ndcg@20: 0.0948 ] 
2025-09-29 12:55:32,272 - Epoch  23 Validation set [recall@5: 0.0658 recall@10: 0.1028 recall@20: 0.1594 ] [ndcg@5: 0.0640 ndcg@10: 0.0768 ndcg@20: 0.0952 ] 
2025-09-29 12:55:36,469 - Epoch  24 Validation set [recall@5: 0.0663 recall@10: 0.1028 recall@20: 0.1590 ] [ndcg@5: 0.0648 ndcg@10: 0.0774 ndcg@20: 0.0957 ] 
2025-09-29 12:55:40,647 - Epoch  25 Validation set [recall@5: 0.0661 recall@10: 0.1042 recall@20: 0.1595 ] [ndcg@5: 0.0649 ndcg@10: 0.0780 ndcg@20: 0.0960 ] 
2025-09-29 12:55:44,890 - Epoch  26 Validation set [recall@5: 0.0659 recall@10: 0.1048 recall@20: 0.1598 ] [ndcg@5: 0.0649 ndcg@10: 0.0784 ndcg@20: 0.0963 ] 
2025-09-29 12:55:49,298 - Epoch  27 Validation set [recall@5: 0.0663 recall@10: 0.1055 recall@20: 0.1606 ] [ndcg@5: 0.0653 ndcg@10: 0.0790 ndcg@20: 0.0968 ] 
2025-09-29 12:55:53,417 - Epoch  28 Validation set [recall@5: 0.0665 recall@10: 0.1055 recall@20: 0.1606 ] [ndcg@5: 0.0656 ndcg@10: 0.0791 ndcg@20: 0.0970 ] 
2025-09-29 12:55:57,711 - Epoch  29 Validation set [recall@5: 0.0664 recall@10: 0.1057 recall@20: 0.1618 ] [ndcg@5: 0.0654 ndcg@10: 0.0790 ndcg@20: 0.0972 ] 
2025-09-29 12:56:01,980 - Epoch  30 Validation set [recall@5: 0.0666 recall@10: 0.1063 recall@20: 0.1623 ] [ndcg@5: 0.0657 ndcg@10: 0.0793 ndcg@20: 0.0975 ] 
2025-09-29 12:56:06,295 - Epoch  31 Validation set [recall@5: 0.0660 recall@10: 0.1065 recall@20: 0.1628 ] [ndcg@5: 0.0656 ndcg@10: 0.0795 ndcg@20: 0.0978 ] 
2025-09-29 12:56:10,478 - Epoch  32 Validation set [recall@5: 0.0660 recall@10: 0.1056 recall@20: 0.1626 ] [ndcg@5: 0.0656 ndcg@10: 0.0793 ndcg@20: 0.0978 ] 
2025-09-29 12:56:14,714 - Epoch  33 Validation set [recall@5: 0.0669 recall@10: 0.1058 recall@20: 0.1629 ] [ndcg@5: 0.0662 ndcg@10: 0.0796 ndcg@20: 0.0981 ] 
2025-09-29 12:56:18,904 - Epoch  34 Validation set [recall@5: 0.0672 recall@10: 0.1066 recall@20: 0.1632 ] [ndcg@5: 0.0667 ndcg@10: 0.0801 ndcg@20: 0.0986 ] 
2025-09-29 12:56:23,237 - Epoch  35 Validation set [recall@5: 0.0674 recall@10: 0.1070 recall@20: 0.1634 ] [ndcg@5: 0.0667 ndcg@10: 0.0801 ndcg@20: 0.0985 ] 
2025-09-29 12:56:27,745 - Epoch  36 Validation set [recall@5: 0.0673 recall@10: 0.1069 recall@20: 0.1634 ] [ndcg@5: 0.0669 ndcg@10: 0.0803 ndcg@20: 0.0987 ] 
2025-09-29 12:56:32,035 - Epoch  37 Validation set [recall@5: 0.0672 recall@10: 0.1068 recall@20: 0.1647 ] [ndcg@5: 0.0667 ndcg@10: 0.0802 ndcg@20: 0.0991 ] 
2025-09-29 12:56:36,466 - Epoch  38 Validation set [recall@5: 0.0677 recall@10: 0.1074 recall@20: 0.1648 ] [ndcg@5: 0.0670 ndcg@10: 0.0806 ndcg@20: 0.0993 ] 
2025-09-29 12:56:40,678 - Epoch  39 Validation set [recall@5: 0.0678 recall@10: 0.1077 recall@20: 0.1647 ] [ndcg@5: 0.0673 ndcg@10: 0.0810 ndcg@20: 0.0995 ] 
2025-09-29 12:56:44,657 - Epoch  40 Validation set [recall@5: 0.0675 recall@10: 0.1081 recall@20: 0.1652 ] [ndcg@5: 0.0670 ndcg@10: 0.0811 ndcg@20: 0.0996 ] 
2025-09-29 12:56:48,853 - Epoch  41 Validation set [recall@5: 0.0674 recall@10: 0.1085 recall@20: 0.1648 ] [ndcg@5: 0.0670 ndcg@10: 0.0813 ndcg@20: 0.0995 ] 
2025-09-29 12:56:53,144 - Epoch  42 Validation set [recall@5: 0.0678 recall@10: 0.1095 recall@20: 0.1659 ] [ndcg@5: 0.0672 ndcg@10: 0.0817 ndcg@20: 0.1000 ] 
2025-09-29 12:56:57,417 - Epoch  43 Validation set [recall@5: 0.0686 recall@10: 0.1089 recall@20: 0.1659 ] [ndcg@5: 0.0678 ndcg@10: 0.0818 ndcg@20: 0.1003 ] 
2025-09-29 12:57:01,712 - Epoch  44 Validation set [recall@5: 0.0678 recall@10: 0.1084 recall@20: 0.1658 ] [ndcg@5: 0.0674 ndcg@10: 0.0815 ndcg@20: 0.1002 ] 
2025-09-29 12:57:05,566 - Epoch  45 Validation set [recall@5: 0.0677 recall@10: 0.1085 recall@20: 0.1660 ] [ndcg@5: 0.0672 ndcg@10: 0.0814 ndcg@20: 0.1002 ] 
2025-09-29 12:57:09,280 - Epoch  46 Validation set [recall@5: 0.0684 recall@10: 0.1087 recall@20: 0.1670 ] [ndcg@5: 0.0677 ndcg@10: 0.0817 ndcg@20: 0.1007 ] 
2025-09-29 12:57:13,485 - Epoch  47 Validation set [recall@5: 0.0690 recall@10: 0.1084 recall@20: 0.1658 ] [ndcg@5: 0.0680 ndcg@10: 0.0817 ndcg@20: 0.1003 ] 
2025-09-29 12:57:17,676 - Epoch  48 Validation set [recall@5: 0.0690 recall@10: 0.1091 recall@20: 0.1660 ] [ndcg@5: 0.0678 ndcg@10: 0.0819 ndcg@20: 0.1004 ] 
2025-09-29 12:57:21,817 - Epoch  49 Validation set [recall@5: 0.0691 recall@10: 0.1089 recall@20: 0.1665 ] [ndcg@5: 0.0679 ndcg@10: 0.0818 ndcg@20: 0.1005 ] 
2025-09-29 12:57:26,115 - Epoch  50 Validation set [recall@5: 0.0684 recall@10: 0.1096 recall@20: 0.1667 ] [ndcg@5: 0.0676 ndcg@10: 0.0819 ndcg@20: 0.1005 ] 
2025-09-29 12:57:30,482 - Epoch  51 Validation set [recall@5: 0.0691 recall@10: 0.1099 recall@20: 0.1664 ] [ndcg@5: 0.0681 ndcg@10: 0.0822 ndcg@20: 0.1006 ] 
2025-09-29 12:57:32,060 - [recall@5: 0.0684 recall@10: 0.1087 recall@20: 0.1670 ] [ndcg@5: 0.0677 ndcg@10: 0.0817 ndcg@20: 0.1007 ] 
2025-09-29 12:57:33,631 - [recall@5: 0.0679 recall@10: 0.1057 recall@20: 0.1626 ] [ndcg@5: 0.0679 ndcg@10: 0.0812 ndcg@20: 0.0998 ] 
2025-09-29 12:57:33,643 - Save model parameters to ./encoder/checkpoint/simgcl_plus/simgcl_plus-amazon-2023.pth
2025-09-29 12:57:33,643 - Best Epoch 46. Final test result: {'recall': array([0.06792079, 0.10565435, 0.16260381]), 'ndcg': array([0.06790796, 0.08117651, 0.09979564])}.
