2025-09-29 14:57:50,259 - {'optimizer': {'name': 'adam', 'lr': 0.001, 'weight_decay': 0}, 'train': {'epoch': 3000, 'batch_size': 4096, 'save_model': True, 'loss': 'pairwise', 'test_step': 1, 'reproducible': True, 'seed': 2023, 'patience': 5}, 'test': {'metrics': ['recall', 'ndcg'], 'k': [5, 10, 20], 'batch_size': 1024}, 'data': {'type': 'general_cf', 'name': 'Office', 'user_num': 6338, 'item_num': 4461}, 'model': {'name': 'simgcl_plus', 'keep_rate': 1.0, 'embedding_size': 64, 'layer_num': 3, 'reg_weight': 1e-05, 'cl_weight': 0.1, 'cl_temperature': 0.2, 'kd_weight': 0.01, 'kd_temperature': 0.2, 'eps': 0.9, 'amazon': {'layer_num': 3, 'reg_weight': 1e-05, 'cl_weight': 0.1, 'cl_temperature': 0.2, 'kd_weight': 0.01, 'kd_temperature': 0.2, 'eps': 0.9}, 'yelp': {'layer_num': 3, 'reg_weight': 1e-05, 'cl_weight': 0.1, 'cl_temperature': 0.2, 'kd_weight': 0.01, 'kd_temperature': 0.1, 'eps': 0.9}, 'steam': {'layer_num': 3, 'reg_weight': 1e-05, 'cl_weight': 0.1, 'cl_temperature': 0.5, 'kd_weight': 0.01, 'kd_temperature': 0.2, 'eps': 0.2}}}
2025-09-29 14:57:53,125 - Epoch   0 Validation set [recall@5: 0.0077 recall@10: 0.0119 recall@20: 0.0198 ] [ndcg@5: 0.0068 ndcg@10: 0.0085 ndcg@20: 0.0111 ] 
2025-09-29 14:57:54,566 - Epoch   1 Validation set [recall@5: 0.0143 recall@10: 0.0221 recall@20: 0.0340 ] [ndcg@5: 0.0129 ndcg@10: 0.0161 ndcg@20: 0.0200 ] 
2025-09-29 14:57:55,941 - Epoch   2 Validation set [recall@5: 0.0186 recall@10: 0.0290 recall@20: 0.0442 ] [ndcg@5: 0.0159 ndcg@10: 0.0201 ndcg@20: 0.0252 ] 
2025-09-29 14:57:57,392 - Epoch   3 Validation set [recall@5: 0.0230 recall@10: 0.0347 recall@20: 0.0529 ] [ndcg@5: 0.0197 ndcg@10: 0.0245 ndcg@20: 0.0305 ] 
2025-09-29 14:57:58,788 - Epoch   4 Validation set [recall@5: 0.0260 recall@10: 0.0403 recall@20: 0.0613 ] [ndcg@5: 0.0223 ndcg@10: 0.0282 ndcg@20: 0.0352 ] 
2025-09-29 14:58:00,199 - Epoch   5 Validation set [recall@5: 0.0279 recall@10: 0.0454 recall@20: 0.0680 ] [ndcg@5: 0.0241 ndcg@10: 0.0314 ndcg@20: 0.0389 ] 
2025-09-29 14:58:01,609 - Epoch   6 Validation set [recall@5: 0.0304 recall@10: 0.0493 recall@20: 0.0722 ] [ndcg@5: 0.0264 ndcg@10: 0.0342 ndcg@20: 0.0419 ] 
2025-09-29 14:58:02,885 - Epoch   7 Validation set [recall@5: 0.0328 recall@10: 0.0514 recall@20: 0.0780 ] [ndcg@5: 0.0287 ndcg@10: 0.0364 ndcg@20: 0.0451 ] 
2025-09-29 14:58:04,328 - Epoch   8 Validation set [recall@5: 0.0336 recall@10: 0.0531 recall@20: 0.0804 ] [ndcg@5: 0.0296 ndcg@10: 0.0377 ndcg@20: 0.0467 ] 
2025-09-29 14:58:05,765 - Epoch   9 Validation set [recall@5: 0.0351 recall@10: 0.0540 recall@20: 0.0822 ] [ndcg@5: 0.0309 ndcg@10: 0.0388 ndcg@20: 0.0481 ] 
2025-09-29 14:58:07,074 - Epoch  10 Validation set [recall@5: 0.0355 recall@10: 0.0546 recall@20: 0.0835 ] [ndcg@5: 0.0313 ndcg@10: 0.0392 ndcg@20: 0.0488 ] 
2025-09-29 14:58:08,393 - Epoch  11 Validation set [recall@5: 0.0361 recall@10: 0.0559 recall@20: 0.0849 ] [ndcg@5: 0.0320 ndcg@10: 0.0402 ndcg@20: 0.0498 ] 
2025-09-29 14:58:09,797 - Epoch  12 Validation set [recall@5: 0.0364 recall@10: 0.0566 recall@20: 0.0854 ] [ndcg@5: 0.0323 ndcg@10: 0.0405 ndcg@20: 0.0501 ] 
2025-09-29 14:58:11,186 - Epoch  13 Validation set [recall@5: 0.0364 recall@10: 0.0570 recall@20: 0.0864 ] [ndcg@5: 0.0323 ndcg@10: 0.0409 ndcg@20: 0.0506 ] 
2025-09-29 14:58:12,633 - Epoch  14 Validation set [recall@5: 0.0374 recall@10: 0.0578 recall@20: 0.0860 ] [ndcg@5: 0.0330 ndcg@10: 0.0413 ndcg@20: 0.0507 ] 
2025-09-29 14:58:13,926 - Epoch  15 Validation set [recall@5: 0.0373 recall@10: 0.0583 recall@20: 0.0858 ] [ndcg@5: 0.0326 ndcg@10: 0.0412 ndcg@20: 0.0503 ] 
2025-09-29 14:58:15,320 - Epoch  16 Validation set [recall@5: 0.0368 recall@10: 0.0580 recall@20: 0.0860 ] [ndcg@5: 0.0324 ndcg@10: 0.0411 ndcg@20: 0.0504 ] 
2025-09-29 14:58:16,662 - Epoch  17 Validation set [recall@5: 0.0369 recall@10: 0.0581 recall@20: 0.0855 ] [ndcg@5: 0.0323 ndcg@10: 0.0411 ndcg@20: 0.0502 ] 
2025-09-29 14:58:17,954 - Epoch  18 Validation set [recall@5: 0.0370 recall@10: 0.0583 recall@20: 0.0863 ] [ndcg@5: 0.0324 ndcg@10: 0.0412 ndcg@20: 0.0505 ] 
2025-09-29 14:58:18,571 - [recall@5: 0.0364 recall@10: 0.0570 recall@20: 0.0864 ] [ndcg@5: 0.0323 ndcg@10: 0.0409 ndcg@20: 0.0506 ] 
2025-09-29 14:58:19,276 - [recall@5: 0.0329 recall@10: 0.0529 recall@20: 0.0821 ] [ndcg@5: 0.0318 ndcg@10: 0.0404 ndcg@20: 0.0512 ] 
2025-09-29 14:58:19,285 - Save model parameters to ./encoder/checkpoint/simgcl_plus/simgcl_plus-Office-2023.pth
2025-09-29 14:58:19,285 - Best Epoch 13. Final test result: {'recall': array([0.03294171, 0.05285557, 0.08206488]), 'ndcg': array([0.03180351, 0.04040533, 0.05120766])}.
