2025-09-29 10:50:28,096 - {'optimizer': {'name': 'adam', 'lr': 0.001, 'weight_decay': 0}, 'train': {'epoch': 3000, 'batch_size': 4096, 'save_model': True, 'loss': 'pairwise', 'test_step': 1, 'reproducible': True, 'seed': 2023, 'patience': 5}, 'test': {'metrics': ['recall', 'ndcg'], 'k': [5, 10, 20], 'batch_size': 1024}, 'data': {'type': 'general_cf', 'name': 'yelp', 'user_num': 11091, 'item_num': 11010}, 'model': {'name': 'simgcl_plus', 'keep_rate': 1.0, 'embedding_size': 64, 'layer_num': 3, 'reg_weight': 1e-05, 'cl_weight': 0.1, 'cl_temperature': 0.2, 'kd_weight': 0.01, 'kd_temperature': 0.1, 'eps': 0.2, 'amazon': {'layer_num': 3, 'reg_weight': 1e-05, 'cl_weight': 0.1, 'cl_temperature': 0.2, 'kd_weight': 0.01, 'kd_temperature': 0.2, 'eps': 0.9}, 'yelp': {'layer_num': 3, 'reg_weight': 1e-05, 'cl_weight': 0.1, 'cl_temperature': 0.2, 'kd_weight': 0.01, 'kd_temperature': 0.1, 'eps': 0.2}, 'steam': {'layer_num': 3, 'reg_weight': 1e-05, 'cl_weight': 0.1, 'cl_temperature': 0.5, 'kd_weight': 0.01, 'kd_temperature': 0.2, 'eps': 0.2}}}
2025-09-29 10:50:34,947 - Epoch   0 Validation set [recall@5: 0.0189 recall@10: 0.0305 recall@20: 0.0475 ] [ndcg@5: 0.0227 ndcg@10: 0.0261 ndcg@20: 0.0317 ] 
2025-09-29 10:50:40,553 - Epoch   1 Validation set [recall@5: 0.0201 recall@10: 0.0333 recall@20: 0.0539 ] [ndcg@5: 0.0246 ndcg@10: 0.0283 ndcg@20: 0.0352 ] 
2025-09-29 10:50:46,212 - Epoch   2 Validation set [recall@5: 0.0244 recall@10: 0.0414 recall@20: 0.0660 ] [ndcg@5: 0.0300 ndcg@10: 0.0351 ndcg@20: 0.0431 ] 
2025-09-29 10:50:51,889 - Epoch   3 Validation set [recall@5: 0.0319 recall@10: 0.0531 recall@20: 0.0882 ] [ndcg@5: 0.0393 ndcg@10: 0.0454 ndcg@20: 0.0570 ] 
2025-09-29 10:50:57,611 - Epoch   4 Validation set [recall@5: 0.0385 recall@10: 0.0666 recall@20: 0.1052 ] [ndcg@5: 0.0464 ndcg@10: 0.0550 ndcg@20: 0.0679 ] 
2025-09-29 10:51:03,484 - Epoch   5 Validation set [recall@5: 0.0426 recall@10: 0.0725 recall@20: 0.1148 ] [ndcg@5: 0.0507 ndcg@10: 0.0598 ndcg@20: 0.0741 ] 
2025-09-29 10:51:09,129 - Epoch   6 Validation set [recall@5: 0.0438 recall@10: 0.0755 recall@20: 0.1205 ] [ndcg@5: 0.0524 ndcg@10: 0.0621 ndcg@20: 0.0771 ] 
2025-09-29 10:51:14,698 - Epoch   7 Validation set [recall@5: 0.0460 recall@10: 0.0775 recall@20: 0.1251 ] [ndcg@5: 0.0544 ndcg@10: 0.0638 ndcg@20: 0.0798 ] 
2025-09-29 10:51:20,409 - Epoch   8 Validation set [recall@5: 0.0468 recall@10: 0.0794 recall@20: 0.1272 ] [ndcg@5: 0.0554 ndcg@10: 0.0653 ndcg@20: 0.0814 ] 
2025-09-29 10:51:25,905 - Epoch   9 Validation set [recall@5: 0.0479 recall@10: 0.0816 recall@20: 0.1303 ] [ndcg@5: 0.0565 ndcg@10: 0.0668 ndcg@20: 0.0830 ] 
2025-09-29 10:51:31,574 - Epoch  10 Validation set [recall@5: 0.0486 recall@10: 0.0813 recall@20: 0.1312 ] [ndcg@5: 0.0576 ndcg@10: 0.0674 ndcg@20: 0.0840 ] 
2025-09-29 10:51:37,353 - Epoch  11 Validation set [recall@5: 0.0487 recall@10: 0.0817 recall@20: 0.1331 ] [ndcg@5: 0.0581 ndcg@10: 0.0679 ndcg@20: 0.0850 ] 
2025-09-29 10:51:43,266 - Epoch  12 Validation set [recall@5: 0.0489 recall@10: 0.0823 recall@20: 0.1340 ] [ndcg@5: 0.0585 ndcg@10: 0.0684 ndcg@20: 0.0856 ] 
2025-09-29 10:51:49,019 - Epoch  13 Validation set [recall@5: 0.0492 recall@10: 0.0831 recall@20: 0.1336 ] [ndcg@5: 0.0585 ndcg@10: 0.0688 ndcg@20: 0.0855 ] 
2025-09-29 10:51:54,404 - Epoch  14 Validation set [recall@5: 0.0490 recall@10: 0.0829 recall@20: 0.1341 ] [ndcg@5: 0.0583 ndcg@10: 0.0687 ndcg@20: 0.0858 ] 
2025-09-29 10:52:00,066 - Epoch  15 Validation set [recall@5: 0.0495 recall@10: 0.0829 recall@20: 0.1354 ] [ndcg@5: 0.0586 ndcg@10: 0.0689 ndcg@20: 0.0863 ] 
2025-09-29 10:52:05,607 - Epoch  16 Validation set [recall@5: 0.0497 recall@10: 0.0832 recall@20: 0.1350 ] [ndcg@5: 0.0589 ndcg@10: 0.0691 ndcg@20: 0.0863 ] 
2025-09-29 10:52:11,163 - Epoch  17 Validation set [recall@5: 0.0499 recall@10: 0.0838 recall@20: 0.1350 ] [ndcg@5: 0.0589 ndcg@10: 0.0694 ndcg@20: 0.0865 ] 
2025-09-29 10:52:16,690 - Epoch  18 Validation set [recall@5: 0.0495 recall@10: 0.0828 recall@20: 0.1353 ] [ndcg@5: 0.0586 ndcg@10: 0.0688 ndcg@20: 0.0863 ] 
2025-09-29 10:52:22,273 - Epoch  19 Validation set [recall@5: 0.0495 recall@10: 0.0835 recall@20: 0.1349 ] [ndcg@5: 0.0586 ndcg@10: 0.0690 ndcg@20: 0.0862 ] 
2025-09-29 10:52:27,743 - Epoch  20 Validation set [recall@5: 0.0493 recall@10: 0.0834 recall@20: 0.1341 ] [ndcg@5: 0.0586 ndcg@10: 0.0690 ndcg@20: 0.0860 ] 
2025-09-29 10:52:29,602 - [recall@5: 0.0495 recall@10: 0.0829 recall@20: 0.1354 ] [ndcg@5: 0.0586 ndcg@10: 0.0689 ndcg@20: 0.0863 ] 
2025-09-29 10:52:31,460 - [recall@5: 0.0485 recall@10: 0.0815 recall@20: 0.1359 ] [ndcg@5: 0.0563 ndcg@10: 0.0664 ndcg@20: 0.0847 ] 
2025-09-29 10:52:31,475 - Save model parameters to ./encoder/checkpoint/simgcl_plus/simgcl_plus-yelp-2023.pth
2025-09-29 10:52:31,475 - Best Epoch 15. Final test result: {'recall': array([0.04848712, 0.0814685 , 0.13587299]), 'ndcg': array([0.05625369, 0.06642284, 0.08474   ])}.
