2025-09-29 10:47:12,608 - {'optimizer': {'name': 'adam', 'lr': 0.001, 'weight_decay': 0}, 'train': {'epoch': 3000, 'batch_size': 4096, 'save_model': True, 'loss': 'pairwise', 'test_step': 1, 'reproducible': True, 'seed': 2023, 'patience': 5}, 'test': {'metrics': ['recall', 'ndcg'], 'k': [5, 10, 20], 'batch_size': 1024}, 'data': {'type': 'general_cf', 'name': 'yelp', 'user_num': 11091, 'item_num': 11010}, 'model': {'name': 'simgcl_plus', 'keep_rate': 1.0, 'embedding_size': 64, 'layer_num': 3, 'reg_weight': 1e-05, 'cl_weight': 0.1, 'cl_temperature': 0.2, 'kd_weight': 0.01, 'kd_temperature': 0.1, 'eps': 0.9, 'amazon': {'layer_num': 3, 'reg_weight': 1e-05, 'cl_weight': 0.1, 'cl_temperature': 0.2, 'kd_weight': 0.01, 'kd_temperature': 0.2, 'eps': 0.9}, 'yelp': {'layer_num': 3, 'reg_weight': 1e-05, 'cl_weight': 0.1, 'cl_temperature': 0.2, 'kd_weight': 0.01, 'kd_temperature': 0.1, 'eps': 0.9}, 'steam': {'layer_num': 3, 'reg_weight': 1e-05, 'cl_weight': 0.1, 'cl_temperature': 0.5, 'kd_weight': 0.01, 'kd_temperature': 0.2, 'eps': 0.2}}}
2025-09-29 10:47:19,813 - Epoch   0 Validation set [recall@5: 0.0168 recall@10: 0.0280 recall@20: 0.0445 ] [ndcg@5: 0.0200 ndcg@10: 0.0234 ndcg@20: 0.0289 ] 
2025-09-29 10:47:25,887 - Epoch   1 Validation set [recall@5: 0.0187 recall@10: 0.0300 recall@20: 0.0471 ] [ndcg@5: 0.0214 ndcg@10: 0.0248 ndcg@20: 0.0305 ] 
2025-09-29 10:47:31,475 - Epoch   2 Validation set [recall@5: 0.0219 recall@10: 0.0356 recall@20: 0.0582 ] [ndcg@5: 0.0259 ndcg@10: 0.0300 ndcg@20: 0.0375 ] 
2025-09-29 10:47:37,126 - Epoch   3 Validation set [recall@5: 0.0271 recall@10: 0.0463 recall@20: 0.0763 ] [ndcg@5: 0.0336 ndcg@10: 0.0394 ndcg@20: 0.0494 ] 
2025-09-29 10:47:42,680 - Epoch   4 Validation set [recall@5: 0.0355 recall@10: 0.0610 recall@20: 0.1005 ] [ndcg@5: 0.0430 ndcg@10: 0.0506 ndcg@20: 0.0639 ] 
2025-09-29 10:47:48,239 - Epoch   5 Validation set [recall@5: 0.0366 recall@10: 0.0611 recall@20: 0.0997 ] [ndcg@5: 0.0439 ndcg@10: 0.0513 ndcg@20: 0.0642 ] 
2025-09-29 10:47:53,901 - Epoch   6 Validation set [recall@5: 0.0380 recall@10: 0.0632 recall@20: 0.1026 ] [ndcg@5: 0.0454 ndcg@10: 0.0529 ndcg@20: 0.0661 ] 
2025-09-29 10:47:59,531 - Epoch   7 Validation set [recall@5: 0.0396 recall@10: 0.0663 recall@20: 0.1095 ] [ndcg@5: 0.0477 ndcg@10: 0.0555 ndcg@20: 0.0701 ] 
2025-09-29 10:48:05,218 - Epoch   8 Validation set [recall@5: 0.0410 recall@10: 0.0695 recall@20: 0.1138 ] [ndcg@5: 0.0494 ndcg@10: 0.0579 ndcg@20: 0.0729 ] 
2025-09-29 10:48:10,769 - Epoch   9 Validation set [recall@5: 0.0431 recall@10: 0.0716 recall@20: 0.1182 ] [ndcg@5: 0.0509 ndcg@10: 0.0594 ndcg@20: 0.0752 ] 
2025-09-29 10:48:16,409 - Epoch  10 Validation set [recall@5: 0.0448 recall@10: 0.0740 recall@20: 0.1215 ] [ndcg@5: 0.0526 ndcg@10: 0.0613 ndcg@20: 0.0773 ] 
2025-09-29 10:48:22,042 - Epoch  11 Validation set [recall@5: 0.0457 recall@10: 0.0758 recall@20: 0.1240 ] [ndcg@5: 0.0536 ndcg@10: 0.0626 ndcg@20: 0.0789 ] 
2025-09-29 10:48:27,610 - Epoch  12 Validation set [recall@5: 0.0463 recall@10: 0.0756 recall@20: 0.1266 ] [ndcg@5: 0.0543 ndcg@10: 0.0632 ndcg@20: 0.0803 ] 
2025-09-29 10:48:33,103 - Epoch  13 Validation set [recall@5: 0.0468 recall@10: 0.0773 recall@20: 0.1273 ] [ndcg@5: 0.0550 ndcg@10: 0.0643 ndcg@20: 0.0811 ] 
2025-09-29 10:48:38,665 - Epoch  14 Validation set [recall@5: 0.0475 recall@10: 0.0768 recall@20: 0.1292 ] [ndcg@5: 0.0556 ndcg@10: 0.0643 ndcg@20: 0.0820 ] 
2025-09-29 10:48:44,265 - Epoch  15 Validation set [recall@5: 0.0483 recall@10: 0.0780 recall@20: 0.1303 ] [ndcg@5: 0.0565 ndcg@10: 0.0653 ndcg@20: 0.0829 ] 
2025-09-29 10:48:49,966 - Epoch  16 Validation set [recall@5: 0.0483 recall@10: 0.0792 recall@20: 0.1303 ] [ndcg@5: 0.0569 ndcg@10: 0.0663 ndcg@20: 0.0834 ] 
2025-09-29 10:48:55,401 - Epoch  17 Validation set [recall@5: 0.0485 recall@10: 0.0798 recall@20: 0.1317 ] [ndcg@5: 0.0574 ndcg@10: 0.0670 ndcg@20: 0.0842 ] 
2025-09-29 10:49:00,913 - Epoch  18 Validation set [recall@5: 0.0486 recall@10: 0.0803 recall@20: 0.1317 ] [ndcg@5: 0.0575 ndcg@10: 0.0673 ndcg@20: 0.0844 ] 
2025-09-29 10:49:06,397 - Epoch  19 Validation set [recall@5: 0.0487 recall@10: 0.0814 recall@20: 0.1317 ] [ndcg@5: 0.0575 ndcg@10: 0.0676 ndcg@20: 0.0843 ] 
2025-09-29 10:49:12,093 - Epoch  20 Validation set [recall@5: 0.0486 recall@10: 0.0814 recall@20: 0.1313 ] [ndcg@5: 0.0574 ndcg@10: 0.0676 ndcg@20: 0.0843 ] 
2025-09-29 10:49:17,832 - Epoch  21 Validation set [recall@5: 0.0486 recall@10: 0.0819 recall@20: 0.1320 ] [ndcg@5: 0.0574 ndcg@10: 0.0678 ndcg@20: 0.0847 ] 
2025-09-29 10:49:23,652 - Epoch  22 Validation set [recall@5: 0.0488 recall@10: 0.0817 recall@20: 0.1336 ] [ndcg@5: 0.0576 ndcg@10: 0.0677 ndcg@20: 0.0850 ] 
2025-09-29 10:49:29,303 - Epoch  23 Validation set [recall@5: 0.0494 recall@10: 0.0821 recall@20: 0.1327 ] [ndcg@5: 0.0579 ndcg@10: 0.0680 ndcg@20: 0.0849 ] 
2025-09-29 10:49:34,866 - Epoch  24 Validation set [recall@5: 0.0497 recall@10: 0.0817 recall@20: 0.1334 ] [ndcg@5: 0.0580 ndcg@10: 0.0679 ndcg@20: 0.0852 ] 
2025-09-29 10:49:40,590 - Epoch  25 Validation set [recall@5: 0.0494 recall@10: 0.0816 recall@20: 0.1336 ] [ndcg@5: 0.0580 ndcg@10: 0.0680 ndcg@20: 0.0854 ] 
2025-09-29 10:49:46,088 - Epoch  26 Validation set [recall@5: 0.0492 recall@10: 0.0822 recall@20: 0.1328 ] [ndcg@5: 0.0582 ndcg@10: 0.0683 ndcg@20: 0.0853 ] 
2025-09-29 10:49:51,805 - Epoch  27 Validation set [recall@5: 0.0497 recall@10: 0.0824 recall@20: 0.1333 ] [ndcg@5: 0.0587 ndcg@10: 0.0686 ndcg@20: 0.0855 ] 
2025-09-29 10:49:53,770 - [recall@5: 0.0488 recall@10: 0.0817 recall@20: 0.1336 ] [ndcg@5: 0.0576 ndcg@10: 0.0677 ndcg@20: 0.0850 ] 
2025-09-29 10:49:55,701 - [recall@5: 0.0480 recall@10: 0.0805 recall@20: 0.1320 ] [ndcg@5: 0.0561 ndcg@10: 0.0662 ndcg@20: 0.0839 ] 
2025-09-29 10:49:55,721 - Save model parameters to ./encoder/checkpoint/simgcl_plus/simgcl_plus-yelp-2023.pth
2025-09-29 10:49:55,722 - Best Epoch 22. Final test result: {'recall': array([0.04800141, 0.08047697, 0.13201347]), 'ndcg': array([0.0560735 , 0.06621633, 0.0838576 ])}.
