2025-09-29 15:31:37,873 - {'optimizer': {'name': 'adam', 'lr': 0.001, 'weight_decay': 0}, 'train': {'epoch': 3000, 'batch_size': 4096, 'save_model': True, 'loss': 'pairwise', 'test_step': 1, 'reproducible': True, 'seed': 2023, 'patience': 5}, 'test': {'metrics': ['recall', 'ndcg'], 'k': [5, 10, 20], 'batch_size': 1024}, 'data': {'type': 'general_cf', 'name': 'yelp', 'user_num': 11091, 'item_num': 11010}, 'model': {'name': 'simgcl_plus', 'keep_rate': 1.0, 'embedding_size': 64, 'layer_num': 3, 'reg_weight': 1e-05, 'cl_weight': 0.1, 'cl_temperature': 0.2, 'kd_weight': 0.01, 'kd_temperature': 0.1, 'eps': 0.9, 'amazon': {'layer_num': 3, 'reg_weight': 1e-05, 'cl_weight': 0.1, 'cl_temperature': 0.2, 'kd_weight': 0.01, 'kd_temperature': 0.2, 'eps': 0.9}, 'yelp': {'layer_num': 3, 'reg_weight': 1e-05, 'cl_weight': 0.1, 'cl_temperature': 0.2, 'kd_weight': 0.01, 'kd_temperature': 0.1, 'eps': 0.9}, 'steam': {'layer_num': 3, 'reg_weight': 1e-05, 'cl_weight': 0.1, 'cl_temperature': 0.5, 'kd_weight': 0.01, 'kd_temperature': 0.2, 'eps': 0.2}}}
2025-09-29 15:31:44,819 - Epoch   0 Validation set [recall@5: 0.0168 recall@10: 0.0281 recall@20: 0.0444 ] [ndcg@5: 0.0199 ndcg@10: 0.0234 ndcg@20: 0.0288 ] 
2025-09-29 15:31:49,569 - Epoch   1 Validation set [recall@5: 0.0186 recall@10: 0.0302 recall@20: 0.0467 ] [ndcg@5: 0.0213 ndcg@10: 0.0249 ndcg@20: 0.0304 ] 
2025-09-29 15:31:54,614 - Epoch   2 Validation set [recall@5: 0.0217 recall@10: 0.0357 recall@20: 0.0579 ] [ndcg@5: 0.0258 ndcg@10: 0.0301 ndcg@20: 0.0374 ] 
2025-09-29 15:31:59,445 - Epoch   3 Validation set [recall@5: 0.0270 recall@10: 0.0460 recall@20: 0.0764 ] [ndcg@5: 0.0336 ndcg@10: 0.0393 ndcg@20: 0.0494 ] 
2025-09-29 15:32:04,295 - Epoch   4 Validation set [recall@5: 0.0358 recall@10: 0.0610 recall@20: 0.1006 ] [ndcg@5: 0.0432 ndcg@10: 0.0507 ndcg@20: 0.0639 ] 
2025-09-29 15:32:09,037 - Epoch   5 Validation set [recall@5: 0.0366 recall@10: 0.0612 recall@20: 0.0998 ] [ndcg@5: 0.0438 ndcg@10: 0.0513 ndcg@20: 0.0641 ] 
2025-09-29 15:32:14,198 - Epoch   6 Validation set [recall@5: 0.0380 recall@10: 0.0632 recall@20: 0.1028 ] [ndcg@5: 0.0454 ndcg@10: 0.0530 ndcg@20: 0.0662 ] 
2025-09-29 15:32:19,279 - Epoch   7 Validation set [recall@5: 0.0396 recall@10: 0.0661 recall@20: 0.1092 ] [ndcg@5: 0.0477 ndcg@10: 0.0555 ndcg@20: 0.0700 ] 
2025-09-29 15:32:24,501 - Epoch   8 Validation set [recall@5: 0.0410 recall@10: 0.0695 recall@20: 0.1138 ] [ndcg@5: 0.0494 ndcg@10: 0.0579 ndcg@20: 0.0728 ] 
2025-09-29 15:32:29,371 - Epoch   9 Validation set [recall@5: 0.0428 recall@10: 0.0721 recall@20: 0.1182 ] [ndcg@5: 0.0508 ndcg@10: 0.0597 ndcg@20: 0.0753 ] 
2025-09-29 15:32:35,203 - Epoch  10 Validation set [recall@5: 0.0448 recall@10: 0.0740 recall@20: 0.1213 ] [ndcg@5: 0.0526 ndcg@10: 0.0612 ndcg@20: 0.0773 ] 
2025-09-29 15:32:42,128 - Epoch  11 Validation set [recall@5: 0.0456 recall@10: 0.0758 recall@20: 0.1234 ] [ndcg@5: 0.0535 ndcg@10: 0.0626 ndcg@20: 0.0787 ] 
2025-09-29 15:32:47,536 - Epoch  12 Validation set [recall@5: 0.0468 recall@10: 0.0758 recall@20: 0.1265 ] [ndcg@5: 0.0545 ndcg@10: 0.0633 ndcg@20: 0.0803 ] 
2025-09-29 15:32:52,841 - Epoch  13 Validation set [recall@5: 0.0469 recall@10: 0.0775 recall@20: 0.1276 ] [ndcg@5: 0.0550 ndcg@10: 0.0643 ndcg@20: 0.0813 ] 
2025-09-29 15:32:57,750 - Epoch  14 Validation set [recall@5: 0.0481 recall@10: 0.0770 recall@20: 0.1292 ] [ndcg@5: 0.0558 ndcg@10: 0.0644 ndcg@20: 0.0820 ] 
2025-09-29 15:33:02,656 - Epoch  15 Validation set [recall@5: 0.0486 recall@10: 0.0780 recall@20: 0.1304 ] [ndcg@5: 0.0567 ndcg@10: 0.0653 ndcg@20: 0.0830 ] 
2025-09-29 15:33:07,500 - Epoch  16 Validation set [recall@5: 0.0485 recall@10: 0.0797 recall@20: 0.1304 ] [ndcg@5: 0.0570 ndcg@10: 0.0664 ndcg@20: 0.0835 ] 
2025-09-29 15:33:12,282 - Epoch  17 Validation set [recall@5: 0.0485 recall@10: 0.0800 recall@20: 0.1315 ] [ndcg@5: 0.0572 ndcg@10: 0.0669 ndcg@20: 0.0841 ] 
2025-09-29 15:33:18,073 - Epoch  18 Validation set [recall@5: 0.0486 recall@10: 0.0801 recall@20: 0.1318 ] [ndcg@5: 0.0574 ndcg@10: 0.0671 ndcg@20: 0.0844 ] 
2025-09-29 15:33:22,979 - Epoch  19 Validation set [recall@5: 0.0485 recall@10: 0.0809 recall@20: 0.1316 ] [ndcg@5: 0.0574 ndcg@10: 0.0674 ndcg@20: 0.0843 ] 
2025-09-29 15:33:27,734 - Epoch  20 Validation set [recall@5: 0.0487 recall@10: 0.0813 recall@20: 0.1317 ] [ndcg@5: 0.0576 ndcg@10: 0.0676 ndcg@20: 0.0845 ] 
2025-09-29 15:33:32,648 - Epoch  21 Validation set [recall@5: 0.0488 recall@10: 0.0816 recall@20: 0.1327 ] [ndcg@5: 0.0576 ndcg@10: 0.0677 ndcg@20: 0.0848 ] 
2025-09-29 15:33:37,416 - Epoch  22 Validation set [recall@5: 0.0489 recall@10: 0.0817 recall@20: 0.1329 ] [ndcg@5: 0.0577 ndcg@10: 0.0678 ndcg@20: 0.0849 ] 
2025-09-29 15:33:42,205 - Epoch  23 Validation set [recall@5: 0.0492 recall@10: 0.0817 recall@20: 0.1329 ] [ndcg@5: 0.0580 ndcg@10: 0.0680 ndcg@20: 0.0852 ] 
2025-09-29 15:33:47,078 - Epoch  24 Validation set [recall@5: 0.0502 recall@10: 0.0817 recall@20: 0.1338 ] [ndcg@5: 0.0585 ndcg@10: 0.0681 ndcg@20: 0.0855 ] 
2025-09-29 15:33:51,887 - Epoch  25 Validation set [recall@5: 0.0497 recall@10: 0.0819 recall@20: 0.1335 ] [ndcg@5: 0.0585 ndcg@10: 0.0683 ndcg@20: 0.0855 ] 
2025-09-29 15:33:56,713 - Epoch  26 Validation set [recall@5: 0.0494 recall@10: 0.0815 recall@20: 0.1328 ] [ndcg@5: 0.0584 ndcg@10: 0.0682 ndcg@20: 0.0853 ] 
2025-09-29 15:34:01,960 - Epoch  27 Validation set [recall@5: 0.0492 recall@10: 0.0818 recall@20: 0.1338 ] [ndcg@5: 0.0584 ndcg@10: 0.0684 ndcg@20: 0.0857 ] 
2025-09-29 15:34:06,723 - Epoch  28 Validation set [recall@5: 0.0497 recall@10: 0.0823 recall@20: 0.1336 ] [ndcg@5: 0.0586 ndcg@10: 0.0683 ndcg@20: 0.0855 ] 
2025-09-29 15:34:11,821 - Epoch  29 Validation set [recall@5: 0.0492 recall@10: 0.0821 recall@20: 0.1338 ] [ndcg@5: 0.0579 ndcg@10: 0.0679 ndcg@20: 0.0853 ] 
2025-09-29 15:34:18,662 - Epoch  30 Validation set [recall@5: 0.0494 recall@10: 0.0816 recall@20: 0.1339 ] [ndcg@5: 0.0578 ndcg@10: 0.0676 ndcg@20: 0.0851 ] 
2025-09-29 15:34:23,741 - Epoch  31 Validation set [recall@5: 0.0495 recall@10: 0.0817 recall@20: 0.1334 ] [ndcg@5: 0.0579 ndcg@10: 0.0677 ndcg@20: 0.0851 ] 
2025-09-29 15:34:28,638 - Epoch  32 Validation set [recall@5: 0.0498 recall@10: 0.0818 recall@20: 0.1337 ] [ndcg@5: 0.0582 ndcg@10: 0.0679 ndcg@20: 0.0853 ] 
2025-09-29 15:34:33,432 - Epoch  33 Validation set [recall@5: 0.0499 recall@10: 0.0827 recall@20: 0.1340 ] [ndcg@5: 0.0582 ndcg@10: 0.0684 ndcg@20: 0.0855 ] 
2025-09-29 15:34:38,284 - Epoch  34 Validation set [recall@5: 0.0502 recall@10: 0.0832 recall@20: 0.1345 ] [ndcg@5: 0.0581 ndcg@10: 0.0684 ndcg@20: 0.0855 ] 
2025-09-29 15:34:43,137 - Epoch  35 Validation set [recall@5: 0.0501 recall@10: 0.0833 recall@20: 0.1341 ] [ndcg@5: 0.0582 ndcg@10: 0.0684 ndcg@20: 0.0854 ] 
2025-09-29 15:34:47,929 - Epoch  36 Validation set [recall@5: 0.0505 recall@10: 0.0828 recall@20: 0.1344 ] [ndcg@5: 0.0586 ndcg@10: 0.0683 ndcg@20: 0.0856 ] 
2025-09-29 15:34:52,709 - Epoch  37 Validation set [recall@5: 0.0499 recall@10: 0.0824 recall@20: 0.1340 ] [ndcg@5: 0.0582 ndcg@10: 0.0681 ndcg@20: 0.0854 ] 
2025-09-29 15:34:57,521 - Epoch  38 Validation set [recall@5: 0.0494 recall@10: 0.0820 recall@20: 0.1345 ] [ndcg@5: 0.0579 ndcg@10: 0.0678 ndcg@20: 0.0853 ] 
2025-09-29 15:35:02,338 - Epoch  39 Validation set [recall@5: 0.0495 recall@10: 0.0815 recall@20: 0.1338 ] [ndcg@5: 0.0579 ndcg@10: 0.0677 ndcg@20: 0.0851 ] 
2025-09-29 15:35:07,076 - Epoch  40 Validation set [recall@5: 0.0500 recall@10: 0.0813 recall@20: 0.1328 ] [ndcg@5: 0.0581 ndcg@10: 0.0676 ndcg@20: 0.0848 ] 
2025-09-29 15:35:11,922 - Epoch  41 Validation set [recall@5: 0.0497 recall@10: 0.0814 recall@20: 0.1329 ] [ndcg@5: 0.0583 ndcg@10: 0.0679 ndcg@20: 0.0851 ] 
2025-09-29 15:35:17,095 - Epoch  42 Validation set [recall@5: 0.0498 recall@10: 0.0815 recall@20: 0.1327 ] [ndcg@5: 0.0584 ndcg@10: 0.0680 ndcg@20: 0.0851 ] 
2025-09-29 15:35:21,894 - Epoch  43 Validation set [recall@5: 0.0500 recall@10: 0.0814 recall@20: 0.1331 ] [ndcg@5: 0.0583 ndcg@10: 0.0678 ndcg@20: 0.0851 ] 
2025-09-29 15:35:23,423 - [recall@5: 0.0494 recall@10: 0.0820 recall@20: 0.1345 ] [ndcg@5: 0.0579 ndcg@10: 0.0678 ndcg@20: 0.0853 ] 
2025-09-29 15:35:24,952 - [recall@5: 0.0480 recall@10: 0.0812 recall@20: 0.1333 ] [ndcg@5: 0.0564 ndcg@10: 0.0667 ndcg@20: 0.0843 ] 
2025-09-29 15:35:24,964 - Save model parameters to ./encoder/checkpoint/simgcl_plus/simgcl_plus-yelp-2023.pth
2025-09-29 15:35:24,965 - Best Epoch 38. Final test result: {'recall': array([0.04802051, 0.08120965, 0.13326812]), 'ndcg': array([0.05643701, 0.06666931, 0.08430364])}.
