2025-09-28 15:24:15,817 - {'optimizer': {'name': 'adam', 'lr': 0.001, 'weight_decay': 0}, 'train': {'epoch': 3000, 'batch_size': 4096, 'save_model': True, 'loss': 'pairwise', 'test_step': 3, 'reproducible': True, 'seed': 2023, 'patience': 5}, 'test': {'metrics': ['recall', 'ndcg'], 'k': [5, 10, 20], 'batch_size': 1024}, 'data': {'type': 'general_cf', 'name': 'yelp', 'user_num': 11091, 'item_num': 11010}, 'model': {'name': 'simgcl_plus', 'keep_rate': 1.0, 'embedding_size': 32, 'layer_num': 3, 'reg_weight': 1e-05, 'cl_weight': 0.1, 'cl_temperature': 0.2, 'kd_weight': 0.01, 'kd_temperature': 0.2, 'eps': 0.9, 'amazon': {'layer_num': 3, 'reg_weight': 1e-05, 'cl_weight': 0.1, 'cl_temperature': 0.2, 'kd_weight': 0.01, 'kd_temperature': 0.2, 'eps': 0.9}, 'yelp': {'layer_num': 2, 'reg_weight': 1e-05, 'cl_weight': 0.1, 'cl_temperature': 0.2, 'kd_weight': 0.01, 'kd_temperature': 0.1, 'eps': 0.9}, 'steam': {'layer_num': 3, 'reg_weight': 1e-05, 'cl_weight': 0.1, 'cl_temperature': 0.5, 'kd_weight': 0.01, 'kd_temperature': 0.2, 'eps': 0.2}}}
2025-09-28 15:24:21,279 - Epoch   0 Validation set [recall@5: 0.0153 recall@10: 0.0247 recall@20: 0.0389 ] [ndcg@5: 0.0183 ndcg@10: 0.0209 ndcg@20: 0.0257 ] 
2025-09-28 15:24:31,743 - Epoch   3 Validation set [recall@5: 0.0198 recall@10: 0.0337 recall@20: 0.0524 ] [ndcg@5: 0.0233 ndcg@10: 0.0277 ndcg@20: 0.0339 ] 
2025-09-28 15:24:41,968 - Epoch   6 Validation set [recall@5: 0.0353 recall@10: 0.0600 recall@20: 0.0959 ] [ndcg@5: 0.0418 ndcg@10: 0.0492 ndcg@20: 0.0612 ] 
2025-09-28 15:24:52,262 - Epoch   9 Validation set [recall@5: 0.0391 recall@10: 0.0660 recall@20: 0.1069 ] [ndcg@5: 0.0466 ndcg@10: 0.0548 ndcg@20: 0.0684 ] 
2025-09-28 15:25:02,284 - Epoch  12 Validation set [recall@5: 0.0421 recall@10: 0.0705 recall@20: 0.1142 ] [ndcg@5: 0.0498 ndcg@10: 0.0585 ndcg@20: 0.0731 ] 
2025-09-28 15:25:12,151 - Epoch  15 Validation set [recall@5: 0.0442 recall@10: 0.0733 recall@20: 0.1200 ] [ndcg@5: 0.0520 ndcg@10: 0.0608 ndcg@20: 0.0765 ] 
2025-09-28 15:25:22,344 - Epoch  18 Validation set [recall@5: 0.0452 recall@10: 0.0740 recall@20: 0.1243 ] [ndcg@5: 0.0529 ndcg@10: 0.0618 ndcg@20: 0.0786 ] 
2025-09-28 15:25:32,462 - Epoch  21 Validation set [recall@5: 0.0462 recall@10: 0.0765 recall@20: 0.1261 ] [ndcg@5: 0.0537 ndcg@10: 0.0632 ndcg@20: 0.0796 ] 
2025-09-28 15:25:41,623 - Epoch  24 Validation set [recall@5: 0.0462 recall@10: 0.0777 recall@20: 0.1261 ] [ndcg@5: 0.0541 ndcg@10: 0.0638 ndcg@20: 0.0799 ] 
2025-09-28 15:25:50,955 - Epoch  27 Validation set [recall@5: 0.0466 recall@10: 0.0782 recall@20: 0.1262 ] [ndcg@5: 0.0547 ndcg@10: 0.0646 ndcg@20: 0.0805 ] 
2025-09-28 15:26:00,445 - Epoch  30 Validation set [recall@5: 0.0464 recall@10: 0.0793 recall@20: 0.1268 ] [ndcg@5: 0.0544 ndcg@10: 0.0650 ndcg@20: 0.0808 ] 
2025-09-28 15:26:09,773 - Epoch  33 Validation set [recall@5: 0.0467 recall@10: 0.0796 recall@20: 0.1277 ] [ndcg@5: 0.0548 ndcg@10: 0.0652 ndcg@20: 0.0813 ] 
2025-09-28 15:26:18,965 - Epoch  36 Validation set [recall@5: 0.0473 recall@10: 0.0794 recall@20: 0.1273 ] [ndcg@5: 0.0552 ndcg@10: 0.0653 ndcg@20: 0.0813 ] 
2025-09-28 15:26:28,461 - Epoch  39 Validation set [recall@5: 0.0476 recall@10: 0.0794 recall@20: 0.1277 ] [ndcg@5: 0.0554 ndcg@10: 0.0653 ndcg@20: 0.0815 ] 
2025-09-28 15:26:37,881 - Epoch  42 Validation set [recall@5: 0.0477 recall@10: 0.0795 recall@20: 0.1276 ] [ndcg@5: 0.0556 ndcg@10: 0.0655 ndcg@20: 0.0816 ] 
2025-09-28 15:26:47,065 - Epoch  45 Validation set [recall@5: 0.0471 recall@10: 0.0793 recall@20: 0.1261 ] [ndcg@5: 0.0557 ndcg@10: 0.0655 ndcg@20: 0.0813 ] 
2025-09-28 15:26:56,547 - Epoch  48 Validation set [recall@5: 0.0471 recall@10: 0.0795 recall@20: 0.1267 ] [ndcg@5: 0.0555 ndcg@10: 0.0656 ndcg@20: 0.0815 ] 
2025-09-28 15:26:58,535 - [recall@5: 0.0467 recall@10: 0.0796 recall@20: 0.1277 ] [ndcg@5: 0.0548 ndcg@10: 0.0652 ndcg@20: 0.0813 ] 
2025-09-28 15:27:00,328 - [recall@5: 0.0465 recall@10: 0.0774 recall@20: 0.1272 ] [ndcg@5: 0.0542 ndcg@10: 0.0636 ndcg@20: 0.0805 ] 
2025-09-28 15:27:00,337 - Save model parameters to ./encoder/checkpoint/simgcl_plus/simgcl_plus-yelp-2023.pth
2025-09-28 15:27:00,338 - Best Epoch 33. Final test result: {'recall': array([0.0464992 , 0.07743411, 0.12719127]), 'ndcg': array([0.0542052 , 0.06361559, 0.08051515])}.
