2025-09-29 16:10:54,573 - {'optimizer': {'name': 'adam', 'lr': 0.001, 'weight_decay': 0}, 'train': {'epoch': 3000, 'batch_size': 4096, 'save_model': True, 'loss': 'pairwise', 'test_step': 3, 'reproducible': True, 'seed': 2023, 'patience': 5}, 'test': {'metrics': ['recall', 'ndcg'], 'k': [5, 10, 20], 'batch_size': 1024}, 'data': {'type': 'general_cf', 'name': 'yelp', 'user_num': 11091, 'item_num': 11010}, 'model': {'name': 'simgcl_plus', 'keep_rate': 1.0, 'embedding_size': 64, 'layer_num': 3, 'reg_weight': 1e-05, 'cl_weight': 0.1, 'cl_temperature': 0.2, 'kd_weight': 0.01, 'kd_temperature': 0.1, 'eps': 0.9, 'amazon': {'layer_num': 3, 'reg_weight': 1e-05, 'cl_weight': 0.1, 'cl_temperature': 0.2, 'kd_weight': 0.01, 'kd_temperature': 0.2, 'eps': 0.9}, 'yelp': {'layer_num': 3, 'reg_weight': 1e-05, 'cl_weight': 0.1, 'cl_temperature': 0.2, 'kd_weight': 0.01, 'kd_temperature': 0.1, 'eps': 0.9}, 'steam': {'layer_num': 3, 'reg_weight': 1e-05, 'cl_weight': 0.1, 'cl_temperature': 0.5, 'kd_weight': 0.01, 'kd_temperature': 0.2, 'eps': 0.2}}}
2025-09-29 16:11:01,370 - Epoch   0 Validation set [recall@5: 0.0168 recall@10: 0.0281 recall@20: 0.0442 ] [ndcg@5: 0.0199 ndcg@10: 0.0233 ndcg@20: 0.0287 ] 
2025-09-29 16:11:13,973 - Epoch   3 Validation set [recall@5: 0.0268 recall@10: 0.0465 recall@20: 0.0766 ] [ndcg@5: 0.0334 ndcg@10: 0.0394 ndcg@20: 0.0494 ] 
2025-09-29 16:11:26,552 - Epoch   6 Validation set [recall@5: 0.0381 recall@10: 0.0631 recall@20: 0.1029 ] [ndcg@5: 0.0455 ndcg@10: 0.0529 ndcg@20: 0.0663 ] 
2025-09-29 16:11:39,246 - Epoch   9 Validation set [recall@5: 0.0431 recall@10: 0.0722 recall@20: 0.1179 ] [ndcg@5: 0.0508 ndcg@10: 0.0595 ndcg@20: 0.0750 ] 
2025-09-29 16:11:51,776 - Epoch  12 Validation set [recall@5: 0.0467 recall@10: 0.0764 recall@20: 0.1264 ] [ndcg@5: 0.0544 ndcg@10: 0.0635 ndcg@20: 0.0803 ] 
2025-09-29 16:12:04,760 - Epoch  15 Validation set [recall@5: 0.0482 recall@10: 0.0781 recall@20: 0.1302 ] [ndcg@5: 0.0566 ndcg@10: 0.0656 ndcg@20: 0.0831 ] 
2025-09-29 16:12:18,928 - Epoch  18 Validation set [recall@5: 0.0487 recall@10: 0.0803 recall@20: 0.1315 ] [ndcg@5: 0.0575 ndcg@10: 0.0672 ndcg@20: 0.0842 ] 
2025-09-29 16:12:32,889 - Epoch  21 Validation set [recall@5: 0.0486 recall@10: 0.0817 recall@20: 0.1330 ] [ndcg@5: 0.0575 ndcg@10: 0.0678 ndcg@20: 0.0849 ] 
2025-09-29 16:12:46,515 - Epoch  24 Validation set [recall@5: 0.0498 recall@10: 0.0822 recall@20: 0.1338 ] [ndcg@5: 0.0582 ndcg@10: 0.0682 ndcg@20: 0.0853 ] 
2025-09-29 16:12:59,104 - Epoch  27 Validation set [recall@5: 0.0495 recall@10: 0.0818 recall@20: 0.1334 ] [ndcg@5: 0.0585 ndcg@10: 0.0683 ndcg@20: 0.0855 ] 
2025-09-29 16:13:11,695 - Epoch  30 Validation set [recall@5: 0.0488 recall@10: 0.0818 recall@20: 0.1340 ] [ndcg@5: 0.0577 ndcg@10: 0.0677 ndcg@20: 0.0852 ] 
2025-09-29 16:13:24,321 - Epoch  33 Validation set [recall@5: 0.0495 recall@10: 0.0829 recall@20: 0.1342 ] [ndcg@5: 0.0578 ndcg@10: 0.0682 ndcg@20: 0.0853 ] 
2025-09-29 16:13:38,488 - Epoch  36 Validation set [recall@5: 0.0498 recall@10: 0.0826 recall@20: 0.1345 ] [ndcg@5: 0.0583 ndcg@10: 0.0683 ndcg@20: 0.0856 ] 
2025-09-29 16:13:52,308 - Epoch  39 Validation set [recall@5: 0.0493 recall@10: 0.0822 recall@20: 0.1333 ] [ndcg@5: 0.0578 ndcg@10: 0.0679 ndcg@20: 0.0850 ] 
2025-09-29 16:14:06,203 - Epoch  42 Validation set [recall@5: 0.0497 recall@10: 0.0810 recall@20: 0.1338 ] [ndcg@5: 0.0582 ndcg@10: 0.0677 ndcg@20: 0.0853 ] 
2025-09-29 16:14:18,924 - Epoch  45 Validation set [recall@5: 0.0494 recall@10: 0.0816 recall@20: 0.1330 ] [ndcg@5: 0.0579 ndcg@10: 0.0678 ndcg@20: 0.0849 ] 
2025-09-29 16:14:31,487 - Epoch  48 Validation set [recall@5: 0.0494 recall@10: 0.0813 recall@20: 0.1330 ] [ndcg@5: 0.0578 ndcg@10: 0.0676 ndcg@20: 0.0848 ] 
2025-09-29 16:14:44,136 - Epoch  51 Validation set [recall@5: 0.0486 recall@10: 0.0809 recall@20: 0.1322 ] [ndcg@5: 0.0571 ndcg@10: 0.0672 ndcg@20: 0.0843 ] 
2025-09-29 16:14:45,679 - [recall@5: 0.0498 recall@10: 0.0826 recall@20: 0.1345 ] [ndcg@5: 0.0583 ndcg@10: 0.0683 ndcg@20: 0.0856 ] 
2025-09-29 16:14:47,218 - [recall@5: 0.0486 recall@10: 0.0811 recall@20: 0.1329 ] [ndcg@5: 0.0566 ndcg@10: 0.0666 ndcg@20: 0.0842 ] 
2025-09-29 16:14:47,231 - Save model parameters to ./encoder/checkpoint/simgcl_plus/simgcl_plus-yelp-2023.pth
2025-09-29 16:14:47,231 - Best Epoch 36. Final test result: {'recall': array([0.04862736, 0.0811481 , 0.13291009]), 'ndcg': array([0.05664038, 0.06663245, 0.08421568])}.
