2025-10-01 17:18:41,649 - {'optimizer': {'name': 'adam', 'lr': 0.001, 'weight_decay': 0}, 'train': {'epoch': 3000, 'batch_size': 4096, 'save_model': False, 'loss': 'pairwise', 'test_step': 3, 'reproducible': True, 'seed': 2023, 'patience': 5}, 'test': {'metrics': ['recall', 'ndcg'], 'k': [5, 10, 20], 'batch_size': 1024}, 'data': {'type': 'general_cf', 'name': 'amazon', 'user_num': 11000, 'item_num': 9332}, 'model': {'name': 'lightgcn', 'keep_rate': 0.8, 'embedding_size': 64, 'layer_num': 9, 'reg_weight': 1e-06, 'amazon': {'layer_num': 9, 'reg_weight': 1e-06}, 'yelp': {'layer_num': 3, 'reg_weight': 1e-06}, 'steam': {'layer_num': 2, 'reg_weight': 1e-06}}}
2025-10-01 17:18:46,203 - Epoch   0 Validation set [recall@5: 0.0175 recall@10: 0.0287 recall@20: 0.0481 ] [ndcg@5: 0.0173 ndcg@10: 0.0212 ndcg@20: 0.0277 ] 
2025-10-01 17:18:53,865 - Epoch   3 Validation set [recall@5: 0.0217 recall@10: 0.0354 recall@20: 0.0575 ] [ndcg@5: 0.0221 ndcg@10: 0.0269 ndcg@20: 0.0341 ] 
2025-10-01 17:19:01,866 - Epoch   6 Validation set [recall@5: 0.0263 recall@10: 0.0426 recall@20: 0.0696 ] [ndcg@5: 0.0265 ndcg@10: 0.0321 ndcg@20: 0.0408 ] 
2025-10-01 17:19:08,559 - Epoch   9 Validation set [recall@5: 0.0292 recall@10: 0.0470 recall@20: 0.0756 ] [ndcg@5: 0.0300 ndcg@10: 0.0359 ndcg@20: 0.0451 ] 
2025-10-01 17:19:15,830 - Epoch  12 Validation set [recall@5: 0.0310 recall@10: 0.0495 recall@20: 0.0800 ] [ndcg@5: 0.0323 ndcg@10: 0.0385 ndcg@20: 0.0484 ] 
2025-10-01 17:19:22,795 - Epoch  15 Validation set [recall@5: 0.0336 recall@10: 0.0515 recall@20: 0.0848 ] [ndcg@5: 0.0342 ndcg@10: 0.0401 ndcg@20: 0.0509 ] 
2025-10-01 17:19:30,271 - Epoch  18 Validation set [recall@5: 0.0347 recall@10: 0.0540 recall@20: 0.0885 ] [ndcg@5: 0.0355 ndcg@10: 0.0419 ndcg@20: 0.0532 ] 
2025-10-01 17:19:37,966 - Epoch  21 Validation set [recall@5: 0.0359 recall@10: 0.0555 recall@20: 0.0938 ] [ndcg@5: 0.0367 ndcg@10: 0.0433 ndcg@20: 0.0557 ] 
2025-10-01 17:19:44,208 - Epoch  24 Validation set [recall@5: 0.0373 recall@10: 0.0599 recall@20: 0.0974 ] [ndcg@5: 0.0381 ndcg@10: 0.0458 ndcg@20: 0.0579 ] 
2025-10-01 17:19:51,974 - Epoch  27 Validation set [recall@5: 0.0390 recall@10: 0.0612 recall@20: 0.0994 ] [ndcg@5: 0.0394 ndcg@10: 0.0470 ndcg@20: 0.0593 ] 
2025-10-01 17:19:58,889 - Epoch  30 Validation set [recall@5: 0.0395 recall@10: 0.0632 recall@20: 0.1013 ] [ndcg@5: 0.0400 ndcg@10: 0.0483 ndcg@20: 0.0606 ] 
2025-10-01 17:20:06,271 - Epoch  33 Validation set [recall@5: 0.0404 recall@10: 0.0646 recall@20: 0.1022 ] [ndcg@5: 0.0411 ndcg@10: 0.0495 ndcg@20: 0.0618 ] 
2025-10-01 17:20:13,789 - Epoch  36 Validation set [recall@5: 0.0415 recall@10: 0.0668 recall@20: 0.1046 ] [ndcg@5: 0.0420 ndcg@10: 0.0508 ndcg@20: 0.0630 ] 
2025-10-01 17:20:20,588 - Epoch  39 Validation set [recall@5: 0.0422 recall@10: 0.0673 recall@20: 0.1060 ] [ndcg@5: 0.0428 ndcg@10: 0.0515 ndcg@20: 0.0641 ] 
2025-10-01 17:20:28,025 - Epoch  42 Validation set [recall@5: 0.0434 recall@10: 0.0691 recall@20: 0.1082 ] [ndcg@5: 0.0440 ndcg@10: 0.0527 ndcg@20: 0.0654 ] 
2025-10-01 17:20:34,884 - Epoch  45 Validation set [recall@5: 0.0440 recall@10: 0.0700 recall@20: 0.1095 ] [ndcg@5: 0.0442 ndcg@10: 0.0533 ndcg@20: 0.0661 ] 
2025-10-01 17:20:41,829 - Epoch  48 Validation set [recall@5: 0.0448 recall@10: 0.0703 recall@20: 0.1114 ] [ndcg@5: 0.0447 ndcg@10: 0.0534 ndcg@20: 0.0667 ] 
2025-10-01 17:20:48,681 - Epoch  51 Validation set [recall@5: 0.0449 recall@10: 0.0715 recall@20: 0.1123 ] [ndcg@5: 0.0450 ndcg@10: 0.0542 ndcg@20: 0.0674 ] 
2025-10-01 17:20:56,067 - Epoch  54 Validation set [recall@5: 0.0451 recall@10: 0.0721 recall@20: 0.1136 ] [ndcg@5: 0.0452 ndcg@10: 0.0546 ndcg@20: 0.0681 ] 
2025-10-01 17:21:02,857 - Epoch  57 Validation set [recall@5: 0.0457 recall@10: 0.0725 recall@20: 0.1146 ] [ndcg@5: 0.0458 ndcg@10: 0.0551 ndcg@20: 0.0687 ] 
2025-10-01 17:21:10,279 - Epoch  60 Validation set [recall@5: 0.0462 recall@10: 0.0738 recall@20: 0.1156 ] [ndcg@5: 0.0465 ndcg@10: 0.0560 ndcg@20: 0.0695 ] 
2025-10-01 17:21:17,755 - Epoch  63 Validation set [recall@5: 0.0467 recall@10: 0.0748 recall@20: 0.1170 ] [ndcg@5: 0.0470 ndcg@10: 0.0567 ndcg@20: 0.0704 ] 
2025-10-01 17:21:24,841 - Epoch  66 Validation set [recall@5: 0.0478 recall@10: 0.0751 recall@20: 0.1176 ] [ndcg@5: 0.0478 ndcg@10: 0.0572 ndcg@20: 0.0709 ] 
2025-10-01 17:21:32,241 - Epoch  69 Validation set [recall@5: 0.0479 recall@10: 0.0755 recall@20: 0.1185 ] [ndcg@5: 0.0479 ndcg@10: 0.0575 ndcg@20: 0.0714 ] 
2025-10-01 17:21:38,880 - Epoch  72 Validation set [recall@5: 0.0484 recall@10: 0.0766 recall@20: 0.1207 ] [ndcg@5: 0.0483 ndcg@10: 0.0581 ndcg@20: 0.0724 ] 
2025-10-01 17:21:46,626 - Epoch  75 Validation set [recall@5: 0.0488 recall@10: 0.0768 recall@20: 0.1213 ] [ndcg@5: 0.0489 ndcg@10: 0.0586 ndcg@20: 0.0730 ] 
2025-10-01 17:21:54,465 - Epoch  78 Validation set [recall@5: 0.0490 recall@10: 0.0780 recall@20: 0.1219 ] [ndcg@5: 0.0493 ndcg@10: 0.0592 ndcg@20: 0.0734 ] 
2025-10-01 17:22:01,330 - Epoch  81 Validation set [recall@5: 0.0497 recall@10: 0.0784 recall@20: 0.1227 ] [ndcg@5: 0.0495 ndcg@10: 0.0594 ndcg@20: 0.0737 ] 
2025-10-01 17:22:08,883 - Epoch  84 Validation set [recall@5: 0.0494 recall@10: 0.0785 recall@20: 0.1232 ] [ndcg@5: 0.0496 ndcg@10: 0.0595 ndcg@20: 0.0741 ] 
2025-10-01 17:22:16,183 - Epoch  87 Validation set [recall@5: 0.0499 recall@10: 0.0799 recall@20: 0.1239 ] [ndcg@5: 0.0501 ndcg@10: 0.0604 ndcg@20: 0.0748 ] 
2025-10-01 17:22:23,531 - Epoch  90 Validation set [recall@5: 0.0506 recall@10: 0.0803 recall@20: 0.1245 ] [ndcg@5: 0.0504 ndcg@10: 0.0607 ndcg@20: 0.0750 ] 
2025-10-01 17:22:31,273 - Epoch  93 Validation set [recall@5: 0.0512 recall@10: 0.0810 recall@20: 0.1244 ] [ndcg@5: 0.0507 ndcg@10: 0.0608 ndcg@20: 0.0751 ] 
2025-10-01 17:22:37,678 - Epoch  96 Validation set [recall@5: 0.0510 recall@10: 0.0813 recall@20: 0.1256 ] [ndcg@5: 0.0510 ndcg@10: 0.0615 ndcg@20: 0.0759 ] 
2025-10-01 17:22:45,202 - Epoch  99 Validation set [recall@5: 0.0505 recall@10: 0.0819 recall@20: 0.1266 ] [ndcg@5: 0.0510 ndcg@10: 0.0618 ndcg@20: 0.0765 ] 
2025-10-01 17:22:52,451 - Epoch 102 Validation set [recall@5: 0.0510 recall@10: 0.0823 recall@20: 0.1276 ] [ndcg@5: 0.0513 ndcg@10: 0.0621 ndcg@20: 0.0769 ] 
2025-10-01 17:22:59,718 - Epoch 105 Validation set [recall@5: 0.0513 recall@10: 0.0823 recall@20: 0.1286 ] [ndcg@5: 0.0512 ndcg@10: 0.0619 ndcg@20: 0.0769 ] 
2025-10-01 17:23:07,550 - Epoch 108 Validation set [recall@5: 0.0513 recall@10: 0.0823 recall@20: 0.1286 ] [ndcg@5: 0.0514 ndcg@10: 0.0621 ndcg@20: 0.0772 ] 
2025-10-01 17:23:14,445 - Epoch 111 Validation set [recall@5: 0.0519 recall@10: 0.0830 recall@20: 0.1295 ] [ndcg@5: 0.0516 ndcg@10: 0.0624 ndcg@20: 0.0776 ] 
2025-10-01 17:23:21,592 - Epoch 114 Validation set [recall@5: 0.0529 recall@10: 0.0843 recall@20: 0.1296 ] [ndcg@5: 0.0526 ndcg@10: 0.0634 ndcg@20: 0.0782 ] 
2025-10-01 17:23:28,176 - Epoch 117 Validation set [recall@5: 0.0525 recall@10: 0.0843 recall@20: 0.1301 ] [ndcg@5: 0.0523 ndcg@10: 0.0633 ndcg@20: 0.0782 ] 
2025-10-01 17:23:35,597 - Epoch 120 Validation set [recall@5: 0.0528 recall@10: 0.0844 recall@20: 0.1310 ] [ndcg@5: 0.0526 ndcg@10: 0.0634 ndcg@20: 0.0786 ] 
2025-10-01 17:23:42,874 - Epoch 123 Validation set [recall@5: 0.0533 recall@10: 0.0848 recall@20: 0.1311 ] [ndcg@5: 0.0530 ndcg@10: 0.0637 ndcg@20: 0.0788 ] 
2025-10-01 17:23:50,131 - Epoch 126 Validation set [recall@5: 0.0530 recall@10: 0.0845 recall@20: 0.1320 ] [ndcg@5: 0.0529 ndcg@10: 0.0636 ndcg@20: 0.0790 ] 
2025-10-01 17:23:57,563 - Epoch 129 Validation set [recall@5: 0.0537 recall@10: 0.0849 recall@20: 0.1334 ] [ndcg@5: 0.0535 ndcg@10: 0.0640 ndcg@20: 0.0798 ] 
2025-10-01 17:24:04,773 - Epoch 132 Validation set [recall@5: 0.0535 recall@10: 0.0851 recall@20: 0.1324 ] [ndcg@5: 0.0533 ndcg@10: 0.0641 ndcg@20: 0.0795 ] 
2025-10-01 17:24:12,491 - Epoch 135 Validation set [recall@5: 0.0535 recall@10: 0.0852 recall@20: 0.1326 ] [ndcg@5: 0.0532 ndcg@10: 0.0641 ndcg@20: 0.0795 ] 
2025-10-01 17:24:19,984 - Epoch 138 Validation set [recall@5: 0.0536 recall@10: 0.0849 recall@20: 0.1339 ] [ndcg@5: 0.0532 ndcg@10: 0.0640 ndcg@20: 0.0799 ] 
2025-10-01 17:24:27,302 - Epoch 141 Validation set [recall@5: 0.0535 recall@10: 0.0853 recall@20: 0.1330 ] [ndcg@5: 0.0533 ndcg@10: 0.0643 ndcg@20: 0.0799 ] 
2025-10-01 17:24:34,292 - Epoch 144 Validation set [recall@5: 0.0538 recall@10: 0.0869 recall@20: 0.1331 ] [ndcg@5: 0.0534 ndcg@10: 0.0648 ndcg@20: 0.0800 ] 
2025-10-01 17:24:41,814 - Epoch 147 Validation set [recall@5: 0.0539 recall@10: 0.0863 recall@20: 0.1344 ] [ndcg@5: 0.0537 ndcg@10: 0.0648 ndcg@20: 0.0805 ] 
2025-10-01 17:24:49,302 - Epoch 150 Validation set [recall@5: 0.0539 recall@10: 0.0856 recall@20: 0.1355 ] [ndcg@5: 0.0539 ndcg@10: 0.0647 ndcg@20: 0.0810 ] 
2025-10-01 17:24:56,963 - Epoch 153 Validation set [recall@5: 0.0541 recall@10: 0.0861 recall@20: 0.1351 ] [ndcg@5: 0.0540 ndcg@10: 0.0652 ndcg@20: 0.0811 ] 
2025-10-01 17:25:04,077 - Epoch 156 Validation set [recall@5: 0.0543 recall@10: 0.0868 recall@20: 0.1350 ] [ndcg@5: 0.0541 ndcg@10: 0.0654 ndcg@20: 0.0812 ] 
2025-10-01 17:25:11,662 - Epoch 159 Validation set [recall@5: 0.0547 recall@10: 0.0864 recall@20: 0.1347 ] [ndcg@5: 0.0542 ndcg@10: 0.0652 ndcg@20: 0.0810 ] 
2025-10-01 17:25:19,423 - Epoch 162 Validation set [recall@5: 0.0544 recall@10: 0.0868 recall@20: 0.1355 ] [ndcg@5: 0.0542 ndcg@10: 0.0655 ndcg@20: 0.0814 ] 
2025-10-01 17:25:26,820 - Epoch 165 Validation set [recall@5: 0.0543 recall@10: 0.0868 recall@20: 0.1362 ] [ndcg@5: 0.0543 ndcg@10: 0.0655 ndcg@20: 0.0816 ] 
2025-10-01 17:25:34,013 - Epoch 168 Validation set [recall@5: 0.0551 recall@10: 0.0877 recall@20: 0.1368 ] [ndcg@5: 0.0546 ndcg@10: 0.0659 ndcg@20: 0.0818 ] 
2025-10-01 17:25:41,254 - Epoch 171 Validation set [recall@5: 0.0552 recall@10: 0.0878 recall@20: 0.1371 ] [ndcg@5: 0.0549 ndcg@10: 0.0661 ndcg@20: 0.0822 ] 
2025-10-01 17:25:48,691 - Epoch 174 Validation set [recall@5: 0.0554 recall@10: 0.0878 recall@20: 0.1375 ] [ndcg@5: 0.0549 ndcg@10: 0.0659 ndcg@20: 0.0821 ] 
2025-10-01 17:25:56,082 - Epoch 177 Validation set [recall@5: 0.0555 recall@10: 0.0877 recall@20: 0.1378 ] [ndcg@5: 0.0549 ndcg@10: 0.0660 ndcg@20: 0.0823 ] 
2025-10-01 17:26:03,271 - Epoch 180 Validation set [recall@5: 0.0554 recall@10: 0.0876 recall@20: 0.1375 ] [ndcg@5: 0.0551 ndcg@10: 0.0662 ndcg@20: 0.0824 ] 
2025-10-01 17:26:10,635 - Epoch 183 Validation set [recall@5: 0.0553 recall@10: 0.0880 recall@20: 0.1369 ] [ndcg@5: 0.0546 ndcg@10: 0.0661 ndcg@20: 0.0820 ] 
2025-10-01 17:26:17,715 - Epoch 186 Validation set [recall@5: 0.0551 recall@10: 0.0887 recall@20: 0.1375 ] [ndcg@5: 0.0543 ndcg@10: 0.0662 ndcg@20: 0.0821 ] 
2025-10-01 17:26:25,434 - Epoch 189 Validation set [recall@5: 0.0550 recall@10: 0.0883 recall@20: 0.1369 ] [ndcg@5: 0.0542 ndcg@10: 0.0659 ndcg@20: 0.0818 ] 
2025-10-01 17:26:32,525 - Epoch 192 Validation set [recall@5: 0.0546 recall@10: 0.0875 recall@20: 0.1374 ] [ndcg@5: 0.0541 ndcg@10: 0.0657 ndcg@20: 0.0820 ] 
2025-10-01 17:26:34,269 - [recall@5: 0.0555 recall@10: 0.0877 recall@20: 0.1378 ] [ndcg@5: 0.0549 ndcg@10: 0.0660 ndcg@20: 0.0823 ] 
2025-10-01 17:26:36,015 - [recall@5: 0.0556 recall@10: 0.0867 recall@20: 0.1350 ] [ndcg@5: 0.0556 ndcg@10: 0.0662 ndcg@20: 0.0820 ] 
2025-10-01 17:26:36,016 - Best Epoch 177. Final test result: {'recall': array([0.05557841, 0.08672879, 0.13504344]), 'ndcg': array([0.05560193, 0.0661515 , 0.08196701])}.
