2025-10-01 16:20:57,420 - {'optimizer': {'name': 'adam', 'lr': 0.001, 'weight_decay': 0}, 'train': {'epoch': 3000, 'batch_size': 4096, 'save_model': False, 'loss': 'pairwise', 'test_step': 3, 'reproducible': True, 'seed': 2023, 'patience': 5}, 'test': {'metrics': ['recall', 'ndcg'], 'k': [5, 10, 20], 'batch_size': 1024}, 'data': {'type': 'general_cf', 'name': 'amazon', 'user_num': 11000, 'item_num': 9332}, 'model': {'name': 'lightgcn', 'keep_rate': 0.8, 'embedding_size': 64, 'layer_num': 2, 'reg_weight': 1e-06, 'amazon': {'layer_num': 2, 'reg_weight': 1e-06}, 'yelp': {'layer_num': 3, 'reg_weight': 1e-06}, 'steam': {'layer_num': 2, 'reg_weight': 1e-06}}}
2025-10-01 16:21:02,973 - Epoch   0 Validation set [recall@5: 0.0245 recall@10: 0.0400 recall@20: 0.0607 ] [ndcg@5: 0.0242 ndcg@10: 0.0298 ndcg@20: 0.0366 ] 
2025-10-01 16:21:09,306 - 
Traceback (most recent call last):
  File "/root/RLMRec/encoder/trainer/utils.py", line 15, in wrapper
    return func(*args, **kwargs)
  File "/root/RLMRec/encoder/trainer/trainer.py", line 85, in train
    self.train_epoch(model, epoch_idx)
  File "/root/RLMRec/encoder/trainer/trainer.py", line 60, in train_epoch
    loss, loss_dict = model.cal_loss(batch_data)
  File "/root/RLMRec/encoder/models/general_cf/lightgcn.py", line 48, in cal_loss
    user_embeds, item_embeds = self.forward(self.adj, self.keep_rate)
  File "/root/RLMRec/encoder/models/general_cf/lightgcn.py", line 38, in forward
    adj = self.edge_dropper(adj, keep_rate)
  File "/root/miniconda3/envs/agcf/lib/python3.10/site-packages/torch/nn/modules/module.py", line 1532, in _wrapped_call_impl
    return self._call_impl(*args, **kwargs)
  File "/root/miniconda3/envs/agcf/lib/python3.10/site-packages/torch/nn/modules/module.py", line 1541, in _call_impl
    return forward_call(*args, **kwargs)
  File "/root/RLMRec/encoder/models/model_utils.py", line 16, in forward
    newVals = vals[mask]# / keep_rate
  File "/root/RLMRec/encoder/models/model_utils.py", line 16, in forward
    newVals = vals[mask]# / keep_rate
  File "/root/miniconda3/envs/agcf/lib/python3.10/bdb.py", line 90, in trace_dispatch
    return self.dispatch_line(frame)
  File "/root/miniconda3/envs/agcf/lib/python3.10/bdb.py", line 115, in dispatch_line
    if self.quitting: raise BdbQuit
bdb.BdbQuit
