2025-10-01 17:00:02,184 - {'optimizer': {'name': 'adam', 'lr': 0.001, 'weight_decay': 0}, 'train': {'epoch': 3000, 'batch_size': 4096, 'save_model': False, 'loss': 'pairwise', 'test_step': 3, 'reproducible': True, 'seed': 2023, 'patience': 5}, 'test': {'metrics': ['recall', 'ndcg'], 'k': [5, 10, 20], 'batch_size': 1024}, 'data': {'type': 'general_cf', 'name': 'amazon', 'user_num': 11000, 'item_num': 9332}, 'model': {'name': 'lightgcn', 'keep_rate': 0.8, 'embedding_size': 64, 'layer_num': 7, 'reg_weight': 1e-06, 'amazon': {'layer_num': 7, 'reg_weight': 1e-06}, 'yelp': {'layer_num': 3, 'reg_weight': 1e-06}, 'steam': {'layer_num': 2, 'reg_weight': 1e-06}}}
2025-10-01 17:00:08,363 - Epoch   0 Validation set [recall@5: 0.0179 recall@10: 0.0296 recall@20: 0.0501 ] [ndcg@5: 0.0180 ndcg@10: 0.0222 ndcg@20: 0.0289 ] 
2025-10-01 17:00:17,062 - Epoch   3 Validation set [recall@5: 0.0217 recall@10: 0.0360 recall@20: 0.0585 ] [ndcg@5: 0.0222 ndcg@10: 0.0271 ndcg@20: 0.0345 ] 
2025-10-01 17:00:27,145 - Epoch   6 Validation set [recall@5: 0.0280 recall@10: 0.0445 recall@20: 0.0717 ] [ndcg@5: 0.0279 ndcg@10: 0.0335 ndcg@20: 0.0423 ] 
2025-10-01 17:00:36,751 - Epoch   9 Validation set [recall@5: 0.0305 recall@10: 0.0479 recall@20: 0.0779 ] [ndcg@5: 0.0316 ndcg@10: 0.0374 ndcg@20: 0.0472 ] 
2025-10-01 17:00:45,972 - Epoch  12 Validation set [recall@5: 0.0325 recall@10: 0.0507 recall@20: 0.0834 ] [ndcg@5: 0.0337 ndcg@10: 0.0397 ndcg@20: 0.0503 ] 
2025-10-01 17:00:55,267 - Epoch  15 Validation set [recall@5: 0.0353 recall@10: 0.0536 recall@20: 0.0883 ] [ndcg@5: 0.0358 ndcg@10: 0.0418 ndcg@20: 0.0529 ] 
2025-10-01 17:01:05,160 - Epoch  18 Validation set [recall@5: 0.0363 recall@10: 0.0571 recall@20: 0.0932 ] [ndcg@5: 0.0369 ndcg@10: 0.0440 ndcg@20: 0.0556 ] 
2025-10-01 17:01:13,873 - Epoch  21 Validation set [recall@5: 0.0376 recall@10: 0.0600 recall@20: 0.0977 ] [ndcg@5: 0.0382 ndcg@10: 0.0458 ndcg@20: 0.0580 ] 
2025-10-01 17:01:23,640 - Epoch  24 Validation set [recall@5: 0.0398 recall@10: 0.0637 recall@20: 0.1007 ] [ndcg@5: 0.0404 ndcg@10: 0.0485 ndcg@20: 0.0605 ] 
2025-10-01 17:01:33,197 - Epoch  27 Validation set [recall@5: 0.0409 recall@10: 0.0657 recall@20: 0.1041 ] [ndcg@5: 0.0419 ndcg@10: 0.0503 ndcg@20: 0.0627 ] 
2025-10-01 17:01:41,536 - Epoch  30 Validation set [recall@5: 0.0423 recall@10: 0.0670 recall@20: 0.1062 ] [ndcg@5: 0.0428 ndcg@10: 0.0513 ndcg@20: 0.0640 ] 
2025-10-01 17:01:50,729 - Epoch  33 Validation set [recall@5: 0.0433 recall@10: 0.0678 recall@20: 0.1073 ] [ndcg@5: 0.0435 ndcg@10: 0.0517 ndcg@20: 0.0645 ] 
2025-10-01 17:01:57,676 - Epoch  36 Validation set [recall@5: 0.0439 recall@10: 0.0704 recall@20: 0.1097 ] [ndcg@5: 0.0443 ndcg@10: 0.0535 ndcg@20: 0.0661 ] 
2025-10-01 17:02:03,781 - Epoch  39 Validation set [recall@5: 0.0453 recall@10: 0.0713 recall@20: 0.1116 ] [ndcg@5: 0.0455 ndcg@10: 0.0543 ndcg@20: 0.0674 ] 
2025-10-01 17:02:10,700 - Epoch  42 Validation set [recall@5: 0.0466 recall@10: 0.0726 recall@20: 0.1129 ] [ndcg@5: 0.0465 ndcg@10: 0.0552 ndcg@20: 0.0683 ] 
2025-10-01 17:02:18,450 - Epoch  45 Validation set [recall@5: 0.0474 recall@10: 0.0736 recall@20: 0.1146 ] [ndcg@5: 0.0472 ndcg@10: 0.0561 ndcg@20: 0.0693 ] 
2025-10-01 17:02:25,468 - Epoch  48 Validation set [recall@5: 0.0476 recall@10: 0.0738 recall@20: 0.1162 ] [ndcg@5: 0.0472 ndcg@10: 0.0559 ndcg@20: 0.0697 ] 
2025-10-01 17:02:33,319 - Epoch  51 Validation set [recall@5: 0.0472 recall@10: 0.0755 recall@20: 0.1176 ] [ndcg@5: 0.0473 ndcg@10: 0.0569 ndcg@20: 0.0706 ] 
2025-10-01 17:02:42,905 - Epoch  54 Validation set [recall@5: 0.0480 recall@10: 0.0764 recall@20: 0.1197 ] [ndcg@5: 0.0477 ndcg@10: 0.0575 ndcg@20: 0.0715 ] 
2025-10-01 17:02:51,881 - Epoch  57 Validation set [recall@5: 0.0481 recall@10: 0.0765 recall@20: 0.1205 ] [ndcg@5: 0.0480 ndcg@10: 0.0578 ndcg@20: 0.0721 ] 
2025-10-01 17:03:01,085 - Epoch  60 Validation set [recall@5: 0.0493 recall@10: 0.0775 recall@20: 0.1215 ] [ndcg@5: 0.0491 ndcg@10: 0.0587 ndcg@20: 0.0729 ] 
2025-10-01 17:03:09,570 - Epoch  63 Validation set [recall@5: 0.0503 recall@10: 0.0786 recall@20: 0.1228 ] [ndcg@5: 0.0500 ndcg@10: 0.0595 ndcg@20: 0.0739 ] 
2025-10-01 17:03:19,531 - Epoch  66 Validation set [recall@5: 0.0505 recall@10: 0.0791 recall@20: 0.1234 ] [ndcg@5: 0.0503 ndcg@10: 0.0599 ndcg@20: 0.0743 ] 
2025-10-01 17:03:28,729 - Epoch  69 Validation set [recall@5: 0.0506 recall@10: 0.0797 recall@20: 0.1247 ] [ndcg@5: 0.0506 ndcg@10: 0.0605 ndcg@20: 0.0750 ] 
2025-10-01 17:03:38,005 - Epoch  72 Validation set [recall@5: 0.0509 recall@10: 0.0811 recall@20: 0.1263 ] [ndcg@5: 0.0509 ndcg@10: 0.0613 ndcg@20: 0.0759 ] 
2025-10-01 17:03:47,728 - Epoch  75 Validation set [recall@5: 0.0517 recall@10: 0.0807 recall@20: 0.1273 ] [ndcg@5: 0.0514 ndcg@10: 0.0614 ndcg@20: 0.0765 ] 
2025-10-01 17:03:56,900 - Epoch  78 Validation set [recall@5: 0.0519 recall@10: 0.0818 recall@20: 0.1282 ] [ndcg@5: 0.0519 ndcg@10: 0.0622 ndcg@20: 0.0772 ] 
2025-10-01 17:04:05,812 - Epoch  81 Validation set [recall@5: 0.0517 recall@10: 0.0832 recall@20: 0.1291 ] [ndcg@5: 0.0516 ndcg@10: 0.0625 ndcg@20: 0.0773 ] 
2025-10-01 17:04:14,662 - Epoch  84 Validation set [recall@5: 0.0523 recall@10: 0.0840 recall@20: 0.1303 ] [ndcg@5: 0.0523 ndcg@10: 0.0632 ndcg@20: 0.0782 ] 
2025-10-01 17:04:24,074 - Epoch  87 Validation set [recall@5: 0.0526 recall@10: 0.0846 recall@20: 0.1306 ] [ndcg@5: 0.0527 ndcg@10: 0.0637 ndcg@20: 0.0786 ] 
2025-10-01 17:04:32,742 - Epoch  90 Validation set [recall@5: 0.0526 recall@10: 0.0844 recall@20: 0.1311 ] [ndcg@5: 0.0531 ndcg@10: 0.0639 ndcg@20: 0.0790 ] 
2025-10-01 17:04:42,451 - Epoch  93 Validation set [recall@5: 0.0536 recall@10: 0.0847 recall@20: 0.1312 ] [ndcg@5: 0.0533 ndcg@10: 0.0639 ndcg@20: 0.0790 ] 
2025-10-01 17:04:51,598 - Epoch  96 Validation set [recall@5: 0.0541 recall@10: 0.0859 recall@20: 0.1323 ] [ndcg@5: 0.0538 ndcg@10: 0.0645 ndcg@20: 0.0797 ] 
2025-10-01 17:05:00,478 - Epoch  99 Validation set [recall@5: 0.0536 recall@10: 0.0868 recall@20: 0.1332 ] [ndcg@5: 0.0536 ndcg@10: 0.0651 ndcg@20: 0.0801 ] 
2025-10-01 17:05:10,164 - Epoch 102 Validation set [recall@5: 0.0539 recall@10: 0.0874 recall@20: 0.1347 ] [ndcg@5: 0.0539 ndcg@10: 0.0656 ndcg@20: 0.0809 ] 
2025-10-01 17:05:19,565 - Epoch 105 Validation set [recall@5: 0.0549 recall@10: 0.0875 recall@20: 0.1355 ] [ndcg@5: 0.0541 ndcg@10: 0.0654 ndcg@20: 0.0810 ] 
2025-10-01 17:05:28,782 - Epoch 108 Validation set [recall@5: 0.0556 recall@10: 0.0869 recall@20: 0.1350 ] [ndcg@5: 0.0549 ndcg@10: 0.0656 ndcg@20: 0.0814 ] 
2025-10-01 17:05:37,204 - Epoch 111 Validation set [recall@5: 0.0557 recall@10: 0.0879 recall@20: 0.1354 ] [ndcg@5: 0.0548 ndcg@10: 0.0660 ndcg@20: 0.0814 ] 
2025-10-01 17:05:44,408 - Epoch 114 Validation set [recall@5: 0.0559 recall@10: 0.0889 recall@20: 0.1361 ] [ndcg@5: 0.0555 ndcg@10: 0.0668 ndcg@20: 0.0822 ] 
2025-10-01 17:05:51,429 - Epoch 117 Validation set [recall@5: 0.0553 recall@10: 0.0892 recall@20: 0.1373 ] [ndcg@5: 0.0550 ndcg@10: 0.0668 ndcg@20: 0.0824 ] 
2025-10-01 17:05:58,638 - Epoch 120 Validation set [recall@5: 0.0561 recall@10: 0.0892 recall@20: 0.1372 ] [ndcg@5: 0.0555 ndcg@10: 0.0670 ndcg@20: 0.0826 ] 
2025-10-01 17:06:06,039 - Epoch 123 Validation set [recall@5: 0.0563 recall@10: 0.0893 recall@20: 0.1371 ] [ndcg@5: 0.0555 ndcg@10: 0.0670 ndcg@20: 0.0827 ] 
2025-10-01 17:06:12,180 - Epoch 126 Validation set [recall@5: 0.0561 recall@10: 0.0895 recall@20: 0.1377 ] [ndcg@5: 0.0555 ndcg@10: 0.0672 ndcg@20: 0.0829 ] 
2025-10-01 17:06:19,457 - Epoch 129 Validation set [recall@5: 0.0573 recall@10: 0.0905 recall@20: 0.1390 ] [ndcg@5: 0.0564 ndcg@10: 0.0678 ndcg@20: 0.0836 ] 
2025-10-01 17:06:26,540 - Epoch 132 Validation set [recall@5: 0.0564 recall@10: 0.0897 recall@20: 0.1388 ] [ndcg@5: 0.0559 ndcg@10: 0.0675 ndcg@20: 0.0835 ] 
2025-10-01 17:06:32,651 - Epoch 135 Validation set [recall@5: 0.0563 recall@10: 0.0895 recall@20: 0.1388 ] [ndcg@5: 0.0560 ndcg@10: 0.0676 ndcg@20: 0.0837 ] 
2025-10-01 17:06:39,937 - Epoch 138 Validation set [recall@5: 0.0566 recall@10: 0.0904 recall@20: 0.1391 ] [ndcg@5: 0.0562 ndcg@10: 0.0679 ndcg@20: 0.0839 ] 
2025-10-01 17:06:46,959 - Epoch 141 Validation set [recall@5: 0.0567 recall@10: 0.0903 recall@20: 0.1395 ] [ndcg@5: 0.0564 ndcg@10: 0.0680 ndcg@20: 0.0841 ] 
2025-10-01 17:06:53,569 - Epoch 144 Validation set [recall@5: 0.0573 recall@10: 0.0910 recall@20: 0.1403 ] [ndcg@5: 0.0567 ndcg@10: 0.0683 ndcg@20: 0.0844 ] 
2025-10-01 17:07:00,282 - Epoch 147 Validation set [recall@5: 0.0577 recall@10: 0.0915 recall@20: 0.1419 ] [ndcg@5: 0.0569 ndcg@10: 0.0687 ndcg@20: 0.0851 ] 
2025-10-01 17:07:07,845 - Epoch 150 Validation set [recall@5: 0.0575 recall@10: 0.0912 recall@20: 0.1416 ] [ndcg@5: 0.0569 ndcg@10: 0.0688 ndcg@20: 0.0852 ] 
2025-10-01 17:07:13,862 - Epoch 153 Validation set [recall@5: 0.0571 recall@10: 0.0913 recall@20: 0.1414 ] [ndcg@5: 0.0571 ndcg@10: 0.0690 ndcg@20: 0.0854 ] 
2025-10-01 17:07:20,758 - Epoch 156 Validation set [recall@5: 0.0574 recall@10: 0.0918 recall@20: 0.1408 ] [ndcg@5: 0.0572 ndcg@10: 0.0692 ndcg@20: 0.0853 ] 
2025-10-01 17:07:27,510 - Epoch 159 Validation set [recall@5: 0.0579 recall@10: 0.0910 recall@20: 0.1420 ] [ndcg@5: 0.0572 ndcg@10: 0.0689 ndcg@20: 0.0855 ] 
2025-10-01 17:07:34,054 - Epoch 162 Validation set [recall@5: 0.0583 recall@10: 0.0919 recall@20: 0.1423 ] [ndcg@5: 0.0573 ndcg@10: 0.0692 ndcg@20: 0.0857 ] 
2025-10-01 17:07:41,096 - Epoch 165 Validation set [recall@5: 0.0579 recall@10: 0.0922 recall@20: 0.1429 ] [ndcg@5: 0.0575 ndcg@10: 0.0696 ndcg@20: 0.0860 ] 
2025-10-01 17:07:47,944 - Epoch 168 Validation set [recall@5: 0.0588 recall@10: 0.0926 recall@20: 0.1438 ] [ndcg@5: 0.0577 ndcg@10: 0.0695 ndcg@20: 0.0862 ] 
2025-10-01 17:07:55,032 - Epoch 171 Validation set [recall@5: 0.0582 recall@10: 0.0932 recall@20: 0.1433 ] [ndcg@5: 0.0574 ndcg@10: 0.0697 ndcg@20: 0.0861 ] 
2025-10-01 17:08:02,154 - Epoch 174 Validation set [recall@5: 0.0584 recall@10: 0.0932 recall@20: 0.1438 ] [ndcg@5: 0.0578 ndcg@10: 0.0701 ndcg@20: 0.0866 ] 
2025-10-01 17:08:09,535 - Epoch 177 Validation set [recall@5: 0.0590 recall@10: 0.0939 recall@20: 0.1448 ] [ndcg@5: 0.0581 ndcg@10: 0.0704 ndcg@20: 0.0869 ] 
2025-10-01 17:08:16,239 - Epoch 180 Validation set [recall@5: 0.0591 recall@10: 0.0941 recall@20: 0.1445 ] [ndcg@5: 0.0580 ndcg@10: 0.0702 ndcg@20: 0.0866 ] 
2025-10-01 17:08:23,493 - Epoch 183 Validation set [recall@5: 0.0592 recall@10: 0.0938 recall@20: 0.1437 ] [ndcg@5: 0.0580 ndcg@10: 0.0704 ndcg@20: 0.0867 ] 
2025-10-01 17:08:30,795 - Epoch 186 Validation set [recall@5: 0.0591 recall@10: 0.0934 recall@20: 0.1445 ] [ndcg@5: 0.0579 ndcg@10: 0.0701 ndcg@20: 0.0868 ] 
2025-10-01 17:08:37,439 - Epoch 189 Validation set [recall@5: 0.0594 recall@10: 0.0939 recall@20: 0.1446 ] [ndcg@5: 0.0579 ndcg@10: 0.0701 ndcg@20: 0.0867 ] 
2025-10-01 17:08:44,901 - Epoch 192 Validation set [recall@5: 0.0596 recall@10: 0.0937 recall@20: 0.1443 ] [ndcg@5: 0.0581 ndcg@10: 0.0701 ndcg@20: 0.0868 ] 
2025-10-01 17:08:46,647 - [recall@5: 0.0590 recall@10: 0.0939 recall@20: 0.1448 ] [ndcg@5: 0.0581 ndcg@10: 0.0704 ndcg@20: 0.0869 ] 
2025-10-01 17:08:48,415 - [recall@5: 0.0592 recall@10: 0.0911 recall@20: 0.1419 ] [ndcg@5: 0.0590 ndcg@10: 0.0699 ndcg@20: 0.0864 ] 
2025-10-01 17:08:48,416 - Best Epoch 177. Final test result: {'recall': array([0.05917688, 0.09113221, 0.14185007]), 'ndcg': array([0.05902326, 0.06985277, 0.08640421])}.
