2025-10-01 16:22:04,324 - {'optimizer': {'name': 'adam', 'lr': 0.001, 'weight_decay': 0}, 'train': {'epoch': 3000, 'batch_size': 4096, 'save_model': False, 'loss': 'pairwise', 'test_step': 3, 'reproducible': True, 'seed': 2023, 'patience': 5}, 'test': {'metrics': ['recall', 'ndcg'], 'k': [5, 10, 20], 'batch_size': 1024}, 'data': {'type': 'general_cf', 'name': 'amazon', 'user_num': 11000, 'item_num': 9332}, 'model': {'name': 'lightgcn', 'keep_rate': 0.8, 'embedding_size': 64, 'layer_num': 2, 'reg_weight': 1e-06, 'amazon': {'layer_num': 2, 'reg_weight': 1e-06}, 'yelp': {'layer_num': 3, 'reg_weight': 1e-06}, 'steam': {'layer_num': 2, 'reg_weight': 1e-06}}}
2025-10-01 16:22:09,176 - Epoch   0 Validation set [recall@5: 0.0245 recall@10: 0.0400 recall@20: 0.0607 ] [ndcg@5: 0.0242 ndcg@10: 0.0298 ndcg@20: 0.0366 ] 
2025-10-01 16:22:16,739 - Epoch   3 Validation set [recall@5: 0.0245 recall@10: 0.0400 recall@20: 0.0646 ] [ndcg@5: 0.0251 ndcg@10: 0.0303 ndcg@20: 0.0383 ] 
2025-10-01 16:22:24,510 - Epoch   6 Validation set [recall@5: 0.0308 recall@10: 0.0487 recall@20: 0.0777 ] [ndcg@5: 0.0314 ndcg@10: 0.0373 ndcg@20: 0.0468 ] 
2025-10-01 16:22:31,985 - Epoch   9 Validation set [recall@5: 0.0347 recall@10: 0.0544 recall@20: 0.0863 ] [ndcg@5: 0.0351 ndcg@10: 0.0419 ndcg@20: 0.0521 ] 
2025-10-01 16:22:39,783 - Epoch  12 Validation set [recall@5: 0.0372 recall@10: 0.0584 recall@20: 0.0924 ] [ndcg@5: 0.0378 ndcg@10: 0.0450 ndcg@20: 0.0559 ] 
2025-10-01 16:22:46,769 - Epoch  15 Validation set [recall@5: 0.0397 recall@10: 0.0623 recall@20: 0.0996 ] [ndcg@5: 0.0402 ndcg@10: 0.0479 ndcg@20: 0.0598 ] 
2025-10-01 16:22:54,077 - Epoch  18 Validation set [recall@5: 0.0414 recall@10: 0.0668 recall@20: 0.1041 ] [ndcg@5: 0.0417 ndcg@10: 0.0504 ndcg@20: 0.0626 ] 
2025-10-01 16:23:01,462 - Epoch  21 Validation set [recall@5: 0.0426 recall@10: 0.0692 recall@20: 0.1086 ] [ndcg@5: 0.0428 ndcg@10: 0.0519 ndcg@20: 0.0648 ] 
2025-10-01 16:23:08,944 - Epoch  24 Validation set [recall@5: 0.0446 recall@10: 0.0734 recall@20: 0.1125 ] [ndcg@5: 0.0447 ndcg@10: 0.0546 ndcg@20: 0.0673 ] 
2025-10-01 16:23:16,355 - Epoch  27 Validation set [recall@5: 0.0459 recall@10: 0.0742 recall@20: 0.1148 ] [ndcg@5: 0.0461 ndcg@10: 0.0557 ndcg@20: 0.0690 ] 
2025-10-01 16:23:23,981 - Epoch  30 Validation set [recall@5: 0.0482 recall@10: 0.0763 recall@20: 0.1183 ] [ndcg@5: 0.0474 ndcg@10: 0.0570 ndcg@20: 0.0706 ] 
2025-10-01 16:23:31,258 - Epoch  33 Validation set [recall@5: 0.0483 recall@10: 0.0768 recall@20: 0.1198 ] [ndcg@5: 0.0476 ndcg@10: 0.0576 ndcg@20: 0.0715 ] 
2025-10-01 16:23:38,223 - Epoch  36 Validation set [recall@5: 0.0501 recall@10: 0.0792 recall@20: 0.1219 ] [ndcg@5: 0.0495 ndcg@10: 0.0594 ndcg@20: 0.0733 ] 
2025-10-01 16:23:45,881 - Epoch  39 Validation set [recall@5: 0.0506 recall@10: 0.0806 recall@20: 0.1248 ] [ndcg@5: 0.0507 ndcg@10: 0.0609 ndcg@20: 0.0752 ] 
2025-10-01 16:23:53,286 - Epoch  42 Validation set [recall@5: 0.0514 recall@10: 0.0814 recall@20: 0.1279 ] [ndcg@5: 0.0511 ndcg@10: 0.0614 ndcg@20: 0.0764 ] 
2025-10-01 16:24:01,133 - Epoch  45 Validation set [recall@5: 0.0524 recall@10: 0.0816 recall@20: 0.1298 ] [ndcg@5: 0.0519 ndcg@10: 0.0618 ndcg@20: 0.0774 ] 
2025-10-01 16:24:07,215 - Epoch  48 Validation set [recall@5: 0.0533 recall@10: 0.0840 recall@20: 0.1288 ] [ndcg@5: 0.0525 ndcg@10: 0.0629 ndcg@20: 0.0775 ] 
2025-10-01 16:24:14,895 - Epoch  51 Validation set [recall@5: 0.0538 recall@10: 0.0854 recall@20: 0.1309 ] [ndcg@5: 0.0532 ndcg@10: 0.0639 ndcg@20: 0.0787 ] 
2025-10-01 16:24:21,659 - Epoch  54 Validation set [recall@5: 0.0540 recall@10: 0.0863 recall@20: 0.1315 ] [ndcg@5: 0.0537 ndcg@10: 0.0648 ndcg@20: 0.0796 ] 
2025-10-01 16:24:28,884 - Epoch  57 Validation set [recall@5: 0.0555 recall@10: 0.0882 recall@20: 0.1334 ] [ndcg@5: 0.0542 ndcg@10: 0.0654 ndcg@20: 0.0802 ] 
2025-10-01 16:24:36,978 - Epoch  60 Validation set [recall@5: 0.0562 recall@10: 0.0889 recall@20: 0.1349 ] [ndcg@5: 0.0552 ndcg@10: 0.0665 ndcg@20: 0.0815 ] 
2025-10-01 16:24:44,305 - Epoch  63 Validation set [recall@5: 0.0566 recall@10: 0.0886 recall@20: 0.1353 ] [ndcg@5: 0.0555 ndcg@10: 0.0667 ndcg@20: 0.0819 ] 
2025-10-01 16:24:51,900 - Epoch  66 Validation set [recall@5: 0.0572 recall@10: 0.0897 recall@20: 0.1366 ] [ndcg@5: 0.0564 ndcg@10: 0.0676 ndcg@20: 0.0828 ] 
2025-10-01 16:24:58,947 - Epoch  69 Validation set [recall@5: 0.0564 recall@10: 0.0903 recall@20: 0.1384 ] [ndcg@5: 0.0561 ndcg@10: 0.0677 ndcg@20: 0.0833 ] 
2025-10-01 16:25:06,094 - Epoch  72 Validation set [recall@5: 0.0577 recall@10: 0.0911 recall@20: 0.1388 ] [ndcg@5: 0.0570 ndcg@10: 0.0686 ndcg@20: 0.0840 ] 
2025-10-01 16:25:13,083 - Epoch  75 Validation set [recall@5: 0.0587 recall@10: 0.0920 recall@20: 0.1392 ] [ndcg@5: 0.0576 ndcg@10: 0.0689 ndcg@20: 0.0843 ] 
2025-10-01 16:25:20,275 - Epoch  78 Validation set [recall@5: 0.0585 recall@10: 0.0919 recall@20: 0.1400 ] [ndcg@5: 0.0579 ndcg@10: 0.0693 ndcg@20: 0.0850 ] 
2025-10-01 16:25:27,394 - Epoch  81 Validation set [recall@5: 0.0583 recall@10: 0.0924 recall@20: 0.1405 ] [ndcg@5: 0.0575 ndcg@10: 0.0694 ndcg@20: 0.0851 ] 
2025-10-01 16:25:34,930 - Epoch  84 Validation set [recall@5: 0.0582 recall@10: 0.0930 recall@20: 0.1410 ] [ndcg@5: 0.0579 ndcg@10: 0.0699 ndcg@20: 0.0856 ] 
2025-10-01 16:25:42,392 - Epoch  87 Validation set [recall@5: 0.0590 recall@10: 0.0934 recall@20: 0.1419 ] [ndcg@5: 0.0587 ndcg@10: 0.0706 ndcg@20: 0.0863 ] 
2025-10-01 16:25:48,743 - Epoch  90 Validation set [recall@5: 0.0602 recall@10: 0.0937 recall@20: 0.1431 ] [ndcg@5: 0.0593 ndcg@10: 0.0706 ndcg@20: 0.0866 ] 
2025-10-01 16:25:56,395 - Epoch  93 Validation set [recall@5: 0.0593 recall@10: 0.0947 recall@20: 0.1428 ] [ndcg@5: 0.0593 ndcg@10: 0.0714 ndcg@20: 0.0871 ] 
2025-10-01 16:26:03,447 - Epoch  96 Validation set [recall@5: 0.0597 recall@10: 0.0947 recall@20: 0.1447 ] [ndcg@5: 0.0593 ndcg@10: 0.0713 ndcg@20: 0.0876 ] 
2025-10-01 16:26:10,921 - Epoch  99 Validation set [recall@5: 0.0604 recall@10: 0.0950 recall@20: 0.1440 ] [ndcg@5: 0.0597 ndcg@10: 0.0716 ndcg@20: 0.0876 ] 
2025-10-01 16:26:17,679 - Epoch 102 Validation set [recall@5: 0.0614 recall@10: 0.0959 recall@20: 0.1462 ] [ndcg@5: 0.0605 ndcg@10: 0.0723 ndcg@20: 0.0885 ] 
2025-10-01 16:26:24,865 - Epoch 105 Validation set [recall@5: 0.0615 recall@10: 0.0950 recall@20: 0.1467 ] [ndcg@5: 0.0607 ndcg@10: 0.0722 ndcg@20: 0.0888 ] 
2025-10-01 16:26:32,106 - Epoch 108 Validation set [recall@5: 0.0613 recall@10: 0.0962 recall@20: 0.1468 ] [ndcg@5: 0.0604 ndcg@10: 0.0725 ndcg@20: 0.0889 ] 
2025-10-01 16:26:39,266 - Epoch 111 Validation set [recall@5: 0.0627 recall@10: 0.0973 recall@20: 0.1474 ] [ndcg@5: 0.0613 ndcg@10: 0.0732 ndcg@20: 0.0894 ] 
2025-10-01 16:26:46,102 - Epoch 114 Validation set [recall@5: 0.0630 recall@10: 0.0977 recall@20: 0.1479 ] [ndcg@5: 0.0617 ndcg@10: 0.0737 ndcg@20: 0.0899 ] 
2025-10-01 16:26:53,466 - Epoch 117 Validation set [recall@5: 0.0632 recall@10: 0.0984 recall@20: 0.1482 ] [ndcg@5: 0.0620 ndcg@10: 0.0744 ndcg@20: 0.0904 ] 
2025-10-01 16:27:01,122 - Epoch 120 Validation set [recall@5: 0.0633 recall@10: 0.0989 recall@20: 0.1495 ] [ndcg@5: 0.0625 ndcg@10: 0.0747 ndcg@20: 0.0910 ] 
2025-10-01 16:27:08,352 - Epoch 123 Validation set [recall@5: 0.0630 recall@10: 0.0987 recall@20: 0.1497 ] [ndcg@5: 0.0620 ndcg@10: 0.0743 ndcg@20: 0.0909 ] 
2025-10-01 16:27:15,501 - Epoch 126 Validation set [recall@5: 0.0627 recall@10: 0.0990 recall@20: 0.1496 ] [ndcg@5: 0.0621 ndcg@10: 0.0745 ndcg@20: 0.0910 ] 
2025-10-01 16:27:22,612 - Epoch 129 Validation set [recall@5: 0.0632 recall@10: 0.0997 recall@20: 0.1505 ] [ndcg@5: 0.0622 ndcg@10: 0.0748 ndcg@20: 0.0912 ] 
2025-10-01 16:27:30,258 - Epoch 132 Validation set [recall@5: 0.0638 recall@10: 0.0994 recall@20: 0.1513 ] [ndcg@5: 0.0628 ndcg@10: 0.0749 ndcg@20: 0.0917 ] 
2025-10-01 16:27:37,579 - Epoch 135 Validation set [recall@5: 0.0635 recall@10: 0.0997 recall@20: 0.1516 ] [ndcg@5: 0.0628 ndcg@10: 0.0751 ndcg@20: 0.0921 ] 
2025-10-01 16:27:43,793 - Epoch 138 Validation set [recall@5: 0.0639 recall@10: 0.1007 recall@20: 0.1516 ] [ndcg@5: 0.0627 ndcg@10: 0.0754 ndcg@20: 0.0920 ] 
2025-10-01 16:27:51,049 - Epoch 141 Validation set [recall@5: 0.0634 recall@10: 0.1005 recall@20: 0.1526 ] [ndcg@5: 0.0628 ndcg@10: 0.0756 ndcg@20: 0.0925 ] 
2025-10-01 16:27:56,947 - Epoch 144 Validation set [recall@5: 0.0638 recall@10: 0.1006 recall@20: 0.1529 ] [ndcg@5: 0.0632 ndcg@10: 0.0760 ndcg@20: 0.0930 ] 
2025-10-01 16:28:02,662 - Epoch 147 Validation set [recall@5: 0.0647 recall@10: 0.1004 recall@20: 0.1532 ] [ndcg@5: 0.0638 ndcg@10: 0.0762 ndcg@20: 0.0934 ] 
2025-10-01 16:28:08,144 - Epoch 150 Validation set [recall@5: 0.0640 recall@10: 0.1015 recall@20: 0.1532 ] [ndcg@5: 0.0635 ndcg@10: 0.0765 ndcg@20: 0.0934 ] 
2025-10-01 16:28:13,741 - Epoch 153 Validation set [recall@5: 0.0638 recall@10: 0.1012 recall@20: 0.1546 ] [ndcg@5: 0.0633 ndcg@10: 0.0762 ndcg@20: 0.0935 ] 
2025-10-01 16:28:19,597 - Epoch 156 Validation set [recall@5: 0.0637 recall@10: 0.1016 recall@20: 0.1536 ] [ndcg@5: 0.0633 ndcg@10: 0.0764 ndcg@20: 0.0933 ] 
2025-10-01 16:28:25,174 - Epoch 159 Validation set [recall@5: 0.0644 recall@10: 0.1015 recall@20: 0.1538 ] [ndcg@5: 0.0638 ndcg@10: 0.0767 ndcg@20: 0.0937 ] 
2025-10-01 16:28:30,851 - Epoch 162 Validation set [recall@5: 0.0646 recall@10: 0.1016 recall@20: 0.1537 ] [ndcg@5: 0.0640 ndcg@10: 0.0769 ndcg@20: 0.0938 ] 
2025-10-01 16:28:36,682 - Epoch 165 Validation set [recall@5: 0.0645 recall@10: 0.1026 recall@20: 0.1535 ] [ndcg@5: 0.0640 ndcg@10: 0.0772 ndcg@20: 0.0937 ] 
2025-10-01 16:28:42,199 - Epoch 168 Validation set [recall@5: 0.0638 recall@10: 0.1025 recall@20: 0.1544 ] [ndcg@5: 0.0636 ndcg@10: 0.0770 ndcg@20: 0.0939 ] 
2025-10-01 16:28:43,887 - [recall@5: 0.0638 recall@10: 0.1012 recall@20: 0.1546 ] [ndcg@5: 0.0633 ndcg@10: 0.0762 ndcg@20: 0.0935 ] 
2025-10-01 16:28:45,244 - [recall@5: 0.0629 recall@10: 0.0994 recall@20: 0.1490 ] [ndcg@5: 0.0639 ndcg@10: 0.0764 ndcg@20: 0.0926 ] 
2025-10-01 16:28:45,244 - Best Epoch 153. Final test result: {'recall': array([0.06286692, 0.09944477, 0.14897499]), 'ndcg': array([0.06387662, 0.07638572, 0.09255062])}.
