2025-09-29 11:48:45,973 - {'optimizer': {'name': 'adam', 'lr': 0.001, 'weight_decay': 0}, 'train': {'epoch': 3000, 'batch_size': 4096, 'save_model': False, 'loss': 'pairwise', 'test_step': 3, 'reproducible': True, 'seed': 2023, 'patience': 5}, 'test': {'metrics': ['recall', 'ndcg'], 'k': [5, 10, 20], 'batch_size': 1024}, 'data': {'type': 'general_cf', 'name': 'amazon', 'user_num': 11000, 'item_num': 9332}, 'model': {'name': 'lightgcn', 'keep_rate': 0.8, 'embedding_size': 64, 'layer_num': 3, 'reg_weight': 1e-06, 'amazon': {'layer_num': 3, 'reg_weight': 1e-06}, 'yelp': {'layer_num': 3, 'reg_weight': 1e-06}, 'steam': {'layer_num': 2, 'reg_weight': 1e-06}}}
2025-09-29 11:48:50,842 - Epoch   0 Validation set [recall@5: 0.0243 recall@10: 0.0398 recall@20: 0.0641 ] [ndcg@5: 0.0242 ndcg@10: 0.0297 ndcg@20: 0.0377 ] 
2025-09-29 11:49:04,093 - Epoch   3 Validation set [recall@5: 0.0236 recall@10: 0.0388 recall@20: 0.0622 ] [ndcg@5: 0.0233 ndcg@10: 0.0286 ndcg@20: 0.0362 ] 
2025-09-29 11:49:16,907 - Epoch   6 Validation set [recall@5: 0.0303 recall@10: 0.0478 recall@20: 0.0767 ] [ndcg@5: 0.0309 ndcg@10: 0.0368 ndcg@20: 0.0462 ] 
2025-09-29 11:49:29,530 - Epoch   9 Validation set [recall@5: 0.0339 recall@10: 0.0522 recall@20: 0.0857 ] [ndcg@5: 0.0345 ndcg@10: 0.0407 ndcg@20: 0.0515 ] 
2025-09-29 11:49:43,950 - Epoch  12 Validation set [recall@5: 0.0358 recall@10: 0.0569 recall@20: 0.0916 ] [ndcg@5: 0.0366 ndcg@10: 0.0439 ndcg@20: 0.0549 ] 
2025-09-29 11:49:56,693 - Epoch  15 Validation set [recall@5: 0.0388 recall@10: 0.0614 recall@20: 0.0968 ] [ndcg@5: 0.0391 ndcg@10: 0.0469 ndcg@20: 0.0584 ] 
2025-09-29 11:50:10,840 - Epoch  18 Validation set [recall@5: 0.0408 recall@10: 0.0652 recall@20: 0.1025 ] [ndcg@5: 0.0412 ndcg@10: 0.0497 ndcg@20: 0.0618 ] 
2025-09-29 11:50:24,898 - Epoch  21 Validation set [recall@5: 0.0418 recall@10: 0.0684 recall@20: 0.1066 ] [ndcg@5: 0.0421 ndcg@10: 0.0513 ndcg@20: 0.0637 ] 
2025-09-29 11:50:39,636 - Epoch  24 Validation set [recall@5: 0.0436 recall@10: 0.0717 recall@20: 0.1096 ] [ndcg@5: 0.0442 ndcg@10: 0.0538 ndcg@20: 0.0662 ] 
2025-09-29 11:50:53,670 - Epoch  27 Validation set [recall@5: 0.0447 recall@10: 0.0728 recall@20: 0.1135 ] [ndcg@5: 0.0454 ndcg@10: 0.0550 ndcg@20: 0.0682 ] 
2025-09-29 11:51:05,587 - Epoch  30 Validation set [recall@5: 0.0465 recall@10: 0.0738 recall@20: 0.1154 ] [ndcg@5: 0.0463 ndcg@10: 0.0557 ndcg@20: 0.0692 ] 
2025-09-29 11:51:17,865 - Epoch  33 Validation set [recall@5: 0.0471 recall@10: 0.0751 recall@20: 0.1175 ] [ndcg@5: 0.0467 ndcg@10: 0.0563 ndcg@20: 0.0701 ] 
2025-09-29 11:51:30,421 - Epoch  36 Validation set [recall@5: 0.0485 recall@10: 0.0767 recall@20: 0.1205 ] [ndcg@5: 0.0484 ndcg@10: 0.0581 ndcg@20: 0.0724 ] 
2025-09-29 11:51:39,983 - Epoch  39 Validation set [recall@5: 0.0494 recall@10: 0.0780 recall@20: 0.1225 ] [ndcg@5: 0.0495 ndcg@10: 0.0594 ndcg@20: 0.0737 ] 
2025-09-29 11:51:49,247 - Epoch  42 Validation set [recall@5: 0.0505 recall@10: 0.0794 recall@20: 0.1250 ] [ndcg@5: 0.0503 ndcg@10: 0.0601 ndcg@20: 0.0748 ] 
2025-09-29 11:52:01,081 - Epoch  45 Validation set [recall@5: 0.0508 recall@10: 0.0805 recall@20: 0.1267 ] [ndcg@5: 0.0507 ndcg@10: 0.0607 ndcg@20: 0.0757 ] 
2025-09-29 11:52:06,500 - Epoch  48 Validation set [recall@5: 0.0522 recall@10: 0.0811 recall@20: 0.1283 ] [ndcg@5: 0.0518 ndcg@10: 0.0614 ndcg@20: 0.0766 ] 
2025-09-29 11:52:19,070 - Epoch  51 Validation set [recall@5: 0.0524 recall@10: 0.0821 recall@20: 0.1299 ] [ndcg@5: 0.0523 ndcg@10: 0.0623 ndcg@20: 0.0776 ] 
2025-09-29 11:52:28,129 - Epoch  54 Validation set [recall@5: 0.0524 recall@10: 0.0831 recall@20: 0.1302 ] [ndcg@5: 0.0525 ndcg@10: 0.0630 ndcg@20: 0.0783 ] 
2025-09-29 11:52:42,253 - Epoch  57 Validation set [recall@5: 0.0531 recall@10: 0.0848 recall@20: 0.1323 ] [ndcg@5: 0.0527 ndcg@10: 0.0635 ndcg@20: 0.0790 ] 
2025-09-29 11:52:56,652 - Epoch  60 Validation set [recall@5: 0.0546 recall@10: 0.0861 recall@20: 0.1338 ] [ndcg@5: 0.0541 ndcg@10: 0.0647 ndcg@20: 0.0802 ] 
2025-09-29 11:53:11,443 - Epoch  63 Validation set [recall@5: 0.0548 recall@10: 0.0864 recall@20: 0.1341 ] [ndcg@5: 0.0547 ndcg@10: 0.0654 ndcg@20: 0.0809 ] 
2025-09-29 11:53:25,308 - Epoch  66 Validation set [recall@5: 0.0558 recall@10: 0.0866 recall@20: 0.1354 ] [ndcg@5: 0.0550 ndcg@10: 0.0656 ndcg@20: 0.0815 ] 
2025-09-29 11:53:39,588 - Epoch  69 Validation set [recall@5: 0.0554 recall@10: 0.0873 recall@20: 0.1368 ] [ndcg@5: 0.0554 ndcg@10: 0.0662 ndcg@20: 0.0822 ] 
2025-09-29 11:53:52,986 - Epoch  72 Validation set [recall@5: 0.0564 recall@10: 0.0878 recall@20: 0.1377 ] [ndcg@5: 0.0560 ndcg@10: 0.0668 ndcg@20: 0.0829 ] 
2025-09-29 11:54:03,522 - Epoch  75 Validation set [recall@5: 0.0573 recall@10: 0.0888 recall@20: 0.1385 ] [ndcg@5: 0.0565 ndcg@10: 0.0672 ndcg@20: 0.0833 ] 
2025-09-29 11:54:18,251 - Epoch  78 Validation set [recall@5: 0.0576 recall@10: 0.0895 recall@20: 0.1396 ] [ndcg@5: 0.0568 ndcg@10: 0.0677 ndcg@20: 0.0840 ] 
2025-09-29 11:54:33,171 - Epoch  81 Validation set [recall@5: 0.0569 recall@10: 0.0910 recall@20: 0.1401 ] [ndcg@5: 0.0568 ndcg@10: 0.0685 ndcg@20: 0.0845 ] 
2025-09-29 11:54:46,679 - Epoch  84 Validation set [recall@5: 0.0576 recall@10: 0.0916 recall@20: 0.1405 ] [ndcg@5: 0.0574 ndcg@10: 0.0690 ndcg@20: 0.0849 ] 
2025-09-29 11:54:57,996 - Epoch  87 Validation set [recall@5: 0.0577 recall@10: 0.0914 recall@20: 0.1413 ] [ndcg@5: 0.0574 ndcg@10: 0.0691 ndcg@20: 0.0853 ] 
2025-09-29 11:55:10,904 - Epoch  90 Validation set [recall@5: 0.0582 recall@10: 0.0921 recall@20: 0.1428 ] [ndcg@5: 0.0579 ndcg@10: 0.0694 ndcg@20: 0.0858 ] 
2025-09-29 11:55:25,874 - Epoch  93 Validation set [recall@5: 0.0588 recall@10: 0.0927 recall@20: 0.1425 ] [ndcg@5: 0.0583 ndcg@10: 0.0698 ndcg@20: 0.0860 ] 
2025-09-29 11:55:37,557 - Epoch  96 Validation set [recall@5: 0.0590 recall@10: 0.0929 recall@20: 0.1441 ] [ndcg@5: 0.0585 ndcg@10: 0.0701 ndcg@20: 0.0867 ] 
2025-09-29 11:55:49,833 - Epoch  99 Validation set [recall@5: 0.0589 recall@10: 0.0934 recall@20: 0.1443 ] [ndcg@5: 0.0588 ndcg@10: 0.0707 ndcg@20: 0.0873 ] 
2025-09-29 11:56:01,132 - Epoch 102 Validation set [recall@5: 0.0598 recall@10: 0.0948 recall@20: 0.1452 ] [ndcg@5: 0.0591 ndcg@10: 0.0712 ndcg@20: 0.0876 ] 
2025-09-29 11:56:06,972 - Epoch 105 Validation set [recall@5: 0.0595 recall@10: 0.0938 recall@20: 0.1459 ] [ndcg@5: 0.0592 ndcg@10: 0.0710 ndcg@20: 0.0878 ] 
2025-09-29 11:56:18,175 - Epoch 108 Validation set [recall@5: 0.0605 recall@10: 0.0941 recall@20: 0.1458 ] [ndcg@5: 0.0598 ndcg@10: 0.0713 ndcg@20: 0.0882 ] 
2025-09-29 11:56:26,597 - Epoch 111 Validation set [recall@5: 0.0610 recall@10: 0.0949 recall@20: 0.1466 ] [ndcg@5: 0.0602 ndcg@10: 0.0720 ndcg@20: 0.0887 ] 
2025-09-29 11:56:31,939 - Epoch 114 Validation set [recall@5: 0.0617 recall@10: 0.0951 recall@20: 0.1468 ] [ndcg@5: 0.0609 ndcg@10: 0.0724 ndcg@20: 0.0892 ] 
2025-09-29 11:56:42,913 - Epoch 117 Validation set [recall@5: 0.0623 recall@10: 0.0961 recall@20: 0.1475 ] [ndcg@5: 0.0615 ndcg@10: 0.0730 ndcg@20: 0.0897 ] 
2025-09-29 11:56:52,412 - Epoch 120 Validation set [recall@5: 0.0622 recall@10: 0.0969 recall@20: 0.1494 ] [ndcg@5: 0.0616 ndcg@10: 0.0734 ndcg@20: 0.0905 ] 
2025-09-29 11:57:01,240 - Epoch 123 Validation set [recall@5: 0.0626 recall@10: 0.0977 recall@20: 0.1489 ] [ndcg@5: 0.0616 ndcg@10: 0.0737 ndcg@20: 0.0903 ] 
2025-09-29 11:57:14,230 - Epoch 126 Validation set [recall@5: 0.0621 recall@10: 0.0967 recall@20: 0.1482 ] [ndcg@5: 0.0615 ndcg@10: 0.0735 ndcg@20: 0.0903 ] 
2025-09-29 11:57:24,738 - Epoch 129 Validation set [recall@5: 0.0629 recall@10: 0.0981 recall@20: 0.1509 ] [ndcg@5: 0.0622 ndcg@10: 0.0743 ndcg@20: 0.0914 ] 
2025-09-29 11:57:34,950 - Epoch 132 Validation set [recall@5: 0.0628 recall@10: 0.0984 recall@20: 0.1506 ] [ndcg@5: 0.0622 ndcg@10: 0.0743 ndcg@20: 0.0913 ] 
2025-09-29 11:57:50,048 - Epoch 135 Validation set [recall@5: 0.0624 recall@10: 0.0982 recall@20: 0.1509 ] [ndcg@5: 0.0616 ndcg@10: 0.0740 ndcg@20: 0.0911 ] 
2025-09-29 11:58:03,780 - Epoch 138 Validation set [recall@5: 0.0631 recall@10: 0.0995 recall@20: 0.1510 ] [ndcg@5: 0.0622 ndcg@10: 0.0748 ndcg@20: 0.0916 ] 
2025-09-29 11:58:17,878 - Epoch 141 Validation set [recall@5: 0.0630 recall@10: 0.0993 recall@20: 0.1525 ] [ndcg@5: 0.0621 ndcg@10: 0.0749 ndcg@20: 0.0922 ] 
2025-09-29 11:58:30,487 - Epoch 144 Validation set [recall@5: 0.0635 recall@10: 0.0998 recall@20: 0.1535 ] [ndcg@5: 0.0628 ndcg@10: 0.0754 ndcg@20: 0.0930 ] 
2025-09-29 11:58:44,761 - Epoch 147 Validation set [recall@5: 0.0633 recall@10: 0.0988 recall@20: 0.1537 ] [ndcg@5: 0.0628 ndcg@10: 0.0753 ndcg@20: 0.0931 ] 
2025-09-29 11:58:58,903 - Epoch 150 Validation set [recall@5: 0.0632 recall@10: 0.1006 recall@20: 0.1530 ] [ndcg@5: 0.0628 ndcg@10: 0.0759 ndcg@20: 0.0929 ] 
2025-09-29 11:59:10,584 - Epoch 153 Validation set [recall@5: 0.0633 recall@10: 0.1007 recall@20: 0.1532 ] [ndcg@5: 0.0627 ndcg@10: 0.0758 ndcg@20: 0.0928 ] 
2025-09-29 11:59:25,863 - Epoch 156 Validation set [recall@5: 0.0636 recall@10: 0.1010 recall@20: 0.1529 ] [ndcg@5: 0.0631 ndcg@10: 0.0762 ndcg@20: 0.0932 ] 
2025-09-29 11:59:41,263 - Epoch 159 Validation set [recall@5: 0.0639 recall@10: 0.1012 recall@20: 0.1532 ] [ndcg@5: 0.0633 ndcg@10: 0.0764 ndcg@20: 0.0933 ] 
2025-09-29 11:59:55,217 - Epoch 162 Validation set [recall@5: 0.0641 recall@10: 0.1010 recall@20: 0.1536 ] [ndcg@5: 0.0634 ndcg@10: 0.0762 ndcg@20: 0.0932 ] 
2025-09-29 11:59:56,518 - [recall@5: 0.0633 recall@10: 0.0988 recall@20: 0.1537 ] [ndcg@5: 0.0628 ndcg@10: 0.0753 ndcg@20: 0.0931 ] 
2025-09-29 11:59:57,753 - [recall@5: 0.0627 recall@10: 0.0981 recall@20: 0.1482 ] [ndcg@5: 0.0634 ndcg@10: 0.0756 ndcg@20: 0.0920 ] 
2025-09-29 11:59:57,754 - Best Epoch 147. Final test result: {'recall': array([0.06268799, 0.09811193, 0.14821442]), 'ndcg': array([0.06339643, 0.07557277, 0.091963  ])}.
