2025-10-02 14:02:34,039 - {'optimizer': {'name': 'adam', 'lr': 0.001, 'weight_decay': 0}, 'train': {'epoch': 3000, 'batch_size': 4096, 'save_model': False, 'loss': 'pairwise', 'test_step': 3, 'reproducible': True, 'seed': 2023, 'patience': 5}, 'test': {'metrics': ['recall', 'ndcg'], 'k': [5, 10, 20], 'batch_size': 1024}, 'data': {'type': 'general_cf', 'name': 'amazon', 'user_num': 11000, 'item_num': 9332}, 'model': {'name': 'lightgcn', 'keep_rate': 0.8, 'embedding_size': 64, 'layer_num': 10, 'reg_weight': 1e-06, 'amazon': {'layer_num': 10, 'reg_weight': 1e-06}, 'yelp': {'layer_num': 3, 'reg_weight': 1e-06}, 'steam': {'layer_num': 2, 'reg_weight': 1e-06}, 'Office': {'layer_num': 3, 'reg_weight': 1e-06}}}
2025-10-02 14:02:40,452 - Epoch   0 Validation set [recall@5: 0.0174 recall@10: 0.0285 recall@20: 0.0474 ] [ndcg@5: 0.0171 ndcg@10: 0.0210 ndcg@20: 0.0273 ] 
2025-10-02 14:02:47,618 - Epoch   3 Validation set [recall@5: 0.0217 recall@10: 0.0351 recall@20: 0.0570 ] [ndcg@5: 0.0222 ndcg@10: 0.0268 ndcg@20: 0.0340 ] 
2025-10-02 14:02:55,563 - Epoch   6 Validation set [recall@5: 0.0256 recall@10: 0.0422 recall@20: 0.0682 ] [ndcg@5: 0.0262 ndcg@10: 0.0317 ndcg@20: 0.0401 ] 
2025-10-02 14:03:03,325 - Epoch   9 Validation set [recall@5: 0.0279 recall@10: 0.0462 recall@20: 0.0743 ] [ndcg@5: 0.0289 ndcg@10: 0.0351 ndcg@20: 0.0442 ] 
2025-10-02 14:03:11,106 - Epoch  12 Validation set [recall@5: 0.0303 recall@10: 0.0486 recall@20: 0.0785 ] [ndcg@5: 0.0316 ndcg@10: 0.0376 ndcg@20: 0.0474 ] 
2025-10-02 14:03:18,593 - Epoch  15 Validation set [recall@5: 0.0330 recall@10: 0.0506 recall@20: 0.0832 ] [ndcg@5: 0.0336 ndcg@10: 0.0394 ndcg@20: 0.0500 ] 
2025-10-02 14:03:26,532 - Epoch  18 Validation set [recall@5: 0.0345 recall@10: 0.0525 recall@20: 0.0869 ] [ndcg@5: 0.0351 ndcg@10: 0.0410 ndcg@20: 0.0522 ] 
2025-10-02 14:03:33,394 - Epoch  21 Validation set [recall@5: 0.0352 recall@10: 0.0545 recall@20: 0.0906 ] [ndcg@5: 0.0360 ndcg@10: 0.0425 ndcg@20: 0.0542 ] 
2025-10-02 14:03:40,518 - Epoch  24 Validation set [recall@5: 0.0369 recall@10: 0.0579 recall@20: 0.0947 ] [ndcg@5: 0.0375 ndcg@10: 0.0446 ndcg@20: 0.0564 ] 
2025-10-02 14:03:48,312 - Epoch  27 Validation set [recall@5: 0.0379 recall@10: 0.0597 recall@20: 0.0980 ] [ndcg@5: 0.0384 ndcg@10: 0.0458 ndcg@20: 0.0581 ] 
2025-10-02 14:03:56,160 - Epoch  30 Validation set [recall@5: 0.0386 recall@10: 0.0615 recall@20: 0.0994 ] [ndcg@5: 0.0392 ndcg@10: 0.0470 ndcg@20: 0.0592 ] 
2025-10-02 14:04:03,092 - Epoch  33 Validation set [recall@5: 0.0390 recall@10: 0.0631 recall@20: 0.1007 ] [ndcg@5: 0.0399 ndcg@10: 0.0482 ndcg@20: 0.0604 ] 
2025-10-02 14:04:11,198 - Epoch  36 Validation set [recall@5: 0.0402 recall@10: 0.0645 recall@20: 0.1026 ] [ndcg@5: 0.0410 ndcg@10: 0.0494 ndcg@20: 0.0617 ] 
2025-10-02 14:04:18,663 - Epoch  39 Validation set [recall@5: 0.0410 recall@10: 0.0657 recall@20: 0.1036 ] [ndcg@5: 0.0417 ndcg@10: 0.0504 ndcg@20: 0.0626 ] 
2025-10-02 14:04:26,368 - Epoch  42 Validation set [recall@5: 0.0419 recall@10: 0.0670 recall@20: 0.1061 ] [ndcg@5: 0.0426 ndcg@10: 0.0513 ndcg@20: 0.0639 ] 
2025-10-02 14:04:33,222 - Epoch  45 Validation set [recall@5: 0.0423 recall@10: 0.0686 recall@20: 0.1074 ] [ndcg@5: 0.0430 ndcg@10: 0.0521 ndcg@20: 0.0647 ] 
2025-10-02 14:04:40,381 - Epoch  48 Validation set [recall@5: 0.0430 recall@10: 0.0688 recall@20: 0.1091 ] [ndcg@5: 0.0434 ndcg@10: 0.0523 ndcg@20: 0.0653 ] 
2025-10-02 14:04:47,532 - Epoch  51 Validation set [recall@5: 0.0433 recall@10: 0.0694 recall@20: 0.1097 ] [ndcg@5: 0.0438 ndcg@10: 0.0529 ndcg@20: 0.0659 ] 
2025-10-02 14:04:55,193 - Epoch  54 Validation set [recall@5: 0.0436 recall@10: 0.0698 recall@20: 0.1106 ] [ndcg@5: 0.0438 ndcg@10: 0.0531 ndcg@20: 0.0663 ] 
2025-10-02 14:05:01,936 - Epoch  57 Validation set [recall@5: 0.0441 recall@10: 0.0706 recall@20: 0.1115 ] [ndcg@5: 0.0444 ndcg@10: 0.0537 ndcg@20: 0.0669 ] 
2025-10-02 14:05:09,626 - Epoch  60 Validation set [recall@5: 0.0453 recall@10: 0.0716 recall@20: 0.1123 ] [ndcg@5: 0.0456 ndcg@10: 0.0547 ndcg@20: 0.0679 ] 
2025-10-02 14:05:16,461 - Epoch  63 Validation set [recall@5: 0.0457 recall@10: 0.0728 recall@20: 0.1138 ] [ndcg@5: 0.0460 ndcg@10: 0.0554 ndcg@20: 0.0687 ] 
2025-10-02 14:05:23,049 - Epoch  66 Validation set [recall@5: 0.0460 recall@10: 0.0732 recall@20: 0.1143 ] [ndcg@5: 0.0461 ndcg@10: 0.0555 ndcg@20: 0.0689 ] 
2025-10-02 14:05:30,800 - Epoch  69 Validation set [recall@5: 0.0465 recall@10: 0.0736 recall@20: 0.1153 ] [ndcg@5: 0.0466 ndcg@10: 0.0560 ndcg@20: 0.0695 ] 
2025-10-02 14:05:38,205 - Epoch  72 Validation set [recall@5: 0.0465 recall@10: 0.0738 recall@20: 0.1170 ] [ndcg@5: 0.0470 ndcg@10: 0.0565 ndcg@20: 0.0705 ] 
2025-10-02 14:05:45,135 - Epoch  75 Validation set [recall@5: 0.0472 recall@10: 0.0757 recall@20: 0.1182 ] [ndcg@5: 0.0474 ndcg@10: 0.0574 ndcg@20: 0.0711 ] 
2025-10-02 14:05:52,359 - Epoch  78 Validation set [recall@5: 0.0476 recall@10: 0.0760 recall@20: 0.1188 ] [ndcg@5: 0.0479 ndcg@10: 0.0577 ndcg@20: 0.0716 ] 
2025-10-02 14:05:59,395 - Epoch  81 Validation set [recall@5: 0.0482 recall@10: 0.0770 recall@20: 0.1193 ] [ndcg@5: 0.0483 ndcg@10: 0.0582 ndcg@20: 0.0718 ] 
2025-10-02 14:06:05,327 - Epoch  84 Validation set [recall@5: 0.0478 recall@10: 0.0766 recall@20: 0.1198 ] [ndcg@5: 0.0482 ndcg@10: 0.0581 ndcg@20: 0.0722 ] 
2025-10-02 14:06:12,069 - Epoch  87 Validation set [recall@5: 0.0481 recall@10: 0.0776 recall@20: 0.1202 ] [ndcg@5: 0.0484 ndcg@10: 0.0586 ndcg@20: 0.0725 ] 
2025-10-02 14:06:19,673 - Epoch  90 Validation set [recall@5: 0.0488 recall@10: 0.0782 recall@20: 0.1216 ] [ndcg@5: 0.0490 ndcg@10: 0.0591 ndcg@20: 0.0732 ] 
2025-10-02 14:06:26,180 - Epoch  93 Validation set [recall@5: 0.0496 recall@10: 0.0782 recall@20: 0.1219 ] [ndcg@5: 0.0492 ndcg@10: 0.0591 ndcg@20: 0.0733 ] 
2025-10-02 14:06:33,365 - Epoch  96 Validation set [recall@5: 0.0490 recall@10: 0.0788 recall@20: 0.1227 ] [ndcg@5: 0.0493 ndcg@10: 0.0595 ndcg@20: 0.0739 ] 
2025-10-02 14:06:40,604 - Epoch  99 Validation set [recall@5: 0.0492 recall@10: 0.0799 recall@20: 0.1232 ] [ndcg@5: 0.0495 ndcg@10: 0.0601 ndcg@20: 0.0743 ] 
2025-10-02 14:06:47,646 - Epoch 102 Validation set [recall@5: 0.0490 recall@10: 0.0796 recall@20: 0.1239 ] [ndcg@5: 0.0496 ndcg@10: 0.0602 ndcg@20: 0.0747 ] 
2025-10-02 14:06:54,451 - Epoch 105 Validation set [recall@5: 0.0495 recall@10: 0.0796 recall@20: 0.1243 ] [ndcg@5: 0.0494 ndcg@10: 0.0599 ndcg@20: 0.0745 ] 
2025-10-02 14:07:01,685 - Epoch 108 Validation set [recall@5: 0.0497 recall@10: 0.0805 recall@20: 0.1254 ] [ndcg@5: 0.0497 ndcg@10: 0.0603 ndcg@20: 0.0750 ] 
2025-10-02 14:07:09,687 - Epoch 111 Validation set [recall@5: 0.0501 recall@10: 0.0809 recall@20: 0.1261 ] [ndcg@5: 0.0500 ndcg@10: 0.0608 ndcg@20: 0.0755 ] 
2025-10-02 14:07:16,999 - Epoch 114 Validation set [recall@5: 0.0509 recall@10: 0.0817 recall@20: 0.1261 ] [ndcg@5: 0.0507 ndcg@10: 0.0614 ndcg@20: 0.0759 ] 
2025-10-02 14:07:23,794 - Epoch 117 Validation set [recall@5: 0.0507 recall@10: 0.0816 recall@20: 0.1267 ] [ndcg@5: 0.0508 ndcg@10: 0.0615 ndcg@20: 0.0762 ] 
2025-10-02 14:07:30,993 - Epoch 120 Validation set [recall@5: 0.0512 recall@10: 0.0818 recall@20: 0.1266 ] [ndcg@5: 0.0511 ndcg@10: 0.0614 ndcg@20: 0.0762 ] 
2025-10-02 14:07:38,101 - Epoch 123 Validation set [recall@5: 0.0506 recall@10: 0.0822 recall@20: 0.1279 ] [ndcg@5: 0.0509 ndcg@10: 0.0616 ndcg@20: 0.0765 ] 
2025-10-02 14:07:44,944 - Epoch 126 Validation set [recall@5: 0.0515 recall@10: 0.0822 recall@20: 0.1285 ] [ndcg@5: 0.0514 ndcg@10: 0.0618 ndcg@20: 0.0769 ] 
2025-10-02 14:07:51,979 - Epoch 129 Validation set [recall@5: 0.0515 recall@10: 0.0828 recall@20: 0.1302 ] [ndcg@5: 0.0515 ndcg@10: 0.0621 ndcg@20: 0.0776 ] 
2025-10-02 14:07:58,751 - Epoch 132 Validation set [recall@5: 0.0514 recall@10: 0.0828 recall@20: 0.1288 ] [ndcg@5: 0.0515 ndcg@10: 0.0621 ndcg@20: 0.0772 ] 
2025-10-02 14:08:05,413 - Epoch 135 Validation set [recall@5: 0.0515 recall@10: 0.0829 recall@20: 0.1292 ] [ndcg@5: 0.0516 ndcg@10: 0.0623 ndcg@20: 0.0774 ] 
2025-10-02 14:08:12,791 - Epoch 138 Validation set [recall@5: 0.0524 recall@10: 0.0831 recall@20: 0.1296 ] [ndcg@5: 0.0518 ndcg@10: 0.0623 ndcg@20: 0.0775 ] 
2025-10-02 14:08:20,963 - Epoch 141 Validation set [recall@5: 0.0517 recall@10: 0.0831 recall@20: 0.1298 ] [ndcg@5: 0.0518 ndcg@10: 0.0626 ndcg@20: 0.0779 ] 
2025-10-02 14:08:28,472 - Epoch 144 Validation set [recall@5: 0.0527 recall@10: 0.0844 recall@20: 0.1297 ] [ndcg@5: 0.0521 ndcg@10: 0.0630 ndcg@20: 0.0779 ] 
2025-10-02 14:08:30,247 - [recall@5: 0.0515 recall@10: 0.0828 recall@20: 0.1302 ] [ndcg@5: 0.0515 ndcg@10: 0.0621 ndcg@20: 0.0776 ] 
2025-10-02 14:08:31,979 - [recall@5: 0.0519 recall@10: 0.0817 recall@20: 0.1267 ] [ndcg@5: 0.0522 ndcg@10: 0.0623 ndcg@20: 0.0769 ] 
2025-10-02 14:08:31,980 - Best Epoch 129. Final test result: {'recall': array([0.05187921, 0.08167146, 0.12665387]), 'ndcg': array([0.05221085, 0.06231125, 0.07691887])}.
