2025-10-02 13:44:47,615 - {'optimizer': {'name': 'adam', 'lr': 0.001, 'weight_decay': 0}, 'train': {'epoch': 3000, 'batch_size': 4096, 'save_model': False, 'loss': 'pairwise', 'test_step': 3, 'reproducible': True, 'seed': 2023, 'patience': 5}, 'test': {'metrics': ['recall', 'ndcg'], 'k': [5, 10, 20], 'batch_size': 1024}, 'data': {'type': 'general_cf', 'name': 'amazon', 'user_num': 11000, 'item_num': 9332}, 'model': {'name': 'lightgcn', 'keep_rate': 0.8, 'embedding_size': 64, 'layer_num': 8, 'reg_weight': 1e-06, 'amazon': {'layer_num': 8, 'reg_weight': 1e-06}, 'yelp': {'layer_num': 3, 'reg_weight': 1e-06}, 'steam': {'layer_num': 2, 'reg_weight': 1e-06}, 'Office': {'layer_num': 3, 'reg_weight': 1e-06}}}
2025-10-02 13:44:53,270 - Epoch   0 Validation set [recall@5: 0.0181 recall@10: 0.0291 recall@20: 0.0488 ] [ndcg@5: 0.0178 ndcg@10: 0.0216 ndcg@20: 0.0282 ] 
2025-10-02 13:45:00,449 - Epoch   3 Validation set [recall@5: 0.0216 recall@10: 0.0356 recall@20: 0.0578 ] [ndcg@5: 0.0221 ndcg@10: 0.0270 ndcg@20: 0.0343 ] 
2025-10-02 13:45:07,370 - Epoch   6 Validation set [recall@5: 0.0270 recall@10: 0.0434 recall@20: 0.0706 ] [ndcg@5: 0.0271 ndcg@10: 0.0327 ndcg@20: 0.0415 ] 
2025-10-02 13:45:13,450 - Epoch   9 Validation set [recall@5: 0.0297 recall@10: 0.0475 recall@20: 0.0766 ] [ndcg@5: 0.0306 ndcg@10: 0.0366 ndcg@20: 0.0459 ] 
2025-10-02 13:45:21,030 - Epoch  12 Validation set [recall@5: 0.0319 recall@10: 0.0501 recall@20: 0.0816 ] [ndcg@5: 0.0331 ndcg@10: 0.0391 ndcg@20: 0.0493 ] 
2025-10-02 13:45:27,896 - Epoch  15 Validation set [recall@5: 0.0343 recall@10: 0.0522 recall@20: 0.0866 ] [ndcg@5: 0.0347 ndcg@10: 0.0406 ndcg@20: 0.0517 ] 
2025-10-02 13:45:34,728 - Epoch  18 Validation set [recall@5: 0.0353 recall@10: 0.0553 recall@20: 0.0912 ] [ndcg@5: 0.0360 ndcg@10: 0.0427 ndcg@20: 0.0543 ] 
2025-10-02 13:45:41,360 - Epoch  21 Validation set [recall@5: 0.0367 recall@10: 0.0577 recall@20: 0.0959 ] [ndcg@5: 0.0373 ndcg@10: 0.0444 ndcg@20: 0.0568 ] 
2025-10-02 13:45:47,675 - Epoch  24 Validation set [recall@5: 0.0383 recall@10: 0.0616 recall@20: 0.0991 ] [ndcg@5: 0.0391 ndcg@10: 0.0470 ndcg@20: 0.0591 ] 
2025-10-02 13:45:54,220 - Epoch  27 Validation set [recall@5: 0.0402 recall@10: 0.0631 recall@20: 0.1011 ] [ndcg@5: 0.0406 ndcg@10: 0.0484 ndcg@20: 0.0606 ] 
2025-10-02 13:46:01,007 - Epoch  30 Validation set [recall@5: 0.0406 recall@10: 0.0651 recall@20: 0.1040 ] [ndcg@5: 0.0412 ndcg@10: 0.0498 ndcg@20: 0.0623 ] 
2025-10-02 13:46:07,332 - Epoch  33 Validation set [recall@5: 0.0417 recall@10: 0.0664 recall@20: 0.1043 ] [ndcg@5: 0.0421 ndcg@10: 0.0506 ndcg@20: 0.0630 ] 
2025-10-02 13:46:14,336 - Epoch  36 Validation set [recall@5: 0.0428 recall@10: 0.0684 recall@20: 0.1063 ] [ndcg@5: 0.0430 ndcg@10: 0.0519 ndcg@20: 0.0642 ] 
2025-10-02 13:46:21,436 - Epoch  39 Validation set [recall@5: 0.0439 recall@10: 0.0695 recall@20: 0.1083 ] [ndcg@5: 0.0441 ndcg@10: 0.0530 ndcg@20: 0.0656 ] 
2025-10-02 13:46:29,306 - Epoch  42 Validation set [recall@5: 0.0451 recall@10: 0.0703 recall@20: 0.1105 ] [ndcg@5: 0.0451 ndcg@10: 0.0537 ndcg@20: 0.0668 ] 
2025-10-02 13:46:36,917 - Epoch  45 Validation set [recall@5: 0.0456 recall@10: 0.0713 recall@20: 0.1114 ] [ndcg@5: 0.0457 ndcg@10: 0.0544 ndcg@20: 0.0675 ] 
2025-10-02 13:46:44,357 - Epoch  48 Validation set [recall@5: 0.0463 recall@10: 0.0718 recall@20: 0.1137 ] [ndcg@5: 0.0459 ndcg@10: 0.0546 ndcg@20: 0.0681 ] 
2025-10-02 13:46:51,511 - Epoch  51 Validation set [recall@5: 0.0461 recall@10: 0.0727 recall@20: 0.1151 ] [ndcg@5: 0.0460 ndcg@10: 0.0552 ndcg@20: 0.0689 ] 
2025-10-02 13:46:58,565 - Epoch  54 Validation set [recall@5: 0.0468 recall@10: 0.0742 recall@20: 0.1162 ] [ndcg@5: 0.0465 ndcg@10: 0.0560 ndcg@20: 0.0696 ] 
2025-10-02 13:47:05,800 - Epoch  57 Validation set [recall@5: 0.0469 recall@10: 0.0745 recall@20: 0.1172 ] [ndcg@5: 0.0468 ndcg@10: 0.0564 ndcg@20: 0.0702 ] 
2025-10-02 13:47:12,070 - Epoch  60 Validation set [recall@5: 0.0474 recall@10: 0.0755 recall@20: 0.1183 ] [ndcg@5: 0.0476 ndcg@10: 0.0572 ndcg@20: 0.0711 ] 
2025-10-02 13:47:18,846 - Epoch  63 Validation set [recall@5: 0.0486 recall@10: 0.0766 recall@20: 0.1201 ] [ndcg@5: 0.0483 ndcg@10: 0.0579 ndcg@20: 0.0720 ] 
2025-10-02 13:47:26,341 - Epoch  66 Validation set [recall@5: 0.0494 recall@10: 0.0768 recall@20: 0.1196 ] [ndcg@5: 0.0490 ndcg@10: 0.0584 ndcg@20: 0.0723 ] 
2025-10-02 13:47:32,947 - Epoch  69 Validation set [recall@5: 0.0494 recall@10: 0.0767 recall@20: 0.1218 ] [ndcg@5: 0.0490 ndcg@10: 0.0585 ndcg@20: 0.0731 ] 
2025-10-02 13:47:40,279 - Epoch  72 Validation set [recall@5: 0.0496 recall@10: 0.0783 recall@20: 0.1235 ] [ndcg@5: 0.0495 ndcg@10: 0.0593 ndcg@20: 0.0740 ] 
2025-10-02 13:47:48,377 - Epoch  75 Validation set [recall@5: 0.0500 recall@10: 0.0793 recall@20: 0.1242 ] [ndcg@5: 0.0500 ndcg@10: 0.0601 ndcg@20: 0.0746 ] 
2025-10-02 13:47:56,125 - Epoch  78 Validation set [recall@5: 0.0511 recall@10: 0.0796 recall@20: 0.1250 ] [ndcg@5: 0.0507 ndcg@10: 0.0604 ndcg@20: 0.0752 ] 
2025-10-02 13:48:02,948 - Epoch  81 Validation set [recall@5: 0.0511 recall@10: 0.0811 recall@20: 0.1255 ] [ndcg@5: 0.0509 ndcg@10: 0.0611 ndcg@20: 0.0754 ] 
2025-10-02 13:48:09,971 - Epoch  84 Validation set [recall@5: 0.0511 recall@10: 0.0810 recall@20: 0.1261 ] [ndcg@5: 0.0512 ndcg@10: 0.0614 ndcg@20: 0.0760 ] 
2025-10-02 13:48:17,598 - Epoch  87 Validation set [recall@5: 0.0510 recall@10: 0.0820 recall@20: 0.1272 ] [ndcg@5: 0.0513 ndcg@10: 0.0620 ndcg@20: 0.0765 ] 
2025-10-02 13:48:24,850 - Epoch  90 Validation set [recall@5: 0.0520 recall@10: 0.0820 recall@20: 0.1277 ] [ndcg@5: 0.0518 ndcg@10: 0.0621 ndcg@20: 0.0769 ] 
2025-10-02 13:48:31,424 - Epoch  93 Validation set [recall@5: 0.0526 recall@10: 0.0828 recall@20: 0.1281 ] [ndcg@5: 0.0521 ndcg@10: 0.0623 ndcg@20: 0.0771 ] 
2025-10-02 13:48:38,214 - Epoch  96 Validation set [recall@5: 0.0527 recall@10: 0.0835 recall@20: 0.1292 ] [ndcg@5: 0.0522 ndcg@10: 0.0628 ndcg@20: 0.0777 ] 
2025-10-02 13:48:45,048 - Epoch  99 Validation set [recall@5: 0.0521 recall@10: 0.0844 recall@20: 0.1302 ] [ndcg@5: 0.0522 ndcg@10: 0.0634 ndcg@20: 0.0783 ] 
2025-10-02 13:48:51,990 - Epoch 102 Validation set [recall@5: 0.0522 recall@10: 0.0841 recall@20: 0.1313 ] [ndcg@5: 0.0524 ndcg@10: 0.0635 ndcg@20: 0.0789 ] 
2025-10-02 13:48:58,986 - Epoch 105 Validation set [recall@5: 0.0529 recall@10: 0.0847 recall@20: 0.1320 ] [ndcg@5: 0.0525 ndcg@10: 0.0635 ndcg@20: 0.0789 ] 
2025-10-02 13:49:06,535 - Epoch 108 Validation set [recall@5: 0.0528 recall@10: 0.0843 recall@20: 0.1314 ] [ndcg@5: 0.0529 ndcg@10: 0.0637 ndcg@20: 0.0792 ] 
2025-10-02 13:49:13,197 - Epoch 111 Validation set [recall@5: 0.0540 recall@10: 0.0856 recall@20: 0.1325 ] [ndcg@5: 0.0532 ndcg@10: 0.0641 ndcg@20: 0.0795 ] 
2025-10-02 13:49:20,649 - Epoch 114 Validation set [recall@5: 0.0544 recall@10: 0.0865 recall@20: 0.1325 ] [ndcg@5: 0.0539 ndcg@10: 0.0649 ndcg@20: 0.0799 ] 
2025-10-02 13:49:27,602 - Epoch 117 Validation set [recall@5: 0.0547 recall@10: 0.0863 recall@20: 0.1329 ] [ndcg@5: 0.0540 ndcg@10: 0.0649 ndcg@20: 0.0800 ] 
2025-10-02 13:49:35,229 - Epoch 120 Validation set [recall@5: 0.0550 recall@10: 0.0864 recall@20: 0.1339 ] [ndcg@5: 0.0541 ndcg@10: 0.0649 ndcg@20: 0.0804 ] 
2025-10-02 13:49:42,493 - Epoch 123 Validation set [recall@5: 0.0550 recall@10: 0.0867 recall@20: 0.1347 ] [ndcg@5: 0.0545 ndcg@10: 0.0654 ndcg@20: 0.0809 ] 
2025-10-02 13:49:48,685 - Epoch 126 Validation set [recall@5: 0.0547 recall@10: 0.0859 recall@20: 0.1343 ] [ndcg@5: 0.0542 ndcg@10: 0.0650 ndcg@20: 0.0807 ] 
2025-10-02 13:49:55,260 - Epoch 129 Validation set [recall@5: 0.0551 recall@10: 0.0874 recall@20: 0.1358 ] [ndcg@5: 0.0546 ndcg@10: 0.0657 ndcg@20: 0.0814 ] 
2025-10-02 13:50:02,296 - Epoch 132 Validation set [recall@5: 0.0545 recall@10: 0.0872 recall@20: 0.1354 ] [ndcg@5: 0.0544 ndcg@10: 0.0656 ndcg@20: 0.0812 ] 
2025-10-02 13:50:09,162 - Epoch 135 Validation set [recall@5: 0.0546 recall@10: 0.0871 recall@20: 0.1357 ] [ndcg@5: 0.0544 ndcg@10: 0.0656 ndcg@20: 0.0814 ] 
2025-10-02 13:50:15,759 - Epoch 138 Validation set [recall@5: 0.0551 recall@10: 0.0878 recall@20: 0.1365 ] [ndcg@5: 0.0547 ndcg@10: 0.0659 ndcg@20: 0.0818 ] 
2025-10-02 13:50:23,377 - Epoch 141 Validation set [recall@5: 0.0550 recall@10: 0.0879 recall@20: 0.1363 ] [ndcg@5: 0.0546 ndcg@10: 0.0660 ndcg@20: 0.0819 ] 
2025-10-02 13:50:31,087 - Epoch 144 Validation set [recall@5: 0.0552 recall@10: 0.0888 recall@20: 0.1369 ] [ndcg@5: 0.0548 ndcg@10: 0.0664 ndcg@20: 0.0822 ] 
2025-10-02 13:50:38,908 - Epoch 147 Validation set [recall@5: 0.0560 recall@10: 0.0884 recall@20: 0.1375 ] [ndcg@5: 0.0554 ndcg@10: 0.0665 ndcg@20: 0.0826 ] 
2025-10-02 13:50:45,235 - Epoch 150 Validation set [recall@5: 0.0556 recall@10: 0.0886 recall@20: 0.1377 ] [ndcg@5: 0.0553 ndcg@10: 0.0667 ndcg@20: 0.0828 ] 
2025-10-02 13:50:52,444 - Epoch 153 Validation set [recall@5: 0.0550 recall@10: 0.0887 recall@20: 0.1390 ] [ndcg@5: 0.0552 ndcg@10: 0.0669 ndcg@20: 0.0833 ] 
2025-10-02 13:50:58,999 - Epoch 156 Validation set [recall@5: 0.0557 recall@10: 0.0898 recall@20: 0.1387 ] [ndcg@5: 0.0556 ndcg@10: 0.0675 ndcg@20: 0.0835 ] 
2025-10-02 13:51:06,426 - Epoch 159 Validation set [recall@5: 0.0562 recall@10: 0.0887 recall@20: 0.1382 ] [ndcg@5: 0.0556 ndcg@10: 0.0670 ndcg@20: 0.0831 ] 
2025-10-02 13:51:14,237 - Epoch 162 Validation set [recall@5: 0.0560 recall@10: 0.0892 recall@20: 0.1390 ] [ndcg@5: 0.0558 ndcg@10: 0.0674 ndcg@20: 0.0837 ] 
2025-10-02 13:51:20,812 - Epoch 165 Validation set [recall@5: 0.0564 recall@10: 0.0896 recall@20: 0.1396 ] [ndcg@5: 0.0561 ndcg@10: 0.0676 ndcg@20: 0.0838 ] 
2025-10-02 13:51:27,661 - Epoch 168 Validation set [recall@5: 0.0567 recall@10: 0.0903 recall@20: 0.1403 ] [ndcg@5: 0.0560 ndcg@10: 0.0677 ndcg@20: 0.0840 ] 
2025-10-02 13:51:34,767 - Epoch 171 Validation set [recall@5: 0.0568 recall@10: 0.0905 recall@20: 0.1392 ] [ndcg@5: 0.0562 ndcg@10: 0.0680 ndcg@20: 0.0839 ] 
2025-10-02 13:51:42,212 - Epoch 174 Validation set [recall@5: 0.0564 recall@10: 0.0900 recall@20: 0.1402 ] [ndcg@5: 0.0559 ndcg@10: 0.0677 ndcg@20: 0.0841 ] 
2025-10-02 13:51:49,117 - Epoch 177 Validation set [recall@5: 0.0565 recall@10: 0.0905 recall@20: 0.1410 ] [ndcg@5: 0.0562 ndcg@10: 0.0680 ndcg@20: 0.0845 ] 
2025-10-02 13:51:55,725 - Epoch 180 Validation set [recall@5: 0.0563 recall@10: 0.0906 recall@20: 0.1408 ] [ndcg@5: 0.0559 ndcg@10: 0.0679 ndcg@20: 0.0843 ] 
2025-10-02 13:52:02,826 - Epoch 183 Validation set [recall@5: 0.0565 recall@10: 0.0901 recall@20: 0.1405 ] [ndcg@5: 0.0559 ndcg@10: 0.0678 ndcg@20: 0.0842 ] 
2025-10-02 13:52:10,657 - Epoch 186 Validation set [recall@5: 0.0568 recall@10: 0.0908 recall@20: 0.1409 ] [ndcg@5: 0.0558 ndcg@10: 0.0679 ndcg@20: 0.0843 ] 
2025-10-02 13:52:17,928 - Epoch 189 Validation set [recall@5: 0.0573 recall@10: 0.0912 recall@20: 0.1408 ] [ndcg@5: 0.0559 ndcg@10: 0.0679 ndcg@20: 0.0841 ] 
2025-10-02 13:52:24,733 - Epoch 192 Validation set [recall@5: 0.0570 recall@10: 0.0911 recall@20: 0.1416 ] [ndcg@5: 0.0558 ndcg@10: 0.0679 ndcg@20: 0.0845 ] 
2025-10-02 13:52:32,153 - Epoch 195 Validation set [recall@5: 0.0570 recall@10: 0.0915 recall@20: 0.1415 ] [ndcg@5: 0.0565 ndcg@10: 0.0687 ndcg@20: 0.0850 ] 
2025-10-02 13:52:38,981 - Epoch 198 Validation set [recall@5: 0.0576 recall@10: 0.0921 recall@20: 0.1417 ] [ndcg@5: 0.0568 ndcg@10: 0.0689 ndcg@20: 0.0851 ] 
2025-10-02 13:52:46,408 - Epoch 201 Validation set [recall@5: 0.0578 recall@10: 0.0914 recall@20: 0.1417 ] [ndcg@5: 0.0568 ndcg@10: 0.0685 ndcg@20: 0.0850 ] 
2025-10-02 13:52:52,995 - Epoch 204 Validation set [recall@5: 0.0573 recall@10: 0.0915 recall@20: 0.1412 ] [ndcg@5: 0.0565 ndcg@10: 0.0685 ndcg@20: 0.0847 ] 
2025-10-02 13:52:59,745 - Epoch 207 Validation set [recall@5: 0.0573 recall@10: 0.0918 recall@20: 0.1421 ] [ndcg@5: 0.0569 ndcg@10: 0.0690 ndcg@20: 0.0854 ] 
2025-10-02 13:53:06,398 - Epoch 210 Validation set [recall@5: 0.0578 recall@10: 0.0915 recall@20: 0.1423 ] [ndcg@5: 0.0571 ndcg@10: 0.0688 ndcg@20: 0.0854 ] 
2025-10-02 13:53:12,859 - Epoch 213 Validation set [recall@5: 0.0575 recall@10: 0.0914 recall@20: 0.1430 ] [ndcg@5: 0.0569 ndcg@10: 0.0688 ndcg@20: 0.0856 ] 
2025-10-02 13:53:19,376 - Epoch 216 Validation set [recall@5: 0.0580 recall@10: 0.0917 recall@20: 0.1428 ] [ndcg@5: 0.0569 ndcg@10: 0.0689 ndcg@20: 0.0855 ] 
2025-10-02 13:53:25,797 - Epoch 219 Validation set [recall@5: 0.0575 recall@10: 0.0916 recall@20: 0.1426 ] [ndcg@5: 0.0565 ndcg@10: 0.0686 ndcg@20: 0.0853 ] 
2025-10-02 13:53:32,116 - Epoch 222 Validation set [recall@5: 0.0578 recall@10: 0.0920 recall@20: 0.1431 ] [ndcg@5: 0.0570 ndcg@10: 0.0692 ndcg@20: 0.0858 ] 
2025-10-02 13:53:38,858 - Epoch 225 Validation set [recall@5: 0.0573 recall@10: 0.0919 recall@20: 0.1428 ] [ndcg@5: 0.0569 ndcg@10: 0.0690 ndcg@20: 0.0856 ] 
2025-10-02 13:53:46,541 - Epoch 228 Validation set [recall@5: 0.0573 recall@10: 0.0920 recall@20: 0.1429 ] [ndcg@5: 0.0570 ndcg@10: 0.0692 ndcg@20: 0.0858 ] 
2025-10-02 13:53:53,853 - Epoch 231 Validation set [recall@5: 0.0577 recall@10: 0.0924 recall@20: 0.1439 ] [ndcg@5: 0.0571 ndcg@10: 0.0692 ndcg@20: 0.0861 ] 
2025-10-02 13:54:00,995 - Epoch 234 Validation set [recall@5: 0.0579 recall@10: 0.0926 recall@20: 0.1428 ] [ndcg@5: 0.0572 ndcg@10: 0.0692 ndcg@20: 0.0856 ] 
2025-10-02 13:54:08,276 - Epoch 237 Validation set [recall@5: 0.0584 recall@10: 0.0929 recall@20: 0.1437 ] [ndcg@5: 0.0571 ndcg@10: 0.0692 ndcg@20: 0.0859 ] 
2025-10-02 13:54:15,238 - Epoch 240 Validation set [recall@5: 0.0586 recall@10: 0.0930 recall@20: 0.1433 ] [ndcg@5: 0.0577 ndcg@10: 0.0697 ndcg@20: 0.0863 ] 
2025-10-02 13:54:22,868 - Epoch 243 Validation set [recall@5: 0.0587 recall@10: 0.0925 recall@20: 0.1434 ] [ndcg@5: 0.0575 ndcg@10: 0.0694 ndcg@20: 0.0862 ] 
2025-10-02 13:54:29,615 - Epoch 246 Validation set [recall@5: 0.0587 recall@10: 0.0927 recall@20: 0.1435 ] [ndcg@5: 0.0575 ndcg@10: 0.0695 ndcg@20: 0.0863 ] 
2025-10-02 13:54:31,348 - [recall@5: 0.0577 recall@10: 0.0924 recall@20: 0.1439 ] [ndcg@5: 0.0571 ndcg@10: 0.0692 ndcg@20: 0.0861 ] 
2025-10-02 13:54:33,181 - [recall@5: 0.0583 recall@10: 0.0900 recall@20: 0.1409 ] [ndcg@5: 0.0584 ndcg@10: 0.0689 ndcg@20: 0.0857 ] 
2025-10-02 13:54:33,182 - Best Epoch 231. Final test result: {'recall': array([0.05834056, 0.09003136, 0.14089898]), 'ndcg': array([0.05839539, 0.06890535, 0.08570259])}.
