2025-10-02 13:28:26,448 - {'optimizer': {'name': 'adam', 'lr': 0.001, 'weight_decay': 0}, 'train': {'epoch': 3000, 'batch_size': 4096, 'save_model': False, 'loss': 'pairwise', 'test_step': 3, 'reproducible': True, 'seed': 2023, 'patience': 5}, 'test': {'metrics': ['recall', 'ndcg'], 'k': [5, 10, 20], 'batch_size': 1024}, 'data': {'type': 'general_cf', 'name': 'amazon', 'user_num': 11000, 'item_num': 9332}, 'model': {'name': 'lightgcn', 'keep_rate': 0.8, 'embedding_size': 64, 'layer_num': 6, 'reg_weight': 1e-06, 'amazon': {'layer_num': 6, 'reg_weight': 1e-06}, 'yelp': {'layer_num': 3, 'reg_weight': 1e-06}, 'steam': {'layer_num': 2, 'reg_weight': 1e-06}, 'Office': {'layer_num': 3, 'reg_weight': 1e-06}}}
2025-10-02 13:28:31,165 - Epoch   0 Validation set [recall@5: 0.0184 recall@10: 0.0303 recall@20: 0.0512 ] [ndcg@5: 0.0185 ndcg@10: 0.0228 ndcg@20: 0.0297 ] 
2025-10-02 13:28:38,113 - Epoch   3 Validation set [recall@5: 0.0222 recall@10: 0.0366 recall@20: 0.0589 ] [ndcg@5: 0.0224 ndcg@10: 0.0274 ndcg@20: 0.0348 ] 
2025-10-02 13:28:44,664 - Epoch   6 Validation set [recall@5: 0.0288 recall@10: 0.0457 recall@20: 0.0731 ] [ndcg@5: 0.0288 ndcg@10: 0.0344 ndcg@20: 0.0433 ] 
2025-10-02 13:28:50,680 - Epoch   9 Validation set [recall@5: 0.0310 recall@10: 0.0483 recall@20: 0.0794 ] [ndcg@5: 0.0322 ndcg@10: 0.0380 ndcg@20: 0.0481 ] 
2025-10-02 13:28:56,924 - Epoch  12 Validation set [recall@5: 0.0332 recall@10: 0.0519 recall@20: 0.0845 ] [ndcg@5: 0.0343 ndcg@10: 0.0405 ndcg@20: 0.0511 ] 
2025-10-02 13:29:03,287 - Epoch  15 Validation set [recall@5: 0.0360 recall@10: 0.0554 recall@20: 0.0909 ] [ndcg@5: 0.0364 ndcg@10: 0.0428 ndcg@20: 0.0542 ] 
2025-10-02 13:29:09,429 - Epoch  18 Validation set [recall@5: 0.0370 recall@10: 0.0590 recall@20: 0.0956 ] [ndcg@5: 0.0377 ndcg@10: 0.0452 ndcg@20: 0.0570 ] 
2025-10-02 13:29:15,342 - Epoch  21 Validation set [recall@5: 0.0386 recall@10: 0.0630 recall@20: 0.0992 ] [ndcg@5: 0.0393 ndcg@10: 0.0476 ndcg@20: 0.0594 ] 
2025-10-02 13:29:22,020 - Epoch  24 Validation set [recall@5: 0.0410 recall@10: 0.0663 recall@20: 0.1033 ] [ndcg@5: 0.0415 ndcg@10: 0.0502 ndcg@20: 0.0622 ] 
2025-10-02 13:29:28,607 - Epoch  27 Validation set [recall@5: 0.0423 recall@10: 0.0680 recall@20: 0.1061 ] [ndcg@5: 0.0429 ndcg@10: 0.0516 ndcg@20: 0.0640 ] 
2025-10-02 13:29:34,745 - Epoch  30 Validation set [recall@5: 0.0437 recall@10: 0.0693 recall@20: 0.1086 ] [ndcg@5: 0.0439 ndcg@10: 0.0527 ndcg@20: 0.0654 ] 
2025-10-02 13:29:40,821 - Epoch  33 Validation set [recall@5: 0.0444 recall@10: 0.0699 recall@20: 0.1104 ] [ndcg@5: 0.0445 ndcg@10: 0.0530 ndcg@20: 0.0662 ] 
2025-10-02 13:29:47,406 - Epoch  36 Validation set [recall@5: 0.0451 recall@10: 0.0715 recall@20: 0.1118 ] [ndcg@5: 0.0454 ndcg@10: 0.0544 ndcg@20: 0.0674 ] 
2025-10-02 13:29:54,197 - Epoch  39 Validation set [recall@5: 0.0464 recall@10: 0.0729 recall@20: 0.1136 ] [ndcg@5: 0.0464 ndcg@10: 0.0555 ndcg@20: 0.0687 ] 
2025-10-02 13:30:01,204 - Epoch  42 Validation set [recall@5: 0.0475 recall@10: 0.0739 recall@20: 0.1159 ] [ndcg@5: 0.0474 ndcg@10: 0.0562 ndcg@20: 0.0699 ] 
2025-10-02 13:30:08,373 - Epoch  45 Validation set [recall@5: 0.0478 recall@10: 0.0757 recall@20: 0.1177 ] [ndcg@5: 0.0477 ndcg@10: 0.0571 ndcg@20: 0.0708 ] 
2025-10-02 13:30:15,835 - Epoch  48 Validation set [recall@5: 0.0487 recall@10: 0.0762 recall@20: 0.1195 ] [ndcg@5: 0.0485 ndcg@10: 0.0577 ndcg@20: 0.0717 ] 
2025-10-02 13:30:22,925 - Epoch  51 Validation set [recall@5: 0.0483 recall@10: 0.0771 recall@20: 0.1207 ] [ndcg@5: 0.0485 ndcg@10: 0.0582 ndcg@20: 0.0724 ] 
2025-10-02 13:30:29,504 - Epoch  54 Validation set [recall@5: 0.0489 recall@10: 0.0785 recall@20: 0.1228 ] [ndcg@5: 0.0488 ndcg@10: 0.0590 ndcg@20: 0.0734 ] 
2025-10-02 13:30:35,474 - Epoch  57 Validation set [recall@5: 0.0494 recall@10: 0.0785 recall@20: 0.1232 ] [ndcg@5: 0.0493 ndcg@10: 0.0593 ndcg@20: 0.0739 ] 
2025-10-02 13:30:41,811 - Epoch  60 Validation set [recall@5: 0.0505 recall@10: 0.0796 recall@20: 0.1245 ] [ndcg@5: 0.0501 ndcg@10: 0.0600 ndcg@20: 0.0746 ] 
2025-10-02 13:30:48,056 - Epoch  63 Validation set [recall@5: 0.0514 recall@10: 0.0805 recall@20: 0.1261 ] [ndcg@5: 0.0509 ndcg@10: 0.0608 ndcg@20: 0.0757 ] 
2025-10-02 13:30:54,496 - Epoch  66 Validation set [recall@5: 0.0518 recall@10: 0.0809 recall@20: 0.1273 ] [ndcg@5: 0.0512 ndcg@10: 0.0612 ndcg@20: 0.0762 ] 
2025-10-02 13:31:00,752 - Epoch  69 Validation set [recall@5: 0.0514 recall@10: 0.0814 recall@20: 0.1280 ] [ndcg@5: 0.0514 ndcg@10: 0.0617 ndcg@20: 0.0768 ] 
2025-10-02 13:31:07,234 - Epoch  72 Validation set [recall@5: 0.0527 recall@10: 0.0827 recall@20: 0.1293 ] [ndcg@5: 0.0524 ndcg@10: 0.0627 ndcg@20: 0.0777 ] 
2025-10-02 13:31:13,123 - Epoch  75 Validation set [recall@5: 0.0530 recall@10: 0.0834 recall@20: 0.1304 ] [ndcg@5: 0.0529 ndcg@10: 0.0634 ndcg@20: 0.0786 ] 
2025-10-02 13:31:18,522 - Epoch  78 Validation set [recall@5: 0.0536 recall@10: 0.0842 recall@20: 0.1312 ] [ndcg@5: 0.0533 ndcg@10: 0.0638 ndcg@20: 0.0791 ] 
2025-10-02 13:31:24,330 - Epoch  81 Validation set [recall@5: 0.0530 recall@10: 0.0857 recall@20: 0.1324 ] [ndcg@5: 0.0531 ndcg@10: 0.0645 ndcg@20: 0.0797 ] 
2025-10-02 13:31:30,435 - Epoch  84 Validation set [recall@5: 0.0533 recall@10: 0.0861 recall@20: 0.1330 ] [ndcg@5: 0.0537 ndcg@10: 0.0650 ndcg@20: 0.0802 ] 
2025-10-02 13:31:36,768 - Epoch  87 Validation set [recall@5: 0.0530 recall@10: 0.0863 recall@20: 0.1338 ] [ndcg@5: 0.0538 ndcg@10: 0.0653 ndcg@20: 0.0807 ] 
2025-10-02 13:31:43,573 - Epoch  90 Validation set [recall@5: 0.0537 recall@10: 0.0860 recall@20: 0.1347 ] [ndcg@5: 0.0540 ndcg@10: 0.0651 ndcg@20: 0.0809 ] 
2025-10-02 13:31:50,348 - Epoch  93 Validation set [recall@5: 0.0547 recall@10: 0.0866 recall@20: 0.1335 ] [ndcg@5: 0.0545 ndcg@10: 0.0653 ndcg@20: 0.0807 ] 
2025-10-02 13:31:57,164 - Epoch  96 Validation set [recall@5: 0.0552 recall@10: 0.0882 recall@20: 0.1360 ] [ndcg@5: 0.0550 ndcg@10: 0.0663 ndcg@20: 0.0819 ] 
2025-10-02 13:32:03,533 - Epoch  99 Validation set [recall@5: 0.0554 recall@10: 0.0887 recall@20: 0.1360 ] [ndcg@5: 0.0551 ndcg@10: 0.0667 ndcg@20: 0.0822 ] 
2025-10-02 13:32:09,618 - Epoch 102 Validation set [recall@5: 0.0549 recall@10: 0.0888 recall@20: 0.1383 ] [ndcg@5: 0.0550 ndcg@10: 0.0669 ndcg@20: 0.0829 ] 
2025-10-02 13:32:16,363 - Epoch 105 Validation set [recall@5: 0.0561 recall@10: 0.0889 recall@20: 0.1386 ] [ndcg@5: 0.0555 ndcg@10: 0.0669 ndcg@20: 0.0831 ] 
2025-10-02 13:32:22,268 - Epoch 108 Validation set [recall@5: 0.0561 recall@10: 0.0892 recall@20: 0.1387 ] [ndcg@5: 0.0557 ndcg@10: 0.0673 ndcg@20: 0.0834 ] 
2025-10-02 13:32:29,427 - Epoch 111 Validation set [recall@5: 0.0568 recall@10: 0.0905 recall@20: 0.1387 ] [ndcg@5: 0.0562 ndcg@10: 0.0679 ndcg@20: 0.0835 ] 
2025-10-02 13:32:35,692 - Epoch 114 Validation set [recall@5: 0.0574 recall@10: 0.0914 recall@20: 0.1397 ] [ndcg@5: 0.0568 ndcg@10: 0.0686 ndcg@20: 0.0842 ] 
2025-10-02 13:32:42,595 - Epoch 117 Validation set [recall@5: 0.0574 recall@10: 0.0914 recall@20: 0.1400 ] [ndcg@5: 0.0566 ndcg@10: 0.0685 ndcg@20: 0.0843 ] 
2025-10-02 13:32:49,985 - Epoch 120 Validation set [recall@5: 0.0577 recall@10: 0.0910 recall@20: 0.1406 ] [ndcg@5: 0.0567 ndcg@10: 0.0683 ndcg@20: 0.0845 ] 
2025-10-02 13:32:57,168 - Epoch 123 Validation set [recall@5: 0.0582 recall@10: 0.0912 recall@20: 0.1404 ] [ndcg@5: 0.0573 ndcg@10: 0.0686 ndcg@20: 0.0847 ] 
2025-10-02 13:33:04,051 - Epoch 126 Validation set [recall@5: 0.0580 recall@10: 0.0916 recall@20: 0.1412 ] [ndcg@5: 0.0570 ndcg@10: 0.0687 ndcg@20: 0.0848 ] 
2025-10-02 13:33:10,210 - Epoch 129 Validation set [recall@5: 0.0580 recall@10: 0.0924 recall@20: 0.1428 ] [ndcg@5: 0.0571 ndcg@10: 0.0692 ndcg@20: 0.0855 ] 
2025-10-02 13:33:16,444 - Epoch 132 Validation set [recall@5: 0.0581 recall@10: 0.0922 recall@20: 0.1419 ] [ndcg@5: 0.0577 ndcg@10: 0.0694 ndcg@20: 0.0855 ] 
2025-10-02 13:33:22,710 - Epoch 135 Validation set [recall@5: 0.0577 recall@10: 0.0919 recall@20: 0.1419 ] [ndcg@5: 0.0572 ndcg@10: 0.0692 ndcg@20: 0.0855 ] 
2025-10-02 13:33:29,012 - Epoch 138 Validation set [recall@5: 0.0579 recall@10: 0.0926 recall@20: 0.1421 ] [ndcg@5: 0.0574 ndcg@10: 0.0695 ndcg@20: 0.0856 ] 
2025-10-02 13:33:35,703 - Epoch 141 Validation set [recall@5: 0.0587 recall@10: 0.0927 recall@20: 0.1430 ] [ndcg@5: 0.0580 ndcg@10: 0.0698 ndcg@20: 0.0863 ] 
2025-10-02 13:33:42,696 - Epoch 144 Validation set [recall@5: 0.0588 recall@10: 0.0934 recall@20: 0.1444 ] [ndcg@5: 0.0581 ndcg@10: 0.0702 ndcg@20: 0.0867 ] 
2025-10-02 13:33:49,465 - Epoch 147 Validation set [recall@5: 0.0593 recall@10: 0.0934 recall@20: 0.1449 ] [ndcg@5: 0.0585 ndcg@10: 0.0705 ndcg@20: 0.0872 ] 
2025-10-02 13:33:56,105 - Epoch 150 Validation set [recall@5: 0.0594 recall@10: 0.0937 recall@20: 0.1452 ] [ndcg@5: 0.0586 ndcg@10: 0.0706 ndcg@20: 0.0873 ] 
2025-10-02 13:34:03,268 - Epoch 153 Validation set [recall@5: 0.0588 recall@10: 0.0939 recall@20: 0.1449 ] [ndcg@5: 0.0587 ndcg@10: 0.0709 ndcg@20: 0.0876 ] 
2025-10-02 13:34:09,971 - Epoch 156 Validation set [recall@5: 0.0594 recall@10: 0.0944 recall@20: 0.1443 ] [ndcg@5: 0.0590 ndcg@10: 0.0713 ndcg@20: 0.0875 ] 
2025-10-02 13:34:17,124 - Epoch 159 Validation set [recall@5: 0.0598 recall@10: 0.0939 recall@20: 0.1450 ] [ndcg@5: 0.0590 ndcg@10: 0.0711 ndcg@20: 0.0877 ] 
2025-10-02 13:34:24,433 - Epoch 162 Validation set [recall@5: 0.0598 recall@10: 0.0947 recall@20: 0.1453 ] [ndcg@5: 0.0589 ndcg@10: 0.0713 ndcg@20: 0.0877 ] 
2025-10-02 13:34:31,729 - Epoch 165 Validation set [recall@5: 0.0597 recall@10: 0.0943 recall@20: 0.1451 ] [ndcg@5: 0.0592 ndcg@10: 0.0714 ndcg@20: 0.0879 ] 
2025-10-02 13:34:38,522 - Epoch 168 Validation set [recall@5: 0.0600 recall@10: 0.0951 recall@20: 0.1463 ] [ndcg@5: 0.0590 ndcg@10: 0.0714 ndcg@20: 0.0881 ] 
2025-10-02 13:34:45,303 - Epoch 171 Validation set [recall@5: 0.0600 recall@10: 0.0954 recall@20: 0.1454 ] [ndcg@5: 0.0592 ndcg@10: 0.0718 ndcg@20: 0.0881 ] 
2025-10-02 13:34:52,533 - Epoch 174 Validation set [recall@5: 0.0604 recall@10: 0.0956 recall@20: 0.1468 ] [ndcg@5: 0.0594 ndcg@10: 0.0720 ndcg@20: 0.0887 ] 
2025-10-02 13:34:59,518 - Epoch 177 Validation set [recall@5: 0.0600 recall@10: 0.0962 recall@20: 0.1474 ] [ndcg@5: 0.0592 ndcg@10: 0.0723 ndcg@20: 0.0889 ] 
2025-10-02 13:35:05,210 - Epoch 180 Validation set [recall@5: 0.0611 recall@10: 0.0962 recall@20: 0.1477 ] [ndcg@5: 0.0599 ndcg@10: 0.0723 ndcg@20: 0.0891 ] 
2025-10-02 13:35:10,550 - Epoch 183 Validation set [recall@5: 0.0605 recall@10: 0.0958 recall@20: 0.1465 ] [ndcg@5: 0.0596 ndcg@10: 0.0723 ndcg@20: 0.0889 ] 
2025-10-02 13:35:16,882 - Epoch 186 Validation set [recall@5: 0.0606 recall@10: 0.0964 recall@20: 0.1473 ] [ndcg@5: 0.0595 ndcg@10: 0.0722 ndcg@20: 0.0889 ] 
2025-10-02 13:35:22,755 - Epoch 189 Validation set [recall@5: 0.0607 recall@10: 0.0968 recall@20: 0.1481 ] [ndcg@5: 0.0593 ndcg@10: 0.0722 ndcg@20: 0.0889 ] 
2025-10-02 13:35:28,574 - Epoch 192 Validation set [recall@5: 0.0609 recall@10: 0.0959 recall@20: 0.1481 ] [ndcg@5: 0.0593 ndcg@10: 0.0717 ndcg@20: 0.0888 ] 
2025-10-02 13:35:35,288 - Epoch 195 Validation set [recall@5: 0.0608 recall@10: 0.0962 recall@20: 0.1474 ] [ndcg@5: 0.0596 ndcg@10: 0.0722 ndcg@20: 0.0889 ] 
2025-10-02 13:35:41,128 - Epoch 198 Validation set [recall@5: 0.0612 recall@10: 0.0959 recall@20: 0.1474 ] [ndcg@5: 0.0601 ndcg@10: 0.0724 ndcg@20: 0.0892 ] 
2025-10-02 13:35:47,905 - Epoch 201 Validation set [recall@5: 0.0612 recall@10: 0.0965 recall@20: 0.1488 ] [ndcg@5: 0.0602 ndcg@10: 0.0726 ndcg@20: 0.0896 ] 
2025-10-02 13:35:55,083 - Epoch 204 Validation set [recall@5: 0.0614 recall@10: 0.0963 recall@20: 0.1483 ] [ndcg@5: 0.0602 ndcg@10: 0.0724 ndcg@20: 0.0894 ] 
2025-10-02 13:36:02,055 - Epoch 207 Validation set [recall@5: 0.0618 recall@10: 0.0973 recall@20: 0.1481 ] [ndcg@5: 0.0608 ndcg@10: 0.0733 ndcg@20: 0.0899 ] 
2025-10-02 13:36:08,994 - Epoch 210 Validation set [recall@5: 0.0615 recall@10: 0.0971 recall@20: 0.1490 ] [ndcg@5: 0.0606 ndcg@10: 0.0731 ndcg@20: 0.0900 ] 
2025-10-02 13:36:16,172 - Epoch 213 Validation set [recall@5: 0.0608 recall@10: 0.0971 recall@20: 0.1487 ] [ndcg@5: 0.0604 ndcg@10: 0.0731 ndcg@20: 0.0900 ] 
2025-10-02 13:36:22,928 - Epoch 216 Validation set [recall@5: 0.0616 recall@10: 0.0977 recall@20: 0.1489 ] [ndcg@5: 0.0605 ndcg@10: 0.0732 ndcg@20: 0.0900 ] 
2025-10-02 13:36:28,521 - Epoch 219 Validation set [recall@5: 0.0612 recall@10: 0.0979 recall@20: 0.1488 ] [ndcg@5: 0.0602 ndcg@10: 0.0732 ndcg@20: 0.0899 ] 
2025-10-02 13:36:35,758 - Epoch 222 Validation set [recall@5: 0.0612 recall@10: 0.0987 recall@20: 0.1497 ] [ndcg@5: 0.0605 ndcg@10: 0.0738 ndcg@20: 0.0906 ] 
2025-10-02 13:36:42,566 - Epoch 225 Validation set [recall@5: 0.0612 recall@10: 0.0985 recall@20: 0.1492 ] [ndcg@5: 0.0604 ndcg@10: 0.0736 ndcg@20: 0.0903 ] 
2025-10-02 13:36:49,290 - Epoch 228 Validation set [recall@5: 0.0620 recall@10: 0.0985 recall@20: 0.1495 ] [ndcg@5: 0.0611 ndcg@10: 0.0737 ndcg@20: 0.0904 ] 
2025-10-02 13:36:55,836 - Epoch 231 Validation set [recall@5: 0.0617 recall@10: 0.0989 recall@20: 0.1496 ] [ndcg@5: 0.0608 ndcg@10: 0.0739 ndcg@20: 0.0905 ] 
2025-10-02 13:37:02,400 - Epoch 234 Validation set [recall@5: 0.0620 recall@10: 0.0992 recall@20: 0.1491 ] [ndcg@5: 0.0607 ndcg@10: 0.0737 ndcg@20: 0.0901 ] 
2025-10-02 13:37:09,253 - Epoch 237 Validation set [recall@5: 0.0623 recall@10: 0.0986 recall@20: 0.1490 ] [ndcg@5: 0.0606 ndcg@10: 0.0734 ndcg@20: 0.0900 ] 
2025-10-02 13:37:11,211 - [recall@5: 0.0612 recall@10: 0.0987 recall@20: 0.1497 ] [ndcg@5: 0.0605 ndcg@10: 0.0738 ndcg@20: 0.0906 ] 
2025-10-02 13:37:13,548 - [recall@5: 0.0603 recall@10: 0.0968 recall@20: 0.1463 ] [ndcg@5: 0.0603 ndcg@10: 0.0730 ndcg@20: 0.0892 ] 
2025-10-02 13:37:13,549 - Best Epoch 222. Final test result: {'recall': array([0.06032838, 0.09683617, 0.1462529 ]), 'ndcg': array([0.06029659, 0.07296294, 0.08923781])}.
