2025-10-01 16:43:09,928 - {'optimizer': {'name': 'adam', 'lr': 0.001, 'weight_decay': 0}, 'train': {'epoch': 3000, 'batch_size': 4096, 'save_model': False, 'loss': 'pairwise', 'test_step': 3, 'reproducible': True, 'seed': 2023, 'patience': 5}, 'test': {'metrics': ['recall', 'ndcg'], 'k': [5, 10, 20], 'batch_size': 1024}, 'data': {'type': 'general_cf', 'name': 'amazon', 'user_num': 11000, 'item_num': 9332}, 'model': {'name': 'lightgcn', 'keep_rate': 0.8, 'embedding_size': 64, 'layer_num': 5, 'reg_weight': 1e-06, 'amazon': {'layer_num': 5, 'reg_weight': 1e-06}, 'yelp': {'layer_num': 3, 'reg_weight': 1e-06}, 'steam': {'layer_num': 2, 'reg_weight': 1e-06}}}
2025-10-01 16:43:15,733 - Epoch   0 Validation set [recall@5: 0.0193 recall@10: 0.0312 recall@20: 0.0541 ] [ndcg@5: 0.0195 ndcg@10: 0.0237 ndcg@20: 0.0313 ] 
2025-10-01 16:43:24,126 - Epoch   3 Validation set [recall@5: 0.0223 recall@10: 0.0371 recall@20: 0.0600 ] [ndcg@5: 0.0226 ndcg@10: 0.0277 ndcg@20: 0.0352 ] 
2025-10-01 16:43:32,910 - Epoch   6 Validation set [recall@5: 0.0291 recall@10: 0.0462 recall@20: 0.0748 ] [ndcg@5: 0.0296 ndcg@10: 0.0353 ndcg@20: 0.0445 ] 
2025-10-01 16:43:41,396 - Epoch   9 Validation set [recall@5: 0.0318 recall@10: 0.0494 recall@20: 0.0816 ] [ndcg@5: 0.0329 ndcg@10: 0.0388 ndcg@20: 0.0492 ] 
2025-10-01 16:43:50,084 - Epoch  12 Validation set [recall@5: 0.0339 recall@10: 0.0536 recall@20: 0.0870 ] [ndcg@5: 0.0350 ndcg@10: 0.0416 ndcg@20: 0.0524 ] 
2025-10-01 16:43:58,253 - Epoch  15 Validation set [recall@5: 0.0368 recall@10: 0.0579 recall@20: 0.0927 ] [ndcg@5: 0.0371 ndcg@10: 0.0443 ndcg@20: 0.0555 ] 
2025-10-01 16:44:06,764 - Epoch  18 Validation set [recall@5: 0.0381 recall@10: 0.0609 recall@20: 0.0977 ] [ndcg@5: 0.0385 ndcg@10: 0.0465 ndcg@20: 0.0584 ] 
2025-10-01 16:44:15,524 - Epoch  21 Validation set [recall@5: 0.0398 recall@10: 0.0652 recall@20: 0.1018 ] [ndcg@5: 0.0404 ndcg@10: 0.0491 ndcg@20: 0.0610 ] 
2025-10-01 16:44:24,082 - Epoch  24 Validation set [recall@5: 0.0419 recall@10: 0.0681 recall@20: 0.1058 ] [ndcg@5: 0.0425 ndcg@10: 0.0515 ndcg@20: 0.0637 ] 
2025-10-01 16:44:32,270 - Epoch  27 Validation set [recall@5: 0.0432 recall@10: 0.0699 recall@20: 0.1076 ] [ndcg@5: 0.0438 ndcg@10: 0.0529 ndcg@20: 0.0652 ] 
2025-10-01 16:44:41,236 - Epoch  30 Validation set [recall@5: 0.0445 recall@10: 0.0708 recall@20: 0.1111 ] [ndcg@5: 0.0448 ndcg@10: 0.0538 ndcg@20: 0.0669 ] 
2025-10-01 16:44:48,919 - Epoch  33 Validation set [recall@5: 0.0458 recall@10: 0.0722 recall@20: 0.1124 ] [ndcg@5: 0.0456 ndcg@10: 0.0545 ndcg@20: 0.0676 ] 
2025-10-01 16:44:57,328 - Epoch  36 Validation set [recall@5: 0.0463 recall@10: 0.0737 recall@20: 0.1154 ] [ndcg@5: 0.0464 ndcg@10: 0.0558 ndcg@20: 0.0693 ] 
2025-10-01 16:45:05,480 - Epoch  39 Validation set [recall@5: 0.0477 recall@10: 0.0749 recall@20: 0.1169 ] [ndcg@5: 0.0479 ndcg@10: 0.0570 ndcg@20: 0.0706 ] 
2025-10-01 16:45:13,968 - Epoch  42 Validation set [recall@5: 0.0484 recall@10: 0.0756 recall@20: 0.1189 ] [ndcg@5: 0.0482 ndcg@10: 0.0574 ndcg@20: 0.0714 ] 
2025-10-01 16:45:22,226 - Epoch  45 Validation set [recall@5: 0.0486 recall@10: 0.0772 recall@20: 0.1210 ] [ndcg@5: 0.0485 ndcg@10: 0.0582 ndcg@20: 0.0723 ] 
2025-10-01 16:45:31,052 - Epoch  48 Validation set [recall@5: 0.0501 recall@10: 0.0781 recall@20: 0.1226 ] [ndcg@5: 0.0498 ndcg@10: 0.0590 ndcg@20: 0.0734 ] 
2025-10-01 16:45:39,181 - Epoch  51 Validation set [recall@5: 0.0495 recall@10: 0.0792 recall@20: 0.1236 ] [ndcg@5: 0.0498 ndcg@10: 0.0599 ndcg@20: 0.0743 ] 
2025-10-01 16:45:47,076 - Epoch  54 Validation set [recall@5: 0.0497 recall@10: 0.0799 recall@20: 0.1248 ] [ndcg@5: 0.0501 ndcg@10: 0.0604 ndcg@20: 0.0750 ] 
2025-10-01 16:45:55,293 - Epoch  57 Validation set [recall@5: 0.0508 recall@10: 0.0806 recall@20: 0.1255 ] [ndcg@5: 0.0504 ndcg@10: 0.0606 ndcg@20: 0.0753 ] 
2025-10-01 16:46:03,746 - Epoch  60 Validation set [recall@5: 0.0513 recall@10: 0.0824 recall@20: 0.1270 ] [ndcg@5: 0.0511 ndcg@10: 0.0617 ndcg@20: 0.0763 ] 
2025-10-01 16:46:12,231 - Epoch  63 Validation set [recall@5: 0.0522 recall@10: 0.0829 recall@20: 0.1291 ] [ndcg@5: 0.0521 ndcg@10: 0.0626 ndcg@20: 0.0777 ] 
2025-10-01 16:46:20,192 - Epoch  66 Validation set [recall@5: 0.0527 recall@10: 0.0829 recall@20: 0.1296 ] [ndcg@5: 0.0523 ndcg@10: 0.0626 ndcg@20: 0.0779 ] 
2025-10-01 16:46:28,997 - Epoch  69 Validation set [recall@5: 0.0525 recall@10: 0.0834 recall@20: 0.1313 ] [ndcg@5: 0.0527 ndcg@10: 0.0633 ndcg@20: 0.0788 ] 
2025-10-01 16:46:37,569 - Epoch  72 Validation set [recall@5: 0.0537 recall@10: 0.0847 recall@20: 0.1321 ] [ndcg@5: 0.0536 ndcg@10: 0.0641 ndcg@20: 0.0795 ] 
2025-10-01 16:46:45,137 - Epoch  75 Validation set [recall@5: 0.0537 recall@10: 0.0849 recall@20: 0.1332 ] [ndcg@5: 0.0538 ndcg@10: 0.0645 ndcg@20: 0.0802 ] 
2025-10-01 16:46:51,684 - Epoch  78 Validation set [recall@5: 0.0548 recall@10: 0.0869 recall@20: 0.1337 ] [ndcg@5: 0.0545 ndcg@10: 0.0654 ndcg@20: 0.0807 ] 
2025-10-01 16:46:58,130 - Epoch  81 Validation set [recall@5: 0.0546 recall@10: 0.0874 recall@20: 0.1349 ] [ndcg@5: 0.0546 ndcg@10: 0.0658 ndcg@20: 0.0813 ] 
2025-10-01 16:47:04,973 - Epoch  84 Validation set [recall@5: 0.0548 recall@10: 0.0876 recall@20: 0.1358 ] [ndcg@5: 0.0549 ndcg@10: 0.0661 ndcg@20: 0.0818 ] 
2025-10-01 16:47:10,638 - Epoch  87 Validation set [recall@5: 0.0544 recall@10: 0.0883 recall@20: 0.1369 ] [ndcg@5: 0.0550 ndcg@10: 0.0666 ndcg@20: 0.0823 ] 
2025-10-01 16:47:17,164 - Epoch  90 Validation set [recall@5: 0.0552 recall@10: 0.0884 recall@20: 0.1379 ] [ndcg@5: 0.0553 ndcg@10: 0.0667 ndcg@20: 0.0827 ] 
2025-10-01 16:47:23,381 - Epoch  93 Validation set [recall@5: 0.0556 recall@10: 0.0893 recall@20: 0.1372 ] [ndcg@5: 0.0557 ndcg@10: 0.0672 ndcg@20: 0.0829 ] 
2025-10-01 16:47:29,553 - Epoch  96 Validation set [recall@5: 0.0562 recall@10: 0.0905 recall@20: 0.1396 ] [ndcg@5: 0.0558 ndcg@10: 0.0677 ndcg@20: 0.0838 ] 
2025-10-01 16:47:35,710 - Epoch  99 Validation set [recall@5: 0.0563 recall@10: 0.0905 recall@20: 0.1393 ] [ndcg@5: 0.0564 ndcg@10: 0.0682 ndcg@20: 0.0841 ] 
2025-10-01 16:47:42,081 - Epoch 102 Validation set [recall@5: 0.0564 recall@10: 0.0908 recall@20: 0.1416 ] [ndcg@5: 0.0563 ndcg@10: 0.0685 ndcg@20: 0.0848 ] 
2025-10-01 16:47:47,802 - Epoch 105 Validation set [recall@5: 0.0570 recall@10: 0.0899 recall@20: 0.1415 ] [ndcg@5: 0.0567 ndcg@10: 0.0681 ndcg@20: 0.0849 ] 
2025-10-01 16:47:54,129 - Epoch 108 Validation set [recall@5: 0.0579 recall@10: 0.0912 recall@20: 0.1423 ] [ndcg@5: 0.0572 ndcg@10: 0.0689 ndcg@20: 0.0854 ] 
2025-10-01 16:48:00,538 - Epoch 111 Validation set [recall@5: 0.0585 recall@10: 0.0919 recall@20: 0.1418 ] [ndcg@5: 0.0577 ndcg@10: 0.0693 ndcg@20: 0.0856 ] 
2025-10-01 16:48:06,819 - Epoch 114 Validation set [recall@5: 0.0591 recall@10: 0.0928 recall@20: 0.1427 ] [ndcg@5: 0.0584 ndcg@10: 0.0701 ndcg@20: 0.0862 ] 
2025-10-01 16:48:12,848 - Epoch 117 Validation set [recall@5: 0.0584 recall@10: 0.0931 recall@20: 0.1435 ] [ndcg@5: 0.0580 ndcg@10: 0.0701 ndcg@20: 0.0864 ] 
2025-10-01 16:48:19,589 - Epoch 120 Validation set [recall@5: 0.0596 recall@10: 0.0934 recall@20: 0.1438 ] [ndcg@5: 0.0585 ndcg@10: 0.0702 ndcg@20: 0.0866 ] 
2025-10-01 16:48:25,666 - Epoch 123 Validation set [recall@5: 0.0602 recall@10: 0.0932 recall@20: 0.1443 ] [ndcg@5: 0.0590 ndcg@10: 0.0704 ndcg@20: 0.0869 ] 
2025-10-01 16:48:32,379 - Epoch 126 Validation set [recall@5: 0.0598 recall@10: 0.0933 recall@20: 0.1445 ] [ndcg@5: 0.0586 ndcg@10: 0.0703 ndcg@20: 0.0869 ] 
2025-10-01 16:48:38,964 - Epoch 129 Validation set [recall@5: 0.0608 recall@10: 0.0941 recall@20: 0.1454 ] [ndcg@5: 0.0593 ndcg@10: 0.0708 ndcg@20: 0.0875 ] 
2025-10-01 16:48:45,638 - Epoch 132 Validation set [recall@5: 0.0593 recall@10: 0.0941 recall@20: 0.1456 ] [ndcg@5: 0.0587 ndcg@10: 0.0708 ndcg@20: 0.0875 ] 
2025-10-01 16:48:51,912 - Epoch 135 Validation set [recall@5: 0.0593 recall@10: 0.0945 recall@20: 0.1454 ] [ndcg@5: 0.0587 ndcg@10: 0.0709 ndcg@20: 0.0875 ] 
2025-10-01 16:48:58,558 - Epoch 138 Validation set [recall@5: 0.0591 recall@10: 0.0945 recall@20: 0.1455 ] [ndcg@5: 0.0587 ndcg@10: 0.0712 ndcg@20: 0.0877 ] 
2025-10-01 16:49:05,140 - Epoch 141 Validation set [recall@5: 0.0602 recall@10: 0.0953 recall@20: 0.1471 ] [ndcg@5: 0.0595 ndcg@10: 0.0716 ndcg@20: 0.0885 ] 
2025-10-01 16:49:11,416 - Epoch 144 Validation set [recall@5: 0.0599 recall@10: 0.0960 recall@20: 0.1476 ] [ndcg@5: 0.0594 ndcg@10: 0.0721 ndcg@20: 0.0889 ] 
2025-10-01 16:49:18,264 - Epoch 147 Validation set [recall@5: 0.0605 recall@10: 0.0962 recall@20: 0.1487 ] [ndcg@5: 0.0597 ndcg@10: 0.0722 ndcg@20: 0.0892 ] 
2025-10-01 16:49:25,213 - Epoch 150 Validation set [recall@5: 0.0610 recall@10: 0.0961 recall@20: 0.1492 ] [ndcg@5: 0.0603 ndcg@10: 0.0724 ndcg@20: 0.0897 ] 
2025-10-01 16:49:31,762 - Epoch 153 Validation set [recall@5: 0.0601 recall@10: 0.0960 recall@20: 0.1481 ] [ndcg@5: 0.0599 ndcg@10: 0.0725 ndcg@20: 0.0894 ] 
2025-10-01 16:49:37,876 - Epoch 156 Validation set [recall@5: 0.0605 recall@10: 0.0968 recall@20: 0.1474 ] [ndcg@5: 0.0602 ndcg@10: 0.0730 ndcg@20: 0.0894 ] 
2025-10-01 16:49:44,698 - Epoch 159 Validation set [recall@5: 0.0610 recall@10: 0.0969 recall@20: 0.1471 ] [ndcg@5: 0.0603 ndcg@10: 0.0730 ndcg@20: 0.0894 ] 
2025-10-01 16:49:50,256 - Epoch 162 Validation set [recall@5: 0.0610 recall@10: 0.0972 recall@20: 0.1484 ] [ndcg@5: 0.0603 ndcg@10: 0.0731 ndcg@20: 0.0897 ] 
2025-10-01 16:49:56,962 - Epoch 165 Validation set [recall@5: 0.0614 recall@10: 0.0973 recall@20: 0.1488 ] [ndcg@5: 0.0607 ndcg@10: 0.0734 ndcg@20: 0.0901 ] 
2025-10-01 16:49:58,613 - [recall@5: 0.0610 recall@10: 0.0961 recall@20: 0.1492 ] [ndcg@5: 0.0603 ndcg@10: 0.0724 ndcg@20: 0.0897 ] 
2025-10-01 16:50:00,181 - [recall@5: 0.0608 recall@10: 0.0952 recall@20: 0.1444 ] [ndcg@5: 0.0612 ndcg@10: 0.0728 ndcg@20: 0.0889 ] 
2025-10-01 16:50:00,182 - Best Epoch 150. Final test result: {'recall': array([0.06079831, 0.09522015, 0.14435201]), 'ndcg': array([0.06115651, 0.07280079, 0.08889903])}.
