2025-10-01 16:35:33,348 - {'optimizer': {'name': 'adam', 'lr': 0.001, 'weight_decay': 0}, 'train': {'epoch': 3000, 'batch_size': 4096, 'save_model': False, 'loss': 'pairwise', 'test_step': 3, 'reproducible': True, 'seed': 2023, 'patience': 5}, 'test': {'metrics': ['recall', 'ndcg'], 'k': [5, 10, 20], 'batch_size': 1024}, 'data': {'type': 'general_cf', 'name': 'amazon', 'user_num': 11000, 'item_num': 9332}, 'model': {'name': 'lightgcn', 'keep_rate': 0.8, 'embedding_size': 64, 'layer_num': 4, 'reg_weight': 1e-06, 'amazon': {'layer_num': 4, 'reg_weight': 1e-06}, 'yelp': {'layer_num': 3, 'reg_weight': 1e-06}, 'steam': {'layer_num': 2, 'reg_weight': 1e-06}}}
2025-10-01 16:35:37,977 - Epoch   0 Validation set [recall@5: 0.0203 recall@10: 0.0336 recall@20: 0.0570 ] [ndcg@5: 0.0206 ndcg@10: 0.0252 ndcg@20: 0.0329 ] 
2025-10-01 16:35:46,162 - Epoch   3 Validation set [recall@5: 0.0225 recall@10: 0.0379 recall@20: 0.0608 ] [ndcg@5: 0.0226 ndcg@10: 0.0280 ndcg@20: 0.0355 ] 
2025-10-01 16:35:54,025 - Epoch   6 Validation set [recall@5: 0.0296 recall@10: 0.0469 recall@20: 0.0757 ] [ndcg@5: 0.0303 ndcg@10: 0.0361 ndcg@20: 0.0455 ] 
2025-10-01 16:36:02,373 - Epoch   9 Validation set [recall@5: 0.0330 recall@10: 0.0508 recall@20: 0.0833 ] [ndcg@5: 0.0338 ndcg@10: 0.0398 ndcg@20: 0.0503 ] 
2025-10-01 16:36:10,672 - Epoch  12 Validation set [recall@5: 0.0347 recall@10: 0.0555 recall@20: 0.0896 ] [ndcg@5: 0.0356 ndcg@10: 0.0426 ndcg@20: 0.0536 ] 
2025-10-01 16:36:19,136 - Epoch  15 Validation set [recall@5: 0.0379 recall@10: 0.0596 recall@20: 0.0949 ] [ndcg@5: 0.0381 ndcg@10: 0.0455 ndcg@20: 0.0569 ] 
2025-10-01 16:36:26,686 - Epoch  18 Validation set [recall@5: 0.0399 recall@10: 0.0635 recall@20: 0.1003 ] [ndcg@5: 0.0400 ndcg@10: 0.0483 ndcg@20: 0.0601 ] 
2025-10-01 16:36:35,182 - Epoch  21 Validation set [recall@5: 0.0412 recall@10: 0.0674 recall@20: 0.1042 ] [ndcg@5: 0.0418 ndcg@10: 0.0508 ndcg@20: 0.0628 ] 
2025-10-01 16:36:43,196 - Epoch  24 Validation set [recall@5: 0.0433 recall@10: 0.0704 recall@20: 0.1081 ] [ndcg@5: 0.0436 ndcg@10: 0.0530 ndcg@20: 0.0651 ] 
2025-10-01 16:36:51,890 - Epoch  27 Validation set [recall@5: 0.0440 recall@10: 0.0719 recall@20: 0.1119 ] [ndcg@5: 0.0446 ndcg@10: 0.0542 ndcg@20: 0.0671 ] 
2025-10-01 16:36:59,492 - Epoch  30 Validation set [recall@5: 0.0454 recall@10: 0.0725 recall@20: 0.1137 ] [ndcg@5: 0.0456 ndcg@10: 0.0549 ndcg@20: 0.0682 ] 
2025-10-01 16:37:07,918 - Epoch  33 Validation set [recall@5: 0.0463 recall@10: 0.0730 recall@20: 0.1158 ] [ndcg@5: 0.0462 ndcg@10: 0.0554 ndcg@20: 0.0692 ] 
2025-10-01 16:37:15,667 - Epoch  36 Validation set [recall@5: 0.0471 recall@10: 0.0754 recall@20: 0.1182 ] [ndcg@5: 0.0474 ndcg@10: 0.0570 ndcg@20: 0.0709 ] 
2025-10-01 16:37:23,149 - Epoch  39 Validation set [recall@5: 0.0487 recall@10: 0.0765 recall@20: 0.1199 ] [ndcg@5: 0.0489 ndcg@10: 0.0583 ndcg@20: 0.0723 ] 
2025-10-01 16:37:30,840 - Epoch  42 Validation set [recall@5: 0.0493 recall@10: 0.0777 recall@20: 0.1215 ] [ndcg@5: 0.0494 ndcg@10: 0.0589 ndcg@20: 0.0731 ] 
2025-10-01 16:37:39,280 - Epoch  45 Validation set [recall@5: 0.0502 recall@10: 0.0789 recall@20: 0.1244 ] [ndcg@5: 0.0499 ndcg@10: 0.0596 ndcg@20: 0.0742 ] 
2025-10-01 16:37:47,696 - Epoch  48 Validation set [recall@5: 0.0512 recall@10: 0.0798 recall@20: 0.1259 ] [ndcg@5: 0.0510 ndcg@10: 0.0605 ndcg@20: 0.0754 ] 
2025-10-01 16:37:55,364 - Epoch  51 Validation set [recall@5: 0.0507 recall@10: 0.0804 recall@20: 0.1264 ] [ndcg@5: 0.0509 ndcg@10: 0.0609 ndcg@20: 0.0758 ] 
2025-10-01 16:38:03,274 - Epoch  54 Validation set [recall@5: 0.0513 recall@10: 0.0822 recall@20: 0.1270 ] [ndcg@5: 0.0512 ndcg@10: 0.0617 ndcg@20: 0.0764 ] 
2025-10-01 16:38:11,597 - Epoch  57 Validation set [recall@5: 0.0516 recall@10: 0.0826 recall@20: 0.1291 ] [ndcg@5: 0.0512 ndcg@10: 0.0619 ndcg@20: 0.0770 ] 
2025-10-01 16:38:19,902 - Epoch  60 Validation set [recall@5: 0.0522 recall@10: 0.0838 recall@20: 0.1303 ] [ndcg@5: 0.0522 ndcg@10: 0.0631 ndcg@20: 0.0782 ] 
2025-10-01 16:38:28,262 - Epoch  63 Validation set [recall@5: 0.0532 recall@10: 0.0848 recall@20: 0.1313 ] [ndcg@5: 0.0531 ndcg@10: 0.0638 ndcg@20: 0.0791 ] 
2025-10-01 16:38:36,590 - Epoch  66 Validation set [recall@5: 0.0540 recall@10: 0.0849 recall@20: 0.1326 ] [ndcg@5: 0.0536 ndcg@10: 0.0642 ndcg@20: 0.0797 ] 
2025-10-01 16:38:43,903 - Epoch  69 Validation set [recall@5: 0.0542 recall@10: 0.0851 recall@20: 0.1337 ] [ndcg@5: 0.0539 ndcg@10: 0.0643 ndcg@20: 0.0802 ] 
2025-10-01 16:38:51,620 - Epoch  72 Validation set [recall@5: 0.0558 recall@10: 0.0863 recall@20: 0.1346 ] [ndcg@5: 0.0549 ndcg@10: 0.0654 ndcg@20: 0.0811 ] 
2025-10-01 16:38:59,509 - Epoch  75 Validation set [recall@5: 0.0558 recall@10: 0.0869 recall@20: 0.1366 ] [ndcg@5: 0.0553 ndcg@10: 0.0659 ndcg@20: 0.0820 ] 
2025-10-01 16:39:08,071 - Epoch  78 Validation set [recall@5: 0.0563 recall@10: 0.0876 recall@20: 0.1376 ] [ndcg@5: 0.0558 ndcg@10: 0.0665 ndcg@20: 0.0828 ] 
2025-10-01 16:39:16,502 - Epoch  81 Validation set [recall@5: 0.0561 recall@10: 0.0886 recall@20: 0.1376 ] [ndcg@5: 0.0559 ndcg@10: 0.0670 ndcg@20: 0.0830 ] 
2025-10-01 16:39:24,302 - Epoch  84 Validation set [recall@5: 0.0561 recall@10: 0.0893 recall@20: 0.1393 ] [ndcg@5: 0.0560 ndcg@10: 0.0675 ndcg@20: 0.0837 ] 
2025-10-01 16:39:31,512 - Epoch  87 Validation set [recall@5: 0.0562 recall@10: 0.0902 recall@20: 0.1401 ] [ndcg@5: 0.0563 ndcg@10: 0.0680 ndcg@20: 0.0841 ] 
2025-10-01 16:39:39,728 - Epoch  90 Validation set [recall@5: 0.0563 recall@10: 0.0907 recall@20: 0.1413 ] [ndcg@5: 0.0564 ndcg@10: 0.0682 ndcg@20: 0.0846 ] 
2025-10-01 16:39:48,023 - Epoch  93 Validation set [recall@5: 0.0568 recall@10: 0.0907 recall@20: 0.1404 ] [ndcg@5: 0.0570 ndcg@10: 0.0687 ndcg@20: 0.0849 ] 
2025-10-01 16:39:56,501 - Epoch  96 Validation set [recall@5: 0.0571 recall@10: 0.0924 recall@20: 0.1422 ] [ndcg@5: 0.0570 ndcg@10: 0.0693 ndcg@20: 0.0854 ] 
2025-10-01 16:40:03,508 - Epoch  99 Validation set [recall@5: 0.0573 recall@10: 0.0920 recall@20: 0.1428 ] [ndcg@5: 0.0575 ndcg@10: 0.0696 ndcg@20: 0.0861 ] 
2025-10-01 16:40:11,874 - Epoch 102 Validation set [recall@5: 0.0578 recall@10: 0.0918 recall@20: 0.1443 ] [ndcg@5: 0.0577 ndcg@10: 0.0696 ndcg@20: 0.0866 ] 
2025-10-01 16:40:20,268 - Epoch 105 Validation set [recall@5: 0.0587 recall@10: 0.0921 recall@20: 0.1445 ] [ndcg@5: 0.0582 ndcg@10: 0.0699 ndcg@20: 0.0868 ] 
2025-10-01 16:40:28,583 - Epoch 108 Validation set [recall@5: 0.0597 recall@10: 0.0920 recall@20: 0.1440 ] [ndcg@5: 0.0587 ndcg@10: 0.0699 ndcg@20: 0.0870 ] 
2025-10-01 16:40:36,775 - Epoch 111 Validation set [recall@5: 0.0594 recall@10: 0.0936 recall@20: 0.1449 ] [ndcg@5: 0.0588 ndcg@10: 0.0705 ndcg@20: 0.0872 ] 
2025-10-01 16:40:44,823 - Epoch 114 Validation set [recall@5: 0.0607 recall@10: 0.0946 recall@20: 0.1456 ] [ndcg@5: 0.0597 ndcg@10: 0.0715 ndcg@20: 0.0879 ] 
2025-10-01 16:40:53,128 - Epoch 117 Validation set [recall@5: 0.0604 recall@10: 0.0944 recall@20: 0.1472 ] [ndcg@5: 0.0596 ndcg@10: 0.0713 ndcg@20: 0.0884 ] 
2025-10-01 16:41:00,840 - Epoch 120 Validation set [recall@5: 0.0613 recall@10: 0.0948 recall@20: 0.1480 ] [ndcg@5: 0.0603 ndcg@10: 0.0716 ndcg@20: 0.0889 ] 
2025-10-01 16:41:09,371 - Epoch 123 Validation set [recall@5: 0.0618 recall@10: 0.0951 recall@20: 0.1473 ] [ndcg@5: 0.0608 ndcg@10: 0.0720 ndcg@20: 0.0890 ] 
2025-10-01 16:41:17,281 - Epoch 126 Validation set [recall@5: 0.0615 recall@10: 0.0955 recall@20: 0.1477 ] [ndcg@5: 0.0606 ndcg@10: 0.0721 ndcg@20: 0.0891 ] 
2025-10-01 16:41:25,876 - Epoch 129 Validation set [recall@5: 0.0620 recall@10: 0.0965 recall@20: 0.1488 ] [ndcg@5: 0.0608 ndcg@10: 0.0727 ndcg@20: 0.0897 ] 
2025-10-01 16:41:33,124 - Epoch 132 Validation set [recall@5: 0.0610 recall@10: 0.0960 recall@20: 0.1485 ] [ndcg@5: 0.0605 ndcg@10: 0.0726 ndcg@20: 0.0896 ] 
2025-10-01 16:41:41,573 - Epoch 135 Validation set [recall@5: 0.0607 recall@10: 0.0965 recall@20: 0.1491 ] [ndcg@5: 0.0600 ndcg@10: 0.0725 ndcg@20: 0.0896 ] 
2025-10-01 16:41:48,797 - Epoch 138 Validation set [recall@5: 0.0612 recall@10: 0.0961 recall@20: 0.1489 ] [ndcg@5: 0.0606 ndcg@10: 0.0728 ndcg@20: 0.0899 ] 
2025-10-01 16:41:57,209 - Epoch 141 Validation set [recall@5: 0.0614 recall@10: 0.0972 recall@20: 0.1504 ] [ndcg@5: 0.0606 ndcg@10: 0.0731 ndcg@20: 0.0904 ] 
2025-10-01 16:42:05,289 - Epoch 144 Validation set [recall@5: 0.0616 recall@10: 0.0974 recall@20: 0.1511 ] [ndcg@5: 0.0608 ndcg@10: 0.0735 ndcg@20: 0.0910 ] 
2025-10-01 16:42:13,829 - Epoch 147 Validation set [recall@5: 0.0622 recall@10: 0.0974 recall@20: 0.1513 ] [ndcg@5: 0.0612 ndcg@10: 0.0737 ndcg@20: 0.0911 ] 
2025-10-01 16:42:21,787 - Epoch 150 Validation set [recall@5: 0.0623 recall@10: 0.0977 recall@20: 0.1521 ] [ndcg@5: 0.0615 ndcg@10: 0.0738 ndcg@20: 0.0913 ] 
2025-10-01 16:42:29,063 - Epoch 153 Validation set [recall@5: 0.0620 recall@10: 0.0987 recall@20: 0.1511 ] [ndcg@5: 0.0617 ndcg@10: 0.0745 ndcg@20: 0.0916 ] 
2025-10-01 16:42:37,134 - Epoch 156 Validation set [recall@5: 0.0619 recall@10: 0.0983 recall@20: 0.1507 ] [ndcg@5: 0.0618 ndcg@10: 0.0746 ndcg@20: 0.0916 ] 
2025-10-01 16:42:45,425 - Epoch 159 Validation set [recall@5: 0.0620 recall@10: 0.0994 recall@20: 0.1504 ] [ndcg@5: 0.0616 ndcg@10: 0.0749 ndcg@20: 0.0914 ] 
2025-10-01 16:42:53,751 - Epoch 162 Validation set [recall@5: 0.0620 recall@10: 0.0999 recall@20: 0.1518 ] [ndcg@5: 0.0616 ndcg@10: 0.0750 ndcg@20: 0.0917 ] 
2025-10-01 16:43:02,193 - Epoch 165 Validation set [recall@5: 0.0626 recall@10: 0.0993 recall@20: 0.1517 ] [ndcg@5: 0.0620 ndcg@10: 0.0750 ndcg@20: 0.0919 ] 
2025-10-01 16:43:04,202 - [recall@5: 0.0623 recall@10: 0.0977 recall@20: 0.1521 ] [ndcg@5: 0.0615 ndcg@10: 0.0738 ndcg@20: 0.0913 ] 
2025-10-01 16:43:06,305 - [recall@5: 0.0622 recall@10: 0.0980 recall@20: 0.1473 ] [ndcg@5: 0.0627 ndcg@10: 0.0747 ndcg@20: 0.0909 ] 
2025-10-01 16:43:06,306 - Best Epoch 150. Final test result: {'recall': array([0.06223799, 0.09797164, 0.14733717]), 'ndcg': array([0.06268268, 0.0747342 , 0.09089615])}.
