2025-10-01 16:50:02,901 - {'optimizer': {'name': 'adam', 'lr': 0.001, 'weight_decay': 0}, 'train': {'epoch': 3000, 'batch_size': 4096, 'save_model': False, 'loss': 'pairwise', 'test_step': 3, 'reproducible': True, 'seed': 2023, 'patience': 5}, 'test': {'metrics': ['recall', 'ndcg'], 'k': [5, 10, 20], 'batch_size': 1024}, 'data': {'type': 'general_cf', 'name': 'amazon', 'user_num': 11000, 'item_num': 9332}, 'model': {'name': 'lightgcn', 'keep_rate': 0.8, 'embedding_size': 64, 'layer_num': 6, 'reg_weight': 1e-06, 'amazon': {'layer_num': 6, 'reg_weight': 1e-06}, 'yelp': {'layer_num': 3, 'reg_weight': 1e-06}, 'steam': {'layer_num': 2, 'reg_weight': 1e-06}}}
2025-10-01 16:50:06,918 - Epoch   0 Validation set [recall@5: 0.0184 recall@10: 0.0303 recall@20: 0.0512 ] [ndcg@5: 0.0185 ndcg@10: 0.0228 ndcg@20: 0.0297 ] 
2025-10-01 16:50:13,534 - Epoch   3 Validation set [recall@5: 0.0222 recall@10: 0.0366 recall@20: 0.0589 ] [ndcg@5: 0.0224 ndcg@10: 0.0274 ndcg@20: 0.0348 ] 
2025-10-01 16:50:20,349 - Epoch   6 Validation set [recall@5: 0.0288 recall@10: 0.0457 recall@20: 0.0731 ] [ndcg@5: 0.0288 ndcg@10: 0.0344 ndcg@20: 0.0433 ] 
2025-10-01 16:50:26,454 - Epoch   9 Validation set [recall@5: 0.0310 recall@10: 0.0483 recall@20: 0.0794 ] [ndcg@5: 0.0322 ndcg@10: 0.0380 ndcg@20: 0.0481 ] 
2025-10-01 16:50:33,550 - Epoch  12 Validation set [recall@5: 0.0332 recall@10: 0.0519 recall@20: 0.0845 ] [ndcg@5: 0.0343 ndcg@10: 0.0405 ndcg@20: 0.0511 ] 
2025-10-01 16:50:39,730 - Epoch  15 Validation set [recall@5: 0.0360 recall@10: 0.0554 recall@20: 0.0909 ] [ndcg@5: 0.0364 ndcg@10: 0.0428 ndcg@20: 0.0542 ] 
2025-10-01 16:50:46,222 - Epoch  18 Validation set [recall@5: 0.0370 recall@10: 0.0590 recall@20: 0.0956 ] [ndcg@5: 0.0377 ndcg@10: 0.0452 ndcg@20: 0.0570 ] 
2025-10-01 16:50:53,033 - Epoch  21 Validation set [recall@5: 0.0386 recall@10: 0.0630 recall@20: 0.0992 ] [ndcg@5: 0.0393 ndcg@10: 0.0476 ndcg@20: 0.0594 ] 
2025-10-01 16:50:59,730 - Epoch  24 Validation set [recall@5: 0.0410 recall@10: 0.0663 recall@20: 0.1033 ] [ndcg@5: 0.0415 ndcg@10: 0.0502 ndcg@20: 0.0622 ] 
2025-10-01 16:51:05,875 - Epoch  27 Validation set [recall@5: 0.0423 recall@10: 0.0680 recall@20: 0.1061 ] [ndcg@5: 0.0429 ndcg@10: 0.0516 ndcg@20: 0.0640 ] 
2025-10-01 16:51:13,017 - Epoch  30 Validation set [recall@5: 0.0437 recall@10: 0.0693 recall@20: 0.1086 ] [ndcg@5: 0.0439 ndcg@10: 0.0527 ndcg@20: 0.0654 ] 
2025-10-01 16:51:20,005 - Epoch  33 Validation set [recall@5: 0.0444 recall@10: 0.0699 recall@20: 0.1104 ] [ndcg@5: 0.0445 ndcg@10: 0.0530 ndcg@20: 0.0662 ] 
2025-10-01 16:51:26,327 - Epoch  36 Validation set [recall@5: 0.0451 recall@10: 0.0715 recall@20: 0.1118 ] [ndcg@5: 0.0454 ndcg@10: 0.0544 ndcg@20: 0.0674 ] 
2025-10-01 16:51:33,490 - Epoch  39 Validation set [recall@5: 0.0464 recall@10: 0.0729 recall@20: 0.1136 ] [ndcg@5: 0.0464 ndcg@10: 0.0555 ndcg@20: 0.0687 ] 
2025-10-01 16:51:40,213 - Epoch  42 Validation set [recall@5: 0.0475 recall@10: 0.0739 recall@20: 0.1159 ] [ndcg@5: 0.0474 ndcg@10: 0.0562 ndcg@20: 0.0699 ] 
2025-10-01 16:51:47,115 - Epoch  45 Validation set [recall@5: 0.0478 recall@10: 0.0757 recall@20: 0.1177 ] [ndcg@5: 0.0477 ndcg@10: 0.0571 ndcg@20: 0.0708 ] 
2025-10-01 16:51:53,497 - Epoch  48 Validation set [recall@5: 0.0487 recall@10: 0.0762 recall@20: 0.1195 ] [ndcg@5: 0.0485 ndcg@10: 0.0577 ndcg@20: 0.0717 ] 
2025-10-01 16:52:00,016 - Epoch  51 Validation set [recall@5: 0.0483 recall@10: 0.0771 recall@20: 0.1207 ] [ndcg@5: 0.0485 ndcg@10: 0.0582 ndcg@20: 0.0724 ] 
2025-10-01 16:52:06,652 - Epoch  54 Validation set [recall@5: 0.0489 recall@10: 0.0785 recall@20: 0.1228 ] [ndcg@5: 0.0488 ndcg@10: 0.0590 ndcg@20: 0.0734 ] 
2025-10-01 16:52:13,518 - Epoch  57 Validation set [recall@5: 0.0494 recall@10: 0.0785 recall@20: 0.1232 ] [ndcg@5: 0.0493 ndcg@10: 0.0593 ndcg@20: 0.0739 ] 
2025-10-01 16:52:21,842 - Epoch  60 Validation set [recall@5: 0.0505 recall@10: 0.0796 recall@20: 0.1245 ] [ndcg@5: 0.0501 ndcg@10: 0.0600 ndcg@20: 0.0746 ] 
2025-10-01 16:52:28,807 - Epoch  63 Validation set [recall@5: 0.0514 recall@10: 0.0805 recall@20: 0.1261 ] [ndcg@5: 0.0509 ndcg@10: 0.0608 ndcg@20: 0.0757 ] 
2025-10-01 16:52:35,468 - Epoch  66 Validation set [recall@5: 0.0518 recall@10: 0.0809 recall@20: 0.1273 ] [ndcg@5: 0.0512 ndcg@10: 0.0612 ndcg@20: 0.0762 ] 
2025-10-01 16:52:42,339 - Epoch  69 Validation set [recall@5: 0.0514 recall@10: 0.0814 recall@20: 0.1280 ] [ndcg@5: 0.0514 ndcg@10: 0.0617 ndcg@20: 0.0768 ] 
2025-10-01 16:52:49,593 - Epoch  72 Validation set [recall@5: 0.0527 recall@10: 0.0827 recall@20: 0.1293 ] [ndcg@5: 0.0524 ndcg@10: 0.0627 ndcg@20: 0.0777 ] 
2025-10-01 16:52:56,101 - Epoch  75 Validation set [recall@5: 0.0530 recall@10: 0.0834 recall@20: 0.1304 ] [ndcg@5: 0.0529 ndcg@10: 0.0634 ndcg@20: 0.0786 ] 
2025-10-01 16:53:03,129 - Epoch  78 Validation set [recall@5: 0.0536 recall@10: 0.0842 recall@20: 0.1312 ] [ndcg@5: 0.0533 ndcg@10: 0.0638 ndcg@20: 0.0791 ] 
2025-10-01 16:53:09,801 - Epoch  81 Validation set [recall@5: 0.0530 recall@10: 0.0857 recall@20: 0.1324 ] [ndcg@5: 0.0531 ndcg@10: 0.0645 ndcg@20: 0.0797 ] 
2025-10-01 16:53:17,926 - Epoch  84 Validation set [recall@5: 0.0533 recall@10: 0.0861 recall@20: 0.1330 ] [ndcg@5: 0.0537 ndcg@10: 0.0650 ndcg@20: 0.0802 ] 
2025-10-01 16:53:27,142 - Epoch  87 Validation set [recall@5: 0.0530 recall@10: 0.0863 recall@20: 0.1338 ] [ndcg@5: 0.0538 ndcg@10: 0.0653 ndcg@20: 0.0807 ] 
2025-10-01 16:53:35,870 - Epoch  90 Validation set [recall@5: 0.0537 recall@10: 0.0860 recall@20: 0.1347 ] [ndcg@5: 0.0540 ndcg@10: 0.0651 ndcg@20: 0.0809 ] 
2025-10-01 16:53:44,959 - Epoch  93 Validation set [recall@5: 0.0547 recall@10: 0.0866 recall@20: 0.1335 ] [ndcg@5: 0.0545 ndcg@10: 0.0653 ndcg@20: 0.0807 ] 
2025-10-01 16:53:53,675 - Epoch  96 Validation set [recall@5: 0.0552 recall@10: 0.0882 recall@20: 0.1360 ] [ndcg@5: 0.0550 ndcg@10: 0.0663 ndcg@20: 0.0819 ] 
2025-10-01 16:54:02,462 - Epoch  99 Validation set [recall@5: 0.0554 recall@10: 0.0887 recall@20: 0.1360 ] [ndcg@5: 0.0551 ndcg@10: 0.0667 ndcg@20: 0.0822 ] 
2025-10-01 16:54:10,133 - Epoch 102 Validation set [recall@5: 0.0549 recall@10: 0.0888 recall@20: 0.1383 ] [ndcg@5: 0.0550 ndcg@10: 0.0669 ndcg@20: 0.0829 ] 
2025-10-01 16:54:19,170 - Epoch 105 Validation set [recall@5: 0.0561 recall@10: 0.0889 recall@20: 0.1386 ] [ndcg@5: 0.0555 ndcg@10: 0.0669 ndcg@20: 0.0831 ] 
2025-10-01 16:54:28,221 - Epoch 108 Validation set [recall@5: 0.0561 recall@10: 0.0892 recall@20: 0.1387 ] [ndcg@5: 0.0557 ndcg@10: 0.0673 ndcg@20: 0.0834 ] 
2025-10-01 16:54:37,451 - Epoch 111 Validation set [recall@5: 0.0568 recall@10: 0.0905 recall@20: 0.1387 ] [ndcg@5: 0.0562 ndcg@10: 0.0679 ndcg@20: 0.0835 ] 
2025-10-01 16:54:45,363 - Epoch 114 Validation set [recall@5: 0.0574 recall@10: 0.0914 recall@20: 0.1397 ] [ndcg@5: 0.0568 ndcg@10: 0.0686 ndcg@20: 0.0842 ] 
2025-10-01 16:54:54,424 - Epoch 117 Validation set [recall@5: 0.0574 recall@10: 0.0914 recall@20: 0.1400 ] [ndcg@5: 0.0566 ndcg@10: 0.0685 ndcg@20: 0.0843 ] 
2025-10-01 16:55:02,931 - Epoch 120 Validation set [recall@5: 0.0577 recall@10: 0.0910 recall@20: 0.1406 ] [ndcg@5: 0.0567 ndcg@10: 0.0683 ndcg@20: 0.0845 ] 
2025-10-01 16:55:11,258 - Epoch 123 Validation set [recall@5: 0.0582 recall@10: 0.0912 recall@20: 0.1404 ] [ndcg@5: 0.0573 ndcg@10: 0.0686 ndcg@20: 0.0847 ] 
2025-10-01 16:55:20,576 - Epoch 126 Validation set [recall@5: 0.0580 recall@10: 0.0916 recall@20: 0.1412 ] [ndcg@5: 0.0570 ndcg@10: 0.0687 ndcg@20: 0.0848 ] 
2025-10-01 16:55:29,300 - Epoch 129 Validation set [recall@5: 0.0580 recall@10: 0.0924 recall@20: 0.1428 ] [ndcg@5: 0.0571 ndcg@10: 0.0692 ndcg@20: 0.0855 ] 
2025-10-01 16:55:38,500 - Epoch 132 Validation set [recall@5: 0.0581 recall@10: 0.0922 recall@20: 0.1419 ] [ndcg@5: 0.0577 ndcg@10: 0.0694 ndcg@20: 0.0855 ] 
2025-10-01 16:55:47,038 - Epoch 135 Validation set [recall@5: 0.0577 recall@10: 0.0919 recall@20: 0.1419 ] [ndcg@5: 0.0572 ndcg@10: 0.0692 ndcg@20: 0.0855 ] 
2025-10-01 16:55:56,159 - Epoch 138 Validation set [recall@5: 0.0579 recall@10: 0.0926 recall@20: 0.1421 ] [ndcg@5: 0.0574 ndcg@10: 0.0695 ndcg@20: 0.0856 ] 
2025-10-01 16:56:05,062 - Epoch 141 Validation set [recall@5: 0.0587 recall@10: 0.0927 recall@20: 0.1430 ] [ndcg@5: 0.0580 ndcg@10: 0.0698 ndcg@20: 0.0863 ] 
2025-10-01 16:56:13,965 - Epoch 144 Validation set [recall@5: 0.0588 recall@10: 0.0934 recall@20: 0.1444 ] [ndcg@5: 0.0581 ndcg@10: 0.0702 ndcg@20: 0.0867 ] 
2025-10-01 16:56:22,146 - Epoch 147 Validation set [recall@5: 0.0593 recall@10: 0.0934 recall@20: 0.1449 ] [ndcg@5: 0.0585 ndcg@10: 0.0705 ndcg@20: 0.0872 ] 
2025-10-01 16:56:28,838 - Epoch 150 Validation set [recall@5: 0.0594 recall@10: 0.0937 recall@20: 0.1452 ] [ndcg@5: 0.0586 ndcg@10: 0.0706 ndcg@20: 0.0873 ] 
2025-10-01 16:56:35,837 - Epoch 153 Validation set [recall@5: 0.0588 recall@10: 0.0939 recall@20: 0.1449 ] [ndcg@5: 0.0587 ndcg@10: 0.0709 ndcg@20: 0.0876 ] 
2025-10-01 16:56:42,508 - Epoch 156 Validation set [recall@5: 0.0594 recall@10: 0.0944 recall@20: 0.1443 ] [ndcg@5: 0.0590 ndcg@10: 0.0713 ndcg@20: 0.0875 ] 
2025-10-01 16:56:49,495 - Epoch 159 Validation set [recall@5: 0.0598 recall@10: 0.0939 recall@20: 0.1450 ] [ndcg@5: 0.0590 ndcg@10: 0.0711 ndcg@20: 0.0877 ] 
2025-10-01 16:56:55,776 - Epoch 162 Validation set [recall@5: 0.0598 recall@10: 0.0947 recall@20: 0.1453 ] [ndcg@5: 0.0589 ndcg@10: 0.0713 ndcg@20: 0.0877 ] 
2025-10-01 16:57:02,680 - Epoch 165 Validation set [recall@5: 0.0597 recall@10: 0.0943 recall@20: 0.1451 ] [ndcg@5: 0.0592 ndcg@10: 0.0714 ndcg@20: 0.0879 ] 
2025-10-01 16:57:09,084 - Epoch 168 Validation set [recall@5: 0.0600 recall@10: 0.0951 recall@20: 0.1463 ] [ndcg@5: 0.0590 ndcg@10: 0.0714 ndcg@20: 0.0881 ] 
2025-10-01 16:57:16,053 - Epoch 171 Validation set [recall@5: 0.0600 recall@10: 0.0954 recall@20: 0.1454 ] [ndcg@5: 0.0592 ndcg@10: 0.0718 ndcg@20: 0.0881 ] 
2025-10-01 16:57:22,565 - Epoch 174 Validation set [recall@5: 0.0604 recall@10: 0.0956 recall@20: 0.1468 ] [ndcg@5: 0.0594 ndcg@10: 0.0720 ndcg@20: 0.0887 ] 
2025-10-01 16:57:29,457 - Epoch 177 Validation set [recall@5: 0.0600 recall@10: 0.0962 recall@20: 0.1474 ] [ndcg@5: 0.0592 ndcg@10: 0.0723 ndcg@20: 0.0889 ] 
2025-10-01 16:57:36,029 - Epoch 180 Validation set [recall@5: 0.0611 recall@10: 0.0962 recall@20: 0.1477 ] [ndcg@5: 0.0599 ndcg@10: 0.0723 ndcg@20: 0.0891 ] 
2025-10-01 16:57:42,881 - Epoch 183 Validation set [recall@5: 0.0605 recall@10: 0.0958 recall@20: 0.1465 ] [ndcg@5: 0.0596 ndcg@10: 0.0723 ndcg@20: 0.0889 ] 
2025-10-01 16:57:49,904 - Epoch 186 Validation set [recall@5: 0.0606 recall@10: 0.0964 recall@20: 0.1473 ] [ndcg@5: 0.0595 ndcg@10: 0.0722 ndcg@20: 0.0889 ] 
2025-10-01 16:57:56,487 - Epoch 189 Validation set [recall@5: 0.0607 recall@10: 0.0968 recall@20: 0.1481 ] [ndcg@5: 0.0593 ndcg@10: 0.0722 ndcg@20: 0.0889 ] 
2025-10-01 16:58:03,332 - Epoch 192 Validation set [recall@5: 0.0609 recall@10: 0.0959 recall@20: 0.1481 ] [ndcg@5: 0.0593 ndcg@10: 0.0717 ndcg@20: 0.0888 ] 
2025-10-01 16:58:09,982 - Epoch 195 Validation set [recall@5: 0.0608 recall@10: 0.0962 recall@20: 0.1474 ] [ndcg@5: 0.0596 ndcg@10: 0.0722 ndcg@20: 0.0889 ] 
2025-10-01 16:58:16,412 - Epoch 198 Validation set [recall@5: 0.0612 recall@10: 0.0959 recall@20: 0.1474 ] [ndcg@5: 0.0601 ndcg@10: 0.0724 ndcg@20: 0.0892 ] 
2025-10-01 16:58:22,908 - Epoch 201 Validation set [recall@5: 0.0612 recall@10: 0.0965 recall@20: 0.1488 ] [ndcg@5: 0.0602 ndcg@10: 0.0726 ndcg@20: 0.0896 ] 
2025-10-01 16:58:29,525 - Epoch 204 Validation set [recall@5: 0.0614 recall@10: 0.0963 recall@20: 0.1483 ] [ndcg@5: 0.0602 ndcg@10: 0.0724 ndcg@20: 0.0894 ] 
2025-10-01 16:58:35,376 - Epoch 207 Validation set [recall@5: 0.0618 recall@10: 0.0973 recall@20: 0.1481 ] [ndcg@5: 0.0608 ndcg@10: 0.0733 ndcg@20: 0.0899 ] 
2025-10-01 16:58:42,400 - Epoch 210 Validation set [recall@5: 0.0615 recall@10: 0.0971 recall@20: 0.1490 ] [ndcg@5: 0.0606 ndcg@10: 0.0731 ndcg@20: 0.0900 ] 
2025-10-01 16:58:49,018 - Epoch 213 Validation set [recall@5: 0.0608 recall@10: 0.0971 recall@20: 0.1487 ] [ndcg@5: 0.0604 ndcg@10: 0.0731 ndcg@20: 0.0900 ] 
2025-10-01 16:58:54,672 - Epoch 216 Validation set [recall@5: 0.0616 recall@10: 0.0977 recall@20: 0.1489 ] [ndcg@5: 0.0605 ndcg@10: 0.0732 ndcg@20: 0.0900 ] 
2025-10-01 16:59:01,734 - Epoch 219 Validation set [recall@5: 0.0612 recall@10: 0.0979 recall@20: 0.1488 ] [ndcg@5: 0.0602 ndcg@10: 0.0732 ndcg@20: 0.0899 ] 
2025-10-01 16:59:10,491 - Epoch 222 Validation set [recall@5: 0.0612 recall@10: 0.0987 recall@20: 0.1497 ] [ndcg@5: 0.0605 ndcg@10: 0.0738 ndcg@20: 0.0906 ] 
2025-10-01 16:59:19,192 - Epoch 225 Validation set [recall@5: 0.0612 recall@10: 0.0985 recall@20: 0.1492 ] [ndcg@5: 0.0604 ndcg@10: 0.0736 ndcg@20: 0.0903 ] 
2025-10-01 16:59:27,205 - Epoch 228 Validation set [recall@5: 0.0620 recall@10: 0.0985 recall@20: 0.1495 ] [ndcg@5: 0.0611 ndcg@10: 0.0737 ndcg@20: 0.0904 ] 
2025-10-01 16:59:36,496 - Epoch 231 Validation set [recall@5: 0.0617 recall@10: 0.0989 recall@20: 0.1496 ] [ndcg@5: 0.0608 ndcg@10: 0.0739 ndcg@20: 0.0905 ] 
2025-10-01 16:59:45,032 - Epoch 234 Validation set [recall@5: 0.0620 recall@10: 0.0992 recall@20: 0.1491 ] [ndcg@5: 0.0607 ndcg@10: 0.0737 ndcg@20: 0.0901 ] 
2025-10-01 16:59:54,642 - Epoch 237 Validation set [recall@5: 0.0623 recall@10: 0.0986 recall@20: 0.1490 ] [ndcg@5: 0.0606 ndcg@10: 0.0734 ndcg@20: 0.0900 ] 
2025-10-01 16:59:56,792 - [recall@5: 0.0612 recall@10: 0.0987 recall@20: 0.1497 ] [ndcg@5: 0.0605 ndcg@10: 0.0738 ndcg@20: 0.0906 ] 
2025-10-01 16:59:58,757 - [recall@5: 0.0603 recall@10: 0.0968 recall@20: 0.1463 ] [ndcg@5: 0.0603 ndcg@10: 0.0730 ndcg@20: 0.0892 ] 
2025-10-01 16:59:58,758 - Best Epoch 222. Final test result: {'recall': array([0.06032838, 0.09683617, 0.1462529 ]), 'ndcg': array([0.06029659, 0.07296294, 0.08923781])}.
