2025-10-02 13:04:25,543 - {'optimizer': {'name': 'adam', 'lr': 0.001, 'weight_decay': 0}, 'train': {'epoch': 3000, 'batch_size': 4096, 'save_model': False, 'loss': 'pairwise', 'test_step': 3, 'reproducible': True, 'seed': 2023, 'patience': 5}, 'test': {'metrics': ['recall', 'ndcg'], 'k': [5, 10, 20], 'batch_size': 1024}, 'data': {'type': 'general_cf', 'name': 'Office', 'user_num': 6338, 'item_num': 4461}, 'model': {'name': 'lightgcn', 'keep_rate': 0.8, 'embedding_size': 64, 'layer_num': 2, 'reg_weight': 1e-06, 'amazon': {'layer_num': 3, 'reg_weight': 1e-06}, 'yelp': {'layer_num': 3, 'reg_weight': 1e-06}, 'steam': {'layer_num': 2, 'reg_weight': 1e-06}, 'Office': {'layer_num': 2, 'reg_weight': 1e-06}}}
2025-10-02 13:04:28,837 - Epoch   0 Validation set [recall@5: 0.0024 recall@10: 0.0042 recall@20: 0.0086 ] [ndcg@5: 0.0020 ndcg@10: 0.0027 ndcg@20: 0.0041 ] 
2025-10-02 13:04:31,544 - Epoch   3 Validation set [recall@5: 0.0250 recall@10: 0.0404 recall@20: 0.0624 ] [ndcg@5: 0.0213 ndcg@10: 0.0275 ndcg@20: 0.0347 ] 
2025-10-02 13:04:34,264 - Epoch   6 Validation set [recall@5: 0.0240 recall@10: 0.0409 recall@20: 0.0681 ] [ndcg@5: 0.0199 ndcg@10: 0.0269 ndcg@20: 0.0359 ] 
2025-10-02 13:04:36,431 - Epoch   9 Validation set [recall@5: 0.0243 recall@10: 0.0417 recall@20: 0.0701 ] [ndcg@5: 0.0203 ndcg@10: 0.0274 ndcg@20: 0.0368 ] 
2025-10-02 13:04:38,665 - Epoch  12 Validation set [recall@5: 0.0260 recall@10: 0.0438 recall@20: 0.0722 ] [ndcg@5: 0.0218 ndcg@10: 0.0290 ndcg@20: 0.0384 ] 
2025-10-02 13:04:41,253 - Epoch  15 Validation set [recall@5: 0.0274 recall@10: 0.0452 recall@20: 0.0760 ] [ndcg@5: 0.0231 ndcg@10: 0.0303 ndcg@20: 0.0406 ] 
2025-10-02 13:04:43,798 - Epoch  18 Validation set [recall@5: 0.0295 recall@10: 0.0475 recall@20: 0.0794 ] [ndcg@5: 0.0250 ndcg@10: 0.0322 ndcg@20: 0.0427 ] 
2025-10-02 13:04:46,043 - Epoch  21 Validation set [recall@5: 0.0313 recall@10: 0.0494 recall@20: 0.0811 ] [ndcg@5: 0.0265 ndcg@10: 0.0338 ndcg@20: 0.0443 ] 
2025-10-02 13:04:48,324 - Epoch  24 Validation set [recall@5: 0.0324 recall@10: 0.0520 recall@20: 0.0821 ] [ndcg@5: 0.0275 ndcg@10: 0.0354 ndcg@20: 0.0453 ] 
2025-10-02 13:04:50,422 - Epoch  27 Validation set [recall@5: 0.0336 recall@10: 0.0528 recall@20: 0.0844 ] [ndcg@5: 0.0287 ndcg@10: 0.0365 ndcg@20: 0.0468 ] 
2025-10-02 13:04:52,655 - Epoch  30 Validation set [recall@5: 0.0349 recall@10: 0.0531 recall@20: 0.0848 ] [ndcg@5: 0.0297 ndcg@10: 0.0370 ndcg@20: 0.0475 ] 
2025-10-02 13:04:54,824 - Epoch  33 Validation set [recall@5: 0.0345 recall@10: 0.0538 recall@20: 0.0853 ] [ndcg@5: 0.0300 ndcg@10: 0.0378 ndcg@20: 0.0482 ] 
2025-10-02 13:04:57,010 - Epoch  36 Validation set [recall@5: 0.0351 recall@10: 0.0549 recall@20: 0.0870 ] [ndcg@5: 0.0305 ndcg@10: 0.0386 ndcg@20: 0.0490 ] 
2025-10-02 13:04:59,314 - Epoch  39 Validation set [recall@5: 0.0354 recall@10: 0.0552 recall@20: 0.0872 ] [ndcg@5: 0.0309 ndcg@10: 0.0390 ndcg@20: 0.0495 ] 
2025-10-02 13:05:01,547 - Epoch  42 Validation set [recall@5: 0.0356 recall@10: 0.0555 recall@20: 0.0876 ] [ndcg@5: 0.0312 ndcg@10: 0.0393 ndcg@20: 0.0498 ] 
2025-10-02 13:05:03,726 - Epoch  45 Validation set [recall@5: 0.0354 recall@10: 0.0561 recall@20: 0.0873 ] [ndcg@5: 0.0312 ndcg@10: 0.0396 ndcg@20: 0.0498 ] 
2025-10-02 13:05:05,992 - Epoch  48 Validation set [recall@5: 0.0360 recall@10: 0.0571 recall@20: 0.0875 ] [ndcg@5: 0.0315 ndcg@10: 0.0400 ndcg@20: 0.0501 ] 
2025-10-02 13:05:08,245 - Epoch  51 Validation set [recall@5: 0.0359 recall@10: 0.0579 recall@20: 0.0883 ] [ndcg@5: 0.0317 ndcg@10: 0.0406 ndcg@20: 0.0506 ] 
2025-10-02 13:05:10,416 - Epoch  54 Validation set [recall@5: 0.0363 recall@10: 0.0580 recall@20: 0.0876 ] [ndcg@5: 0.0318 ndcg@10: 0.0406 ndcg@20: 0.0503 ] 
2025-10-02 13:05:12,703 - Epoch  57 Validation set [recall@5: 0.0365 recall@10: 0.0584 recall@20: 0.0878 ] [ndcg@5: 0.0319 ndcg@10: 0.0408 ndcg@20: 0.0505 ] 
2025-10-02 13:05:15,023 - Epoch  60 Validation set [recall@5: 0.0359 recall@10: 0.0592 recall@20: 0.0883 ] [ndcg@5: 0.0315 ndcg@10: 0.0410 ndcg@20: 0.0506 ] 
2025-10-02 13:05:17,211 - Epoch  63 Validation set [recall@5: 0.0360 recall@10: 0.0589 recall@20: 0.0878 ] [ndcg@5: 0.0317 ndcg@10: 0.0409 ndcg@20: 0.0505 ] 
2025-10-02 13:05:19,537 - Epoch  66 Validation set [recall@5: 0.0358 recall@10: 0.0585 recall@20: 0.0885 ] [ndcg@5: 0.0316 ndcg@10: 0.0408 ndcg@20: 0.0507 ] 
2025-10-02 13:05:21,976 - Epoch  69 Validation set [recall@5: 0.0361 recall@10: 0.0583 recall@20: 0.0894 ] [ndcg@5: 0.0316 ndcg@10: 0.0406 ndcg@20: 0.0509 ] 
2025-10-02 13:05:24,401 - Epoch  72 Validation set [recall@5: 0.0368 recall@10: 0.0589 recall@20: 0.0893 ] [ndcg@5: 0.0319 ndcg@10: 0.0409 ndcg@20: 0.0508 ] 
2025-10-02 13:05:27,198 - Epoch  75 Validation set [recall@5: 0.0370 recall@10: 0.0592 recall@20: 0.0888 ] [ndcg@5: 0.0322 ndcg@10: 0.0412 ndcg@20: 0.0510 ] 
2025-10-02 13:05:29,845 - Epoch  78 Validation set [recall@5: 0.0368 recall@10: 0.0594 recall@20: 0.0886 ] [ndcg@5: 0.0321 ndcg@10: 0.0412 ndcg@20: 0.0509 ] 
2025-10-02 13:05:32,272 - Epoch  81 Validation set [recall@5: 0.0371 recall@10: 0.0589 recall@20: 0.0883 ] [ndcg@5: 0.0323 ndcg@10: 0.0411 ndcg@20: 0.0508 ] 
2025-10-02 13:05:34,583 - Epoch  84 Validation set [recall@5: 0.0371 recall@10: 0.0590 recall@20: 0.0885 ] [ndcg@5: 0.0324 ndcg@10: 0.0412 ndcg@20: 0.0510 ] 
2025-10-02 13:05:35,456 - [recall@5: 0.0361 recall@10: 0.0583 recall@20: 0.0894 ] [ndcg@5: 0.0316 ndcg@10: 0.0406 ndcg@20: 0.0509 ] 
2025-10-02 13:05:36,412 - [recall@5: 0.0323 recall@10: 0.0529 recall@20: 0.0844 ] [ndcg@5: 0.0309 ndcg@10: 0.0400 ndcg@20: 0.0516 ] 
2025-10-02 13:05:36,412 - Best Epoch 69. Final test result: {'recall': array([0.0322843 , 0.052913  , 0.08443417]), 'ndcg': array([0.03093988, 0.03996051, 0.05157774])}.
