2025-10-02 13:11:42,935 - {'optimizer': {'name': 'adam', 'lr': 0.001, 'weight_decay': 0}, 'train': {'epoch': 3000, 'batch_size': 4096, 'save_model': False, 'loss': 'pairwise', 'test_step': 3, 'reproducible': True, 'seed': 2023, 'patience': 5}, 'test': {'metrics': ['recall', 'ndcg'], 'k': [5, 10, 20], 'batch_size': 1024}, 'data': {'type': 'general_cf', 'name': 'Office', 'user_num': 6338, 'item_num': 4461}, 'model': {'name': 'lightgcn', 'keep_rate': 0.8, 'embedding_size': 64, 'layer_num': 7, 'reg_weight': 1e-06, 'amazon': {'layer_num': 3, 'reg_weight': 1e-06}, 'yelp': {'layer_num': 3, 'reg_weight': 1e-06}, 'steam': {'layer_num': 2, 'reg_weight': 1e-06}, 'Office': {'layer_num': 7, 'reg_weight': 1e-06}}}
2025-10-02 13:11:46,479 - Epoch   0 Validation set [recall@5: 0.0177 recall@10: 0.0297 recall@20: 0.0473 ] [ndcg@5: 0.0149 ndcg@10: 0.0197 ndcg@20: 0.0254 ] 
2025-10-02 13:11:49,257 - Epoch   3 Validation set [recall@5: 0.0184 recall@10: 0.0333 recall@20: 0.0527 ] [ndcg@5: 0.0156 ndcg@10: 0.0218 ndcg@20: 0.0281 ] 
2025-10-02 13:11:52,413 - Epoch   6 Validation set [recall@5: 0.0190 recall@10: 0.0347 recall@20: 0.0544 ] [ndcg@5: 0.0160 ndcg@10: 0.0226 ndcg@20: 0.0291 ] 
2025-10-02 13:11:55,539 - Epoch   9 Validation set [recall@5: 0.0227 recall@10: 0.0388 recall@20: 0.0646 ] [ndcg@5: 0.0189 ndcg@10: 0.0255 ndcg@20: 0.0340 ] 
2025-10-02 13:11:58,609 - Epoch  12 Validation set [recall@5: 0.0255 recall@10: 0.0419 recall@20: 0.0697 ] [ndcg@5: 0.0211 ndcg@10: 0.0279 ndcg@20: 0.0371 ] 
2025-10-02 13:12:01,554 - Epoch  15 Validation set [recall@5: 0.0268 recall@10: 0.0444 recall@20: 0.0726 ] [ndcg@5: 0.0224 ndcg@10: 0.0295 ndcg@20: 0.0388 ] 
2025-10-02 13:12:05,307 - Epoch  18 Validation set [recall@5: 0.0278 recall@10: 0.0457 recall@20: 0.0751 ] [ndcg@5: 0.0232 ndcg@10: 0.0305 ndcg@20: 0.0401 ] 
2025-10-02 13:12:08,574 - Epoch  21 Validation set [recall@5: 0.0281 recall@10: 0.0472 recall@20: 0.0776 ] [ndcg@5: 0.0234 ndcg@10: 0.0311 ndcg@20: 0.0411 ] 
2025-10-02 13:12:11,622 - Epoch  24 Validation set [recall@5: 0.0288 recall@10: 0.0481 recall@20: 0.0795 ] [ndcg@5: 0.0238 ndcg@10: 0.0317 ndcg@20: 0.0420 ] 
2025-10-02 13:12:14,880 - Epoch  27 Validation set [recall@5: 0.0298 recall@10: 0.0500 recall@20: 0.0811 ] [ndcg@5: 0.0247 ndcg@10: 0.0329 ndcg@20: 0.0431 ] 
2025-10-02 13:12:17,539 - Epoch  30 Validation set [recall@5: 0.0313 recall@10: 0.0506 recall@20: 0.0829 ] [ndcg@5: 0.0258 ndcg@10: 0.0336 ndcg@20: 0.0442 ] 
2025-10-02 13:12:20,114 - Epoch  33 Validation set [recall@5: 0.0321 recall@10: 0.0507 recall@20: 0.0846 ] [ndcg@5: 0.0265 ndcg@10: 0.0340 ndcg@20: 0.0451 ] 
2025-10-02 13:12:22,935 - Epoch  36 Validation set [recall@5: 0.0324 recall@10: 0.0522 recall@20: 0.0864 ] [ndcg@5: 0.0270 ndcg@10: 0.0350 ndcg@20: 0.0463 ] 
2025-10-02 13:12:25,784 - Epoch  39 Validation set [recall@5: 0.0334 recall@10: 0.0539 recall@20: 0.0878 ] [ndcg@5: 0.0280 ndcg@10: 0.0362 ndcg@20: 0.0473 ] 
2025-10-02 13:12:28,418 - Epoch  42 Validation set [recall@5: 0.0335 recall@10: 0.0543 recall@20: 0.0885 ] [ndcg@5: 0.0281 ndcg@10: 0.0365 ndcg@20: 0.0477 ] 
2025-10-02 13:12:31,576 - Epoch  45 Validation set [recall@5: 0.0334 recall@10: 0.0548 recall@20: 0.0890 ] [ndcg@5: 0.0283 ndcg@10: 0.0368 ndcg@20: 0.0481 ] 
2025-10-02 13:12:34,073 - Epoch  48 Validation set [recall@5: 0.0337 recall@10: 0.0550 recall@20: 0.0906 ] [ndcg@5: 0.0288 ndcg@10: 0.0374 ndcg@20: 0.0491 ] 
2025-10-02 13:12:36,965 - Epoch  51 Validation set [recall@5: 0.0346 recall@10: 0.0557 recall@20: 0.0912 ] [ndcg@5: 0.0295 ndcg@10: 0.0379 ndcg@20: 0.0496 ] 
2025-10-02 13:12:40,279 - Epoch  54 Validation set [recall@5: 0.0346 recall@10: 0.0558 recall@20: 0.0908 ] [ndcg@5: 0.0297 ndcg@10: 0.0381 ndcg@20: 0.0497 ] 
2025-10-02 13:12:43,561 - Epoch  57 Validation set [recall@5: 0.0354 recall@10: 0.0562 recall@20: 0.0911 ] [ndcg@5: 0.0302 ndcg@10: 0.0385 ndcg@20: 0.0501 ] 
2025-10-02 13:12:46,968 - Epoch  60 Validation set [recall@5: 0.0360 recall@10: 0.0568 recall@20: 0.0928 ] [ndcg@5: 0.0304 ndcg@10: 0.0387 ndcg@20: 0.0505 ] 
2025-10-02 13:12:50,256 - Epoch  63 Validation set [recall@5: 0.0358 recall@10: 0.0570 recall@20: 0.0933 ] [ndcg@5: 0.0304 ndcg@10: 0.0389 ndcg@20: 0.0509 ] 
2025-10-02 13:12:53,805 - Epoch  66 Validation set [recall@5: 0.0358 recall@10: 0.0571 recall@20: 0.0929 ] [ndcg@5: 0.0304 ndcg@10: 0.0390 ndcg@20: 0.0508 ] 
2025-10-02 13:12:56,775 - Epoch  69 Validation set [recall@5: 0.0360 recall@10: 0.0578 recall@20: 0.0936 ] [ndcg@5: 0.0306 ndcg@10: 0.0394 ndcg@20: 0.0512 ] 
2025-10-02 13:12:59,868 - Epoch  72 Validation set [recall@5: 0.0367 recall@10: 0.0587 recall@20: 0.0935 ] [ndcg@5: 0.0313 ndcg@10: 0.0402 ndcg@20: 0.0516 ] 
2025-10-02 13:13:02,966 - Epoch  75 Validation set [recall@5: 0.0373 recall@10: 0.0584 recall@20: 0.0945 ] [ndcg@5: 0.0316 ndcg@10: 0.0401 ndcg@20: 0.0520 ] 
2025-10-02 13:13:05,877 - Epoch  78 Validation set [recall@5: 0.0373 recall@10: 0.0584 recall@20: 0.0943 ] [ndcg@5: 0.0315 ndcg@10: 0.0400 ndcg@20: 0.0519 ] 
2025-10-02 13:13:08,463 - Epoch  81 Validation set [recall@5: 0.0370 recall@10: 0.0582 recall@20: 0.0952 ] [ndcg@5: 0.0316 ndcg@10: 0.0402 ndcg@20: 0.0524 ] 
2025-10-02 13:13:11,612 - Epoch  84 Validation set [recall@5: 0.0375 recall@10: 0.0580 recall@20: 0.0951 ] [ndcg@5: 0.0319 ndcg@10: 0.0402 ndcg@20: 0.0524 ] 
2025-10-02 13:13:14,300 - Epoch  87 Validation set [recall@5: 0.0379 recall@10: 0.0583 recall@20: 0.0950 ] [ndcg@5: 0.0323 ndcg@10: 0.0405 ndcg@20: 0.0526 ] 
2025-10-02 13:13:18,058 - Epoch  90 Validation set [recall@5: 0.0380 recall@10: 0.0585 recall@20: 0.0945 ] [ndcg@5: 0.0324 ndcg@10: 0.0407 ndcg@20: 0.0525 ] 
2025-10-02 13:13:20,834 - Epoch  93 Validation set [recall@5: 0.0378 recall@10: 0.0586 recall@20: 0.0941 ] [ndcg@5: 0.0322 ndcg@10: 0.0406 ndcg@20: 0.0523 ] 
2025-10-02 13:13:23,671 - Epoch  96 Validation set [recall@5: 0.0375 recall@10: 0.0586 recall@20: 0.0942 ] [ndcg@5: 0.0320 ndcg@10: 0.0406 ndcg@20: 0.0523 ] 
2025-10-02 13:13:24,408 - [recall@5: 0.0370 recall@10: 0.0582 recall@20: 0.0952 ] [ndcg@5: 0.0316 ndcg@10: 0.0402 ndcg@20: 0.0524 ] 
2025-10-02 13:13:25,292 - [recall@5: 0.0325 recall@10: 0.0529 recall@20: 0.0885 ] [ndcg@5: 0.0309 ndcg@10: 0.0398 ndcg@20: 0.0529 ] 
2025-10-02 13:13:25,292 - Best Epoch 81. Final test result: {'recall': array([0.03252767, 0.05292573, 0.08850122]), 'ndcg': array([0.03092859, 0.03981391, 0.05290192])}.
