2025-10-02 13:00:46,443 - {'optimizer': {'name': 'adam', 'lr': 0.001, 'weight_decay': 0}, 'train': {'epoch': 3000, 'batch_size': 4096, 'save_model': False, 'loss': 'pairwise', 'test_step': 3, 'reproducible': True, 'seed': 2023, 'patience': 5}, 'test': {'metrics': ['recall', 'ndcg'], 'k': [5, 10, 20], 'batch_size': 1024}, 'data': {'type': 'general_cf', 'name': 'Office', 'user_num': 6338, 'item_num': 4461}, 'model': {'name': 'lightgcn', 'keep_rate': 0.8, 'embedding_size': 64, 'layer_num': 3, 'reg_weight': 1e-06, 'amazon': {'layer_num': 3, 'reg_weight': 1e-06}, 'yelp': {'layer_num': 3, 'reg_weight': 1e-06}, 'steam': {'layer_num': 2, 'reg_weight': 1e-06}, 'Office': {'layer_num': 3, 'reg_weight': 1e-06}}}
2025-10-02 13:00:49,805 - Epoch   0 Validation set [recall@5: 0.0045 recall@10: 0.0080 recall@20: 0.0137 ] [ndcg@5: 0.0037 ndcg@10: 0.0051 ndcg@20: 0.0070 ] 
2025-10-02 13:00:51,961 - Epoch   3 Validation set [recall@5: 0.0230 recall@10: 0.0403 recall@20: 0.0635 ] [ndcg@5: 0.0189 ndcg@10: 0.0259 ndcg@20: 0.0336 ] 
2025-10-02 13:00:54,131 - Epoch   6 Validation set [recall@5: 0.0217 recall@10: 0.0389 recall@20: 0.0636 ] [ndcg@5: 0.0180 ndcg@10: 0.0251 ndcg@20: 0.0332 ] 
2025-10-02 13:00:56,253 - Epoch   9 Validation set [recall@5: 0.0237 recall@10: 0.0412 recall@20: 0.0690 ] [ndcg@5: 0.0199 ndcg@10: 0.0271 ndcg@20: 0.0362 ] 
2025-10-02 13:00:58,484 - Epoch  12 Validation set [recall@5: 0.0261 recall@10: 0.0431 recall@20: 0.0719 ] [ndcg@5: 0.0219 ndcg@10: 0.0288 ndcg@20: 0.0383 ] 
2025-10-02 13:01:00,678 - Epoch  15 Validation set [recall@5: 0.0272 recall@10: 0.0459 recall@20: 0.0765 ] [ndcg@5: 0.0228 ndcg@10: 0.0305 ndcg@20: 0.0406 ] 
2025-10-02 13:01:02,963 - Epoch  18 Validation set [recall@5: 0.0294 recall@10: 0.0483 recall@20: 0.0799 ] [ndcg@5: 0.0245 ndcg@10: 0.0321 ndcg@20: 0.0425 ] 
2025-10-02 13:01:05,208 - Epoch  21 Validation set [recall@5: 0.0315 recall@10: 0.0499 recall@20: 0.0824 ] [ndcg@5: 0.0264 ndcg@10: 0.0337 ndcg@20: 0.0445 ] 
2025-10-02 13:01:07,480 - Epoch  24 Validation set [recall@5: 0.0326 recall@10: 0.0519 recall@20: 0.0840 ] [ndcg@5: 0.0273 ndcg@10: 0.0351 ndcg@20: 0.0456 ] 
2025-10-02 13:01:09,695 - Epoch  27 Validation set [recall@5: 0.0333 recall@10: 0.0535 recall@20: 0.0855 ] [ndcg@5: 0.0281 ndcg@10: 0.0363 ndcg@20: 0.0468 ] 
2025-10-02 13:01:11,883 - Epoch  30 Validation set [recall@5: 0.0333 recall@10: 0.0540 recall@20: 0.0875 ] [ndcg@5: 0.0286 ndcg@10: 0.0370 ndcg@20: 0.0480 ] 
2025-10-02 13:01:14,279 - Epoch  33 Validation set [recall@5: 0.0343 recall@10: 0.0548 recall@20: 0.0878 ] [ndcg@5: 0.0297 ndcg@10: 0.0380 ndcg@20: 0.0489 ] 
2025-10-02 13:01:16,769 - Epoch  36 Validation set [recall@5: 0.0354 recall@10: 0.0555 recall@20: 0.0894 ] [ndcg@5: 0.0309 ndcg@10: 0.0391 ndcg@20: 0.0502 ] 
2025-10-02 13:01:19,548 - Epoch  39 Validation set [recall@5: 0.0355 recall@10: 0.0559 recall@20: 0.0902 ] [ndcg@5: 0.0310 ndcg@10: 0.0394 ndcg@20: 0.0506 ] 
2025-10-02 13:01:21,959 - Epoch  42 Validation set [recall@5: 0.0365 recall@10: 0.0566 recall@20: 0.0910 ] [ndcg@5: 0.0316 ndcg@10: 0.0397 ndcg@20: 0.0510 ] 
2025-10-02 13:01:24,530 - Epoch  45 Validation set [recall@5: 0.0364 recall@10: 0.0564 recall@20: 0.0910 ] [ndcg@5: 0.0316 ndcg@10: 0.0398 ndcg@20: 0.0511 ] 
2025-10-02 13:01:26,955 - Epoch  48 Validation set [recall@5: 0.0370 recall@10: 0.0577 recall@20: 0.0914 ] [ndcg@5: 0.0319 ndcg@10: 0.0403 ndcg@20: 0.0514 ] 
2025-10-02 13:01:29,287 - Epoch  51 Validation set [recall@5: 0.0367 recall@10: 0.0579 recall@20: 0.0923 ] [ndcg@5: 0.0319 ndcg@10: 0.0405 ndcg@20: 0.0517 ] 
2025-10-02 13:01:31,734 - Epoch  54 Validation set [recall@5: 0.0365 recall@10: 0.0591 recall@20: 0.0920 ] [ndcg@5: 0.0320 ndcg@10: 0.0412 ndcg@20: 0.0519 ] 
2025-10-02 13:01:34,525 - Epoch  57 Validation set [recall@5: 0.0370 recall@10: 0.0591 recall@20: 0.0916 ] [ndcg@5: 0.0324 ndcg@10: 0.0413 ndcg@20: 0.0520 ] 
2025-10-02 13:01:37,031 - Epoch  60 Validation set [recall@5: 0.0367 recall@10: 0.0595 recall@20: 0.0921 ] [ndcg@5: 0.0323 ndcg@10: 0.0415 ndcg@20: 0.0523 ] 
2025-10-02 13:01:39,158 - Epoch  63 Validation set [recall@5: 0.0372 recall@10: 0.0595 recall@20: 0.0933 ] [ndcg@5: 0.0324 ndcg@10: 0.0414 ndcg@20: 0.0525 ] 
2025-10-02 13:01:41,163 - Epoch  66 Validation set [recall@5: 0.0368 recall@10: 0.0591 recall@20: 0.0933 ] [ndcg@5: 0.0324 ndcg@10: 0.0414 ndcg@20: 0.0527 ] 
2025-10-02 13:01:43,122 - Epoch  69 Validation set [recall@5: 0.0372 recall@10: 0.0591 recall@20: 0.0929 ] [ndcg@5: 0.0326 ndcg@10: 0.0414 ndcg@20: 0.0526 ] 
2025-10-02 13:01:45,233 - Epoch  72 Validation set [recall@5: 0.0372 recall@10: 0.0602 recall@20: 0.0928 ] [ndcg@5: 0.0326 ndcg@10: 0.0419 ndcg@20: 0.0527 ] 
2025-10-02 13:01:47,231 - Epoch  75 Validation set [recall@5: 0.0372 recall@10: 0.0595 recall@20: 0.0923 ] [ndcg@5: 0.0325 ndcg@10: 0.0416 ndcg@20: 0.0525 ] 
2025-10-02 13:01:49,499 - Epoch  78 Validation set [recall@5: 0.0373 recall@10: 0.0595 recall@20: 0.0927 ] [ndcg@5: 0.0325 ndcg@10: 0.0415 ndcg@20: 0.0525 ] 
2025-10-02 13:01:50,474 - [recall@5: 0.0372 recall@10: 0.0595 recall@20: 0.0933 ] [ndcg@5: 0.0324 ndcg@10: 0.0414 ndcg@20: 0.0525 ] 
2025-10-02 13:01:51,472 - [recall@5: 0.0336 recall@10: 0.0548 recall@20: 0.0889 ] [ndcg@5: 0.0320 ndcg@10: 0.0413 ndcg@20: 0.0538 ] 
2025-10-02 13:01:51,473 - Best Epoch 63. Final test result: {'recall': array([0.03362414, 0.05479376, 0.08890779]), 'ndcg': array([0.03199961, 0.04125452, 0.05378921])}.
