2025-10-01 23:46:01,724 - {'optimizer': {'name': 'adam', 'lr': 0.001, 'weight_decay': 0}, 'train': {'epoch': 3000, 'batch_size': 4096, 'save_model': False, 'loss': 'pairwise', 'test_step': 3, 'reproducible': True, 'seed': 2023, 'patience': 5}, 'test': {'metrics': ['recall', 'ndcg'], 'k': [5, 10, 20], 'batch_size': 1024}, 'data': {'type': 'general_cf', 'name': 'Office', 'user_num': 6338, 'item_num': 4461}, 'model': {'name': 'lightgcn', 'keep_rate': 0.8, 'embedding_size': 64, 'layer_num': 4, 'reg_weight': 1e-06, 'amazon': {'layer_num': 3, 'reg_weight': 1e-06}, 'yelp': {'layer_num': 3, 'reg_weight': 1e-06}, 'steam': {'layer_num': 2, 'reg_weight': 1e-06}, 'Office': {'layer_num': 4, 'reg_weight': 1e-06}}}
2025-10-01 23:46:04,989 - Epoch   0 Validation set [recall@5: 0.0092 recall@10: 0.0131 recall@20: 0.0215 ] [ndcg@5: 0.0077 ndcg@10: 0.0093 ndcg@20: 0.0120 ] 
2025-10-01 23:46:08,984 - Epoch   3 Validation set [recall@5: 0.0202 recall@10: 0.0373 recall@20: 0.0596 ] [ndcg@5: 0.0167 ndcg@10: 0.0237 ndcg@20: 0.0310 ] 
2025-10-01 23:46:12,196 - Epoch   6 Validation set [recall@5: 0.0209 recall@10: 0.0382 recall@20: 0.0598 ] [ndcg@5: 0.0173 ndcg@10: 0.0243 ndcg@20: 0.0314 ] 
2025-10-01 23:46:16,062 - Epoch   9 Validation set [recall@5: 0.0233 recall@10: 0.0406 recall@20: 0.0682 ] [ndcg@5: 0.0198 ndcg@10: 0.0268 ndcg@20: 0.0359 ] 
2025-10-01 23:46:19,899 - Epoch  12 Validation set [recall@5: 0.0253 recall@10: 0.0442 recall@20: 0.0721 ] [ndcg@5: 0.0214 ndcg@10: 0.0291 ndcg@20: 0.0383 ] 
2025-10-01 23:46:23,475 - Epoch  15 Validation set [recall@5: 0.0274 recall@10: 0.0460 recall@20: 0.0760 ] [ndcg@5: 0.0229 ndcg@10: 0.0305 ndcg@20: 0.0404 ] 
2025-10-01 23:46:27,155 - Epoch  18 Validation set [recall@5: 0.0289 recall@10: 0.0476 recall@20: 0.0791 ] [ndcg@5: 0.0240 ndcg@10: 0.0316 ndcg@20: 0.0419 ] 
2025-10-01 23:46:31,105 - Epoch  21 Validation set [recall@5: 0.0300 recall@10: 0.0483 recall@20: 0.0820 ] [ndcg@5: 0.0250 ndcg@10: 0.0324 ndcg@20: 0.0436 ] 
2025-10-01 23:46:35,149 - Epoch  24 Validation set [recall@5: 0.0314 recall@10: 0.0504 recall@20: 0.0843 ] [ndcg@5: 0.0263 ndcg@10: 0.0340 ndcg@20: 0.0452 ] 
2025-10-01 23:46:38,845 - Epoch  27 Validation set [recall@5: 0.0321 recall@10: 0.0528 recall@20: 0.0857 ] [ndcg@5: 0.0270 ndcg@10: 0.0353 ndcg@20: 0.0462 ] 
2025-10-01 23:46:42,734 - Epoch  30 Validation set [recall@5: 0.0336 recall@10: 0.0533 recall@20: 0.0876 ] [ndcg@5: 0.0283 ndcg@10: 0.0362 ndcg@20: 0.0474 ] 
2025-10-01 23:46:46,381 - Epoch  33 Validation set [recall@5: 0.0342 recall@10: 0.0546 recall@20: 0.0880 ] [ndcg@5: 0.0288 ndcg@10: 0.0371 ndcg@20: 0.0481 ] 
2025-10-01 23:46:49,536 - Epoch  36 Validation set [recall@5: 0.0350 recall@10: 0.0559 recall@20: 0.0898 ] [ndcg@5: 0.0298 ndcg@10: 0.0382 ndcg@20: 0.0493 ] 
2025-10-01 23:46:53,390 - Epoch  39 Validation set [recall@5: 0.0350 recall@10: 0.0566 recall@20: 0.0903 ] [ndcg@5: 0.0302 ndcg@10: 0.0389 ndcg@20: 0.0500 ] 
2025-10-01 23:46:56,701 - Epoch  42 Validation set [recall@5: 0.0361 recall@10: 0.0570 recall@20: 0.0918 ] [ndcg@5: 0.0309 ndcg@10: 0.0394 ndcg@20: 0.0508 ] 
2025-10-01 23:46:59,865 - Epoch  45 Validation set [recall@5: 0.0363 recall@10: 0.0572 recall@20: 0.0926 ] [ndcg@5: 0.0311 ndcg@10: 0.0396 ndcg@20: 0.0511 ] 
2025-10-01 23:47:03,730 - Epoch  48 Validation set [recall@5: 0.0363 recall@10: 0.0577 recall@20: 0.0927 ] [ndcg@5: 0.0314 ndcg@10: 0.0401 ndcg@20: 0.0516 ] 
2025-10-01 23:47:07,518 - Epoch  51 Validation set [recall@5: 0.0376 recall@10: 0.0586 recall@20: 0.0933 ] [ndcg@5: 0.0320 ndcg@10: 0.0405 ndcg@20: 0.0519 ] 
2025-10-01 23:47:11,342 - Epoch  54 Validation set [recall@5: 0.0375 recall@10: 0.0587 recall@20: 0.0933 ] [ndcg@5: 0.0323 ndcg@10: 0.0408 ndcg@20: 0.0522 ] 
2025-10-01 23:47:15,306 - Epoch  57 Validation set [recall@5: 0.0380 recall@10: 0.0586 recall@20: 0.0934 ] [ndcg@5: 0.0325 ndcg@10: 0.0408 ndcg@20: 0.0523 ] 
2025-10-01 23:47:18,548 - Epoch  60 Validation set [recall@5: 0.0377 recall@10: 0.0592 recall@20: 0.0934 ] [ndcg@5: 0.0324 ndcg@10: 0.0411 ndcg@20: 0.0524 ] 
2025-10-01 23:47:22,364 - Epoch  63 Validation set [recall@5: 0.0377 recall@10: 0.0591 recall@20: 0.0939 ] [ndcg@5: 0.0325 ndcg@10: 0.0412 ndcg@20: 0.0527 ] 
2025-10-01 23:47:26,435 - Epoch  66 Validation set [recall@5: 0.0375 recall@10: 0.0595 recall@20: 0.0934 ] [ndcg@5: 0.0324 ndcg@10: 0.0413 ndcg@20: 0.0525 ] 
2025-10-01 23:47:30,189 - Epoch  69 Validation set [recall@5: 0.0374 recall@10: 0.0600 recall@20: 0.0941 ] [ndcg@5: 0.0323 ndcg@10: 0.0415 ndcg@20: 0.0527 ] 
2025-10-01 23:47:33,900 - Epoch  72 Validation set [recall@5: 0.0379 recall@10: 0.0610 recall@20: 0.0943 ] [ndcg@5: 0.0327 ndcg@10: 0.0421 ndcg@20: 0.0530 ] 
2025-10-01 23:47:37,596 - Epoch  75 Validation set [recall@5: 0.0381 recall@10: 0.0610 recall@20: 0.0933 ] [ndcg@5: 0.0327 ndcg@10: 0.0420 ndcg@20: 0.0527 ] 
2025-10-01 23:47:41,649 - Epoch  78 Validation set [recall@5: 0.0380 recall@10: 0.0608 recall@20: 0.0939 ] [ndcg@5: 0.0326 ndcg@10: 0.0418 ndcg@20: 0.0528 ] 
2025-10-01 23:47:45,733 - Epoch  81 Validation set [recall@5: 0.0381 recall@10: 0.0608 recall@20: 0.0938 ] [ndcg@5: 0.0328 ndcg@10: 0.0419 ndcg@20: 0.0529 ] 
2025-10-01 23:47:48,486 - Epoch  84 Validation set [recall@5: 0.0378 recall@10: 0.0601 recall@20: 0.0935 ] [ndcg@5: 0.0328 ndcg@10: 0.0419 ndcg@20: 0.0531 ] 
2025-10-01 23:47:52,351 - Epoch  87 Validation set [recall@5: 0.0381 recall@10: 0.0602 recall@20: 0.0932 ] [ndcg@5: 0.0329 ndcg@10: 0.0418 ndcg@20: 0.0528 ] 
2025-10-01 23:47:53,350 - [recall@5: 0.0379 recall@10: 0.0610 recall@20: 0.0943 ] [ndcg@5: 0.0327 ndcg@10: 0.0421 ndcg@20: 0.0530 ] 
2025-10-01 23:47:54,298 - [recall@5: 0.0334 recall@10: 0.0554 recall@20: 0.0895 ] [ndcg@5: 0.0318 ndcg@10: 0.0414 ndcg@20: 0.0540 ] 
2025-10-01 23:47:54,299 - Best Epoch 72. Final test result: {'recall': array([0.033351  , 0.05541208, 0.08949414]), 'ndcg': array([0.03181815, 0.04142967, 0.05398585])}.
