2025-10-02 13:08:24,885 - {'optimizer': {'name': 'adam', 'lr': 0.001, 'weight_decay': 0}, 'train': {'epoch': 3000, 'batch_size': 4096, 'save_model': False, 'loss': 'pairwise', 'test_step': 3, 'reproducible': True, 'seed': 2023, 'patience': 5}, 'test': {'metrics': ['recall', 'ndcg'], 'k': [5, 10, 20], 'batch_size': 1024}, 'data': {'type': 'general_cf', 'name': 'Office', 'user_num': 6338, 'item_num': 4461}, 'model': {'name': 'lightgcn', 'keep_rate': 0.8, 'embedding_size': 64, 'layer_num': 5, 'reg_weight': 1e-06, 'amazon': {'layer_num': 3, 'reg_weight': 1e-06}, 'yelp': {'layer_num': 3, 'reg_weight': 1e-06}, 'steam': {'layer_num': 2, 'reg_weight': 1e-06}, 'Office': {'layer_num': 5, 'reg_weight': 1e-06}}}
2025-10-02 13:08:28,804 - Epoch   0 Validation set [recall@5: 0.0131 recall@10: 0.0206 recall@20: 0.0322 ] [ndcg@5: 0.0115 ndcg@10: 0.0145 ndcg@20: 0.0183 ] 
2025-10-02 13:08:32,056 - Epoch   3 Validation set [recall@5: 0.0182 recall@10: 0.0367 recall@20: 0.0556 ] [ndcg@5: 0.0155 ndcg@10: 0.0232 ndcg@20: 0.0293 ] 
2025-10-02 13:08:35,286 - Epoch   6 Validation set [recall@5: 0.0198 recall@10: 0.0368 recall@20: 0.0574 ] [ndcg@5: 0.0166 ndcg@10: 0.0235 ndcg@20: 0.0303 ] 
2025-10-02 13:08:38,235 - Epoch   9 Validation set [recall@5: 0.0233 recall@10: 0.0409 recall@20: 0.0669 ] [ndcg@5: 0.0196 ndcg@10: 0.0268 ndcg@20: 0.0354 ] 
2025-10-02 13:08:40,960 - Epoch  12 Validation set [recall@5: 0.0259 recall@10: 0.0438 recall@20: 0.0713 ] [ndcg@5: 0.0217 ndcg@10: 0.0290 ndcg@20: 0.0381 ] 
2025-10-02 13:08:43,744 - Epoch  15 Validation set [recall@5: 0.0274 recall@10: 0.0451 recall@20: 0.0748 ] [ndcg@5: 0.0228 ndcg@10: 0.0300 ndcg@20: 0.0398 ] 
2025-10-02 13:08:46,767 - Epoch  18 Validation set [recall@5: 0.0286 recall@10: 0.0475 recall@20: 0.0782 ] [ndcg@5: 0.0236 ndcg@10: 0.0312 ndcg@20: 0.0414 ] 
2025-10-02 13:08:49,269 - Epoch  21 Validation set [recall@5: 0.0294 recall@10: 0.0484 recall@20: 0.0814 ] [ndcg@5: 0.0243 ndcg@10: 0.0320 ndcg@20: 0.0428 ] 
2025-10-02 13:08:52,647 - Epoch  24 Validation set [recall@5: 0.0309 recall@10: 0.0496 recall@20: 0.0833 ] [ndcg@5: 0.0255 ndcg@10: 0.0331 ndcg@20: 0.0442 ] 
2025-10-02 13:08:55,583 - Epoch  27 Validation set [recall@5: 0.0314 recall@10: 0.0511 recall@20: 0.0846 ] [ndcg@5: 0.0263 ndcg@10: 0.0342 ndcg@20: 0.0453 ] 
2025-10-02 13:08:58,105 - Epoch  30 Validation set [recall@5: 0.0325 recall@10: 0.0523 recall@20: 0.0860 ] [ndcg@5: 0.0273 ndcg@10: 0.0352 ndcg@20: 0.0463 ] 
2025-10-02 13:09:00,883 - Epoch  33 Validation set [recall@5: 0.0335 recall@10: 0.0539 recall@20: 0.0878 ] [ndcg@5: 0.0283 ndcg@10: 0.0364 ndcg@20: 0.0476 ] 
2025-10-02 13:09:03,731 - Epoch  36 Validation set [recall@5: 0.0338 recall@10: 0.0548 recall@20: 0.0894 ] [ndcg@5: 0.0285 ndcg@10: 0.0370 ndcg@20: 0.0483 ] 
2025-10-02 13:09:06,635 - Epoch  39 Validation set [recall@5: 0.0342 recall@10: 0.0559 recall@20: 0.0908 ] [ndcg@5: 0.0293 ndcg@10: 0.0380 ndcg@20: 0.0494 ] 
2025-10-02 13:09:10,062 - Epoch  42 Validation set [recall@5: 0.0348 recall@10: 0.0563 recall@20: 0.0920 ] [ndcg@5: 0.0298 ndcg@10: 0.0385 ndcg@20: 0.0501 ] 
2025-10-02 13:09:13,064 - Epoch  45 Validation set [recall@5: 0.0352 recall@10: 0.0567 recall@20: 0.0926 ] [ndcg@5: 0.0301 ndcg@10: 0.0388 ndcg@20: 0.0505 ] 
2025-10-02 13:09:16,059 - Epoch  48 Validation set [recall@5: 0.0360 recall@10: 0.0567 recall@20: 0.0926 ] [ndcg@5: 0.0305 ndcg@10: 0.0389 ndcg@20: 0.0506 ] 
2025-10-02 13:09:18,815 - Epoch  51 Validation set [recall@5: 0.0367 recall@10: 0.0577 recall@20: 0.0938 ] [ndcg@5: 0.0309 ndcg@10: 0.0394 ndcg@20: 0.0512 ] 
2025-10-02 13:09:22,041 - Epoch  54 Validation set [recall@5: 0.0373 recall@10: 0.0582 recall@20: 0.0942 ] [ndcg@5: 0.0313 ndcg@10: 0.0398 ndcg@20: 0.0516 ] 
2025-10-02 13:09:25,386 - Epoch  57 Validation set [recall@5: 0.0378 recall@10: 0.0591 recall@20: 0.0937 ] [ndcg@5: 0.0318 ndcg@10: 0.0404 ndcg@20: 0.0518 ] 
2025-10-02 13:09:28,558 - Epoch  60 Validation set [recall@5: 0.0378 recall@10: 0.0585 recall@20: 0.0942 ] [ndcg@5: 0.0321 ndcg@10: 0.0405 ndcg@20: 0.0522 ] 
2025-10-02 13:09:30,997 - Epoch  63 Validation set [recall@5: 0.0379 recall@10: 0.0589 recall@20: 0.0947 ] [ndcg@5: 0.0322 ndcg@10: 0.0407 ndcg@20: 0.0525 ] 
2025-10-02 13:09:33,628 - Epoch  66 Validation set [recall@5: 0.0378 recall@10: 0.0593 recall@20: 0.0944 ] [ndcg@5: 0.0322 ndcg@10: 0.0409 ndcg@20: 0.0525 ] 
2025-10-02 13:09:36,555 - Epoch  69 Validation set [recall@5: 0.0374 recall@10: 0.0591 recall@20: 0.0940 ] [ndcg@5: 0.0318 ndcg@10: 0.0406 ndcg@20: 0.0521 ] 
2025-10-02 13:09:39,163 - Epoch  72 Validation set [recall@5: 0.0379 recall@10: 0.0596 recall@20: 0.0943 ] [ndcg@5: 0.0324 ndcg@10: 0.0412 ndcg@20: 0.0527 ] 
2025-10-02 13:09:42,254 - Epoch  75 Validation set [recall@5: 0.0383 recall@10: 0.0600 recall@20: 0.0942 ] [ndcg@5: 0.0327 ndcg@10: 0.0415 ndcg@20: 0.0528 ] 
2025-10-02 13:09:45,248 - Epoch  78 Validation set [recall@5: 0.0381 recall@10: 0.0600 recall@20: 0.0947 ] [ndcg@5: 0.0325 ndcg@10: 0.0414 ndcg@20: 0.0528 ] 
2025-10-02 13:09:46,406 - [recall@5: 0.0379 recall@10: 0.0589 recall@20: 0.0947 ] [ndcg@5: 0.0322 ndcg@10: 0.0407 ndcg@20: 0.0525 ] 
2025-10-02 13:09:47,561 - [recall@5: 0.0328 recall@10: 0.0536 recall@20: 0.0884 ] [ndcg@5: 0.0311 ndcg@10: 0.0402 ndcg@20: 0.0530 ] 
2025-10-02 13:09:47,562 - Best Epoch 63. Final test result: {'recall': array([0.03277206, 0.05355272, 0.08838637]), 'ndcg': array([0.03106363, 0.04021627, 0.05299706])}.
