2025-10-02 13:13:28,459 - {'optimizer': {'name': 'adam', 'lr': 0.001, 'weight_decay': 0}, 'train': {'epoch': 3000, 'batch_size': 4096, 'save_model': False, 'loss': 'pairwise', 'test_step': 3, 'reproducible': True, 'seed': 2023, 'patience': 5}, 'test': {'metrics': ['recall', 'ndcg'], 'k': [5, 10, 20], 'batch_size': 1024}, 'data': {'type': 'general_cf', 'name': 'Office', 'user_num': 6338, 'item_num': 4461}, 'model': {'name': 'lightgcn', 'keep_rate': 0.8, 'embedding_size': 64, 'layer_num': 8, 'reg_weight': 1e-06, 'amazon': {'layer_num': 3, 'reg_weight': 1e-06}, 'yelp': {'layer_num': 3, 'reg_weight': 1e-06}, 'steam': {'layer_num': 2, 'reg_weight': 1e-06}, 'Office': {'layer_num': 8, 'reg_weight': 1e-06}}}
2025-10-02 13:13:32,467 - Epoch   0 Validation set [recall@5: 0.0189 recall@10: 0.0317 recall@20: 0.0499 ] [ndcg@5: 0.0153 ndcg@10: 0.0205 ndcg@20: 0.0265 ] 
2025-10-02 13:13:35,434 - Epoch   3 Validation set [recall@5: 0.0187 recall@10: 0.0327 recall@20: 0.0519 ] [ndcg@5: 0.0157 ndcg@10: 0.0214 ndcg@20: 0.0276 ] 
2025-10-02 13:13:38,455 - Epoch   6 Validation set [recall@5: 0.0187 recall@10: 0.0337 recall@20: 0.0542 ] [ndcg@5: 0.0159 ndcg@10: 0.0222 ndcg@20: 0.0289 ] 
2025-10-02 13:13:42,032 - Epoch   9 Validation set [recall@5: 0.0226 recall@10: 0.0373 recall@20: 0.0631 ] [ndcg@5: 0.0186 ndcg@10: 0.0247 ndcg@20: 0.0332 ] 
2025-10-02 13:13:45,103 - Epoch  12 Validation set [recall@5: 0.0249 recall@10: 0.0415 recall@20: 0.0686 ] [ndcg@5: 0.0206 ndcg@10: 0.0274 ndcg@20: 0.0363 ] 
2025-10-02 13:13:48,327 - Epoch  15 Validation set [recall@5: 0.0268 recall@10: 0.0442 recall@20: 0.0721 ] [ndcg@5: 0.0221 ndcg@10: 0.0291 ndcg@20: 0.0383 ] 
2025-10-02 13:13:51,862 - Epoch  18 Validation set [recall@5: 0.0275 recall@10: 0.0456 recall@20: 0.0739 ] [ndcg@5: 0.0227 ndcg@10: 0.0301 ndcg@20: 0.0394 ] 
2025-10-02 13:13:55,352 - Epoch  21 Validation set [recall@5: 0.0282 recall@10: 0.0463 recall@20: 0.0762 ] [ndcg@5: 0.0233 ndcg@10: 0.0306 ndcg@20: 0.0404 ] 
2025-10-02 13:13:58,952 - Epoch  24 Validation set [recall@5: 0.0288 recall@10: 0.0479 recall@20: 0.0778 ] [ndcg@5: 0.0237 ndcg@10: 0.0314 ndcg@20: 0.0412 ] 
2025-10-02 13:14:02,202 - Epoch  27 Validation set [recall@5: 0.0290 recall@10: 0.0490 recall@20: 0.0801 ] [ndcg@5: 0.0242 ndcg@10: 0.0323 ndcg@20: 0.0425 ] 
2025-10-02 13:14:05,230 - Epoch  30 Validation set [recall@5: 0.0303 recall@10: 0.0500 recall@20: 0.0806 ] [ndcg@5: 0.0251 ndcg@10: 0.0330 ndcg@20: 0.0431 ] 
2025-10-02 13:14:08,753 - Epoch  33 Validation set [recall@5: 0.0313 recall@10: 0.0499 recall@20: 0.0827 ] [ndcg@5: 0.0258 ndcg@10: 0.0333 ndcg@20: 0.0441 ] 
2025-10-02 13:14:12,101 - Epoch  36 Validation set [recall@5: 0.0317 recall@10: 0.0518 recall@20: 0.0841 ] [ndcg@5: 0.0263 ndcg@10: 0.0344 ndcg@20: 0.0450 ] 
2025-10-02 13:14:15,475 - Epoch  39 Validation set [recall@5: 0.0320 recall@10: 0.0523 recall@20: 0.0856 ] [ndcg@5: 0.0265 ndcg@10: 0.0348 ndcg@20: 0.0457 ] 
2025-10-02 13:14:18,750 - Epoch  42 Validation set [recall@5: 0.0331 recall@10: 0.0530 recall@20: 0.0862 ] [ndcg@5: 0.0274 ndcg@10: 0.0354 ndcg@20: 0.0464 ] 
2025-10-02 13:14:22,215 - Epoch  45 Validation set [recall@5: 0.0333 recall@10: 0.0539 recall@20: 0.0872 ] [ndcg@5: 0.0277 ndcg@10: 0.0360 ndcg@20: 0.0470 ] 
2025-10-02 13:14:25,484 - Epoch  48 Validation set [recall@5: 0.0331 recall@10: 0.0539 recall@20: 0.0886 ] [ndcg@5: 0.0278 ndcg@10: 0.0362 ndcg@20: 0.0477 ] 
2025-10-02 13:14:28,224 - Epoch  51 Validation set [recall@5: 0.0336 recall@10: 0.0549 recall@20: 0.0887 ] [ndcg@5: 0.0284 ndcg@10: 0.0370 ndcg@20: 0.0482 ] 
2025-10-02 13:14:31,798 - Epoch  54 Validation set [recall@5: 0.0340 recall@10: 0.0552 recall@20: 0.0898 ] [ndcg@5: 0.0289 ndcg@10: 0.0374 ndcg@20: 0.0488 ] 
2025-10-02 13:14:35,086 - Epoch  57 Validation set [recall@5: 0.0343 recall@10: 0.0555 recall@20: 0.0904 ] [ndcg@5: 0.0293 ndcg@10: 0.0377 ndcg@20: 0.0493 ] 
2025-10-02 13:14:38,371 - Epoch  60 Validation set [recall@5: 0.0347 recall@10: 0.0563 recall@20: 0.0908 ] [ndcg@5: 0.0297 ndcg@10: 0.0383 ndcg@20: 0.0497 ] 
2025-10-02 13:14:41,788 - Epoch  63 Validation set [recall@5: 0.0350 recall@10: 0.0559 recall@20: 0.0911 ] [ndcg@5: 0.0298 ndcg@10: 0.0383 ndcg@20: 0.0499 ] 
2025-10-02 13:14:44,992 - Epoch  66 Validation set [recall@5: 0.0350 recall@10: 0.0562 recall@20: 0.0926 ] [ndcg@5: 0.0298 ndcg@10: 0.0383 ndcg@20: 0.0503 ] 
2025-10-02 13:14:48,626 - Epoch  69 Validation set [recall@5: 0.0347 recall@10: 0.0569 recall@20: 0.0925 ] [ndcg@5: 0.0296 ndcg@10: 0.0385 ndcg@20: 0.0503 ] 
2025-10-02 13:14:52,026 - Epoch  72 Validation set [recall@5: 0.0354 recall@10: 0.0572 recall@20: 0.0926 ] [ndcg@5: 0.0303 ndcg@10: 0.0391 ndcg@20: 0.0508 ] 
2025-10-02 13:14:55,654 - Epoch  75 Validation set [recall@5: 0.0357 recall@10: 0.0577 recall@20: 0.0931 ] [ndcg@5: 0.0304 ndcg@10: 0.0394 ndcg@20: 0.0510 ] 
2025-10-02 13:14:58,375 - Epoch  78 Validation set [recall@5: 0.0359 recall@10: 0.0582 recall@20: 0.0930 ] [ndcg@5: 0.0304 ndcg@10: 0.0395 ndcg@20: 0.0509 ] 
2025-10-02 13:15:01,503 - Epoch  81 Validation set [recall@5: 0.0355 recall@10: 0.0581 recall@20: 0.0934 ] [ndcg@5: 0.0303 ndcg@10: 0.0395 ndcg@20: 0.0511 ] 
2025-10-02 13:15:04,628 - Epoch  84 Validation set [recall@5: 0.0361 recall@10: 0.0575 recall@20: 0.0938 ] [ndcg@5: 0.0307 ndcg@10: 0.0395 ndcg@20: 0.0514 ] 
2025-10-02 13:15:07,373 - Epoch  87 Validation set [recall@5: 0.0365 recall@10: 0.0581 recall@20: 0.0940 ] [ndcg@5: 0.0311 ndcg@10: 0.0398 ndcg@20: 0.0516 ] 
2025-10-02 13:15:10,473 - Epoch  90 Validation set [recall@5: 0.0366 recall@10: 0.0581 recall@20: 0.0941 ] [ndcg@5: 0.0313 ndcg@10: 0.0400 ndcg@20: 0.0518 ] 
2025-10-02 13:15:13,492 - Epoch  93 Validation set [recall@5: 0.0366 recall@10: 0.0584 recall@20: 0.0942 ] [ndcg@5: 0.0311 ndcg@10: 0.0399 ndcg@20: 0.0516 ] 
2025-10-02 13:15:16,359 - Epoch  96 Validation set [recall@5: 0.0366 recall@10: 0.0582 recall@20: 0.0946 ] [ndcg@5: 0.0311 ndcg@10: 0.0399 ndcg@20: 0.0518 ] 
2025-10-02 13:15:19,734 - Epoch  99 Validation set [recall@5: 0.0365 recall@10: 0.0587 recall@20: 0.0941 ] [ndcg@5: 0.0312 ndcg@10: 0.0402 ndcg@20: 0.0519 ] 
2025-10-02 13:15:22,925 - Epoch 102 Validation set [recall@5: 0.0365 recall@10: 0.0584 recall@20: 0.0934 ] [ndcg@5: 0.0314 ndcg@10: 0.0403 ndcg@20: 0.0518 ] 
2025-10-02 13:15:26,266 - Epoch 105 Validation set [recall@5: 0.0367 recall@10: 0.0579 recall@20: 0.0926 ] [ndcg@5: 0.0315 ndcg@10: 0.0402 ndcg@20: 0.0517 ] 
2025-10-02 13:15:29,588 - Epoch 108 Validation set [recall@5: 0.0363 recall@10: 0.0578 recall@20: 0.0931 ] [ndcg@5: 0.0312 ndcg@10: 0.0400 ndcg@20: 0.0517 ] 
2025-10-02 13:15:33,209 - Epoch 111 Validation set [recall@5: 0.0366 recall@10: 0.0577 recall@20: 0.0923 ] [ndcg@5: 0.0314 ndcg@10: 0.0400 ndcg@20: 0.0514 ] 
2025-10-02 13:15:34,072 - [recall@5: 0.0366 recall@10: 0.0582 recall@20: 0.0946 ] [ndcg@5: 0.0311 ndcg@10: 0.0399 ndcg@20: 0.0518 ] 
2025-10-02 13:15:34,892 - [recall@5: 0.0323 recall@10: 0.0529 recall@20: 0.0882 ] [ndcg@5: 0.0305 ndcg@10: 0.0395 ndcg@20: 0.0525 ] 
2025-10-02 13:15:34,893 - Best Epoch 96. Final test result: {'recall': array([0.03227262, 0.05292559, 0.08820851]), 'ndcg': array([0.03046053, 0.03951982, 0.05250893])}.
