2025-10-02 13:15:38,163 - {'optimizer': {'name': 'adam', 'lr': 0.001, 'weight_decay': 0}, 'train': {'epoch': 3000, 'batch_size': 4096, 'save_model': False, 'loss': 'pairwise', 'test_step': 3, 'reproducible': True, 'seed': 2023, 'patience': 5}, 'test': {'metrics': ['recall', 'ndcg'], 'k': [5, 10, 20], 'batch_size': 1024}, 'data': {'type': 'general_cf', 'name': 'Office', 'user_num': 6338, 'item_num': 4461}, 'model': {'name': 'lightgcn', 'keep_rate': 0.8, 'embedding_size': 64, 'layer_num': 9, 'reg_weight': 1e-06, 'amazon': {'layer_num': 3, 'reg_weight': 1e-06}, 'yelp': {'layer_num': 3, 'reg_weight': 1e-06}, 'steam': {'layer_num': 2, 'reg_weight': 1e-06}, 'Office': {'layer_num': 9, 'reg_weight': 1e-06}}}
2025-10-02 13:15:42,304 - Epoch   0 Validation set [recall@5: 0.0183 recall@10: 0.0325 recall@20: 0.0514 ] [ndcg@5: 0.0149 ndcg@10: 0.0207 ndcg@20: 0.0270 ] 
2025-10-02 13:15:45,456 - Epoch   3 Validation set [recall@5: 0.0185 recall@10: 0.0319 recall@20: 0.0522 ] [ndcg@5: 0.0156 ndcg@10: 0.0211 ndcg@20: 0.0277 ] 
2025-10-02 13:15:49,473 - Epoch   6 Validation set [recall@5: 0.0188 recall@10: 0.0331 recall@20: 0.0536 ] [ndcg@5: 0.0160 ndcg@10: 0.0219 ndcg@20: 0.0286 ] 
2025-10-02 13:15:52,585 - Epoch   9 Validation set [recall@5: 0.0226 recall@10: 0.0367 recall@20: 0.0615 ] [ndcg@5: 0.0185 ndcg@10: 0.0243 ndcg@20: 0.0325 ] 
2025-10-02 13:15:55,934 - Epoch  12 Validation set [recall@5: 0.0250 recall@10: 0.0412 recall@20: 0.0685 ] [ndcg@5: 0.0205 ndcg@10: 0.0270 ndcg@20: 0.0359 ] 
2025-10-02 13:15:59,544 - Epoch  15 Validation set [recall@5: 0.0264 recall@10: 0.0433 recall@20: 0.0721 ] [ndcg@5: 0.0217 ndcg@10: 0.0286 ndcg@20: 0.0381 ] 
2025-10-02 13:16:02,694 - Epoch  18 Validation set [recall@5: 0.0275 recall@10: 0.0445 recall@20: 0.0736 ] [ndcg@5: 0.0226 ndcg@10: 0.0295 ndcg@20: 0.0391 ] 
2025-10-02 13:16:06,384 - Epoch  21 Validation set [recall@5: 0.0279 recall@10: 0.0462 recall@20: 0.0758 ] [ndcg@5: 0.0230 ndcg@10: 0.0303 ndcg@20: 0.0401 ] 
2025-10-02 13:16:09,585 - Epoch  24 Validation set [recall@5: 0.0281 recall@10: 0.0475 recall@20: 0.0774 ] [ndcg@5: 0.0233 ndcg@10: 0.0311 ndcg@20: 0.0410 ] 
2025-10-02 13:16:12,568 - Epoch  27 Validation set [recall@5: 0.0287 recall@10: 0.0489 recall@20: 0.0788 ] [ndcg@5: 0.0237 ndcg@10: 0.0319 ndcg@20: 0.0417 ] 
2025-10-02 13:16:15,714 - Epoch  30 Validation set [recall@5: 0.0291 recall@10: 0.0493 recall@20: 0.0797 ] [ndcg@5: 0.0243 ndcg@10: 0.0325 ndcg@20: 0.0425 ] 
2025-10-02 13:16:18,711 - Epoch  33 Validation set [recall@5: 0.0301 recall@10: 0.0497 recall@20: 0.0806 ] [ndcg@5: 0.0250 ndcg@10: 0.0329 ndcg@20: 0.0431 ] 
2025-10-02 13:16:22,285 - Epoch  36 Validation set [recall@5: 0.0305 recall@10: 0.0503 recall@20: 0.0831 ] [ndcg@5: 0.0253 ndcg@10: 0.0333 ndcg@20: 0.0441 ] 
2025-10-02 13:16:25,486 - Epoch  39 Validation set [recall@5: 0.0314 recall@10: 0.0526 recall@20: 0.0844 ] [ndcg@5: 0.0259 ndcg@10: 0.0345 ndcg@20: 0.0449 ] 
2025-10-02 13:16:28,302 - Epoch  42 Validation set [recall@5: 0.0317 recall@10: 0.0523 recall@20: 0.0858 ] [ndcg@5: 0.0264 ndcg@10: 0.0347 ndcg@20: 0.0457 ] 
2025-10-02 13:16:31,703 - Epoch  45 Validation set [recall@5: 0.0324 recall@10: 0.0522 recall@20: 0.0862 ] [ndcg@5: 0.0269 ndcg@10: 0.0349 ndcg@20: 0.0461 ] 
2025-10-02 13:16:35,124 - Epoch  48 Validation set [recall@5: 0.0327 recall@10: 0.0526 recall@20: 0.0868 ] [ndcg@5: 0.0273 ndcg@10: 0.0354 ndcg@20: 0.0467 ] 
2025-10-02 13:16:38,464 - Epoch  51 Validation set [recall@5: 0.0330 recall@10: 0.0538 recall@20: 0.0882 ] [ndcg@5: 0.0277 ndcg@10: 0.0361 ndcg@20: 0.0474 ] 
2025-10-02 13:16:41,956 - Epoch  54 Validation set [recall@5: 0.0331 recall@10: 0.0540 recall@20: 0.0884 ] [ndcg@5: 0.0280 ndcg@10: 0.0364 ndcg@20: 0.0478 ] 
2025-10-02 13:16:45,432 - Epoch  57 Validation set [recall@5: 0.0334 recall@10: 0.0549 recall@20: 0.0884 ] [ndcg@5: 0.0284 ndcg@10: 0.0370 ndcg@20: 0.0481 ] 
2025-10-02 13:16:49,193 - Epoch  60 Validation set [recall@5: 0.0342 recall@10: 0.0551 recall@20: 0.0902 ] [ndcg@5: 0.0290 ndcg@10: 0.0374 ndcg@20: 0.0490 ] 
2025-10-02 13:16:52,716 - Epoch  63 Validation set [recall@5: 0.0341 recall@10: 0.0561 recall@20: 0.0905 ] [ndcg@5: 0.0290 ndcg@10: 0.0378 ndcg@20: 0.0491 ] 
2025-10-02 13:16:56,209 - Epoch  66 Validation set [recall@5: 0.0340 recall@10: 0.0562 recall@20: 0.0908 ] [ndcg@5: 0.0289 ndcg@10: 0.0378 ndcg@20: 0.0492 ] 
2025-10-02 13:16:59,675 - Epoch  69 Validation set [recall@5: 0.0343 recall@10: 0.0561 recall@20: 0.0909 ] [ndcg@5: 0.0290 ndcg@10: 0.0378 ndcg@20: 0.0493 ] 
2025-10-02 13:17:02,983 - Epoch  72 Validation set [recall@5: 0.0347 recall@10: 0.0570 recall@20: 0.0918 ] [ndcg@5: 0.0295 ndcg@10: 0.0384 ndcg@20: 0.0499 ] 
2025-10-02 13:17:05,875 - Epoch  75 Validation set [recall@5: 0.0348 recall@10: 0.0575 recall@20: 0.0915 ] [ndcg@5: 0.0295 ndcg@10: 0.0386 ndcg@20: 0.0499 ] 
2025-10-02 13:17:08,893 - Epoch  78 Validation set [recall@5: 0.0348 recall@10: 0.0569 recall@20: 0.0912 ] [ndcg@5: 0.0296 ndcg@10: 0.0384 ndcg@20: 0.0499 ] 
2025-10-02 13:17:11,718 - Epoch  81 Validation set [recall@5: 0.0347 recall@10: 0.0570 recall@20: 0.0921 ] [ndcg@5: 0.0296 ndcg@10: 0.0386 ndcg@20: 0.0502 ] 
2025-10-02 13:17:15,038 - Epoch  84 Validation set [recall@5: 0.0349 recall@10: 0.0570 recall@20: 0.0922 ] [ndcg@5: 0.0298 ndcg@10: 0.0387 ndcg@20: 0.0504 ] 
2025-10-02 13:17:17,866 - Epoch  87 Validation set [recall@5: 0.0347 recall@10: 0.0572 recall@20: 0.0928 ] [ndcg@5: 0.0298 ndcg@10: 0.0390 ndcg@20: 0.0507 ] 
2025-10-02 13:17:20,903 - Epoch  90 Validation set [recall@5: 0.0354 recall@10: 0.0582 recall@20: 0.0928 ] [ndcg@5: 0.0302 ndcg@10: 0.0394 ndcg@20: 0.0508 ] 
2025-10-02 13:17:24,218 - Epoch  93 Validation set [recall@5: 0.0354 recall@10: 0.0579 recall@20: 0.0933 ] [ndcg@5: 0.0303 ndcg@10: 0.0394 ndcg@20: 0.0510 ] 
2025-10-02 13:17:26,935 - Epoch  96 Validation set [recall@5: 0.0353 recall@10: 0.0580 recall@20: 0.0931 ] [ndcg@5: 0.0303 ndcg@10: 0.0395 ndcg@20: 0.0510 ] 
2025-10-02 13:17:30,604 - Epoch  99 Validation set [recall@5: 0.0356 recall@10: 0.0577 recall@20: 0.0924 ] [ndcg@5: 0.0304 ndcg@10: 0.0394 ndcg@20: 0.0509 ] 
2025-10-02 13:17:33,483 - Epoch 102 Validation set [recall@5: 0.0358 recall@10: 0.0576 recall@20: 0.0927 ] [ndcg@5: 0.0307 ndcg@10: 0.0395 ndcg@20: 0.0511 ] 
2025-10-02 13:17:36,807 - Epoch 105 Validation set [recall@5: 0.0361 recall@10: 0.0571 recall@20: 0.0927 ] [ndcg@5: 0.0308 ndcg@10: 0.0394 ndcg@20: 0.0511 ] 
2025-10-02 13:17:40,430 - Epoch 108 Validation set [recall@5: 0.0358 recall@10: 0.0575 recall@20: 0.0927 ] [ndcg@5: 0.0308 ndcg@10: 0.0396 ndcg@20: 0.0512 ] 
2025-10-02 13:17:41,230 - [recall@5: 0.0354 recall@10: 0.0579 recall@20: 0.0933 ] [ndcg@5: 0.0303 ndcg@10: 0.0394 ndcg@20: 0.0510 ] 
2025-10-02 13:17:42,052 - [recall@5: 0.0312 recall@10: 0.0520 recall@20: 0.0879 ] [ndcg@5: 0.0294 ndcg@10: 0.0386 ndcg@20: 0.0518 ] 
2025-10-02 13:17:42,053 - Best Epoch 93. Final test result: {'recall': array([0.03118244, 0.05200246, 0.08792314]), 'ndcg': array([0.02944367, 0.03858784, 0.05178076])}.
