2025-10-02 00:00:27,405 - {'optimizer': {'name': 'adam', 'lr': 0.001, 'weight_decay': 0}, 'train': {'epoch': 3000, 'batch_size': 4096, 'save_model': False, 'loss': 'pairwise', 'test_step': 3, 'reproducible': True, 'seed': 2023, 'patience': 5}, 'test': {'metrics': ['recall', 'ndcg'], 'k': [5, 10, 20], 'batch_size': 1024}, 'data': {'type': 'general_cf', 'name': 'Office', 'user_num': 6338, 'item_num': 4461}, 'model': {'name': 'lightgcn', 'keep_rate': 0.8, 'embedding_size': 64, 'layer_num': 10, 'reg_weight': 1e-06, 'amazon': {'layer_num': 3, 'reg_weight': 1e-06}, 'yelp': {'layer_num': 3, 'reg_weight': 1e-06}, 'steam': {'layer_num': 2, 'reg_weight': 1e-06}, 'Office': {'layer_num': 10, 'reg_weight': 1e-06}}}
2025-10-02 00:00:30,403 - Epoch   0 Validation set [recall@5: 0.0179 recall@10: 0.0327 recall@20: 0.0517 ] [ndcg@5: 0.0147 ndcg@10: 0.0206 ndcg@20: 0.0269 ] 
2025-10-02 00:00:34,935 - Epoch   3 Validation set [recall@5: 0.0187 recall@10: 0.0317 recall@20: 0.0521 ] [ndcg@5: 0.0158 ndcg@10: 0.0210 ndcg@20: 0.0277 ] 
2025-10-02 00:00:39,651 - Epoch   6 Validation set [recall@5: 0.0184 recall@10: 0.0326 recall@20: 0.0533 ] [ndcg@5: 0.0156 ndcg@10: 0.0216 ndcg@20: 0.0284 ] 
2025-10-02 00:00:44,520 - Epoch   9 Validation set [recall@5: 0.0221 recall@10: 0.0362 recall@20: 0.0597 ] [ndcg@5: 0.0180 ndcg@10: 0.0238 ndcg@20: 0.0316 ] 
2025-10-02 00:00:48,598 - Epoch  12 Validation set [recall@5: 0.0247 recall@10: 0.0399 recall@20: 0.0669 ] [ndcg@5: 0.0201 ndcg@10: 0.0262 ndcg@20: 0.0351 ] 
2025-10-02 00:00:52,813 - Epoch  15 Validation set [recall@5: 0.0256 recall@10: 0.0425 recall@20: 0.0710 ] [ndcg@5: 0.0210 ndcg@10: 0.0280 ndcg@20: 0.0373 ] 
2025-10-02 00:00:57,356 - Epoch  18 Validation set [recall@5: 0.0266 recall@10: 0.0440 recall@20: 0.0727 ] [ndcg@5: 0.0219 ndcg@10: 0.0291 ndcg@20: 0.0385 ] 
2025-10-02 00:01:01,592 - Epoch  21 Validation set [recall@5: 0.0275 recall@10: 0.0457 recall@20: 0.0739 ] [ndcg@5: 0.0226 ndcg@10: 0.0300 ndcg@20: 0.0393 ] 
2025-10-02 00:01:06,585 - Epoch  24 Validation set [recall@5: 0.0279 recall@10: 0.0467 recall@20: 0.0762 ] [ndcg@5: 0.0230 ndcg@10: 0.0305 ndcg@20: 0.0402 ] 
2025-10-02 00:01:11,407 - Epoch  27 Validation set [recall@5: 0.0279 recall@10: 0.0478 recall@20: 0.0777 ] [ndcg@5: 0.0231 ndcg@10: 0.0312 ndcg@20: 0.0410 ] 
2025-10-02 00:01:16,469 - Epoch  30 Validation set [recall@5: 0.0290 recall@10: 0.0485 recall@20: 0.0787 ] [ndcg@5: 0.0239 ndcg@10: 0.0319 ndcg@20: 0.0418 ] 
2025-10-02 00:01:20,563 - Epoch  33 Validation set [recall@5: 0.0295 recall@10: 0.0486 recall@20: 0.0793 ] [ndcg@5: 0.0243 ndcg@10: 0.0321 ndcg@20: 0.0422 ] 
2025-10-02 00:01:25,765 - Epoch  36 Validation set [recall@5: 0.0299 recall@10: 0.0497 recall@20: 0.0811 ] [ndcg@5: 0.0246 ndcg@10: 0.0327 ndcg@20: 0.0430 ] 
2025-10-02 00:01:30,796 - Epoch  39 Validation set [recall@5: 0.0307 recall@10: 0.0510 recall@20: 0.0826 ] [ndcg@5: 0.0253 ndcg@10: 0.0334 ndcg@20: 0.0438 ] 
2025-10-02 00:01:35,494 - Epoch  42 Validation set [recall@5: 0.0310 recall@10: 0.0511 recall@20: 0.0840 ] [ndcg@5: 0.0256 ndcg@10: 0.0338 ndcg@20: 0.0446 ] 
2025-10-02 00:01:40,328 - Epoch  45 Validation set [recall@5: 0.0319 recall@10: 0.0512 recall@20: 0.0846 ] [ndcg@5: 0.0263 ndcg@10: 0.0341 ndcg@20: 0.0451 ] 
2025-10-02 00:01:45,290 - Epoch  48 Validation set [recall@5: 0.0320 recall@10: 0.0523 recall@20: 0.0854 ] [ndcg@5: 0.0265 ndcg@10: 0.0347 ndcg@20: 0.0457 ] 
2025-10-02 00:01:48,751 - Epoch  51 Validation set [recall@5: 0.0324 recall@10: 0.0521 recall@20: 0.0859 ] [ndcg@5: 0.0270 ndcg@10: 0.0350 ndcg@20: 0.0461 ] 
2025-10-02 00:01:53,368 - Epoch  54 Validation set [recall@5: 0.0325 recall@10: 0.0525 recall@20: 0.0863 ] [ndcg@5: 0.0272 ndcg@10: 0.0353 ndcg@20: 0.0465 ] 
2025-10-02 00:01:57,941 - Epoch  57 Validation set [recall@5: 0.0331 recall@10: 0.0537 recall@20: 0.0873 ] [ndcg@5: 0.0276 ndcg@10: 0.0358 ndcg@20: 0.0469 ] 
2025-10-02 00:02:03,074 - Epoch  60 Validation set [recall@5: 0.0333 recall@10: 0.0542 recall@20: 0.0883 ] [ndcg@5: 0.0278 ndcg@10: 0.0362 ndcg@20: 0.0475 ] 
2025-10-02 00:02:07,596 - Epoch  63 Validation set [recall@5: 0.0336 recall@10: 0.0550 recall@20: 0.0885 ] [ndcg@5: 0.0280 ndcg@10: 0.0366 ndcg@20: 0.0477 ] 
2025-10-02 00:02:12,662 - Epoch  66 Validation set [recall@5: 0.0331 recall@10: 0.0550 recall@20: 0.0888 ] [ndcg@5: 0.0279 ndcg@10: 0.0367 ndcg@20: 0.0478 ] 
2025-10-02 00:02:17,204 - Epoch  69 Validation set [recall@5: 0.0334 recall@10: 0.0551 recall@20: 0.0889 ] [ndcg@5: 0.0281 ndcg@10: 0.0368 ndcg@20: 0.0480 ] 
2025-10-02 00:02:21,255 - Epoch  72 Validation set [recall@5: 0.0335 recall@10: 0.0557 recall@20: 0.0896 ] [ndcg@5: 0.0283 ndcg@10: 0.0373 ndcg@20: 0.0485 ] 
2025-10-02 00:02:26,406 - Epoch  75 Validation set [recall@5: 0.0339 recall@10: 0.0555 recall@20: 0.0902 ] [ndcg@5: 0.0286 ndcg@10: 0.0373 ndcg@20: 0.0488 ] 
2025-10-02 00:02:31,306 - Epoch  78 Validation set [recall@5: 0.0337 recall@10: 0.0562 recall@20: 0.0899 ] [ndcg@5: 0.0285 ndcg@10: 0.0375 ndcg@20: 0.0486 ] 
2025-10-02 00:02:36,006 - Epoch  81 Validation set [recall@5: 0.0342 recall@10: 0.0561 recall@20: 0.0904 ] [ndcg@5: 0.0289 ndcg@10: 0.0376 ndcg@20: 0.0490 ] 
2025-10-02 00:02:41,066 - Epoch  84 Validation set [recall@5: 0.0341 recall@10: 0.0556 recall@20: 0.0903 ] [ndcg@5: 0.0289 ndcg@10: 0.0376 ndcg@20: 0.0491 ] 
2025-10-02 00:02:45,454 - Epoch  87 Validation set [recall@5: 0.0339 recall@10: 0.0564 recall@20: 0.0909 ] [ndcg@5: 0.0288 ndcg@10: 0.0378 ndcg@20: 0.0493 ] 
2025-10-02 00:02:49,909 - Epoch  90 Validation set [recall@5: 0.0343 recall@10: 0.0562 recall@20: 0.0912 ] [ndcg@5: 0.0292 ndcg@10: 0.0380 ndcg@20: 0.0496 ] 
2025-10-02 00:02:53,904 - Epoch  93 Validation set [recall@5: 0.0349 recall@10: 0.0564 recall@20: 0.0920 ] [ndcg@5: 0.0295 ndcg@10: 0.0382 ndcg@20: 0.0499 ] 
2025-10-02 00:02:58,071 - Epoch  96 Validation set [recall@5: 0.0346 recall@10: 0.0565 recall@20: 0.0915 ] [ndcg@5: 0.0292 ndcg@10: 0.0381 ndcg@20: 0.0497 ] 
2025-10-02 00:03:02,893 - Epoch  99 Validation set [recall@5: 0.0347 recall@10: 0.0571 recall@20: 0.0915 ] [ndcg@5: 0.0294 ndcg@10: 0.0385 ndcg@20: 0.0498 ] 
2025-10-02 00:03:07,394 - Epoch 102 Validation set [recall@5: 0.0349 recall@10: 0.0569 recall@20: 0.0919 ] [ndcg@5: 0.0296 ndcg@10: 0.0385 ndcg@20: 0.0501 ] 
2025-10-02 00:03:12,356 - Epoch 105 Validation set [recall@5: 0.0348 recall@10: 0.0563 recall@20: 0.0913 ] [ndcg@5: 0.0297 ndcg@10: 0.0384 ndcg@20: 0.0500 ] 
2025-10-02 00:03:16,265 - Epoch 108 Validation set [recall@5: 0.0347 recall@10: 0.0570 recall@20: 0.0911 ] [ndcg@5: 0.0298 ndcg@10: 0.0388 ndcg@20: 0.0500 ] 
2025-10-02 00:03:17,256 - [recall@5: 0.0349 recall@10: 0.0564 recall@20: 0.0920 ] [ndcg@5: 0.0295 ndcg@10: 0.0382 ndcg@20: 0.0499 ] 
2025-10-02 00:03:18,315 - [recall@5: 0.0309 recall@10: 0.0516 recall@20: 0.0861 ] [ndcg@5: 0.0288 ndcg@10: 0.0379 ndcg@20: 0.0505 ] 
2025-10-02 00:03:18,316 - Best Epoch 93. Final test result: {'recall': array([0.03085542, 0.05157921, 0.08613738]), 'ndcg': array([0.02881992, 0.03787973, 0.05051549])}.
