2025-10-02 13:09:50,834 - {'optimizer': {'name': 'adam', 'lr': 0.001, 'weight_decay': 0}, 'train': {'epoch': 3000, 'batch_size': 4096, 'save_model': False, 'loss': 'pairwise', 'test_step': 3, 'reproducible': True, 'seed': 2023, 'patience': 5}, 'test': {'metrics': ['recall', 'ndcg'], 'k': [5, 10, 20], 'batch_size': 1024}, 'data': {'type': 'general_cf', 'name': 'Office', 'user_num': 6338, 'item_num': 4461}, 'model': {'name': 'lightgcn', 'keep_rate': 0.8, 'embedding_size': 64, 'layer_num': 6, 'reg_weight': 1e-06, 'amazon': {'layer_num': 3, 'reg_weight': 1e-06}, 'yelp': {'layer_num': 3, 'reg_weight': 1e-06}, 'steam': {'layer_num': 2, 'reg_weight': 1e-06}, 'Office': {'layer_num': 6, 'reg_weight': 1e-06}}}
2025-10-02 13:09:54,607 - Epoch   0 Validation set [recall@5: 0.0160 recall@10: 0.0250 recall@20: 0.0404 ] [ndcg@5: 0.0138 ndcg@10: 0.0173 ndcg@20: 0.0224 ] 
2025-10-02 13:09:57,418 - Epoch   3 Validation set [recall@5: 0.0182 recall@10: 0.0342 recall@20: 0.0539 ] [ndcg@5: 0.0155 ndcg@10: 0.0221 ndcg@20: 0.0285 ] 
2025-10-02 13:10:00,577 - Epoch   6 Validation set [recall@5: 0.0195 recall@10: 0.0358 recall@20: 0.0554 ] [ndcg@5: 0.0163 ndcg@10: 0.0231 ndcg@20: 0.0295 ] 
2025-10-02 13:10:03,649 - Epoch   9 Validation set [recall@5: 0.0232 recall@10: 0.0400 recall@20: 0.0656 ] [ndcg@5: 0.0193 ndcg@10: 0.0261 ndcg@20: 0.0346 ] 
2025-10-02 13:10:07,272 - Epoch  12 Validation set [recall@5: 0.0258 recall@10: 0.0426 recall@20: 0.0702 ] [ndcg@5: 0.0216 ndcg@10: 0.0284 ndcg@20: 0.0375 ] 
2025-10-02 13:10:10,810 - Epoch  15 Validation set [recall@5: 0.0273 recall@10: 0.0446 recall@20: 0.0731 ] [ndcg@5: 0.0227 ndcg@10: 0.0297 ndcg@20: 0.0392 ] 
2025-10-02 13:10:14,044 - Epoch  18 Validation set [recall@5: 0.0280 recall@10: 0.0461 recall@20: 0.0761 ] [ndcg@5: 0.0233 ndcg@10: 0.0307 ndcg@20: 0.0406 ] 
2025-10-02 13:10:17,779 - Epoch  21 Validation set [recall@5: 0.0287 recall@10: 0.0475 recall@20: 0.0796 ] [ndcg@5: 0.0237 ndcg@10: 0.0314 ndcg@20: 0.0420 ] 
2025-10-02 13:10:20,807 - Epoch  24 Validation set [recall@5: 0.0297 recall@10: 0.0490 recall@20: 0.0812 ] [ndcg@5: 0.0246 ndcg@10: 0.0324 ndcg@20: 0.0430 ] 
2025-10-02 13:10:23,667 - Epoch  27 Validation set [recall@5: 0.0311 recall@10: 0.0495 recall@20: 0.0833 ] [ndcg@5: 0.0257 ndcg@10: 0.0331 ndcg@20: 0.0443 ] 
2025-10-02 13:10:26,401 - Epoch  30 Validation set [recall@5: 0.0322 recall@10: 0.0513 recall@20: 0.0847 ] [ndcg@5: 0.0267 ndcg@10: 0.0343 ndcg@20: 0.0453 ] 
2025-10-02 13:10:29,294 - Epoch  33 Validation set [recall@5: 0.0336 recall@10: 0.0521 recall@20: 0.0860 ] [ndcg@5: 0.0277 ndcg@10: 0.0351 ndcg@20: 0.0463 ] 
2025-10-02 13:10:32,027 - Epoch  36 Validation set [recall@5: 0.0339 recall@10: 0.0537 recall@20: 0.0878 ] [ndcg@5: 0.0281 ndcg@10: 0.0361 ndcg@20: 0.0473 ] 
2025-10-02 13:10:34,880 - Epoch  39 Validation set [recall@5: 0.0341 recall@10: 0.0546 recall@20: 0.0892 ] [ndcg@5: 0.0287 ndcg@10: 0.0370 ndcg@20: 0.0483 ] 
2025-10-02 13:10:38,139 - Epoch  42 Validation set [recall@5: 0.0339 recall@10: 0.0550 recall@20: 0.0905 ] [ndcg@5: 0.0290 ndcg@10: 0.0375 ndcg@20: 0.0491 ] 
2025-10-02 13:10:41,061 - Epoch  45 Validation set [recall@5: 0.0344 recall@10: 0.0556 recall@20: 0.0909 ] [ndcg@5: 0.0295 ndcg@10: 0.0379 ndcg@20: 0.0496 ] 
2025-10-02 13:10:43,479 - Epoch  48 Validation set [recall@5: 0.0352 recall@10: 0.0559 recall@20: 0.0913 ] [ndcg@5: 0.0300 ndcg@10: 0.0383 ndcg@20: 0.0499 ] 
2025-10-02 13:10:46,215 - Epoch  51 Validation set [recall@5: 0.0358 recall@10: 0.0564 recall@20: 0.0919 ] [ndcg@5: 0.0305 ndcg@10: 0.0387 ndcg@20: 0.0504 ] 
2025-10-02 13:10:48,720 - Epoch  54 Validation set [recall@5: 0.0362 recall@10: 0.0575 recall@20: 0.0923 ] [ndcg@5: 0.0305 ndcg@10: 0.0390 ndcg@20: 0.0504 ] 
2025-10-02 13:10:51,076 - Epoch  57 Validation set [recall@5: 0.0365 recall@10: 0.0574 recall@20: 0.0931 ] [ndcg@5: 0.0308 ndcg@10: 0.0392 ndcg@20: 0.0509 ] 
2025-10-02 13:10:53,906 - Epoch  60 Validation set [recall@5: 0.0367 recall@10: 0.0574 recall@20: 0.0935 ] [ndcg@5: 0.0311 ndcg@10: 0.0395 ndcg@20: 0.0514 ] 
2025-10-02 13:10:56,508 - Epoch  63 Validation set [recall@5: 0.0371 recall@10: 0.0581 recall@20: 0.0943 ] [ndcg@5: 0.0315 ndcg@10: 0.0400 ndcg@20: 0.0519 ] 
2025-10-02 13:10:59,456 - Epoch  66 Validation set [recall@5: 0.0372 recall@10: 0.0581 recall@20: 0.0947 ] [ndcg@5: 0.0314 ndcg@10: 0.0399 ndcg@20: 0.0519 ] 
2025-10-02 13:11:02,301 - Epoch  69 Validation set [recall@5: 0.0370 recall@10: 0.0587 recall@20: 0.0949 ] [ndcg@5: 0.0315 ndcg@10: 0.0403 ndcg@20: 0.0522 ] 
2025-10-02 13:11:05,106 - Epoch  72 Validation set [recall@5: 0.0375 recall@10: 0.0589 recall@20: 0.0948 ] [ndcg@5: 0.0320 ndcg@10: 0.0406 ndcg@20: 0.0524 ] 
2025-10-02 13:11:07,892 - Epoch  75 Validation set [recall@5: 0.0377 recall@10: 0.0595 recall@20: 0.0953 ] [ndcg@5: 0.0321 ndcg@10: 0.0409 ndcg@20: 0.0527 ] 
2025-10-02 13:11:11,010 - Epoch  78 Validation set [recall@5: 0.0382 recall@10: 0.0596 recall@20: 0.0946 ] [ndcg@5: 0.0323 ndcg@10: 0.0410 ndcg@20: 0.0525 ] 
2025-10-02 13:11:13,374 - Epoch  81 Validation set [recall@5: 0.0377 recall@10: 0.0592 recall@20: 0.0952 ] [ndcg@5: 0.0322 ndcg@10: 0.0409 ndcg@20: 0.0527 ] 
2025-10-02 13:11:16,448 - Epoch  84 Validation set [recall@5: 0.0381 recall@10: 0.0602 recall@20: 0.0946 ] [ndcg@5: 0.0325 ndcg@10: 0.0414 ndcg@20: 0.0527 ] 
2025-10-02 13:11:19,615 - Epoch  87 Validation set [recall@5: 0.0380 recall@10: 0.0603 recall@20: 0.0946 ] [ndcg@5: 0.0325 ndcg@10: 0.0416 ndcg@20: 0.0528 ] 
2025-10-02 13:11:22,683 - Epoch  90 Validation set [recall@5: 0.0379 recall@10: 0.0595 recall@20: 0.0954 ] [ndcg@5: 0.0327 ndcg@10: 0.0415 ndcg@20: 0.0533 ] 
2025-10-02 13:11:25,459 - Epoch  93 Validation set [recall@5: 0.0379 recall@10: 0.0600 recall@20: 0.0954 ] [ndcg@5: 0.0327 ndcg@10: 0.0417 ndcg@20: 0.0533 ] 
2025-10-02 13:11:28,334 - Epoch  96 Validation set [recall@5: 0.0376 recall@10: 0.0596 recall@20: 0.0945 ] [ndcg@5: 0.0325 ndcg@10: 0.0415 ndcg@20: 0.0530 ] 
2025-10-02 13:11:31,287 - Epoch  99 Validation set [recall@5: 0.0379 recall@10: 0.0599 recall@20: 0.0944 ] [ndcg@5: 0.0327 ndcg@10: 0.0417 ndcg@20: 0.0530 ] 
2025-10-02 13:11:34,599 - Epoch 102 Validation set [recall@5: 0.0381 recall@10: 0.0592 recall@20: 0.0944 ] [ndcg@5: 0.0327 ndcg@10: 0.0412 ndcg@20: 0.0528 ] 
2025-10-02 13:11:37,764 - Epoch 105 Validation set [recall@5: 0.0384 recall@10: 0.0595 recall@20: 0.0946 ] [ndcg@5: 0.0329 ndcg@10: 0.0415 ndcg@20: 0.0531 ] 
2025-10-02 13:11:38,605 - [recall@5: 0.0379 recall@10: 0.0595 recall@20: 0.0954 ] [ndcg@5: 0.0327 ndcg@10: 0.0415 ndcg@20: 0.0533 ] 
2025-10-02 13:11:39,521 - [recall@5: 0.0338 recall@10: 0.0541 recall@20: 0.0899 ] [ndcg@5: 0.0320 ndcg@10: 0.0408 ndcg@20: 0.0541 ] 
2025-10-02 13:11:39,522 - Best Epoch 90. Final test result: {'recall': array([0.03379254, 0.05414228, 0.08985952]), 'ndcg': array([0.03203843, 0.0408428 , 0.05405628])}.
