2025-10-01 21:29:13,358 - {'optimizer': {'name': 'adam', 'lr': 0.001, 'weight_decay': 0}, 'train': {'epoch': 3000, 'batch_size': 4096, 'save_model': False, 'loss': 'pairwise', 'test_step': 3, 'reproducible': True, 'seed': 2023, 'patience': 5}, 'test': {'metrics': ['recall', 'ndcg'], 'k': [5, 10, 20], 'batch_size': 1024}, 'data': {'type': 'general_cf', 'name': 'yelp', 'user_num': 11091, 'item_num': 11010}, 'model': {'name': 'lightgcn', 'keep_rate': 0.8, 'embedding_size': 64, 'layer_num': 3, 'reg_weight': 1e-06, 'amazon': {'layer_num': 3, 'reg_weight': 1e-06}, 'yelp': {'layer_num': 3, 'reg_weight': 1e-06}, 'steam': {'layer_num': 2, 'reg_weight': 1e-06}}}
2025-10-01 21:29:17,474 - Epoch   0 Validation set [recall@5: 0.0305 recall@10: 0.0500 recall@20: 0.0810 ] [ndcg@5: 0.0370 ndcg@10: 0.0426 ndcg@20: 0.0529 ] 
2025-10-01 21:29:21,855 - Epoch   3 Validation set [recall@5: 0.0309 recall@10: 0.0521 recall@20: 0.0846 ] [ndcg@5: 0.0378 ndcg@10: 0.0440 ndcg@20: 0.0549 ] 
2025-10-01 21:29:26,269 - Epoch   6 Validation set [recall@5: 0.0326 recall@10: 0.0534 recall@20: 0.0865 ] [ndcg@5: 0.0388 ndcg@10: 0.0448 ndcg@20: 0.0559 ] 
2025-10-01 21:29:30,573 - Epoch   9 Validation set [recall@5: 0.0328 recall@10: 0.0534 recall@20: 0.0880 ] [ndcg@5: 0.0389 ndcg@10: 0.0449 ndcg@20: 0.0566 ] 
2025-10-01 21:29:34,921 - Epoch  12 Validation set [recall@5: 0.0330 recall@10: 0.0536 recall@20: 0.0893 ] [ndcg@5: 0.0391 ndcg@10: 0.0452 ndcg@20: 0.0573 ] 
2025-10-01 21:29:39,257 - Epoch  15 Validation set [recall@5: 0.0327 recall@10: 0.0551 recall@20: 0.0915 ] [ndcg@5: 0.0389 ndcg@10: 0.0459 ndcg@20: 0.0582 ] 
2025-10-01 21:29:43,650 - Epoch  18 Validation set [recall@5: 0.0327 recall@10: 0.0562 recall@20: 0.0931 ] [ndcg@5: 0.0391 ndcg@10: 0.0464 ndcg@20: 0.0589 ] 
2025-10-01 21:29:48,295 - Epoch  21 Validation set [recall@5: 0.0339 recall@10: 0.0573 recall@20: 0.0937 ] [ndcg@5: 0.0400 ndcg@10: 0.0473 ndcg@20: 0.0597 ] 
2025-10-01 21:29:52,955 - Epoch  24 Validation set [recall@5: 0.0340 recall@10: 0.0583 recall@20: 0.0955 ] [ndcg@5: 0.0406 ndcg@10: 0.0481 ndcg@20: 0.0606 ] 
2025-10-01 21:29:57,312 - Epoch  27 Validation set [recall@5: 0.0343 recall@10: 0.0581 recall@20: 0.0967 ] [ndcg@5: 0.0410 ndcg@10: 0.0484 ndcg@20: 0.0615 ] 
2025-10-01 21:30:01,627 - Epoch  30 Validation set [recall@5: 0.0344 recall@10: 0.0592 recall@20: 0.0975 ] [ndcg@5: 0.0413 ndcg@10: 0.0491 ndcg@20: 0.0621 ] 
2025-10-01 21:30:06,367 - Epoch  33 Validation set [recall@5: 0.0354 recall@10: 0.0604 recall@20: 0.0991 ] [ndcg@5: 0.0417 ndcg@10: 0.0498 ndcg@20: 0.0628 ] 
2025-10-01 21:30:10,697 - Epoch  36 Validation set [recall@5: 0.0357 recall@10: 0.0604 recall@20: 0.0997 ] [ndcg@5: 0.0421 ndcg@10: 0.0499 ndcg@20: 0.0632 ] 
2025-10-01 21:30:14,987 - Epoch  39 Validation set [recall@5: 0.0361 recall@10: 0.0613 recall@20: 0.0993 ] [ndcg@5: 0.0426 ndcg@10: 0.0505 ndcg@20: 0.0633 ] 
2025-10-01 21:30:19,344 - Epoch  42 Validation set [recall@5: 0.0362 recall@10: 0.0615 recall@20: 0.1004 ] [ndcg@5: 0.0429 ndcg@10: 0.0510 ndcg@20: 0.0641 ] 
2025-10-01 21:30:23,954 - Epoch  45 Validation set [recall@5: 0.0360 recall@10: 0.0623 recall@20: 0.1011 ] [ndcg@5: 0.0428 ndcg@10: 0.0512 ndcg@20: 0.0642 ] 
2025-10-01 21:30:28,454 - Epoch  48 Validation set [recall@5: 0.0357 recall@10: 0.0629 recall@20: 0.1027 ] [ndcg@5: 0.0426 ndcg@10: 0.0514 ndcg@20: 0.0649 ] 
2025-10-01 21:30:32,725 - Epoch  51 Validation set [recall@5: 0.0367 recall@10: 0.0630 recall@20: 0.1036 ] [ndcg@5: 0.0435 ndcg@10: 0.0519 ndcg@20: 0.0656 ] 
2025-10-01 21:30:36,973 - Epoch  54 Validation set [recall@5: 0.0366 recall@10: 0.0634 recall@20: 0.1055 ] [ndcg@5: 0.0433 ndcg@10: 0.0520 ndcg@20: 0.0662 ] 
2025-10-01 21:30:41,203 - Epoch  57 Validation set [recall@5: 0.0365 recall@10: 0.0642 recall@20: 0.1043 ] [ndcg@5: 0.0438 ndcg@10: 0.0527 ndcg@20: 0.0663 ] 
2025-10-01 21:30:45,491 - Epoch  60 Validation set [recall@5: 0.0370 recall@10: 0.0651 recall@20: 0.1063 ] [ndcg@5: 0.0437 ndcg@10: 0.0529 ndcg@20: 0.0669 ] 
2025-10-01 21:30:49,805 - Epoch  63 Validation set [recall@5: 0.0375 recall@10: 0.0647 recall@20: 0.1060 ] [ndcg@5: 0.0442 ndcg@10: 0.0531 ndcg@20: 0.0671 ] 
2025-10-01 21:30:53,893 - Epoch  66 Validation set [recall@5: 0.0380 recall@10: 0.0647 recall@20: 0.1067 ] [ndcg@5: 0.0448 ndcg@10: 0.0533 ndcg@20: 0.0676 ] 
2025-10-01 21:30:58,066 - Epoch  69 Validation set [recall@5: 0.0381 recall@10: 0.0653 recall@20: 0.1072 ] [ndcg@5: 0.0447 ndcg@10: 0.0536 ndcg@20: 0.0678 ] 
2025-10-01 21:31:02,436 - Epoch  72 Validation set [recall@5: 0.0384 recall@10: 0.0656 recall@20: 0.1089 ] [ndcg@5: 0.0456 ndcg@10: 0.0542 ndcg@20: 0.0689 ] 
2025-10-01 21:31:06,753 - Epoch  75 Validation set [recall@5: 0.0387 recall@10: 0.0665 recall@20: 0.1112 ] [ndcg@5: 0.0458 ndcg@10: 0.0547 ndcg@20: 0.0699 ] 
2025-10-01 21:31:11,109 - Epoch  78 Validation set [recall@5: 0.0386 recall@10: 0.0660 recall@20: 0.1111 ] [ndcg@5: 0.0459 ndcg@10: 0.0548 ndcg@20: 0.0701 ] 
2025-10-01 21:31:15,211 - Epoch  81 Validation set [recall@5: 0.0395 recall@10: 0.0665 recall@20: 0.1118 ] [ndcg@5: 0.0470 ndcg@10: 0.0553 ndcg@20: 0.0706 ] 
2025-10-01 21:31:19,514 - Epoch  84 Validation set [recall@5: 0.0397 recall@10: 0.0674 recall@20: 0.1116 ] [ndcg@5: 0.0472 ndcg@10: 0.0559 ndcg@20: 0.0708 ] 
2025-10-01 21:31:23,901 - Epoch  87 Validation set [recall@5: 0.0403 recall@10: 0.0675 recall@20: 0.1117 ] [ndcg@5: 0.0477 ndcg@10: 0.0560 ndcg@20: 0.0710 ] 
2025-10-01 21:31:28,278 - Epoch  90 Validation set [recall@5: 0.0399 recall@10: 0.0679 recall@20: 0.1132 ] [ndcg@5: 0.0478 ndcg@10: 0.0565 ndcg@20: 0.0718 ] 
2025-10-01 21:31:32,737 - Epoch  93 Validation set [recall@5: 0.0399 recall@10: 0.0692 recall@20: 0.1136 ] [ndcg@5: 0.0476 ndcg@10: 0.0569 ndcg@20: 0.0719 ] 
2025-10-01 21:31:37,316 - Epoch  96 Validation set [recall@5: 0.0402 recall@10: 0.0702 recall@20: 0.1144 ] [ndcg@5: 0.0480 ndcg@10: 0.0574 ndcg@20: 0.0725 ] 
2025-10-01 21:31:41,707 - Epoch  99 Validation set [recall@5: 0.0401 recall@10: 0.0702 recall@20: 0.1146 ] [ndcg@5: 0.0480 ndcg@10: 0.0577 ndcg@20: 0.0727 ] 
2025-10-01 21:31:46,125 - Epoch 102 Validation set [recall@5: 0.0409 recall@10: 0.0695 recall@20: 0.1149 ] [ndcg@5: 0.0493 ndcg@10: 0.0581 ndcg@20: 0.0735 ] 
2025-10-01 21:31:50,608 - Epoch 105 Validation set [recall@5: 0.0406 recall@10: 0.0696 recall@20: 0.1160 ] [ndcg@5: 0.0488 ndcg@10: 0.0579 ndcg@20: 0.0736 ] 
2025-10-01 21:31:54,999 - Epoch 108 Validation set [recall@5: 0.0409 recall@10: 0.0706 recall@20: 0.1168 ] [ndcg@5: 0.0492 ndcg@10: 0.0585 ndcg@20: 0.0742 ] 
2025-10-01 21:31:59,458 - Epoch 111 Validation set [recall@5: 0.0417 recall@10: 0.0704 recall@20: 0.1172 ] [ndcg@5: 0.0497 ndcg@10: 0.0585 ndcg@20: 0.0745 ] 
2025-10-01 21:32:03,872 - Epoch 114 Validation set [recall@5: 0.0415 recall@10: 0.0717 recall@20: 0.1170 ] [ndcg@5: 0.0496 ndcg@10: 0.0591 ndcg@20: 0.0745 ] 
2025-10-01 21:32:08,229 - Epoch 117 Validation set [recall@5: 0.0416 recall@10: 0.0716 recall@20: 0.1176 ] [ndcg@5: 0.0492 ndcg@10: 0.0587 ndcg@20: 0.0743 ] 
2025-10-01 21:32:12,681 - Epoch 120 Validation set [recall@5: 0.0425 recall@10: 0.0721 recall@20: 0.1171 ] [ndcg@5: 0.0499 ndcg@10: 0.0594 ndcg@20: 0.0747 ] 
2025-10-01 21:32:17,048 - Epoch 123 Validation set [recall@5: 0.0420 recall@10: 0.0719 recall@20: 0.1174 ] [ndcg@5: 0.0498 ndcg@10: 0.0594 ndcg@20: 0.0748 ] 
2025-10-01 21:32:21,416 - Epoch 126 Validation set [recall@5: 0.0419 recall@10: 0.0717 recall@20: 0.1195 ] [ndcg@5: 0.0500 ndcg@10: 0.0595 ndcg@20: 0.0757 ] 
2025-10-01 21:32:25,750 - Epoch 129 Validation set [recall@5: 0.0427 recall@10: 0.0721 recall@20: 0.1183 ] [ndcg@5: 0.0502 ndcg@10: 0.0594 ndcg@20: 0.0751 ] 
2025-10-01 21:32:30,062 - Epoch 132 Validation set [recall@5: 0.0418 recall@10: 0.0725 recall@20: 0.1200 ] [ndcg@5: 0.0500 ndcg@10: 0.0598 ndcg@20: 0.0759 ] 
2025-10-01 21:32:34,472 - Epoch 135 Validation set [recall@5: 0.0425 recall@10: 0.0724 recall@20: 0.1202 ] [ndcg@5: 0.0506 ndcg@10: 0.0601 ndcg@20: 0.0762 ] 
2025-10-01 21:32:38,822 - Epoch 138 Validation set [recall@5: 0.0436 recall@10: 0.0725 recall@20: 0.1196 ] [ndcg@5: 0.0515 ndcg@10: 0.0606 ndcg@20: 0.0764 ] 
2025-10-01 21:32:43,471 - Epoch 141 Validation set [recall@5: 0.0438 recall@10: 0.0734 recall@20: 0.1196 ] [ndcg@5: 0.0514 ndcg@10: 0.0608 ndcg@20: 0.0764 ] 
2025-10-01 21:32:47,838 - Epoch 144 Validation set [recall@5: 0.0440 recall@10: 0.0741 recall@20: 0.1206 ] [ndcg@5: 0.0517 ndcg@10: 0.0610 ndcg@20: 0.0768 ] 
2025-10-01 21:32:52,251 - Epoch 147 Validation set [recall@5: 0.0432 recall@10: 0.0739 recall@20: 0.1202 ] [ndcg@5: 0.0510 ndcg@10: 0.0606 ndcg@20: 0.0762 ] 
2025-10-01 21:32:56,616 - Epoch 150 Validation set [recall@5: 0.0434 recall@10: 0.0730 recall@20: 0.1200 ] [ndcg@5: 0.0509 ndcg@10: 0.0601 ndcg@20: 0.0762 ] 
2025-10-01 21:33:00,806 - Epoch 153 Validation set [recall@5: 0.0435 recall@10: 0.0732 recall@20: 0.1209 ] [ndcg@5: 0.0516 ndcg@10: 0.0608 ndcg@20: 0.0770 ] 
2025-10-01 21:33:05,165 - Epoch 156 Validation set [recall@5: 0.0430 recall@10: 0.0739 recall@20: 0.1206 ] [ndcg@5: 0.0512 ndcg@10: 0.0608 ndcg@20: 0.0769 ] 
2025-10-01 21:33:09,460 - Epoch 159 Validation set [recall@5: 0.0433 recall@10: 0.0738 recall@20: 0.1207 ] [ndcg@5: 0.0511 ndcg@10: 0.0607 ndcg@20: 0.0769 ] 
2025-10-01 21:33:13,894 - Epoch 162 Validation set [recall@5: 0.0423 recall@10: 0.0739 recall@20: 0.1202 ] [ndcg@5: 0.0505 ndcg@10: 0.0606 ndcg@20: 0.0764 ] 
2025-10-01 21:33:18,276 - Epoch 165 Validation set [recall@5: 0.0426 recall@10: 0.0740 recall@20: 0.1214 ] [ndcg@5: 0.0508 ndcg@10: 0.0608 ndcg@20: 0.0770 ] 
2025-10-01 21:33:22,653 - Epoch 168 Validation set [recall@5: 0.0426 recall@10: 0.0747 recall@20: 0.1200 ] [ndcg@5: 0.0508 ndcg@10: 0.0611 ndcg@20: 0.0765 ] 
2025-10-01 21:33:27,053 - Epoch 171 Validation set [recall@5: 0.0436 recall@10: 0.0747 recall@20: 0.1217 ] [ndcg@5: 0.0515 ndcg@10: 0.0612 ndcg@20: 0.0773 ] 
2025-10-01 21:33:31,459 - Epoch 174 Validation set [recall@5: 0.0430 recall@10: 0.0745 recall@20: 0.1216 ] [ndcg@5: 0.0512 ndcg@10: 0.0611 ndcg@20: 0.0772 ] 
2025-10-01 21:33:35,813 - Epoch 177 Validation set [recall@5: 0.0439 recall@10: 0.0744 recall@20: 0.1222 ] [ndcg@5: 0.0514 ndcg@10: 0.0610 ndcg@20: 0.0775 ] 
2025-10-01 21:33:40,115 - Epoch 180 Validation set [recall@5: 0.0435 recall@10: 0.0739 recall@20: 0.1220 ] [ndcg@5: 0.0512 ndcg@10: 0.0608 ndcg@20: 0.0772 ] 
2025-10-01 21:33:44,548 - Epoch 183 Validation set [recall@5: 0.0435 recall@10: 0.0746 recall@20: 0.1215 ] [ndcg@5: 0.0518 ndcg@10: 0.0613 ndcg@20: 0.0774 ] 
2025-10-01 21:33:48,926 - Epoch 186 Validation set [recall@5: 0.0433 recall@10: 0.0750 recall@20: 0.1225 ] [ndcg@5: 0.0517 ndcg@10: 0.0617 ndcg@20: 0.0779 ] 
2025-10-01 21:33:53,210 - Epoch 189 Validation set [recall@5: 0.0436 recall@10: 0.0744 recall@20: 0.1230 ] [ndcg@5: 0.0517 ndcg@10: 0.0614 ndcg@20: 0.0779 ] 
2025-10-01 21:33:57,612 - Epoch 192 Validation set [recall@5: 0.0439 recall@10: 0.0741 recall@20: 0.1233 ] [ndcg@5: 0.0517 ndcg@10: 0.0611 ndcg@20: 0.0778 ] 
2025-10-01 21:34:02,010 - Epoch 195 Validation set [recall@5: 0.0437 recall@10: 0.0733 recall@20: 0.1236 ] [ndcg@5: 0.0514 ndcg@10: 0.0606 ndcg@20: 0.0778 ] 
2025-10-01 21:34:06,425 - Epoch 198 Validation set [recall@5: 0.0448 recall@10: 0.0746 recall@20: 0.1233 ] [ndcg@5: 0.0522 ndcg@10: 0.0614 ndcg@20: 0.0780 ] 
2025-10-01 21:34:10,873 - Epoch 201 Validation set [recall@5: 0.0439 recall@10: 0.0737 recall@20: 0.1233 ] [ndcg@5: 0.0519 ndcg@10: 0.0612 ndcg@20: 0.0780 ] 
2025-10-01 21:34:15,231 - Epoch 204 Validation set [recall@5: 0.0451 recall@10: 0.0747 recall@20: 0.1242 ] [ndcg@5: 0.0528 ndcg@10: 0.0619 ndcg@20: 0.0786 ] 
2025-10-01 21:34:19,596 - Epoch 207 Validation set [recall@5: 0.0448 recall@10: 0.0746 recall@20: 0.1236 ] [ndcg@5: 0.0524 ndcg@10: 0.0616 ndcg@20: 0.0782 ] 
2025-10-01 21:34:23,953 - Epoch 210 Validation set [recall@5: 0.0448 recall@10: 0.0754 recall@20: 0.1232 ] [ndcg@5: 0.0527 ndcg@10: 0.0621 ndcg@20: 0.0783 ] 
2025-10-01 21:34:28,355 - Epoch 213 Validation set [recall@5: 0.0450 recall@10: 0.0751 recall@20: 0.1232 ] [ndcg@5: 0.0533 ndcg@10: 0.0626 ndcg@20: 0.0788 ] 
2025-10-01 21:34:33,017 - Epoch 216 Validation set [recall@5: 0.0449 recall@10: 0.0755 recall@20: 0.1229 ] [ndcg@5: 0.0531 ndcg@10: 0.0626 ndcg@20: 0.0786 ] 
2025-10-01 21:34:37,869 - Epoch 219 Validation set [recall@5: 0.0442 recall@10: 0.0751 recall@20: 0.1240 ] [ndcg@5: 0.0526 ndcg@10: 0.0622 ndcg@20: 0.0788 ] 
2025-10-01 21:34:39,426 - [recall@5: 0.0451 recall@10: 0.0747 recall@20: 0.1242 ] [ndcg@5: 0.0528 ndcg@10: 0.0619 ndcg@20: 0.0786 ] 
2025-10-01 21:34:40,664 - [recall@5: 0.0436 recall@10: 0.0736 recall@20: 0.1200 ] [ndcg@5: 0.0507 ndcg@10: 0.0601 ndcg@20: 0.0760 ] 
2025-10-01 21:34:40,665 - Best Epoch 204. Final test result: {'recall': array([0.04362998, 0.07363418, 0.12002655]), 'ndcg': array([0.05074512, 0.06010186, 0.07600442])}.
