2025-10-02 13:19:26,376 - {'optimizer': {'name': 'adam', 'lr': 0.001, 'weight_decay': 0}, 'train': {'epoch': 3000, 'batch_size': 4096, 'save_model': False, 'loss': 'pairwise', 'test_step': 3, 'reproducible': True, 'seed': 2023, 'patience': 5}, 'test': {'metrics': ['recall', 'ndcg'], 'k': [5, 10, 20], 'batch_size': 1024}, 'data': {'type': 'general_cf', 'name': 'yelp', 'user_num': 11091, 'item_num': 11010}, 'model': {'name': 'lightgcn', 'keep_rate': 0.8, 'embedding_size': 64, 'layer_num': 4, 'reg_weight': 1e-06, 'amazon': {'layer_num': 3, 'reg_weight': 1e-06}, 'yelp': {'layer_num': 4, 'reg_weight': 1e-06}, 'steam': {'layer_num': 2, 'reg_weight': 1e-06}, 'Office': {'layer_num': 3, 'reg_weight': 1e-06}}}
2025-10-02 13:19:33,060 - Epoch   0 Validation set [recall@5: 0.0301 recall@10: 0.0498 recall@20: 0.0803 ] [ndcg@5: 0.0368 ndcg@10: 0.0424 ndcg@20: 0.0526 ] 
2025-10-02 13:19:41,429 - Epoch   3 Validation set [recall@5: 0.0310 recall@10: 0.0520 recall@20: 0.0846 ] [ndcg@5: 0.0377 ndcg@10: 0.0438 ndcg@20: 0.0548 ] 
2025-10-02 13:19:49,471 - Epoch   6 Validation set [recall@5: 0.0320 recall@10: 0.0534 recall@20: 0.0871 ] [ndcg@5: 0.0385 ndcg@10: 0.0447 ndcg@20: 0.0560 ] 
2025-10-02 13:19:56,958 - Epoch   9 Validation set [recall@5: 0.0327 recall@10: 0.0530 recall@20: 0.0879 ] [ndcg@5: 0.0388 ndcg@10: 0.0447 ndcg@20: 0.0565 ] 
2025-10-02 13:20:06,927 - Epoch  12 Validation set [recall@5: 0.0330 recall@10: 0.0538 recall@20: 0.0894 ] [ndcg@5: 0.0389 ndcg@10: 0.0451 ndcg@20: 0.0571 ] 
2025-10-02 13:20:16,434 - Epoch  15 Validation set [recall@5: 0.0331 recall@10: 0.0548 recall@20: 0.0913 ] [ndcg@5: 0.0392 ndcg@10: 0.0457 ndcg@20: 0.0580 ] 
2025-10-02 13:20:25,278 - Epoch  18 Validation set [recall@5: 0.0326 recall@10: 0.0559 recall@20: 0.0931 ] [ndcg@5: 0.0389 ndcg@10: 0.0461 ndcg@20: 0.0588 ] 
2025-10-02 13:20:34,580 - Epoch  21 Validation set [recall@5: 0.0333 recall@10: 0.0573 recall@20: 0.0930 ] [ndcg@5: 0.0396 ndcg@10: 0.0471 ndcg@20: 0.0593 ] 
2025-10-02 13:20:43,415 - Epoch  24 Validation set [recall@5: 0.0342 recall@10: 0.0582 recall@20: 0.0952 ] [ndcg@5: 0.0405 ndcg@10: 0.0481 ndcg@20: 0.0605 ] 
2025-10-02 13:20:52,157 - Epoch  27 Validation set [recall@5: 0.0344 recall@10: 0.0581 recall@20: 0.0962 ] [ndcg@5: 0.0410 ndcg@10: 0.0484 ndcg@20: 0.0614 ] 
2025-10-02 13:21:01,260 - Epoch  30 Validation set [recall@5: 0.0346 recall@10: 0.0591 recall@20: 0.0967 ] [ndcg@5: 0.0414 ndcg@10: 0.0490 ndcg@20: 0.0618 ] 
2025-10-02 13:21:10,416 - Epoch  33 Validation set [recall@5: 0.0352 recall@10: 0.0595 recall@20: 0.0983 ] [ndcg@5: 0.0419 ndcg@10: 0.0495 ndcg@20: 0.0626 ] 
2025-10-02 13:21:18,384 - Epoch  36 Validation set [recall@5: 0.0354 recall@10: 0.0600 recall@20: 0.0987 ] [ndcg@5: 0.0419 ndcg@10: 0.0496 ndcg@20: 0.0628 ] 
2025-10-02 13:21:26,314 - Epoch  39 Validation set [recall@5: 0.0360 recall@10: 0.0608 recall@20: 0.0990 ] [ndcg@5: 0.0425 ndcg@10: 0.0502 ndcg@20: 0.0630 ] 
2025-10-02 13:21:33,809 - Epoch  42 Validation set [recall@5: 0.0360 recall@10: 0.0610 recall@20: 0.0998 ] [ndcg@5: 0.0427 ndcg@10: 0.0505 ndcg@20: 0.0636 ] 
2025-10-02 13:21:41,052 - Epoch  45 Validation set [recall@5: 0.0361 recall@10: 0.0612 recall@20: 0.1006 ] [ndcg@5: 0.0430 ndcg@10: 0.0508 ndcg@20: 0.0641 ] 
2025-10-02 13:21:50,078 - Epoch  48 Validation set [recall@5: 0.0355 recall@10: 0.0621 recall@20: 0.1019 ] [ndcg@5: 0.0425 ndcg@10: 0.0511 ndcg@20: 0.0645 ] 
2025-10-02 13:21:59,190 - Epoch  51 Validation set [recall@5: 0.0363 recall@10: 0.0624 recall@20: 0.1028 ] [ndcg@5: 0.0433 ndcg@10: 0.0516 ndcg@20: 0.0652 ] 
2025-10-02 13:22:07,634 - Epoch  54 Validation set [recall@5: 0.0365 recall@10: 0.0629 recall@20: 0.1039 ] [ndcg@5: 0.0433 ndcg@10: 0.0517 ndcg@20: 0.0655 ] 
2025-10-02 13:22:15,509 - Epoch  57 Validation set [recall@5: 0.0365 recall@10: 0.0635 recall@20: 0.1035 ] [ndcg@5: 0.0436 ndcg@10: 0.0522 ndcg@20: 0.0658 ] 
2025-10-02 13:22:23,198 - Epoch  60 Validation set [recall@5: 0.0370 recall@10: 0.0638 recall@20: 0.1045 ] [ndcg@5: 0.0437 ndcg@10: 0.0522 ndcg@20: 0.0662 ] 
2025-10-02 13:22:31,032 - Epoch  63 Validation set [recall@5: 0.0371 recall@10: 0.0639 recall@20: 0.1054 ] [ndcg@5: 0.0441 ndcg@10: 0.0526 ndcg@20: 0.0667 ] 
2025-10-02 13:22:38,639 - Epoch  66 Validation set [recall@5: 0.0378 recall@10: 0.0636 recall@20: 0.1058 ] [ndcg@5: 0.0446 ndcg@10: 0.0527 ndcg@20: 0.0671 ] 
2025-10-02 13:22:47,791 - Epoch  69 Validation set [recall@5: 0.0379 recall@10: 0.0641 recall@20: 0.1055 ] [ndcg@5: 0.0448 ndcg@10: 0.0531 ndcg@20: 0.0671 ] 
2025-10-02 13:22:55,880 - Epoch  72 Validation set [recall@5: 0.0381 recall@10: 0.0644 recall@20: 0.1062 ] [ndcg@5: 0.0453 ndcg@10: 0.0533 ndcg@20: 0.0677 ] 
2025-10-02 13:23:04,649 - Epoch  75 Validation set [recall@5: 0.0384 recall@10: 0.0653 recall@20: 0.1078 ] [ndcg@5: 0.0451 ndcg@10: 0.0535 ndcg@20: 0.0681 ] 
2025-10-02 13:23:13,798 - Epoch  78 Validation set [recall@5: 0.0381 recall@10: 0.0650 recall@20: 0.1085 ] [ndcg@5: 0.0454 ndcg@10: 0.0539 ndcg@20: 0.0688 ] 
2025-10-02 13:23:22,144 - Epoch  81 Validation set [recall@5: 0.0391 recall@10: 0.0651 recall@20: 0.1093 ] [ndcg@5: 0.0462 ndcg@10: 0.0543 ndcg@20: 0.0692 ] 
2025-10-02 13:23:30,459 - Epoch  84 Validation set [recall@5: 0.0388 recall@10: 0.0655 recall@20: 0.1094 ] [ndcg@5: 0.0465 ndcg@10: 0.0548 ndcg@20: 0.0697 ] 
2025-10-02 13:23:39,185 - Epoch  87 Validation set [recall@5: 0.0397 recall@10: 0.0660 recall@20: 0.1095 ] [ndcg@5: 0.0469 ndcg@10: 0.0551 ndcg@20: 0.0698 ] 
2025-10-02 13:23:47,112 - Epoch  90 Validation set [recall@5: 0.0399 recall@10: 0.0664 recall@20: 0.1106 ] [ndcg@5: 0.0473 ndcg@10: 0.0555 ndcg@20: 0.0705 ] 
2025-10-02 13:23:55,064 - Epoch  93 Validation set [recall@5: 0.0396 recall@10: 0.0677 recall@20: 0.1115 ] [ndcg@5: 0.0469 ndcg@10: 0.0557 ndcg@20: 0.0706 ] 
2025-10-02 13:24:03,003 - Epoch  96 Validation set [recall@5: 0.0399 recall@10: 0.0683 recall@20: 0.1125 ] [ndcg@5: 0.0472 ndcg@10: 0.0560 ndcg@20: 0.0711 ] 
2025-10-02 13:24:11,143 - Epoch  99 Validation set [recall@5: 0.0397 recall@10: 0.0694 recall@20: 0.1124 ] [ndcg@5: 0.0475 ndcg@10: 0.0569 ndcg@20: 0.0714 ] 
2025-10-02 13:24:18,963 - Epoch 102 Validation set [recall@5: 0.0402 recall@10: 0.0679 recall@20: 0.1130 ] [ndcg@5: 0.0484 ndcg@10: 0.0569 ndcg@20: 0.0720 ] 
2025-10-02 13:24:27,135 - Epoch 105 Validation set [recall@5: 0.0405 recall@10: 0.0685 recall@20: 0.1134 ] [ndcg@5: 0.0480 ndcg@10: 0.0567 ndcg@20: 0.0719 ] 
2025-10-02 13:24:35,006 - Epoch 108 Validation set [recall@5: 0.0405 recall@10: 0.0695 recall@20: 0.1143 ] [ndcg@5: 0.0481 ndcg@10: 0.0572 ndcg@20: 0.0724 ] 
2025-10-02 13:24:43,442 - Epoch 111 Validation set [recall@5: 0.0404 recall@10: 0.0700 recall@20: 0.1148 ] [ndcg@5: 0.0482 ndcg@10: 0.0576 ndcg@20: 0.0727 ] 
2025-10-02 13:24:51,179 - Epoch 114 Validation set [recall@5: 0.0406 recall@10: 0.0702 recall@20: 0.1148 ] [ndcg@5: 0.0485 ndcg@10: 0.0577 ndcg@20: 0.0730 ] 
2025-10-02 13:25:00,514 - Epoch 117 Validation set [recall@5: 0.0410 recall@10: 0.0709 recall@20: 0.1150 ] [ndcg@5: 0.0483 ndcg@10: 0.0577 ndcg@20: 0.0728 ] 
2025-10-02 13:25:09,351 - Epoch 120 Validation set [recall@5: 0.0419 recall@10: 0.0711 recall@20: 0.1160 ] [ndcg@5: 0.0490 ndcg@10: 0.0582 ndcg@20: 0.0734 ] 
2025-10-02 13:25:17,322 - Epoch 123 Validation set [recall@5: 0.0408 recall@10: 0.0706 recall@20: 0.1155 ] [ndcg@5: 0.0485 ndcg@10: 0.0582 ndcg@20: 0.0734 ] 
2025-10-02 13:25:24,599 - Epoch 126 Validation set [recall@5: 0.0415 recall@10: 0.0709 recall@20: 0.1171 ] [ndcg@5: 0.0491 ndcg@10: 0.0584 ndcg@20: 0.0740 ] 
2025-10-02 13:25:32,772 - Epoch 129 Validation set [recall@5: 0.0419 recall@10: 0.0716 recall@20: 0.1162 ] [ndcg@5: 0.0495 ndcg@10: 0.0587 ndcg@20: 0.0739 ] 
2025-10-02 13:25:40,882 - Epoch 132 Validation set [recall@5: 0.0413 recall@10: 0.0711 recall@20: 0.1170 ] [ndcg@5: 0.0490 ndcg@10: 0.0585 ndcg@20: 0.0740 ] 
2025-10-02 13:25:47,856 - Epoch 135 Validation set [recall@5: 0.0416 recall@10: 0.0711 recall@20: 0.1165 ] [ndcg@5: 0.0493 ndcg@10: 0.0588 ndcg@20: 0.0741 ] 
2025-10-02 13:25:55,001 - Epoch 138 Validation set [recall@5: 0.0423 recall@10: 0.0717 recall@20: 0.1174 ] [ndcg@5: 0.0500 ndcg@10: 0.0593 ndcg@20: 0.0747 ] 
2025-10-02 13:26:03,282 - Epoch 141 Validation set [recall@5: 0.0423 recall@10: 0.0720 recall@20: 0.1177 ] [ndcg@5: 0.0499 ndcg@10: 0.0593 ndcg@20: 0.0748 ] 
2025-10-02 13:26:12,382 - Epoch 144 Validation set [recall@5: 0.0427 recall@10: 0.0720 recall@20: 0.1179 ] [ndcg@5: 0.0502 ndcg@10: 0.0592 ndcg@20: 0.0750 ] 
2025-10-02 13:26:21,455 - Epoch 147 Validation set [recall@5: 0.0421 recall@10: 0.0716 recall@20: 0.1175 ] [ndcg@5: 0.0499 ndcg@10: 0.0592 ndcg@20: 0.0747 ] 
2025-10-02 13:26:30,797 - Epoch 150 Validation set [recall@5: 0.0424 recall@10: 0.0718 recall@20: 0.1185 ] [ndcg@5: 0.0499 ndcg@10: 0.0590 ndcg@20: 0.0749 ] 
2025-10-02 13:26:40,070 - Epoch 153 Validation set [recall@5: 0.0425 recall@10: 0.0715 recall@20: 0.1191 ] [ndcg@5: 0.0503 ndcg@10: 0.0593 ndcg@20: 0.0756 ] 
2025-10-02 13:26:49,433 - Epoch 156 Validation set [recall@5: 0.0422 recall@10: 0.0726 recall@20: 0.1184 ] [ndcg@5: 0.0500 ndcg@10: 0.0596 ndcg@20: 0.0752 ] 
2025-10-02 13:26:58,835 - Epoch 159 Validation set [recall@5: 0.0428 recall@10: 0.0726 recall@20: 0.1191 ] [ndcg@5: 0.0500 ndcg@10: 0.0595 ndcg@20: 0.0754 ] 
2025-10-02 13:27:07,654 - Epoch 162 Validation set [recall@5: 0.0423 recall@10: 0.0721 recall@20: 0.1182 ] [ndcg@5: 0.0499 ndcg@10: 0.0593 ndcg@20: 0.0750 ] 
2025-10-02 13:27:17,017 - Epoch 165 Validation set [recall@5: 0.0423 recall@10: 0.0722 recall@20: 0.1189 ] [ndcg@5: 0.0500 ndcg@10: 0.0595 ndcg@20: 0.0754 ] 
2025-10-02 13:27:25,518 - Epoch 168 Validation set [recall@5: 0.0421 recall@10: 0.0735 recall@20: 0.1186 ] [ndcg@5: 0.0498 ndcg@10: 0.0599 ndcg@20: 0.0753 ] 
2025-10-02 13:27:27,685 - [recall@5: 0.0425 recall@10: 0.0715 recall@20: 0.1191 ] [ndcg@5: 0.0503 ndcg@10: 0.0593 ndcg@20: 0.0756 ] 
2025-10-02 13:27:29,624 - [recall@5: 0.0411 recall@10: 0.0698 recall@20: 0.1167 ] [ndcg@5: 0.0485 ndcg@10: 0.0575 ndcg@20: 0.0735 ] 
2025-10-02 13:27:29,625 - Best Epoch 153. Final test result: {'recall': array([0.0411238 , 0.06976926, 0.11671288]), 'ndcg': array([0.04847596, 0.05746198, 0.0734916 ])}.
