2025-10-01 21:48:34,574 - {'optimizer': {'name': 'adam', 'lr': 0.001, 'weight_decay': 0}, 'train': {'epoch': 3000, 'batch_size': 4096, 'save_model': False, 'loss': 'pairwise', 'test_step': 3, 'reproducible': True, 'seed': 2023, 'patience': 5}, 'test': {'metrics': ['recall', 'ndcg'], 'k': [5, 10, 20], 'batch_size': 1024}, 'data': {'type': 'general_cf', 'name': 'yelp', 'user_num': 11091, 'item_num': 11010}, 'model': {'name': 'lightgcn', 'keep_rate': 0.8, 'embedding_size': 64, 'layer_num': 7, 'reg_weight': 1e-06, 'amazon': {'layer_num': 3, 'reg_weight': 1e-06}, 'yelp': {'layer_num': 7, 'reg_weight': 1e-06}, 'steam': {'layer_num': 2, 'reg_weight': 1e-06}}}
2025-10-01 21:48:39,561 - Epoch   0 Validation set [recall@5: 0.0304 recall@10: 0.0493 recall@20: 0.0802 ] [ndcg@5: 0.0369 ndcg@10: 0.0420 ndcg@20: 0.0524 ] 
2025-10-01 21:48:47,309 - Epoch   3 Validation set [recall@5: 0.0312 recall@10: 0.0520 recall@20: 0.0842 ] [ndcg@5: 0.0376 ndcg@10: 0.0437 ndcg@20: 0.0546 ] 
2025-10-01 21:48:55,058 - Epoch   6 Validation set [recall@5: 0.0317 recall@10: 0.0528 recall@20: 0.0873 ] [ndcg@5: 0.0381 ndcg@10: 0.0442 ndcg@20: 0.0558 ] 
2025-10-01 21:49:02,500 - Epoch   9 Validation set [recall@5: 0.0320 recall@10: 0.0537 recall@20: 0.0880 ] [ndcg@5: 0.0383 ndcg@10: 0.0447 ndcg@20: 0.0563 ] 
2025-10-01 21:49:10,129 - Epoch  12 Validation set [recall@5: 0.0325 recall@10: 0.0538 recall@20: 0.0890 ] [ndcg@5: 0.0386 ndcg@10: 0.0450 ndcg@20: 0.0569 ] 
2025-10-01 21:49:17,571 - Epoch  15 Validation set [recall@5: 0.0332 recall@10: 0.0551 recall@20: 0.0901 ] [ndcg@5: 0.0391 ndcg@10: 0.0457 ndcg@20: 0.0575 ] 
2025-10-01 21:49:25,168 - Epoch  18 Validation set [recall@5: 0.0330 recall@10: 0.0556 recall@20: 0.0922 ] [ndcg@5: 0.0392 ndcg@10: 0.0461 ndcg@20: 0.0585 ] 
2025-10-01 21:49:32,750 - Epoch  21 Validation set [recall@5: 0.0333 recall@10: 0.0566 recall@20: 0.0921 ] [ndcg@5: 0.0396 ndcg@10: 0.0468 ndcg@20: 0.0588 ] 
2025-10-01 21:49:40,389 - Epoch  24 Validation set [recall@5: 0.0338 recall@10: 0.0569 recall@20: 0.0929 ] [ndcg@5: 0.0399 ndcg@10: 0.0471 ndcg@20: 0.0593 ] 
2025-10-01 21:49:47,645 - Epoch  27 Validation set [recall@5: 0.0342 recall@10: 0.0574 recall@20: 0.0939 ] [ndcg@5: 0.0402 ndcg@10: 0.0474 ndcg@20: 0.0598 ] 
2025-10-01 21:49:55,154 - Epoch  30 Validation set [recall@5: 0.0343 recall@10: 0.0580 recall@20: 0.0954 ] [ndcg@5: 0.0408 ndcg@10: 0.0482 ndcg@20: 0.0608 ] 
2025-10-01 21:50:01,760 - Epoch  33 Validation set [recall@5: 0.0349 recall@10: 0.0586 recall@20: 0.0967 ] [ndcg@5: 0.0414 ndcg@10: 0.0487 ndcg@20: 0.0615 ] 
2025-10-01 21:50:08,923 - Epoch  36 Validation set [recall@5: 0.0343 recall@10: 0.0590 recall@20: 0.0965 ] [ndcg@5: 0.0412 ndcg@10: 0.0490 ndcg@20: 0.0616 ] 
2025-10-01 21:50:16,467 - Epoch  39 Validation set [recall@5: 0.0348 recall@10: 0.0589 recall@20: 0.0967 ] [ndcg@5: 0.0416 ndcg@10: 0.0491 ndcg@20: 0.0618 ] 
2025-10-01 21:50:23,286 - Epoch  42 Validation set [recall@5: 0.0353 recall@10: 0.0591 recall@20: 0.0973 ] [ndcg@5: 0.0420 ndcg@10: 0.0493 ndcg@20: 0.0623 ] 
2025-10-01 21:50:30,148 - Epoch  45 Validation set [recall@5: 0.0353 recall@10: 0.0594 recall@20: 0.0980 ] [ndcg@5: 0.0420 ndcg@10: 0.0495 ndcg@20: 0.0625 ] 
2025-10-01 21:50:36,533 - Epoch  48 Validation set [recall@5: 0.0351 recall@10: 0.0598 recall@20: 0.0985 ] [ndcg@5: 0.0418 ndcg@10: 0.0496 ndcg@20: 0.0627 ] 
2025-10-01 21:50:43,410 - Epoch  51 Validation set [recall@5: 0.0357 recall@10: 0.0594 recall@20: 0.0991 ] [ndcg@5: 0.0421 ndcg@10: 0.0495 ndcg@20: 0.0629 ] 
2025-10-01 21:50:49,607 - Epoch  54 Validation set [recall@5: 0.0355 recall@10: 0.0603 recall@20: 0.0998 ] [ndcg@5: 0.0421 ndcg@10: 0.0499 ndcg@20: 0.0633 ] 
2025-10-01 21:50:56,205 - Epoch  57 Validation set [recall@5: 0.0358 recall@10: 0.0606 recall@20: 0.0999 ] [ndcg@5: 0.0423 ndcg@10: 0.0500 ndcg@20: 0.0634 ] 
2025-10-01 21:51:02,712 - Epoch  60 Validation set [recall@5: 0.0360 recall@10: 0.0607 recall@20: 0.1004 ] [ndcg@5: 0.0427 ndcg@10: 0.0504 ndcg@20: 0.0639 ] 
2025-10-01 21:51:10,050 - Epoch  63 Validation set [recall@5: 0.0365 recall@10: 0.0611 recall@20: 0.1007 ] [ndcg@5: 0.0431 ndcg@10: 0.0507 ndcg@20: 0.0642 ] 
2025-10-01 21:51:17,460 - Epoch  66 Validation set [recall@5: 0.0370 recall@10: 0.0609 recall@20: 0.1013 ] [ndcg@5: 0.0435 ndcg@10: 0.0507 ndcg@20: 0.0645 ] 
2025-10-01 21:51:24,377 - Epoch  69 Validation set [recall@5: 0.0364 recall@10: 0.0610 recall@20: 0.1007 ] [ndcg@5: 0.0433 ndcg@10: 0.0509 ndcg@20: 0.0644 ] 
2025-10-01 21:51:30,861 - Epoch  72 Validation set [recall@5: 0.0365 recall@10: 0.0614 recall@20: 0.1008 ] [ndcg@5: 0.0434 ndcg@10: 0.0511 ndcg@20: 0.0645 ] 
2025-10-01 21:51:37,351 - Epoch  75 Validation set [recall@5: 0.0367 recall@10: 0.0617 recall@20: 0.1027 ] [ndcg@5: 0.0433 ndcg@10: 0.0510 ndcg@20: 0.0651 ] 
2025-10-01 21:51:44,062 - Epoch  78 Validation set [recall@5: 0.0370 recall@10: 0.0618 recall@20: 0.1026 ] [ndcg@5: 0.0438 ndcg@10: 0.0513 ndcg@20: 0.0653 ] 
2025-10-01 21:51:50,093 - Epoch  81 Validation set [recall@5: 0.0376 recall@10: 0.0618 recall@20: 0.1038 ] [ndcg@5: 0.0444 ndcg@10: 0.0518 ndcg@20: 0.0659 ] 
2025-10-01 21:51:56,894 - Epoch  84 Validation set [recall@5: 0.0378 recall@10: 0.0620 recall@20: 0.1032 ] [ndcg@5: 0.0446 ndcg@10: 0.0519 ndcg@20: 0.0659 ] 
2025-10-01 21:52:03,163 - Epoch  87 Validation set [recall@5: 0.0374 recall@10: 0.0627 recall@20: 0.1042 ] [ndcg@5: 0.0444 ndcg@10: 0.0521 ndcg@20: 0.0661 ] 
2025-10-01 21:52:08,651 - Epoch  90 Validation set [recall@5: 0.0378 recall@10: 0.0622 recall@20: 0.1042 ] [ndcg@5: 0.0445 ndcg@10: 0.0519 ndcg@20: 0.0661 ] 
2025-10-01 21:52:13,984 - Epoch  93 Validation set [recall@5: 0.0375 recall@10: 0.0630 recall@20: 0.1048 ] [ndcg@5: 0.0443 ndcg@10: 0.0522 ndcg@20: 0.0664 ] 
2025-10-01 21:52:19,398 - Epoch  96 Validation set [recall@5: 0.0375 recall@10: 0.0636 recall@20: 0.1052 ] [ndcg@5: 0.0442 ndcg@10: 0.0524 ndcg@20: 0.0665 ] 
2025-10-01 21:52:24,711 - Epoch  99 Validation set [recall@5: 0.0381 recall@10: 0.0638 recall@20: 0.1051 ] [ndcg@5: 0.0449 ndcg@10: 0.0527 ndcg@20: 0.0667 ] 
2025-10-01 21:52:30,383 - Epoch 102 Validation set [recall@5: 0.0382 recall@10: 0.0641 recall@20: 0.1054 ] [ndcg@5: 0.0453 ndcg@10: 0.0531 ndcg@20: 0.0671 ] 
2025-10-01 21:52:35,926 - Epoch 105 Validation set [recall@5: 0.0384 recall@10: 0.0640 recall@20: 0.1054 ] [ndcg@5: 0.0454 ndcg@10: 0.0531 ndcg@20: 0.0671 ] 
2025-10-01 21:52:41,531 - Epoch 108 Validation set [recall@5: 0.0384 recall@10: 0.0636 recall@20: 0.1065 ] [ndcg@5: 0.0453 ndcg@10: 0.0530 ndcg@20: 0.0675 ] 
2025-10-01 21:52:48,455 - Epoch 111 Validation set [recall@5: 0.0386 recall@10: 0.0643 recall@20: 0.1074 ] [ndcg@5: 0.0453 ndcg@10: 0.0532 ndcg@20: 0.0678 ] 
2025-10-01 21:52:55,707 - Epoch 114 Validation set [recall@5: 0.0388 recall@10: 0.0650 recall@20: 0.1078 ] [ndcg@5: 0.0457 ndcg@10: 0.0536 ndcg@20: 0.0681 ] 
2025-10-01 21:53:03,410 - Epoch 117 Validation set [recall@5: 0.0389 recall@10: 0.0647 recall@20: 0.1067 ] [ndcg@5: 0.0453 ndcg@10: 0.0533 ndcg@20: 0.0676 ] 
2025-10-01 21:53:10,716 - Epoch 120 Validation set [recall@5: 0.0396 recall@10: 0.0648 recall@20: 0.1073 ] [ndcg@5: 0.0459 ndcg@10: 0.0537 ndcg@20: 0.0682 ] 
2025-10-01 21:53:18,166 - Epoch 123 Validation set [recall@5: 0.0390 recall@10: 0.0661 recall@20: 0.1068 ] [ndcg@5: 0.0457 ndcg@10: 0.0542 ndcg@20: 0.0680 ] 
2025-10-01 21:53:25,474 - Epoch 126 Validation set [recall@5: 0.0389 recall@10: 0.0655 recall@20: 0.1080 ] [ndcg@5: 0.0459 ndcg@10: 0.0541 ndcg@20: 0.0685 ] 
2025-10-01 21:53:33,203 - Epoch 129 Validation set [recall@5: 0.0390 recall@10: 0.0659 recall@20: 0.1081 ] [ndcg@5: 0.0459 ndcg@10: 0.0544 ndcg@20: 0.0687 ] 
2025-10-01 21:53:40,395 - Epoch 132 Validation set [recall@5: 0.0384 recall@10: 0.0662 recall@20: 0.1090 ] [ndcg@5: 0.0454 ndcg@10: 0.0542 ndcg@20: 0.0687 ] 
2025-10-01 21:53:48,003 - Epoch 135 Validation set [recall@5: 0.0392 recall@10: 0.0659 recall@20: 0.1102 ] [ndcg@5: 0.0462 ndcg@10: 0.0544 ndcg@20: 0.0695 ] 
2025-10-01 21:53:55,424 - Epoch 138 Validation set [recall@5: 0.0395 recall@10: 0.0664 recall@20: 0.1095 ] [ndcg@5: 0.0465 ndcg@10: 0.0546 ndcg@20: 0.0694 ] 
2025-10-01 21:54:03,095 - Epoch 141 Validation set [recall@5: 0.0394 recall@10: 0.0664 recall@20: 0.1096 ] [ndcg@5: 0.0462 ndcg@10: 0.0545 ndcg@20: 0.0692 ] 
2025-10-01 21:54:10,211 - Epoch 144 Validation set [recall@5: 0.0396 recall@10: 0.0662 recall@20: 0.1100 ] [ndcg@5: 0.0465 ndcg@10: 0.0546 ndcg@20: 0.0696 ] 
2025-10-01 21:54:17,831 - Epoch 147 Validation set [recall@5: 0.0393 recall@10: 0.0661 recall@20: 0.1097 ] [ndcg@5: 0.0460 ndcg@10: 0.0542 ndcg@20: 0.0691 ] 
2025-10-01 21:54:24,723 - Epoch 150 Validation set [recall@5: 0.0394 recall@10: 0.0660 recall@20: 0.1101 ] [ndcg@5: 0.0459 ndcg@10: 0.0541 ndcg@20: 0.0691 ] 
2025-10-01 21:54:26,661 - [recall@5: 0.0392 recall@10: 0.0659 recall@20: 0.1102 ] [ndcg@5: 0.0462 ndcg@10: 0.0544 ndcg@20: 0.0695 ] 
2025-10-01 21:54:28,319 - [recall@5: 0.0375 recall@10: 0.0649 recall@20: 0.1053 ] [ndcg@5: 0.0436 ndcg@10: 0.0525 ndcg@20: 0.0662 ] 
2025-10-01 21:54:28,320 - Best Epoch 135. Final test result: {'recall': array([0.03748056, 0.06494026, 0.10532458]), 'ndcg': array([0.04362047, 0.05247828, 0.06617259])}.
