2025-10-01 22:01:05,028 - {'optimizer': {'name': 'adam', 'lr': 0.001, 'weight_decay': 0}, 'train': {'epoch': 3000, 'batch_size': 4096, 'save_model': False, 'loss': 'pairwise', 'test_step': 3, 'reproducible': True, 'seed': 2023, 'patience': 5}, 'test': {'metrics': ['recall', 'ndcg'], 'k': [5, 10, 20], 'batch_size': 1024}, 'data': {'type': 'general_cf', 'name': 'yelp', 'user_num': 11091, 'item_num': 11010}, 'model': {'name': 'lightgcn', 'keep_rate': 0.8, 'embedding_size': 64, 'layer_num': 9, 'reg_weight': 1e-06, 'amazon': {'layer_num': 3, 'reg_weight': 1e-06}, 'yelp': {'layer_num': 9, 'reg_weight': 1e-06}, 'steam': {'layer_num': 2, 'reg_weight': 1e-06}}}
2025-10-01 22:01:10,132 - Epoch   0 Validation set [recall@5: 0.0304 recall@10: 0.0492 recall@20: 0.0799 ] [ndcg@5: 0.0369 ndcg@10: 0.0420 ndcg@20: 0.0522 ] 
2025-10-01 22:01:17,789 - Epoch   3 Validation set [recall@5: 0.0313 recall@10: 0.0521 recall@20: 0.0844 ] [ndcg@5: 0.0378 ndcg@10: 0.0438 ndcg@20: 0.0547 ] 
2025-10-01 22:01:26,048 - Epoch   6 Validation set [recall@5: 0.0318 recall@10: 0.0526 recall@20: 0.0871 ] [ndcg@5: 0.0379 ndcg@10: 0.0441 ndcg@20: 0.0556 ] 
2025-10-01 22:01:33,930 - Epoch   9 Validation set [recall@5: 0.0320 recall@10: 0.0534 recall@20: 0.0878 ] [ndcg@5: 0.0381 ndcg@10: 0.0445 ndcg@20: 0.0561 ] 
2025-10-01 22:01:41,791 - Epoch  12 Validation set [recall@5: 0.0323 recall@10: 0.0540 recall@20: 0.0891 ] [ndcg@5: 0.0385 ndcg@10: 0.0451 ndcg@20: 0.0569 ] 
2025-10-01 22:01:49,849 - Epoch  15 Validation set [recall@5: 0.0330 recall@10: 0.0546 recall@20: 0.0892 ] [ndcg@5: 0.0388 ndcg@10: 0.0454 ndcg@20: 0.0570 ] 
2025-10-01 22:01:57,501 - Epoch  18 Validation set [recall@5: 0.0326 recall@10: 0.0543 recall@20: 0.0910 ] [ndcg@5: 0.0388 ndcg@10: 0.0454 ndcg@20: 0.0578 ] 
2025-10-01 22:02:05,558 - Epoch  21 Validation set [recall@5: 0.0328 recall@10: 0.0553 recall@20: 0.0915 ] [ndcg@5: 0.0392 ndcg@10: 0.0461 ndcg@20: 0.0583 ] 
2025-10-01 22:02:13,172 - Epoch  24 Validation set [recall@5: 0.0330 recall@10: 0.0561 recall@20: 0.0917 ] [ndcg@5: 0.0395 ndcg@10: 0.0467 ndcg@20: 0.0587 ] 
2025-10-01 22:02:21,145 - Epoch  27 Validation set [recall@5: 0.0336 recall@10: 0.0562 recall@20: 0.0928 ] [ndcg@5: 0.0399 ndcg@10: 0.0467 ndcg@20: 0.0591 ] 
2025-10-01 22:02:27,913 - Epoch  30 Validation set [recall@5: 0.0338 recall@10: 0.0572 recall@20: 0.0937 ] [ndcg@5: 0.0403 ndcg@10: 0.0476 ndcg@20: 0.0598 ] 
2025-10-01 22:02:34,644 - Epoch  33 Validation set [recall@5: 0.0342 recall@10: 0.0572 recall@20: 0.0940 ] [ndcg@5: 0.0408 ndcg@10: 0.0477 ndcg@20: 0.0601 ] 
2025-10-01 22:02:41,229 - Epoch  36 Validation set [recall@5: 0.0338 recall@10: 0.0576 recall@20: 0.0943 ] [ndcg@5: 0.0405 ndcg@10: 0.0478 ndcg@20: 0.0603 ] 
2025-10-01 22:02:47,890 - Epoch  39 Validation set [recall@5: 0.0341 recall@10: 0.0578 recall@20: 0.0949 ] [ndcg@5: 0.0408 ndcg@10: 0.0481 ndcg@20: 0.0606 ] 
2025-10-01 22:02:54,626 - Epoch  42 Validation set [recall@5: 0.0343 recall@10: 0.0582 recall@20: 0.0956 ] [ndcg@5: 0.0410 ndcg@10: 0.0484 ndcg@20: 0.0610 ] 
2025-10-01 22:03:01,201 - Epoch  45 Validation set [recall@5: 0.0345 recall@10: 0.0584 recall@20: 0.0955 ] [ndcg@5: 0.0412 ndcg@10: 0.0486 ndcg@20: 0.0612 ] 
2025-10-01 22:03:07,794 - Epoch  48 Validation set [recall@5: 0.0345 recall@10: 0.0584 recall@20: 0.0960 ] [ndcg@5: 0.0409 ndcg@10: 0.0484 ndcg@20: 0.0611 ] 
2025-10-01 22:03:14,347 - Epoch  51 Validation set [recall@5: 0.0349 recall@10: 0.0586 recall@20: 0.0967 ] [ndcg@5: 0.0412 ndcg@10: 0.0486 ndcg@20: 0.0615 ] 
2025-10-01 22:03:20,849 - Epoch  54 Validation set [recall@5: 0.0348 recall@10: 0.0589 recall@20: 0.0965 ] [ndcg@5: 0.0413 ndcg@10: 0.0487 ndcg@20: 0.0615 ] 
2025-10-01 22:03:27,186 - Epoch  57 Validation set [recall@5: 0.0348 recall@10: 0.0587 recall@20: 0.0974 ] [ndcg@5: 0.0414 ndcg@10: 0.0488 ndcg@20: 0.0619 ] 
2025-10-01 22:03:33,778 - Epoch  60 Validation set [recall@5: 0.0351 recall@10: 0.0591 recall@20: 0.0970 ] [ndcg@5: 0.0417 ndcg@10: 0.0492 ndcg@20: 0.0620 ] 
2025-10-01 22:03:40,370 - Epoch  63 Validation set [recall@5: 0.0357 recall@10: 0.0594 recall@20: 0.0972 ] [ndcg@5: 0.0419 ndcg@10: 0.0494 ndcg@20: 0.0621 ] 
2025-10-01 22:03:47,022 - Epoch  66 Validation set [recall@5: 0.0358 recall@10: 0.0597 recall@20: 0.0974 ] [ndcg@5: 0.0420 ndcg@10: 0.0494 ndcg@20: 0.0622 ] 
2025-10-01 22:03:53,595 - Epoch  69 Validation set [recall@5: 0.0358 recall@10: 0.0596 recall@20: 0.0975 ] [ndcg@5: 0.0422 ndcg@10: 0.0495 ndcg@20: 0.0623 ] 
2025-10-01 22:04:00,238 - Epoch  72 Validation set [recall@5: 0.0356 recall@10: 0.0600 recall@20: 0.0975 ] [ndcg@5: 0.0419 ndcg@10: 0.0496 ndcg@20: 0.0624 ] 
2025-10-01 22:04:06,804 - Epoch  75 Validation set [recall@5: 0.0362 recall@10: 0.0601 recall@20: 0.0980 ] [ndcg@5: 0.0423 ndcg@10: 0.0497 ndcg@20: 0.0627 ] 
2025-10-01 22:04:13,575 - Epoch  78 Validation set [recall@5: 0.0360 recall@10: 0.0601 recall@20: 0.0981 ] [ndcg@5: 0.0425 ndcg@10: 0.0499 ndcg@20: 0.0629 ] 
2025-10-01 22:04:20,155 - Epoch  81 Validation set [recall@5: 0.0363 recall@10: 0.0602 recall@20: 0.0992 ] [ndcg@5: 0.0428 ndcg@10: 0.0500 ndcg@20: 0.0633 ] 
2025-10-01 22:04:26,674 - Epoch  84 Validation set [recall@5: 0.0364 recall@10: 0.0602 recall@20: 0.0987 ] [ndcg@5: 0.0428 ndcg@10: 0.0501 ndcg@20: 0.0631 ] 
2025-10-01 22:04:33,306 - Epoch  87 Validation set [recall@5: 0.0363 recall@10: 0.0609 recall@20: 0.0991 ] [ndcg@5: 0.0429 ndcg@10: 0.0504 ndcg@20: 0.0634 ] 
2025-10-01 22:04:39,787 - Epoch  90 Validation set [recall@5: 0.0362 recall@10: 0.0612 recall@20: 0.0994 ] [ndcg@5: 0.0427 ndcg@10: 0.0505 ndcg@20: 0.0634 ] 
2025-10-01 22:04:46,306 - Epoch  93 Validation set [recall@5: 0.0360 recall@10: 0.0609 recall@20: 0.0999 ] [ndcg@5: 0.0428 ndcg@10: 0.0505 ndcg@20: 0.0638 ] 
2025-10-01 22:04:52,798 - Epoch  96 Validation set [recall@5: 0.0364 recall@10: 0.0613 recall@20: 0.1006 ] [ndcg@5: 0.0430 ndcg@10: 0.0507 ndcg@20: 0.0640 ] 
2025-10-01 22:04:59,323 - Epoch  99 Validation set [recall@5: 0.0365 recall@10: 0.0612 recall@20: 0.1007 ] [ndcg@5: 0.0433 ndcg@10: 0.0508 ndcg@20: 0.0641 ] 
2025-10-01 22:05:05,896 - Epoch 102 Validation set [recall@5: 0.0365 recall@10: 0.0614 recall@20: 0.1009 ] [ndcg@5: 0.0434 ndcg@10: 0.0510 ndcg@20: 0.0643 ] 
2025-10-01 22:05:12,449 - Epoch 105 Validation set [recall@5: 0.0370 recall@10: 0.0615 recall@20: 0.1007 ] [ndcg@5: 0.0436 ndcg@10: 0.0510 ndcg@20: 0.0642 ] 
2025-10-01 22:05:19,075 - Epoch 108 Validation set [recall@5: 0.0372 recall@10: 0.0613 recall@20: 0.1014 ] [ndcg@5: 0.0437 ndcg@10: 0.0508 ndcg@20: 0.0644 ] 
2025-10-01 22:05:25,669 - Epoch 111 Validation set [recall@5: 0.0373 recall@10: 0.0618 recall@20: 0.1017 ] [ndcg@5: 0.0439 ndcg@10: 0.0513 ndcg@20: 0.0647 ] 
2025-10-01 22:05:32,295 - Epoch 114 Validation set [recall@5: 0.0371 recall@10: 0.0622 recall@20: 0.1025 ] [ndcg@5: 0.0436 ndcg@10: 0.0513 ndcg@20: 0.0650 ] 
2025-10-01 22:05:38,878 - Epoch 117 Validation set [recall@5: 0.0373 recall@10: 0.0622 recall@20: 0.1016 ] [ndcg@5: 0.0436 ndcg@10: 0.0513 ndcg@20: 0.0646 ] 
2025-10-01 22:05:45,529 - Epoch 120 Validation set [recall@5: 0.0376 recall@10: 0.0622 recall@20: 0.1020 ] [ndcg@5: 0.0441 ndcg@10: 0.0517 ndcg@20: 0.0652 ] 
2025-10-01 22:05:52,123 - Epoch 123 Validation set [recall@5: 0.0372 recall@10: 0.0630 recall@20: 0.1017 ] [ndcg@5: 0.0438 ndcg@10: 0.0518 ndcg@20: 0.0650 ] 
2025-10-01 22:05:58,593 - Epoch 126 Validation set [recall@5: 0.0375 recall@10: 0.0630 recall@20: 0.1026 ] [ndcg@5: 0.0442 ndcg@10: 0.0520 ndcg@20: 0.0654 ] 
2025-10-01 22:06:05,223 - Epoch 129 Validation set [recall@5: 0.0370 recall@10: 0.0627 recall@20: 0.1030 ] [ndcg@5: 0.0439 ndcg@10: 0.0519 ndcg@20: 0.0655 ] 
2025-10-01 22:06:11,832 - Epoch 132 Validation set [recall@5: 0.0371 recall@10: 0.0624 recall@20: 0.1032 ] [ndcg@5: 0.0439 ndcg@10: 0.0516 ndcg@20: 0.0655 ] 
2025-10-01 22:06:18,434 - Epoch 135 Validation set [recall@5: 0.0374 recall@10: 0.0628 recall@20: 0.1038 ] [ndcg@5: 0.0442 ndcg@10: 0.0519 ndcg@20: 0.0659 ] 
2025-10-01 22:06:24,988 - Epoch 138 Validation set [recall@5: 0.0380 recall@10: 0.0625 recall@20: 0.1042 ] [ndcg@5: 0.0448 ndcg@10: 0.0521 ndcg@20: 0.0662 ] 
2025-10-01 22:06:31,599 - Epoch 141 Validation set [recall@5: 0.0373 recall@10: 0.0629 recall@20: 0.1035 ] [ndcg@5: 0.0442 ndcg@10: 0.0520 ndcg@20: 0.0658 ] 
2025-10-01 22:06:38,199 - Epoch 144 Validation set [recall@5: 0.0379 recall@10: 0.0625 recall@20: 0.1041 ] [ndcg@5: 0.0447 ndcg@10: 0.0519 ndcg@20: 0.0661 ] 
2025-10-01 22:06:44,801 - Epoch 147 Validation set [recall@5: 0.0378 recall@10: 0.0628 recall@20: 0.1043 ] [ndcg@5: 0.0448 ndcg@10: 0.0522 ndcg@20: 0.0662 ] 
2025-10-01 22:06:51,657 - Epoch 150 Validation set [recall@5: 0.0379 recall@10: 0.0624 recall@20: 0.1035 ] [ndcg@5: 0.0444 ndcg@10: 0.0518 ndcg@20: 0.0658 ] 
2025-10-01 22:06:58,144 - Epoch 153 Validation set [recall@5: 0.0380 recall@10: 0.0627 recall@20: 0.1047 ] [ndcg@5: 0.0451 ndcg@10: 0.0525 ndcg@20: 0.0668 ] 
2025-10-01 22:07:04,764 - Epoch 156 Validation set [recall@5: 0.0374 recall@10: 0.0635 recall@20: 0.1037 ] [ndcg@5: 0.0443 ndcg@10: 0.0523 ndcg@20: 0.0661 ] 
2025-10-01 22:07:11,434 - Epoch 159 Validation set [recall@5: 0.0374 recall@10: 0.0639 recall@20: 0.1039 ] [ndcg@5: 0.0444 ndcg@10: 0.0527 ndcg@20: 0.0662 ] 
2025-10-01 22:07:18,009 - Epoch 162 Validation set [recall@5: 0.0376 recall@10: 0.0634 recall@20: 0.1036 ] [ndcg@5: 0.0445 ndcg@10: 0.0525 ndcg@20: 0.0661 ] 
2025-10-01 22:07:24,385 - Epoch 165 Validation set [recall@5: 0.0378 recall@10: 0.0634 recall@20: 0.1042 ] [ndcg@5: 0.0446 ndcg@10: 0.0524 ndcg@20: 0.0662 ] 
2025-10-01 22:07:30,866 - Epoch 168 Validation set [recall@5: 0.0372 recall@10: 0.0637 recall@20: 0.1046 ] [ndcg@5: 0.0444 ndcg@10: 0.0526 ndcg@20: 0.0664 ] 
2025-10-01 22:07:32,810 - [recall@5: 0.0380 recall@10: 0.0627 recall@20: 0.1047 ] [ndcg@5: 0.0451 ndcg@10: 0.0525 ndcg@20: 0.0668 ] 
2025-10-01 22:07:34,667 - [recall@5: 0.0363 recall@10: 0.0618 recall@20: 0.1013 ] [ndcg@5: 0.0425 ndcg@10: 0.0506 ndcg@20: 0.0640 ] 
2025-10-01 22:07:34,667 - Best Epoch 153. Final test result: {'recall': array([0.03628689, 0.06175337, 0.10132322]), 'ndcg': array([0.0425053 , 0.05057911, 0.06399974])}.
