2025-10-01 21:54:31,330 - {'optimizer': {'name': 'adam', 'lr': 0.001, 'weight_decay': 0}, 'train': {'epoch': 3000, 'batch_size': 4096, 'save_model': False, 'loss': 'pairwise', 'test_step': 3, 'reproducible': True, 'seed': 2023, 'patience': 5}, 'test': {'metrics': ['recall', 'ndcg'], 'k': [5, 10, 20], 'batch_size': 1024}, 'data': {'type': 'general_cf', 'name': 'yelp', 'user_num': 11091, 'item_num': 11010}, 'model': {'name': 'lightgcn', 'keep_rate': 0.8, 'embedding_size': 64, 'layer_num': 8, 'reg_weight': 1e-06, 'amazon': {'layer_num': 3, 'reg_weight': 1e-06}, 'yelp': {'layer_num': 8, 'reg_weight': 1e-06}, 'steam': {'layer_num': 2, 'reg_weight': 1e-06}}}
2025-10-01 21:54:36,275 - Epoch   0 Validation set [recall@5: 0.0305 recall@10: 0.0493 recall@20: 0.0800 ] [ndcg@5: 0.0369 ndcg@10: 0.0420 ndcg@20: 0.0522 ] 
2025-10-01 21:54:43,960 - Epoch   3 Validation set [recall@5: 0.0313 recall@10: 0.0521 recall@20: 0.0847 ] [ndcg@5: 0.0377 ndcg@10: 0.0438 ndcg@20: 0.0547 ] 
2025-10-01 21:54:51,966 - Epoch   6 Validation set [recall@5: 0.0316 recall@10: 0.0529 recall@20: 0.0873 ] [ndcg@5: 0.0379 ndcg@10: 0.0442 ndcg@20: 0.0557 ] 
2025-10-01 21:54:59,650 - Epoch   9 Validation set [recall@5: 0.0318 recall@10: 0.0536 recall@20: 0.0882 ] [ndcg@5: 0.0381 ndcg@10: 0.0446 ndcg@20: 0.0562 ] 
2025-10-01 21:55:07,455 - Epoch  12 Validation set [recall@5: 0.0327 recall@10: 0.0539 recall@20: 0.0888 ] [ndcg@5: 0.0388 ndcg@10: 0.0451 ndcg@20: 0.0569 ] 
2025-10-01 21:55:14,968 - Epoch  15 Validation set [recall@5: 0.0330 recall@10: 0.0551 recall@20: 0.0895 ] [ndcg@5: 0.0390 ndcg@10: 0.0458 ndcg@20: 0.0573 ] 
2025-10-01 21:55:22,680 - Epoch  18 Validation set [recall@5: 0.0326 recall@10: 0.0547 recall@20: 0.0918 ] [ndcg@5: 0.0389 ndcg@10: 0.0456 ndcg@20: 0.0581 ] 
2025-10-01 21:55:30,164 - Epoch  21 Validation set [recall@5: 0.0328 recall@10: 0.0564 recall@20: 0.0919 ] [ndcg@5: 0.0393 ndcg@10: 0.0465 ndcg@20: 0.0586 ] 
2025-10-01 21:55:38,179 - Epoch  24 Validation set [recall@5: 0.0333 recall@10: 0.0560 recall@20: 0.0921 ] [ndcg@5: 0.0398 ndcg@10: 0.0467 ndcg@20: 0.0589 ] 
2025-10-01 21:55:45,802 - Epoch  27 Validation set [recall@5: 0.0338 recall@10: 0.0568 recall@20: 0.0928 ] [ndcg@5: 0.0399 ndcg@10: 0.0470 ndcg@20: 0.0592 ] 
2025-10-01 21:55:53,282 - Epoch  30 Validation set [recall@5: 0.0342 recall@10: 0.0578 recall@20: 0.0947 ] [ndcg@5: 0.0405 ndcg@10: 0.0479 ndcg@20: 0.0603 ] 
2025-10-01 21:56:01,031 - Epoch  33 Validation set [recall@5: 0.0344 recall@10: 0.0576 recall@20: 0.0952 ] [ndcg@5: 0.0409 ndcg@10: 0.0480 ndcg@20: 0.0607 ] 
2025-10-01 21:56:08,498 - Epoch  36 Validation set [recall@5: 0.0341 recall@10: 0.0583 recall@20: 0.0957 ] [ndcg@5: 0.0407 ndcg@10: 0.0484 ndcg@20: 0.0610 ] 
2025-10-01 21:56:15,026 - Epoch  39 Validation set [recall@5: 0.0340 recall@10: 0.0586 recall@20: 0.0957 ] [ndcg@5: 0.0410 ndcg@10: 0.0487 ndcg@20: 0.0612 ] 
2025-10-01 21:56:21,454 - Epoch  42 Validation set [recall@5: 0.0351 recall@10: 0.0586 recall@20: 0.0967 ] [ndcg@5: 0.0418 ndcg@10: 0.0489 ndcg@20: 0.0619 ] 
2025-10-01 21:56:27,848 - Epoch  45 Validation set [recall@5: 0.0348 recall@10: 0.0589 recall@20: 0.0968 ] [ndcg@5: 0.0416 ndcg@10: 0.0491 ndcg@20: 0.0620 ] 
2025-10-01 21:56:34,320 - Epoch  48 Validation set [recall@5: 0.0349 recall@10: 0.0587 recall@20: 0.0973 ] [ndcg@5: 0.0416 ndcg@10: 0.0489 ndcg@20: 0.0620 ] 
2025-10-01 21:56:40,748 - Epoch  51 Validation set [recall@5: 0.0354 recall@10: 0.0590 recall@20: 0.0976 ] [ndcg@5: 0.0418 ndcg@10: 0.0491 ndcg@20: 0.0622 ] 
2025-10-01 21:56:47,187 - Epoch  54 Validation set [recall@5: 0.0354 recall@10: 0.0596 recall@20: 0.0980 ] [ndcg@5: 0.0419 ndcg@10: 0.0493 ndcg@20: 0.0623 ] 
2025-10-01 21:56:53,663 - Epoch  57 Validation set [recall@5: 0.0352 recall@10: 0.0593 recall@20: 0.0981 ] [ndcg@5: 0.0418 ndcg@10: 0.0493 ndcg@20: 0.0625 ] 
2025-10-01 21:57:00,076 - Epoch  60 Validation set [recall@5: 0.0356 recall@10: 0.0596 recall@20: 0.0989 ] [ndcg@5: 0.0421 ndcg@10: 0.0496 ndcg@20: 0.0630 ] 
2025-10-01 21:57:06,495 - Epoch  63 Validation set [recall@5: 0.0361 recall@10: 0.0600 recall@20: 0.0987 ] [ndcg@5: 0.0425 ndcg@10: 0.0500 ndcg@20: 0.0631 ] 
2025-10-01 21:57:12,909 - Epoch  66 Validation set [recall@5: 0.0366 recall@10: 0.0608 recall@20: 0.0986 ] [ndcg@5: 0.0429 ndcg@10: 0.0503 ndcg@20: 0.0631 ] 
2025-10-01 21:57:19,350 - Epoch  69 Validation set [recall@5: 0.0363 recall@10: 0.0604 recall@20: 0.0987 ] [ndcg@5: 0.0428 ndcg@10: 0.0503 ndcg@20: 0.0632 ] 
2025-10-01 21:57:25,627 - Epoch  72 Validation set [recall@5: 0.0361 recall@10: 0.0604 recall@20: 0.0991 ] [ndcg@5: 0.0426 ndcg@10: 0.0502 ndcg@20: 0.0633 ] 
2025-10-01 21:57:32,014 - Epoch  75 Validation set [recall@5: 0.0364 recall@10: 0.0609 recall@20: 0.1002 ] [ndcg@5: 0.0428 ndcg@10: 0.0503 ndcg@20: 0.0638 ] 
2025-10-01 21:57:38,440 - Epoch  78 Validation set [recall@5: 0.0366 recall@10: 0.0607 recall@20: 0.0996 ] [ndcg@5: 0.0432 ndcg@10: 0.0505 ndcg@20: 0.0638 ] 
2025-10-01 21:57:44,867 - Epoch  81 Validation set [recall@5: 0.0368 recall@10: 0.0613 recall@20: 0.1009 ] [ndcg@5: 0.0434 ndcg@10: 0.0509 ndcg@20: 0.0643 ] 
2025-10-01 21:57:51,212 - Epoch  84 Validation set [recall@5: 0.0369 recall@10: 0.0610 recall@20: 0.1008 ] [ndcg@5: 0.0435 ndcg@10: 0.0510 ndcg@20: 0.0645 ] 
2025-10-01 21:57:57,566 - Epoch  87 Validation set [recall@5: 0.0370 recall@10: 0.0621 recall@20: 0.1014 ] [ndcg@5: 0.0436 ndcg@10: 0.0513 ndcg@20: 0.0647 ] 
2025-10-01 21:58:03,938 - Epoch  90 Validation set [recall@5: 0.0368 recall@10: 0.0618 recall@20: 0.1014 ] [ndcg@5: 0.0435 ndcg@10: 0.0513 ndcg@20: 0.0647 ] 
2025-10-01 21:58:10,296 - Epoch  93 Validation set [recall@5: 0.0368 recall@10: 0.0622 recall@20: 0.1017 ] [ndcg@5: 0.0434 ndcg@10: 0.0513 ndcg@20: 0.0648 ] 
2025-10-01 21:58:16,723 - Epoch  96 Validation set [recall@5: 0.0368 recall@10: 0.0624 recall@20: 0.1025 ] [ndcg@5: 0.0436 ndcg@10: 0.0515 ndcg@20: 0.0651 ] 
2025-10-01 21:58:23,143 - Epoch  99 Validation set [recall@5: 0.0372 recall@10: 0.0621 recall@20: 0.1025 ] [ndcg@5: 0.0440 ndcg@10: 0.0516 ndcg@20: 0.0653 ] 
2025-10-01 21:58:29,552 - Epoch 102 Validation set [recall@5: 0.0374 recall@10: 0.0626 recall@20: 0.1028 ] [ndcg@5: 0.0445 ndcg@10: 0.0521 ndcg@20: 0.0656 ] 
2025-10-01 21:58:36,293 - Epoch 105 Validation set [recall@5: 0.0377 recall@10: 0.0624 recall@20: 0.1027 ] [ndcg@5: 0.0443 ndcg@10: 0.0517 ndcg@20: 0.0654 ] 
2025-10-01 21:58:43,295 - Epoch 108 Validation set [recall@5: 0.0379 recall@10: 0.0623 recall@20: 0.1037 ] [ndcg@5: 0.0445 ndcg@10: 0.0518 ndcg@20: 0.0659 ] 
2025-10-01 21:58:50,650 - Epoch 111 Validation set [recall@5: 0.0377 recall@10: 0.0622 recall@20: 0.1043 ] [ndcg@5: 0.0444 ndcg@10: 0.0519 ndcg@20: 0.0661 ] 
2025-10-01 21:58:57,799 - Epoch 114 Validation set [recall@5: 0.0377 recall@10: 0.0631 recall@20: 0.1049 ] [ndcg@5: 0.0445 ndcg@10: 0.0523 ndcg@20: 0.0665 ] 
2025-10-01 21:59:05,313 - Epoch 117 Validation set [recall@5: 0.0379 recall@10: 0.0633 recall@20: 0.1037 ] [ndcg@5: 0.0443 ndcg@10: 0.0523 ndcg@20: 0.0660 ] 
2025-10-01 21:59:12,538 - Epoch 120 Validation set [recall@5: 0.0384 recall@10: 0.0634 recall@20: 0.1042 ] [ndcg@5: 0.0449 ndcg@10: 0.0527 ndcg@20: 0.0665 ] 
2025-10-01 21:59:20,225 - Epoch 123 Validation set [recall@5: 0.0380 recall@10: 0.0646 recall@20: 0.1042 ] [ndcg@5: 0.0446 ndcg@10: 0.0530 ndcg@20: 0.0664 ] 
2025-10-01 21:59:27,529 - Epoch 126 Validation set [recall@5: 0.0382 recall@10: 0.0644 recall@20: 0.1047 ] [ndcg@5: 0.0450 ndcg@10: 0.0530 ndcg@20: 0.0667 ] 
2025-10-01 21:59:35,196 - Epoch 129 Validation set [recall@5: 0.0379 recall@10: 0.0644 recall@20: 0.1055 ] [ndcg@5: 0.0447 ndcg@10: 0.0530 ndcg@20: 0.0670 ] 
2025-10-01 21:59:42,764 - Epoch 132 Validation set [recall@5: 0.0377 recall@10: 0.0642 recall@20: 0.1054 ] [ndcg@5: 0.0446 ndcg@10: 0.0527 ndcg@20: 0.0667 ] 
2025-10-01 21:59:50,239 - Epoch 135 Validation set [recall@5: 0.0383 recall@10: 0.0642 recall@20: 0.1066 ] [ndcg@5: 0.0451 ndcg@10: 0.0531 ndcg@20: 0.0675 ] 
2025-10-01 21:59:57,759 - Epoch 138 Validation set [recall@5: 0.0387 recall@10: 0.0640 recall@20: 0.1065 ] [ndcg@5: 0.0455 ndcg@10: 0.0531 ndcg@20: 0.0675 ] 
2025-10-01 22:00:05,477 - Epoch 141 Validation set [recall@5: 0.0382 recall@10: 0.0644 recall@20: 0.1058 ] [ndcg@5: 0.0451 ndcg@10: 0.0532 ndcg@20: 0.0674 ] 
2025-10-01 22:00:12,908 - Epoch 144 Validation set [recall@5: 0.0386 recall@10: 0.0642 recall@20: 0.1069 ] [ndcg@5: 0.0455 ndcg@10: 0.0532 ndcg@20: 0.0678 ] 
2025-10-01 22:00:20,565 - Epoch 147 Validation set [recall@5: 0.0386 recall@10: 0.0642 recall@20: 0.1071 ] [ndcg@5: 0.0454 ndcg@10: 0.0531 ndcg@20: 0.0677 ] 
2025-10-01 22:00:28,403 - Epoch 150 Validation set [recall@5: 0.0387 recall@10: 0.0636 recall@20: 0.1062 ] [ndcg@5: 0.0453 ndcg@10: 0.0528 ndcg@20: 0.0674 ] 
2025-10-01 22:00:36,015 - Epoch 153 Validation set [recall@5: 0.0386 recall@10: 0.0646 recall@20: 0.1070 ] [ndcg@5: 0.0458 ndcg@10: 0.0537 ndcg@20: 0.0682 ] 
2025-10-01 22:00:43,541 - Epoch 156 Validation set [recall@5: 0.0385 recall@10: 0.0650 recall@20: 0.1062 ] [ndcg@5: 0.0454 ndcg@10: 0.0535 ndcg@20: 0.0675 ] 
2025-10-01 22:00:50,766 - Epoch 159 Validation set [recall@5: 0.0383 recall@10: 0.0654 recall@20: 0.1065 ] [ndcg@5: 0.0453 ndcg@10: 0.0538 ndcg@20: 0.0677 ] 
2025-10-01 22:00:58,308 - Epoch 162 Validation set [recall@5: 0.0380 recall@10: 0.0648 recall@20: 0.1064 ] [ndcg@5: 0.0451 ndcg@10: 0.0535 ndcg@20: 0.0676 ] 
2025-10-01 22:01:00,118 - [recall@5: 0.0386 recall@10: 0.0642 recall@20: 0.1071 ] [ndcg@5: 0.0454 ndcg@10: 0.0531 ndcg@20: 0.0677 ] 
2025-10-01 22:01:01,938 - [recall@5: 0.0370 recall@10: 0.0634 recall@20: 0.1035 ] [ndcg@5: 0.0431 ndcg@10: 0.0514 ndcg@20: 0.0650 ] 
2025-10-01 22:01:01,939 - Best Epoch 147. Final test result: {'recall': array([0.03704727, 0.06341068, 0.10346139]), 'ndcg': array([0.04305046, 0.05139903, 0.06501617])}.
