2025-10-02 14:09:57,300 - {'optimizer': {'name': 'adam', 'lr': 0.001, 'weight_decay': 0}, 'train': {'epoch': 3000, 'batch_size': 4096, 'save_model': False, 'loss': 'pairwise', 'test_step': 3, 'reproducible': True, 'seed': 2023, 'patience': 5}, 'test': {'metrics': ['recall', 'ndcg'], 'k': [5, 10, 20], 'batch_size': 1024}, 'data': {'type': 'general_cf', 'name': 'yelp', 'user_num': 11091, 'item_num': 11010}, 'model': {'name': 'lightgcn', 'keep_rate': 0.8, 'embedding_size': 64, 'layer_num': 10, 'reg_weight': 1e-06, 'amazon': {'layer_num': 3, 'reg_weight': 1e-06}, 'yelp': {'layer_num': 10, 'reg_weight': 1e-06}, 'steam': {'layer_num': 2, 'reg_weight': 1e-06}, 'Office': {'layer_num': 3, 'reg_weight': 1e-06}}}
2025-10-02 14:10:03,837 - Epoch   0 Validation set [recall@5: 0.0303 recall@10: 0.0494 recall@20: 0.0801 ] [ndcg@5: 0.0369 ndcg@10: 0.0421 ndcg@20: 0.0523 ] 
2025-10-02 14:10:13,052 - Epoch   3 Validation set [recall@5: 0.0313 recall@10: 0.0520 recall@20: 0.0845 ] [ndcg@5: 0.0378 ndcg@10: 0.0437 ndcg@20: 0.0547 ] 
2025-10-02 14:10:22,582 - Epoch   6 Validation set [recall@5: 0.0318 recall@10: 0.0525 recall@20: 0.0872 ] [ndcg@5: 0.0380 ndcg@10: 0.0441 ndcg@20: 0.0557 ] 
2025-10-02 14:10:31,966 - Epoch   9 Validation set [recall@5: 0.0318 recall@10: 0.0534 recall@20: 0.0876 ] [ndcg@5: 0.0380 ndcg@10: 0.0445 ndcg@20: 0.0560 ] 
2025-10-02 14:10:41,147 - Epoch  12 Validation set [recall@5: 0.0324 recall@10: 0.0539 recall@20: 0.0889 ] [ndcg@5: 0.0385 ndcg@10: 0.0450 ndcg@20: 0.0567 ] 
2025-10-02 14:10:51,228 - Epoch  15 Validation set [recall@5: 0.0326 recall@10: 0.0547 recall@20: 0.0891 ] [ndcg@5: 0.0386 ndcg@10: 0.0454 ndcg@20: 0.0569 ] 
2025-10-02 14:11:02,264 - Epoch  18 Validation set [recall@5: 0.0326 recall@10: 0.0544 recall@20: 0.0905 ] [ndcg@5: 0.0387 ndcg@10: 0.0453 ndcg@20: 0.0575 ] 
2025-10-02 14:11:12,662 - Epoch  21 Validation set [recall@5: 0.0326 recall@10: 0.0547 recall@20: 0.0912 ] [ndcg@5: 0.0391 ndcg@10: 0.0458 ndcg@20: 0.0581 ] 
2025-10-02 14:11:23,478 - Epoch  24 Validation set [recall@5: 0.0328 recall@10: 0.0558 recall@20: 0.0915 ] [ndcg@5: 0.0394 ndcg@10: 0.0465 ndcg@20: 0.0585 ] 
2025-10-02 14:11:33,546 - Epoch  27 Validation set [recall@5: 0.0331 recall@10: 0.0556 recall@20: 0.0923 ] [ndcg@5: 0.0395 ndcg@10: 0.0463 ndcg@20: 0.0588 ] 
2025-10-02 14:11:43,630 - Epoch  30 Validation set [recall@5: 0.0336 recall@10: 0.0563 recall@20: 0.0927 ] [ndcg@5: 0.0402 ndcg@10: 0.0471 ndcg@20: 0.0593 ] 
2025-10-02 14:11:54,600 - Epoch  33 Validation set [recall@5: 0.0341 recall@10: 0.0566 recall@20: 0.0932 ] [ndcg@5: 0.0406 ndcg@10: 0.0474 ndcg@20: 0.0597 ] 
2025-10-02 14:12:05,317 - Epoch  36 Validation set [recall@5: 0.0336 recall@10: 0.0571 recall@20: 0.0932 ] [ndcg@5: 0.0404 ndcg@10: 0.0476 ndcg@20: 0.0597 ] 
2025-10-02 14:12:16,404 - Epoch  39 Validation set [recall@5: 0.0336 recall@10: 0.0575 recall@20: 0.0941 ] [ndcg@5: 0.0405 ndcg@10: 0.0478 ndcg@20: 0.0600 ] 
2025-10-02 14:12:26,500 - Epoch  42 Validation set [recall@5: 0.0343 recall@10: 0.0578 recall@20: 0.0944 ] [ndcg@5: 0.0408 ndcg@10: 0.0480 ndcg@20: 0.0604 ] 
2025-10-02 14:12:35,621 - Epoch  45 Validation set [recall@5: 0.0344 recall@10: 0.0581 recall@20: 0.0948 ] [ndcg@5: 0.0409 ndcg@10: 0.0482 ndcg@20: 0.0605 ] 
2025-10-02 14:12:46,042 - Epoch  48 Validation set [recall@5: 0.0345 recall@10: 0.0578 recall@20: 0.0953 ] [ndcg@5: 0.0406 ndcg@10: 0.0479 ndcg@20: 0.0605 ] 
2025-10-02 14:12:56,557 - Epoch  51 Validation set [recall@5: 0.0344 recall@10: 0.0576 recall@20: 0.0955 ] [ndcg@5: 0.0407 ndcg@10: 0.0480 ndcg@20: 0.0607 ] 
2025-10-02 14:13:06,288 - Epoch  54 Validation set [recall@5: 0.0340 recall@10: 0.0581 recall@20: 0.0955 ] [ndcg@5: 0.0405 ndcg@10: 0.0480 ndcg@20: 0.0607 ] 
2025-10-02 14:13:17,242 - Epoch  57 Validation set [recall@5: 0.0344 recall@10: 0.0577 recall@20: 0.0964 ] [ndcg@5: 0.0409 ndcg@10: 0.0481 ndcg@20: 0.0612 ] 
2025-10-02 14:13:27,842 - Epoch  60 Validation set [recall@5: 0.0343 recall@10: 0.0582 recall@20: 0.0962 ] [ndcg@5: 0.0410 ndcg@10: 0.0484 ndcg@20: 0.0612 ] 
2025-10-02 14:13:37,687 - Epoch  63 Validation set [recall@5: 0.0347 recall@10: 0.0586 recall@20: 0.0961 ] [ndcg@5: 0.0412 ndcg@10: 0.0488 ndcg@20: 0.0613 ] 
2025-10-02 14:13:46,772 - Epoch  66 Validation set [recall@5: 0.0348 recall@10: 0.0589 recall@20: 0.0961 ] [ndcg@5: 0.0411 ndcg@10: 0.0486 ndcg@20: 0.0612 ] 
2025-10-02 14:13:56,831 - Epoch  69 Validation set [recall@5: 0.0351 recall@10: 0.0586 recall@20: 0.0957 ] [ndcg@5: 0.0414 ndcg@10: 0.0489 ndcg@20: 0.0614 ] 
2025-10-02 14:14:06,121 - Epoch  72 Validation set [recall@5: 0.0350 recall@10: 0.0591 recall@20: 0.0963 ] [ndcg@5: 0.0414 ndcg@10: 0.0490 ndcg@20: 0.0615 ] 
2025-10-02 14:14:08,114 - [recall@5: 0.0344 recall@10: 0.0577 recall@20: 0.0964 ] [ndcg@5: 0.0409 ndcg@10: 0.0481 ndcg@20: 0.0612 ] 
2025-10-02 14:14:10,112 - [recall@5: 0.0338 recall@10: 0.0569 recall@20: 0.0923 ] [ndcg@5: 0.0395 ndcg@10: 0.0467 ndcg@20: 0.0589 ] 
2025-10-02 14:14:10,113 - Best Epoch 57. Final test result: {'recall': array([0.03382331, 0.05689076, 0.09230013]), 'ndcg': array([0.03948293, 0.04674924, 0.05891311])}.
