2025-10-02 13:35:24,252 - {'optimizer': {'name': 'adam', 'lr': 0.001, 'weight_decay': 0}, 'train': {'epoch': 3000, 'batch_size': 4096, 'save_model': False, 'loss': 'pairwise', 'test_step': 3, 'reproducible': True, 'seed': 2023, 'patience': 5}, 'test': {'metrics': ['recall', 'ndcg'], 'k': [5, 10, 20], 'batch_size': 1024}, 'data': {'type': 'general_cf', 'name': 'yelp', 'user_num': 11091, 'item_num': 11010}, 'model': {'name': 'lightgcn', 'keep_rate': 0.8, 'embedding_size': 64, 'layer_num': 6, 'reg_weight': 1e-06, 'amazon': {'layer_num': 3, 'reg_weight': 1e-06}, 'yelp': {'layer_num': 6, 'reg_weight': 1e-06}, 'steam': {'layer_num': 2, 'reg_weight': 1e-06}, 'Office': {'layer_num': 3, 'reg_weight': 1e-06}}}
2025-10-02 13:35:30,921 - Epoch   0 Validation set [recall@5: 0.0303 recall@10: 0.0496 recall@20: 0.0804 ] [ndcg@5: 0.0371 ndcg@10: 0.0424 ndcg@20: 0.0526 ] 
2025-10-02 13:35:39,726 - Epoch   3 Validation set [recall@5: 0.0311 recall@10: 0.0520 recall@20: 0.0846 ] [ndcg@5: 0.0376 ndcg@10: 0.0437 ndcg@20: 0.0547 ] 
2025-10-02 13:35:48,460 - Epoch   6 Validation set [recall@5: 0.0316 recall@10: 0.0530 recall@20: 0.0872 ] [ndcg@5: 0.0380 ndcg@10: 0.0444 ndcg@20: 0.0558 ] 
2025-10-02 13:35:57,901 - Epoch   9 Validation set [recall@5: 0.0321 recall@10: 0.0534 recall@20: 0.0881 ] [ndcg@5: 0.0383 ndcg@10: 0.0446 ndcg@20: 0.0563 ] 
2025-10-02 13:36:07,465 - Epoch  12 Validation set [recall@5: 0.0329 recall@10: 0.0537 recall@20: 0.0890 ] [ndcg@5: 0.0389 ndcg@10: 0.0450 ndcg@20: 0.0570 ] 
2025-10-02 13:36:16,557 - Epoch  15 Validation set [recall@5: 0.0330 recall@10: 0.0546 recall@20: 0.0907 ] [ndcg@5: 0.0391 ndcg@10: 0.0456 ndcg@20: 0.0578 ] 
2025-10-02 13:36:26,052 - Epoch  18 Validation set [recall@5: 0.0330 recall@10: 0.0559 recall@20: 0.0927 ] [ndcg@5: 0.0392 ndcg@10: 0.0462 ndcg@20: 0.0586 ] 
2025-10-02 13:36:34,716 - Epoch  21 Validation set [recall@5: 0.0333 recall@10: 0.0569 recall@20: 0.0931 ] [ndcg@5: 0.0398 ndcg@10: 0.0471 ndcg@20: 0.0593 ] 
2025-10-02 13:36:43,090 - Epoch  24 Validation set [recall@5: 0.0341 recall@10: 0.0573 recall@20: 0.0939 ] [ndcg@5: 0.0402 ndcg@10: 0.0475 ndcg@20: 0.0597 ] 
2025-10-02 13:36:51,428 - Epoch  27 Validation set [recall@5: 0.0344 recall@10: 0.0578 recall@20: 0.0950 ] [ndcg@5: 0.0406 ndcg@10: 0.0479 ndcg@20: 0.0605 ] 
2025-10-02 13:37:00,262 - Epoch  30 Validation set [recall@5: 0.0347 recall@10: 0.0590 recall@20: 0.0969 ] [ndcg@5: 0.0412 ndcg@10: 0.0488 ndcg@20: 0.0616 ] 
2025-10-02 13:37:09,144 - Epoch  33 Validation set [recall@5: 0.0352 recall@10: 0.0588 recall@20: 0.0971 ] [ndcg@5: 0.0419 ndcg@10: 0.0491 ndcg@20: 0.0620 ] 
2025-10-02 13:37:17,327 - Epoch  36 Validation set [recall@5: 0.0346 recall@10: 0.0592 recall@20: 0.0974 ] [ndcg@5: 0.0415 ndcg@10: 0.0493 ndcg@20: 0.0621 ] 
2025-10-02 13:37:25,053 - Epoch  39 Validation set [recall@5: 0.0351 recall@10: 0.0595 recall@20: 0.0974 ] [ndcg@5: 0.0419 ndcg@10: 0.0496 ndcg@20: 0.0622 ] 
2025-10-02 13:37:34,292 - Epoch  42 Validation set [recall@5: 0.0357 recall@10: 0.0595 recall@20: 0.0982 ] [ndcg@5: 0.0425 ndcg@10: 0.0497 ndcg@20: 0.0629 ] 
2025-10-02 13:37:43,321 - Epoch  45 Validation set [recall@5: 0.0355 recall@10: 0.0597 recall@20: 0.0992 ] [ndcg@5: 0.0423 ndcg@10: 0.0498 ndcg@20: 0.0632 ] 
2025-10-02 13:37:52,177 - Epoch  48 Validation set [recall@5: 0.0357 recall@10: 0.0605 recall@20: 0.0999 ] [ndcg@5: 0.0423 ndcg@10: 0.0501 ndcg@20: 0.0634 ] 
2025-10-02 13:38:01,056 - Epoch  51 Validation set [recall@5: 0.0361 recall@10: 0.0600 recall@20: 0.1009 ] [ndcg@5: 0.0427 ndcg@10: 0.0502 ndcg@20: 0.0639 ] 
2025-10-02 13:38:09,318 - Epoch  54 Validation set [recall@5: 0.0356 recall@10: 0.0610 recall@20: 0.1008 ] [ndcg@5: 0.0424 ndcg@10: 0.0505 ndcg@20: 0.0640 ] 
2025-10-02 13:38:17,815 - Epoch  57 Validation set [recall@5: 0.0360 recall@10: 0.0615 recall@20: 0.1016 ] [ndcg@5: 0.0429 ndcg@10: 0.0508 ndcg@20: 0.0644 ] 
2025-10-02 13:38:26,123 - Epoch  60 Validation set [recall@5: 0.0361 recall@10: 0.0609 recall@20: 0.1023 ] [ndcg@5: 0.0430 ndcg@10: 0.0507 ndcg@20: 0.0648 ] 
2025-10-02 13:38:34,757 - Epoch  63 Validation set [recall@5: 0.0364 recall@10: 0.0614 recall@20: 0.1028 ] [ndcg@5: 0.0433 ndcg@10: 0.0511 ndcg@20: 0.0651 ] 
2025-10-02 13:38:44,532 - Epoch  66 Validation set [recall@5: 0.0373 recall@10: 0.0618 recall@20: 0.1029 ] [ndcg@5: 0.0440 ndcg@10: 0.0515 ndcg@20: 0.0655 ] 
2025-10-02 13:38:53,056 - Epoch  69 Validation set [recall@5: 0.0367 recall@10: 0.0620 recall@20: 0.1023 ] [ndcg@5: 0.0437 ndcg@10: 0.0516 ndcg@20: 0.0652 ] 
2025-10-02 13:39:00,984 - Epoch  72 Validation set [recall@5: 0.0374 recall@10: 0.0626 recall@20: 0.1031 ] [ndcg@5: 0.0441 ndcg@10: 0.0519 ndcg@20: 0.0657 ] 
2025-10-02 13:39:07,916 - Epoch  75 Validation set [recall@5: 0.0376 recall@10: 0.0623 recall@20: 0.1045 ] [ndcg@5: 0.0439 ndcg@10: 0.0516 ndcg@20: 0.0660 ] 
2025-10-02 13:39:16,142 - Epoch  78 Validation set [recall@5: 0.0377 recall@10: 0.0628 recall@20: 0.1053 ] [ndcg@5: 0.0445 ndcg@10: 0.0523 ndcg@20: 0.0667 ] 
2025-10-02 13:39:24,350 - Epoch  81 Validation set [recall@5: 0.0382 recall@10: 0.0632 recall@20: 0.1059 ] [ndcg@5: 0.0449 ndcg@10: 0.0526 ndcg@20: 0.0671 ] 
2025-10-02 13:39:32,285 - Epoch  84 Validation set [recall@5: 0.0383 recall@10: 0.0634 recall@20: 0.1055 ] [ndcg@5: 0.0454 ndcg@10: 0.0529 ndcg@20: 0.0673 ] 
2025-10-02 13:39:41,316 - Epoch  87 Validation set [recall@5: 0.0383 recall@10: 0.0636 recall@20: 0.1060 ] [ndcg@5: 0.0452 ndcg@10: 0.0530 ndcg@20: 0.0674 ] 
2025-10-02 13:39:49,546 - Epoch  90 Validation set [recall@5: 0.0382 recall@10: 0.0641 recall@20: 0.1064 ] [ndcg@5: 0.0452 ndcg@10: 0.0532 ndcg@20: 0.0676 ] 
2025-10-02 13:39:58,220 - Epoch  93 Validation set [recall@5: 0.0383 recall@10: 0.0646 recall@20: 0.1068 ] [ndcg@5: 0.0454 ndcg@10: 0.0534 ndcg@20: 0.0677 ] 
2025-10-02 13:40:07,435 - Epoch  96 Validation set [recall@5: 0.0383 recall@10: 0.0649 recall@20: 0.1077 ] [ndcg@5: 0.0453 ndcg@10: 0.0536 ndcg@20: 0.0680 ] 
2025-10-02 13:40:16,139 - Epoch  99 Validation set [recall@5: 0.0389 recall@10: 0.0651 recall@20: 0.1073 ] [ndcg@5: 0.0456 ndcg@10: 0.0537 ndcg@20: 0.0680 ] 
2025-10-02 13:40:25,196 - Epoch 102 Validation set [recall@5: 0.0390 recall@10: 0.0653 recall@20: 0.1080 ] [ndcg@5: 0.0462 ndcg@10: 0.0543 ndcg@20: 0.0687 ] 
2025-10-02 13:40:33,457 - Epoch 105 Validation set [recall@5: 0.0389 recall@10: 0.0654 recall@20: 0.1090 ] [ndcg@5: 0.0460 ndcg@10: 0.0543 ndcg@20: 0.0689 ] 
2025-10-02 13:40:42,464 - Epoch 108 Validation set [recall@5: 0.0389 recall@10: 0.0656 recall@20: 0.1095 ] [ndcg@5: 0.0463 ndcg@10: 0.0545 ndcg@20: 0.0694 ] 
2025-10-02 13:40:51,794 - Epoch 111 Validation set [recall@5: 0.0390 recall@10: 0.0660 recall@20: 0.1100 ] [ndcg@5: 0.0461 ndcg@10: 0.0546 ndcg@20: 0.0694 ] 
2025-10-02 13:41:00,929 - Epoch 114 Validation set [recall@5: 0.0392 recall@10: 0.0663 recall@20: 0.1106 ] [ndcg@5: 0.0466 ndcg@10: 0.0549 ndcg@20: 0.0699 ] 
2025-10-02 13:41:10,089 - Epoch 117 Validation set [recall@5: 0.0398 recall@10: 0.0663 recall@20: 0.1098 ] [ndcg@5: 0.0462 ndcg@10: 0.0544 ndcg@20: 0.0692 ] 
2025-10-02 13:41:19,583 - Epoch 120 Validation set [recall@5: 0.0403 recall@10: 0.0662 recall@20: 0.1104 ] [ndcg@5: 0.0468 ndcg@10: 0.0548 ndcg@20: 0.0697 ] 
2025-10-02 13:41:28,795 - Epoch 123 Validation set [recall@5: 0.0401 recall@10: 0.0675 recall@20: 0.1102 ] [ndcg@5: 0.0466 ndcg@10: 0.0551 ndcg@20: 0.0696 ] 
2025-10-02 13:41:36,671 - Epoch 126 Validation set [recall@5: 0.0401 recall@10: 0.0668 recall@20: 0.1108 ] [ndcg@5: 0.0470 ndcg@10: 0.0552 ndcg@20: 0.0701 ] 
2025-10-02 13:41:44,966 - Epoch 129 Validation set [recall@5: 0.0395 recall@10: 0.0668 recall@20: 0.1116 ] [ndcg@5: 0.0467 ndcg@10: 0.0553 ndcg@20: 0.0705 ] 
2025-10-02 13:41:53,145 - Epoch 132 Validation set [recall@5: 0.0391 recall@10: 0.0674 recall@20: 0.1117 ] [ndcg@5: 0.0464 ndcg@10: 0.0553 ndcg@20: 0.0703 ] 
2025-10-02 13:42:02,635 - Epoch 135 Validation set [recall@5: 0.0398 recall@10: 0.0678 recall@20: 0.1120 ] [ndcg@5: 0.0471 ndcg@10: 0.0559 ndcg@20: 0.0710 ] 
2025-10-02 13:42:12,010 - Epoch 138 Validation set [recall@5: 0.0401 recall@10: 0.0682 recall@20: 0.1122 ] [ndcg@5: 0.0475 ndcg@10: 0.0562 ndcg@20: 0.0711 ] 
2025-10-02 13:42:20,405 - Epoch 141 Validation set [recall@5: 0.0401 recall@10: 0.0679 recall@20: 0.1122 ] [ndcg@5: 0.0472 ndcg@10: 0.0559 ndcg@20: 0.0710 ] 
2025-10-02 13:42:28,318 - Epoch 144 Validation set [recall@5: 0.0401 recall@10: 0.0683 recall@20: 0.1128 ] [ndcg@5: 0.0476 ndcg@10: 0.0563 ndcg@20: 0.0715 ] 
2025-10-02 13:42:37,844 - Epoch 147 Validation set [recall@5: 0.0404 recall@10: 0.0673 recall@20: 0.1130 ] [ndcg@5: 0.0477 ndcg@10: 0.0558 ndcg@20: 0.0713 ] 
2025-10-02 13:42:47,960 - Epoch 150 Validation set [recall@5: 0.0403 recall@10: 0.0683 recall@20: 0.1124 ] [ndcg@5: 0.0473 ndcg@10: 0.0559 ndcg@20: 0.0709 ] 
2025-10-02 13:42:56,601 - Epoch 153 Validation set [recall@5: 0.0407 recall@10: 0.0688 recall@20: 0.1130 ] [ndcg@5: 0.0480 ndcg@10: 0.0567 ndcg@20: 0.0718 ] 
2025-10-02 13:43:06,033 - Epoch 156 Validation set [recall@5: 0.0405 recall@10: 0.0681 recall@20: 0.1133 ] [ndcg@5: 0.0475 ndcg@10: 0.0560 ndcg@20: 0.0715 ] 
2025-10-02 13:43:13,476 - Epoch 159 Validation set [recall@5: 0.0403 recall@10: 0.0684 recall@20: 0.1141 ] [ndcg@5: 0.0472 ndcg@10: 0.0563 ndcg@20: 0.0717 ] 
2025-10-02 13:43:22,028 - Epoch 162 Validation set [recall@5: 0.0399 recall@10: 0.0690 recall@20: 0.1132 ] [ndcg@5: 0.0470 ndcg@10: 0.0565 ndcg@20: 0.0714 ] 
2025-10-02 13:43:31,045 - Epoch 165 Validation set [recall@5: 0.0399 recall@10: 0.0688 recall@20: 0.1131 ] [ndcg@5: 0.0471 ndcg@10: 0.0564 ndcg@20: 0.0714 ] 
2025-10-02 13:43:39,959 - Epoch 168 Validation set [recall@5: 0.0404 recall@10: 0.0692 recall@20: 0.1132 ] [ndcg@5: 0.0473 ndcg@10: 0.0565 ndcg@20: 0.0714 ] 
2025-10-02 13:43:49,012 - Epoch 171 Validation set [recall@5: 0.0411 recall@10: 0.0689 recall@20: 0.1123 ] [ndcg@5: 0.0477 ndcg@10: 0.0565 ndcg@20: 0.0713 ] 
2025-10-02 13:43:56,827 - Epoch 174 Validation set [recall@5: 0.0403 recall@10: 0.0692 recall@20: 0.1135 ] [ndcg@5: 0.0476 ndcg@10: 0.0568 ndcg@20: 0.0718 ] 
2025-10-02 13:43:58,765 - [recall@5: 0.0403 recall@10: 0.0684 recall@20: 0.1141 ] [ndcg@5: 0.0472 ndcg@10: 0.0563 ndcg@20: 0.0717 ] 
2025-10-02 13:44:00,795 - [recall@5: 0.0397 recall@10: 0.0671 recall@20: 0.1092 ] [ndcg@5: 0.0457 ndcg@10: 0.0545 ndcg@20: 0.0689 ] 
2025-10-02 13:44:00,796 - Best Epoch 159. Final test result: {'recall': array([0.0396755 , 0.06714846, 0.10923683]), 'ndcg': array([0.04573446, 0.05449103, 0.06887749])}.
