2025-10-01 21:39:07,217 - {'optimizer': {'name': 'adam', 'lr': 0.001, 'weight_decay': 0}, 'train': {'epoch': 3000, 'batch_size': 4096, 'save_model': False, 'loss': 'pairwise', 'test_step': 3, 'reproducible': True, 'seed': 2023, 'patience': 5}, 'test': {'metrics': ['recall', 'ndcg'], 'k': [5, 10, 20], 'batch_size': 1024}, 'data': {'type': 'general_cf', 'name': 'yelp', 'user_num': 11091, 'item_num': 11010}, 'model': {'name': 'lightgcn', 'keep_rate': 0.8, 'embedding_size': 64, 'layer_num': 5, 'reg_weight': 1e-06, 'amazon': {'layer_num': 3, 'reg_weight': 1e-06}, 'yelp': {'layer_num': 5, 'reg_weight': 1e-06}, 'steam': {'layer_num': 2, 'reg_weight': 1e-06}}}
2025-10-01 21:39:10,630 - Epoch   0 Validation set [recall@5: 0.0302 recall@10: 0.0497 recall@20: 0.0802 ] [ndcg@5: 0.0371 ndcg@10: 0.0425 ndcg@20: 0.0526 ] 
2025-10-01 21:39:15,491 - Epoch   3 Validation set [recall@5: 0.0311 recall@10: 0.0521 recall@20: 0.0845 ] [ndcg@5: 0.0376 ndcg@10: 0.0437 ndcg@20: 0.0547 ] 
2025-10-01 21:39:20,376 - Epoch   6 Validation set [recall@5: 0.0317 recall@10: 0.0534 recall@20: 0.0874 ] [ndcg@5: 0.0382 ndcg@10: 0.0447 ndcg@20: 0.0561 ] 
2025-10-01 21:39:25,720 - Epoch   9 Validation set [recall@5: 0.0322 recall@10: 0.0533 recall@20: 0.0879 ] [ndcg@5: 0.0385 ndcg@10: 0.0447 ndcg@20: 0.0564 ] 
2025-10-01 21:39:30,690 - Epoch  12 Validation set [recall@5: 0.0327 recall@10: 0.0536 recall@20: 0.0890 ] [ndcg@5: 0.0389 ndcg@10: 0.0450 ndcg@20: 0.0570 ] 
2025-10-01 21:39:35,576 - Epoch  15 Validation set [recall@5: 0.0331 recall@10: 0.0548 recall@20: 0.0910 ] [ndcg@5: 0.0392 ndcg@10: 0.0457 ndcg@20: 0.0580 ] 
2025-10-01 21:39:40,689 - Epoch  18 Validation set [recall@5: 0.0324 recall@10: 0.0558 recall@20: 0.0928 ] [ndcg@5: 0.0387 ndcg@10: 0.0459 ndcg@20: 0.0585 ] 
2025-10-01 21:39:45,474 - Epoch  21 Validation set [recall@5: 0.0335 recall@10: 0.0573 recall@20: 0.0934 ] [ndcg@5: 0.0398 ndcg@10: 0.0472 ndcg@20: 0.0594 ] 
2025-10-01 21:39:50,291 - Epoch  24 Validation set [recall@5: 0.0342 recall@10: 0.0581 recall@20: 0.0947 ] [ndcg@5: 0.0404 ndcg@10: 0.0479 ndcg@20: 0.0603 ] 
2025-10-01 21:39:55,040 - Epoch  27 Validation set [recall@5: 0.0342 recall@10: 0.0581 recall@20: 0.0954 ] [ndcg@5: 0.0408 ndcg@10: 0.0483 ndcg@20: 0.0610 ] 
2025-10-01 21:39:59,901 - Epoch  30 Validation set [recall@5: 0.0346 recall@10: 0.0591 recall@20: 0.0973 ] [ndcg@5: 0.0413 ndcg@10: 0.0489 ndcg@20: 0.0618 ] 
2025-10-01 21:40:04,761 - Epoch  33 Validation set [recall@5: 0.0353 recall@10: 0.0592 recall@20: 0.0982 ] [ndcg@5: 0.0420 ndcg@10: 0.0493 ndcg@20: 0.0625 ] 
2025-10-01 21:40:09,637 - Epoch  36 Validation set [recall@5: 0.0350 recall@10: 0.0595 recall@20: 0.0983 ] [ndcg@5: 0.0417 ndcg@10: 0.0494 ndcg@20: 0.0625 ] 
2025-10-01 21:40:14,469 - Epoch  39 Validation set [recall@5: 0.0354 recall@10: 0.0600 recall@20: 0.0986 ] [ndcg@5: 0.0421 ndcg@10: 0.0499 ndcg@20: 0.0628 ] 
2025-10-01 21:40:19,344 - Epoch  42 Validation set [recall@5: 0.0356 recall@10: 0.0607 recall@20: 0.0993 ] [ndcg@5: 0.0424 ndcg@10: 0.0504 ndcg@20: 0.0633 ] 
2025-10-01 21:40:24,266 - Epoch  45 Validation set [recall@5: 0.0357 recall@10: 0.0604 recall@20: 0.0997 ] [ndcg@5: 0.0427 ndcg@10: 0.0504 ndcg@20: 0.0636 ] 
2025-10-01 21:40:29,108 - Epoch  48 Validation set [recall@5: 0.0356 recall@10: 0.0617 recall@20: 0.1010 ] [ndcg@5: 0.0426 ndcg@10: 0.0508 ndcg@20: 0.0640 ] 
2025-10-01 21:40:33,944 - Epoch  51 Validation set [recall@5: 0.0361 recall@10: 0.0616 recall@20: 0.1016 ] [ndcg@5: 0.0429 ndcg@10: 0.0511 ndcg@20: 0.0646 ] 
2025-10-01 21:40:38,434 - Epoch  54 Validation set [recall@5: 0.0357 recall@10: 0.0623 recall@20: 0.1023 ] [ndcg@5: 0.0428 ndcg@10: 0.0514 ndcg@20: 0.0649 ] 
2025-10-01 21:40:43,217 - Epoch  57 Validation set [recall@5: 0.0361 recall@10: 0.0627 recall@20: 0.1024 ] [ndcg@5: 0.0432 ndcg@10: 0.0515 ndcg@20: 0.0650 ] 
2025-10-01 21:40:48,001 - Epoch  60 Validation set [recall@5: 0.0364 recall@10: 0.0625 recall@20: 0.1035 ] [ndcg@5: 0.0431 ndcg@10: 0.0515 ndcg@20: 0.0654 ] 
2025-10-01 21:40:52,769 - Epoch  63 Validation set [recall@5: 0.0370 recall@10: 0.0627 recall@20: 0.1041 ] [ndcg@5: 0.0437 ndcg@10: 0.0518 ndcg@20: 0.0659 ] 
2025-10-01 21:40:57,668 - Epoch  66 Validation set [recall@5: 0.0376 recall@10: 0.0625 recall@20: 0.1043 ] [ndcg@5: 0.0443 ndcg@10: 0.0520 ndcg@20: 0.0662 ] 
2025-10-01 21:41:02,809 - Epoch  69 Validation set [recall@5: 0.0373 recall@10: 0.0631 recall@20: 0.1040 ] [ndcg@5: 0.0440 ndcg@10: 0.0522 ndcg@20: 0.0661 ] 
2025-10-01 21:41:07,588 - Epoch  72 Validation set [recall@5: 0.0375 recall@10: 0.0632 recall@20: 0.1052 ] [ndcg@5: 0.0445 ndcg@10: 0.0525 ndcg@20: 0.0668 ] 
2025-10-01 21:41:12,364 - Epoch  75 Validation set [recall@5: 0.0383 recall@10: 0.0640 recall@20: 0.1059 ] [ndcg@5: 0.0446 ndcg@10: 0.0526 ndcg@20: 0.0670 ] 
2025-10-01 21:41:17,124 - Epoch  78 Validation set [recall@5: 0.0374 recall@10: 0.0640 recall@20: 0.1070 ] [ndcg@5: 0.0446 ndcg@10: 0.0530 ndcg@20: 0.0677 ] 
2025-10-01 21:41:22,173 - Epoch  81 Validation set [recall@5: 0.0388 recall@10: 0.0636 recall@20: 0.1074 ] [ndcg@5: 0.0458 ndcg@10: 0.0532 ndcg@20: 0.0682 ] 
2025-10-01 21:41:27,268 - Epoch  84 Validation set [recall@5: 0.0389 recall@10: 0.0640 recall@20: 0.1073 ] [ndcg@5: 0.0462 ndcg@10: 0.0537 ndcg@20: 0.0685 ] 
2025-10-01 21:41:32,113 - Epoch  87 Validation set [recall@5: 0.0390 recall@10: 0.0647 recall@20: 0.1085 ] [ndcg@5: 0.0460 ndcg@10: 0.0540 ndcg@20: 0.0689 ] 
2025-10-01 21:41:36,937 - Epoch  90 Validation set [recall@5: 0.0391 recall@10: 0.0655 recall@20: 0.1087 ] [ndcg@5: 0.0462 ndcg@10: 0.0544 ndcg@20: 0.0690 ] 
2025-10-01 21:41:41,777 - Epoch  93 Validation set [recall@5: 0.0393 recall@10: 0.0661 recall@20: 0.1097 ] [ndcg@5: 0.0461 ndcg@10: 0.0545 ndcg@20: 0.0692 ] 
2025-10-01 21:41:46,581 - Epoch  96 Validation set [recall@5: 0.0391 recall@10: 0.0672 recall@20: 0.1099 ] [ndcg@5: 0.0463 ndcg@10: 0.0549 ndcg@20: 0.0695 ] 
2025-10-01 21:41:51,347 - Epoch  99 Validation set [recall@5: 0.0393 recall@10: 0.0670 recall@20: 0.1101 ] [ndcg@5: 0.0465 ndcg@10: 0.0552 ndcg@20: 0.0698 ] 
2025-10-01 21:41:56,578 - Epoch 102 Validation set [recall@5: 0.0394 recall@10: 0.0663 recall@20: 0.1109 ] [ndcg@5: 0.0468 ndcg@10: 0.0551 ndcg@20: 0.0702 ] 
2025-10-01 21:42:02,015 - Epoch 105 Validation set [recall@5: 0.0394 recall@10: 0.0663 recall@20: 0.1110 ] [ndcg@5: 0.0470 ndcg@10: 0.0553 ndcg@20: 0.0704 ] 
2025-10-01 21:42:07,197 - Epoch 108 Validation set [recall@5: 0.0396 recall@10: 0.0673 recall@20: 0.1115 ] [ndcg@5: 0.0473 ndcg@10: 0.0558 ndcg@20: 0.0708 ] 
2025-10-01 21:42:12,023 - Epoch 111 Validation set [recall@5: 0.0400 recall@10: 0.0678 recall@20: 0.1124 ] [ndcg@5: 0.0474 ndcg@10: 0.0560 ndcg@20: 0.0712 ] 
2025-10-01 21:42:16,919 - Epoch 114 Validation set [recall@5: 0.0405 recall@10: 0.0681 recall@20: 0.1127 ] [ndcg@5: 0.0478 ndcg@10: 0.0562 ndcg@20: 0.0715 ] 
2025-10-01 21:42:21,786 - Epoch 117 Validation set [recall@5: 0.0403 recall@10: 0.0689 recall@20: 0.1123 ] [ndcg@5: 0.0472 ndcg@10: 0.0561 ndcg@20: 0.0709 ] 
2025-10-01 21:42:26,574 - Epoch 120 Validation set [recall@5: 0.0414 recall@10: 0.0689 recall@20: 0.1134 ] [ndcg@5: 0.0481 ndcg@10: 0.0565 ndcg@20: 0.0717 ] 
2025-10-01 21:42:31,245 - Epoch 123 Validation set [recall@5: 0.0402 recall@10: 0.0694 recall@20: 0.1132 ] [ndcg@5: 0.0474 ndcg@10: 0.0567 ndcg@20: 0.0716 ] 
2025-10-01 21:42:36,008 - Epoch 126 Validation set [recall@5: 0.0404 recall@10: 0.0690 recall@20: 0.1136 ] [ndcg@5: 0.0479 ndcg@10: 0.0570 ndcg@20: 0.0721 ] 
2025-10-01 21:42:40,793 - Epoch 129 Validation set [recall@5: 0.0413 recall@10: 0.0688 recall@20: 0.1142 ] [ndcg@5: 0.0484 ndcg@10: 0.0568 ndcg@20: 0.0723 ] 
2025-10-01 21:42:45,423 - Epoch 132 Validation set [recall@5: 0.0409 recall@10: 0.0692 recall@20: 0.1147 ] [ndcg@5: 0.0479 ndcg@10: 0.0568 ndcg@20: 0.0722 ] 
2025-10-01 21:42:50,234 - Epoch 135 Validation set [recall@5: 0.0411 recall@10: 0.0693 recall@20: 0.1152 ] [ndcg@5: 0.0485 ndcg@10: 0.0574 ndcg@20: 0.0729 ] 
2025-10-01 21:42:55,047 - Epoch 138 Validation set [recall@5: 0.0418 recall@10: 0.0697 recall@20: 0.1152 ] [ndcg@5: 0.0493 ndcg@10: 0.0579 ndcg@20: 0.0733 ] 
2025-10-01 21:42:59,907 - Epoch 141 Validation set [recall@5: 0.0418 recall@10: 0.0700 recall@20: 0.1153 ] [ndcg@5: 0.0488 ndcg@10: 0.0576 ndcg@20: 0.0730 ] 
2025-10-01 21:43:04,734 - Epoch 144 Validation set [recall@5: 0.0421 recall@10: 0.0703 recall@20: 0.1170 ] [ndcg@5: 0.0494 ndcg@10: 0.0580 ndcg@20: 0.0738 ] 
2025-10-01 21:43:09,479 - Epoch 147 Validation set [recall@5: 0.0421 recall@10: 0.0697 recall@20: 0.1156 ] [ndcg@5: 0.0493 ndcg@10: 0.0576 ndcg@20: 0.0732 ] 
2025-10-01 21:43:14,241 - Epoch 150 Validation set [recall@5: 0.0418 recall@10: 0.0706 recall@20: 0.1153 ] [ndcg@5: 0.0488 ndcg@10: 0.0578 ndcg@20: 0.0730 ] 
2025-10-01 21:43:19,069 - Epoch 153 Validation set [recall@5: 0.0418 recall@10: 0.0697 recall@20: 0.1155 ] [ndcg@5: 0.0493 ndcg@10: 0.0579 ndcg@20: 0.0734 ] 
2025-10-01 21:43:23,948 - Epoch 156 Validation set [recall@5: 0.0412 recall@10: 0.0703 recall@20: 0.1156 ] [ndcg@5: 0.0488 ndcg@10: 0.0579 ndcg@20: 0.0734 ] 
2025-10-01 21:43:28,848 - Epoch 159 Validation set [recall@5: 0.0414 recall@10: 0.0708 recall@20: 0.1164 ] [ndcg@5: 0.0487 ndcg@10: 0.0581 ndcg@20: 0.0736 ] 
2025-10-01 21:43:30,325 - [recall@5: 0.0421 recall@10: 0.0703 recall@20: 0.1170 ] [ndcg@5: 0.0494 ndcg@10: 0.0580 ndcg@20: 0.0738 ] 
2025-10-01 21:43:31,766 - [recall@5: 0.0399 recall@10: 0.0684 recall@20: 0.1128 ] [ndcg@5: 0.0466 ndcg@10: 0.0555 ndcg@20: 0.0707 ] 
2025-10-01 21:43:31,766 - Best Epoch 144. Final test result: {'recall': array([0.03992471, 0.06839289, 0.1128483 ]), 'ndcg': array([0.04663695, 0.05551681, 0.0707475 ])}.
