2025-10-01 21:25:38,797 - {'optimizer': {'name': 'adam', 'lr': 0.001, 'weight_decay': 0}, 'train': {'epoch': 3000, 'batch_size': 4096, 'save_model': False, 'loss': 'pairwise', 'test_step': 3, 'reproducible': True, 'seed': 2023, 'patience': 5}, 'test': {'metrics': ['recall', 'ndcg'], 'k': [5, 10, 20], 'batch_size': 1024}, 'data': {'type': 'general_cf', 'name': 'yelp', 'user_num': 11091, 'item_num': 11010}, 'model': {'name': 'lightgcn', 'keep_rate': 0.8, 'embedding_size': 64, 'layer_num': 2, 'reg_weight': 1e-06, 'amazon': {'layer_num': 3, 'reg_weight': 1e-06}, 'yelp': {'layer_num': 2, 'reg_weight': 1e-06}, 'steam': {'layer_num': 2, 'reg_weight': 1e-06}}}
2025-10-01 21:25:42,336 - Epoch   0 Validation set [recall@5: 0.0305 recall@10: 0.0490 recall@20: 0.0813 ] [ndcg@5: 0.0371 ndcg@10: 0.0422 ndcg@20: 0.0530 ] 
2025-10-01 21:25:46,414 - Epoch   3 Validation set [recall@5: 0.0306 recall@10: 0.0524 recall@20: 0.0839 ] [ndcg@5: 0.0377 ndcg@10: 0.0443 ndcg@20: 0.0548 ] 
2025-10-01 21:25:50,529 - Epoch   6 Validation set [recall@5: 0.0322 recall@10: 0.0530 recall@20: 0.0865 ] [ndcg@5: 0.0385 ndcg@10: 0.0446 ndcg@20: 0.0559 ] 
2025-10-01 21:25:55,156 - Epoch   9 Validation set [recall@5: 0.0326 recall@10: 0.0540 recall@20: 0.0880 ] [ndcg@5: 0.0386 ndcg@10: 0.0450 ndcg@20: 0.0565 ] 
2025-10-01 21:25:59,287 - Epoch  12 Validation set [recall@5: 0.0327 recall@10: 0.0536 recall@20: 0.0894 ] [ndcg@5: 0.0390 ndcg@10: 0.0452 ndcg@20: 0.0573 ] 
2025-10-01 21:26:03,969 - Epoch  15 Validation set [recall@5: 0.0328 recall@10: 0.0552 recall@20: 0.0909 ] [ndcg@5: 0.0390 ndcg@10: 0.0460 ndcg@20: 0.0580 ] 
2025-10-01 21:26:08,076 - Epoch  18 Validation set [recall@5: 0.0323 recall@10: 0.0562 recall@20: 0.0923 ] [ndcg@5: 0.0387 ndcg@10: 0.0462 ndcg@20: 0.0586 ] 
2025-10-01 21:26:12,163 - Epoch  21 Validation set [recall@5: 0.0331 recall@10: 0.0570 recall@20: 0.0936 ] [ndcg@5: 0.0395 ndcg@10: 0.0471 ndcg@20: 0.0595 ] 
2025-10-01 21:26:16,261 - Epoch  24 Validation set [recall@5: 0.0343 recall@10: 0.0577 recall@20: 0.0953 ] [ndcg@5: 0.0405 ndcg@10: 0.0479 ndcg@20: 0.0606 ] 
2025-10-01 21:26:20,402 - Epoch  27 Validation set [recall@5: 0.0343 recall@10: 0.0579 recall@20: 0.0965 ] [ndcg@5: 0.0409 ndcg@10: 0.0483 ndcg@20: 0.0614 ] 
2025-10-01 21:26:24,449 - Epoch  30 Validation set [recall@5: 0.0347 recall@10: 0.0588 recall@20: 0.0984 ] [ndcg@5: 0.0413 ndcg@10: 0.0489 ndcg@20: 0.0623 ] 
2025-10-01 21:26:28,746 - Epoch  33 Validation set [recall@5: 0.0350 recall@10: 0.0600 recall@20: 0.0996 ] [ndcg@5: 0.0417 ndcg@10: 0.0497 ndcg@20: 0.0631 ] 
2025-10-01 21:26:32,729 - Epoch  36 Validation set [recall@5: 0.0353 recall@10: 0.0609 recall@20: 0.1007 ] [ndcg@5: 0.0420 ndcg@10: 0.0500 ndcg@20: 0.0635 ] 
2025-10-01 21:26:36,782 - Epoch  39 Validation set [recall@5: 0.0358 recall@10: 0.0618 recall@20: 0.0999 ] [ndcg@5: 0.0425 ndcg@10: 0.0506 ndcg@20: 0.0635 ] 
2025-10-01 21:26:40,828 - Epoch  42 Validation set [recall@5: 0.0362 recall@10: 0.0616 recall@20: 0.1016 ] [ndcg@5: 0.0427 ndcg@10: 0.0510 ndcg@20: 0.0645 ] 
2025-10-01 21:26:44,841 - Epoch  45 Validation set [recall@5: 0.0358 recall@10: 0.0622 recall@20: 0.1021 ] [ndcg@5: 0.0428 ndcg@10: 0.0514 ndcg@20: 0.0647 ] 
2025-10-01 21:26:49,489 - Epoch  48 Validation set [recall@5: 0.0354 recall@10: 0.0638 recall@20: 0.1032 ] [ndcg@5: 0.0423 ndcg@10: 0.0518 ndcg@20: 0.0650 ] 
2025-10-01 21:26:53,836 - Epoch  51 Validation set [recall@5: 0.0364 recall@10: 0.0631 recall@20: 0.1047 ] [ndcg@5: 0.0434 ndcg@10: 0.0520 ndcg@20: 0.0659 ] 
2025-10-01 21:26:57,835 - Epoch  54 Validation set [recall@5: 0.0360 recall@10: 0.0636 recall@20: 0.1060 ] [ndcg@5: 0.0431 ndcg@10: 0.0521 ndcg@20: 0.0665 ] 
2025-10-01 21:27:01,912 - Epoch  57 Validation set [recall@5: 0.0368 recall@10: 0.0640 recall@20: 0.1057 ] [ndcg@5: 0.0440 ndcg@10: 0.0526 ndcg@20: 0.0667 ] 
2025-10-01 21:27:06,209 - Epoch  60 Validation set [recall@5: 0.0367 recall@10: 0.0648 recall@20: 0.1062 ] [ndcg@5: 0.0438 ndcg@10: 0.0530 ndcg@20: 0.0670 ] 
2025-10-01 21:27:10,587 - Epoch  63 Validation set [recall@5: 0.0374 recall@10: 0.0659 recall@20: 0.1061 ] [ndcg@5: 0.0446 ndcg@10: 0.0539 ndcg@20: 0.0675 ] 
2025-10-01 21:27:14,643 - Epoch  66 Validation set [recall@5: 0.0381 recall@10: 0.0659 recall@20: 0.1076 ] [ndcg@5: 0.0449 ndcg@10: 0.0539 ndcg@20: 0.0680 ] 
2025-10-01 21:27:18,680 - Epoch  69 Validation set [recall@5: 0.0388 recall@10: 0.0659 recall@20: 0.1091 ] [ndcg@5: 0.0457 ndcg@10: 0.0544 ndcg@20: 0.0689 ] 
2025-10-01 21:27:23,036 - Epoch  72 Validation set [recall@5: 0.0384 recall@10: 0.0668 recall@20: 0.1097 ] [ndcg@5: 0.0459 ndcg@10: 0.0550 ndcg@20: 0.0696 ] 
2025-10-01 21:27:27,532 - Epoch  75 Validation set [recall@5: 0.0390 recall@10: 0.0666 recall@20: 0.1118 ] [ndcg@5: 0.0462 ndcg@10: 0.0552 ndcg@20: 0.0704 ] 
2025-10-01 21:27:31,629 - Epoch  78 Validation set [recall@5: 0.0391 recall@10: 0.0666 recall@20: 0.1120 ] [ndcg@5: 0.0465 ndcg@10: 0.0553 ndcg@20: 0.0707 ] 
2025-10-01 21:27:35,792 - Epoch  81 Validation set [recall@5: 0.0400 recall@10: 0.0674 recall@20: 0.1121 ] [ndcg@5: 0.0476 ndcg@10: 0.0562 ndcg@20: 0.0713 ] 
2025-10-01 21:27:39,896 - Epoch  84 Validation set [recall@5: 0.0398 recall@10: 0.0686 recall@20: 0.1127 ] [ndcg@5: 0.0473 ndcg@10: 0.0566 ndcg@20: 0.0714 ] 
2025-10-01 21:27:44,029 - Epoch  87 Validation set [recall@5: 0.0401 recall@10: 0.0684 recall@20: 0.1130 ] [ndcg@5: 0.0481 ndcg@10: 0.0570 ndcg@20: 0.0720 ] 
2025-10-01 21:27:48,089 - Epoch  90 Validation set [recall@5: 0.0402 recall@10: 0.0684 recall@20: 0.1139 ] [ndcg@5: 0.0481 ndcg@10: 0.0568 ndcg@20: 0.0722 ] 
2025-10-01 21:27:52,237 - Epoch  93 Validation set [recall@5: 0.0400 recall@10: 0.0694 recall@20: 0.1142 ] [ndcg@5: 0.0480 ndcg@10: 0.0573 ndcg@20: 0.0726 ] 
2025-10-01 21:27:56,401 - Epoch  96 Validation set [recall@5: 0.0402 recall@10: 0.0703 recall@20: 0.1154 ] [ndcg@5: 0.0480 ndcg@10: 0.0577 ndcg@20: 0.0730 ] 
2025-10-01 21:28:00,460 - Epoch  99 Validation set [recall@5: 0.0411 recall@10: 0.0707 recall@20: 0.1152 ] [ndcg@5: 0.0488 ndcg@10: 0.0583 ndcg@20: 0.0731 ] 
2025-10-01 21:28:04,812 - Epoch 102 Validation set [recall@5: 0.0406 recall@10: 0.0699 recall@20: 0.1158 ] [ndcg@5: 0.0492 ndcg@10: 0.0585 ndcg@20: 0.0740 ] 
2025-10-01 21:28:08,960 - Epoch 105 Validation set [recall@5: 0.0408 recall@10: 0.0706 recall@20: 0.1160 ] [ndcg@5: 0.0493 ndcg@10: 0.0588 ndcg@20: 0.0742 ] 
2025-10-01 21:28:13,604 - Epoch 108 Validation set [recall@5: 0.0416 recall@10: 0.0710 recall@20: 0.1173 ] [ndcg@5: 0.0498 ndcg@10: 0.0591 ndcg@20: 0.0747 ] 
2025-10-01 21:28:17,883 - Epoch 111 Validation set [recall@5: 0.0414 recall@10: 0.0716 recall@20: 0.1178 ] [ndcg@5: 0.0495 ndcg@10: 0.0593 ndcg@20: 0.0748 ] 
2025-10-01 21:28:21,974 - Epoch 114 Validation set [recall@5: 0.0422 recall@10: 0.0722 recall@20: 0.1178 ] [ndcg@5: 0.0501 ndcg@10: 0.0598 ndcg@20: 0.0751 ] 
2025-10-01 21:28:26,051 - Epoch 117 Validation set [recall@5: 0.0422 recall@10: 0.0714 recall@20: 0.1182 ] [ndcg@5: 0.0500 ndcg@10: 0.0593 ndcg@20: 0.0750 ] 
2025-10-01 21:28:30,500 - Epoch 120 Validation set [recall@5: 0.0435 recall@10: 0.0723 recall@20: 0.1183 ] [ndcg@5: 0.0511 ndcg@10: 0.0600 ndcg@20: 0.0756 ] 
2025-10-01 21:28:34,594 - Epoch 123 Validation set [recall@5: 0.0428 recall@10: 0.0731 recall@20: 0.1191 ] [ndcg@5: 0.0508 ndcg@10: 0.0606 ndcg@20: 0.0760 ] 
2025-10-01 21:28:38,666 - Epoch 126 Validation set [recall@5: 0.0423 recall@10: 0.0721 recall@20: 0.1200 ] [ndcg@5: 0.0504 ndcg@10: 0.0600 ndcg@20: 0.0761 ] 
2025-10-01 21:28:42,748 - Epoch 129 Validation set [recall@5: 0.0425 recall@10: 0.0725 recall@20: 0.1193 ] [ndcg@5: 0.0504 ndcg@10: 0.0600 ndcg@20: 0.0759 ] 
2025-10-01 21:28:46,746 - Epoch 132 Validation set [recall@5: 0.0427 recall@10: 0.0730 recall@20: 0.1215 ] [ndcg@5: 0.0509 ndcg@10: 0.0606 ndcg@20: 0.0768 ] 
2025-10-01 21:28:50,812 - Epoch 135 Validation set [recall@5: 0.0432 recall@10: 0.0729 recall@20: 0.1209 ] [ndcg@5: 0.0511 ndcg@10: 0.0606 ndcg@20: 0.0766 ] 
2025-10-01 21:28:54,989 - Epoch 138 Validation set [recall@5: 0.0434 recall@10: 0.0727 recall@20: 0.1203 ] [ndcg@5: 0.0518 ndcg@10: 0.0611 ndcg@20: 0.0769 ] 
2025-10-01 21:28:59,108 - Epoch 141 Validation set [recall@5: 0.0441 recall@10: 0.0738 recall@20: 0.1207 ] [ndcg@5: 0.0519 ndcg@10: 0.0613 ndcg@20: 0.0771 ] 
2025-10-01 21:29:03,233 - Epoch 144 Validation set [recall@5: 0.0442 recall@10: 0.0739 recall@20: 0.1210 ] [ndcg@5: 0.0521 ndcg@10: 0.0614 ndcg@20: 0.0772 ] 
2025-10-01 21:29:07,572 - Epoch 147 Validation set [recall@5: 0.0432 recall@10: 0.0740 recall@20: 0.1207 ] [ndcg@5: 0.0517 ndcg@10: 0.0613 ndcg@20: 0.0769 ] 
2025-10-01 21:29:09,156 - [recall@5: 0.0427 recall@10: 0.0730 recall@20: 0.1215 ] [ndcg@5: 0.0509 ndcg@10: 0.0606 ndcg@20: 0.0768 ] 
2025-10-01 21:29:10,676 - [recall@5: 0.0412 recall@10: 0.0712 recall@20: 0.1187 ] [ndcg@5: 0.0489 ndcg@10: 0.0585 ndcg@20: 0.0748 ] 
2025-10-01 21:29:10,677 - Best Epoch 132. Final test result: {'recall': array([0.04123293, 0.07120677, 0.11869825]), 'ndcg': array([0.04894644, 0.05854662, 0.07477785])}.
