2025-09-26 14:55:42,020 - {'optimizer': {'name': 'adam', 'lr': 0.001, 'weight_decay': 0}, 'train': {'epoch': 3000, 'batch_size': 4096, 'save_model': False, 'loss': 'pairwise', 'test_step': 3, 'reproducible': True, 'seed': 2023, 'patience': 5}, 'test': {'metrics': ['recall', 'ndcg'], 'k': [5, 10, 20], 'batch_size': 1024}, 'data': {'type': 'general_cf', 'name': 'yelp', 'user_num': 11091, 'item_num': 11010}, 'model': {'name': 'lightgcn', 'keep_rate': 0.8, 'embedding_size': 64, 'layer_num': 3, 'reg_weight': 1e-06, 'amazon': {'layer_num': 3, 'reg_weight': 1e-06}, 'yelp': {'layer_num': 3, 'reg_weight': 1e-06}, 'steam': {'layer_num': 2, 'reg_weight': 1e-06}}}
2025-09-26 14:55:47,519 - Epoch   0 Validation set [recall@5: 0.0305 recall@10: 0.0500 recall@20: 0.0810 ] [ndcg@5: 0.0370 ndcg@10: 0.0426 ndcg@20: 0.0529 ] 
2025-09-26 14:55:58,620 - Epoch   3 Validation set [recall@5: 0.0309 recall@10: 0.0521 recall@20: 0.0846 ] [ndcg@5: 0.0378 ndcg@10: 0.0440 ndcg@20: 0.0549 ] 
2025-09-26 14:56:09,552 - Epoch   6 Validation set [recall@5: 0.0326 recall@10: 0.0534 recall@20: 0.0865 ] [ndcg@5: 0.0388 ndcg@10: 0.0448 ndcg@20: 0.0559 ] 
2025-09-26 14:56:25,557 - Epoch   9 Validation set [recall@5: 0.0328 recall@10: 0.0534 recall@20: 0.0880 ] [ndcg@5: 0.0389 ndcg@10: 0.0449 ndcg@20: 0.0566 ] 
2025-09-26 14:56:35,632 - Epoch  12 Validation set [recall@5: 0.0330 recall@10: 0.0536 recall@20: 0.0893 ] [ndcg@5: 0.0391 ndcg@10: 0.0452 ndcg@20: 0.0573 ] 
2025-09-26 14:56:45,830 - Epoch  15 Validation set [recall@5: 0.0327 recall@10: 0.0551 recall@20: 0.0915 ] [ndcg@5: 0.0389 ndcg@10: 0.0459 ndcg@20: 0.0582 ] 
2025-09-26 14:56:55,042 - Epoch  18 Validation set [recall@5: 0.0327 recall@10: 0.0562 recall@20: 0.0931 ] [ndcg@5: 0.0391 ndcg@10: 0.0464 ndcg@20: 0.0589 ] 
2025-09-26 14:57:07,784 - Epoch  21 Validation set [recall@5: 0.0339 recall@10: 0.0573 recall@20: 0.0937 ] [ndcg@5: 0.0400 ndcg@10: 0.0473 ndcg@20: 0.0597 ] 
2025-09-26 14:57:20,077 - Epoch  24 Validation set [recall@5: 0.0340 recall@10: 0.0583 recall@20: 0.0955 ] [ndcg@5: 0.0406 ndcg@10: 0.0481 ndcg@20: 0.0606 ] 
2025-09-26 14:57:31,989 - Epoch  27 Validation set [recall@5: 0.0343 recall@10: 0.0581 recall@20: 0.0967 ] [ndcg@5: 0.0410 ndcg@10: 0.0484 ndcg@20: 0.0615 ] 
2025-09-26 14:57:42,234 - Epoch  30 Validation set [recall@5: 0.0344 recall@10: 0.0592 recall@20: 0.0975 ] [ndcg@5: 0.0413 ndcg@10: 0.0491 ndcg@20: 0.0621 ] 
2025-09-26 14:57:55,237 - Epoch  33 Validation set [recall@5: 0.0354 recall@10: 0.0604 recall@20: 0.0991 ] [ndcg@5: 0.0417 ndcg@10: 0.0498 ndcg@20: 0.0628 ] 
2025-09-26 14:58:06,590 - Epoch  36 Validation set [recall@5: 0.0357 recall@10: 0.0604 recall@20: 0.0997 ] [ndcg@5: 0.0421 ndcg@10: 0.0499 ndcg@20: 0.0632 ] 
2025-09-26 14:58:17,908 - Epoch  39 Validation set [recall@5: 0.0361 recall@10: 0.0613 recall@20: 0.0993 ] [ndcg@5: 0.0426 ndcg@10: 0.0505 ndcg@20: 0.0633 ] 
2025-09-26 14:58:33,704 - Epoch  42 Validation set [recall@5: 0.0362 recall@10: 0.0615 recall@20: 0.1004 ] [ndcg@5: 0.0429 ndcg@10: 0.0510 ndcg@20: 0.0641 ] 
2025-09-26 14:58:48,450 - Epoch  45 Validation set [recall@5: 0.0360 recall@10: 0.0623 recall@20: 0.1011 ] [ndcg@5: 0.0428 ndcg@10: 0.0512 ndcg@20: 0.0642 ] 
2025-09-26 14:59:00,439 - Epoch  48 Validation set [recall@5: 0.0357 recall@10: 0.0629 recall@20: 0.1027 ] [ndcg@5: 0.0426 ndcg@10: 0.0514 ndcg@20: 0.0649 ] 
2025-09-26 14:59:12,284 - Epoch  51 Validation set [recall@5: 0.0367 recall@10: 0.0630 recall@20: 0.1036 ] [ndcg@5: 0.0435 ndcg@10: 0.0519 ndcg@20: 0.0656 ] 
2025-09-26 14:59:23,562 - Epoch  54 Validation set [recall@5: 0.0366 recall@10: 0.0634 recall@20: 0.1055 ] [ndcg@5: 0.0433 ndcg@10: 0.0520 ndcg@20: 0.0662 ] 
2025-09-26 14:59:34,284 - Epoch  57 Validation set [recall@5: 0.0365 recall@10: 0.0642 recall@20: 0.1043 ] [ndcg@5: 0.0438 ndcg@10: 0.0527 ndcg@20: 0.0663 ] 
2025-09-26 14:59:45,156 - Epoch  60 Validation set [recall@5: 0.0370 recall@10: 0.0651 recall@20: 0.1063 ] [ndcg@5: 0.0437 ndcg@10: 0.0529 ndcg@20: 0.0669 ] 
2025-09-26 14:59:58,595 - Epoch  63 Validation set [recall@5: 0.0375 recall@10: 0.0647 recall@20: 0.1060 ] [ndcg@5: 0.0442 ndcg@10: 0.0531 ndcg@20: 0.0671 ] 
2025-09-26 15:00:10,746 - Epoch  66 Validation set [recall@5: 0.0380 recall@10: 0.0647 recall@20: 0.1067 ] [ndcg@5: 0.0448 ndcg@10: 0.0533 ndcg@20: 0.0676 ] 
2025-09-26 15:00:20,237 - Epoch  69 Validation set [recall@5: 0.0381 recall@10: 0.0653 recall@20: 0.1072 ] [ndcg@5: 0.0447 ndcg@10: 0.0536 ndcg@20: 0.0678 ] 
2025-09-26 15:00:32,218 - Epoch  72 Validation set [recall@5: 0.0384 recall@10: 0.0656 recall@20: 0.1089 ] [ndcg@5: 0.0456 ndcg@10: 0.0542 ndcg@20: 0.0689 ] 
2025-09-26 15:00:43,912 - Epoch  75 Validation set [recall@5: 0.0387 recall@10: 0.0665 recall@20: 0.1112 ] [ndcg@5: 0.0458 ndcg@10: 0.0547 ndcg@20: 0.0699 ] 
2025-09-26 15:00:54,134 - Epoch  78 Validation set [recall@5: 0.0386 recall@10: 0.0660 recall@20: 0.1112 ] [ndcg@5: 0.0459 ndcg@10: 0.0548 ndcg@20: 0.0701 ] 
2025-09-26 15:01:05,250 - Epoch  81 Validation set [recall@5: 0.0395 recall@10: 0.0665 recall@20: 0.1118 ] [ndcg@5: 0.0470 ndcg@10: 0.0553 ndcg@20: 0.0706 ] 
2025-09-26 15:01:20,161 - Epoch  84 Validation set [recall@5: 0.0397 recall@10: 0.0674 recall@20: 0.1116 ] [ndcg@5: 0.0472 ndcg@10: 0.0559 ndcg@20: 0.0708 ] 
2025-09-26 15:01:33,938 - Epoch  87 Validation set [recall@5: 0.0403 recall@10: 0.0675 recall@20: 0.1117 ] [ndcg@5: 0.0477 ndcg@10: 0.0560 ndcg@20: 0.0710 ] 
2025-09-26 15:01:44,624 - Epoch  90 Validation set [recall@5: 0.0399 recall@10: 0.0679 recall@20: 0.1132 ] [ndcg@5: 0.0478 ndcg@10: 0.0565 ndcg@20: 0.0718 ] 
2025-09-26 15:01:54,542 - Epoch  93 Validation set [recall@5: 0.0399 recall@10: 0.0692 recall@20: 0.1136 ] [ndcg@5: 0.0476 ndcg@10: 0.0569 ndcg@20: 0.0719 ] 
2025-09-26 15:02:05,390 - Epoch  96 Validation set [recall@5: 0.0402 recall@10: 0.0702 recall@20: 0.1144 ] [ndcg@5: 0.0480 ndcg@10: 0.0574 ndcg@20: 0.0725 ] 
2025-09-26 15:02:16,887 - Epoch  99 Validation set [recall@5: 0.0401 recall@10: 0.0702 recall@20: 0.1146 ] [ndcg@5: 0.0480 ndcg@10: 0.0577 ndcg@20: 0.0727 ] 
2025-09-26 15:02:27,144 - Epoch 102 Validation set [recall@5: 0.0409 recall@10: 0.0695 recall@20: 0.1149 ] [ndcg@5: 0.0493 ndcg@10: 0.0581 ndcg@20: 0.0735 ] 
2025-09-26 15:02:38,667 - Epoch 105 Validation set [recall@5: 0.0406 recall@10: 0.0696 recall@20: 0.1160 ] [ndcg@5: 0.0488 ndcg@10: 0.0579 ndcg@20: 0.0736 ] 
2025-09-26 15:02:52,124 - Epoch 108 Validation set [recall@5: 0.0409 recall@10: 0.0706 recall@20: 0.1168 ] [ndcg@5: 0.0492 ndcg@10: 0.0585 ndcg@20: 0.0742 ] 
2025-09-26 15:03:04,588 - Epoch 111 Validation set [recall@5: 0.0417 recall@10: 0.0704 recall@20: 0.1172 ] [ndcg@5: 0.0497 ndcg@10: 0.0585 ndcg@20: 0.0745 ] 
2025-09-26 15:03:15,302 - Epoch 114 Validation set [recall@5: 0.0415 recall@10: 0.0717 recall@20: 0.1170 ] [ndcg@5: 0.0496 ndcg@10: 0.0591 ndcg@20: 0.0745 ] 
2025-09-26 15:03:27,446 - Epoch 117 Validation set [recall@5: 0.0416 recall@10: 0.0716 recall@20: 0.1176 ] [ndcg@5: 0.0492 ndcg@10: 0.0587 ndcg@20: 0.0743 ] 
2025-09-26 15:03:38,726 - Epoch 120 Validation set [recall@5: 0.0425 recall@10: 0.0721 recall@20: 0.1171 ] [ndcg@5: 0.0499 ndcg@10: 0.0594 ndcg@20: 0.0747 ] 
2025-09-26 15:03:52,950 - Epoch 123 Validation set [recall@5: 0.0420 recall@10: 0.0719 recall@20: 0.1174 ] [ndcg@5: 0.0498 ndcg@10: 0.0594 ndcg@20: 0.0748 ] 
2025-09-26 15:04:08,801 - Epoch 126 Validation set [recall@5: 0.0419 recall@10: 0.0717 recall@20: 0.1195 ] [ndcg@5: 0.0500 ndcg@10: 0.0595 ndcg@20: 0.0757 ] 
2025-09-26 15:04:19,298 - Epoch 129 Validation set [recall@5: 0.0427 recall@10: 0.0721 recall@20: 0.1183 ] [ndcg@5: 0.0502 ndcg@10: 0.0594 ndcg@20: 0.0751 ] 
2025-09-26 15:04:33,959 - Epoch 132 Validation set [recall@5: 0.0418 recall@10: 0.0725 recall@20: 0.1200 ] [ndcg@5: 0.0500 ndcg@10: 0.0598 ndcg@20: 0.0759 ] 
2025-09-26 15:04:44,068 - Epoch 135 Validation set [recall@5: 0.0425 recall@10: 0.0724 recall@20: 0.1202 ] [ndcg@5: 0.0506 ndcg@10: 0.0601 ndcg@20: 0.0762 ] 
2025-09-26 15:04:53,880 - Epoch 138 Validation set [recall@5: 0.0436 recall@10: 0.0725 recall@20: 0.1196 ] [ndcg@5: 0.0515 ndcg@10: 0.0606 ndcg@20: 0.0764 ] 
2025-09-26 15:05:05,575 - Epoch 141 Validation set [recall@5: 0.0438 recall@10: 0.0734 recall@20: 0.1196 ] [ndcg@5: 0.0514 ndcg@10: 0.0608 ndcg@20: 0.0764 ] 
2025-09-26 15:05:16,165 - Epoch 144 Validation set [recall@5: 0.0440 recall@10: 0.0741 recall@20: 0.1206 ] [ndcg@5: 0.0517 ndcg@10: 0.0610 ndcg@20: 0.0768 ] 
2025-09-26 15:05:28,262 - Epoch 147 Validation set [recall@5: 0.0432 recall@10: 0.0739 recall@20: 0.1202 ] [ndcg@5: 0.0510 ndcg@10: 0.0606 ndcg@20: 0.0762 ] 
2025-09-26 15:05:38,266 - Epoch 150 Validation set [recall@5: 0.0434 recall@10: 0.0730 recall@20: 0.1200 ] [ndcg@5: 0.0509 ndcg@10: 0.0601 ndcg@20: 0.0762 ] 
2025-09-26 15:05:50,986 - Epoch 153 Validation set [recall@5: 0.0435 recall@10: 0.0732 recall@20: 0.1209 ] [ndcg@5: 0.0516 ndcg@10: 0.0608 ndcg@20: 0.0770 ] 
2025-09-26 15:06:04,229 - Epoch 156 Validation set [recall@5: 0.0430 recall@10: 0.0739 recall@20: 0.1206 ] [ndcg@5: 0.0512 ndcg@10: 0.0608 ndcg@20: 0.0769 ] 
2025-09-26 15:06:16,619 - Epoch 159 Validation set [recall@5: 0.0433 recall@10: 0.0738 recall@20: 0.1207 ] [ndcg@5: 0.0511 ndcg@10: 0.0607 ndcg@20: 0.0769 ] 
2025-09-26 15:06:31,187 - Epoch 162 Validation set [recall@5: 0.0423 recall@10: 0.0739 recall@20: 0.1202 ] [ndcg@5: 0.0505 ndcg@10: 0.0606 ndcg@20: 0.0764 ] 
2025-09-26 15:06:43,091 - Epoch 165 Validation set [recall@5: 0.0426 recall@10: 0.0740 recall@20: 0.1214 ] [ndcg@5: 0.0508 ndcg@10: 0.0608 ndcg@20: 0.0770 ] 
2025-09-26 15:06:54,800 - Epoch 168 Validation set [recall@5: 0.0426 recall@10: 0.0747 recall@20: 0.1200 ] [ndcg@5: 0.0508 ndcg@10: 0.0611 ndcg@20: 0.0765 ] 
2025-09-26 15:07:06,629 - Epoch 171 Validation set [recall@5: 0.0436 recall@10: 0.0747 recall@20: 0.1217 ] [ndcg@5: 0.0515 ndcg@10: 0.0612 ndcg@20: 0.0773 ] 
2025-09-26 15:07:17,076 - Epoch 174 Validation set [recall@5: 0.0430 recall@10: 0.0745 recall@20: 0.1216 ] [ndcg@5: 0.0512 ndcg@10: 0.0611 ndcg@20: 0.0772 ] 
2025-09-26 15:07:32,178 - Epoch 177 Validation set [recall@5: 0.0439 recall@10: 0.0744 recall@20: 0.1222 ] [ndcg@5: 0.0514 ndcg@10: 0.0610 ndcg@20: 0.0775 ] 
2025-09-26 15:07:42,975 - Epoch 180 Validation set [recall@5: 0.0435 recall@10: 0.0739 recall@20: 0.1220 ] [ndcg@5: 0.0512 ndcg@10: 0.0608 ndcg@20: 0.0772 ] 
2025-09-26 15:07:53,384 - Epoch 183 Validation set [recall@5: 0.0435 recall@10: 0.0746 recall@20: 0.1215 ] [ndcg@5: 0.0518 ndcg@10: 0.0613 ndcg@20: 0.0774 ] 
2025-09-26 15:08:02,791 - Epoch 186 Validation set [recall@5: 0.0433 recall@10: 0.0750 recall@20: 0.1225 ] [ndcg@5: 0.0517 ndcg@10: 0.0617 ndcg@20: 0.0779 ] 
2025-09-26 15:08:13,877 - Epoch 189 Validation set [recall@5: 0.0436 recall@10: 0.0744 recall@20: 0.1230 ] [ndcg@5: 0.0517 ndcg@10: 0.0614 ndcg@20: 0.0779 ] 
2025-09-26 15:08:23,677 - Epoch 192 Validation set [recall@5: 0.0439 recall@10: 0.0741 recall@20: 0.1233 ] [ndcg@5: 0.0517 ndcg@10: 0.0611 ndcg@20: 0.0778 ] 
2025-09-26 15:08:33,411 - Epoch 195 Validation set [recall@5: 0.0437 recall@10: 0.0733 recall@20: 0.1236 ] [ndcg@5: 0.0514 ndcg@10: 0.0606 ndcg@20: 0.0778 ] 
2025-09-26 15:08:47,635 - Epoch 198 Validation set [recall@5: 0.0448 recall@10: 0.0746 recall@20: 0.1233 ] [ndcg@5: 0.0522 ndcg@10: 0.0614 ndcg@20: 0.0780 ] 
2025-09-26 15:09:04,427 - Epoch 201 Validation set [recall@5: 0.0439 recall@10: 0.0737 recall@20: 0.1233 ] [ndcg@5: 0.0519 ndcg@10: 0.0612 ndcg@20: 0.0780 ] 
2025-09-26 15:09:20,115 - Epoch 204 Validation set [recall@5: 0.0451 recall@10: 0.0747 recall@20: 0.1242 ] [ndcg@5: 0.0528 ndcg@10: 0.0619 ndcg@20: 0.0786 ] 
2025-09-26 15:09:28,303 - Epoch 207 Validation set [recall@5: 0.0448 recall@10: 0.0747 recall@20: 0.1236 ] [ndcg@5: 0.0524 ndcg@10: 0.0616 ndcg@20: 0.0782 ] 
2025-09-26 15:09:39,819 - Epoch 210 Validation set [recall@5: 0.0448 recall@10: 0.0754 recall@20: 0.1232 ] [ndcg@5: 0.0527 ndcg@10: 0.0621 ndcg@20: 0.0783 ] 
2025-09-26 15:09:52,388 - Epoch 213 Validation set [recall@5: 0.0450 recall@10: 0.0751 recall@20: 0.1232 ] [ndcg@5: 0.0533 ndcg@10: 0.0626 ndcg@20: 0.0788 ] 
2025-09-26 15:10:06,008 - Epoch 216 Validation set [recall@5: 0.0449 recall@10: 0.0755 recall@20: 0.1229 ] [ndcg@5: 0.0531 ndcg@10: 0.0626 ndcg@20: 0.0786 ] 
2025-09-26 15:10:18,964 - Epoch 219 Validation set [recall@5: 0.0442 recall@10: 0.0751 recall@20: 0.1240 ] [ndcg@5: 0.0526 ndcg@10: 0.0622 ndcg@20: 0.0788 ] 
2025-09-26 15:10:20,541 - [recall@5: 0.0451 recall@10: 0.0747 recall@20: 0.1242 ] [ndcg@5: 0.0528 ndcg@10: 0.0619 ndcg@20: 0.0786 ] 
2025-09-26 15:10:22,134 - [recall@5: 0.0436 recall@10: 0.0736 recall@20: 0.1200 ] [ndcg@5: 0.0507 ndcg@10: 0.0601 ndcg@20: 0.0760 ] 
2025-09-26 15:10:22,135 - Best Epoch 204. Final test result: {'recall': array([0.04362998, 0.07363418, 0.12002655]), 'ndcg': array([0.05074512, 0.06010186, 0.07600442])}.
