2025-10-01 18:35:12,041 - {'optimizer': {'name': 'adam', 'lr': 0.001, 'weight_decay': 0}, 'train': {'epoch': 3000, 'batch_size': 4096, 'save_model': True, 'loss': 'pairwise', 'test_step': 3, 'reproducible': True, 'seed': 2023, 'patience': 5}, 'test': {'metrics': ['recall', 'ndcg'], 'k': [5, 10, 20], 'batch_size': 1024}, 'data': {'type': 'general_agcf', 'name': 'amazon', 'mat_type': 'uai', 'pre_norm': True, 'user_num': 11000, 'item_num': 9332, 'user_item_num': 20332, 'attr_num': 1978}, 'model': {'name': 'lightgcn_rgcn', 'label': 'ori', 'keep_rate': 0.9, 'embedding_size': 64, 'use_unify_layer_num': True, 'layer_num': 8, 'reg_weight': 1e-07, 'amazon': {'keep_rate': 0.9, 'layer_num': 8, 'reg_weight': 1e-07, 'eps': 0.1}, 'yelp': {'keep_rate': 0.9, 'layer_num': 3, 'reg_weight': 1e-06, 'eps': 0.1}, 'steam': {'keep_rate': 0.8, 'layer_num': 3, 'reg_weight': 1e-07, 'eps': 0.2}, 'Office': {'keep_rate': 0.9, 'layer_num': 3, 'reg_weight': 1e-06, 'eps': 0.1}}}
2025-10-01 18:35:17,675 - Epoch   0 Validation set [recall@5: 0.0082 recall@10: 0.0139 recall@20: 0.0227 ] [ndcg@5: 0.0083 ndcg@10: 0.0103 ndcg@20: 0.0131 ] 
2025-10-01 18:35:27,535 - Epoch   3 Validation set [recall@5: 0.0170 recall@10: 0.0317 recall@20: 0.0507 ] [ndcg@5: 0.0178 ndcg@10: 0.0231 ndcg@20: 0.0291 ] 
2025-10-01 18:35:36,844 - Epoch   6 Validation set [recall@5: 0.0241 recall@10: 0.0419 recall@20: 0.0698 ] [ndcg@5: 0.0237 ndcg@10: 0.0300 ndcg@20: 0.0390 ] 
2025-10-01 18:35:46,459 - Epoch   9 Validation set [recall@5: 0.0284 recall@10: 0.0485 recall@20: 0.0776 ] [ndcg@5: 0.0282 ndcg@10: 0.0351 ndcg@20: 0.0446 ] 
2025-10-01 18:35:57,321 - Epoch  12 Validation set [recall@5: 0.0309 recall@10: 0.0522 recall@20: 0.0843 ] [ndcg@5: 0.0308 ndcg@10: 0.0380 ndcg@20: 0.0485 ] 
2025-10-01 18:36:08,363 - Epoch  15 Validation set [recall@5: 0.0337 recall@10: 0.0558 recall@20: 0.0890 ] [ndcg@5: 0.0333 ndcg@10: 0.0407 ndcg@20: 0.0517 ] 
2025-10-01 18:36:18,230 - Epoch  18 Validation set [recall@5: 0.0347 recall@10: 0.0583 recall@20: 0.0935 ] [ndcg@5: 0.0342 ndcg@10: 0.0422 ndcg@20: 0.0537 ] 
2025-10-01 18:36:28,315 - Epoch  21 Validation set [recall@5: 0.0370 recall@10: 0.0602 recall@20: 0.0982 ] [ndcg@5: 0.0365 ndcg@10: 0.0445 ndcg@20: 0.0568 ] 
2025-10-01 18:36:37,633 - Epoch  24 Validation set [recall@5: 0.0375 recall@10: 0.0622 recall@20: 0.1009 ] [ndcg@5: 0.0379 ndcg@10: 0.0462 ndcg@20: 0.0585 ] 
2025-10-01 18:36:47,313 - Epoch  27 Validation set [recall@5: 0.0393 recall@10: 0.0643 recall@20: 0.1015 ] [ndcg@5: 0.0393 ndcg@10: 0.0477 ndcg@20: 0.0597 ] 
2025-10-01 18:36:57,792 - Epoch  30 Validation set [recall@5: 0.0417 recall@10: 0.0685 recall@20: 0.1056 ] [ndcg@5: 0.0414 ndcg@10: 0.0504 ndcg@20: 0.0624 ] 
2025-10-01 18:37:07,805 - Epoch  33 Validation set [recall@5: 0.0424 recall@10: 0.0679 recall@20: 0.1081 ] [ndcg@5: 0.0421 ndcg@10: 0.0505 ndcg@20: 0.0634 ] 
2025-10-01 18:37:17,642 - Epoch  36 Validation set [recall@5: 0.0432 recall@10: 0.0696 recall@20: 0.1097 ] [ndcg@5: 0.0432 ndcg@10: 0.0520 ndcg@20: 0.0649 ] 
2025-10-01 18:37:27,210 - Epoch  39 Validation set [recall@5: 0.0439 recall@10: 0.0717 recall@20: 0.1122 ] [ndcg@5: 0.0438 ndcg@10: 0.0529 ndcg@20: 0.0660 ] 
2025-10-01 18:37:36,959 - Epoch  42 Validation set [recall@5: 0.0458 recall@10: 0.0745 recall@20: 0.1161 ] [ndcg@5: 0.0455 ndcg@10: 0.0550 ndcg@20: 0.0685 ] 
2025-10-01 18:37:46,242 - Epoch  45 Validation set [recall@5: 0.0465 recall@10: 0.0749 recall@20: 0.1171 ] [ndcg@5: 0.0464 ndcg@10: 0.0557 ndcg@20: 0.0694 ] 
2025-10-01 18:37:56,866 - Epoch  48 Validation set [recall@5: 0.0476 recall@10: 0.0766 recall@20: 0.1194 ] [ndcg@5: 0.0474 ndcg@10: 0.0570 ndcg@20: 0.0709 ] 
2025-10-01 18:38:06,369 - Epoch  51 Validation set [recall@5: 0.0480 recall@10: 0.0770 recall@20: 0.1191 ] [ndcg@5: 0.0478 ndcg@10: 0.0574 ndcg@20: 0.0710 ] 
2025-10-01 18:38:15,725 - Epoch  54 Validation set [recall@5: 0.0482 recall@10: 0.0779 recall@20: 0.1213 ] [ndcg@5: 0.0477 ndcg@10: 0.0577 ndcg@20: 0.0718 ] 
2025-10-01 18:38:25,505 - Epoch  57 Validation set [recall@5: 0.0490 recall@10: 0.0800 recall@20: 0.1241 ] [ndcg@5: 0.0485 ndcg@10: 0.0590 ndcg@20: 0.0733 ] 
2025-10-01 18:38:36,066 - Epoch  60 Validation set [recall@5: 0.0505 recall@10: 0.0822 recall@20: 0.1256 ] [ndcg@5: 0.0497 ndcg@10: 0.0607 ndcg@20: 0.0748 ] 
2025-10-01 18:38:46,232 - Epoch  63 Validation set [recall@5: 0.0511 recall@10: 0.0817 recall@20: 0.1267 ] [ndcg@5: 0.0502 ndcg@10: 0.0606 ndcg@20: 0.0752 ] 
2025-10-01 18:38:56,911 - Epoch  66 Validation set [recall@5: 0.0505 recall@10: 0.0826 recall@20: 0.1284 ] [ndcg@5: 0.0503 ndcg@10: 0.0613 ndcg@20: 0.0762 ] 
2025-10-01 18:39:07,418 - Epoch  69 Validation set [recall@5: 0.0522 recall@10: 0.0836 recall@20: 0.1302 ] [ndcg@5: 0.0517 ndcg@10: 0.0624 ndcg@20: 0.0774 ] 
2025-10-01 18:39:17,734 - Epoch  72 Validation set [recall@5: 0.0522 recall@10: 0.0853 recall@20: 0.1318 ] [ndcg@5: 0.0526 ndcg@10: 0.0640 ndcg@20: 0.0791 ] 
2025-10-01 18:39:27,472 - Epoch  75 Validation set [recall@5: 0.0533 recall@10: 0.0861 recall@20: 0.1332 ] [ndcg@5: 0.0532 ndcg@10: 0.0643 ndcg@20: 0.0796 ] 
2025-10-01 18:39:37,825 - Epoch  78 Validation set [recall@5: 0.0523 recall@10: 0.0852 recall@20: 0.1338 ] [ndcg@5: 0.0524 ndcg@10: 0.0638 ndcg@20: 0.0795 ] 
2025-10-01 18:39:47,386 - Epoch  81 Validation set [recall@5: 0.0547 recall@10: 0.0870 recall@20: 0.1363 ] [ndcg@5: 0.0545 ndcg@10: 0.0656 ndcg@20: 0.0816 ] 
2025-10-01 18:39:57,271 - Epoch  84 Validation set [recall@5: 0.0550 recall@10: 0.0878 recall@20: 0.1376 ] [ndcg@5: 0.0549 ndcg@10: 0.0662 ndcg@20: 0.0821 ] 
2025-10-01 18:40:07,325 - Epoch  87 Validation set [recall@5: 0.0563 recall@10: 0.0899 recall@20: 0.1396 ] [ndcg@5: 0.0561 ndcg@10: 0.0676 ndcg@20: 0.0837 ] 
2025-10-01 18:40:17,055 - Epoch  90 Validation set [recall@5: 0.0565 recall@10: 0.0894 recall@20: 0.1402 ] [ndcg@5: 0.0562 ndcg@10: 0.0675 ndcg@20: 0.0839 ] 
2025-10-01 18:40:27,302 - Epoch  93 Validation set [recall@5: 0.0569 recall@10: 0.0904 recall@20: 0.1409 ] [ndcg@5: 0.0568 ndcg@10: 0.0684 ndcg@20: 0.0844 ] 
2025-10-01 18:40:37,715 - Epoch  96 Validation set [recall@5: 0.0578 recall@10: 0.0922 recall@20: 0.1423 ] [ndcg@5: 0.0570 ndcg@10: 0.0691 ndcg@20: 0.0853 ] 
2025-10-01 18:40:47,268 - Epoch  99 Validation set [recall@5: 0.0582 recall@10: 0.0923 recall@20: 0.1426 ] [ndcg@5: 0.0578 ndcg@10: 0.0696 ndcg@20: 0.0858 ] 
2025-10-01 18:40:57,066 - Epoch 102 Validation set [recall@5: 0.0581 recall@10: 0.0923 recall@20: 0.1437 ] [ndcg@5: 0.0579 ndcg@10: 0.0697 ndcg@20: 0.0861 ] 
2025-10-01 18:41:06,782 - Epoch 105 Validation set [recall@5: 0.0593 recall@10: 0.0935 recall@20: 0.1462 ] [ndcg@5: 0.0583 ndcg@10: 0.0704 ndcg@20: 0.0872 ] 
2025-10-01 18:41:16,698 - Epoch 108 Validation set [recall@5: 0.0582 recall@10: 0.0920 recall@20: 0.1465 ] [ndcg@5: 0.0580 ndcg@10: 0.0698 ndcg@20: 0.0873 ] 
2025-10-01 18:41:26,256 - Epoch 111 Validation set [recall@5: 0.0621 recall@10: 0.0972 recall@20: 0.1493 ] [ndcg@5: 0.0609 ndcg@10: 0.0733 ndcg@20: 0.0901 ] 
2025-10-01 18:41:35,863 - Epoch 114 Validation set [recall@5: 0.0612 recall@10: 0.0960 recall@20: 0.1486 ] [ndcg@5: 0.0605 ndcg@10: 0.0727 ndcg@20: 0.0897 ] 
2025-10-01 18:41:46,774 - Epoch 117 Validation set [recall@5: 0.0618 recall@10: 0.0968 recall@20: 0.1510 ] [ndcg@5: 0.0610 ndcg@10: 0.0733 ndcg@20: 0.0909 ] 
2025-10-01 18:41:57,106 - Epoch 120 Validation set [recall@5: 0.0607 recall@10: 0.0979 recall@20: 0.1509 ] [ndcg@5: 0.0601 ndcg@10: 0.0730 ndcg@20: 0.0902 ] 
2025-10-01 18:42:07,718 - Epoch 123 Validation set [recall@5: 0.0628 recall@10: 0.0981 recall@20: 0.1514 ] [ndcg@5: 0.0621 ndcg@10: 0.0743 ndcg@20: 0.0914 ] 
2025-10-01 18:42:18,443 - Epoch 126 Validation set [recall@5: 0.0614 recall@10: 0.0982 recall@20: 0.1513 ] [ndcg@5: 0.0605 ndcg@10: 0.0733 ndcg@20: 0.0904 ] 
2025-10-01 18:42:27,768 - Epoch 129 Validation set [recall@5: 0.0643 recall@10: 0.1019 recall@20: 0.1538 ] [ndcg@5: 0.0629 ndcg@10: 0.0759 ndcg@20: 0.0928 ] 
2025-10-01 18:42:37,550 - Epoch 132 Validation set [recall@5: 0.0636 recall@10: 0.1002 recall@20: 0.1524 ] [ndcg@5: 0.0620 ndcg@10: 0.0748 ndcg@20: 0.0915 ] 
2025-10-01 18:42:47,630 - Epoch 135 Validation set [recall@5: 0.0626 recall@10: 0.1018 recall@20: 0.1539 ] [ndcg@5: 0.0620 ndcg@10: 0.0755 ndcg@20: 0.0923 ] 
2025-10-01 18:42:57,785 - Epoch 138 Validation set [recall@5: 0.0640 recall@10: 0.1039 recall@20: 0.1569 ] [ndcg@5: 0.0637 ndcg@10: 0.0777 ndcg@20: 0.0946 ] 
2025-10-01 18:43:08,152 - Epoch 141 Validation set [recall@5: 0.0640 recall@10: 0.1017 recall@20: 0.1556 ] [ndcg@5: 0.0632 ndcg@10: 0.0763 ndcg@20: 0.0935 ] 
2025-10-01 18:43:17,930 - Epoch 144 Validation set [recall@5: 0.0646 recall@10: 0.1034 recall@20: 0.1564 ] [ndcg@5: 0.0635 ndcg@10: 0.0770 ndcg@20: 0.0940 ] 
2025-10-01 18:43:28,032 - Epoch 147 Validation set [recall@5: 0.0636 recall@10: 0.1031 recall@20: 0.1563 ] [ndcg@5: 0.0623 ndcg@10: 0.0763 ndcg@20: 0.0934 ] 
2025-10-01 18:43:38,547 - Epoch 150 Validation set [recall@5: 0.0656 recall@10: 0.1048 recall@20: 0.1577 ] [ndcg@5: 0.0643 ndcg@10: 0.0781 ndcg@20: 0.0950 ] 
2025-10-01 18:43:48,086 - Epoch 153 Validation set [recall@5: 0.0662 recall@10: 0.1055 recall@20: 0.1590 ] [ndcg@5: 0.0651 ndcg@10: 0.0788 ndcg@20: 0.0960 ] 
2025-10-01 18:43:57,953 - Epoch 156 Validation set [recall@5: 0.0670 recall@10: 0.1075 recall@20: 0.1596 ] [ndcg@5: 0.0652 ndcg@10: 0.0796 ndcg@20: 0.0965 ] 
2025-10-01 18:44:07,798 - Epoch 159 Validation set [recall@5: 0.0660 recall@10: 0.1046 recall@20: 0.1589 ] [ndcg@5: 0.0649 ndcg@10: 0.0785 ndcg@20: 0.0961 ] 
2025-10-01 18:44:17,279 - Epoch 162 Validation set [recall@5: 0.0662 recall@10: 0.1062 recall@20: 0.1592 ] [ndcg@5: 0.0651 ndcg@10: 0.0791 ndcg@20: 0.0964 ] 
2025-10-01 18:44:27,438 - Epoch 165 Validation set [recall@5: 0.0669 recall@10: 0.1062 recall@20: 0.1604 ] [ndcg@5: 0.0651 ndcg@10: 0.0790 ndcg@20: 0.0967 ] 
2025-10-01 18:44:36,952 - Epoch 168 Validation set [recall@5: 0.0664 recall@10: 0.1059 recall@20: 0.1595 ] [ndcg@5: 0.0651 ndcg@10: 0.0792 ndcg@20: 0.0967 ] 
2025-10-01 18:44:47,082 - Epoch 171 Validation set [recall@5: 0.0673 recall@10: 0.1080 recall@20: 0.1619 ] [ndcg@5: 0.0655 ndcg@10: 0.0799 ndcg@20: 0.0974 ] 
2025-10-01 18:44:56,734 - Epoch 174 Validation set [recall@5: 0.0673 recall@10: 0.1085 recall@20: 0.1620 ] [ndcg@5: 0.0663 ndcg@10: 0.0808 ndcg@20: 0.0982 ] 
2025-10-01 18:45:06,512 - Epoch 177 Validation set [recall@5: 0.0689 recall@10: 0.1107 recall@20: 0.1643 ] [ndcg@5: 0.0668 ndcg@10: 0.0816 ndcg@20: 0.0991 ] 
2025-10-01 18:45:17,224 - Epoch 180 Validation set [recall@5: 0.0685 recall@10: 0.1097 recall@20: 0.1629 ] [ndcg@5: 0.0673 ndcg@10: 0.0819 ndcg@20: 0.0991 ] 
2025-10-01 18:45:27,596 - Epoch 183 Validation set [recall@5: 0.0680 recall@10: 0.1103 recall@20: 0.1619 ] [ndcg@5: 0.0667 ndcg@10: 0.0816 ndcg@20: 0.0983 ] 
2025-10-01 18:45:37,571 - Epoch 186 Validation set [recall@5: 0.0688 recall@10: 0.1100 recall@20: 0.1628 ] [ndcg@5: 0.0671 ndcg@10: 0.0817 ndcg@20: 0.0989 ] 
2025-10-01 18:45:48,481 - Epoch 189 Validation set [recall@5: 0.0683 recall@10: 0.1107 recall@20: 0.1641 ] [ndcg@5: 0.0670 ndcg@10: 0.0821 ndcg@20: 0.0996 ] 
2025-10-01 18:45:58,488 - Epoch 192 Validation set [recall@5: 0.0682 recall@10: 0.1108 recall@20: 0.1624 ] [ndcg@5: 0.0672 ndcg@10: 0.0822 ndcg@20: 0.0990 ] 
2025-10-01 18:46:00,092 - [recall@5: 0.0689 recall@10: 0.1107 recall@20: 0.1643 ] [ndcg@5: 0.0668 ndcg@10: 0.0816 ndcg@20: 0.0991 ] 
2025-10-01 18:46:01,633 - [recall@5: 0.0698 recall@10: 0.1049 recall@20: 0.1544 ] [ndcg@5: 0.0695 ndcg@10: 0.0813 ndcg@20: 0.0974 ] 
2025-10-01 18:46:01,640 - Save model parameters to ./encoder/checkpoint/lightgcn_rgcn/lightgcn_rgcn-amazon-2023.pth
2025-10-01 18:46:01,641 - Best Epoch 177. Final test result: {'recall': array([0.06980399, 0.10493813, 0.15438425]), 'ndcg': array([0.06953123, 0.08130564, 0.0974007 ])}.
