2025-10-01 18:02:31,647 - {'optimizer': {'name': 'adam', 'lr': 0.001, 'weight_decay': 0}, 'train': {'epoch': 3000, 'batch_size': 4096, 'save_model': True, 'loss': 'pairwise', 'test_step': 3, 'reproducible': True, 'seed': 2023, 'patience': 5}, 'test': {'metrics': ['recall', 'ndcg'], 'k': [5, 10, 20], 'batch_size': 1024}, 'data': {'type': 'general_agcf', 'name': 'amazon', 'mat_type': 'uai', 'pre_norm': True, 'user_num': 11000, 'item_num': 9332, 'user_item_num': 20332, 'attr_num': 1978}, 'model': {'name': 'lightgcn_rgcn', 'label': 'ori', 'keep_rate': 0.9, 'embedding_size': 64, 'use_unify_layer_num': True, 'layer_num': 5, 'reg_weight': 1e-07, 'amazon': {'keep_rate': 0.9, 'layer_num': 5, 'reg_weight': 1e-07, 'eps': 0.1}, 'yelp': {'keep_rate': 0.9, 'layer_num': 3, 'reg_weight': 1e-06, 'eps': 0.1}, 'steam': {'keep_rate': 0.8, 'layer_num': 3, 'reg_weight': 1e-07, 'eps': 0.2}, 'Office': {'keep_rate': 0.9, 'layer_num': 3, 'reg_weight': 1e-06, 'eps': 0.1}}}
2025-10-01 18:02:36,886 - Epoch   0 Validation set [recall@5: 0.0087 recall@10: 0.0140 recall@20: 0.0229 ] [ndcg@5: 0.0089 ndcg@10: 0.0104 ndcg@20: 0.0133 ] 
2025-10-01 18:02:47,123 - Epoch   3 Validation set [recall@5: 0.0213 recall@10: 0.0354 recall@20: 0.0571 ] [ndcg@5: 0.0210 ndcg@10: 0.0259 ndcg@20: 0.0329 ] 
2025-10-01 18:02:56,719 - Epoch   6 Validation set [recall@5: 0.0272 recall@10: 0.0462 recall@20: 0.0749 ] [ndcg@5: 0.0269 ndcg@10: 0.0336 ndcg@20: 0.0429 ] 
2025-10-01 18:03:06,974 - Epoch   9 Validation set [recall@5: 0.0307 recall@10: 0.0520 recall@20: 0.0850 ] [ndcg@5: 0.0309 ndcg@10: 0.0381 ndcg@20: 0.0488 ] 
2025-10-01 18:03:16,442 - Epoch  12 Validation set [recall@5: 0.0342 recall@10: 0.0567 recall@20: 0.0924 ] [ndcg@5: 0.0342 ndcg@10: 0.0417 ndcg@20: 0.0535 ] 
2025-10-01 18:03:25,521 - Epoch  15 Validation set [recall@5: 0.0371 recall@10: 0.0611 recall@20: 0.0972 ] [ndcg@5: 0.0371 ndcg@10: 0.0451 ndcg@20: 0.0569 ] 
2025-10-01 18:03:34,503 - Epoch  18 Validation set [recall@5: 0.0387 recall@10: 0.0638 recall@20: 0.1008 ] [ndcg@5: 0.0390 ndcg@10: 0.0473 ndcg@20: 0.0593 ] 
2025-10-01 18:03:44,070 - Epoch  21 Validation set [recall@5: 0.0413 recall@10: 0.0667 recall@20: 0.1050 ] [ndcg@5: 0.0411 ndcg@10: 0.0497 ndcg@20: 0.0621 ] 
2025-10-01 18:03:53,314 - Epoch  24 Validation set [recall@5: 0.0434 recall@10: 0.0693 recall@20: 0.1097 ] [ndcg@5: 0.0437 ndcg@10: 0.0522 ndcg@20: 0.0653 ] 
2025-10-01 18:04:03,124 - Epoch  27 Validation set [recall@5: 0.0441 recall@10: 0.0714 recall@20: 0.1116 ] [ndcg@5: 0.0443 ndcg@10: 0.0534 ndcg@20: 0.0664 ] 
2025-10-01 18:04:12,172 - Epoch  30 Validation set [recall@5: 0.0452 recall@10: 0.0742 recall@20: 0.1161 ] [ndcg@5: 0.0461 ndcg@10: 0.0556 ndcg@20: 0.0690 ] 
2025-10-01 18:04:22,149 - Epoch  33 Validation set [recall@5: 0.0452 recall@10: 0.0759 recall@20: 0.1187 ] [ndcg@5: 0.0463 ndcg@10: 0.0566 ndcg@20: 0.0702 ] 
2025-10-01 18:04:31,448 - Epoch  36 Validation set [recall@5: 0.0466 recall@10: 0.0776 recall@20: 0.1205 ] [ndcg@5: 0.0470 ndcg@10: 0.0575 ndcg@20: 0.0713 ] 
2025-10-01 18:04:41,465 - Epoch  39 Validation set [recall@5: 0.0481 recall@10: 0.0801 recall@20: 0.1235 ] [ndcg@5: 0.0485 ndcg@10: 0.0594 ndcg@20: 0.0734 ] 
2025-10-01 18:04:50,051 - Epoch  42 Validation set [recall@5: 0.0495 recall@10: 0.0817 recall@20: 0.1262 ] [ndcg@5: 0.0498 ndcg@10: 0.0607 ndcg@20: 0.0751 ] 
2025-10-01 18:04:59,660 - Epoch  45 Validation set [recall@5: 0.0509 recall@10: 0.0829 recall@20: 0.1281 ] [ndcg@5: 0.0510 ndcg@10: 0.0618 ndcg@20: 0.0763 ] 
2025-10-01 18:05:09,717 - Epoch  48 Validation set [recall@5: 0.0516 recall@10: 0.0827 recall@20: 0.1287 ] [ndcg@5: 0.0518 ndcg@10: 0.0622 ndcg@20: 0.0771 ] 
2025-10-01 18:05:19,028 - Epoch  51 Validation set [recall@5: 0.0513 recall@10: 0.0850 recall@20: 0.1315 ] [ndcg@5: 0.0517 ndcg@10: 0.0633 ndcg@20: 0.0784 ] 
2025-10-01 18:05:28,436 - Epoch  54 Validation set [recall@5: 0.0524 recall@10: 0.0861 recall@20: 0.1331 ] [ndcg@5: 0.0526 ndcg@10: 0.0644 ndcg@20: 0.0795 ] 
2025-10-01 18:05:38,031 - Epoch  57 Validation set [recall@5: 0.0533 recall@10: 0.0868 recall@20: 0.1342 ] [ndcg@5: 0.0529 ndcg@10: 0.0648 ndcg@20: 0.0800 ] 
2025-10-01 18:05:48,371 - Epoch  60 Validation set [recall@5: 0.0546 recall@10: 0.0888 recall@20: 0.1370 ] [ndcg@5: 0.0542 ndcg@10: 0.0662 ndcg@20: 0.0818 ] 
2025-10-01 18:05:57,364 - Epoch  63 Validation set [recall@5: 0.0562 recall@10: 0.0904 recall@20: 0.1380 ] [ndcg@5: 0.0557 ndcg@10: 0.0676 ndcg@20: 0.0830 ] 
2025-10-01 18:06:06,643 - Epoch  66 Validation set [recall@5: 0.0564 recall@10: 0.0910 recall@20: 0.1398 ] [ndcg@5: 0.0561 ndcg@10: 0.0682 ndcg@20: 0.0840 ] 
2025-10-01 18:06:15,394 - Epoch  69 Validation set [recall@5: 0.0558 recall@10: 0.0926 recall@20: 0.1418 ] [ndcg@5: 0.0559 ndcg@10: 0.0689 ndcg@20: 0.0849 ] 
2025-10-01 18:06:24,953 - Epoch  72 Validation set [recall@5: 0.0570 recall@10: 0.0930 recall@20: 0.1430 ] [ndcg@5: 0.0571 ndcg@10: 0.0697 ndcg@20: 0.0860 ] 
2025-10-01 18:06:34,050 - Epoch  75 Validation set [recall@5: 0.0586 recall@10: 0.0947 recall@20: 0.1461 ] [ndcg@5: 0.0580 ndcg@10: 0.0705 ndcg@20: 0.0871 ] 
2025-10-01 18:06:43,391 - Epoch  78 Validation set [recall@5: 0.0586 recall@10: 0.0955 recall@20: 0.1478 ] [ndcg@5: 0.0582 ndcg@10: 0.0709 ndcg@20: 0.0878 ] 
2025-10-01 18:06:53,279 - Epoch  81 Validation set [recall@5: 0.0591 recall@10: 0.0960 recall@20: 0.1485 ] [ndcg@5: 0.0589 ndcg@10: 0.0717 ndcg@20: 0.0889 ] 
2025-10-01 18:07:02,831 - Epoch  84 Validation set [recall@5: 0.0597 recall@10: 0.0965 recall@20: 0.1488 ] [ndcg@5: 0.0599 ndcg@10: 0.0727 ndcg@20: 0.0896 ] 
2025-10-01 18:07:11,753 - Epoch  87 Validation set [recall@5: 0.0608 recall@10: 0.0978 recall@20: 0.1511 ] [ndcg@5: 0.0609 ndcg@10: 0.0737 ndcg@20: 0.0910 ] 
2025-10-01 18:07:21,517 - Epoch  90 Validation set [recall@5: 0.0616 recall@10: 0.0994 recall@20: 0.1523 ] [ndcg@5: 0.0618 ndcg@10: 0.0748 ndcg@20: 0.0918 ] 
2025-10-01 18:07:31,320 - Epoch  93 Validation set [recall@5: 0.0622 recall@10: 0.1007 recall@20: 0.1546 ] [ndcg@5: 0.0628 ndcg@10: 0.0759 ndcg@20: 0.0933 ] 
2025-10-01 18:07:40,896 - Epoch  96 Validation set [recall@5: 0.0630 recall@10: 0.1018 recall@20: 0.1552 ] [ndcg@5: 0.0628 ndcg@10: 0.0766 ndcg@20: 0.0937 ] 
2025-10-01 18:07:50,421 - Epoch  99 Validation set [recall@5: 0.0639 recall@10: 0.1040 recall@20: 0.1572 ] [ndcg@5: 0.0638 ndcg@10: 0.0778 ndcg@20: 0.0949 ] 
2025-10-01 18:07:59,848 - Epoch 102 Validation set [recall@5: 0.0648 recall@10: 0.1039 recall@20: 0.1570 ] [ndcg@5: 0.0642 ndcg@10: 0.0778 ndcg@20: 0.0950 ] 
2025-10-01 18:08:09,631 - Epoch 105 Validation set [recall@5: 0.0649 recall@10: 0.1038 recall@20: 0.1573 ] [ndcg@5: 0.0647 ndcg@10: 0.0777 ndcg@20: 0.0951 ] 
2025-10-01 18:08:20,033 - Epoch 108 Validation set [recall@5: 0.0655 recall@10: 0.1049 recall@20: 0.1589 ] [ndcg@5: 0.0653 ndcg@10: 0.0789 ndcg@20: 0.0964 ] 
2025-10-01 18:08:30,158 - Epoch 111 Validation set [recall@5: 0.0669 recall@10: 0.1069 recall@20: 0.1597 ] [ndcg@5: 0.0662 ndcg@10: 0.0799 ndcg@20: 0.0971 ] 
2025-10-01 18:08:40,249 - Epoch 114 Validation set [recall@5: 0.0683 recall@10: 0.1088 recall@20: 0.1605 ] [ndcg@5: 0.0672 ndcg@10: 0.0811 ndcg@20: 0.0980 ] 
2025-10-01 18:08:50,081 - Epoch 117 Validation set [recall@5: 0.0676 recall@10: 0.1100 recall@20: 0.1609 ] [ndcg@5: 0.0673 ndcg@10: 0.0819 ndcg@20: 0.0986 ] 
2025-10-01 18:08:59,949 - Epoch 120 Validation set [recall@5: 0.0683 recall@10: 0.1104 recall@20: 0.1626 ] [ndcg@5: 0.0677 ndcg@10: 0.0822 ndcg@20: 0.0994 ] 
2025-10-01 18:09:09,226 - Epoch 123 Validation set [recall@5: 0.0683 recall@10: 0.1122 recall@20: 0.1628 ] [ndcg@5: 0.0677 ndcg@10: 0.0828 ndcg@20: 0.0993 ] 
2025-10-01 18:09:18,057 - Epoch 126 Validation set [recall@5: 0.0697 recall@10: 0.1131 recall@20: 0.1635 ] [ndcg@5: 0.0686 ndcg@10: 0.0834 ndcg@20: 0.0999 ] 
2025-10-01 18:09:27,428 - Epoch 129 Validation set [recall@5: 0.0700 recall@10: 0.1133 recall@20: 0.1642 ] [ndcg@5: 0.0689 ndcg@10: 0.0838 ndcg@20: 0.1004 ] 
2025-10-01 18:09:36,257 - Epoch 132 Validation set [recall@5: 0.0706 recall@10: 0.1125 recall@20: 0.1653 ] [ndcg@5: 0.0692 ndcg@10: 0.0836 ndcg@20: 0.1008 ] 
2025-10-01 18:09:45,196 - Epoch 135 Validation set [recall@5: 0.0708 recall@10: 0.1126 recall@20: 0.1651 ] [ndcg@5: 0.0692 ndcg@10: 0.0838 ndcg@20: 0.1009 ] 
2025-10-01 18:09:54,415 - Epoch 138 Validation set [recall@5: 0.0710 recall@10: 0.1127 recall@20: 0.1659 ] [ndcg@5: 0.0700 ndcg@10: 0.0842 ndcg@20: 0.1016 ] 
2025-10-01 18:10:04,492 - Epoch 141 Validation set [recall@5: 0.0714 recall@10: 0.1139 recall@20: 0.1666 ] [ndcg@5: 0.0705 ndcg@10: 0.0851 ndcg@20: 0.1022 ] 
2025-10-01 18:10:13,700 - Epoch 144 Validation set [recall@5: 0.0718 recall@10: 0.1139 recall@20: 0.1675 ] [ndcg@5: 0.0709 ndcg@10: 0.0853 ndcg@20: 0.1028 ] 
2025-10-01 18:10:23,388 - Epoch 147 Validation set [recall@5: 0.0728 recall@10: 0.1136 recall@20: 0.1682 ] [ndcg@5: 0.0714 ndcg@10: 0.0854 ndcg@20: 0.1032 ] 
2025-10-01 18:10:32,281 - Epoch 150 Validation set [recall@5: 0.0725 recall@10: 0.1151 recall@20: 0.1693 ] [ndcg@5: 0.0713 ndcg@10: 0.0861 ndcg@20: 0.1037 ] 
2025-10-01 18:10:41,652 - Epoch 153 Validation set [recall@5: 0.0725 recall@10: 0.1162 recall@20: 0.1688 ] [ndcg@5: 0.0713 ndcg@10: 0.0865 ndcg@20: 0.1036 ] 
2025-10-01 18:10:50,951 - Epoch 156 Validation set [recall@5: 0.0724 recall@10: 0.1152 recall@20: 0.1681 ] [ndcg@5: 0.0711 ndcg@10: 0.0861 ndcg@20: 0.1034 ] 
2025-10-01 18:11:00,471 - Epoch 159 Validation set [recall@5: 0.0726 recall@10: 0.1156 recall@20: 0.1695 ] [ndcg@5: 0.0709 ndcg@10: 0.0860 ndcg@20: 0.1037 ] 
2025-10-01 18:11:09,829 - Epoch 162 Validation set [recall@5: 0.0732 recall@10: 0.1158 recall@20: 0.1697 ] [ndcg@5: 0.0715 ndcg@10: 0.0862 ndcg@20: 0.1041 ] 
2025-10-01 18:11:18,692 - Epoch 165 Validation set [recall@5: 0.0744 recall@10: 0.1170 recall@20: 0.1710 ] [ndcg@5: 0.0724 ndcg@10: 0.0872 ndcg@20: 0.1051 ] 
2025-10-01 18:11:27,943 - Epoch 168 Validation set [recall@5: 0.0756 recall@10: 0.1175 recall@20: 0.1709 ] [ndcg@5: 0.0727 ndcg@10: 0.0872 ndcg@20: 0.1048 ] 
2025-10-01 18:11:36,701 - Epoch 171 Validation set [recall@5: 0.0749 recall@10: 0.1179 recall@20: 0.1706 ] [ndcg@5: 0.0730 ndcg@10: 0.0877 ndcg@20: 0.1051 ] 
2025-10-01 18:11:45,981 - Epoch 174 Validation set [recall@5: 0.0747 recall@10: 0.1177 recall@20: 0.1714 ] [ndcg@5: 0.0733 ndcg@10: 0.0882 ndcg@20: 0.1059 ] 
2025-10-01 18:11:54,772 - Epoch 177 Validation set [recall@5: 0.0756 recall@10: 0.1180 recall@20: 0.1727 ] [ndcg@5: 0.0739 ndcg@10: 0.0885 ndcg@20: 0.1065 ] 
2025-10-01 18:12:04,170 - Epoch 180 Validation set [recall@5: 0.0758 recall@10: 0.1178 recall@20: 0.1721 ] [ndcg@5: 0.0740 ndcg@10: 0.0886 ndcg@20: 0.1064 ] 
2025-10-01 18:12:13,105 - Epoch 183 Validation set [recall@5: 0.0757 recall@10: 0.1182 recall@20: 0.1722 ] [ndcg@5: 0.0739 ndcg@10: 0.0886 ndcg@20: 0.1063 ] 
2025-10-01 18:12:22,493 - Epoch 186 Validation set [recall@5: 0.0758 recall@10: 0.1184 recall@20: 0.1720 ] [ndcg@5: 0.0738 ndcg@10: 0.0885 ndcg@20: 0.1062 ] 
2025-10-01 18:12:31,797 - Epoch 189 Validation set [recall@5: 0.0755 recall@10: 0.1195 recall@20: 0.1725 ] [ndcg@5: 0.0738 ndcg@10: 0.0892 ndcg@20: 0.1066 ] 
2025-10-01 18:12:41,277 - Epoch 192 Validation set [recall@5: 0.0751 recall@10: 0.1187 recall@20: 0.1722 ] [ndcg@5: 0.0738 ndcg@10: 0.0890 ndcg@20: 0.1066 ] 
2025-10-01 18:12:42,755 - [recall@5: 0.0756 recall@10: 0.1180 recall@20: 0.1727 ] [ndcg@5: 0.0739 ndcg@10: 0.0885 ndcg@20: 0.1065 ] 
2025-10-01 18:12:44,432 - [recall@5: 0.0760 recall@10: 0.1139 recall@20: 0.1660 ] [ndcg@5: 0.0755 ndcg@10: 0.0886 ndcg@20: 0.1056 ] 
2025-10-01 18:12:44,441 - Save model parameters to ./encoder/checkpoint/lightgcn_rgcn/lightgcn_rgcn-amazon-2023.pth
2025-10-01 18:12:44,442 - Best Epoch 177. Final test result: {'recall': array([0.07598608, 0.11387773, 0.16600201]), 'ndcg': array([0.07554944, 0.08857466, 0.10555088])}.
