2025-09-29 20:04:36,171 - {'optimizer': {'name': 'adam', 'lr': 0.001, 'weight_decay': 0}, 'train': {'epoch': 3000, 'batch_size': 4096, 'save_model': True, 'loss': 'pairwise', 'test_step': 3, 'reproducible': True, 'seed': 2023, 'patience': 5}, 'test': {'metrics': ['recall', 'ndcg'], 'k': [5, 10, 20], 'batch_size': 1024}, 'data': {'type': 'general_agcf', 'name': 'amazon', 'mat_type': 'uai', 'pre_norm': True, 'user_num': 11000, 'item_num': 9332, 'user_item_num': 20332, 'attr_num': 1978}, 'model': {'name': 'lightgcn_rgcn', 'label': 'ori', 'keep_rate': 0.95, 'embedding_size': 64, 'use_unify_layer_num': True, 'layer_num': 3, 'reg_weight': 1e-07, 'amazon': {'keep_rate': 0.95, 'layer_num': 3, 'reg_weight': 1e-07, 'eps': 0.1}, 'yelp': {'keep_rate': 0.8, 'layer_num': 3, 'reg_weight': 1e-07, 'eps': 0.2}, 'steam': {'keep_rate': 0.8, 'layer_num': 3, 'reg_weight': 1e-07, 'eps': 0.2}, 'Office': {'keep_rate': 0.9, 'layer_num': 3, 'reg_weight': 1e-06, 'eps': 0.1}}}
2025-09-29 20:04:39,804 - Epoch   0 Validation set [recall@5: 0.0109 recall@10: 0.0178 recall@20: 0.0293 ] [ndcg@5: 0.0107 ndcg@10: 0.0131 ndcg@20: 0.0169 ] 
2025-09-29 20:04:45,874 - Epoch   3 Validation set [recall@5: 0.0205 recall@10: 0.0352 recall@20: 0.0594 ] [ndcg@5: 0.0213 ndcg@10: 0.0264 ndcg@20: 0.0343 ] 
2025-09-29 20:04:52,176 - Epoch   6 Validation set [recall@5: 0.0273 recall@10: 0.0455 recall@20: 0.0750 ] [ndcg@5: 0.0281 ndcg@10: 0.0344 ndcg@20: 0.0439 ] 
2025-09-29 20:04:58,402 - Epoch   9 Validation set [recall@5: 0.0320 recall@10: 0.0521 recall@20: 0.0861 ] [ndcg@5: 0.0323 ndcg@10: 0.0391 ndcg@20: 0.0501 ] 
2025-09-29 20:05:04,709 - Epoch  12 Validation set [recall@5: 0.0354 recall@10: 0.0578 recall@20: 0.0945 ] [ndcg@5: 0.0359 ndcg@10: 0.0434 ndcg@20: 0.0554 ] 
2025-09-29 20:05:11,107 - Epoch  15 Validation set [recall@5: 0.0387 recall@10: 0.0625 recall@20: 0.1000 ] [ndcg@5: 0.0388 ndcg@10: 0.0468 ndcg@20: 0.0591 ] 
2025-09-29 20:05:17,256 - Epoch  18 Validation set [recall@5: 0.0407 recall@10: 0.0666 recall@20: 0.1061 ] [ndcg@5: 0.0410 ndcg@10: 0.0496 ndcg@20: 0.0625 ] 
2025-09-29 20:05:23,390 - Epoch  21 Validation set [recall@5: 0.0421 recall@10: 0.0695 recall@20: 0.1096 ] [ndcg@5: 0.0426 ndcg@10: 0.0519 ndcg@20: 0.0650 ] 
2025-09-29 20:05:29,499 - Epoch  24 Validation set [recall@5: 0.0441 recall@10: 0.0730 recall@20: 0.1130 ] [ndcg@5: 0.0446 ndcg@10: 0.0545 ndcg@20: 0.0674 ] 
2025-09-29 20:05:35,684 - Epoch  27 Validation set [recall@5: 0.0458 recall@10: 0.0756 recall@20: 0.1155 ] [ndcg@5: 0.0460 ndcg@10: 0.0559 ndcg@20: 0.0687 ] 
2025-09-29 20:05:41,809 - Epoch  30 Validation set [recall@5: 0.0472 recall@10: 0.0773 recall@20: 0.1204 ] [ndcg@5: 0.0471 ndcg@10: 0.0573 ndcg@20: 0.0711 ] 
2025-09-29 20:05:48,147 - Epoch  33 Validation set [recall@5: 0.0484 recall@10: 0.0776 recall@20: 0.1205 ] [ndcg@5: 0.0482 ndcg@10: 0.0581 ndcg@20: 0.0718 ] 
2025-09-29 20:05:54,703 - Epoch  36 Validation set [recall@5: 0.0499 recall@10: 0.0793 recall@20: 0.1233 ] [ndcg@5: 0.0498 ndcg@10: 0.0597 ndcg@20: 0.0738 ] 
2025-09-29 20:06:00,911 - Epoch  39 Validation set [recall@5: 0.0512 recall@10: 0.0826 recall@20: 0.1273 ] [ndcg@5: 0.0510 ndcg@10: 0.0617 ndcg@20: 0.0761 ] 
2025-09-29 20:06:07,043 - Epoch  42 Validation set [recall@5: 0.0529 recall@10: 0.0840 recall@20: 0.1288 ] [ndcg@5: 0.0522 ndcg@10: 0.0628 ndcg@20: 0.0773 ] 
2025-09-29 20:06:12,921 - Epoch  45 Validation set [recall@5: 0.0536 recall@10: 0.0845 recall@20: 0.1305 ] [ndcg@5: 0.0533 ndcg@10: 0.0640 ndcg@20: 0.0787 ] 
2025-09-29 20:06:19,034 - Epoch  48 Validation set [recall@5: 0.0545 recall@10: 0.0851 recall@20: 0.1331 ] [ndcg@5: 0.0542 ndcg@10: 0.0647 ndcg@20: 0.0801 ] 
2025-09-29 20:06:25,632 - Epoch  51 Validation set [recall@5: 0.0548 recall@10: 0.0859 recall@20: 0.1356 ] [ndcg@5: 0.0547 ndcg@10: 0.0654 ndcg@20: 0.0814 ] 
2025-09-29 20:06:31,943 - Epoch  54 Validation set [recall@5: 0.0556 recall@10: 0.0881 recall@20: 0.1369 ] [ndcg@5: 0.0553 ndcg@10: 0.0666 ndcg@20: 0.0822 ] 
2025-09-29 20:06:37,836 - Epoch  57 Validation set [recall@5: 0.0566 recall@10: 0.0895 recall@20: 0.1391 ] [ndcg@5: 0.0561 ndcg@10: 0.0673 ndcg@20: 0.0833 ] 
2025-09-29 20:06:44,375 - Epoch  60 Validation set [recall@5: 0.0577 recall@10: 0.0908 recall@20: 0.1413 ] [ndcg@5: 0.0568 ndcg@10: 0.0683 ndcg@20: 0.0847 ] 
2025-09-29 20:06:50,723 - Epoch  63 Validation set [recall@5: 0.0585 recall@10: 0.0934 recall@20: 0.1419 ] [ndcg@5: 0.0581 ndcg@10: 0.0702 ndcg@20: 0.0859 ] 
2025-09-29 20:06:56,983 - Epoch  66 Validation set [recall@5: 0.0599 recall@10: 0.0952 recall@20: 0.1449 ] [ndcg@5: 0.0590 ndcg@10: 0.0711 ndcg@20: 0.0872 ] 
2025-09-29 20:07:03,155 - Epoch  69 Validation set [recall@5: 0.0594 recall@10: 0.0953 recall@20: 0.1468 ] [ndcg@5: 0.0593 ndcg@10: 0.0719 ndcg@20: 0.0884 ] 
2025-09-29 20:07:09,538 - Epoch  72 Validation set [recall@5: 0.0598 recall@10: 0.0953 recall@20: 0.1470 ] [ndcg@5: 0.0597 ndcg@10: 0.0720 ndcg@20: 0.0886 ] 
2025-09-29 20:07:15,853 - Epoch  75 Validation set [recall@5: 0.0606 recall@10: 0.0955 recall@20: 0.1496 ] [ndcg@5: 0.0605 ndcg@10: 0.0726 ndcg@20: 0.0900 ] 
2025-09-29 20:07:22,038 - Epoch  78 Validation set [recall@5: 0.0620 recall@10: 0.0986 recall@20: 0.1508 ] [ndcg@5: 0.0614 ndcg@10: 0.0741 ndcg@20: 0.0909 ] 
2025-09-29 20:07:28,324 - Epoch  81 Validation set [recall@5: 0.0623 recall@10: 0.1000 recall@20: 0.1526 ] [ndcg@5: 0.0624 ndcg@10: 0.0752 ndcg@20: 0.0922 ] 
2025-09-29 20:07:34,527 - Epoch  84 Validation set [recall@5: 0.0630 recall@10: 0.1007 recall@20: 0.1530 ] [ndcg@5: 0.0629 ndcg@10: 0.0756 ndcg@20: 0.0924 ] 
2025-09-29 20:07:41,113 - Epoch  87 Validation set [recall@5: 0.0639 recall@10: 0.1008 recall@20: 0.1532 ] [ndcg@5: 0.0641 ndcg@10: 0.0766 ndcg@20: 0.0936 ] 
2025-09-29 20:07:47,529 - Epoch  90 Validation set [recall@5: 0.0649 recall@10: 0.1034 recall@20: 0.1545 ] [ndcg@5: 0.0644 ndcg@10: 0.0777 ndcg@20: 0.0940 ] 
2025-09-29 20:07:53,861 - Epoch  93 Validation set [recall@5: 0.0650 recall@10: 0.1050 recall@20: 0.1563 ] [ndcg@5: 0.0654 ndcg@10: 0.0789 ndcg@20: 0.0954 ] 
2025-09-29 20:08:00,253 - Epoch  96 Validation set [recall@5: 0.0672 recall@10: 0.1066 recall@20: 0.1564 ] [ndcg@5: 0.0663 ndcg@10: 0.0798 ndcg@20: 0.0959 ] 
2025-09-29 20:08:06,525 - Epoch  99 Validation set [recall@5: 0.0676 recall@10: 0.1091 recall@20: 0.1582 ] [ndcg@5: 0.0666 ndcg@10: 0.0809 ndcg@20: 0.0968 ] 
2025-09-29 20:08:13,687 - Epoch 102 Validation set [recall@5: 0.0687 recall@10: 0.1084 recall@20: 0.1585 ] [ndcg@5: 0.0676 ndcg@10: 0.0812 ndcg@20: 0.0975 ] 
2025-09-29 20:08:19,241 - Epoch 105 Validation set [recall@5: 0.0684 recall@10: 0.1087 recall@20: 0.1602 ] [ndcg@5: 0.0678 ndcg@10: 0.0816 ndcg@20: 0.0983 ] 
2025-09-29 20:08:25,259 - Epoch 108 Validation set [recall@5: 0.0698 recall@10: 0.1091 recall@20: 0.1610 ] [ndcg@5: 0.0689 ndcg@10: 0.0822 ndcg@20: 0.0991 ] 
2025-09-29 20:08:31,510 - Epoch 111 Validation set [recall@5: 0.0717 recall@10: 0.1112 recall@20: 0.1609 ] [ndcg@5: 0.0701 ndcg@10: 0.0833 ndcg@20: 0.0995 ] 
2025-09-29 20:08:37,858 - Epoch 114 Validation set [recall@5: 0.0711 recall@10: 0.1113 recall@20: 0.1621 ] [ndcg@5: 0.0694 ndcg@10: 0.0830 ndcg@20: 0.0995 ] 
2025-09-29 20:08:44,139 - Epoch 117 Validation set [recall@5: 0.0710 recall@10: 0.1125 recall@20: 0.1617 ] [ndcg@5: 0.0698 ndcg@10: 0.0838 ndcg@20: 0.0999 ] 
2025-09-29 20:08:50,298 - Epoch 120 Validation set [recall@5: 0.0727 recall@10: 0.1128 recall@20: 0.1636 ] [ndcg@5: 0.0709 ndcg@10: 0.0844 ndcg@20: 0.1009 ] 
2025-09-29 20:08:57,300 - Epoch 123 Validation set [recall@5: 0.0738 recall@10: 0.1144 recall@20: 0.1648 ] [ndcg@5: 0.0714 ndcg@10: 0.0852 ndcg@20: 0.1013 ] 
2025-09-29 20:09:03,534 - Epoch 126 Validation set [recall@5: 0.0727 recall@10: 0.1146 recall@20: 0.1647 ] [ndcg@5: 0.0710 ndcg@10: 0.0852 ndcg@20: 0.1016 ] 
2025-09-29 20:09:09,947 - Epoch 129 Validation set [recall@5: 0.0741 recall@10: 0.1153 recall@20: 0.1662 ] [ndcg@5: 0.0716 ndcg@10: 0.0857 ndcg@20: 0.1022 ] 
2025-09-29 20:09:16,201 - Epoch 132 Validation set [recall@5: 0.0735 recall@10: 0.1151 recall@20: 0.1667 ] [ndcg@5: 0.0714 ndcg@10: 0.0857 ndcg@20: 0.1025 ] 
2025-09-29 20:09:22,399 - Epoch 135 Validation set [recall@5: 0.0735 recall@10: 0.1152 recall@20: 0.1669 ] [ndcg@5: 0.0718 ndcg@10: 0.0860 ndcg@20: 0.1028 ] 
2025-09-29 20:09:28,870 - Epoch 138 Validation set [recall@5: 0.0745 recall@10: 0.1151 recall@20: 0.1674 ] [ndcg@5: 0.0727 ndcg@10: 0.0866 ndcg@20: 0.1034 ] 
2025-09-29 20:09:35,143 - Epoch 141 Validation set [recall@5: 0.0734 recall@10: 0.1159 recall@20: 0.1680 ] [ndcg@5: 0.0724 ndcg@10: 0.0871 ndcg@20: 0.1039 ] 
2025-09-29 20:09:41,584 - Epoch 144 Validation set [recall@5: 0.0748 recall@10: 0.1168 recall@20: 0.1670 ] [ndcg@5: 0.0731 ndcg@10: 0.0876 ndcg@20: 0.1039 ] 
2025-09-29 20:09:48,914 - Epoch 147 Validation set [recall@5: 0.0744 recall@10: 0.1167 recall@20: 0.1678 ] [ndcg@5: 0.0731 ndcg@10: 0.0877 ndcg@20: 0.1042 ] 
2025-09-29 20:09:55,630 - Epoch 150 Validation set [recall@5: 0.0748 recall@10: 0.1169 recall@20: 0.1700 ] [ndcg@5: 0.0727 ndcg@10: 0.0873 ndcg@20: 0.1045 ] 
2025-09-29 20:10:01,832 - Epoch 153 Validation set [recall@5: 0.0746 recall@10: 0.1157 recall@20: 0.1696 ] [ndcg@5: 0.0732 ndcg@10: 0.0874 ndcg@20: 0.1049 ] 
2025-09-29 20:10:07,958 - Epoch 156 Validation set [recall@5: 0.0739 recall@10: 0.1154 recall@20: 0.1692 ] [ndcg@5: 0.0729 ndcg@10: 0.0871 ndcg@20: 0.1044 ] 
2025-09-29 20:10:14,045 - Epoch 159 Validation set [recall@5: 0.0744 recall@10: 0.1155 recall@20: 0.1694 ] [ndcg@5: 0.0732 ndcg@10: 0.0872 ndcg@20: 0.1047 ] 
2025-09-29 20:10:20,829 - Epoch 162 Validation set [recall@5: 0.0759 recall@10: 0.1176 recall@20: 0.1691 ] [ndcg@5: 0.0734 ndcg@10: 0.0879 ndcg@20: 0.1047 ] 
2025-09-29 20:10:27,046 - Epoch 165 Validation set [recall@5: 0.0760 recall@10: 0.1189 recall@20: 0.1695 ] [ndcg@5: 0.0737 ndcg@10: 0.0886 ndcg@20: 0.1052 ] 
2025-09-29 20:10:28,686 - [recall@5: 0.0748 recall@10: 0.1169 recall@20: 0.1700 ] [ndcg@5: 0.0727 ndcg@10: 0.0873 ndcg@20: 0.1045 ] 
2025-09-29 20:10:30,227 - [recall@5: 0.0718 recall@10: 0.1111 recall@20: 0.1647 ] [ndcg@5: 0.0727 ndcg@10: 0.0862 ndcg@20: 0.1038 ] 
2025-09-29 20:10:30,238 - Save model parameters to ./encoder/checkpoint/lightgcn_rgcn/lightgcn_rgcn-amazon-2023.pth
2025-09-29 20:10:30,238 - Best Epoch 150. Final test result: {'recall': array([0.07177126, 0.11107314, 0.16468469]), 'ndcg': array([0.07269928, 0.08620169, 0.10377074])}.
