2025-09-29 19:02:39,683 - {'optimizer': {'name': 'adam', 'lr': 0.001, 'weight_decay': 0}, 'train': {'epoch': 3000, 'batch_size': 4096, 'save_model': True, 'loss': 'pairwise', 'test_step': 3, 'reproducible': True, 'seed': 2023, 'patience': 5}, 'test': {'metrics': ['recall', 'ndcg'], 'k': [5, 10, 20], 'batch_size': 1024}, 'data': {'type': 'general_agcf', 'name': 'amazon', 'mat_type': 'uai', 'pre_norm': True, 'user_num': 11000, 'item_num': 9332, 'user_item_num': 20332, 'attr_num': 1978}, 'model': {'name': 'lightgcn_rgcn', 'label': 'ori', 'keep_rate': 0.9, 'embedding_size': 64, 'use_unify_layer_num': True, 'layer_num': 3, 'reg_weight': 1e-07, 'amazon': {'keep_rate': 0.9, 'layer_num': 3, 'reg_weight': 1e-07, 'eps': 0.1}, 'yelp': {'keep_rate': 0.8, 'layer_num': 3, 'reg_weight': 1e-07, 'eps': 0.1}, 'steam': {'keep_rate': 0.8, 'layer_num': 3, 'reg_weight': 1e-07, 'eps': 0.2}, 'Office': {'keep_rate': 0.9, 'layer_num': 3, 'reg_weight': 1e-06, 'eps': 0.1}}}
2025-09-29 19:02:43,703 - Epoch   0 Validation set [recall@5: 0.0110 recall@10: 0.0181 recall@20: 0.0303 ] [ndcg@5: 0.0110 ndcg@10: 0.0134 ndcg@20: 0.0174 ] 
2025-09-29 19:02:49,830 - Epoch   3 Validation set [recall@5: 0.0189 recall@10: 0.0337 recall@20: 0.0559 ] [ndcg@5: 0.0199 ndcg@10: 0.0250 ndcg@20: 0.0323 ] 
2025-09-29 19:02:56,150 - Epoch   6 Validation set [recall@5: 0.0264 recall@10: 0.0440 recall@20: 0.0719 ] [ndcg@5: 0.0270 ndcg@10: 0.0331 ndcg@20: 0.0422 ] 
2025-09-29 19:03:02,376 - Epoch   9 Validation set [recall@5: 0.0304 recall@10: 0.0502 recall@20: 0.0829 ] [ndcg@5: 0.0308 ndcg@10: 0.0376 ndcg@20: 0.0482 ] 
2025-09-29 19:03:08,653 - Epoch  12 Validation set [recall@5: 0.0343 recall@10: 0.0553 recall@20: 0.0914 ] [ndcg@5: 0.0346 ndcg@10: 0.0415 ndcg@20: 0.0534 ] 
2025-09-29 19:03:14,919 - Epoch  15 Validation set [recall@5: 0.0373 recall@10: 0.0615 recall@20: 0.0971 ] [ndcg@5: 0.0374 ndcg@10: 0.0455 ndcg@20: 0.0573 ] 
2025-09-29 19:03:21,219 - Epoch  18 Validation set [recall@5: 0.0396 recall@10: 0.0639 recall@20: 0.1030 ] [ndcg@5: 0.0397 ndcg@10: 0.0478 ndcg@20: 0.0606 ] 
2025-09-29 19:03:27,754 - Epoch  21 Validation set [recall@5: 0.0410 recall@10: 0.0676 recall@20: 0.1074 ] [ndcg@5: 0.0412 ndcg@10: 0.0503 ndcg@20: 0.0632 ] 
2025-09-29 19:03:33,854 - Epoch  24 Validation set [recall@5: 0.0435 recall@10: 0.0704 recall@20: 0.1108 ] [ndcg@5: 0.0437 ndcg@10: 0.0528 ndcg@20: 0.0659 ] 
2025-09-29 19:03:40,406 - Epoch  27 Validation set [recall@5: 0.0444 recall@10: 0.0730 recall@20: 0.1135 ] [ndcg@5: 0.0448 ndcg@10: 0.0546 ndcg@20: 0.0676 ] 
2025-09-29 19:03:46,752 - Epoch  30 Validation set [recall@5: 0.0455 recall@10: 0.0746 recall@20: 0.1176 ] [ndcg@5: 0.0461 ndcg@10: 0.0561 ndcg@20: 0.0699 ] 
2025-09-29 19:03:53,209 - Epoch  33 Validation set [recall@5: 0.0475 recall@10: 0.0760 recall@20: 0.1187 ] [ndcg@5: 0.0474 ndcg@10: 0.0571 ndcg@20: 0.0708 ] 
2025-09-29 19:03:59,532 - Epoch  36 Validation set [recall@5: 0.0482 recall@10: 0.0777 recall@20: 0.1211 ] [ndcg@5: 0.0484 ndcg@10: 0.0583 ndcg@20: 0.0723 ] 
2025-09-29 19:04:05,860 - Epoch  39 Validation set [recall@5: 0.0499 recall@10: 0.0805 recall@20: 0.1251 ] [ndcg@5: 0.0497 ndcg@10: 0.0601 ndcg@20: 0.0745 ] 
2025-09-29 19:04:12,190 - Epoch  42 Validation set [recall@5: 0.0514 recall@10: 0.0827 recall@20: 0.1257 ] [ndcg@5: 0.0512 ndcg@10: 0.0617 ndcg@20: 0.0757 ] 
2025-09-29 19:04:18,972 - Epoch  45 Validation set [recall@5: 0.0517 recall@10: 0.0829 recall@20: 0.1287 ] [ndcg@5: 0.0515 ndcg@10: 0.0622 ndcg@20: 0.0770 ] 
2025-09-29 19:04:26,787 - Epoch  48 Validation set [recall@5: 0.0534 recall@10: 0.0833 recall@20: 0.1321 ] [ndcg@5: 0.0530 ndcg@10: 0.0632 ndcg@20: 0.0789 ] 
2025-09-29 19:04:33,420 - Epoch  51 Validation set [recall@5: 0.0531 recall@10: 0.0856 recall@20: 0.1333 ] [ndcg@5: 0.0533 ndcg@10: 0.0645 ndcg@20: 0.0799 ] 
2025-09-29 19:04:39,798 - Epoch  54 Validation set [recall@5: 0.0544 recall@10: 0.0869 recall@20: 0.1352 ] [ndcg@5: 0.0539 ndcg@10: 0.0654 ndcg@20: 0.0808 ] 
2025-09-29 19:04:46,114 - Epoch  57 Validation set [recall@5: 0.0553 recall@10: 0.0879 recall@20: 0.1360 ] [ndcg@5: 0.0547 ndcg@10: 0.0661 ndcg@20: 0.0815 ] 
2025-09-29 19:04:52,339 - Epoch  60 Validation set [recall@5: 0.0565 recall@10: 0.0895 recall@20: 0.1385 ] [ndcg@5: 0.0554 ndcg@10: 0.0670 ndcg@20: 0.0827 ] 
2025-09-29 19:04:58,455 - Epoch  63 Validation set [recall@5: 0.0575 recall@10: 0.0903 recall@20: 0.1407 ] [ndcg@5: 0.0567 ndcg@10: 0.0682 ndcg@20: 0.0845 ] 
2025-09-29 19:05:04,723 - Epoch  66 Validation set [recall@5: 0.0587 recall@10: 0.0917 recall@20: 0.1431 ] [ndcg@5: 0.0578 ndcg@10: 0.0692 ndcg@20: 0.0857 ] 
2025-09-29 19:05:10,985 - Epoch  69 Validation set [recall@5: 0.0591 recall@10: 0.0935 recall@20: 0.1441 ] [ndcg@5: 0.0584 ndcg@10: 0.0704 ndcg@20: 0.0867 ] 
2025-09-29 19:05:18,584 - Epoch  72 Validation set [recall@5: 0.0587 recall@10: 0.0941 recall@20: 0.1452 ] [ndcg@5: 0.0582 ndcg@10: 0.0705 ndcg@20: 0.0870 ] 
2025-09-29 19:05:24,963 - Epoch  75 Validation set [recall@5: 0.0599 recall@10: 0.0947 recall@20: 0.1469 ] [ndcg@5: 0.0597 ndcg@10: 0.0717 ndcg@20: 0.0885 ] 
2025-09-29 19:05:31,309 - Epoch  78 Validation set [recall@5: 0.0606 recall@10: 0.0959 recall@20: 0.1482 ] [ndcg@5: 0.0600 ndcg@10: 0.0722 ndcg@20: 0.0890 ] 
2025-09-29 19:05:37,714 - Epoch  81 Validation set [recall@5: 0.0607 recall@10: 0.0965 recall@20: 0.1497 ] [ndcg@5: 0.0602 ndcg@10: 0.0725 ndcg@20: 0.0897 ] 
2025-09-29 19:05:43,961 - Epoch  84 Validation set [recall@5: 0.0615 recall@10: 0.0981 recall@20: 0.1501 ] [ndcg@5: 0.0613 ndcg@10: 0.0740 ndcg@20: 0.0908 ] 
2025-09-29 19:05:50,294 - Epoch  87 Validation set [recall@5: 0.0623 recall@10: 0.0989 recall@20: 0.1520 ] [ndcg@5: 0.0625 ndcg@10: 0.0750 ndcg@20: 0.0920 ] 
2025-09-29 19:05:56,568 - Epoch  90 Validation set [recall@5: 0.0633 recall@10: 0.1005 recall@20: 0.1527 ] [ndcg@5: 0.0636 ndcg@10: 0.0760 ndcg@20: 0.0929 ] 
2025-09-29 19:06:02,687 - Epoch  93 Validation set [recall@5: 0.0649 recall@10: 0.1018 recall@20: 0.1555 ] [ndcg@5: 0.0646 ndcg@10: 0.0771 ndcg@20: 0.0942 ] 
2025-09-29 19:06:10,174 - Epoch  96 Validation set [recall@5: 0.0654 recall@10: 0.1034 recall@20: 0.1560 ] [ndcg@5: 0.0650 ndcg@10: 0.0780 ndcg@20: 0.0949 ] 
2025-09-29 19:06:16,164 - Epoch  99 Validation set [recall@5: 0.0659 recall@10: 0.1048 recall@20: 0.1575 ] [ndcg@5: 0.0652 ndcg@10: 0.0787 ndcg@20: 0.0955 ] 
2025-09-29 19:06:22,225 - Epoch 102 Validation set [recall@5: 0.0670 recall@10: 0.1054 recall@20: 0.1571 ] [ndcg@5: 0.0662 ndcg@10: 0.0795 ndcg@20: 0.0961 ] 
2025-09-29 19:06:28,470 - Epoch 105 Validation set [recall@5: 0.0673 recall@10: 0.1066 recall@20: 0.1577 ] [ndcg@5: 0.0668 ndcg@10: 0.0802 ndcg@20: 0.0969 ] 
2025-09-29 19:06:34,714 - Epoch 108 Validation set [recall@5: 0.0681 recall@10: 0.1079 recall@20: 0.1588 ] [ndcg@5: 0.0675 ndcg@10: 0.0811 ndcg@20: 0.0977 ] 
2025-09-29 19:06:40,884 - Epoch 111 Validation set [recall@5: 0.0688 recall@10: 0.1090 recall@20: 0.1604 ] [ndcg@5: 0.0682 ndcg@10: 0.0818 ndcg@20: 0.0985 ] 
2025-09-29 19:06:47,079 - Epoch 114 Validation set [recall@5: 0.0692 recall@10: 0.1100 recall@20: 0.1619 ] [ndcg@5: 0.0683 ndcg@10: 0.0823 ndcg@20: 0.0990 ] 
2025-09-29 19:06:53,353 - Epoch 117 Validation set [recall@5: 0.0694 recall@10: 0.1111 recall@20: 0.1619 ] [ndcg@5: 0.0683 ndcg@10: 0.0827 ndcg@20: 0.0990 ] 
2025-09-29 19:07:00,370 - Epoch 120 Validation set [recall@5: 0.0700 recall@10: 0.1104 recall@20: 0.1628 ] [ndcg@5: 0.0688 ndcg@10: 0.0827 ndcg@20: 0.0997 ] 
2025-09-29 19:07:07,478 - Epoch 123 Validation set [recall@5: 0.0713 recall@10: 0.1116 recall@20: 0.1627 ] [ndcg@5: 0.0696 ndcg@10: 0.0835 ndcg@20: 0.0999 ] 
2025-09-29 19:07:13,814 - Epoch 126 Validation set [recall@5: 0.0721 recall@10: 0.1118 recall@20: 0.1637 ] [ndcg@5: 0.0701 ndcg@10: 0.0836 ndcg@20: 0.1004 ] 
2025-09-29 19:07:20,115 - Epoch 129 Validation set [recall@5: 0.0722 recall@10: 0.1132 recall@20: 0.1649 ] [ndcg@5: 0.0706 ndcg@10: 0.0844 ndcg@20: 0.1012 ] 
2025-09-29 19:07:26,461 - Epoch 132 Validation set [recall@5: 0.0720 recall@10: 0.1141 recall@20: 0.1654 ] [ndcg@5: 0.0701 ndcg@10: 0.0845 ndcg@20: 0.1011 ] 
2025-09-29 19:07:32,711 - Epoch 135 Validation set [recall@5: 0.0717 recall@10: 0.1138 recall@20: 0.1649 ] [ndcg@5: 0.0706 ndcg@10: 0.0849 ndcg@20: 0.1015 ] 
2025-09-29 19:07:39,087 - Epoch 138 Validation set [recall@5: 0.0723 recall@10: 0.1144 recall@20: 0.1666 ] [ndcg@5: 0.0708 ndcg@10: 0.0851 ndcg@20: 0.1020 ] 
2025-09-29 19:07:45,401 - Epoch 141 Validation set [recall@5: 0.0735 recall@10: 0.1157 recall@20: 0.1672 ] [ndcg@5: 0.0719 ndcg@10: 0.0862 ndcg@20: 0.1029 ] 
2025-09-29 19:07:51,716 - Epoch 144 Validation set [recall@5: 0.0732 recall@10: 0.1164 recall@20: 0.1671 ] [ndcg@5: 0.0717 ndcg@10: 0.0865 ndcg@20: 0.1028 ] 
2025-09-29 19:07:58,801 - Epoch 147 Validation set [recall@5: 0.0742 recall@10: 0.1150 recall@20: 0.1670 ] [ndcg@5: 0.0720 ndcg@10: 0.0859 ndcg@20: 0.1027 ] 
2025-09-29 19:08:04,569 - Epoch 150 Validation set [recall@5: 0.0741 recall@10: 0.1167 recall@20: 0.1677 ] [ndcg@5: 0.0720 ndcg@10: 0.0866 ndcg@20: 0.1032 ] 
2025-09-29 19:08:10,624 - Epoch 153 Validation set [recall@5: 0.0744 recall@10: 0.1156 recall@20: 0.1684 ] [ndcg@5: 0.0724 ndcg@10: 0.0865 ndcg@20: 0.1037 ] 
2025-09-29 19:08:16,795 - Epoch 156 Validation set [recall@5: 0.0729 recall@10: 0.1155 recall@20: 0.1679 ] [ndcg@5: 0.0718 ndcg@10: 0.0864 ndcg@20: 0.1035 ] 
2025-09-29 19:08:23,062 - Epoch 159 Validation set [recall@5: 0.0732 recall@10: 0.1155 recall@20: 0.1689 ] [ndcg@5: 0.0718 ndcg@10: 0.0866 ndcg@20: 0.1039 ] 
2025-09-29 19:08:29,354 - Epoch 162 Validation set [recall@5: 0.0740 recall@10: 0.1169 recall@20: 0.1684 ] [ndcg@5: 0.0721 ndcg@10: 0.0872 ndcg@20: 0.1041 ] 
2025-09-29 19:08:35,622 - Epoch 165 Validation set [recall@5: 0.0749 recall@10: 0.1186 recall@20: 0.1692 ] [ndcg@5: 0.0727 ndcg@10: 0.0880 ndcg@20: 0.1046 ] 
2025-09-29 19:08:42,341 - Epoch 168 Validation set [recall@5: 0.0759 recall@10: 0.1182 recall@20: 0.1702 ] [ndcg@5: 0.0739 ndcg@10: 0.0884 ndcg@20: 0.1055 ] 
2025-09-29 19:08:48,777 - Epoch 171 Validation set [recall@5: 0.0762 recall@10: 0.1179 recall@20: 0.1720 ] [ndcg@5: 0.0740 ndcg@10: 0.0882 ndcg@20: 0.1060 ] 
2025-09-29 19:08:55,397 - Epoch 174 Validation set [recall@5: 0.0763 recall@10: 0.1185 recall@20: 0.1706 ] [ndcg@5: 0.0743 ndcg@10: 0.0888 ndcg@20: 0.1059 ] 
2025-09-29 19:09:01,682 - Epoch 177 Validation set [recall@5: 0.0760 recall@10: 0.1193 recall@20: 0.1706 ] [ndcg@5: 0.0741 ndcg@10: 0.0889 ndcg@20: 0.1058 ] 
2025-09-29 19:09:07,862 - Epoch 180 Validation set [recall@5: 0.0768 recall@10: 0.1188 recall@20: 0.1714 ] [ndcg@5: 0.0751 ndcg@10: 0.0894 ndcg@20: 0.1064 ] 
2025-09-29 19:09:14,166 - Epoch 183 Validation set [recall@5: 0.0768 recall@10: 0.1191 recall@20: 0.1701 ] [ndcg@5: 0.0751 ndcg@10: 0.0894 ndcg@20: 0.1062 ] 
2025-09-29 19:09:20,384 - Epoch 186 Validation set [recall@5: 0.0772 recall@10: 0.1186 recall@20: 0.1712 ] [ndcg@5: 0.0752 ndcg@10: 0.0893 ndcg@20: 0.1065 ] 
2025-09-29 19:09:21,931 - [recall@5: 0.0762 recall@10: 0.1179 recall@20: 0.1720 ] [ndcg@5: 0.0740 ndcg@10: 0.0882 ndcg@20: 0.1060 ] 
2025-09-29 19:09:23,474 - [recall@5: 0.0743 recall@10: 0.1127 recall@20: 0.1670 ] [ndcg@5: 0.0737 ndcg@10: 0.0870 ndcg@20: 0.1047 ] 
2025-09-29 19:09:23,483 - Save model parameters to ./encoder/checkpoint/lightgcn_rgcn/lightgcn_rgcn-amazon-2023.pth
2025-09-29 19:09:23,483 - Best Epoch 171. Final test result: {'recall': array([0.07432193, 0.11267111, 0.16702566]), 'ndcg': array([0.07371953, 0.0870157 , 0.10473849])}.
