2025-10-02 16:19:06,158 - {'optimizer': {'name': 'adam', 'lr': 0.001, 'weight_decay': 0}, 'train': {'epoch': 3000, 'batch_size': 4096, 'save_model': True, 'loss': 'pairwise', 'test_step': 3, 'reproducible': True, 'seed': 2023, 'patience': 5}, 'test': {'metrics': ['recall', 'ndcg'], 'k': [5, 10, 20], 'batch_size': 1024}, 'data': {'type': 'general_agcf', 'name': 'amazon', 'mat_type': 'uai', 'pre_norm': True, 'user_num': 11000, 'item_num': 9332, 'user_item_num': 20332, 'attr_num': 1978}, 'model': {'name': 'lightgcn_rgcn', 'label': 'ori', 'keep_rate': 0.9, 'embedding_size': 64, 'use_unify_layer_num': True, 'layer_num': 8, 'reg_weight': 1e-07, 'amazon': {'keep_rate': 0.9, 'layer_num': 8, 'reg_weight': 1e-07, 'eps': 0.1}, 'yelp': {'keep_rate': 0.9, 'layer_num': 3, 'reg_weight': 1e-06, 'eps': 0.1}, 'steam': {'keep_rate': 0.8, 'layer_num': 3, 'reg_weight': 1e-07, 'eps': 0.2}, 'Office': {'keep_rate': 0.9, 'layer_num': 3, 'reg_weight': 5e-06, 'eps': 0.1}}}
2025-10-02 16:19:12,065 - Epoch   0 Validation set [recall@5: 0.0082 recall@10: 0.0139 recall@20: 0.0227 ] [ndcg@5: 0.0083 ndcg@10: 0.0103 ndcg@20: 0.0131 ] 
2025-10-02 16:19:22,873 - Epoch   3 Validation set [recall@5: 0.0170 recall@10: 0.0317 recall@20: 0.0507 ] [ndcg@5: 0.0178 ndcg@10: 0.0231 ndcg@20: 0.0291 ] 
2025-10-02 16:19:32,661 - Epoch   6 Validation set [recall@5: 0.0241 recall@10: 0.0419 recall@20: 0.0698 ] [ndcg@5: 0.0237 ndcg@10: 0.0300 ndcg@20: 0.0390 ] 
2025-10-02 16:19:42,523 - Epoch   9 Validation set [recall@5: 0.0284 recall@10: 0.0485 recall@20: 0.0776 ] [ndcg@5: 0.0282 ndcg@10: 0.0351 ndcg@20: 0.0446 ] 
2025-10-02 16:19:52,425 - Epoch  12 Validation set [recall@5: 0.0310 recall@10: 0.0521 recall@20: 0.0842 ] [ndcg@5: 0.0309 ndcg@10: 0.0380 ndcg@20: 0.0484 ] 
2025-10-02 16:20:02,270 - Epoch  15 Validation set [recall@5: 0.0337 recall@10: 0.0557 recall@20: 0.0891 ] [ndcg@5: 0.0334 ndcg@10: 0.0407 ndcg@20: 0.0517 ] 
2025-10-02 16:20:12,826 - Epoch  18 Validation set [recall@5: 0.0346 recall@10: 0.0583 recall@20: 0.0936 ] [ndcg@5: 0.0342 ndcg@10: 0.0422 ndcg@20: 0.0538 ] 
2025-10-02 16:20:22,762 - Epoch  21 Validation set [recall@5: 0.0368 recall@10: 0.0604 recall@20: 0.0979 ] [ndcg@5: 0.0365 ndcg@10: 0.0446 ndcg@20: 0.0568 ] 
2025-10-02 16:20:32,767 - Epoch  24 Validation set [recall@5: 0.0375 recall@10: 0.0626 recall@20: 0.1006 ] [ndcg@5: 0.0379 ndcg@10: 0.0463 ndcg@20: 0.0584 ] 
2025-10-02 16:20:42,542 - Epoch  27 Validation set [recall@5: 0.0393 recall@10: 0.0640 recall@20: 0.1013 ] [ndcg@5: 0.0393 ndcg@10: 0.0476 ndcg@20: 0.0596 ] 
2025-10-02 16:20:52,572 - Epoch  30 Validation set [recall@5: 0.0419 recall@10: 0.0684 recall@20: 0.1057 ] [ndcg@5: 0.0415 ndcg@10: 0.0503 ndcg@20: 0.0624 ] 
2025-10-02 16:21:02,137 - Epoch  33 Validation set [recall@5: 0.0420 recall@10: 0.0681 recall@20: 0.1088 ] [ndcg@5: 0.0420 ndcg@10: 0.0506 ndcg@20: 0.0637 ] 
2025-10-02 16:21:12,477 - Epoch  36 Validation set [recall@5: 0.0433 recall@10: 0.0691 recall@20: 0.1089 ] [ndcg@5: 0.0434 ndcg@10: 0.0518 ndcg@20: 0.0647 ] 
2025-10-02 16:21:23,754 - Epoch  39 Validation set [recall@5: 0.0439 recall@10: 0.0716 recall@20: 0.1125 ] [ndcg@5: 0.0438 ndcg@10: 0.0529 ndcg@20: 0.0660 ] 
2025-10-02 16:21:34,259 - Epoch  42 Validation set [recall@5: 0.0458 recall@10: 0.0747 recall@20: 0.1161 ] [ndcg@5: 0.0455 ndcg@10: 0.0551 ndcg@20: 0.0685 ] 
2025-10-02 16:21:44,832 - Epoch  45 Validation set [recall@5: 0.0466 recall@10: 0.0751 recall@20: 0.1178 ] [ndcg@5: 0.0464 ndcg@10: 0.0558 ndcg@20: 0.0696 ] 
2025-10-02 16:21:54,672 - Epoch  48 Validation set [recall@5: 0.0478 recall@10: 0.0764 recall@20: 0.1191 ] [ndcg@5: 0.0475 ndcg@10: 0.0569 ndcg@20: 0.0708 ] 
2025-10-02 16:22:04,506 - Epoch  51 Validation set [recall@5: 0.0474 recall@10: 0.0760 recall@20: 0.1197 ] [ndcg@5: 0.0470 ndcg@10: 0.0565 ndcg@20: 0.0706 ] 
2025-10-02 16:22:14,593 - Epoch  54 Validation set [recall@5: 0.0480 recall@10: 0.0780 recall@20: 0.1217 ] [ndcg@5: 0.0474 ndcg@10: 0.0575 ndcg@20: 0.0717 ] 
2025-10-02 16:22:24,583 - Epoch  57 Validation set [recall@5: 0.0490 recall@10: 0.0798 recall@20: 0.1236 ] [ndcg@5: 0.0485 ndcg@10: 0.0589 ndcg@20: 0.0731 ] 
2025-10-02 16:22:34,599 - Epoch  60 Validation set [recall@5: 0.0503 recall@10: 0.0819 recall@20: 0.1253 ] [ndcg@5: 0.0497 ndcg@10: 0.0605 ndcg@20: 0.0747 ] 
2025-10-02 16:22:44,321 - Epoch  63 Validation set [recall@5: 0.0510 recall@10: 0.0813 recall@20: 0.1264 ] [ndcg@5: 0.0500 ndcg@10: 0.0603 ndcg@20: 0.0749 ] 
2025-10-02 16:22:54,940 - Epoch  66 Validation set [recall@5: 0.0497 recall@10: 0.0824 recall@20: 0.1288 ] [ndcg@5: 0.0493 ndcg@10: 0.0605 ndcg@20: 0.0757 ] 
2025-10-02 16:23:04,732 - Epoch  69 Validation set [recall@5: 0.0518 recall@10: 0.0835 recall@20: 0.1297 ] [ndcg@5: 0.0507 ndcg@10: 0.0615 ndcg@20: 0.0765 ] 
2025-10-02 16:23:14,255 - Epoch  72 Validation set [recall@5: 0.0517 recall@10: 0.0850 recall@20: 0.1317 ] [ndcg@5: 0.0518 ndcg@10: 0.0633 ndcg@20: 0.0784 ] 
2025-10-02 16:23:23,660 - Epoch  75 Validation set [recall@5: 0.0526 recall@10: 0.0859 recall@20: 0.1334 ] [ndcg@5: 0.0527 ndcg@10: 0.0641 ndcg@20: 0.0795 ] 
2025-10-02 16:23:33,966 - Epoch  78 Validation set [recall@5: 0.0518 recall@10: 0.0852 recall@20: 0.1334 ] [ndcg@5: 0.0518 ndcg@10: 0.0633 ndcg@20: 0.0789 ] 
2025-10-02 16:23:44,031 - Epoch  81 Validation set [recall@5: 0.0539 recall@10: 0.0870 recall@20: 0.1367 ] [ndcg@5: 0.0534 ndcg@10: 0.0648 ndcg@20: 0.0809 ] 
2025-10-02 16:23:54,769 - Epoch  84 Validation set [recall@5: 0.0549 recall@10: 0.0874 recall@20: 0.1378 ] [ndcg@5: 0.0546 ndcg@10: 0.0658 ndcg@20: 0.0819 ] 
2025-10-02 16:24:04,959 - Epoch  87 Validation set [recall@5: 0.0566 recall@10: 0.0895 recall@20: 0.1397 ] [ndcg@5: 0.0560 ndcg@10: 0.0673 ndcg@20: 0.0835 ] 
2025-10-02 16:24:14,581 - Epoch  90 Validation set [recall@5: 0.0567 recall@10: 0.0898 recall@20: 0.1396 ] [ndcg@5: 0.0562 ndcg@10: 0.0677 ndcg@20: 0.0837 ] 
2025-10-02 16:24:23,818 - Epoch  93 Validation set [recall@5: 0.0565 recall@10: 0.0900 recall@20: 0.1405 ] [ndcg@5: 0.0563 ndcg@10: 0.0678 ndcg@20: 0.0839 ] 
2025-10-02 16:24:34,521 - Epoch  96 Validation set [recall@5: 0.0573 recall@10: 0.0924 recall@20: 0.1424 ] [ndcg@5: 0.0567 ndcg@10: 0.0689 ndcg@20: 0.0851 ] 
2025-10-02 16:24:45,380 - Epoch  99 Validation set [recall@5: 0.0575 recall@10: 0.0918 recall@20: 0.1426 ] [ndcg@5: 0.0575 ndcg@10: 0.0693 ndcg@20: 0.0857 ] 
2025-10-02 16:24:56,279 - Epoch 102 Validation set [recall@5: 0.0576 recall@10: 0.0917 recall@20: 0.1439 ] [ndcg@5: 0.0576 ndcg@10: 0.0694 ndcg@20: 0.0861 ] 
2025-10-02 16:25:07,942 - Epoch 105 Validation set [recall@5: 0.0590 recall@10: 0.0932 recall@20: 0.1456 ] [ndcg@5: 0.0584 ndcg@10: 0.0705 ndcg@20: 0.0872 ] 
2025-10-02 16:25:17,862 - Epoch 108 Validation set [recall@5: 0.0582 recall@10: 0.0921 recall@20: 0.1459 ] [ndcg@5: 0.0580 ndcg@10: 0.0699 ndcg@20: 0.0871 ] 
2025-10-02 16:25:28,287 - Epoch 111 Validation set [recall@5: 0.0618 recall@10: 0.0982 recall@20: 0.1497 ] [ndcg@5: 0.0606 ndcg@10: 0.0733 ndcg@20: 0.0899 ] 
2025-10-02 16:25:38,478 - Epoch 114 Validation set [recall@5: 0.0611 recall@10: 0.0961 recall@20: 0.1488 ] [ndcg@5: 0.0602 ndcg@10: 0.0725 ndcg@20: 0.0895 ] 
2025-10-02 16:25:48,404 - Epoch 117 Validation set [recall@5: 0.0624 recall@10: 0.0979 recall@20: 0.1512 ] [ndcg@5: 0.0614 ndcg@10: 0.0738 ndcg@20: 0.0910 ] 
2025-10-02 16:25:58,361 - Epoch 120 Validation set [recall@5: 0.0613 recall@10: 0.0981 recall@20: 0.1508 ] [ndcg@5: 0.0606 ndcg@10: 0.0734 ndcg@20: 0.0905 ] 
2025-10-02 16:26:08,287 - Epoch 123 Validation set [recall@5: 0.0625 recall@10: 0.0988 recall@20: 0.1516 ] [ndcg@5: 0.0617 ndcg@10: 0.0743 ndcg@20: 0.0912 ] 
2025-10-02 16:26:18,079 - Epoch 126 Validation set [recall@5: 0.0619 recall@10: 0.0985 recall@20: 0.1513 ] [ndcg@5: 0.0608 ndcg@10: 0.0735 ndcg@20: 0.0905 ] 
2025-10-02 16:26:27,892 - Epoch 129 Validation set [recall@5: 0.0646 recall@10: 0.1019 recall@20: 0.1544 ] [ndcg@5: 0.0631 ndcg@10: 0.0760 ndcg@20: 0.0930 ] 
2025-10-02 16:26:37,688 - Epoch 132 Validation set [recall@5: 0.0635 recall@10: 0.1001 recall@20: 0.1522 ] [ndcg@5: 0.0619 ndcg@10: 0.0747 ndcg@20: 0.0914 ] 
2025-10-02 16:26:48,032 - Epoch 135 Validation set [recall@5: 0.0627 recall@10: 0.1022 recall@20: 0.1541 ] [ndcg@5: 0.0621 ndcg@10: 0.0757 ndcg@20: 0.0924 ] 
2025-10-02 16:26:58,067 - Epoch 138 Validation set [recall@5: 0.0640 recall@10: 0.1029 recall@20: 0.1573 ] [ndcg@5: 0.0635 ndcg@10: 0.0773 ndcg@20: 0.0946 ] 
2025-10-02 16:27:08,298 - Epoch 141 Validation set [recall@5: 0.0637 recall@10: 0.1020 recall@20: 0.1555 ] [ndcg@5: 0.0631 ndcg@10: 0.0764 ndcg@20: 0.0936 ] 
2025-10-02 16:27:18,080 - Epoch 144 Validation set [recall@5: 0.0643 recall@10: 0.1038 recall@20: 0.1566 ] [ndcg@5: 0.0636 ndcg@10: 0.0773 ndcg@20: 0.0942 ] 
2025-10-02 16:27:27,689 - Epoch 147 Validation set [recall@5: 0.0642 recall@10: 0.1029 recall@20: 0.1562 ] [ndcg@5: 0.0629 ndcg@10: 0.0766 ndcg@20: 0.0936 ] 
2025-10-02 16:27:37,367 - Epoch 150 Validation set [recall@5: 0.0657 recall@10: 0.1045 recall@20: 0.1581 ] [ndcg@5: 0.0648 ndcg@10: 0.0785 ndcg@20: 0.0956 ] 
2025-10-02 16:27:47,182 - Epoch 153 Validation set [recall@5: 0.0660 recall@10: 0.1048 recall@20: 0.1595 ] [ndcg@5: 0.0649 ndcg@10: 0.0785 ndcg@20: 0.0961 ] 
2025-10-02 16:27:56,942 - Epoch 156 Validation set [recall@5: 0.0673 recall@10: 0.1080 recall@20: 0.1594 ] [ndcg@5: 0.0652 ndcg@10: 0.0797 ndcg@20: 0.0964 ] 
2025-10-02 16:28:06,850 - Epoch 159 Validation set [recall@5: 0.0664 recall@10: 0.1048 recall@20: 0.1588 ] [ndcg@5: 0.0652 ndcg@10: 0.0784 ndcg@20: 0.0959 ] 
2025-10-02 16:28:16,409 - Epoch 162 Validation set [recall@5: 0.0658 recall@10: 0.1051 recall@20: 0.1584 ] [ndcg@5: 0.0648 ndcg@10: 0.0786 ndcg@20: 0.0959 ] 
2025-10-02 16:28:26,978 - Epoch 165 Validation set [recall@5: 0.0670 recall@10: 0.1062 recall@20: 0.1598 ] [ndcg@5: 0.0650 ndcg@10: 0.0787 ndcg@20: 0.0962 ] 
2025-10-02 16:28:37,387 - Epoch 168 Validation set [recall@5: 0.0668 recall@10: 0.1065 recall@20: 0.1596 ] [ndcg@5: 0.0649 ndcg@10: 0.0789 ndcg@20: 0.0963 ] 
2025-10-02 16:28:47,235 - Epoch 171 Validation set [recall@5: 0.0663 recall@10: 0.1071 recall@20: 0.1612 ] [ndcg@5: 0.0650 ndcg@10: 0.0794 ndcg@20: 0.0970 ] 
2025-10-02 16:28:57,761 - Epoch 174 Validation set [recall@5: 0.0671 recall@10: 0.1075 recall@20: 0.1621 ] [ndcg@5: 0.0660 ndcg@10: 0.0802 ndcg@20: 0.0980 ] 
2025-10-02 16:29:07,973 - Epoch 177 Validation set [recall@5: 0.0680 recall@10: 0.1090 recall@20: 0.1637 ] [ndcg@5: 0.0662 ndcg@10: 0.0807 ndcg@20: 0.0985 ] 
2025-10-02 16:29:18,225 - Epoch 180 Validation set [recall@5: 0.0679 recall@10: 0.1077 recall@20: 0.1625 ] [ndcg@5: 0.0670 ndcg@10: 0.0809 ndcg@20: 0.0987 ] 
2025-10-02 16:29:28,471 - Epoch 183 Validation set [recall@5: 0.0676 recall@10: 0.1087 recall@20: 0.1621 ] [ndcg@5: 0.0665 ndcg@10: 0.0810 ndcg@20: 0.0983 ] 
2025-10-02 16:29:38,859 - Epoch 186 Validation set [recall@5: 0.0688 recall@10: 0.1088 recall@20: 0.1629 ] [ndcg@5: 0.0670 ndcg@10: 0.0812 ndcg@20: 0.0987 ] 
2025-10-02 16:29:48,453 - Epoch 189 Validation set [recall@5: 0.0680 recall@10: 0.1095 recall@20: 0.1638 ] [ndcg@5: 0.0670 ndcg@10: 0.0818 ndcg@20: 0.0995 ] 
2025-10-02 16:29:58,491 - Epoch 192 Validation set [recall@5: 0.0678 recall@10: 0.1102 recall@20: 0.1619 ] [ndcg@5: 0.0669 ndcg@10: 0.0818 ndcg@20: 0.0986 ] 
2025-10-02 16:30:07,876 - Epoch 195 Validation set [recall@5: 0.0680 recall@10: 0.1093 recall@20: 0.1627 ] [ndcg@5: 0.0672 ndcg@10: 0.0816 ndcg@20: 0.0990 ] 
2025-10-02 16:30:17,561 - Epoch 198 Validation set [recall@5: 0.0684 recall@10: 0.1107 recall@20: 0.1642 ] [ndcg@5: 0.0676 ndcg@10: 0.0825 ndcg@20: 0.0999 ] 
2025-10-02 16:30:28,108 - Epoch 201 Validation set [recall@5: 0.0688 recall@10: 0.1100 recall@20: 0.1635 ] [ndcg@5: 0.0676 ndcg@10: 0.0819 ndcg@20: 0.0994 ] 
2025-10-02 16:30:38,910 - Epoch 204 Validation set [recall@5: 0.0709 recall@10: 0.1123 recall@20: 0.1653 ] [ndcg@5: 0.0690 ndcg@10: 0.0835 ndcg@20: 0.1009 ] 
2025-10-02 16:30:50,213 - Epoch 207 Validation set [recall@5: 0.0700 recall@10: 0.1124 recall@20: 0.1658 ] [ndcg@5: 0.0686 ndcg@10: 0.0834 ndcg@20: 0.1009 ] 
2025-10-02 16:31:00,662 - Epoch 210 Validation set [recall@5: 0.0702 recall@10: 0.1126 recall@20: 0.1650 ] [ndcg@5: 0.0685 ndcg@10: 0.0832 ndcg@20: 0.1004 ] 
2025-10-02 16:31:10,713 - Epoch 213 Validation set [recall@5: 0.0696 recall@10: 0.1114 recall@20: 0.1631 ] [ndcg@5: 0.0682 ndcg@10: 0.0827 ndcg@20: 0.0997 ] 
2025-10-02 16:31:21,308 - Epoch 216 Validation set [recall@5: 0.0707 recall@10: 0.1123 recall@20: 0.1647 ] [ndcg@5: 0.0687 ndcg@10: 0.0833 ndcg@20: 0.1004 ] 
2025-10-02 16:31:32,242 - Epoch 219 Validation set [recall@5: 0.0722 recall@10: 0.1124 recall@20: 0.1656 ] [ndcg@5: 0.0692 ndcg@10: 0.0834 ndcg@20: 0.1008 ] 
2025-10-02 16:31:43,281 - Epoch 222 Validation set [recall@5: 0.0723 recall@10: 0.1133 recall@20: 0.1668 ] [ndcg@5: 0.0705 ndcg@10: 0.0849 ndcg@20: 0.1023 ] 
2025-10-02 16:31:53,893 - Epoch 225 Validation set [recall@5: 0.0707 recall@10: 0.1111 recall@20: 0.1621 ] [ndcg@5: 0.0689 ndcg@10: 0.0830 ndcg@20: 0.0996 ] 
2025-10-02 16:32:04,174 - Epoch 228 Validation set [recall@5: 0.0725 recall@10: 0.1143 recall@20: 0.1671 ] [ndcg@5: 0.0706 ndcg@10: 0.0852 ndcg@20: 0.1026 ] 
2025-10-02 16:32:14,278 - Epoch 231 Validation set [recall@5: 0.0715 recall@10: 0.1132 recall@20: 0.1667 ] [ndcg@5: 0.0699 ndcg@10: 0.0845 ndcg@20: 0.1020 ] 
2025-10-02 16:32:23,996 - Epoch 234 Validation set [recall@5: 0.0732 recall@10: 0.1142 recall@20: 0.1673 ] [ndcg@5: 0.0707 ndcg@10: 0.0851 ndcg@20: 0.1026 ] 
2025-10-02 16:32:34,211 - Epoch 237 Validation set [recall@5: 0.0722 recall@10: 0.1136 recall@20: 0.1675 ] [ndcg@5: 0.0700 ndcg@10: 0.0847 ndcg@20: 0.1023 ] 
2025-10-02 16:32:44,360 - Epoch 240 Validation set [recall@5: 0.0732 recall@10: 0.1151 recall@20: 0.1692 ] [ndcg@5: 0.0711 ndcg@10: 0.0856 ndcg@20: 0.1035 ] 
2025-10-02 16:32:54,696 - Epoch 243 Validation set [recall@5: 0.0742 recall@10: 0.1155 recall@20: 0.1683 ] [ndcg@5: 0.0716 ndcg@10: 0.0858 ndcg@20: 0.1032 ] 
2025-10-02 16:33:04,642 - Epoch 246 Validation set [recall@5: 0.0701 recall@10: 0.1135 recall@20: 0.1669 ] [ndcg@5: 0.0689 ndcg@10: 0.0842 ndcg@20: 0.1016 ] 
2025-10-02 16:33:15,335 - Epoch 249 Validation set [recall@5: 0.0731 recall@10: 0.1152 recall@20: 0.1687 ] [ndcg@5: 0.0710 ndcg@10: 0.0859 ndcg@20: 0.1036 ] 
2025-10-02 16:33:25,792 - Epoch 252 Validation set [recall@5: 0.0721 recall@10: 0.1151 recall@20: 0.1674 ] [ndcg@5: 0.0704 ndcg@10: 0.0855 ndcg@20: 0.1026 ] 
2025-10-02 16:33:36,239 - Epoch 255 Validation set [recall@5: 0.0732 recall@10: 0.1153 recall@20: 0.1682 ] [ndcg@5: 0.0707 ndcg@10: 0.0856 ndcg@20: 0.1030 ] 
2025-10-02 16:33:37,899 - [recall@5: 0.0732 recall@10: 0.1151 recall@20: 0.1692 ] [ndcg@5: 0.0711 ndcg@10: 0.0856 ndcg@20: 0.1035 ] 
2025-10-02 16:33:39,528 - [recall@5: 0.0724 recall@10: 0.1090 recall@20: 0.1612 ] [ndcg@5: 0.0723 ndcg@10: 0.0849 ndcg@20: 0.1020 ] 
2025-10-02 16:33:39,538 - Save model parameters to ./encoder/checkpoint/lightgcn_rgcn/lightgcn_rgcn-amazon-2023.pth
2025-10-02 16:33:39,538 - Best Epoch 240. Final test result: {'recall': array([0.07238084, 0.10903604, 0.16117704]), 'ndcg': array([0.0723353 , 0.08487024, 0.10203082])}.
