2025-10-02 16:08:32,337 - {'optimizer': {'name': 'adam', 'lr': 0.001, 'weight_decay': 0}, 'train': {'epoch': 3000, 'batch_size': 4096, 'save_model': True, 'loss': 'pairwise', 'test_step': 3, 'reproducible': True, 'seed': 2023, 'patience': 5}, 'test': {'metrics': ['recall', 'ndcg'], 'k': [5, 10, 20], 'batch_size': 1024}, 'data': {'type': 'general_agcf', 'name': 'amazon', 'mat_type': 'uai', 'pre_norm': True, 'user_num': 11000, 'item_num': 9332, 'user_item_num': 20332, 'attr_num': 1978}, 'model': {'name': 'lightgcn_rgcn', 'label': 'ori', 'keep_rate': 0.9, 'embedding_size': 64, 'use_unify_layer_num': True, 'layer_num': 7, 'reg_weight': 1e-07, 'amazon': {'keep_rate': 0.9, 'layer_num': 7, 'reg_weight': 1e-07, 'eps': 0.1}, 'yelp': {'keep_rate': 0.9, 'layer_num': 3, 'reg_weight': 1e-06, 'eps': 0.1}, 'steam': {'keep_rate': 0.8, 'layer_num': 3, 'reg_weight': 1e-07, 'eps': 0.2}, 'Office': {'keep_rate': 0.9, 'layer_num': 3, 'reg_weight': 5e-06, 'eps': 0.1}}}
2025-10-02 16:08:39,559 - Epoch   0 Validation set [recall@5: 0.0083 recall@10: 0.0140 recall@20: 0.0228 ] [ndcg@5: 0.0084 ndcg@10: 0.0103 ndcg@20: 0.0131 ] 
2025-10-02 16:08:49,138 - Epoch   3 Validation set [recall@5: 0.0185 recall@10: 0.0333 recall@20: 0.0547 ] [ndcg@5: 0.0188 ndcg@10: 0.0241 ndcg@20: 0.0310 ] 
2025-10-02 16:08:58,596 - Epoch   6 Validation set [recall@5: 0.0262 recall@10: 0.0441 recall@20: 0.0728 ] [ndcg@5: 0.0258 ndcg@10: 0.0321 ndcg@20: 0.0413 ] 
2025-10-02 16:09:07,791 - Epoch   9 Validation set [recall@5: 0.0290 recall@10: 0.0494 recall@20: 0.0809 ] [ndcg@5: 0.0292 ndcg@10: 0.0361 ndcg@20: 0.0463 ] 
2025-10-02 16:09:17,785 - Epoch  12 Validation set [recall@5: 0.0315 recall@10: 0.0539 recall@20: 0.0867 ] [ndcg@5: 0.0319 ndcg@10: 0.0396 ndcg@20: 0.0503 ] 
2025-10-02 16:09:27,393 - Epoch  15 Validation set [recall@5: 0.0349 recall@10: 0.0578 recall@20: 0.0933 ] [ndcg@5: 0.0352 ndcg@10: 0.0428 ndcg@20: 0.0544 ] 
2025-10-02 16:09:36,491 - Epoch  18 Validation set [recall@5: 0.0359 recall@10: 0.0603 recall@20: 0.0965 ] [ndcg@5: 0.0360 ndcg@10: 0.0443 ndcg@20: 0.0562 ] 
2025-10-02 16:09:45,626 - Epoch  21 Validation set [recall@5: 0.0374 recall@10: 0.0623 recall@20: 0.1015 ] [ndcg@5: 0.0377 ndcg@10: 0.0463 ndcg@20: 0.0591 ] 
2025-10-02 16:09:54,935 - Epoch  24 Validation set [recall@5: 0.0397 recall@10: 0.0654 recall@20: 0.1042 ] [ndcg@5: 0.0400 ndcg@10: 0.0487 ndcg@20: 0.0613 ] 
2025-10-02 16:10:04,341 - Epoch  27 Validation set [recall@5: 0.0413 recall@10: 0.0682 recall@20: 0.1072 ] [ndcg@5: 0.0416 ndcg@10: 0.0506 ndcg@20: 0.0631 ] 
2025-10-02 16:10:13,703 - Epoch  30 Validation set [recall@5: 0.0435 recall@10: 0.0712 recall@20: 0.1110 ] [ndcg@5: 0.0436 ndcg@10: 0.0526 ndcg@20: 0.0654 ] 
2025-10-02 16:10:23,880 - Epoch  33 Validation set [recall@5: 0.0443 recall@10: 0.0709 recall@20: 0.1136 ] [ndcg@5: 0.0446 ndcg@10: 0.0533 ndcg@20: 0.0670 ] 
2025-10-02 16:10:33,801 - Epoch  36 Validation set [recall@5: 0.0453 recall@10: 0.0736 recall@20: 0.1154 ] [ndcg@5: 0.0455 ndcg@10: 0.0548 ndcg@20: 0.0683 ] 
2025-10-02 16:10:43,065 - Epoch  39 Validation set [recall@5: 0.0467 recall@10: 0.0757 recall@20: 0.1186 ] [ndcg@5: 0.0466 ndcg@10: 0.0561 ndcg@20: 0.0700 ] 
2025-10-02 16:10:52,049 - Epoch  42 Validation set [recall@5: 0.0477 recall@10: 0.0778 recall@20: 0.1217 ] [ndcg@5: 0.0481 ndcg@10: 0.0580 ndcg@20: 0.0722 ] 
2025-10-02 16:11:01,510 - Epoch  45 Validation set [recall@5: 0.0488 recall@10: 0.0776 recall@20: 0.1233 ] [ndcg@5: 0.0489 ndcg@10: 0.0582 ndcg@20: 0.0729 ] 
2025-10-02 16:11:11,495 - Epoch  48 Validation set [recall@5: 0.0493 recall@10: 0.0793 recall@20: 0.1240 ] [ndcg@5: 0.0490 ndcg@10: 0.0589 ndcg@20: 0.0733 ] 
2025-10-02 16:11:20,685 - Epoch  51 Validation set [recall@5: 0.0502 recall@10: 0.0802 recall@20: 0.1253 ] [ndcg@5: 0.0497 ndcg@10: 0.0599 ndcg@20: 0.0744 ] 
2025-10-02 16:11:29,668 - Epoch  54 Validation set [recall@5: 0.0504 recall@10: 0.0818 recall@20: 0.1282 ] [ndcg@5: 0.0501 ndcg@10: 0.0607 ndcg@20: 0.0757 ] 
2025-10-02 16:11:39,502 - Epoch  57 Validation set [recall@5: 0.0518 recall@10: 0.0844 recall@20: 0.1294 ] [ndcg@5: 0.0508 ndcg@10: 0.0620 ndcg@20: 0.0764 ] 
2025-10-02 16:11:48,908 - Epoch  60 Validation set [recall@5: 0.0523 recall@10: 0.0850 recall@20: 0.1302 ] [ndcg@5: 0.0513 ndcg@10: 0.0627 ndcg@20: 0.0773 ] 
2025-10-02 16:11:58,867 - Epoch  63 Validation set [recall@5: 0.0525 recall@10: 0.0858 recall@20: 0.1320 ] [ndcg@5: 0.0522 ndcg@10: 0.0637 ndcg@20: 0.0786 ] 
2025-10-02 16:12:09,163 - Epoch  66 Validation set [recall@5: 0.0530 recall@10: 0.0882 recall@20: 0.1354 ] [ndcg@5: 0.0529 ndcg@10: 0.0652 ndcg@20: 0.0804 ] 
2025-10-02 16:12:18,530 - Epoch  69 Validation set [recall@5: 0.0540 recall@10: 0.0880 recall@20: 0.1357 ] [ndcg@5: 0.0543 ndcg@10: 0.0660 ndcg@20: 0.0814 ] 
2025-10-02 16:12:28,765 - Epoch  72 Validation set [recall@5: 0.0544 recall@10: 0.0895 recall@20: 0.1380 ] [ndcg@5: 0.0549 ndcg@10: 0.0672 ndcg@20: 0.0827 ] 
2025-10-02 16:12:38,980 - Epoch  75 Validation set [recall@5: 0.0549 recall@10: 0.0906 recall@20: 0.1385 ] [ndcg@5: 0.0553 ndcg@10: 0.0677 ndcg@20: 0.0830 ] 
2025-10-02 16:12:48,025 - Epoch  78 Validation set [recall@5: 0.0553 recall@10: 0.0909 recall@20: 0.1401 ] [ndcg@5: 0.0557 ndcg@10: 0.0680 ndcg@20: 0.0839 ] 
2025-10-02 16:12:57,589 - Epoch  81 Validation set [recall@5: 0.0570 recall@10: 0.0928 recall@20: 0.1432 ] [ndcg@5: 0.0567 ndcg@10: 0.0693 ndcg@20: 0.0855 ] 
2025-10-02 16:13:07,209 - Epoch  84 Validation set [recall@5: 0.0571 recall@10: 0.0935 recall@20: 0.1437 ] [ndcg@5: 0.0572 ndcg@10: 0.0699 ndcg@20: 0.0861 ] 
2025-10-02 16:13:16,820 - Epoch  87 Validation set [recall@5: 0.0586 recall@10: 0.0939 recall@20: 0.1454 ] [ndcg@5: 0.0583 ndcg@10: 0.0707 ndcg@20: 0.0873 ] 
2025-10-02 16:13:26,373 - Epoch  90 Validation set [recall@5: 0.0583 recall@10: 0.0943 recall@20: 0.1455 ] [ndcg@5: 0.0585 ndcg@10: 0.0712 ndcg@20: 0.0876 ] 
2025-10-02 16:13:35,595 - Epoch  93 Validation set [recall@5: 0.0607 recall@10: 0.0955 recall@20: 0.1466 ] [ndcg@5: 0.0601 ndcg@10: 0.0721 ndcg@20: 0.0886 ] 
2025-10-02 16:13:45,218 - Epoch  96 Validation set [recall@5: 0.0613 recall@10: 0.0984 recall@20: 0.1488 ] [ndcg@5: 0.0605 ndcg@10: 0.0735 ndcg@20: 0.0897 ] 
2025-10-02 16:13:54,632 - Epoch  99 Validation set [recall@5: 0.0613 recall@10: 0.0969 recall@20: 0.1490 ] [ndcg@5: 0.0611 ndcg@10: 0.0736 ndcg@20: 0.0904 ] 
2025-10-02 16:14:04,872 - Epoch 102 Validation set [recall@5: 0.0618 recall@10: 0.0984 recall@20: 0.1506 ] [ndcg@5: 0.0610 ndcg@10: 0.0737 ndcg@20: 0.0905 ] 
2025-10-02 16:14:14,376 - Epoch 105 Validation set [recall@5: 0.0619 recall@10: 0.0984 recall@20: 0.1505 ] [ndcg@5: 0.0611 ndcg@10: 0.0737 ndcg@20: 0.0905 ] 
2025-10-02 16:14:23,528 - Epoch 108 Validation set [recall@5: 0.0631 recall@10: 0.0994 recall@20: 0.1508 ] [ndcg@5: 0.0620 ndcg@10: 0.0746 ndcg@20: 0.0913 ] 
2025-10-02 16:14:32,864 - Epoch 111 Validation set [recall@5: 0.0646 recall@10: 0.1019 recall@20: 0.1553 ] [ndcg@5: 0.0639 ndcg@10: 0.0767 ndcg@20: 0.0940 ] 
2025-10-02 16:14:42,837 - Epoch 114 Validation set [recall@5: 0.0652 recall@10: 0.1027 recall@20: 0.1558 ] [ndcg@5: 0.0643 ndcg@10: 0.0774 ndcg@20: 0.0945 ] 
2025-10-02 16:14:51,912 - Epoch 117 Validation set [recall@5: 0.0657 recall@10: 0.1041 recall@20: 0.1584 ] [ndcg@5: 0.0648 ndcg@10: 0.0781 ndcg@20: 0.0957 ] 
2025-10-02 16:15:00,813 - Epoch 120 Validation set [recall@5: 0.0650 recall@10: 0.1042 recall@20: 0.1564 ] [ndcg@5: 0.0640 ndcg@10: 0.0777 ndcg@20: 0.0945 ] 
2025-10-02 16:15:09,911 - Epoch 123 Validation set [recall@5: 0.0653 recall@10: 0.1048 recall@20: 0.1572 ] [ndcg@5: 0.0640 ndcg@10: 0.0776 ndcg@20: 0.0947 ] 
2025-10-02 16:15:19,864 - Epoch 126 Validation set [recall@5: 0.0646 recall@10: 0.1063 recall@20: 0.1588 ] [ndcg@5: 0.0641 ndcg@10: 0.0787 ndcg@20: 0.0957 ] 
2025-10-02 16:15:29,302 - Epoch 129 Validation set [recall@5: 0.0664 recall@10: 0.1074 recall@20: 0.1594 ] [ndcg@5: 0.0649 ndcg@10: 0.0793 ndcg@20: 0.0962 ] 
2025-10-02 16:15:39,005 - Epoch 132 Validation set [recall@5: 0.0653 recall@10: 0.1057 recall@20: 0.1583 ] [ndcg@5: 0.0642 ndcg@10: 0.0784 ndcg@20: 0.0954 ] 
2025-10-02 16:15:48,450 - Epoch 135 Validation set [recall@5: 0.0659 recall@10: 0.1081 recall@20: 0.1595 ] [ndcg@5: 0.0647 ndcg@10: 0.0795 ndcg@20: 0.0960 ] 
2025-10-02 16:15:57,690 - Epoch 138 Validation set [recall@5: 0.0664 recall@10: 0.1083 recall@20: 0.1606 ] [ndcg@5: 0.0655 ndcg@10: 0.0803 ndcg@20: 0.0972 ] 
2025-10-02 16:16:06,414 - Epoch 141 Validation set [recall@5: 0.0670 recall@10: 0.1074 recall@20: 0.1607 ] [ndcg@5: 0.0659 ndcg@10: 0.0799 ndcg@20: 0.0970 ] 
2025-10-02 16:16:15,350 - Epoch 144 Validation set [recall@5: 0.0679 recall@10: 0.1090 recall@20: 0.1629 ] [ndcg@5: 0.0664 ndcg@10: 0.0809 ndcg@20: 0.0983 ] 
2025-10-02 16:16:24,795 - Epoch 147 Validation set [recall@5: 0.0678 recall@10: 0.1099 recall@20: 0.1622 ] [ndcg@5: 0.0665 ndcg@10: 0.0813 ndcg@20: 0.0982 ] 
2025-10-02 16:16:34,478 - Epoch 150 Validation set [recall@5: 0.0686 recall@10: 0.1119 recall@20: 0.1642 ] [ndcg@5: 0.0670 ndcg@10: 0.0824 ndcg@20: 0.0994 ] 
2025-10-02 16:16:44,201 - Epoch 153 Validation set [recall@5: 0.0691 recall@10: 0.1097 recall@20: 0.1649 ] [ndcg@5: 0.0676 ndcg@10: 0.0818 ndcg@20: 0.0997 ] 
2025-10-02 16:16:54,144 - Epoch 156 Validation set [recall@5: 0.0687 recall@10: 0.1109 recall@20: 0.1631 ] [ndcg@5: 0.0669 ndcg@10: 0.0818 ndcg@20: 0.0988 ] 
2025-10-02 16:17:04,465 - Epoch 159 Validation set [recall@5: 0.0689 recall@10: 0.1094 recall@20: 0.1645 ] [ndcg@5: 0.0669 ndcg@10: 0.0812 ndcg@20: 0.0990 ] 
2025-10-02 16:17:13,976 - Epoch 162 Validation set [recall@5: 0.0709 recall@10: 0.1109 recall@20: 0.1646 ] [ndcg@5: 0.0682 ndcg@10: 0.0822 ndcg@20: 0.0997 ] 
2025-10-02 16:17:24,167 - Epoch 165 Validation set [recall@5: 0.0702 recall@10: 0.1111 recall@20: 0.1657 ] [ndcg@5: 0.0681 ndcg@10: 0.0825 ndcg@20: 0.1004 ] 
2025-10-02 16:17:33,995 - Epoch 168 Validation set [recall@5: 0.0703 recall@10: 0.1129 recall@20: 0.1659 ] [ndcg@5: 0.0677 ndcg@10: 0.0831 ndcg@20: 0.1003 ] 
2025-10-02 16:17:43,187 - Epoch 171 Validation set [recall@5: 0.0709 recall@10: 0.1130 recall@20: 0.1683 ] [ndcg@5: 0.0685 ndcg@10: 0.0834 ndcg@20: 0.1014 ] 
2025-10-02 16:17:53,091 - Epoch 174 Validation set [recall@5: 0.0708 recall@10: 0.1137 recall@20: 0.1684 ] [ndcg@5: 0.0696 ndcg@10: 0.0846 ndcg@20: 0.1024 ] 
2025-10-02 16:18:02,885 - Epoch 177 Validation set [recall@5: 0.0712 recall@10: 0.1137 recall@20: 0.1688 ] [ndcg@5: 0.0690 ndcg@10: 0.0839 ndcg@20: 0.1018 ] 
2025-10-02 16:18:11,966 - Epoch 180 Validation set [recall@5: 0.0717 recall@10: 0.1146 recall@20: 0.1696 ] [ndcg@5: 0.0701 ndcg@10: 0.0851 ndcg@20: 0.1030 ] 
2025-10-02 16:18:21,461 - Epoch 183 Validation set [recall@5: 0.0717 recall@10: 0.1135 recall@20: 0.1683 ] [ndcg@5: 0.0698 ndcg@10: 0.0844 ndcg@20: 0.1023 ] 
2025-10-02 16:18:30,948 - Epoch 186 Validation set [recall@5: 0.0715 recall@10: 0.1134 recall@20: 0.1674 ] [ndcg@5: 0.0694 ndcg@10: 0.0840 ndcg@20: 0.1017 ] 
2025-10-02 16:18:40,082 - Epoch 189 Validation set [recall@5: 0.0721 recall@10: 0.1144 recall@20: 0.1692 ] [ndcg@5: 0.0698 ndcg@10: 0.0847 ndcg@20: 0.1027 ] 
2025-10-02 16:18:49,530 - Epoch 192 Validation set [recall@5: 0.0722 recall@10: 0.1147 recall@20: 0.1676 ] [ndcg@5: 0.0702 ndcg@10: 0.0850 ndcg@20: 0.1023 ] 
2025-10-02 16:18:59,064 - Epoch 195 Validation set [recall@5: 0.0727 recall@10: 0.1139 recall@20: 0.1691 ] [ndcg@5: 0.0708 ndcg@10: 0.0851 ndcg@20: 0.1032 ] 
2025-10-02 16:19:01,095 - [recall@5: 0.0717 recall@10: 0.1146 recall@20: 0.1696 ] [ndcg@5: 0.0701 ndcg@10: 0.0851 ndcg@20: 0.1030 ] 
2025-10-02 16:19:02,755 - [recall@5: 0.0728 recall@10: 0.1094 recall@20: 0.1592 ] [ndcg@5: 0.0727 ndcg@10: 0.0852 ndcg@20: 0.1016 ] 
2025-10-02 16:19:02,763 - Save model parameters to ./encoder/checkpoint/lightgcn_rgcn/lightgcn_rgcn-amazon-2023.pth
2025-10-02 16:19:02,764 - Best Epoch 180. Final test result: {'recall': array([0.07278411, 0.10936414, 0.1591642 ]), 'ndcg': array([0.07274053, 0.08522574, 0.10159882])}.
