2025-10-01 18:46:04,551 - {'optimizer': {'name': 'adam', 'lr': 0.001, 'weight_decay': 0}, 'train': {'epoch': 3000, 'batch_size': 4096, 'save_model': True, 'loss': 'pairwise', 'test_step': 3, 'reproducible': True, 'seed': 2023, 'patience': 5}, 'test': {'metrics': ['recall', 'ndcg'], 'k': [5, 10, 20], 'batch_size': 1024}, 'data': {'type': 'general_agcf', 'name': 'amazon', 'mat_type': 'uai', 'pre_norm': True, 'user_num': 11000, 'item_num': 9332, 'user_item_num': 20332, 'attr_num': 1978}, 'model': {'name': 'lightgcn_rgcn', 'label': 'ori', 'keep_rate': 0.9, 'embedding_size': 64, 'use_unify_layer_num': True, 'layer_num': 9, 'reg_weight': 1e-07, 'amazon': {'keep_rate': 0.9, 'layer_num': 9, 'reg_weight': 1e-07, 'eps': 0.1}, 'yelp': {'keep_rate': 0.9, 'layer_num': 3, 'reg_weight': 1e-06, 'eps': 0.1}, 'steam': {'keep_rate': 0.8, 'layer_num': 3, 'reg_weight': 1e-07, 'eps': 0.2}, 'Office': {'keep_rate': 0.9, 'layer_num': 3, 'reg_weight': 1e-06, 'eps': 0.1}}}
2025-10-01 18:46:09,890 - Epoch   0 Validation set [recall@5: 0.0080 recall@10: 0.0137 recall@20: 0.0229 ] [ndcg@5: 0.0083 ndcg@10: 0.0102 ndcg@20: 0.0132 ] 
2025-10-01 18:46:20,744 - Epoch   3 Validation set [recall@5: 0.0162 recall@10: 0.0290 recall@20: 0.0483 ] [ndcg@5: 0.0167 ndcg@10: 0.0213 ndcg@20: 0.0276 ] 
2025-10-01 18:46:31,777 - Epoch   6 Validation set [recall@5: 0.0226 recall@10: 0.0394 recall@20: 0.0665 ] [ndcg@5: 0.0224 ndcg@10: 0.0283 ndcg@20: 0.0370 ] 
2025-10-01 18:46:43,026 - Epoch   9 Validation set [recall@5: 0.0276 recall@10: 0.0451 recall@20: 0.0742 ] [ndcg@5: 0.0266 ndcg@10: 0.0327 ndcg@20: 0.0421 ] 
2025-10-01 18:46:52,986 - Epoch  12 Validation set [recall@5: 0.0296 recall@10: 0.0492 recall@20: 0.0810 ] [ndcg@5: 0.0293 ndcg@10: 0.0360 ndcg@20: 0.0464 ] 
2025-10-01 18:47:03,279 - Epoch  15 Validation set [recall@5: 0.0324 recall@10: 0.0531 recall@20: 0.0847 ] [ndcg@5: 0.0320 ndcg@10: 0.0390 ndcg@20: 0.0494 ] 
2025-10-01 18:47:13,825 - Epoch  18 Validation set [recall@5: 0.0336 recall@10: 0.0561 recall@20: 0.0914 ] [ndcg@5: 0.0331 ndcg@10: 0.0408 ndcg@20: 0.0523 ] 
2025-10-01 18:47:24,403 - Epoch  21 Validation set [recall@5: 0.0359 recall@10: 0.0579 recall@20: 0.0948 ] [ndcg@5: 0.0353 ndcg@10: 0.0426 ndcg@20: 0.0546 ] 
2025-10-01 18:47:35,059 - Epoch  24 Validation set [recall@5: 0.0366 recall@10: 0.0590 recall@20: 0.0966 ] [ndcg@5: 0.0363 ndcg@10: 0.0437 ndcg@20: 0.0560 ] 
2025-10-01 18:47:45,015 - Epoch  27 Validation set [recall@5: 0.0366 recall@10: 0.0604 recall@20: 0.0969 ] [ndcg@5: 0.0367 ndcg@10: 0.0447 ndcg@20: 0.0564 ] 
2025-10-01 18:47:55,029 - Epoch  30 Validation set [recall@5: 0.0390 recall@10: 0.0640 recall@20: 0.1013 ] [ndcg@5: 0.0389 ndcg@10: 0.0473 ndcg@20: 0.0593 ] 
2025-10-01 18:48:06,269 - Epoch  33 Validation set [recall@5: 0.0405 recall@10: 0.0653 recall@20: 0.1045 ] [ndcg@5: 0.0401 ndcg@10: 0.0484 ndcg@20: 0.0611 ] 
2025-10-01 18:48:16,099 - Epoch  36 Validation set [recall@5: 0.0406 recall@10: 0.0668 recall@20: 0.1047 ] [ndcg@5: 0.0406 ndcg@10: 0.0493 ndcg@20: 0.0616 ] 
2025-10-01 18:48:26,435 - Epoch  39 Validation set [recall@5: 0.0428 recall@10: 0.0683 recall@20: 0.1079 ] [ndcg@5: 0.0420 ndcg@10: 0.0504 ndcg@20: 0.0632 ] 
2025-10-01 18:48:37,735 - Epoch  42 Validation set [recall@5: 0.0423 recall@10: 0.0693 recall@20: 0.1090 ] [ndcg@5: 0.0423 ndcg@10: 0.0513 ndcg@20: 0.0641 ] 
2025-10-01 18:48:47,750 - Epoch  45 Validation set [recall@5: 0.0441 recall@10: 0.0712 recall@20: 0.1127 ] [ndcg@5: 0.0439 ndcg@10: 0.0528 ndcg@20: 0.0663 ] 
2025-10-01 18:48:58,446 - Epoch  48 Validation set [recall@5: 0.0442 recall@10: 0.0724 recall@20: 0.1156 ] [ndcg@5: 0.0443 ndcg@10: 0.0538 ndcg@20: 0.0678 ] 
2025-10-01 18:49:08,954 - Epoch  51 Validation set [recall@5: 0.0464 recall@10: 0.0738 recall@20: 0.1165 ] [ndcg@5: 0.0456 ndcg@10: 0.0547 ndcg@20: 0.0685 ] 
2025-10-01 18:49:19,076 - Epoch  54 Validation set [recall@5: 0.0455 recall@10: 0.0738 recall@20: 0.1163 ] [ndcg@5: 0.0447 ndcg@10: 0.0543 ndcg@20: 0.0681 ] 
2025-10-01 18:49:30,181 - Epoch  57 Validation set [recall@5: 0.0463 recall@10: 0.0751 recall@20: 0.1184 ] [ndcg@5: 0.0454 ndcg@10: 0.0552 ndcg@20: 0.0693 ] 
2025-10-01 18:49:39,927 - Epoch  60 Validation set [recall@5: 0.0490 recall@10: 0.0780 recall@20: 0.1201 ] [ndcg@5: 0.0480 ndcg@10: 0.0578 ndcg@20: 0.0715 ] 
2025-10-01 18:49:49,637 - Epoch  63 Validation set [recall@5: 0.0495 recall@10: 0.0790 recall@20: 0.1225 ] [ndcg@5: 0.0483 ndcg@10: 0.0582 ndcg@20: 0.0723 ] 
2025-10-01 18:50:00,015 - Epoch  66 Validation set [recall@5: 0.0482 recall@10: 0.0778 recall@20: 0.1211 ] [ndcg@5: 0.0476 ndcg@10: 0.0576 ndcg@20: 0.0717 ] 
2025-10-01 18:50:10,833 - Epoch  69 Validation set [recall@5: 0.0486 recall@10: 0.0777 recall@20: 0.1227 ] [ndcg@5: 0.0477 ndcg@10: 0.0577 ndcg@20: 0.0723 ] 
2025-10-01 18:50:21,559 - Epoch  72 Validation set [recall@5: 0.0492 recall@10: 0.0824 recall@20: 0.1279 ] [ndcg@5: 0.0497 ndcg@10: 0.0610 ndcg@20: 0.0757 ] 
2025-10-01 18:50:31,991 - Epoch  75 Validation set [recall@5: 0.0506 recall@10: 0.0812 recall@20: 0.1274 ] [ndcg@5: 0.0503 ndcg@10: 0.0607 ndcg@20: 0.0755 ] 
2025-10-01 18:50:41,996 - Epoch  78 Validation set [recall@5: 0.0496 recall@10: 0.0817 recall@20: 0.1273 ] [ndcg@5: 0.0497 ndcg@10: 0.0606 ndcg@20: 0.0754 ] 
2025-10-01 18:50:52,634 - Epoch  81 Validation set [recall@5: 0.0522 recall@10: 0.0831 recall@20: 0.1304 ] [ndcg@5: 0.0520 ndcg@10: 0.0626 ndcg@20: 0.0777 ] 
2025-10-01 18:51:02,352 - Epoch  84 Validation set [recall@5: 0.0524 recall@10: 0.0831 recall@20: 0.1306 ] [ndcg@5: 0.0520 ndcg@10: 0.0623 ndcg@20: 0.0776 ] 
2025-10-01 18:51:13,457 - Epoch  87 Validation set [recall@5: 0.0536 recall@10: 0.0842 recall@20: 0.1321 ] [ndcg@5: 0.0535 ndcg@10: 0.0638 ndcg@20: 0.0792 ] 
2025-10-01 18:51:24,388 - Epoch  90 Validation set [recall@5: 0.0540 recall@10: 0.0859 recall@20: 0.1324 ] [ndcg@5: 0.0533 ndcg@10: 0.0641 ndcg@20: 0.0791 ] 
2025-10-01 18:51:35,463 - Epoch  93 Validation set [recall@5: 0.0540 recall@10: 0.0856 recall@20: 0.1350 ] [ndcg@5: 0.0542 ndcg@10: 0.0647 ndcg@20: 0.0804 ] 
2025-10-01 18:51:46,232 - Epoch  96 Validation set [recall@5: 0.0545 recall@10: 0.0868 recall@20: 0.1341 ] [ndcg@5: 0.0535 ndcg@10: 0.0646 ndcg@20: 0.0798 ] 
2025-10-01 18:51:57,283 - Epoch  99 Validation set [recall@5: 0.0547 recall@10: 0.0866 recall@20: 0.1351 ] [ndcg@5: 0.0544 ndcg@10: 0.0654 ndcg@20: 0.0809 ] 
2025-10-01 18:52:07,221 - Epoch 102 Validation set [recall@5: 0.0546 recall@10: 0.0865 recall@20: 0.1348 ] [ndcg@5: 0.0540 ndcg@10: 0.0649 ndcg@20: 0.0802 ] 
2025-10-01 18:52:17,736 - Epoch 105 Validation set [recall@5: 0.0568 recall@10: 0.0901 recall@20: 0.1389 ] [ndcg@5: 0.0560 ndcg@10: 0.0673 ndcg@20: 0.0830 ] 
2025-10-01 18:52:28,040 - Epoch 108 Validation set [recall@5: 0.0556 recall@10: 0.0880 recall@20: 0.1393 ] [ndcg@5: 0.0549 ndcg@10: 0.0662 ndcg@20: 0.0826 ] 
2025-10-01 18:52:37,968 - Epoch 111 Validation set [recall@5: 0.0570 recall@10: 0.0919 recall@20: 0.1405 ] [ndcg@5: 0.0568 ndcg@10: 0.0687 ndcg@20: 0.0844 ] 
2025-10-01 18:52:48,323 - Epoch 114 Validation set [recall@5: 0.0582 recall@10: 0.0917 recall@20: 0.1428 ] [ndcg@5: 0.0577 ndcg@10: 0.0692 ndcg@20: 0.0856 ] 
2025-10-01 18:52:58,199 - Epoch 117 Validation set [recall@5: 0.0596 recall@10: 0.0928 recall@20: 0.1445 ] [ndcg@5: 0.0588 ndcg@10: 0.0701 ndcg@20: 0.0867 ] 
2025-10-01 18:53:08,504 - Epoch 120 Validation set [recall@5: 0.0557 recall@10: 0.0890 recall@20: 0.1399 ] [ndcg@5: 0.0551 ndcg@10: 0.0666 ndcg@20: 0.0829 ] 
2025-10-01 18:53:19,280 - Epoch 123 Validation set [recall@5: 0.0589 recall@10: 0.0919 recall@20: 0.1436 ] [ndcg@5: 0.0579 ndcg@10: 0.0690 ndcg@20: 0.0855 ] 
2025-10-01 18:53:29,159 - Epoch 126 Validation set [recall@5: 0.0591 recall@10: 0.0929 recall@20: 0.1441 ] [ndcg@5: 0.0582 ndcg@10: 0.0696 ndcg@20: 0.0860 ] 
2025-10-01 18:53:38,889 - Epoch 129 Validation set [recall@5: 0.0610 recall@10: 0.0968 recall@20: 0.1476 ] [ndcg@5: 0.0602 ndcg@10: 0.0725 ndcg@20: 0.0888 ] 
2025-10-01 18:53:48,738 - Epoch 132 Validation set [recall@5: 0.0594 recall@10: 0.0938 recall@20: 0.1452 ] [ndcg@5: 0.0584 ndcg@10: 0.0704 ndcg@20: 0.0868 ] 
2025-10-01 18:53:58,843 - Epoch 135 Validation set [recall@5: 0.0608 recall@10: 0.0956 recall@20: 0.1489 ] [ndcg@5: 0.0595 ndcg@10: 0.0715 ndcg@20: 0.0885 ] 
2025-10-01 18:54:08,428 - Epoch 138 Validation set [recall@5: 0.0622 recall@10: 0.0976 recall@20: 0.1501 ] [ndcg@5: 0.0610 ndcg@10: 0.0731 ndcg@20: 0.0898 ] 
2025-10-01 18:54:19,097 - Epoch 141 Validation set [recall@5: 0.0602 recall@10: 0.0942 recall@20: 0.1481 ] [ndcg@5: 0.0597 ndcg@10: 0.0713 ndcg@20: 0.0884 ] 
2025-10-01 18:54:29,047 - Epoch 144 Validation set [recall@5: 0.0619 recall@10: 0.0966 recall@20: 0.1477 ] [ndcg@5: 0.0604 ndcg@10: 0.0725 ndcg@20: 0.0888 ] 
2025-10-01 18:54:39,070 - Epoch 147 Validation set [recall@5: 0.0609 recall@10: 0.0942 recall@20: 0.1460 ] [ndcg@5: 0.0591 ndcg@10: 0.0706 ndcg@20: 0.0873 ] 
2025-10-01 18:54:50,214 - Epoch 150 Validation set [recall@5: 0.0622 recall@10: 0.0975 recall@20: 0.1487 ] [ndcg@5: 0.0610 ndcg@10: 0.0733 ndcg@20: 0.0897 ] 
2025-10-01 18:55:00,805 - Epoch 153 Validation set [recall@5: 0.0639 recall@10: 0.1002 recall@20: 0.1513 ] [ndcg@5: 0.0626 ndcg@10: 0.0753 ndcg@20: 0.0917 ] 
2025-10-01 18:55:10,082 - Epoch 156 Validation set [recall@5: 0.0646 recall@10: 0.1009 recall@20: 0.1521 ] [ndcg@5: 0.0629 ndcg@10: 0.0757 ndcg@20: 0.0922 ] 
2025-10-01 18:55:20,223 - Epoch 159 Validation set [recall@5: 0.0635 recall@10: 0.0993 recall@20: 0.1522 ] [ndcg@5: 0.0618 ndcg@10: 0.0743 ndcg@20: 0.0914 ] 
2025-10-01 18:55:30,216 - Epoch 162 Validation set [recall@5: 0.0619 recall@10: 0.0987 recall@20: 0.1509 ] [ndcg@5: 0.0614 ndcg@10: 0.0742 ndcg@20: 0.0909 ] 
2025-10-01 18:55:41,016 - Epoch 165 Validation set [recall@5: 0.0631 recall@10: 0.0999 recall@20: 0.1512 ] [ndcg@5: 0.0614 ndcg@10: 0.0743 ndcg@20: 0.0908 ] 
2025-10-01 18:55:51,057 - Epoch 168 Validation set [recall@5: 0.0640 recall@10: 0.0997 recall@20: 0.1516 ] [ndcg@5: 0.0623 ndcg@10: 0.0747 ndcg@20: 0.0916 ] 
2025-10-01 18:56:01,352 - Epoch 171 Validation set [recall@5: 0.0623 recall@10: 0.0991 recall@20: 0.1518 ] [ndcg@5: 0.0606 ndcg@10: 0.0734 ndcg@20: 0.0904 ] 
2025-10-01 18:56:12,553 - Epoch 174 Validation set [recall@5: 0.0640 recall@10: 0.1038 recall@20: 0.1564 ] [ndcg@5: 0.0631 ndcg@10: 0.0771 ndcg@20: 0.0941 ] 
2025-10-01 18:56:22,936 - Epoch 177 Validation set [recall@5: 0.0662 recall@10: 0.1059 recall@20: 0.1574 ] [ndcg@5: 0.0642 ndcg@10: 0.0782 ndcg@20: 0.0948 ] 
2025-10-01 18:56:33,766 - Epoch 180 Validation set [recall@5: 0.0654 recall@10: 0.1047 recall@20: 0.1557 ] [ndcg@5: 0.0634 ndcg@10: 0.0773 ndcg@20: 0.0937 ] 
2025-10-01 18:56:44,927 - Epoch 183 Validation set [recall@5: 0.0634 recall@10: 0.1023 recall@20: 0.1545 ] [ndcg@5: 0.0622 ndcg@10: 0.0758 ndcg@20: 0.0925 ] 
2025-10-01 18:56:55,291 - Epoch 186 Validation set [recall@5: 0.0648 recall@10: 0.1026 recall@20: 0.1559 ] [ndcg@5: 0.0628 ndcg@10: 0.0763 ndcg@20: 0.0935 ] 
2025-10-01 18:57:05,036 - Epoch 189 Validation set [recall@5: 0.0639 recall@10: 0.1033 recall@20: 0.1553 ] [ndcg@5: 0.0628 ndcg@10: 0.0767 ndcg@20: 0.0936 ] 
2025-10-01 18:57:15,358 - Epoch 192 Validation set [recall@5: 0.0645 recall@10: 0.1049 recall@20: 0.1564 ] [ndcg@5: 0.0634 ndcg@10: 0.0779 ndcg@20: 0.0945 ] 
2025-10-01 18:57:16,624 - [recall@5: 0.0662 recall@10: 0.1059 recall@20: 0.1574 ] [ndcg@5: 0.0642 ndcg@10: 0.0782 ndcg@20: 0.0948 ] 
2025-10-01 18:57:17,937 - [recall@5: 0.0660 recall@10: 0.1013 recall@20: 0.1494 ] [ndcg@5: 0.0659 ndcg@10: 0.0779 ndcg@20: 0.0938 ] 
2025-10-01 18:57:17,944 - Save model parameters to ./encoder/checkpoint/lightgcn_rgcn/lightgcn_rgcn-amazon-2023.pth
2025-10-01 18:57:17,944 - Best Epoch 177. Final test result: {'recall': array([0.06596333, 0.10130366, 0.14938033]), 'ndcg': array([0.06585741, 0.07794924, 0.09377021])}.
