2025-10-01 17:42:30,311 - {'optimizer': {'name': 'adam', 'lr': 0.001, 'weight_decay': 0}, 'train': {'epoch': 3000, 'batch_size': 4096, 'save_model': True, 'loss': 'pairwise', 'test_step': 3, 'reproducible': True, 'seed': 2023, 'patience': 5}, 'test': {'metrics': ['recall', 'ndcg'], 'k': [5, 10, 20], 'batch_size': 1024}, 'data': {'type': 'general_agcf', 'name': 'amazon', 'mat_type': 'uai', 'pre_norm': True, 'user_num': 11000, 'item_num': 9332, 'user_item_num': 20332, 'attr_num': 1978}, 'model': {'name': 'lightgcn_rgcn', 'label': 'ori', 'keep_rate': 0.9, 'embedding_size': 64, 'use_unify_layer_num': True, 'layer_num': 3, 'reg_weight': 1e-07, 'amazon': {'keep_rate': 0.9, 'layer_num': 3, 'reg_weight': 1e-07, 'eps': 0.1}, 'yelp': {'keep_rate': 0.9, 'layer_num': 3, 'reg_weight': 1e-06, 'eps': 0.1}, 'steam': {'keep_rate': 0.8, 'layer_num': 3, 'reg_weight': 1e-07, 'eps': 0.2}, 'Office': {'keep_rate': 0.9, 'layer_num': 3, 'reg_weight': 1e-06, 'eps': 0.1}}}
2025-10-01 17:42:36,048 - Epoch   0 Validation set [recall@5: 0.0110 recall@10: 0.0181 recall@20: 0.0303 ] [ndcg@5: 0.0110 ndcg@10: 0.0134 ndcg@20: 0.0174 ] 
2025-10-01 17:42:45,333 - Epoch   3 Validation set [recall@5: 0.0189 recall@10: 0.0337 recall@20: 0.0559 ] [ndcg@5: 0.0199 ndcg@10: 0.0250 ndcg@20: 0.0323 ] 
2025-10-01 17:42:55,264 - Epoch   6 Validation set [recall@5: 0.0264 recall@10: 0.0440 recall@20: 0.0719 ] [ndcg@5: 0.0270 ndcg@10: 0.0331 ndcg@20: 0.0422 ] 
2025-10-01 17:43:04,651 - Epoch   9 Validation set [recall@5: 0.0304 recall@10: 0.0502 recall@20: 0.0829 ] [ndcg@5: 0.0308 ndcg@10: 0.0376 ndcg@20: 0.0482 ] 
2025-10-01 17:43:13,692 - Epoch  12 Validation set [recall@5: 0.0343 recall@10: 0.0553 recall@20: 0.0914 ] [ndcg@5: 0.0346 ndcg@10: 0.0415 ndcg@20: 0.0534 ] 
2025-10-01 17:43:22,893 - Epoch  15 Validation set [recall@5: 0.0373 recall@10: 0.0615 recall@20: 0.0971 ] [ndcg@5: 0.0374 ndcg@10: 0.0455 ndcg@20: 0.0573 ] 
2025-10-01 17:43:31,976 - Epoch  18 Validation set [recall@5: 0.0396 recall@10: 0.0639 recall@20: 0.1031 ] [ndcg@5: 0.0397 ndcg@10: 0.0478 ndcg@20: 0.0607 ] 
2025-10-01 17:43:41,627 - Epoch  21 Validation set [recall@5: 0.0410 recall@10: 0.0676 recall@20: 0.1074 ] [ndcg@5: 0.0412 ndcg@10: 0.0503 ndcg@20: 0.0632 ] 
2025-10-01 17:43:50,487 - Epoch  24 Validation set [recall@5: 0.0436 recall@10: 0.0705 recall@20: 0.1108 ] [ndcg@5: 0.0437 ndcg@10: 0.0529 ndcg@20: 0.0659 ] 
2025-10-01 17:43:59,877 - Epoch  27 Validation set [recall@5: 0.0444 recall@10: 0.0730 recall@20: 0.1134 ] [ndcg@5: 0.0448 ndcg@10: 0.0546 ndcg@20: 0.0676 ] 
2025-10-01 17:44:08,086 - Epoch  30 Validation set [recall@5: 0.0455 recall@10: 0.0746 recall@20: 0.1177 ] [ndcg@5: 0.0461 ndcg@10: 0.0561 ndcg@20: 0.0699 ] 
2025-10-01 17:44:17,752 - Epoch  33 Validation set [recall@5: 0.0474 recall@10: 0.0761 recall@20: 0.1188 ] [ndcg@5: 0.0474 ndcg@10: 0.0571 ndcg@20: 0.0708 ] 
2025-10-01 17:44:26,869 - Epoch  36 Validation set [recall@5: 0.0482 recall@10: 0.0777 recall@20: 0.1211 ] [ndcg@5: 0.0484 ndcg@10: 0.0583 ndcg@20: 0.0723 ] 
2025-10-01 17:44:36,336 - Epoch  39 Validation set [recall@5: 0.0499 recall@10: 0.0803 recall@20: 0.1250 ] [ndcg@5: 0.0498 ndcg@10: 0.0600 ndcg@20: 0.0745 ] 
2025-10-01 17:44:45,444 - Epoch  42 Validation set [recall@5: 0.0514 recall@10: 0.0827 recall@20: 0.1256 ] [ndcg@5: 0.0512 ndcg@10: 0.0618 ndcg@20: 0.0757 ] 
2025-10-01 17:44:54,213 - Epoch  45 Validation set [recall@5: 0.0518 recall@10: 0.0830 recall@20: 0.1286 ] [ndcg@5: 0.0516 ndcg@10: 0.0622 ndcg@20: 0.0770 ] 
2025-10-01 17:45:03,670 - Epoch  48 Validation set [recall@5: 0.0534 recall@10: 0.0833 recall@20: 0.1321 ] [ndcg@5: 0.0530 ndcg@10: 0.0632 ndcg@20: 0.0788 ] 
2025-10-01 17:45:12,769 - Epoch  51 Validation set [recall@5: 0.0533 recall@10: 0.0854 recall@20: 0.1333 ] [ndcg@5: 0.0534 ndcg@10: 0.0645 ndcg@20: 0.0799 ] 
2025-10-01 17:45:22,173 - Epoch  54 Validation set [recall@5: 0.0544 recall@10: 0.0867 recall@20: 0.1353 ] [ndcg@5: 0.0540 ndcg@10: 0.0653 ndcg@20: 0.0808 ] 
2025-10-01 17:45:31,500 - Epoch  57 Validation set [recall@5: 0.0554 recall@10: 0.0879 recall@20: 0.1360 ] [ndcg@5: 0.0547 ndcg@10: 0.0661 ndcg@20: 0.0815 ] 
2025-10-01 17:45:41,353 - Epoch  60 Validation set [recall@5: 0.0566 recall@10: 0.0895 recall@20: 0.1385 ] [ndcg@5: 0.0555 ndcg@10: 0.0670 ndcg@20: 0.0827 ] 
2025-10-01 17:45:50,830 - Epoch  63 Validation set [recall@5: 0.0575 recall@10: 0.0902 recall@20: 0.1407 ] [ndcg@5: 0.0567 ndcg@10: 0.0682 ndcg@20: 0.0845 ] 
2025-10-01 17:46:00,099 - Epoch  66 Validation set [recall@5: 0.0587 recall@10: 0.0917 recall@20: 0.1431 ] [ndcg@5: 0.0578 ndcg@10: 0.0692 ndcg@20: 0.0857 ] 
2025-10-01 17:46:09,351 - Epoch  69 Validation set [recall@5: 0.0591 recall@10: 0.0934 recall@20: 0.1441 ] [ndcg@5: 0.0585 ndcg@10: 0.0704 ndcg@20: 0.0867 ] 
2025-10-01 17:46:18,605 - Epoch  72 Validation set [recall@5: 0.0587 recall@10: 0.0939 recall@20: 0.1452 ] [ndcg@5: 0.0583 ndcg@10: 0.0705 ndcg@20: 0.0870 ] 
2025-10-01 17:46:28,247 - Epoch  75 Validation set [recall@5: 0.0600 recall@10: 0.0947 recall@20: 0.1470 ] [ndcg@5: 0.0597 ndcg@10: 0.0717 ndcg@20: 0.0886 ] 
2025-10-01 17:46:37,423 - Epoch  78 Validation set [recall@5: 0.0606 recall@10: 0.0958 recall@20: 0.1482 ] [ndcg@5: 0.0600 ndcg@10: 0.0721 ndcg@20: 0.0890 ] 
2025-10-01 17:46:46,883 - Epoch  81 Validation set [recall@5: 0.0607 recall@10: 0.0964 recall@20: 0.1497 ] [ndcg@5: 0.0602 ndcg@10: 0.0725 ndcg@20: 0.0897 ] 
2025-10-01 17:46:56,179 - Epoch  84 Validation set [recall@5: 0.0615 recall@10: 0.0982 recall@20: 0.1501 ] [ndcg@5: 0.0613 ndcg@10: 0.0740 ndcg@20: 0.0908 ] 
2025-10-01 17:47:05,194 - Epoch  87 Validation set [recall@5: 0.0624 recall@10: 0.0989 recall@20: 0.1520 ] [ndcg@5: 0.0626 ndcg@10: 0.0749 ndcg@20: 0.0920 ] 
2025-10-01 17:47:14,471 - Epoch  90 Validation set [recall@5: 0.0633 recall@10: 0.1005 recall@20: 0.1527 ] [ndcg@5: 0.0636 ndcg@10: 0.0761 ndcg@20: 0.0929 ] 
2025-10-01 17:47:23,614 - Epoch  93 Validation set [recall@5: 0.0649 recall@10: 0.1017 recall@20: 0.1556 ] [ndcg@5: 0.0646 ndcg@10: 0.0771 ndcg@20: 0.0943 ] 
2025-10-01 17:47:33,146 - Epoch  96 Validation set [recall@5: 0.0654 recall@10: 0.1034 recall@20: 0.1559 ] [ndcg@5: 0.0650 ndcg@10: 0.0780 ndcg@20: 0.0949 ] 
2025-10-01 17:47:42,651 - Epoch  99 Validation set [recall@5: 0.0659 recall@10: 0.1048 recall@20: 0.1575 ] [ndcg@5: 0.0652 ndcg@10: 0.0787 ndcg@20: 0.0955 ] 
2025-10-01 17:47:52,172 - Epoch 102 Validation set [recall@5: 0.0670 recall@10: 0.1055 recall@20: 0.1571 ] [ndcg@5: 0.0662 ndcg@10: 0.0795 ndcg@20: 0.0961 ] 
2025-10-01 17:48:01,287 - Epoch 105 Validation set [recall@5: 0.0673 recall@10: 0.1066 recall@20: 0.1577 ] [ndcg@5: 0.0668 ndcg@10: 0.0802 ndcg@20: 0.0969 ] 
2025-10-01 17:48:10,445 - Epoch 108 Validation set [recall@5: 0.0682 recall@10: 0.1079 recall@20: 0.1588 ] [ndcg@5: 0.0676 ndcg@10: 0.0811 ndcg@20: 0.0977 ] 
2025-10-01 17:48:19,888 - Epoch 111 Validation set [recall@5: 0.0688 recall@10: 0.1091 recall@20: 0.1604 ] [ndcg@5: 0.0682 ndcg@10: 0.0818 ndcg@20: 0.0985 ] 
2025-10-01 17:48:28,575 - Epoch 114 Validation set [recall@5: 0.0692 recall@10: 0.1100 recall@20: 0.1618 ] [ndcg@5: 0.0683 ndcg@10: 0.0823 ndcg@20: 0.0990 ] 
2025-10-01 17:48:37,688 - Epoch 117 Validation set [recall@5: 0.0694 recall@10: 0.1110 recall@20: 0.1619 ] [ndcg@5: 0.0682 ndcg@10: 0.0827 ndcg@20: 0.0990 ] 
2025-10-01 17:48:47,096 - Epoch 120 Validation set [recall@5: 0.0700 recall@10: 0.1104 recall@20: 0.1628 ] [ndcg@5: 0.0688 ndcg@10: 0.0827 ndcg@20: 0.0997 ] 
2025-10-01 17:48:56,069 - Epoch 123 Validation set [recall@5: 0.0712 recall@10: 0.1117 recall@20: 0.1627 ] [ndcg@5: 0.0696 ndcg@10: 0.0835 ndcg@20: 0.0999 ] 
2025-10-01 17:49:05,599 - Epoch 126 Validation set [recall@5: 0.0721 recall@10: 0.1118 recall@20: 0.1638 ] [ndcg@5: 0.0701 ndcg@10: 0.0836 ndcg@20: 0.1004 ] 
2025-10-01 17:49:14,641 - Epoch 129 Validation set [recall@5: 0.0722 recall@10: 0.1132 recall@20: 0.1650 ] [ndcg@5: 0.0705 ndcg@10: 0.0844 ndcg@20: 0.1012 ] 
2025-10-01 17:49:23,815 - Epoch 132 Validation set [recall@5: 0.0721 recall@10: 0.1141 recall@20: 0.1654 ] [ndcg@5: 0.0701 ndcg@10: 0.0845 ndcg@20: 0.1012 ] 
2025-10-01 17:49:33,083 - Epoch 135 Validation set [recall@5: 0.0717 recall@10: 0.1138 recall@20: 0.1649 ] [ndcg@5: 0.0706 ndcg@10: 0.0850 ndcg@20: 0.1015 ] 
2025-10-01 17:49:42,801 - Epoch 138 Validation set [recall@5: 0.0723 recall@10: 0.1144 recall@20: 0.1666 ] [ndcg@5: 0.0708 ndcg@10: 0.0851 ndcg@20: 0.1020 ] 
2025-10-01 17:49:52,147 - Epoch 141 Validation set [recall@5: 0.0737 recall@10: 0.1156 recall@20: 0.1672 ] [ndcg@5: 0.0720 ndcg@10: 0.0862 ndcg@20: 0.1029 ] 
2025-10-01 17:50:01,793 - Epoch 144 Validation set [recall@5: 0.0732 recall@10: 0.1163 recall@20: 0.1671 ] [ndcg@5: 0.0716 ndcg@10: 0.0864 ndcg@20: 0.1028 ] 
2025-10-01 17:50:10,853 - Epoch 147 Validation set [recall@5: 0.0742 recall@10: 0.1150 recall@20: 0.1670 ] [ndcg@5: 0.0720 ndcg@10: 0.0859 ndcg@20: 0.1027 ] 
2025-10-01 17:50:19,985 - Epoch 150 Validation set [recall@5: 0.0741 recall@10: 0.1167 recall@20: 0.1677 ] [ndcg@5: 0.0720 ndcg@10: 0.0866 ndcg@20: 0.1032 ] 
2025-10-01 17:50:29,419 - Epoch 153 Validation set [recall@5: 0.0744 recall@10: 0.1155 recall@20: 0.1684 ] [ndcg@5: 0.0724 ndcg@10: 0.0865 ndcg@20: 0.1037 ] 
2025-10-01 17:50:38,923 - Epoch 156 Validation set [recall@5: 0.0728 recall@10: 0.1155 recall@20: 0.1679 ] [ndcg@5: 0.0718 ndcg@10: 0.0864 ndcg@20: 0.1035 ] 
2025-10-01 17:50:47,923 - Epoch 159 Validation set [recall@5: 0.0733 recall@10: 0.1156 recall@20: 0.1689 ] [ndcg@5: 0.0718 ndcg@10: 0.0866 ndcg@20: 0.1039 ] 
2025-10-01 17:50:56,356 - Epoch 162 Validation set [recall@5: 0.0740 recall@10: 0.1168 recall@20: 0.1683 ] [ndcg@5: 0.0721 ndcg@10: 0.0871 ndcg@20: 0.1040 ] 
2025-10-01 17:51:05,522 - Epoch 165 Validation set [recall@5: 0.0748 recall@10: 0.1186 recall@20: 0.1692 ] [ndcg@5: 0.0727 ndcg@10: 0.0880 ndcg@20: 0.1046 ] 
2025-10-01 17:51:14,741 - Epoch 168 Validation set [recall@5: 0.0758 recall@10: 0.1180 recall@20: 0.1702 ] [ndcg@5: 0.0739 ndcg@10: 0.0884 ndcg@20: 0.1055 ] 
2025-10-01 17:51:24,336 - Epoch 171 Validation set [recall@5: 0.0762 recall@10: 0.1179 recall@20: 0.1721 ] [ndcg@5: 0.0740 ndcg@10: 0.0882 ndcg@20: 0.1060 ] 
2025-10-01 17:51:33,277 - Epoch 174 Validation set [recall@5: 0.0763 recall@10: 0.1185 recall@20: 0.1707 ] [ndcg@5: 0.0743 ndcg@10: 0.0888 ndcg@20: 0.1059 ] 
2025-10-01 17:51:42,675 - Epoch 177 Validation set [recall@5: 0.0761 recall@10: 0.1192 recall@20: 0.1707 ] [ndcg@5: 0.0742 ndcg@10: 0.0889 ndcg@20: 0.1058 ] 
2025-10-01 17:51:52,049 - Epoch 180 Validation set [recall@5: 0.0767 recall@10: 0.1188 recall@20: 0.1714 ] [ndcg@5: 0.0751 ndcg@10: 0.0894 ndcg@20: 0.1065 ] 
2025-10-01 17:52:01,628 - Epoch 183 Validation set [recall@5: 0.0768 recall@10: 0.1191 recall@20: 0.1700 ] [ndcg@5: 0.0751 ndcg@10: 0.0894 ndcg@20: 0.1062 ] 
2025-10-01 17:52:10,717 - Epoch 186 Validation set [recall@5: 0.0772 recall@10: 0.1186 recall@20: 0.1712 ] [ndcg@5: 0.0752 ndcg@10: 0.0893 ndcg@20: 0.1065 ] 
2025-10-01 17:52:12,479 - [recall@5: 0.0762 recall@10: 0.1179 recall@20: 0.1721 ] [ndcg@5: 0.0740 ndcg@10: 0.0882 ndcg@20: 0.1060 ] 
2025-10-01 17:52:14,155 - [recall@5: 0.0744 recall@10: 0.1127 recall@20: 0.1670 ] [ndcg@5: 0.0738 ndcg@10: 0.0870 ndcg@20: 0.1047 ] 
2025-10-01 17:52:14,162 - Save model parameters to ./encoder/checkpoint/lightgcn_rgcn/lightgcn_rgcn-amazon-2023.pth
2025-10-01 17:52:14,163 - Best Epoch 171. Final test result: {'recall': array([0.07438278, 0.11266201, 0.1670377 ]), 'ndcg': array([0.07375841, 0.08702371, 0.10474935])}.
