2025-10-02 15:48:31,650 - {'optimizer': {'name': 'adam', 'lr': 0.001, 'weight_decay': 0}, 'train': {'epoch': 3000, 'batch_size': 4096, 'save_model': True, 'loss': 'pairwise', 'test_step': 3, 'reproducible': True, 'seed': 2023, 'patience': 5}, 'test': {'metrics': ['recall', 'ndcg'], 'k': [5, 10, 20], 'batch_size': 1024}, 'data': {'type': 'general_agcf', 'name': 'amazon', 'mat_type': 'uai', 'pre_norm': True, 'user_num': 11000, 'item_num': 9332, 'user_item_num': 20332, 'attr_num': 1978}, 'model': {'name': 'lightgcn_rgcn', 'label': 'ori', 'keep_rate': 0.9, 'embedding_size': 64, 'use_unify_layer_num': True, 'layer_num': 5, 'reg_weight': 1e-07, 'amazon': {'keep_rate': 0.9, 'layer_num': 5, 'reg_weight': 1e-07, 'eps': 0.1}, 'yelp': {'keep_rate': 0.9, 'layer_num': 3, 'reg_weight': 1e-06, 'eps': 0.1}, 'steam': {'keep_rate': 0.8, 'layer_num': 3, 'reg_weight': 1e-07, 'eps': 0.2}, 'Office': {'keep_rate': 0.9, 'layer_num': 3, 'reg_weight': 5e-06, 'eps': 0.1}}}
2025-10-02 15:48:37,744 - Epoch   0 Validation set [recall@5: 0.0087 recall@10: 0.0140 recall@20: 0.0229 ] [ndcg@5: 0.0089 ndcg@10: 0.0104 ndcg@20: 0.0133 ] 
2025-10-02 15:48:46,652 - Epoch   3 Validation set [recall@5: 0.0213 recall@10: 0.0354 recall@20: 0.0571 ] [ndcg@5: 0.0210 ndcg@10: 0.0259 ndcg@20: 0.0329 ] 
2025-10-02 15:48:55,379 - Epoch   6 Validation set [recall@5: 0.0272 recall@10: 0.0462 recall@20: 0.0749 ] [ndcg@5: 0.0269 ndcg@10: 0.0336 ndcg@20: 0.0429 ] 
2025-10-02 15:49:03,579 - Epoch   9 Validation set [recall@5: 0.0307 recall@10: 0.0520 recall@20: 0.0850 ] [ndcg@5: 0.0309 ndcg@10: 0.0381 ndcg@20: 0.0488 ] 
2025-10-02 15:49:12,676 - Epoch  12 Validation set [recall@5: 0.0342 recall@10: 0.0567 recall@20: 0.0924 ] [ndcg@5: 0.0342 ndcg@10: 0.0417 ndcg@20: 0.0535 ] 
2025-10-02 15:49:20,815 - Epoch  15 Validation set [recall@5: 0.0371 recall@10: 0.0611 recall@20: 0.0972 ] [ndcg@5: 0.0371 ndcg@10: 0.0451 ndcg@20: 0.0569 ] 
2025-10-02 15:49:28,523 - Epoch  18 Validation set [recall@5: 0.0387 recall@10: 0.0638 recall@20: 0.1006 ] [ndcg@5: 0.0389 ndcg@10: 0.0472 ndcg@20: 0.0593 ] 
2025-10-02 15:49:37,655 - Epoch  21 Validation set [recall@5: 0.0413 recall@10: 0.0667 recall@20: 0.1049 ] [ndcg@5: 0.0411 ndcg@10: 0.0496 ndcg@20: 0.0620 ] 
2025-10-02 15:49:47,007 - Epoch  24 Validation set [recall@5: 0.0434 recall@10: 0.0694 recall@20: 0.1096 ] [ndcg@5: 0.0437 ndcg@10: 0.0523 ndcg@20: 0.0653 ] 
2025-10-02 15:49:56,219 - Epoch  27 Validation set [recall@5: 0.0441 recall@10: 0.0716 recall@20: 0.1115 ] [ndcg@5: 0.0443 ndcg@10: 0.0535 ndcg@20: 0.0664 ] 
2025-10-02 15:50:05,985 - Epoch  30 Validation set [recall@5: 0.0452 recall@10: 0.0744 recall@20: 0.1162 ] [ndcg@5: 0.0461 ndcg@10: 0.0557 ndcg@20: 0.0691 ] 
2025-10-02 15:50:15,166 - Epoch  33 Validation set [recall@5: 0.0452 recall@10: 0.0757 recall@20: 0.1186 ] [ndcg@5: 0.0464 ndcg@10: 0.0565 ndcg@20: 0.0702 ] 
2025-10-02 15:50:24,010 - Epoch  36 Validation set [recall@5: 0.0465 recall@10: 0.0776 recall@20: 0.1205 ] [ndcg@5: 0.0470 ndcg@10: 0.0574 ndcg@20: 0.0713 ] 
2025-10-02 15:50:33,024 - Epoch  39 Validation set [recall@5: 0.0481 recall@10: 0.0801 recall@20: 0.1235 ] [ndcg@5: 0.0485 ndcg@10: 0.0594 ndcg@20: 0.0734 ] 
2025-10-02 15:50:42,562 - Epoch  42 Validation set [recall@5: 0.0496 recall@10: 0.0817 recall@20: 0.1262 ] [ndcg@5: 0.0497 ndcg@10: 0.0607 ndcg@20: 0.0750 ] 
2025-10-02 15:50:50,884 - Epoch  45 Validation set [recall@5: 0.0509 recall@10: 0.0829 recall@20: 0.1281 ] [ndcg@5: 0.0510 ndcg@10: 0.0618 ndcg@20: 0.0763 ] 
2025-10-02 15:50:59,900 - Epoch  48 Validation set [recall@5: 0.0516 recall@10: 0.0827 recall@20: 0.1286 ] [ndcg@5: 0.0518 ndcg@10: 0.0622 ndcg@20: 0.0770 ] 
2025-10-02 15:51:09,180 - Epoch  51 Validation set [recall@5: 0.0513 recall@10: 0.0850 recall@20: 0.1315 ] [ndcg@5: 0.0518 ndcg@10: 0.0634 ndcg@20: 0.0784 ] 
2025-10-02 15:51:17,641 - Epoch  54 Validation set [recall@5: 0.0525 recall@10: 0.0862 recall@20: 0.1331 ] [ndcg@5: 0.0527 ndcg@10: 0.0644 ndcg@20: 0.0795 ] 
2025-10-02 15:51:26,046 - Epoch  57 Validation set [recall@5: 0.0533 recall@10: 0.0868 recall@20: 0.1342 ] [ndcg@5: 0.0529 ndcg@10: 0.0648 ndcg@20: 0.0800 ] 
2025-10-02 15:51:35,147 - Epoch  60 Validation set [recall@5: 0.0547 recall@10: 0.0888 recall@20: 0.1370 ] [ndcg@5: 0.0542 ndcg@10: 0.0662 ndcg@20: 0.0818 ] 
2025-10-02 15:51:43,570 - Epoch  63 Validation set [recall@5: 0.0562 recall@10: 0.0904 recall@20: 0.1380 ] [ndcg@5: 0.0557 ndcg@10: 0.0676 ndcg@20: 0.0830 ] 
2025-10-02 15:51:52,626 - Epoch  66 Validation set [recall@5: 0.0564 recall@10: 0.0911 recall@20: 0.1398 ] [ndcg@5: 0.0562 ndcg@10: 0.0682 ndcg@20: 0.0840 ] 
2025-10-02 15:52:01,612 - Epoch  69 Validation set [recall@5: 0.0557 recall@10: 0.0927 recall@20: 0.1417 ] [ndcg@5: 0.0558 ndcg@10: 0.0690 ndcg@20: 0.0848 ] 
2025-10-02 15:52:11,068 - Epoch  72 Validation set [recall@5: 0.0569 recall@10: 0.0928 recall@20: 0.1430 ] [ndcg@5: 0.0571 ndcg@10: 0.0697 ndcg@20: 0.0860 ] 
2025-10-02 15:52:19,398 - Epoch  75 Validation set [recall@5: 0.0585 recall@10: 0.0947 recall@20: 0.1461 ] [ndcg@5: 0.0580 ndcg@10: 0.0706 ndcg@20: 0.0871 ] 
2025-10-02 15:52:27,674 - Epoch  78 Validation set [recall@5: 0.0586 recall@10: 0.0956 recall@20: 0.1478 ] [ndcg@5: 0.0581 ndcg@10: 0.0709 ndcg@20: 0.0878 ] 
2025-10-02 15:52:36,546 - Epoch  81 Validation set [recall@5: 0.0591 recall@10: 0.0960 recall@20: 0.1486 ] [ndcg@5: 0.0589 ndcg@10: 0.0717 ndcg@20: 0.0889 ] 
2025-10-02 15:52:46,112 - Epoch  84 Validation set [recall@5: 0.0597 recall@10: 0.0964 recall@20: 0.1488 ] [ndcg@5: 0.0599 ndcg@10: 0.0726 ndcg@20: 0.0896 ] 
2025-10-02 15:52:55,716 - Epoch  87 Validation set [recall@5: 0.0609 recall@10: 0.0976 recall@20: 0.1512 ] [ndcg@5: 0.0609 ndcg@10: 0.0737 ndcg@20: 0.0911 ] 
2025-10-02 15:53:04,709 - Epoch  90 Validation set [recall@5: 0.0616 recall@10: 0.0993 recall@20: 0.1523 ] [ndcg@5: 0.0618 ndcg@10: 0.0747 ndcg@20: 0.0917 ] 
2025-10-02 15:53:13,461 - Epoch  93 Validation set [recall@5: 0.0620 recall@10: 0.1009 recall@20: 0.1545 ] [ndcg@5: 0.0627 ndcg@10: 0.0760 ndcg@20: 0.0932 ] 
2025-10-02 15:53:23,182 - Epoch  96 Validation set [recall@5: 0.0631 recall@10: 0.1017 recall@20: 0.1552 ] [ndcg@5: 0.0628 ndcg@10: 0.0765 ndcg@20: 0.0937 ] 
2025-10-02 15:53:32,216 - Epoch  99 Validation set [recall@5: 0.0639 recall@10: 0.1040 recall@20: 0.1572 ] [ndcg@5: 0.0637 ndcg@10: 0.0777 ndcg@20: 0.0949 ] 
2025-10-02 15:53:41,610 - Epoch 102 Validation set [recall@5: 0.0647 recall@10: 0.1039 recall@20: 0.1570 ] [ndcg@5: 0.0642 ndcg@10: 0.0778 ndcg@20: 0.0950 ] 
2025-10-02 15:53:51,349 - Epoch 105 Validation set [recall@5: 0.0649 recall@10: 0.1039 recall@20: 0.1573 ] [ndcg@5: 0.0647 ndcg@10: 0.0777 ndcg@20: 0.0951 ] 
2025-10-02 15:54:00,866 - Epoch 108 Validation set [recall@5: 0.0655 recall@10: 0.1049 recall@20: 0.1589 ] [ndcg@5: 0.0653 ndcg@10: 0.0788 ndcg@20: 0.0964 ] 
2025-10-02 15:54:10,459 - Epoch 111 Validation set [recall@5: 0.0669 recall@10: 0.1069 recall@20: 0.1596 ] [ndcg@5: 0.0662 ndcg@10: 0.0799 ndcg@20: 0.0971 ] 
2025-10-02 15:54:20,230 - Epoch 114 Validation set [recall@5: 0.0683 recall@10: 0.1088 recall@20: 0.1606 ] [ndcg@5: 0.0672 ndcg@10: 0.0811 ndcg@20: 0.0980 ] 
2025-10-02 15:54:29,554 - Epoch 117 Validation set [recall@5: 0.0676 recall@10: 0.1101 recall@20: 0.1608 ] [ndcg@5: 0.0673 ndcg@10: 0.0819 ndcg@20: 0.0986 ] 
2025-10-02 15:54:38,957 - Epoch 120 Validation set [recall@5: 0.0682 recall@10: 0.1104 recall@20: 0.1626 ] [ndcg@5: 0.0677 ndcg@10: 0.0822 ndcg@20: 0.0994 ] 
2025-10-02 15:54:48,899 - Epoch 123 Validation set [recall@5: 0.0683 recall@10: 0.1122 recall@20: 0.1627 ] [ndcg@5: 0.0677 ndcg@10: 0.0829 ndcg@20: 0.0993 ] 
2025-10-02 15:54:58,344 - Epoch 126 Validation set [recall@5: 0.0698 recall@10: 0.1131 recall@20: 0.1634 ] [ndcg@5: 0.0687 ndcg@10: 0.0834 ndcg@20: 0.0999 ] 
2025-10-02 15:55:07,637 - Epoch 129 Validation set [recall@5: 0.0701 recall@10: 0.1133 recall@20: 0.1643 ] [ndcg@5: 0.0689 ndcg@10: 0.0838 ndcg@20: 0.1004 ] 
2025-10-02 15:55:17,249 - Epoch 132 Validation set [recall@5: 0.0706 recall@10: 0.1126 recall@20: 0.1654 ] [ndcg@5: 0.0692 ndcg@10: 0.0836 ndcg@20: 0.1008 ] 
2025-10-02 15:55:25,864 - Epoch 135 Validation set [recall@5: 0.0707 recall@10: 0.1126 recall@20: 0.1651 ] [ndcg@5: 0.0692 ndcg@10: 0.0838 ndcg@20: 0.1009 ] 
2025-10-02 15:55:34,051 - Epoch 138 Validation set [recall@5: 0.0711 recall@10: 0.1127 recall@20: 0.1659 ] [ndcg@5: 0.0700 ndcg@10: 0.0842 ndcg@20: 0.1016 ] 
2025-10-02 15:55:42,372 - Epoch 141 Validation set [recall@5: 0.0714 recall@10: 0.1139 recall@20: 0.1667 ] [ndcg@5: 0.0704 ndcg@10: 0.0851 ndcg@20: 0.1022 ] 
2025-10-02 15:55:50,483 - Epoch 144 Validation set [recall@5: 0.0718 recall@10: 0.1139 recall@20: 0.1675 ] [ndcg@5: 0.0709 ndcg@10: 0.0854 ndcg@20: 0.1028 ] 
2025-10-02 15:55:58,524 - Epoch 147 Validation set [recall@5: 0.0728 recall@10: 0.1136 recall@20: 0.1680 ] [ndcg@5: 0.0714 ndcg@10: 0.0853 ndcg@20: 0.1031 ] 
2025-10-02 15:56:07,003 - Epoch 150 Validation set [recall@5: 0.0725 recall@10: 0.1151 recall@20: 0.1692 ] [ndcg@5: 0.0713 ndcg@10: 0.0861 ndcg@20: 0.1037 ] 
2025-10-02 15:56:15,984 - Epoch 153 Validation set [recall@5: 0.0726 recall@10: 0.1162 recall@20: 0.1689 ] [ndcg@5: 0.0713 ndcg@10: 0.0865 ndcg@20: 0.1036 ] 
2025-10-02 15:56:24,942 - Epoch 156 Validation set [recall@5: 0.0724 recall@10: 0.1152 recall@20: 0.1680 ] [ndcg@5: 0.0711 ndcg@10: 0.0860 ndcg@20: 0.1034 ] 
2025-10-02 15:56:34,205 - Epoch 159 Validation set [recall@5: 0.0726 recall@10: 0.1157 recall@20: 0.1695 ] [ndcg@5: 0.0709 ndcg@10: 0.0860 ndcg@20: 0.1037 ] 
2025-10-02 15:56:43,113 - Epoch 162 Validation set [recall@5: 0.0732 recall@10: 0.1157 recall@20: 0.1696 ] [ndcg@5: 0.0716 ndcg@10: 0.0863 ndcg@20: 0.1041 ] 
2025-10-02 15:56:51,761 - Epoch 165 Validation set [recall@5: 0.0744 recall@10: 0.1170 recall@20: 0.1709 ] [ndcg@5: 0.0724 ndcg@10: 0.0872 ndcg@20: 0.1051 ] 
2025-10-02 15:57:00,481 - Epoch 168 Validation set [recall@5: 0.0756 recall@10: 0.1174 recall@20: 0.1707 ] [ndcg@5: 0.0727 ndcg@10: 0.0872 ndcg@20: 0.1047 ] 
2025-10-02 15:57:08,794 - Epoch 171 Validation set [recall@5: 0.0749 recall@10: 0.1178 recall@20: 0.1706 ] [ndcg@5: 0.0730 ndcg@10: 0.0878 ndcg@20: 0.1051 ] 
2025-10-02 15:57:16,876 - Epoch 174 Validation set [recall@5: 0.0747 recall@10: 0.1178 recall@20: 0.1716 ] [ndcg@5: 0.0733 ndcg@10: 0.0883 ndcg@20: 0.1059 ] 
2025-10-02 15:57:25,110 - Epoch 177 Validation set [recall@5: 0.0756 recall@10: 0.1179 recall@20: 0.1727 ] [ndcg@5: 0.0739 ndcg@10: 0.0885 ndcg@20: 0.1065 ] 
2025-10-02 15:57:34,277 - Epoch 180 Validation set [recall@5: 0.0757 recall@10: 0.1178 recall@20: 0.1721 ] [ndcg@5: 0.0741 ndcg@10: 0.0886 ndcg@20: 0.1064 ] 
2025-10-02 15:57:42,529 - Epoch 183 Validation set [recall@5: 0.0757 recall@10: 0.1183 recall@20: 0.1720 ] [ndcg@5: 0.0739 ndcg@10: 0.0886 ndcg@20: 0.1063 ] 
2025-10-02 15:57:50,639 - Epoch 186 Validation set [recall@5: 0.0758 recall@10: 0.1186 recall@20: 0.1721 ] [ndcg@5: 0.0739 ndcg@10: 0.0887 ndcg@20: 0.1063 ] 
2025-10-02 15:57:58,950 - Epoch 189 Validation set [recall@5: 0.0756 recall@10: 0.1195 recall@20: 0.1724 ] [ndcg@5: 0.0738 ndcg@10: 0.0892 ndcg@20: 0.1066 ] 
2025-10-02 15:58:07,910 - Epoch 192 Validation set [recall@5: 0.0752 recall@10: 0.1187 recall@20: 0.1722 ] [ndcg@5: 0.0739 ndcg@10: 0.0890 ndcg@20: 0.1066 ] 
2025-10-02 15:58:09,515 - [recall@5: 0.0756 recall@10: 0.1179 recall@20: 0.1727 ] [ndcg@5: 0.0739 ndcg@10: 0.0885 ndcg@20: 0.1065 ] 
2025-10-02 15:58:11,201 - [recall@5: 0.0760 recall@10: 0.1139 recall@20: 0.1661 ] [ndcg@5: 0.0756 ndcg@10: 0.0886 ndcg@20: 0.1056 ] 
2025-10-02 15:58:11,211 - Save model parameters to ./encoder/checkpoint/lightgcn_rgcn/lightgcn_rgcn-amazon-2023.pth
2025-10-02 15:58:11,212 - Best Epoch 177. Final test result: {'recall': array([0.07601627, 0.11389527, 0.16605103]), 'ndcg': array([0.07562394, 0.0886258 , 0.10559939])}.
