2025-09-29 18:22:03,731 - {'optimizer': {'name': 'adam', 'lr': 0.001, 'weight_decay': 0}, 'train': {'epoch': 3000, 'batch_size': 4096, 'save_model': True, 'loss': 'pairwise', 'test_step': 3, 'reproducible': True, 'seed': 2023, 'patience': 5}, 'test': {'metrics': ['recall', 'ndcg'], 'k': [5, 10, 20], 'batch_size': 1024}, 'data': {'type': 'general_agcf', 'name': 'amazon', 'mat_type': 'uai', 'pre_norm': True, 'user_num': 11000, 'item_num': 9332, 'user_item_num': 20332, 'attr_num': 1978}, 'model': {'name': 'lightgcn_rgcn', 'label': 'ori', 'keep_rate': 0.8, 'embedding_size': 64, 'use_unify_layer_num': True, 'layer_num': 3, 'reg_weight': 1e-07, 'amazon': {'keep_rate': 0.8, 'layer_num': 3, 'reg_weight': 1e-07, 'eps': 0.1}, 'yelp': {'keep_rate': 0.8, 'layer_num': 3, 'reg_weight': 1e-07, 'eps': 0.1}, 'steam': {'keep_rate': 0.8, 'layer_num': 3, 'reg_weight': 1e-07, 'eps': 0.2}, 'Office': {'keep_rate': 0.9, 'layer_num': 3, 'reg_weight': 1e-06, 'eps': 0.1}}}
2025-09-29 18:22:08,021 - Epoch   0 Validation set [recall@5: 0.0113 recall@10: 0.0189 recall@20: 0.0308 ] [ndcg@5: 0.0115 ndcg@10: 0.0140 ndcg@20: 0.0179 ] 
2025-09-29 18:22:14,797 - Epoch   3 Validation set [recall@5: 0.0174 recall@10: 0.0302 recall@20: 0.0493 ] [ndcg@5: 0.0180 ndcg@10: 0.0224 ndcg@20: 0.0287 ] 
2025-09-29 18:22:21,655 - Epoch   6 Validation set [recall@5: 0.0250 recall@10: 0.0417 recall@20: 0.0675 ] [ndcg@5: 0.0254 ndcg@10: 0.0310 ndcg@20: 0.0395 ] 
2025-09-29 18:22:28,686 - Epoch   9 Validation set [recall@5: 0.0280 recall@10: 0.0458 recall@20: 0.0761 ] [ndcg@5: 0.0287 ndcg@10: 0.0348 ndcg@20: 0.0448 ] 
2025-09-29 18:22:36,141 - Epoch  12 Validation set [recall@5: 0.0315 recall@10: 0.0520 recall@20: 0.0852 ] [ndcg@5: 0.0319 ndcg@10: 0.0387 ndcg@20: 0.0497 ] 
2025-09-29 18:22:43,307 - Epoch  15 Validation set [recall@5: 0.0345 recall@10: 0.0564 recall@20: 0.0915 ] [ndcg@5: 0.0349 ndcg@10: 0.0422 ndcg@20: 0.0537 ] 
2025-09-29 18:22:50,316 - Epoch  18 Validation set [recall@5: 0.0365 recall@10: 0.0597 recall@20: 0.0963 ] [ndcg@5: 0.0369 ndcg@10: 0.0447 ndcg@20: 0.0566 ] 
2025-09-29 18:22:57,750 - Epoch  21 Validation set [recall@5: 0.0392 recall@10: 0.0628 recall@20: 0.1014 ] [ndcg@5: 0.0391 ndcg@10: 0.0469 ndcg@20: 0.0596 ] 
2025-09-29 18:23:05,097 - Epoch  24 Validation set [recall@5: 0.0413 recall@10: 0.0670 recall@20: 0.1052 ] [ndcg@5: 0.0416 ndcg@10: 0.0501 ndcg@20: 0.0627 ] 
2025-09-29 18:23:12,350 - Epoch  27 Validation set [recall@5: 0.0422 recall@10: 0.0692 recall@20: 0.1075 ] [ndcg@5: 0.0427 ndcg@10: 0.0519 ndcg@20: 0.0643 ] 
2025-09-29 18:23:19,508 - Epoch  30 Validation set [recall@5: 0.0432 recall@10: 0.0715 recall@20: 0.1101 ] [ndcg@5: 0.0439 ndcg@10: 0.0537 ndcg@20: 0.0662 ] 
2025-09-29 18:23:26,680 - Epoch  33 Validation set [recall@5: 0.0446 recall@10: 0.0727 recall@20: 0.1131 ] [ndcg@5: 0.0446 ndcg@10: 0.0543 ndcg@20: 0.0673 ] 
2025-09-29 18:23:33,893 - Epoch  36 Validation set [recall@5: 0.0459 recall@10: 0.0740 recall@20: 0.1168 ] [ndcg@5: 0.0460 ndcg@10: 0.0555 ndcg@20: 0.0693 ] 
2025-09-29 18:23:40,935 - Epoch  39 Validation set [recall@5: 0.0472 recall@10: 0.0759 recall@20: 0.1188 ] [ndcg@5: 0.0473 ndcg@10: 0.0570 ndcg@20: 0.0708 ] 
2025-09-29 18:23:48,098 - Epoch  42 Validation set [recall@5: 0.0485 recall@10: 0.0778 recall@20: 0.1216 ] [ndcg@5: 0.0482 ndcg@10: 0.0580 ndcg@20: 0.0723 ] 
2025-09-29 18:23:55,332 - Epoch  45 Validation set [recall@5: 0.0485 recall@10: 0.0795 recall@20: 0.1228 ] [ndcg@5: 0.0489 ndcg@10: 0.0594 ndcg@20: 0.0734 ] 
2025-09-29 18:24:02,382 - Epoch  48 Validation set [recall@5: 0.0496 recall@10: 0.0795 recall@20: 0.1250 ] [ndcg@5: 0.0496 ndcg@10: 0.0597 ndcg@20: 0.0744 ] 
2025-09-29 18:24:09,581 - Epoch  51 Validation set [recall@5: 0.0502 recall@10: 0.0812 recall@20: 0.1266 ] [ndcg@5: 0.0502 ndcg@10: 0.0608 ndcg@20: 0.0754 ] 
2025-09-29 18:24:16,880 - Epoch  54 Validation set [recall@5: 0.0503 recall@10: 0.0817 recall@20: 0.1285 ] [ndcg@5: 0.0502 ndcg@10: 0.0611 ndcg@20: 0.0763 ] 
2025-09-29 18:24:23,904 - Epoch  57 Validation set [recall@5: 0.0515 recall@10: 0.0828 recall@20: 0.1297 ] [ndcg@5: 0.0510 ndcg@10: 0.0620 ndcg@20: 0.0772 ] 
2025-09-29 18:24:31,104 - Epoch  60 Validation set [recall@5: 0.0525 recall@10: 0.0846 recall@20: 0.1310 ] [ndcg@5: 0.0522 ndcg@10: 0.0635 ndcg@20: 0.0784 ] 
2025-09-29 18:24:38,446 - Epoch  63 Validation set [recall@5: 0.0538 recall@10: 0.0859 recall@20: 0.1339 ] [ndcg@5: 0.0533 ndcg@10: 0.0645 ndcg@20: 0.0800 ] 
2025-09-29 18:24:45,530 - Epoch  66 Validation set [recall@5: 0.0549 recall@10: 0.0874 recall@20: 0.1352 ] [ndcg@5: 0.0542 ndcg@10: 0.0655 ndcg@20: 0.0810 ] 
2025-09-29 18:24:52,798 - Epoch  69 Validation set [recall@5: 0.0547 recall@10: 0.0873 recall@20: 0.1363 ] [ndcg@5: 0.0543 ndcg@10: 0.0656 ndcg@20: 0.0815 ] 
2025-09-29 18:25:00,102 - Epoch  72 Validation set [recall@5: 0.0554 recall@10: 0.0884 recall@20: 0.1395 ] [ndcg@5: 0.0553 ndcg@10: 0.0668 ndcg@20: 0.0832 ] 
2025-09-29 18:25:07,123 - Epoch  75 Validation set [recall@5: 0.0563 recall@10: 0.0898 recall@20: 0.1400 ] [ndcg@5: 0.0563 ndcg@10: 0.0679 ndcg@20: 0.0840 ] 
2025-09-29 18:25:14,224 - Epoch  78 Validation set [recall@5: 0.0572 recall@10: 0.0904 recall@20: 0.1403 ] [ndcg@5: 0.0565 ndcg@10: 0.0681 ndcg@20: 0.0842 ] 
2025-09-29 18:25:21,683 - Epoch  81 Validation set [recall@5: 0.0574 recall@10: 0.0912 recall@20: 0.1411 ] [ndcg@5: 0.0572 ndcg@10: 0.0688 ndcg@20: 0.0852 ] 
2025-09-29 18:25:28,588 - Epoch  84 Validation set [recall@5: 0.0581 recall@10: 0.0913 recall@20: 0.1432 ] [ndcg@5: 0.0581 ndcg@10: 0.0695 ndcg@20: 0.0864 ] 
2025-09-29 18:25:35,935 - Epoch  87 Validation set [recall@5: 0.0598 recall@10: 0.0939 recall@20: 0.1436 ] [ndcg@5: 0.0595 ndcg@10: 0.0711 ndcg@20: 0.0873 ] 
2025-09-29 18:25:42,956 - Epoch  90 Validation set [recall@5: 0.0601 recall@10: 0.0948 recall@20: 0.1447 ] [ndcg@5: 0.0598 ndcg@10: 0.0716 ndcg@20: 0.0878 ] 
2025-09-29 18:25:49,951 - Epoch  93 Validation set [recall@5: 0.0610 recall@10: 0.0960 recall@20: 0.1462 ] [ndcg@5: 0.0606 ndcg@10: 0.0726 ndcg@20: 0.0888 ] 
2025-09-29 18:25:57,330 - Epoch  96 Validation set [recall@5: 0.0612 recall@10: 0.0960 recall@20: 0.1473 ] [ndcg@5: 0.0610 ndcg@10: 0.0730 ndcg@20: 0.0896 ] 
2025-09-29 18:26:04,433 - Epoch  99 Validation set [recall@5: 0.0622 recall@10: 0.0980 recall@20: 0.1485 ] [ndcg@5: 0.0619 ndcg@10: 0.0742 ndcg@20: 0.0906 ] 
2025-09-29 18:26:11,274 - Epoch 102 Validation set [recall@5: 0.0622 recall@10: 0.0999 recall@20: 0.1495 ] [ndcg@5: 0.0620 ndcg@10: 0.0751 ndcg@20: 0.0913 ] 
2025-09-29 18:26:18,290 - Epoch 105 Validation set [recall@5: 0.0640 recall@10: 0.0995 recall@20: 0.1509 ] [ndcg@5: 0.0631 ndcg@10: 0.0752 ndcg@20: 0.0919 ] 
2025-09-29 18:26:25,477 - Epoch 108 Validation set [recall@5: 0.0648 recall@10: 0.1008 recall@20: 0.1515 ] [ndcg@5: 0.0638 ndcg@10: 0.0761 ndcg@20: 0.0925 ] 
2025-09-29 18:26:32,362 - Epoch 111 Validation set [recall@5: 0.0656 recall@10: 0.1017 recall@20: 0.1538 ] [ndcg@5: 0.0645 ndcg@10: 0.0768 ndcg@20: 0.0937 ] 
2025-09-29 18:26:39,858 - Epoch 114 Validation set [recall@5: 0.0670 recall@10: 0.1031 recall@20: 0.1543 ] [ndcg@5: 0.0654 ndcg@10: 0.0777 ndcg@20: 0.0943 ] 
2025-09-29 18:26:47,121 - Epoch 117 Validation set [recall@5: 0.0669 recall@10: 0.1048 recall@20: 0.1561 ] [ndcg@5: 0.0658 ndcg@10: 0.0786 ndcg@20: 0.0951 ] 
2025-09-29 18:26:53,695 - Epoch 120 Validation set [recall@5: 0.0678 recall@10: 0.1050 recall@20: 0.1578 ] [ndcg@5: 0.0664 ndcg@10: 0.0789 ndcg@20: 0.0959 ] 
2025-09-29 18:27:00,206 - Epoch 123 Validation set [recall@5: 0.0690 recall@10: 0.1052 recall@20: 0.1580 ] [ndcg@5: 0.0673 ndcg@10: 0.0795 ndcg@20: 0.0964 ] 
2025-09-29 18:27:07,485 - Epoch 126 Validation set [recall@5: 0.0687 recall@10: 0.1057 recall@20: 0.1588 ] [ndcg@5: 0.0676 ndcg@10: 0.0800 ndcg@20: 0.0971 ] 
2025-09-29 18:27:14,595 - Epoch 129 Validation set [recall@5: 0.0692 recall@10: 0.1068 recall@20: 0.1598 ] [ndcg@5: 0.0680 ndcg@10: 0.0805 ndcg@20: 0.0976 ] 
2025-09-29 18:27:21,541 - Epoch 132 Validation set [recall@5: 0.0688 recall@10: 0.1071 recall@20: 0.1594 ] [ndcg@5: 0.0676 ndcg@10: 0.0806 ndcg@20: 0.0974 ] 
2025-09-29 18:27:28,664 - Epoch 135 Validation set [recall@5: 0.0705 recall@10: 0.1075 recall@20: 0.1613 ] [ndcg@5: 0.0689 ndcg@10: 0.0812 ndcg@20: 0.0984 ] 
2025-09-29 18:27:35,982 - Epoch 138 Validation set [recall@5: 0.0691 recall@10: 0.1079 recall@20: 0.1623 ] [ndcg@5: 0.0682 ndcg@10: 0.0812 ndcg@20: 0.0986 ] 
2025-09-29 18:27:42,888 - Epoch 141 Validation set [recall@5: 0.0694 recall@10: 0.1088 recall@20: 0.1618 ] [ndcg@5: 0.0686 ndcg@10: 0.0818 ndcg@20: 0.0988 ] 
2025-09-29 18:27:50,356 - Epoch 144 Validation set [recall@5: 0.0692 recall@10: 0.1101 recall@20: 0.1628 ] [ndcg@5: 0.0683 ndcg@10: 0.0821 ndcg@20: 0.0990 ] 
2025-09-29 18:27:57,757 - Epoch 147 Validation set [recall@5: 0.0694 recall@10: 0.1090 recall@20: 0.1625 ] [ndcg@5: 0.0688 ndcg@10: 0.0821 ndcg@20: 0.0993 ] 
2025-09-29 18:28:04,910 - Epoch 150 Validation set [recall@5: 0.0695 recall@10: 0.1106 recall@20: 0.1626 ] [ndcg@5: 0.0686 ndcg@10: 0.0826 ndcg@20: 0.0994 ] 
2025-09-29 18:28:12,040 - Epoch 153 Validation set [recall@5: 0.0700 recall@10: 0.1111 recall@20: 0.1637 ] [ndcg@5: 0.0690 ndcg@10: 0.0831 ndcg@20: 0.1001 ] 
2025-09-29 18:28:19,121 - Epoch 156 Validation set [recall@5: 0.0699 recall@10: 0.1109 recall@20: 0.1640 ] [ndcg@5: 0.0685 ndcg@10: 0.0826 ndcg@20: 0.1000 ] 
2025-09-29 18:28:26,328 - Epoch 159 Validation set [recall@5: 0.0704 recall@10: 0.1106 recall@20: 0.1647 ] [ndcg@5: 0.0690 ndcg@10: 0.0828 ndcg@20: 0.1004 ] 
2025-09-29 18:28:33,260 - Epoch 162 Validation set [recall@5: 0.0704 recall@10: 0.1123 recall@20: 0.1654 ] [ndcg@5: 0.0690 ndcg@10: 0.0836 ndcg@20: 0.1009 ] 
2025-09-29 18:28:40,601 - Epoch 165 Validation set [recall@5: 0.0708 recall@10: 0.1133 recall@20: 0.1679 ] [ndcg@5: 0.0693 ndcg@10: 0.0843 ndcg@20: 0.1020 ] 
2025-09-29 18:28:47,892 - Epoch 168 Validation set [recall@5: 0.0708 recall@10: 0.1145 recall@20: 0.1674 ] [ndcg@5: 0.0694 ndcg@10: 0.0847 ndcg@20: 0.1020 ] 
2025-09-29 18:28:54,967 - Epoch 171 Validation set [recall@5: 0.0715 recall@10: 0.1146 recall@20: 0.1678 ] [ndcg@5: 0.0699 ndcg@10: 0.0849 ndcg@20: 0.1023 ] 
2025-09-29 18:29:02,179 - Epoch 174 Validation set [recall@5: 0.0721 recall@10: 0.1164 recall@20: 0.1681 ] [ndcg@5: 0.0704 ndcg@10: 0.0858 ndcg@20: 0.1026 ] 
2025-09-29 18:29:09,338 - Epoch 177 Validation set [recall@5: 0.0713 recall@10: 0.1152 recall@20: 0.1677 ] [ndcg@5: 0.0702 ndcg@10: 0.0856 ndcg@20: 0.1027 ] 
2025-09-29 18:29:16,234 - Epoch 180 Validation set [recall@5: 0.0721 recall@10: 0.1153 recall@20: 0.1675 ] [ndcg@5: 0.0711 ndcg@10: 0.0861 ndcg@20: 0.1031 ] 
2025-09-29 18:29:23,759 - Epoch 183 Validation set [recall@5: 0.0724 recall@10: 0.1156 recall@20: 0.1680 ] [ndcg@5: 0.0712 ndcg@10: 0.0863 ndcg@20: 0.1034 ] 
2025-09-29 18:29:31,562 - Epoch 186 Validation set [recall@5: 0.0721 recall@10: 0.1156 recall@20: 0.1685 ] [ndcg@5: 0.0711 ndcg@10: 0.0862 ndcg@20: 0.1034 ] 
2025-09-29 18:29:38,872 - Epoch 189 Validation set [recall@5: 0.0716 recall@10: 0.1173 recall@20: 0.1692 ] [ndcg@5: 0.0706 ndcg@10: 0.0867 ndcg@20: 0.1037 ] 
2025-09-29 18:29:45,672 - Epoch 192 Validation set [recall@5: 0.0725 recall@10: 0.1157 recall@20: 0.1692 ] [ndcg@5: 0.0716 ndcg@10: 0.0866 ndcg@20: 0.1040 ] 
2025-09-29 18:29:52,801 - Epoch 195 Validation set [recall@5: 0.0737 recall@10: 0.1155 recall@20: 0.1691 ] [ndcg@5: 0.0719 ndcg@10: 0.0865 ndcg@20: 0.1040 ] 
2025-09-29 18:29:59,709 - Epoch 198 Validation set [recall@5: 0.0737 recall@10: 0.1153 recall@20: 0.1697 ] [ndcg@5: 0.0722 ndcg@10: 0.0866 ndcg@20: 0.1044 ] 
2025-09-29 18:30:05,820 - Epoch 201 Validation set [recall@5: 0.0746 recall@10: 0.1159 recall@20: 0.1698 ] [ndcg@5: 0.0728 ndcg@10: 0.0871 ndcg@20: 0.1048 ] 
2025-09-29 18:30:12,139 - Epoch 204 Validation set [recall@5: 0.0754 recall@10: 0.1161 recall@20: 0.1703 ] [ndcg@5: 0.0733 ndcg@10: 0.0872 ndcg@20: 0.1048 ] 
2025-09-29 18:30:19,089 - Epoch 207 Validation set [recall@5: 0.0750 recall@10: 0.1165 recall@20: 0.1713 ] [ndcg@5: 0.0731 ndcg@10: 0.0873 ndcg@20: 0.1051 ] 
2025-09-29 18:30:26,281 - Epoch 210 Validation set [recall@5: 0.0749 recall@10: 0.1164 recall@20: 0.1706 ] [ndcg@5: 0.0731 ndcg@10: 0.0873 ndcg@20: 0.1050 ] 
2025-09-29 18:30:33,373 - Epoch 213 Validation set [recall@5: 0.0745 recall@10: 0.1164 recall@20: 0.1719 ] [ndcg@5: 0.0731 ndcg@10: 0.0875 ndcg@20: 0.1056 ] 
2025-09-29 18:30:40,489 - Epoch 216 Validation set [recall@5: 0.0751 recall@10: 0.1166 recall@20: 0.1715 ] [ndcg@5: 0.0732 ndcg@10: 0.0875 ndcg@20: 0.1055 ] 
2025-09-29 18:30:47,674 - Epoch 219 Validation set [recall@5: 0.0767 recall@10: 0.1171 recall@20: 0.1712 ] [ndcg@5: 0.0742 ndcg@10: 0.0881 ndcg@20: 0.1057 ] 
2025-09-29 18:30:54,700 - Epoch 222 Validation set [recall@5: 0.0763 recall@10: 0.1170 recall@20: 0.1717 ] [ndcg@5: 0.0741 ndcg@10: 0.0882 ndcg@20: 0.1060 ] 
2025-09-29 18:31:01,722 - Epoch 225 Validation set [recall@5: 0.0765 recall@10: 0.1165 recall@20: 0.1710 ] [ndcg@5: 0.0741 ndcg@10: 0.0880 ndcg@20: 0.1058 ] 
2025-09-29 18:31:08,768 - Epoch 228 Validation set [recall@5: 0.0766 recall@10: 0.1177 recall@20: 0.1715 ] [ndcg@5: 0.0742 ndcg@10: 0.0884 ndcg@20: 0.1059 ] 
2025-09-29 18:31:10,278 - [recall@5: 0.0745 recall@10: 0.1164 recall@20: 0.1719 ] [ndcg@5: 0.0731 ndcg@10: 0.0875 ndcg@20: 0.1056 ] 
2025-09-29 18:31:11,848 - [recall@5: 0.0743 recall@10: 0.1124 recall@20: 0.1660 ] [ndcg@5: 0.0740 ndcg@10: 0.0872 ndcg@20: 0.1049 ] 
2025-09-29 18:31:11,858 - Save model parameters to ./encoder/checkpoint/lightgcn_rgcn/lightgcn_rgcn-amazon-2023.pth
2025-09-29 18:31:11,859 - Best Epoch 213. Final test result: {'recall': array([0.07430819, 0.11239741, 0.16601349]), 'ndcg': array([0.07400431, 0.08718894, 0.10491942])}.
