2025-10-01 18:57:20,820 - {'optimizer': {'name': 'adam', 'lr': 0.001, 'weight_decay': 0}, 'train': {'epoch': 3000, 'batch_size': 4096, 'save_model': True, 'loss': 'pairwise', 'test_step': 3, 'reproducible': True, 'seed': 2023, 'patience': 5}, 'test': {'metrics': ['recall', 'ndcg'], 'k': [5, 10, 20], 'batch_size': 1024}, 'data': {'type': 'general_agcf', 'name': 'amazon', 'mat_type': 'uai', 'pre_norm': True, 'user_num': 11000, 'item_num': 9332, 'user_item_num': 20332, 'attr_num': 1978}, 'model': {'name': 'lightgcn_rgcn', 'label': 'ori', 'keep_rate': 0.9, 'embedding_size': 64, 'use_unify_layer_num': True, 'layer_num': 10, 'reg_weight': 1e-07, 'amazon': {'keep_rate': 0.9, 'layer_num': 10, 'reg_weight': 1e-07, 'eps': 0.1}, 'yelp': {'keep_rate': 0.9, 'layer_num': 3, 'reg_weight': 1e-06, 'eps': 0.1}, 'steam': {'keep_rate': 0.8, 'layer_num': 3, 'reg_weight': 1e-07, 'eps': 0.2}, 'Office': {'keep_rate': 0.9, 'layer_num': 3, 'reg_weight': 1e-06, 'eps': 0.1}}}
2025-10-01 18:57:26,804 - Epoch   0 Validation set [recall@5: 0.0071 recall@10: 0.0136 recall@20: 0.0226 ] [ndcg@5: 0.0079 ndcg@10: 0.0101 ndcg@20: 0.0130 ] 
2025-10-01 18:57:37,336 - Epoch   3 Validation set [recall@5: 0.0151 recall@10: 0.0275 recall@20: 0.0461 ] [ndcg@5: 0.0156 ndcg@10: 0.0202 ndcg@20: 0.0263 ] 
2025-10-01 18:57:49,062 - Epoch   6 Validation set [recall@5: 0.0213 recall@10: 0.0373 recall@20: 0.0636 ] [ndcg@5: 0.0211 ndcg@10: 0.0269 ndcg@20: 0.0354 ] 
2025-10-01 18:57:59,410 - Epoch   9 Validation set [recall@5: 0.0255 recall@10: 0.0428 recall@20: 0.0713 ] [ndcg@5: 0.0245 ndcg@10: 0.0306 ndcg@20: 0.0397 ] 
2025-10-01 18:58:10,909 - Epoch  12 Validation set [recall@5: 0.0285 recall@10: 0.0476 recall@20: 0.0767 ] [ndcg@5: 0.0280 ndcg@10: 0.0345 ndcg@20: 0.0440 ] 
2025-10-01 18:58:23,579 - Epoch  15 Validation set [recall@5: 0.0309 recall@10: 0.0512 recall@20: 0.0829 ] [ndcg@5: 0.0305 ndcg@10: 0.0374 ndcg@20: 0.0478 ] 
2025-10-01 18:58:34,802 - Epoch  18 Validation set [recall@5: 0.0316 recall@10: 0.0515 recall@20: 0.0847 ] [ndcg@5: 0.0312 ndcg@10: 0.0379 ndcg@20: 0.0487 ] 
2025-10-01 18:58:45,146 - Epoch  21 Validation set [recall@5: 0.0330 recall@10: 0.0559 recall@20: 0.0903 ] [ndcg@5: 0.0332 ndcg@10: 0.0410 ndcg@20: 0.0523 ] 
2025-10-01 18:58:56,508 - Epoch  24 Validation set [recall@5: 0.0348 recall@10: 0.0561 recall@20: 0.0921 ] [ndcg@5: 0.0343 ndcg@10: 0.0415 ndcg@20: 0.0531 ] 
2025-10-01 18:59:08,051 - Epoch  27 Validation set [recall@5: 0.0352 recall@10: 0.0578 recall@20: 0.0939 ] [ndcg@5: 0.0351 ndcg@10: 0.0428 ndcg@20: 0.0545 ] 
2025-10-01 18:59:19,128 - Epoch  30 Validation set [recall@5: 0.0361 recall@10: 0.0602 recall@20: 0.0969 ] [ndcg@5: 0.0359 ndcg@10: 0.0440 ndcg@20: 0.0558 ] 
2025-10-01 18:59:30,518 - Epoch  33 Validation set [recall@5: 0.0374 recall@10: 0.0619 recall@20: 0.1008 ] [ndcg@5: 0.0371 ndcg@10: 0.0454 ndcg@20: 0.0580 ] 
2025-10-01 18:59:41,242 - Epoch  36 Validation set [recall@5: 0.0384 recall@10: 0.0641 recall@20: 0.1010 ] [ndcg@5: 0.0384 ndcg@10: 0.0472 ndcg@20: 0.0591 ] 
2025-10-01 18:59:51,477 - Epoch  39 Validation set [recall@5: 0.0400 recall@10: 0.0655 recall@20: 0.1038 ] [ndcg@5: 0.0396 ndcg@10: 0.0481 ndcg@20: 0.0604 ] 
2025-10-01 19:00:02,288 - Epoch  42 Validation set [recall@5: 0.0401 recall@10: 0.0656 recall@20: 0.1047 ] [ndcg@5: 0.0402 ndcg@10: 0.0486 ndcg@20: 0.0612 ] 
2025-10-01 19:00:12,668 - Epoch  45 Validation set [recall@5: 0.0397 recall@10: 0.0647 recall@20: 0.1047 ] [ndcg@5: 0.0400 ndcg@10: 0.0481 ndcg@20: 0.0610 ] 
2025-10-01 19:00:23,010 - Epoch  48 Validation set [recall@5: 0.0422 recall@10: 0.0694 recall@20: 0.1107 ] [ndcg@5: 0.0421 ndcg@10: 0.0512 ndcg@20: 0.0646 ] 
2025-10-01 19:00:34,038 - Epoch  51 Validation set [recall@5: 0.0433 recall@10: 0.0712 recall@20: 0.1118 ] [ndcg@5: 0.0428 ndcg@10: 0.0525 ndcg@20: 0.0656 ] 
2025-10-01 19:00:44,379 - Epoch  54 Validation set [recall@5: 0.0425 recall@10: 0.0699 recall@20: 0.1118 ] [ndcg@5: 0.0422 ndcg@10: 0.0515 ndcg@20: 0.0651 ] 
2025-10-01 19:00:55,392 - Epoch  57 Validation set [recall@5: 0.0440 recall@10: 0.0717 recall@20: 0.1133 ] [ndcg@5: 0.0433 ndcg@10: 0.0527 ndcg@20: 0.0662 ] 
2025-10-01 19:01:07,170 - Epoch  60 Validation set [recall@5: 0.0456 recall@10: 0.0725 recall@20: 0.1152 ] [ndcg@5: 0.0449 ndcg@10: 0.0539 ndcg@20: 0.0678 ] 
2025-10-01 19:01:17,466 - Epoch  63 Validation set [recall@5: 0.0462 recall@10: 0.0749 recall@20: 0.1173 ] [ndcg@5: 0.0453 ndcg@10: 0.0553 ndcg@20: 0.0692 ] 
2025-10-01 19:01:27,836 - Epoch  66 Validation set [recall@5: 0.0460 recall@10: 0.0746 recall@20: 0.1180 ] [ndcg@5: 0.0454 ndcg@10: 0.0550 ndcg@20: 0.0691 ] 
2025-10-01 19:01:38,963 - Epoch  69 Validation set [recall@5: 0.0458 recall@10: 0.0734 recall@20: 0.1162 ] [ndcg@5: 0.0448 ndcg@10: 0.0539 ndcg@20: 0.0678 ] 
2025-10-01 19:01:49,882 - Epoch  72 Validation set [recall@5: 0.0468 recall@10: 0.0784 recall@20: 0.1207 ] [ndcg@5: 0.0462 ndcg@10: 0.0572 ndcg@20: 0.0710 ] 
2025-10-01 19:02:01,268 - Epoch  75 Validation set [recall@5: 0.0477 recall@10: 0.0763 recall@20: 0.1210 ] [ndcg@5: 0.0477 ndcg@10: 0.0572 ndcg@20: 0.0716 ] 
2025-10-01 19:02:12,321 - Epoch  78 Validation set [recall@5: 0.0494 recall@10: 0.0796 recall@20: 0.1251 ] [ndcg@5: 0.0483 ndcg@10: 0.0586 ndcg@20: 0.0734 ] 
2025-10-01 19:02:22,847 - Epoch  81 Validation set [recall@5: 0.0501 recall@10: 0.0809 recall@20: 0.1237 ] [ndcg@5: 0.0490 ndcg@10: 0.0597 ndcg@20: 0.0734 ] 
2025-10-01 19:02:33,668 - Epoch  84 Validation set [recall@5: 0.0506 recall@10: 0.0803 recall@20: 0.1259 ] [ndcg@5: 0.0492 ndcg@10: 0.0593 ndcg@20: 0.0740 ] 
2025-10-01 19:02:44,774 - Epoch  87 Validation set [recall@5: 0.0509 recall@10: 0.0805 recall@20: 0.1245 ] [ndcg@5: 0.0493 ndcg@10: 0.0595 ndcg@20: 0.0735 ] 
2025-10-01 19:02:55,353 - Epoch  90 Validation set [recall@5: 0.0522 recall@10: 0.0824 recall@20: 0.1271 ] [ndcg@5: 0.0502 ndcg@10: 0.0606 ndcg@20: 0.0751 ] 
2025-10-01 19:03:06,611 - Epoch  93 Validation set [recall@5: 0.0504 recall@10: 0.0809 recall@20: 0.1259 ] [ndcg@5: 0.0493 ndcg@10: 0.0599 ndcg@20: 0.0742 ] 
2025-10-01 19:03:16,820 - Epoch  96 Validation set [recall@5: 0.0508 recall@10: 0.0820 recall@20: 0.1266 ] [ndcg@5: 0.0495 ndcg@10: 0.0604 ndcg@20: 0.0748 ] 
2025-10-01 19:03:27,319 - Epoch  99 Validation set [recall@5: 0.0525 recall@10: 0.0853 recall@20: 0.1309 ] [ndcg@5: 0.0516 ndcg@10: 0.0630 ndcg@20: 0.0776 ] 
2025-10-01 19:03:38,553 - Epoch 102 Validation set [recall@5: 0.0530 recall@10: 0.0838 recall@20: 0.1312 ] [ndcg@5: 0.0517 ndcg@10: 0.0623 ndcg@20: 0.0774 ] 
2025-10-01 19:03:48,895 - Epoch 105 Validation set [recall@5: 0.0526 recall@10: 0.0841 recall@20: 0.1310 ] [ndcg@5: 0.0512 ndcg@10: 0.0620 ndcg@20: 0.0770 ] 
2025-10-01 19:03:59,185 - Epoch 108 Validation set [recall@5: 0.0531 recall@10: 0.0840 recall@20: 0.1306 ] [ndcg@5: 0.0520 ndcg@10: 0.0627 ndcg@20: 0.0776 ] 
2025-10-01 19:04:10,219 - Epoch 111 Validation set [recall@5: 0.0552 recall@10: 0.0864 recall@20: 0.1342 ] [ndcg@5: 0.0536 ndcg@10: 0.0643 ndcg@20: 0.0797 ] 
2025-10-01 19:04:20,779 - Epoch 114 Validation set [recall@5: 0.0552 recall@10: 0.0871 recall@20: 0.1357 ] [ndcg@5: 0.0543 ndcg@10: 0.0653 ndcg@20: 0.0808 ] 
2025-10-01 19:04:31,578 - Epoch 117 Validation set [recall@5: 0.0562 recall@10: 0.0893 recall@20: 0.1369 ] [ndcg@5: 0.0549 ndcg@10: 0.0664 ndcg@20: 0.0816 ] 
2025-10-01 19:04:42,697 - Epoch 120 Validation set [recall@5: 0.0527 recall@10: 0.0848 recall@20: 0.1320 ] [ndcg@5: 0.0521 ndcg@10: 0.0631 ndcg@20: 0.0782 ] 
2025-10-01 19:04:54,131 - Epoch 123 Validation set [recall@5: 0.0555 recall@10: 0.0900 recall@20: 0.1370 ] [ndcg@5: 0.0548 ndcg@10: 0.0667 ndcg@20: 0.0817 ] 
2025-10-01 19:05:05,349 - Epoch 126 Validation set [recall@5: 0.0563 recall@10: 0.0908 recall@20: 0.1377 ] [ndcg@5: 0.0559 ndcg@10: 0.0677 ndcg@20: 0.0828 ] 
2025-10-01 19:05:16,315 - Epoch 129 Validation set [recall@5: 0.0575 recall@10: 0.0919 recall@20: 0.1388 ] [ndcg@5: 0.0567 ndcg@10: 0.0684 ndcg@20: 0.0836 ] 
2025-10-01 19:05:27,983 - Epoch 132 Validation set [recall@5: 0.0565 recall@10: 0.0905 recall@20: 0.1378 ] [ndcg@5: 0.0558 ndcg@10: 0.0675 ndcg@20: 0.0827 ] 
2025-10-01 19:05:38,791 - Epoch 135 Validation set [recall@5: 0.0567 recall@10: 0.0901 recall@20: 0.1389 ] [ndcg@5: 0.0558 ndcg@10: 0.0674 ndcg@20: 0.0831 ] 
2025-10-01 19:05:50,006 - Epoch 138 Validation set [recall@5: 0.0590 recall@10: 0.0938 recall@20: 0.1427 ] [ndcg@5: 0.0579 ndcg@10: 0.0700 ndcg@20: 0.0855 ] 
2025-10-01 19:06:01,202 - Epoch 141 Validation set [recall@5: 0.0566 recall@10: 0.0909 recall@20: 0.1407 ] [ndcg@5: 0.0564 ndcg@10: 0.0680 ndcg@20: 0.0838 ] 
2025-10-01 19:06:11,377 - Epoch 144 Validation set [recall@5: 0.0577 recall@10: 0.0932 recall@20: 0.1425 ] [ndcg@5: 0.0570 ndcg@10: 0.0694 ndcg@20: 0.0852 ] 
2025-10-01 19:06:21,829 - Epoch 147 Validation set [recall@5: 0.0566 recall@10: 0.0899 recall@20: 0.1380 ] [ndcg@5: 0.0556 ndcg@10: 0.0672 ndcg@20: 0.0826 ] 
2025-10-01 19:06:33,556 - Epoch 150 Validation set [recall@5: 0.0584 recall@10: 0.0939 recall@20: 0.1410 ] [ndcg@5: 0.0576 ndcg@10: 0.0700 ndcg@20: 0.0851 ] 
2025-10-01 19:06:43,822 - Epoch 153 Validation set [recall@5: 0.0578 recall@10: 0.0923 recall@20: 0.1416 ] [ndcg@5: 0.0570 ndcg@10: 0.0693 ndcg@20: 0.0851 ] 
2025-10-01 19:06:45,082 - [recall@5: 0.0590 recall@10: 0.0938 recall@20: 0.1427 ] [ndcg@5: 0.0579 ndcg@10: 0.0700 ndcg@20: 0.0855 ] 
2025-10-01 19:06:46,360 - [recall@5: 0.0589 recall@10: 0.0919 recall@20: 0.1381 ] [ndcg@5: 0.0587 ndcg@10: 0.0700 ndcg@20: 0.0851 ] 
2025-10-01 19:06:46,367 - Save model parameters to ./encoder/checkpoint/lightgcn_rgcn/lightgcn_rgcn-amazon-2023.pth
2025-10-01 19:06:46,368 - Best Epoch 138. Final test result: {'recall': array([0.05889238, 0.09194431, 0.1381492 ]), 'ndcg': array([0.05871261, 0.0699867 , 0.08511667])}.
