2025-09-29 17:39:13,273 - {'optimizer': {'name': 'adam', 'lr': 0.001, 'weight_decay': 0}, 'train': {'epoch': 3000, 'batch_size': 4096, 'save_model': True, 'loss': 'pairwise', 'test_step': 3, 'reproducible': True, 'seed': 2023, 'patience': 5}, 'test': {'metrics': ['recall', 'ndcg'], 'k': [5, 10, 20], 'batch_size': 1024}, 'data': {'type': 'general_agcf', 'name': 'amazon', 'mat_type': 'uai', 'pre_norm': True, 'user_num': 11000, 'item_num': 9332, 'user_item_num': 20332, 'attr_num': 1978}, 'model': {'name': 'lightgcn_rgcn', 'label': 'ori', 'keep_rate': 0.8, 'embedding_size': 64, 'use_unify_layer_num': True, 'layer_num': 3, 'reg_weight': 1e-07, 'amazon': {'keep_rate': 0.8, 'layer_num': 3, 'reg_weight': 1e-07, 'eps': 0.1}, 'yelp': {'keep_rate': 0.8, 'layer_num': 3, 'reg_weight': 1e-07, 'eps': 0.1}, 'steam': {'keep_rate': 0.8, 'layer_num': 3, 'reg_weight': 1e-07, 'eps': 0.2}, 'Office': {'keep_rate': 0.9, 'layer_num': 3, 'reg_weight': 1e-06, 'eps': 0.1}}}
2025-09-29 17:39:17,517 - Epoch   0 Validation set [recall@5: 0.0113 recall@10: 0.0189 recall@20: 0.0308 ] [ndcg@5: 0.0115 ndcg@10: 0.0140 ndcg@20: 0.0179 ] 
2025-09-29 17:39:23,953 - Epoch   3 Validation set [recall@5: 0.0174 recall@10: 0.0302 recall@20: 0.0493 ] [ndcg@5: 0.0180 ndcg@10: 0.0224 ndcg@20: 0.0287 ] 
2025-09-29 17:39:30,860 - Epoch   6 Validation set [recall@5: 0.0250 recall@10: 0.0417 recall@20: 0.0675 ] [ndcg@5: 0.0254 ndcg@10: 0.0310 ndcg@20: 0.0395 ] 
2025-09-29 17:39:38,024 - Epoch   9 Validation set [recall@5: 0.0280 recall@10: 0.0458 recall@20: 0.0761 ] [ndcg@5: 0.0287 ndcg@10: 0.0348 ndcg@20: 0.0448 ] 
2025-09-29 17:39:45,351 - Epoch  12 Validation set [recall@5: 0.0315 recall@10: 0.0520 recall@20: 0.0852 ] [ndcg@5: 0.0319 ndcg@10: 0.0387 ndcg@20: 0.0497 ] 
2025-09-29 17:39:52,595 - Epoch  15 Validation set [recall@5: 0.0345 recall@10: 0.0564 recall@20: 0.0915 ] [ndcg@5: 0.0349 ndcg@10: 0.0422 ndcg@20: 0.0537 ] 
2025-09-29 17:39:59,151 - Epoch  18 Validation set [recall@5: 0.0365 recall@10: 0.0597 recall@20: 0.0963 ] [ndcg@5: 0.0369 ndcg@10: 0.0447 ndcg@20: 0.0566 ] 
2025-09-29 17:40:06,267 - Epoch  21 Validation set [recall@5: 0.0392 recall@10: 0.0628 recall@20: 0.1014 ] [ndcg@5: 0.0391 ndcg@10: 0.0469 ndcg@20: 0.0596 ] 
2025-09-29 17:40:13,107 - Epoch  24 Validation set [recall@5: 0.0413 recall@10: 0.0670 recall@20: 0.1052 ] [ndcg@5: 0.0416 ndcg@10: 0.0501 ndcg@20: 0.0627 ] 
2025-09-29 17:40:20,136 - Epoch  27 Validation set [recall@5: 0.0422 recall@10: 0.0692 recall@20: 0.1075 ] [ndcg@5: 0.0427 ndcg@10: 0.0519 ndcg@20: 0.0643 ] 
2025-09-29 17:40:27,575 - Epoch  30 Validation set [recall@5: 0.0432 recall@10: 0.0715 recall@20: 0.1101 ] [ndcg@5: 0.0439 ndcg@10: 0.0537 ndcg@20: 0.0662 ] 
2025-09-29 17:40:34,620 - Epoch  33 Validation set [recall@5: 0.0446 recall@10: 0.0727 recall@20: 0.1131 ] [ndcg@5: 0.0446 ndcg@10: 0.0543 ndcg@20: 0.0673 ] 
2025-09-29 17:40:42,087 - Epoch  36 Validation set [recall@5: 0.0459 recall@10: 0.0740 recall@20: 0.1168 ] [ndcg@5: 0.0460 ndcg@10: 0.0555 ndcg@20: 0.0693 ] 
2025-09-29 17:40:49,332 - Epoch  39 Validation set [recall@5: 0.0472 recall@10: 0.0759 recall@20: 0.1188 ] [ndcg@5: 0.0473 ndcg@10: 0.0570 ndcg@20: 0.0708 ] 
2025-09-29 17:40:56,630 - Epoch  42 Validation set [recall@5: 0.0485 recall@10: 0.0778 recall@20: 0.1216 ] [ndcg@5: 0.0482 ndcg@10: 0.0580 ndcg@20: 0.0723 ] 
2025-09-29 17:41:03,864 - Epoch  45 Validation set [recall@5: 0.0485 recall@10: 0.0795 recall@20: 0.1228 ] [ndcg@5: 0.0489 ndcg@10: 0.0594 ndcg@20: 0.0734 ] 
2025-09-29 17:41:11,086 - Epoch  48 Validation set [recall@5: 0.0496 recall@10: 0.0795 recall@20: 0.1250 ] [ndcg@5: 0.0496 ndcg@10: 0.0597 ndcg@20: 0.0744 ] 
2025-09-29 17:41:18,310 - Epoch  51 Validation set [recall@5: 0.0502 recall@10: 0.0812 recall@20: 0.1266 ] [ndcg@5: 0.0503 ndcg@10: 0.0608 ndcg@20: 0.0754 ] 
2025-09-29 17:41:25,125 - Epoch  54 Validation set [recall@5: 0.0503 recall@10: 0.0817 recall@20: 0.1285 ] [ndcg@5: 0.0502 ndcg@10: 0.0611 ndcg@20: 0.0763 ] 
2025-09-29 17:41:32,255 - Epoch  57 Validation set [recall@5: 0.0515 recall@10: 0.0828 recall@20: 0.1297 ] [ndcg@5: 0.0510 ndcg@10: 0.0620 ndcg@20: 0.0772 ] 
2025-09-29 17:41:39,441 - Epoch  60 Validation set [recall@5: 0.0525 recall@10: 0.0846 recall@20: 0.1310 ] [ndcg@5: 0.0522 ndcg@10: 0.0634 ndcg@20: 0.0784 ] 
2025-09-29 17:41:46,191 - Epoch  63 Validation set [recall@5: 0.0538 recall@10: 0.0859 recall@20: 0.1339 ] [ndcg@5: 0.0533 ndcg@10: 0.0645 ndcg@20: 0.0800 ] 
2025-09-29 17:41:53,394 - Epoch  66 Validation set [recall@5: 0.0549 recall@10: 0.0874 recall@20: 0.1352 ] [ndcg@5: 0.0542 ndcg@10: 0.0655 ndcg@20: 0.0810 ] 
2025-09-29 17:42:00,587 - Epoch  69 Validation set [recall@5: 0.0547 recall@10: 0.0873 recall@20: 0.1363 ] [ndcg@5: 0.0543 ndcg@10: 0.0656 ndcg@20: 0.0815 ] 
2025-09-29 17:42:07,421 - Epoch  72 Validation set [recall@5: 0.0554 recall@10: 0.0884 recall@20: 0.1394 ] [ndcg@5: 0.0553 ndcg@10: 0.0668 ndcg@20: 0.0832 ] 
2025-09-29 17:42:14,614 - Epoch  75 Validation set [recall@5: 0.0563 recall@10: 0.0898 recall@20: 0.1400 ] [ndcg@5: 0.0563 ndcg@10: 0.0679 ndcg@20: 0.0840 ] 
2025-09-29 17:42:21,857 - Epoch  78 Validation set [recall@5: 0.0572 recall@10: 0.0904 recall@20: 0.1403 ] [ndcg@5: 0.0565 ndcg@10: 0.0681 ndcg@20: 0.0842 ] 
2025-09-29 17:42:28,715 - Epoch  81 Validation set [recall@5: 0.0574 recall@10: 0.0912 recall@20: 0.1411 ] [ndcg@5: 0.0572 ndcg@10: 0.0688 ndcg@20: 0.0852 ] 
2025-09-29 17:42:35,887 - Epoch  84 Validation set [recall@5: 0.0581 recall@10: 0.0913 recall@20: 0.1432 ] [ndcg@5: 0.0581 ndcg@10: 0.0695 ndcg@20: 0.0864 ] 
2025-09-29 17:42:43,047 - Epoch  87 Validation set [recall@5: 0.0598 recall@10: 0.0939 recall@20: 0.1436 ] [ndcg@5: 0.0595 ndcg@10: 0.0711 ndcg@20: 0.0873 ] 
2025-09-29 17:42:50,176 - Epoch  90 Validation set [recall@5: 0.0601 recall@10: 0.0948 recall@20: 0.1447 ] [ndcg@5: 0.0598 ndcg@10: 0.0716 ndcg@20: 0.0878 ] 
2025-09-29 17:42:57,196 - Epoch  93 Validation set [recall@5: 0.0610 recall@10: 0.0960 recall@20: 0.1462 ] [ndcg@5: 0.0606 ndcg@10: 0.0726 ndcg@20: 0.0888 ] 
2025-09-29 17:43:04,486 - Epoch  96 Validation set [recall@5: 0.0612 recall@10: 0.0960 recall@20: 0.1473 ] [ndcg@5: 0.0610 ndcg@10: 0.0730 ndcg@20: 0.0896 ] 
2025-09-29 17:43:11,704 - Epoch  99 Validation set [recall@5: 0.0622 recall@10: 0.0980 recall@20: 0.1485 ] [ndcg@5: 0.0619 ndcg@10: 0.0742 ndcg@20: 0.0906 ] 
2025-09-29 17:43:18,862 - Epoch 102 Validation set [recall@5: 0.0622 recall@10: 0.1000 recall@20: 0.1495 ] [ndcg@5: 0.0620 ndcg@10: 0.0752 ndcg@20: 0.0913 ] 
2025-09-29 17:43:26,149 - Epoch 105 Validation set [recall@5: 0.0640 recall@10: 0.0995 recall@20: 0.1509 ] [ndcg@5: 0.0631 ndcg@10: 0.0752 ndcg@20: 0.0919 ] 
2025-09-29 17:43:33,266 - Epoch 108 Validation set [recall@5: 0.0649 recall@10: 0.1008 recall@20: 0.1515 ] [ndcg@5: 0.0638 ndcg@10: 0.0761 ndcg@20: 0.0925 ] 
2025-09-29 17:43:40,336 - Epoch 111 Validation set [recall@5: 0.0656 recall@10: 0.1017 recall@20: 0.1538 ] [ndcg@5: 0.0645 ndcg@10: 0.0768 ndcg@20: 0.0937 ] 
2025-09-29 17:43:47,568 - Epoch 114 Validation set [recall@5: 0.0670 recall@10: 0.1031 recall@20: 0.1543 ] [ndcg@5: 0.0654 ndcg@10: 0.0777 ndcg@20: 0.0943 ] 
2025-09-29 17:43:54,868 - Epoch 117 Validation set [recall@5: 0.0669 recall@10: 0.1048 recall@20: 0.1561 ] [ndcg@5: 0.0658 ndcg@10: 0.0786 ndcg@20: 0.0951 ] 
2025-09-29 17:44:01,892 - Epoch 120 Validation set [recall@5: 0.0678 recall@10: 0.1050 recall@20: 0.1578 ] [ndcg@5: 0.0664 ndcg@10: 0.0789 ndcg@20: 0.0959 ] 
2025-09-29 17:44:08,999 - Epoch 123 Validation set [recall@5: 0.0690 recall@10: 0.1052 recall@20: 0.1580 ] [ndcg@5: 0.0673 ndcg@10: 0.0795 ndcg@20: 0.0964 ] 
2025-09-29 17:44:16,217 - Epoch 126 Validation set [recall@5: 0.0687 recall@10: 0.1057 recall@20: 0.1588 ] [ndcg@5: 0.0676 ndcg@10: 0.0799 ndcg@20: 0.0971 ] 
2025-09-29 17:44:23,024 - Epoch 129 Validation set [recall@5: 0.0692 recall@10: 0.1068 recall@20: 0.1598 ] [ndcg@5: 0.0680 ndcg@10: 0.0805 ndcg@20: 0.0976 ] 
2025-09-29 17:44:30,212 - Epoch 132 Validation set [recall@5: 0.0688 recall@10: 0.1071 recall@20: 0.1594 ] [ndcg@5: 0.0676 ndcg@10: 0.0806 ndcg@20: 0.0974 ] 
2025-09-29 17:44:37,417 - Epoch 135 Validation set [recall@5: 0.0705 recall@10: 0.1075 recall@20: 0.1614 ] [ndcg@5: 0.0689 ndcg@10: 0.0812 ndcg@20: 0.0984 ] 
2025-09-29 17:44:44,282 - Epoch 138 Validation set [recall@5: 0.0691 recall@10: 0.1079 recall@20: 0.1623 ] [ndcg@5: 0.0682 ndcg@10: 0.0812 ndcg@20: 0.0986 ] 
2025-09-29 17:44:51,505 - Epoch 141 Validation set [recall@5: 0.0694 recall@10: 0.1088 recall@20: 0.1618 ] [ndcg@5: 0.0686 ndcg@10: 0.0818 ndcg@20: 0.0988 ] 
2025-09-29 17:44:58,627 - Epoch 144 Validation set [recall@5: 0.0692 recall@10: 0.1101 recall@20: 0.1628 ] [ndcg@5: 0.0683 ndcg@10: 0.0821 ndcg@20: 0.0990 ] 
2025-09-29 17:45:05,578 - Epoch 147 Validation set [recall@5: 0.0694 recall@10: 0.1090 recall@20: 0.1625 ] [ndcg@5: 0.0688 ndcg@10: 0.0821 ndcg@20: 0.0993 ] 
2025-09-29 17:45:12,740 - Epoch 150 Validation set [recall@5: 0.0695 recall@10: 0.1106 recall@20: 0.1627 ] [ndcg@5: 0.0686 ndcg@10: 0.0826 ndcg@20: 0.0995 ] 
2025-09-29 17:45:19,297 - Epoch 153 Validation set [recall@5: 0.0700 recall@10: 0.1111 recall@20: 0.1637 ] [ndcg@5: 0.0690 ndcg@10: 0.0831 ndcg@20: 0.1001 ] 
2025-09-29 17:45:26,382 - Epoch 156 Validation set [recall@5: 0.0699 recall@10: 0.1109 recall@20: 0.1640 ] [ndcg@5: 0.0685 ndcg@10: 0.0826 ndcg@20: 0.1000 ] 
2025-09-29 17:45:33,391 - Epoch 159 Validation set [recall@5: 0.0704 recall@10: 0.1106 recall@20: 0.1647 ] [ndcg@5: 0.0690 ndcg@10: 0.0828 ndcg@20: 0.1004 ] 
2025-09-29 17:45:40,554 - Epoch 162 Validation set [recall@5: 0.0704 recall@10: 0.1123 recall@20: 0.1654 ] [ndcg@5: 0.0690 ndcg@10: 0.0836 ndcg@20: 0.1009 ] 
2025-09-29 17:45:47,796 - Epoch 165 Validation set [recall@5: 0.0708 recall@10: 0.1133 recall@20: 0.1679 ] [ndcg@5: 0.0693 ndcg@10: 0.0843 ndcg@20: 0.1020 ] 
2025-09-29 17:45:55,066 - Epoch 168 Validation set [recall@5: 0.0708 recall@10: 0.1144 recall@20: 0.1674 ] [ndcg@5: 0.0694 ndcg@10: 0.0847 ndcg@20: 0.1020 ] 
2025-09-29 17:46:02,047 - Epoch 171 Validation set [recall@5: 0.0715 recall@10: 0.1146 recall@20: 0.1678 ] [ndcg@5: 0.0699 ndcg@10: 0.0849 ndcg@20: 0.1023 ] 
2025-09-29 17:46:08,894 - Epoch 174 Validation set [recall@5: 0.0721 recall@10: 0.1164 recall@20: 0.1681 ] [ndcg@5: 0.0704 ndcg@10: 0.0858 ndcg@20: 0.1026 ] 
2025-09-29 17:46:15,620 - Epoch 177 Validation set [recall@5: 0.0713 recall@10: 0.1152 recall@20: 0.1677 ] [ndcg@5: 0.0702 ndcg@10: 0.0856 ndcg@20: 0.1027 ] 
2025-09-29 17:46:22,581 - Epoch 180 Validation set [recall@5: 0.0721 recall@10: 0.1153 recall@20: 0.1675 ] [ndcg@5: 0.0711 ndcg@10: 0.0861 ndcg@20: 0.1031 ] 
2025-09-29 17:46:29,673 - Epoch 183 Validation set [recall@5: 0.0724 recall@10: 0.1156 recall@20: 0.1680 ] [ndcg@5: 0.0712 ndcg@10: 0.0863 ndcg@20: 0.1034 ] 
2025-09-29 17:46:36,941 - Epoch 186 Validation set [recall@5: 0.0721 recall@10: 0.1156 recall@20: 0.1685 ] [ndcg@5: 0.0712 ndcg@10: 0.0862 ndcg@20: 0.1034 ] 
2025-09-29 17:46:43,919 - Epoch 189 Validation set [recall@5: 0.0716 recall@10: 0.1173 recall@20: 0.1692 ] [ndcg@5: 0.0706 ndcg@10: 0.0867 ndcg@20: 0.1037 ] 
2025-09-29 17:46:51,126 - Epoch 192 Validation set [recall@5: 0.0725 recall@10: 0.1157 recall@20: 0.1692 ] [ndcg@5: 0.0716 ndcg@10: 0.0866 ndcg@20: 0.1040 ] 
2025-09-29 17:46:58,300 - Epoch 195 Validation set [recall@5: 0.0737 recall@10: 0.1155 recall@20: 0.1691 ] [ndcg@5: 0.0719 ndcg@10: 0.0865 ndcg@20: 0.1040 ] 
2025-09-29 17:47:05,204 - Epoch 198 Validation set [recall@5: 0.0737 recall@10: 0.1153 recall@20: 0.1697 ] [ndcg@5: 0.0722 ndcg@10: 0.0866 ndcg@20: 0.1044 ] 
2025-09-29 17:47:12,470 - Epoch 201 Validation set [recall@5: 0.0746 recall@10: 0.1159 recall@20: 0.1698 ] [ndcg@5: 0.0728 ndcg@10: 0.0871 ndcg@20: 0.1047 ] 
2025-09-29 17:47:19,566 - Epoch 204 Validation set [recall@5: 0.0754 recall@10: 0.1161 recall@20: 0.1703 ] [ndcg@5: 0.0733 ndcg@10: 0.0872 ndcg@20: 0.1048 ] 
2025-09-29 17:47:26,570 - Epoch 207 Validation set [recall@5: 0.0750 recall@10: 0.1165 recall@20: 0.1713 ] [ndcg@5: 0.0731 ndcg@10: 0.0873 ndcg@20: 0.1051 ] 
2025-09-29 17:47:33,728 - Epoch 210 Validation set [recall@5: 0.0749 recall@10: 0.1164 recall@20: 0.1706 ] [ndcg@5: 0.0731 ndcg@10: 0.0873 ndcg@20: 0.1050 ] 
2025-09-29 17:47:41,081 - Epoch 213 Validation set [recall@5: 0.0745 recall@10: 0.1164 recall@20: 0.1719 ] [ndcg@5: 0.0731 ndcg@10: 0.0875 ndcg@20: 0.1056 ] 
2025-09-29 17:47:48,143 - Epoch 216 Validation set [recall@5: 0.0751 recall@10: 0.1166 recall@20: 0.1715 ] [ndcg@5: 0.0732 ndcg@10: 0.0875 ndcg@20: 0.1055 ] 
2025-09-29 17:47:55,321 - Epoch 219 Validation set [recall@5: 0.0767 recall@10: 0.1171 recall@20: 0.1712 ] [ndcg@5: 0.0742 ndcg@10: 0.0881 ndcg@20: 0.1057 ] 
2025-09-29 17:48:02,598 - Epoch 222 Validation set [recall@5: 0.0763 recall@10: 0.1170 recall@20: 0.1717 ] [ndcg@5: 0.0741 ndcg@10: 0.0882 ndcg@20: 0.1060 ] 
2025-09-29 17:48:09,885 - Epoch 225 Validation set [recall@5: 0.0765 recall@10: 0.1165 recall@20: 0.1710 ] [ndcg@5: 0.0741 ndcg@10: 0.0880 ndcg@20: 0.1057 ] 
2025-09-29 17:48:17,251 - Epoch 228 Validation set [recall@5: 0.0766 recall@10: 0.1177 recall@20: 0.1715 ] [ndcg@5: 0.0742 ndcg@10: 0.0884 ndcg@20: 0.1059 ] 
2025-09-29 17:48:18,762 - [recall@5: 0.0745 recall@10: 0.1164 recall@20: 0.1719 ] [ndcg@5: 0.0731 ndcg@10: 0.0875 ndcg@20: 0.1056 ] 
2025-09-29 17:48:20,285 - [recall@5: 0.0743 recall@10: 0.1124 recall@20: 0.1660 ] [ndcg@5: 0.0740 ndcg@10: 0.0872 ndcg@20: 0.1049 ] 
2025-09-29 17:48:20,294 - Save model parameters to ./encoder/checkpoint/lightgcn_rgcn/lightgcn_rgcn-amazon-2023.pth
2025-09-29 17:48:20,295 - Best Epoch 213. Final test result: {'recall': array([0.07430819, 0.11238635, 0.16601349]), 'ndcg': array([0.07400431, 0.08718508, 0.10491875])}.
