2025-10-01 18:24:13,004 - {'optimizer': {'name': 'adam', 'lr': 0.001, 'weight_decay': 0}, 'train': {'epoch': 3000, 'batch_size': 4096, 'save_model': True, 'loss': 'pairwise', 'test_step': 3, 'reproducible': True, 'seed': 2023, 'patience': 5}, 'test': {'metrics': ['recall', 'ndcg'], 'k': [5, 10, 20], 'batch_size': 1024}, 'data': {'type': 'general_agcf', 'name': 'amazon', 'mat_type': 'uai', 'pre_norm': True, 'user_num': 11000, 'item_num': 9332, 'user_item_num': 20332, 'attr_num': 1978}, 'model': {'name': 'lightgcn_rgcn', 'label': 'ori', 'keep_rate': 0.9, 'embedding_size': 64, 'use_unify_layer_num': True, 'layer_num': 7, 'reg_weight': 1e-07, 'amazon': {'keep_rate': 0.9, 'layer_num': 7, 'reg_weight': 1e-07, 'eps': 0.1}, 'yelp': {'keep_rate': 0.9, 'layer_num': 3, 'reg_weight': 1e-06, 'eps': 0.1}, 'steam': {'keep_rate': 0.8, 'layer_num': 3, 'reg_weight': 1e-07, 'eps': 0.2}, 'Office': {'keep_rate': 0.9, 'layer_num': 3, 'reg_weight': 1e-06, 'eps': 0.1}}}
2025-10-01 18:24:18,944 - Epoch   0 Validation set [recall@5: 0.0083 recall@10: 0.0140 recall@20: 0.0228 ] [ndcg@5: 0.0084 ndcg@10: 0.0103 ndcg@20: 0.0131 ] 
2025-10-01 18:24:30,338 - Epoch   3 Validation set [recall@5: 0.0185 recall@10: 0.0333 recall@20: 0.0547 ] [ndcg@5: 0.0188 ndcg@10: 0.0241 ndcg@20: 0.0310 ] 
2025-10-01 18:24:41,097 - Epoch   6 Validation set [recall@5: 0.0262 recall@10: 0.0441 recall@20: 0.0728 ] [ndcg@5: 0.0258 ndcg@10: 0.0321 ndcg@20: 0.0413 ] 
2025-10-01 18:24:51,868 - Epoch   9 Validation set [recall@5: 0.0290 recall@10: 0.0493 recall@20: 0.0809 ] [ndcg@5: 0.0292 ndcg@10: 0.0361 ndcg@20: 0.0464 ] 
2025-10-01 18:25:02,168 - Epoch  12 Validation set [recall@5: 0.0315 recall@10: 0.0539 recall@20: 0.0868 ] [ndcg@5: 0.0319 ndcg@10: 0.0396 ndcg@20: 0.0503 ] 
2025-10-01 18:25:13,432 - Epoch  15 Validation set [recall@5: 0.0349 recall@10: 0.0577 recall@20: 0.0931 ] [ndcg@5: 0.0351 ndcg@10: 0.0428 ndcg@20: 0.0544 ] 
2025-10-01 18:25:23,945 - Epoch  18 Validation set [recall@5: 0.0359 recall@10: 0.0604 recall@20: 0.0964 ] [ndcg@5: 0.0357 ndcg@10: 0.0441 ndcg@20: 0.0559 ] 
2025-10-01 18:25:35,143 - Epoch  21 Validation set [recall@5: 0.0375 recall@10: 0.0627 recall@20: 0.1017 ] [ndcg@5: 0.0377 ndcg@10: 0.0464 ndcg@20: 0.0591 ] 
2025-10-01 18:25:46,914 - Epoch  24 Validation set [recall@5: 0.0401 recall@10: 0.0650 recall@20: 0.1042 ] [ndcg@5: 0.0401 ndcg@10: 0.0484 ndcg@20: 0.0611 ] 
2025-10-01 18:25:56,891 - Epoch  27 Validation set [recall@5: 0.0416 recall@10: 0.0681 recall@20: 0.1069 ] [ndcg@5: 0.0416 ndcg@10: 0.0504 ndcg@20: 0.0629 ] 
2025-10-01 18:26:07,345 - Epoch  30 Validation set [recall@5: 0.0435 recall@10: 0.0710 recall@20: 0.1107 ] [ndcg@5: 0.0437 ndcg@10: 0.0525 ndcg@20: 0.0653 ] 
2025-10-01 18:26:18,330 - Epoch  33 Validation set [recall@5: 0.0442 recall@10: 0.0711 recall@20: 0.1136 ] [ndcg@5: 0.0445 ndcg@10: 0.0532 ndcg@20: 0.0669 ] 
2025-10-01 18:26:29,033 - Epoch  36 Validation set [recall@5: 0.0451 recall@10: 0.0734 recall@20: 0.1150 ] [ndcg@5: 0.0454 ndcg@10: 0.0546 ndcg@20: 0.0680 ] 
2025-10-01 18:26:40,421 - Epoch  39 Validation set [recall@5: 0.0466 recall@10: 0.0759 recall@20: 0.1182 ] [ndcg@5: 0.0465 ndcg@10: 0.0561 ndcg@20: 0.0698 ] 
2025-10-01 18:26:50,953 - Epoch  42 Validation set [recall@5: 0.0477 recall@10: 0.0776 recall@20: 0.1218 ] [ndcg@5: 0.0480 ndcg@10: 0.0578 ndcg@20: 0.0720 ] 
2025-10-01 18:27:01,911 - Epoch  45 Validation set [recall@5: 0.0487 recall@10: 0.0775 recall@20: 0.1231 ] [ndcg@5: 0.0488 ndcg@10: 0.0581 ndcg@20: 0.0729 ] 
2025-10-01 18:27:13,558 - Epoch  48 Validation set [recall@5: 0.0493 recall@10: 0.0792 recall@20: 0.1234 ] [ndcg@5: 0.0489 ndcg@10: 0.0588 ndcg@20: 0.0730 ] 
2025-10-01 18:27:23,871 - Epoch  51 Validation set [recall@5: 0.0502 recall@10: 0.0800 recall@20: 0.1249 ] [ndcg@5: 0.0497 ndcg@10: 0.0598 ndcg@20: 0.0743 ] 
2025-10-01 18:27:34,889 - Epoch  54 Validation set [recall@5: 0.0508 recall@10: 0.0816 recall@20: 0.1274 ] [ndcg@5: 0.0502 ndcg@10: 0.0606 ndcg@20: 0.0755 ] 
2025-10-01 18:27:45,355 - Epoch  57 Validation set [recall@5: 0.0516 recall@10: 0.0844 recall@20: 0.1294 ] [ndcg@5: 0.0507 ndcg@10: 0.0620 ndcg@20: 0.0764 ] 
2025-10-01 18:27:56,204 - Epoch  60 Validation set [recall@5: 0.0522 recall@10: 0.0847 recall@20: 0.1298 ] [ndcg@5: 0.0512 ndcg@10: 0.0625 ndcg@20: 0.0771 ] 
2025-10-01 18:28:07,154 - Epoch  63 Validation set [recall@5: 0.0530 recall@10: 0.0857 recall@20: 0.1314 ] [ndcg@5: 0.0524 ndcg@10: 0.0636 ndcg@20: 0.0783 ] 
2025-10-01 18:28:18,610 - Epoch  66 Validation set [recall@5: 0.0534 recall@10: 0.0881 recall@20: 0.1355 ] [ndcg@5: 0.0536 ndcg@10: 0.0655 ndcg@20: 0.0808 ] 
2025-10-01 18:28:29,160 - Epoch  69 Validation set [recall@5: 0.0540 recall@10: 0.0876 recall@20: 0.1351 ] [ndcg@5: 0.0541 ndcg@10: 0.0657 ndcg@20: 0.0811 ] 
2025-10-01 18:28:40,109 - Epoch  72 Validation set [recall@5: 0.0546 recall@10: 0.0896 recall@20: 0.1374 ] [ndcg@5: 0.0553 ndcg@10: 0.0674 ndcg@20: 0.0828 ] 
2025-10-01 18:28:50,218 - Epoch  75 Validation set [recall@5: 0.0550 recall@10: 0.0910 recall@20: 0.1391 ] [ndcg@5: 0.0553 ndcg@10: 0.0678 ndcg@20: 0.0832 ] 
2025-10-01 18:29:01,136 - Epoch  78 Validation set [recall@5: 0.0550 recall@10: 0.0909 recall@20: 0.1396 ] [ndcg@5: 0.0550 ndcg@10: 0.0675 ndcg@20: 0.0832 ] 
2025-10-01 18:29:11,939 - Epoch  81 Validation set [recall@5: 0.0570 recall@10: 0.0924 recall@20: 0.1428 ] [ndcg@5: 0.0561 ndcg@10: 0.0686 ndcg@20: 0.0849 ] 
2025-10-01 18:29:23,385 - Epoch  84 Validation set [recall@5: 0.0570 recall@10: 0.0931 recall@20: 0.1435 ] [ndcg@5: 0.0567 ndcg@10: 0.0693 ndcg@20: 0.0856 ] 
2025-10-01 18:29:34,798 - Epoch  87 Validation set [recall@5: 0.0588 recall@10: 0.0932 recall@20: 0.1446 ] [ndcg@5: 0.0578 ndcg@10: 0.0700 ndcg@20: 0.0865 ] 
2025-10-01 18:29:43,554 - Epoch  90 Validation set [recall@5: 0.0580 recall@10: 0.0939 recall@20: 0.1457 ] [ndcg@5: 0.0586 ndcg@10: 0.0711 ndcg@20: 0.0877 ] 
2025-10-01 18:29:52,421 - Epoch  93 Validation set [recall@5: 0.0610 recall@10: 0.0954 recall@20: 0.1469 ] [ndcg@5: 0.0601 ndcg@10: 0.0719 ndcg@20: 0.0884 ] 
2025-10-01 18:30:01,876 - Epoch  96 Validation set [recall@5: 0.0609 recall@10: 0.0980 recall@20: 0.1491 ] [ndcg@5: 0.0598 ndcg@10: 0.0729 ndcg@20: 0.0893 ] 
2025-10-01 18:30:11,241 - Epoch  99 Validation set [recall@5: 0.0612 recall@10: 0.0975 recall@20: 0.1487 ] [ndcg@5: 0.0610 ndcg@10: 0.0737 ndcg@20: 0.0902 ] 
2025-10-01 18:30:20,015 - Epoch 102 Validation set [recall@5: 0.0618 recall@10: 0.0984 recall@20: 0.1503 ] [ndcg@5: 0.0610 ndcg@10: 0.0737 ndcg@20: 0.0905 ] 
2025-10-01 18:30:29,632 - Epoch 105 Validation set [recall@5: 0.0621 recall@10: 0.0981 recall@20: 0.1509 ] [ndcg@5: 0.0612 ndcg@10: 0.0737 ndcg@20: 0.0907 ] 
2025-10-01 18:30:39,440 - Epoch 108 Validation set [recall@5: 0.0632 recall@10: 0.0988 recall@20: 0.1515 ] [ndcg@5: 0.0621 ndcg@10: 0.0744 ndcg@20: 0.0914 ] 
2025-10-01 18:30:48,860 - Epoch 111 Validation set [recall@5: 0.0647 recall@10: 0.1016 recall@20: 0.1551 ] [ndcg@5: 0.0640 ndcg@10: 0.0765 ndcg@20: 0.0938 ] 
2025-10-01 18:30:58,301 - Epoch 114 Validation set [recall@5: 0.0653 recall@10: 0.1021 recall@20: 0.1554 ] [ndcg@5: 0.0644 ndcg@10: 0.0773 ndcg@20: 0.0944 ] 
2025-10-01 18:31:06,920 - Epoch 117 Validation set [recall@5: 0.0659 recall@10: 0.1040 recall@20: 0.1578 ] [ndcg@5: 0.0649 ndcg@10: 0.0781 ndcg@20: 0.0956 ] 
2025-10-01 18:31:16,427 - Epoch 120 Validation set [recall@5: 0.0648 recall@10: 0.1049 recall@20: 0.1565 ] [ndcg@5: 0.0641 ndcg@10: 0.0781 ndcg@20: 0.0947 ] 
2025-10-01 18:31:26,472 - Epoch 123 Validation set [recall@5: 0.0652 recall@10: 0.1056 recall@20: 0.1570 ] [ndcg@5: 0.0645 ndcg@10: 0.0785 ndcg@20: 0.0952 ] 
2025-10-01 18:31:34,949 - Epoch 126 Validation set [recall@5: 0.0652 recall@10: 0.1067 recall@20: 0.1589 ] [ndcg@5: 0.0646 ndcg@10: 0.0790 ndcg@20: 0.0960 ] 
2025-10-01 18:31:44,328 - Epoch 129 Validation set [recall@5: 0.0667 recall@10: 0.1076 recall@20: 0.1594 ] [ndcg@5: 0.0654 ndcg@10: 0.0796 ndcg@20: 0.0965 ] 
2025-10-01 18:31:53,725 - Epoch 132 Validation set [recall@5: 0.0658 recall@10: 0.1061 recall@20: 0.1579 ] [ndcg@5: 0.0649 ndcg@10: 0.0790 ndcg@20: 0.0958 ] 
2025-10-01 18:32:03,224 - Epoch 135 Validation set [recall@5: 0.0663 recall@10: 0.1087 recall@20: 0.1592 ] [ndcg@5: 0.0655 ndcg@10: 0.0802 ndcg@20: 0.0965 ] 
2025-10-01 18:32:12,056 - Epoch 138 Validation set [recall@5: 0.0672 recall@10: 0.1086 recall@20: 0.1609 ] [ndcg@5: 0.0663 ndcg@10: 0.0809 ndcg@20: 0.0977 ] 
2025-10-01 18:32:20,770 - Epoch 141 Validation set [recall@5: 0.0668 recall@10: 0.1080 recall@20: 0.1608 ] [ndcg@5: 0.0662 ndcg@10: 0.0805 ndcg@20: 0.0975 ] 
2025-10-01 18:32:29,744 - Epoch 144 Validation set [recall@5: 0.0684 recall@10: 0.1097 recall@20: 0.1626 ] [ndcg@5: 0.0670 ndcg@10: 0.0816 ndcg@20: 0.0986 ] 
2025-10-01 18:32:38,546 - Epoch 147 Validation set [recall@5: 0.0679 recall@10: 0.1097 recall@20: 0.1625 ] [ndcg@5: 0.0668 ndcg@10: 0.0815 ndcg@20: 0.0986 ] 
2025-10-01 18:32:48,357 - Epoch 150 Validation set [recall@5: 0.0689 recall@10: 0.1122 recall@20: 0.1645 ] [ndcg@5: 0.0670 ndcg@10: 0.0823 ndcg@20: 0.0993 ] 
2025-10-01 18:32:57,586 - Epoch 153 Validation set [recall@5: 0.0693 recall@10: 0.1102 recall@20: 0.1649 ] [ndcg@5: 0.0677 ndcg@10: 0.0820 ndcg@20: 0.0997 ] 
2025-10-01 18:33:06,975 - Epoch 156 Validation set [recall@5: 0.0688 recall@10: 0.1112 recall@20: 0.1631 ] [ndcg@5: 0.0669 ndcg@10: 0.0820 ndcg@20: 0.0989 ] 
2025-10-01 18:33:15,641 - Epoch 159 Validation set [recall@5: 0.0691 recall@10: 0.1096 recall@20: 0.1642 ] [ndcg@5: 0.0671 ndcg@10: 0.0814 ndcg@20: 0.0991 ] 
2025-10-01 18:33:24,596 - Epoch 162 Validation set [recall@5: 0.0709 recall@10: 0.1108 recall@20: 0.1644 ] [ndcg@5: 0.0684 ndcg@10: 0.0824 ndcg@20: 0.0999 ] 
2025-10-01 18:33:33,561 - Epoch 165 Validation set [recall@5: 0.0703 recall@10: 0.1110 recall@20: 0.1657 ] [ndcg@5: 0.0682 ndcg@10: 0.0826 ndcg@20: 0.1005 ] 
2025-10-01 18:33:42,096 - Epoch 168 Validation set [recall@5: 0.0702 recall@10: 0.1128 recall@20: 0.1660 ] [ndcg@5: 0.0677 ndcg@10: 0.0831 ndcg@20: 0.1004 ] 
2025-10-01 18:33:51,487 - Epoch 171 Validation set [recall@5: 0.0705 recall@10: 0.1130 recall@20: 0.1683 ] [ndcg@5: 0.0680 ndcg@10: 0.0831 ndcg@20: 0.1011 ] 
2025-10-01 18:34:01,220 - Epoch 174 Validation set [recall@5: 0.0708 recall@10: 0.1136 recall@20: 0.1682 ] [ndcg@5: 0.0697 ndcg@10: 0.0846 ndcg@20: 0.1023 ] 
2025-10-01 18:34:10,797 - Epoch 177 Validation set [recall@5: 0.0710 recall@10: 0.1140 recall@20: 0.1689 ] [ndcg@5: 0.0696 ndcg@10: 0.0846 ndcg@20: 0.1025 ] 
2025-10-01 18:34:20,441 - Epoch 180 Validation set [recall@5: 0.0717 recall@10: 0.1143 recall@20: 0.1700 ] [ndcg@5: 0.0704 ndcg@10: 0.0852 ndcg@20: 0.1033 ] 
2025-10-01 18:34:29,451 - Epoch 183 Validation set [recall@5: 0.0718 recall@10: 0.1131 recall@20: 0.1680 ] [ndcg@5: 0.0701 ndcg@10: 0.0844 ndcg@20: 0.1023 ] 
2025-10-01 18:34:39,245 - Epoch 186 Validation set [recall@5: 0.0710 recall@10: 0.1131 recall@20: 0.1674 ] [ndcg@5: 0.0685 ndcg@10: 0.0834 ndcg@20: 0.1011 ] 
2025-10-01 18:34:48,561 - Epoch 189 Validation set [recall@5: 0.0717 recall@10: 0.1146 recall@20: 0.1684 ] [ndcg@5: 0.0689 ndcg@10: 0.0842 ndcg@20: 0.1019 ] 
2025-10-01 18:34:57,985 - Epoch 192 Validation set [recall@5: 0.0715 recall@10: 0.1143 recall@20: 0.1673 ] [ndcg@5: 0.0691 ndcg@10: 0.0840 ndcg@20: 0.1013 ] 
2025-10-01 18:35:06,550 - Epoch 195 Validation set [recall@5: 0.0723 recall@10: 0.1135 recall@20: 0.1689 ] [ndcg@5: 0.0700 ndcg@10: 0.0844 ndcg@20: 0.1026 ] 
2025-10-01 18:35:07,784 - [recall@5: 0.0717 recall@10: 0.1143 recall@20: 0.1700 ] [ndcg@5: 0.0704 ndcg@10: 0.0852 ndcg@20: 0.1033 ] 
2025-10-01 18:35:09,028 - [recall@5: 0.0728 recall@10: 0.1095 recall@20: 0.1591 ] [ndcg@5: 0.0726 ndcg@10: 0.0852 ndcg@20: 0.1015 ] 
2025-10-01 18:35:09,035 - Save model parameters to ./encoder/checkpoint/lightgcn_rgcn/lightgcn_rgcn-amazon-2023.pth
2025-10-01 18:35:09,036 - Best Epoch 180. Final test result: {'recall': array([0.07284183, 0.10948521, 0.15913744]), 'ndcg': array([0.07257482, 0.0851997 , 0.10153126])}.
