2025-10-02 15:58:14,695 - {'optimizer': {'name': 'adam', 'lr': 0.001, 'weight_decay': 0}, 'train': {'epoch': 3000, 'batch_size': 4096, 'save_model': True, 'loss': 'pairwise', 'test_step': 3, 'reproducible': True, 'seed': 2023, 'patience': 5}, 'test': {'metrics': ['recall', 'ndcg'], 'k': [5, 10, 20], 'batch_size': 1024}, 'data': {'type': 'general_agcf', 'name': 'amazon', 'mat_type': 'uai', 'pre_norm': True, 'user_num': 11000, 'item_num': 9332, 'user_item_num': 20332, 'attr_num': 1978}, 'model': {'name': 'lightgcn_rgcn', 'label': 'ori', 'keep_rate': 0.9, 'embedding_size': 64, 'use_unify_layer_num': True, 'layer_num': 6, 'reg_weight': 1e-07, 'amazon': {'keep_rate': 0.9, 'layer_num': 6, 'reg_weight': 1e-07, 'eps': 0.1}, 'yelp': {'keep_rate': 0.9, 'layer_num': 3, 'reg_weight': 1e-06, 'eps': 0.1}, 'steam': {'keep_rate': 0.8, 'layer_num': 3, 'reg_weight': 1e-07, 'eps': 0.2}, 'Office': {'keep_rate': 0.9, 'layer_num': 3, 'reg_weight': 5e-06, 'eps': 0.1}}}
2025-10-02 15:58:21,055 - Epoch   0 Validation set [recall@5: 0.0083 recall@10: 0.0139 recall@20: 0.0227 ] [ndcg@5: 0.0087 ndcg@10: 0.0104 ndcg@20: 0.0132 ] 
2025-10-02 15:58:29,469 - Epoch   3 Validation set [recall@5: 0.0205 recall@10: 0.0352 recall@20: 0.0560 ] [ndcg@5: 0.0202 ndcg@10: 0.0253 ndcg@20: 0.0321 ] 
2025-10-02 15:58:38,105 - Epoch   6 Validation set [recall@5: 0.0265 recall@10: 0.0443 recall@20: 0.0734 ] [ndcg@5: 0.0262 ndcg@10: 0.0323 ndcg@20: 0.0417 ] 
2025-10-02 15:58:46,738 - Epoch   9 Validation set [recall@5: 0.0303 recall@10: 0.0509 recall@20: 0.0833 ] [ndcg@5: 0.0303 ndcg@10: 0.0372 ndcg@20: 0.0478 ] 
2025-10-02 15:58:56,245 - Epoch  12 Validation set [recall@5: 0.0333 recall@10: 0.0554 recall@20: 0.0904 ] [ndcg@5: 0.0334 ndcg@10: 0.0408 ndcg@20: 0.0523 ] 
2025-10-02 15:59:04,996 - Epoch  15 Validation set [recall@5: 0.0363 recall@10: 0.0595 recall@20: 0.0955 ] [ndcg@5: 0.0360 ndcg@10: 0.0438 ndcg@20: 0.0555 ] 
2025-10-02 15:59:14,379 - Epoch  18 Validation set [recall@5: 0.0372 recall@10: 0.0625 recall@20: 0.0991 ] [ndcg@5: 0.0376 ndcg@10: 0.0461 ndcg@20: 0.0581 ] 
2025-10-02 15:59:23,073 - Epoch  21 Validation set [recall@5: 0.0401 recall@10: 0.0646 recall@20: 0.1032 ] [ndcg@5: 0.0399 ndcg@10: 0.0482 ndcg@20: 0.0607 ] 
2025-10-02 15:59:32,808 - Epoch  24 Validation set [recall@5: 0.0417 recall@10: 0.0684 recall@20: 0.1072 ] [ndcg@5: 0.0415 ndcg@10: 0.0506 ndcg@20: 0.0632 ] 
2025-10-02 15:59:42,872 - Epoch  27 Validation set [recall@5: 0.0428 recall@10: 0.0700 recall@20: 0.1104 ] [ndcg@5: 0.0431 ndcg@10: 0.0520 ndcg@20: 0.0650 ] 
2025-10-02 15:59:51,660 - Epoch  30 Validation set [recall@5: 0.0440 recall@10: 0.0726 recall@20: 0.1141 ] [ndcg@5: 0.0447 ndcg@10: 0.0541 ndcg@20: 0.0673 ] 
2025-10-02 16:00:00,286 - Epoch  33 Validation set [recall@5: 0.0452 recall@10: 0.0725 recall@20: 0.1159 ] [ndcg@5: 0.0457 ndcg@10: 0.0545 ndcg@20: 0.0686 ] 
2025-10-02 16:00:08,969 - Epoch  36 Validation set [recall@5: 0.0465 recall@10: 0.0758 recall@20: 0.1191 ] [ndcg@5: 0.0470 ndcg@10: 0.0566 ndcg@20: 0.0706 ] 
2025-10-02 16:00:18,793 - Epoch  39 Validation set [recall@5: 0.0474 recall@10: 0.0780 recall@20: 0.1219 ] [ndcg@5: 0.0480 ndcg@10: 0.0582 ndcg@20: 0.0723 ] 
2025-10-02 16:00:28,700 - Epoch  42 Validation set [recall@5: 0.0482 recall@10: 0.0799 recall@20: 0.1237 ] [ndcg@5: 0.0491 ndcg@10: 0.0596 ndcg@20: 0.0737 ] 
2025-10-02 16:00:38,196 - Epoch  45 Validation set [recall@5: 0.0506 recall@10: 0.0811 recall@20: 0.1259 ] [ndcg@5: 0.0505 ndcg@10: 0.0606 ndcg@20: 0.0751 ] 
2025-10-02 16:00:48,134 - Epoch  48 Validation set [recall@5: 0.0503 recall@10: 0.0818 recall@20: 0.1273 ] [ndcg@5: 0.0502 ndcg@10: 0.0608 ndcg@20: 0.0755 ] 
2025-10-02 16:00:57,646 - Epoch  51 Validation set [recall@5: 0.0507 recall@10: 0.0834 recall@20: 0.1288 ] [ndcg@5: 0.0510 ndcg@10: 0.0620 ndcg@20: 0.0768 ] 
2025-10-02 16:01:06,652 - Epoch  54 Validation set [recall@5: 0.0519 recall@10: 0.0849 recall@20: 0.1317 ] [ndcg@5: 0.0515 ndcg@10: 0.0629 ndcg@20: 0.0779 ] 
2025-10-02 16:01:16,178 - Epoch  57 Validation set [recall@5: 0.0534 recall@10: 0.0863 recall@20: 0.1315 ] [ndcg@5: 0.0525 ndcg@10: 0.0638 ndcg@20: 0.0784 ] 
2025-10-02 16:01:26,336 - Epoch  60 Validation set [recall@5: 0.0535 recall@10: 0.0879 recall@20: 0.1334 ] [ndcg@5: 0.0527 ndcg@10: 0.0647 ndcg@20: 0.0795 ] 
2025-10-02 16:01:36,271 - Epoch  63 Validation set [recall@5: 0.0547 recall@10: 0.0887 recall@20: 0.1362 ] [ndcg@5: 0.0542 ndcg@10: 0.0662 ndcg@20: 0.0815 ] 
2025-10-02 16:01:46,000 - Epoch  66 Validation set [recall@5: 0.0557 recall@10: 0.0900 recall@20: 0.1392 ] [ndcg@5: 0.0551 ndcg@10: 0.0671 ndcg@20: 0.0830 ] 
2025-10-02 16:01:55,019 - Epoch  69 Validation set [recall@5: 0.0555 recall@10: 0.0911 recall@20: 0.1399 ] [ndcg@5: 0.0557 ndcg@10: 0.0684 ndcg@20: 0.0841 ] 
2025-10-02 16:02:03,731 - Epoch  72 Validation set [recall@5: 0.0561 recall@10: 0.0920 recall@20: 0.1411 ] [ndcg@5: 0.0564 ndcg@10: 0.0688 ndcg@20: 0.0847 ] 
2025-10-02 16:02:12,957 - Epoch  75 Validation set [recall@5: 0.0570 recall@10: 0.0930 recall@20: 0.1433 ] [ndcg@5: 0.0571 ndcg@10: 0.0697 ndcg@20: 0.0858 ] 
2025-10-02 16:02:21,442 - Epoch  78 Validation set [recall@5: 0.0575 recall@10: 0.0945 recall@20: 0.1445 ] [ndcg@5: 0.0572 ndcg@10: 0.0703 ndcg@20: 0.0865 ] 
2025-10-02 16:02:30,795 - Epoch  81 Validation set [recall@5: 0.0580 recall@10: 0.0963 recall@20: 0.1473 ] [ndcg@5: 0.0579 ndcg@10: 0.0715 ndcg@20: 0.0880 ] 
2025-10-02 16:02:39,121 - Epoch  84 Validation set [recall@5: 0.0585 recall@10: 0.0967 recall@20: 0.1473 ] [ndcg@5: 0.0587 ndcg@10: 0.0720 ndcg@20: 0.0885 ] 
2025-10-02 16:02:48,210 - Epoch  87 Validation set [recall@5: 0.0602 recall@10: 0.0968 recall@20: 0.1490 ] [ndcg@5: 0.0604 ndcg@10: 0.0730 ndcg@20: 0.0899 ] 
2025-10-02 16:02:57,986 - Epoch  90 Validation set [recall@5: 0.0608 recall@10: 0.0979 recall@20: 0.1494 ] [ndcg@5: 0.0606 ndcg@10: 0.0734 ndcg@20: 0.0899 ] 
2025-10-02 16:03:07,473 - Epoch  93 Validation set [recall@5: 0.0618 recall@10: 0.0991 recall@20: 0.1517 ] [ndcg@5: 0.0617 ndcg@10: 0.0745 ndcg@20: 0.0916 ] 
2025-10-02 16:03:17,360 - Epoch  96 Validation set [recall@5: 0.0622 recall@10: 0.1010 recall@20: 0.1535 ] [ndcg@5: 0.0620 ndcg@10: 0.0757 ndcg@20: 0.0926 ] 
2025-10-02 16:03:27,438 - Epoch  99 Validation set [recall@5: 0.0628 recall@10: 0.1018 recall@20: 0.1535 ] [ndcg@5: 0.0627 ndcg@10: 0.0764 ndcg@20: 0.0932 ] 
2025-10-02 16:03:37,305 - Epoch 102 Validation set [recall@5: 0.0640 recall@10: 0.1022 recall@20: 0.1540 ] [ndcg@5: 0.0632 ndcg@10: 0.0765 ndcg@20: 0.0932 ] 
2025-10-02 16:03:47,433 - Epoch 105 Validation set [recall@5: 0.0646 recall@10: 0.1019 recall@20: 0.1540 ] [ndcg@5: 0.0640 ndcg@10: 0.0766 ndcg@20: 0.0935 ] 
2025-10-02 16:03:56,586 - Epoch 108 Validation set [recall@5: 0.0646 recall@10: 0.1026 recall@20: 0.1566 ] [ndcg@5: 0.0641 ndcg@10: 0.0774 ndcg@20: 0.0947 ] 
2025-10-02 16:04:05,210 - Epoch 111 Validation set [recall@5: 0.0657 recall@10: 0.1052 recall@20: 0.1580 ] [ndcg@5: 0.0652 ndcg@10: 0.0788 ndcg@20: 0.0959 ] 
2025-10-02 16:04:14,584 - Epoch 114 Validation set [recall@5: 0.0664 recall@10: 0.1065 recall@20: 0.1599 ] [ndcg@5: 0.0662 ndcg@10: 0.0801 ndcg@20: 0.0975 ] 
2025-10-02 16:04:23,805 - Epoch 117 Validation set [recall@5: 0.0671 recall@10: 0.1087 recall@20: 0.1614 ] [ndcg@5: 0.0667 ndcg@10: 0.0810 ndcg@20: 0.0982 ] 
2025-10-02 16:04:32,642 - Epoch 120 Validation set [recall@5: 0.0666 recall@10: 0.1091 recall@20: 0.1612 ] [ndcg@5: 0.0669 ndcg@10: 0.0817 ndcg@20: 0.0986 ] 
2025-10-02 16:04:42,012 - Epoch 123 Validation set [recall@5: 0.0670 recall@10: 0.1098 recall@20: 0.1613 ] [ndcg@5: 0.0667 ndcg@10: 0.0816 ndcg@20: 0.0984 ] 
2025-10-02 16:04:50,766 - Epoch 126 Validation set [recall@5: 0.0682 recall@10: 0.1112 recall@20: 0.1624 ] [ndcg@5: 0.0674 ndcg@10: 0.0821 ndcg@20: 0.0988 ] 
2025-10-02 16:04:59,665 - Epoch 129 Validation set [recall@5: 0.0693 recall@10: 0.1122 recall@20: 0.1631 ] [ndcg@5: 0.0680 ndcg@10: 0.0827 ndcg@20: 0.0992 ] 
2025-10-02 16:05:09,452 - Epoch 132 Validation set [recall@5: 0.0683 recall@10: 0.1108 recall@20: 0.1630 ] [ndcg@5: 0.0671 ndcg@10: 0.0819 ndcg@20: 0.0988 ] 
2025-10-02 16:05:19,573 - Epoch 135 Validation set [recall@5: 0.0699 recall@10: 0.1125 recall@20: 0.1638 ] [ndcg@5: 0.0683 ndcg@10: 0.0829 ndcg@20: 0.0996 ] 
2025-10-02 16:05:29,258 - Epoch 138 Validation set [recall@5: 0.0698 recall@10: 0.1121 recall@20: 0.1648 ] [ndcg@5: 0.0688 ndcg@10: 0.0833 ndcg@20: 0.1003 ] 
2025-10-02 16:05:38,306 - Epoch 141 Validation set [recall@5: 0.0690 recall@10: 0.1117 recall@20: 0.1653 ] [ndcg@5: 0.0685 ndcg@10: 0.0834 ndcg@20: 0.1006 ] 
2025-10-02 16:05:48,071 - Epoch 144 Validation set [recall@5: 0.0711 recall@10: 0.1119 recall@20: 0.1656 ] [ndcg@5: 0.0694 ndcg@10: 0.0836 ndcg@20: 0.1009 ] 
2025-10-02 16:05:57,720 - Epoch 147 Validation set [recall@5: 0.0717 recall@10: 0.1124 recall@20: 0.1661 ] [ndcg@5: 0.0703 ndcg@10: 0.0842 ndcg@20: 0.1016 ] 
2025-10-02 16:06:07,579 - Epoch 150 Validation set [recall@5: 0.0716 recall@10: 0.1132 recall@20: 0.1665 ] [ndcg@5: 0.0699 ndcg@10: 0.0844 ndcg@20: 0.1016 ] 
2025-10-02 16:06:16,820 - Epoch 153 Validation set [recall@5: 0.0714 recall@10: 0.1132 recall@20: 0.1669 ] [ndcg@5: 0.0703 ndcg@10: 0.0846 ndcg@20: 0.1020 ] 
2025-10-02 16:06:25,450 - Epoch 156 Validation set [recall@5: 0.0700 recall@10: 0.1128 recall@20: 0.1660 ] [ndcg@5: 0.0682 ndcg@10: 0.0832 ndcg@20: 0.1007 ] 
2025-10-02 16:06:35,160 - Epoch 159 Validation set [recall@5: 0.0707 recall@10: 0.1142 recall@20: 0.1670 ] [ndcg@5: 0.0685 ndcg@10: 0.0839 ndcg@20: 0.1012 ] 
2025-10-02 16:06:44,881 - Epoch 162 Validation set [recall@5: 0.0727 recall@10: 0.1142 recall@20: 0.1682 ] [ndcg@5: 0.0709 ndcg@10: 0.0853 ndcg@20: 0.1030 ] 
2025-10-02 16:06:53,684 - Epoch 165 Validation set [recall@5: 0.0729 recall@10: 0.1148 recall@20: 0.1693 ] [ndcg@5: 0.0710 ndcg@10: 0.0856 ndcg@20: 0.1035 ] 
2025-10-02 16:07:02,412 - Epoch 168 Validation set [recall@5: 0.0731 recall@10: 0.1145 recall@20: 0.1696 ] [ndcg@5: 0.0701 ndcg@10: 0.0848 ndcg@20: 0.1028 ] 
2025-10-02 16:07:11,177 - Epoch 171 Validation set [recall@5: 0.0732 recall@10: 0.1155 recall@20: 0.1703 ] [ndcg@5: 0.0708 ndcg@10: 0.0856 ndcg@20: 0.1036 ] 
2025-10-02 16:07:20,480 - Epoch 174 Validation set [recall@5: 0.0742 recall@10: 0.1173 recall@20: 0.1699 ] [ndcg@5: 0.0728 ndcg@10: 0.0875 ndcg@20: 0.1049 ] 
2025-10-02 16:07:29,884 - Epoch 177 Validation set [recall@5: 0.0739 recall@10: 0.1167 recall@20: 0.1713 ] [ndcg@5: 0.0721 ndcg@10: 0.0869 ndcg@20: 0.1050 ] 
2025-10-02 16:07:39,804 - Epoch 180 Validation set [recall@5: 0.0739 recall@10: 0.1161 recall@20: 0.1726 ] [ndcg@5: 0.0727 ndcg@10: 0.0873 ndcg@20: 0.1058 ] 
2025-10-02 16:07:49,322 - Epoch 183 Validation set [recall@5: 0.0744 recall@10: 0.1163 recall@20: 0.1717 ] [ndcg@5: 0.0727 ndcg@10: 0.0873 ndcg@20: 0.1054 ] 
2025-10-02 16:07:58,759 - Epoch 186 Validation set [recall@5: 0.0736 recall@10: 0.1166 recall@20: 0.1712 ] [ndcg@5: 0.0722 ndcg@10: 0.0871 ndcg@20: 0.1050 ] 
2025-10-02 16:08:07,870 - Epoch 189 Validation set [recall@5: 0.0749 recall@10: 0.1172 recall@20: 0.1714 ] [ndcg@5: 0.0721 ndcg@10: 0.0868 ndcg@20: 0.1047 ] 
2025-10-02 16:08:16,644 - Epoch 192 Validation set [recall@5: 0.0736 recall@10: 0.1167 recall@20: 0.1712 ] [ndcg@5: 0.0720 ndcg@10: 0.0868 ndcg@20: 0.1048 ] 
2025-10-02 16:08:25,382 - Epoch 195 Validation set [recall@5: 0.0747 recall@10: 0.1175 recall@20: 0.1722 ] [ndcg@5: 0.0723 ndcg@10: 0.0871 ndcg@20: 0.1051 ] 
2025-10-02 16:08:27,102 - [recall@5: 0.0739 recall@10: 0.1161 recall@20: 0.1726 ] [ndcg@5: 0.0727 ndcg@10: 0.0873 ndcg@20: 0.1058 ] 
2025-10-02 16:08:28,760 - [recall@5: 0.0741 recall@10: 0.1128 recall@20: 0.1632 ] [ndcg@5: 0.0745 ndcg@10: 0.0876 ndcg@20: 0.1041 ] 
2025-10-02 16:08:28,776 - Save model parameters to ./encoder/checkpoint/lightgcn_rgcn/lightgcn_rgcn-amazon-2023.pth
2025-10-02 16:08:28,777 - Best Epoch 180. Final test result: {'recall': array([0.07412772, 0.11278442, 0.16320906]), 'ndcg': array([0.07454234, 0.08761617, 0.10414177])}.
