2025-10-02 16:33:42,810 - {'optimizer': {'name': 'adam', 'lr': 0.001, 'weight_decay': 0}, 'train': {'epoch': 3000, 'batch_size': 4096, 'save_model': True, 'loss': 'pairwise', 'test_step': 3, 'reproducible': True, 'seed': 2023, 'patience': 5}, 'test': {'metrics': ['recall', 'ndcg'], 'k': [5, 10, 20], 'batch_size': 1024}, 'data': {'type': 'general_agcf', 'name': 'amazon', 'mat_type': 'uai', 'pre_norm': True, 'user_num': 11000, 'item_num': 9332, 'user_item_num': 20332, 'attr_num': 1978}, 'model': {'name': 'lightgcn_rgcn', 'label': 'ori', 'keep_rate': 0.9, 'embedding_size': 64, 'use_unify_layer_num': True, 'layer_num': 9, 'reg_weight': 1e-07, 'amazon': {'keep_rate': 0.9, 'layer_num': 9, 'reg_weight': 1e-07, 'eps': 0.1}, 'yelp': {'keep_rate': 0.9, 'layer_num': 3, 'reg_weight': 1e-06, 'eps': 0.1}, 'steam': {'keep_rate': 0.8, 'layer_num': 3, 'reg_weight': 1e-07, 'eps': 0.2}, 'Office': {'keep_rate': 0.9, 'layer_num': 3, 'reg_weight': 5e-06, 'eps': 0.1}}}
2025-10-02 16:33:49,381 - Epoch   0 Validation set [recall@5: 0.0080 recall@10: 0.0137 recall@20: 0.0229 ] [ndcg@5: 0.0083 ndcg@10: 0.0102 ndcg@20: 0.0132 ] 
2025-10-02 16:34:00,438 - Epoch   3 Validation set [recall@5: 0.0162 recall@10: 0.0290 recall@20: 0.0483 ] [ndcg@5: 0.0167 ndcg@10: 0.0213 ndcg@20: 0.0276 ] 
2025-10-02 16:34:12,042 - Epoch   6 Validation set [recall@5: 0.0226 recall@10: 0.0394 recall@20: 0.0665 ] [ndcg@5: 0.0224 ndcg@10: 0.0283 ndcg@20: 0.0370 ] 
2025-10-02 16:34:23,664 - Epoch   9 Validation set [recall@5: 0.0276 recall@10: 0.0452 recall@20: 0.0742 ] [ndcg@5: 0.0266 ndcg@10: 0.0327 ndcg@20: 0.0421 ] 
2025-10-02 16:34:34,787 - Epoch  12 Validation set [recall@5: 0.0296 recall@10: 0.0492 recall@20: 0.0811 ] [ndcg@5: 0.0293 ndcg@10: 0.0360 ndcg@20: 0.0464 ] 
2025-10-02 16:34:45,488 - Epoch  15 Validation set [recall@5: 0.0325 recall@10: 0.0532 recall@20: 0.0848 ] [ndcg@5: 0.0320 ndcg@10: 0.0390 ndcg@20: 0.0494 ] 
2025-10-02 16:34:56,901 - Epoch  18 Validation set [recall@5: 0.0335 recall@10: 0.0560 recall@20: 0.0911 ] [ndcg@5: 0.0331 ndcg@10: 0.0407 ndcg@20: 0.0522 ] 
2025-10-02 16:35:08,070 - Epoch  21 Validation set [recall@5: 0.0354 recall@10: 0.0579 recall@20: 0.0944 ] [ndcg@5: 0.0351 ndcg@10: 0.0426 ndcg@20: 0.0544 ] 
2025-10-02 16:35:18,789 - Epoch  24 Validation set [recall@5: 0.0366 recall@10: 0.0590 recall@20: 0.0964 ] [ndcg@5: 0.0364 ndcg@10: 0.0437 ndcg@20: 0.0558 ] 
2025-10-02 16:35:30,188 - Epoch  27 Validation set [recall@5: 0.0367 recall@10: 0.0604 recall@20: 0.0969 ] [ndcg@5: 0.0367 ndcg@10: 0.0447 ndcg@20: 0.0564 ] 
2025-10-02 16:35:40,843 - Epoch  30 Validation set [recall@5: 0.0390 recall@10: 0.0645 recall@20: 0.1015 ] [ndcg@5: 0.0389 ndcg@10: 0.0474 ndcg@20: 0.0594 ] 
2025-10-02 16:35:51,706 - Epoch  33 Validation set [recall@5: 0.0406 recall@10: 0.0651 recall@20: 0.1043 ] [ndcg@5: 0.0402 ndcg@10: 0.0484 ndcg@20: 0.0611 ] 
2025-10-02 16:36:03,102 - Epoch  36 Validation set [recall@5: 0.0404 recall@10: 0.0668 recall@20: 0.1045 ] [ndcg@5: 0.0404 ndcg@10: 0.0493 ndcg@20: 0.0615 ] 
2025-10-02 16:36:13,949 - Epoch  39 Validation set [recall@5: 0.0429 recall@10: 0.0681 recall@20: 0.1079 ] [ndcg@5: 0.0420 ndcg@10: 0.0503 ndcg@20: 0.0631 ] 
2025-10-02 16:36:23,915 - Epoch  42 Validation set [recall@5: 0.0429 recall@10: 0.0695 recall@20: 0.1089 ] [ndcg@5: 0.0426 ndcg@10: 0.0514 ndcg@20: 0.0640 ] 
2025-10-02 16:36:34,736 - Epoch  45 Validation set [recall@5: 0.0439 recall@10: 0.0709 recall@20: 0.1127 ] [ndcg@5: 0.0438 ndcg@10: 0.0527 ndcg@20: 0.0662 ] 
2025-10-02 16:36:45,422 - Epoch  48 Validation set [recall@5: 0.0441 recall@10: 0.0721 recall@20: 0.1156 ] [ndcg@5: 0.0441 ndcg@10: 0.0536 ndcg@20: 0.0677 ] 
2025-10-02 16:36:56,981 - Epoch  51 Validation set [recall@5: 0.0460 recall@10: 0.0742 recall@20: 0.1164 ] [ndcg@5: 0.0455 ndcg@10: 0.0551 ndcg@20: 0.0686 ] 
2025-10-02 16:37:07,501 - Epoch  54 Validation set [recall@5: 0.0454 recall@10: 0.0738 recall@20: 0.1164 ] [ndcg@5: 0.0447 ndcg@10: 0.0544 ndcg@20: 0.0682 ] 
2025-10-02 16:37:17,824 - Epoch  57 Validation set [recall@5: 0.0462 recall@10: 0.0751 recall@20: 0.1183 ] [ndcg@5: 0.0453 ndcg@10: 0.0552 ndcg@20: 0.0692 ] 
2025-10-02 16:37:29,337 - Epoch  60 Validation set [recall@5: 0.0489 recall@10: 0.0781 recall@20: 0.1206 ] [ndcg@5: 0.0478 ndcg@10: 0.0577 ndcg@20: 0.0715 ] 
2025-10-02 16:37:41,282 - Epoch  63 Validation set [recall@5: 0.0493 recall@10: 0.0787 recall@20: 0.1225 ] [ndcg@5: 0.0481 ndcg@10: 0.0581 ndcg@20: 0.0722 ] 
2025-10-02 16:37:52,519 - Epoch  66 Validation set [recall@5: 0.0481 recall@10: 0.0776 recall@20: 0.1210 ] [ndcg@5: 0.0476 ndcg@10: 0.0576 ndcg@20: 0.0717 ] 
2025-10-02 16:38:03,674 - Epoch  69 Validation set [recall@5: 0.0487 recall@10: 0.0780 recall@20: 0.1218 ] [ndcg@5: 0.0475 ndcg@10: 0.0576 ndcg@20: 0.0719 ] 
2025-10-02 16:38:13,859 - Epoch  72 Validation set [recall@5: 0.0492 recall@10: 0.0824 recall@20: 0.1281 ] [ndcg@5: 0.0497 ndcg@10: 0.0609 ndcg@20: 0.0757 ] 
2025-10-02 16:38:24,630 - Epoch  75 Validation set [recall@5: 0.0506 recall@10: 0.0815 recall@20: 0.1271 ] [ndcg@5: 0.0502 ndcg@10: 0.0608 ndcg@20: 0.0754 ] 
2025-10-02 16:38:36,076 - Epoch  78 Validation set [recall@5: 0.0502 recall@10: 0.0812 recall@20: 0.1275 ] [ndcg@5: 0.0497 ndcg@10: 0.0603 ndcg@20: 0.0753 ] 
2025-10-02 16:38:46,478 - Epoch  81 Validation set [recall@5: 0.0527 recall@10: 0.0828 recall@20: 0.1299 ] [ndcg@5: 0.0523 ndcg@10: 0.0625 ndcg@20: 0.0776 ] 
2025-10-02 16:38:57,426 - Epoch  84 Validation set [recall@5: 0.0523 recall@10: 0.0834 recall@20: 0.1302 ] [ndcg@5: 0.0518 ndcg@10: 0.0624 ndcg@20: 0.0774 ] 
2025-10-02 16:39:07,872 - Epoch  87 Validation set [recall@5: 0.0534 recall@10: 0.0838 recall@20: 0.1321 ] [ndcg@5: 0.0534 ndcg@10: 0.0637 ndcg@20: 0.0792 ] 
2025-10-02 16:39:18,938 - Epoch  90 Validation set [recall@5: 0.0537 recall@10: 0.0862 recall@20: 0.1322 ] [ndcg@5: 0.0532 ndcg@10: 0.0643 ndcg@20: 0.0792 ] 
2025-10-02 16:39:30,391 - Epoch  93 Validation set [recall@5: 0.0538 recall@10: 0.0859 recall@20: 0.1349 ] [ndcg@5: 0.0541 ndcg@10: 0.0649 ndcg@20: 0.0804 ] 
2025-10-02 16:39:41,673 - Epoch  96 Validation set [recall@5: 0.0546 recall@10: 0.0865 recall@20: 0.1342 ] [ndcg@5: 0.0536 ndcg@10: 0.0646 ndcg@20: 0.0800 ] 
2025-10-02 16:39:53,123 - Epoch  99 Validation set [recall@5: 0.0548 recall@10: 0.0875 recall@20: 0.1358 ] [ndcg@5: 0.0545 ndcg@10: 0.0658 ndcg@20: 0.0812 ] 
2025-10-02 16:40:04,451 - Epoch 102 Validation set [recall@5: 0.0544 recall@10: 0.0864 recall@20: 0.1355 ] [ndcg@5: 0.0534 ndcg@10: 0.0645 ndcg@20: 0.0801 ] 
2025-10-02 16:40:15,278 - Epoch 105 Validation set [recall@5: 0.0567 recall@10: 0.0900 recall@20: 0.1389 ] [ndcg@5: 0.0558 ndcg@10: 0.0672 ndcg@20: 0.0829 ] 
2025-10-02 16:40:25,911 - Epoch 108 Validation set [recall@5: 0.0553 recall@10: 0.0885 recall@20: 0.1399 ] [ndcg@5: 0.0548 ndcg@10: 0.0664 ndcg@20: 0.0829 ] 
2025-10-02 16:40:37,630 - Epoch 111 Validation set [recall@5: 0.0566 recall@10: 0.0916 recall@20: 0.1401 ] [ndcg@5: 0.0564 ndcg@10: 0.0684 ndcg@20: 0.0840 ] 
2025-10-02 16:40:49,745 - Epoch 114 Validation set [recall@5: 0.0574 recall@10: 0.0912 recall@20: 0.1429 ] [ndcg@5: 0.0564 ndcg@10: 0.0682 ndcg@20: 0.0847 ] 
2025-10-02 16:41:00,738 - Epoch 117 Validation set [recall@5: 0.0587 recall@10: 0.0936 recall@20: 0.1443 ] [ndcg@5: 0.0575 ndcg@10: 0.0696 ndcg@20: 0.0859 ] 
2025-10-02 16:41:12,560 - Epoch 120 Validation set [recall@5: 0.0548 recall@10: 0.0891 recall@20: 0.1397 ] [ndcg@5: 0.0543 ndcg@10: 0.0663 ndcg@20: 0.0825 ] 
2025-10-02 16:41:24,274 - Epoch 123 Validation set [recall@5: 0.0587 recall@10: 0.0918 recall@20: 0.1428 ] [ndcg@5: 0.0571 ndcg@10: 0.0684 ndcg@20: 0.0847 ] 
2025-10-02 16:41:34,658 - Epoch 126 Validation set [recall@5: 0.0581 recall@10: 0.0925 recall@20: 0.1450 ] [ndcg@5: 0.0572 ndcg@10: 0.0691 ndcg@20: 0.0859 ] 
2025-10-02 16:41:46,392 - Epoch 129 Validation set [recall@5: 0.0612 recall@10: 0.0969 recall@20: 0.1472 ] [ndcg@5: 0.0599 ndcg@10: 0.0723 ndcg@20: 0.0884 ] 
2025-10-02 16:41:58,071 - Epoch 132 Validation set [recall@5: 0.0593 recall@10: 0.0935 recall@20: 0.1452 ] [ndcg@5: 0.0582 ndcg@10: 0.0701 ndcg@20: 0.0866 ] 
2025-10-02 16:42:09,420 - Epoch 135 Validation set [recall@5: 0.0601 recall@10: 0.0950 recall@20: 0.1482 ] [ndcg@5: 0.0588 ndcg@10: 0.0709 ndcg@20: 0.0879 ] 
2025-10-02 16:42:22,009 - Epoch 138 Validation set [recall@5: 0.0620 recall@10: 0.0976 recall@20: 0.1503 ] [ndcg@5: 0.0607 ndcg@10: 0.0730 ndcg@20: 0.0897 ] 
2025-10-02 16:42:34,321 - Epoch 141 Validation set [recall@5: 0.0603 recall@10: 0.0936 recall@20: 0.1476 ] [ndcg@5: 0.0597 ndcg@10: 0.0711 ndcg@20: 0.0883 ] 
2025-10-02 16:42:46,644 - Epoch 144 Validation set [recall@5: 0.0614 recall@10: 0.0961 recall@20: 0.1474 ] [ndcg@5: 0.0599 ndcg@10: 0.0720 ndcg@20: 0.0884 ] 
2025-10-02 16:42:58,447 - Epoch 147 Validation set [recall@5: 0.0603 recall@10: 0.0938 recall@20: 0.1454 ] [ndcg@5: 0.0586 ndcg@10: 0.0703 ndcg@20: 0.0869 ] 
2025-10-02 16:43:10,193 - Epoch 150 Validation set [recall@5: 0.0621 recall@10: 0.0982 recall@20: 0.1487 ] [ndcg@5: 0.0609 ndcg@10: 0.0735 ndcg@20: 0.0896 ] 
2025-10-02 16:43:20,781 - Epoch 153 Validation set [recall@5: 0.0637 recall@10: 0.1004 recall@20: 0.1505 ] [ndcg@5: 0.0624 ndcg@10: 0.0752 ndcg@20: 0.0913 ] 
2025-10-02 16:43:31,667 - Epoch 156 Validation set [recall@5: 0.0636 recall@10: 0.1011 recall@20: 0.1527 ] [ndcg@5: 0.0622 ndcg@10: 0.0755 ndcg@20: 0.0921 ] 
2025-10-02 16:43:43,210 - Epoch 159 Validation set [recall@5: 0.0626 recall@10: 0.0994 recall@20: 0.1525 ] [ndcg@5: 0.0615 ndcg@10: 0.0744 ndcg@20: 0.0915 ] 
2025-10-02 16:43:53,598 - Epoch 162 Validation set [recall@5: 0.0618 recall@10: 0.0986 recall@20: 0.1505 ] [ndcg@5: 0.0611 ndcg@10: 0.0740 ndcg@20: 0.0907 ] 
2025-10-02 16:44:04,396 - Epoch 165 Validation set [recall@5: 0.0630 recall@10: 0.0992 recall@20: 0.1510 ] [ndcg@5: 0.0617 ndcg@10: 0.0743 ndcg@20: 0.0911 ] 
2025-10-02 16:44:15,555 - Epoch 168 Validation set [recall@5: 0.0637 recall@10: 0.0996 recall@20: 0.1514 ] [ndcg@5: 0.0623 ndcg@10: 0.0748 ndcg@20: 0.0916 ] 
2025-10-02 16:44:27,503 - Epoch 171 Validation set [recall@5: 0.0621 recall@10: 0.0999 recall@20: 0.1521 ] [ndcg@5: 0.0607 ndcg@10: 0.0739 ndcg@20: 0.0907 ] 
2025-10-02 16:44:29,503 - [recall@5: 0.0636 recall@10: 0.1011 recall@20: 0.1527 ] [ndcg@5: 0.0622 ndcg@10: 0.0755 ndcg@20: 0.0921 ] 
2025-10-02 16:44:31,282 - [recall@5: 0.0650 recall@10: 0.0994 recall@20: 0.1469 ] [ndcg@5: 0.0646 ndcg@10: 0.0763 ndcg@20: 0.0920 ] 
2025-10-02 16:44:31,292 - Save model parameters to ./encoder/checkpoint/lightgcn_rgcn/lightgcn_rgcn-amazon-2023.pth
2025-10-02 16:44:31,293 - Best Epoch 156. Final test result: {'recall': array([0.06496996, 0.0993712 , 0.14685418]), 'ndcg': array([0.06464961, 0.07631772, 0.09202691])}.
