2025-10-02 16:44:34,655 - {'optimizer': {'name': 'adam', 'lr': 0.001, 'weight_decay': 0}, 'train': {'epoch': 3000, 'batch_size': 4096, 'save_model': True, 'loss': 'pairwise', 'test_step': 3, 'reproducible': True, 'seed': 2023, 'patience': 5}, 'test': {'metrics': ['recall', 'ndcg'], 'k': [5, 10, 20], 'batch_size': 1024}, 'data': {'type': 'general_agcf', 'name': 'amazon', 'mat_type': 'uai', 'pre_norm': True, 'user_num': 11000, 'item_num': 9332, 'user_item_num': 20332, 'attr_num': 1978}, 'model': {'name': 'lightgcn_rgcn', 'label': 'ori', 'keep_rate': 0.9, 'embedding_size': 64, 'use_unify_layer_num': True, 'layer_num': 10, 'reg_weight': 1e-07, 'amazon': {'keep_rate': 0.9, 'layer_num': 10, 'reg_weight': 1e-07, 'eps': 0.1}, 'yelp': {'keep_rate': 0.9, 'layer_num': 3, 'reg_weight': 1e-06, 'eps': 0.1}, 'steam': {'keep_rate': 0.8, 'layer_num': 3, 'reg_weight': 1e-07, 'eps': 0.2}, 'Office': {'keep_rate': 0.9, 'layer_num': 3, 'reg_weight': 5e-06, 'eps': 0.1}}}
2025-10-02 16:44:41,431 - Epoch   0 Validation set [recall@5: 0.0071 recall@10: 0.0136 recall@20: 0.0226 ] [ndcg@5: 0.0079 ndcg@10: 0.0101 ndcg@20: 0.0130 ] 
2025-10-02 16:44:53,319 - Epoch   3 Validation set [recall@5: 0.0151 recall@10: 0.0275 recall@20: 0.0461 ] [ndcg@5: 0.0156 ndcg@10: 0.0202 ndcg@20: 0.0263 ] 
2025-10-02 16:45:05,171 - Epoch   6 Validation set [recall@5: 0.0213 recall@10: 0.0373 recall@20: 0.0636 ] [ndcg@5: 0.0211 ndcg@10: 0.0269 ndcg@20: 0.0354 ] 
2025-10-02 16:45:17,111 - Epoch   9 Validation set [recall@5: 0.0255 recall@10: 0.0428 recall@20: 0.0713 ] [ndcg@5: 0.0245 ndcg@10: 0.0306 ndcg@20: 0.0397 ] 
2025-10-02 16:45:29,387 - Epoch  12 Validation set [recall@5: 0.0285 recall@10: 0.0476 recall@20: 0.0768 ] [ndcg@5: 0.0280 ndcg@10: 0.0345 ndcg@20: 0.0440 ] 
2025-10-02 16:45:41,588 - Epoch  15 Validation set [recall@5: 0.0310 recall@10: 0.0512 recall@20: 0.0829 ] [ndcg@5: 0.0306 ndcg@10: 0.0374 ndcg@20: 0.0478 ] 
2025-10-02 16:45:53,786 - Epoch  18 Validation set [recall@5: 0.0316 recall@10: 0.0515 recall@20: 0.0848 ] [ndcg@5: 0.0312 ndcg@10: 0.0379 ndcg@20: 0.0487 ] 
2025-10-02 16:46:06,599 - Epoch  21 Validation set [recall@5: 0.0330 recall@10: 0.0559 recall@20: 0.0903 ] [ndcg@5: 0.0332 ndcg@10: 0.0410 ndcg@20: 0.0523 ] 
2025-10-02 16:46:19,253 - Epoch  24 Validation set [recall@5: 0.0347 recall@10: 0.0563 recall@20: 0.0920 ] [ndcg@5: 0.0343 ndcg@10: 0.0416 ndcg@20: 0.0531 ] 
2025-10-02 16:46:31,294 - Epoch  27 Validation set [recall@5: 0.0351 recall@10: 0.0579 recall@20: 0.0939 ] [ndcg@5: 0.0351 ndcg@10: 0.0428 ndcg@20: 0.0545 ] 
2025-10-02 16:46:43,575 - Epoch  30 Validation set [recall@5: 0.0361 recall@10: 0.0603 recall@20: 0.0970 ] [ndcg@5: 0.0358 ndcg@10: 0.0440 ndcg@20: 0.0558 ] 
2025-10-02 16:46:55,587 - Epoch  33 Validation set [recall@5: 0.0375 recall@10: 0.0622 recall@20: 0.1009 ] [ndcg@5: 0.0372 ndcg@10: 0.0456 ndcg@20: 0.0580 ] 
2025-10-02 16:47:07,888 - Epoch  36 Validation set [recall@5: 0.0383 recall@10: 0.0637 recall@20: 0.1010 ] [ndcg@5: 0.0385 ndcg@10: 0.0471 ndcg@20: 0.0591 ] 
2025-10-02 16:47:19,327 - Epoch  39 Validation set [recall@5: 0.0400 recall@10: 0.0654 recall@20: 0.1040 ] [ndcg@5: 0.0396 ndcg@10: 0.0480 ndcg@20: 0.0604 ] 
2025-10-02 16:47:30,998 - Epoch  42 Validation set [recall@5: 0.0404 recall@10: 0.0657 recall@20: 0.1050 ] [ndcg@5: 0.0403 ndcg@10: 0.0486 ndcg@20: 0.0613 ] 
2025-10-02 16:47:42,200 - Epoch  45 Validation set [recall@5: 0.0398 recall@10: 0.0645 recall@20: 0.1044 ] [ndcg@5: 0.0402 ndcg@10: 0.0481 ndcg@20: 0.0610 ] 
2025-10-02 16:47:52,843 - Epoch  48 Validation set [recall@5: 0.0422 recall@10: 0.0690 recall@20: 0.1110 ] [ndcg@5: 0.0422 ndcg@10: 0.0512 ndcg@20: 0.0648 ] 
2025-10-02 16:48:04,999 - Epoch  51 Validation set [recall@5: 0.0434 recall@10: 0.0708 recall@20: 0.1118 ] [ndcg@5: 0.0430 ndcg@10: 0.0524 ndcg@20: 0.0656 ] 
2025-10-02 16:48:17,349 - Epoch  54 Validation set [recall@5: 0.0426 recall@10: 0.0698 recall@20: 0.1117 ] [ndcg@5: 0.0423 ndcg@10: 0.0514 ndcg@20: 0.0650 ] 
2025-10-02 16:48:30,311 - Epoch  57 Validation set [recall@5: 0.0440 recall@10: 0.0719 recall@20: 0.1137 ] [ndcg@5: 0.0434 ndcg@10: 0.0528 ndcg@20: 0.0664 ] 
2025-10-02 16:48:41,652 - Epoch  60 Validation set [recall@5: 0.0456 recall@10: 0.0732 recall@20: 0.1154 ] [ndcg@5: 0.0449 ndcg@10: 0.0542 ndcg@20: 0.0680 ] 
2025-10-02 16:48:53,706 - Epoch  63 Validation set [recall@5: 0.0462 recall@10: 0.0748 recall@20: 0.1176 ] [ndcg@5: 0.0454 ndcg@10: 0.0553 ndcg@20: 0.0694 ] 
2025-10-02 16:49:06,057 - Epoch  66 Validation set [recall@5: 0.0460 recall@10: 0.0748 recall@20: 0.1183 ] [ndcg@5: 0.0452 ndcg@10: 0.0549 ndcg@20: 0.0690 ] 
2025-10-02 16:49:18,324 - Epoch  69 Validation set [recall@5: 0.0456 recall@10: 0.0740 recall@20: 0.1170 ] [ndcg@5: 0.0447 ndcg@10: 0.0541 ndcg@20: 0.0681 ] 
2025-10-02 16:49:31,070 - Epoch  72 Validation set [recall@5: 0.0470 recall@10: 0.0788 recall@20: 0.1207 ] [ndcg@5: 0.0463 ndcg@10: 0.0573 ndcg@20: 0.0711 ] 
2025-10-02 16:49:43,328 - Epoch  75 Validation set [recall@5: 0.0476 recall@10: 0.0767 recall@20: 0.1215 ] [ndcg@5: 0.0474 ndcg@10: 0.0572 ndcg@20: 0.0715 ] 
2025-10-02 16:49:55,297 - Epoch  78 Validation set [recall@5: 0.0494 recall@10: 0.0791 recall@20: 0.1249 ] [ndcg@5: 0.0484 ndcg@10: 0.0586 ndcg@20: 0.0734 ] 
2025-10-02 16:50:07,803 - Epoch  81 Validation set [recall@5: 0.0501 recall@10: 0.0805 recall@20: 0.1234 ] [ndcg@5: 0.0493 ndcg@10: 0.0598 ndcg@20: 0.0736 ] 
2025-10-02 16:50:19,780 - Epoch  84 Validation set [recall@5: 0.0508 recall@10: 0.0807 recall@20: 0.1263 ] [ndcg@5: 0.0497 ndcg@10: 0.0599 ndcg@20: 0.0746 ] 
2025-10-02 16:50:31,484 - Epoch  87 Validation set [recall@5: 0.0505 recall@10: 0.0807 recall@20: 0.1249 ] [ndcg@5: 0.0500 ndcg@10: 0.0603 ndcg@20: 0.0745 ] 
2025-10-02 16:50:43,501 - Epoch  90 Validation set [recall@5: 0.0522 recall@10: 0.0831 recall@20: 0.1268 ] [ndcg@5: 0.0509 ndcg@10: 0.0615 ndcg@20: 0.0757 ] 
2025-10-02 16:50:55,609 - Epoch  93 Validation set [recall@5: 0.0508 recall@10: 0.0812 recall@20: 0.1269 ] [ndcg@5: 0.0501 ndcg@10: 0.0605 ndcg@20: 0.0751 ] 
2025-10-02 16:51:07,396 - Epoch  96 Validation set [recall@5: 0.0510 recall@10: 0.0816 recall@20: 0.1268 ] [ndcg@5: 0.0499 ndcg@10: 0.0606 ndcg@20: 0.0751 ] 
2025-10-02 16:51:19,018 - Epoch  99 Validation set [recall@5: 0.0529 recall@10: 0.0851 recall@20: 0.1310 ] [ndcg@5: 0.0523 ndcg@10: 0.0634 ndcg@20: 0.0780 ] 
2025-10-02 16:51:30,473 - Epoch 102 Validation set [recall@5: 0.0533 recall@10: 0.0839 recall@20: 0.1306 ] [ndcg@5: 0.0522 ndcg@10: 0.0628 ndcg@20: 0.0778 ] 
2025-10-02 16:51:42,365 - Epoch 105 Validation set [recall@5: 0.0531 recall@10: 0.0840 recall@20: 0.1313 ] [ndcg@5: 0.0517 ndcg@10: 0.0622 ndcg@20: 0.0774 ] 
2025-10-02 16:51:53,697 - Epoch 108 Validation set [recall@5: 0.0535 recall@10: 0.0845 recall@20: 0.1309 ] [ndcg@5: 0.0524 ndcg@10: 0.0632 ndcg@20: 0.0780 ] 
2025-10-02 16:52:05,779 - Epoch 111 Validation set [recall@5: 0.0556 recall@10: 0.0873 recall@20: 0.1343 ] [ndcg@5: 0.0544 ndcg@10: 0.0652 ndcg@20: 0.0804 ] 
2025-10-02 16:52:17,168 - Epoch 114 Validation set [recall@5: 0.0550 recall@10: 0.0870 recall@20: 0.1353 ] [ndcg@5: 0.0543 ndcg@10: 0.0653 ndcg@20: 0.0807 ] 
2025-10-02 16:52:29,117 - Epoch 117 Validation set [recall@5: 0.0567 recall@10: 0.0891 recall@20: 0.1364 ] [ndcg@5: 0.0556 ndcg@10: 0.0667 ndcg@20: 0.0818 ] 
2025-10-02 16:52:40,018 - Epoch 120 Validation set [recall@5: 0.0531 recall@10: 0.0851 recall@20: 0.1317 ] [ndcg@5: 0.0526 ndcg@10: 0.0636 ndcg@20: 0.0784 ] 
2025-10-02 16:52:52,399 - Epoch 123 Validation set [recall@5: 0.0558 recall@10: 0.0896 recall@20: 0.1365 ] [ndcg@5: 0.0554 ndcg@10: 0.0669 ndcg@20: 0.0819 ] 
2025-10-02 16:53:04,559 - Epoch 126 Validation set [recall@5: 0.0558 recall@10: 0.0903 recall@20: 0.1377 ] [ndcg@5: 0.0557 ndcg@10: 0.0676 ndcg@20: 0.0828 ] 
2025-10-02 16:53:16,038 - Epoch 129 Validation set [recall@5: 0.0579 recall@10: 0.0928 recall@20: 0.1388 ] [ndcg@5: 0.0572 ndcg@10: 0.0692 ndcg@20: 0.0841 ] 
2025-10-02 16:53:27,463 - Epoch 132 Validation set [recall@5: 0.0568 recall@10: 0.0903 recall@20: 0.1370 ] [ndcg@5: 0.0561 ndcg@10: 0.0675 ndcg@20: 0.0825 ] 
2025-10-02 16:53:38,406 - Epoch 135 Validation set [recall@5: 0.0575 recall@10: 0.0912 recall@20: 0.1394 ] [ndcg@5: 0.0562 ndcg@10: 0.0681 ndcg@20: 0.0835 ] 
2025-10-02 16:53:51,302 - Epoch 138 Validation set [recall@5: 0.0589 recall@10: 0.0938 recall@20: 0.1419 ] [ndcg@5: 0.0580 ndcg@10: 0.0701 ndcg@20: 0.0855 ] 
2025-10-02 16:54:03,398 - Epoch 141 Validation set [recall@5: 0.0574 recall@10: 0.0911 recall@20: 0.1407 ] [ndcg@5: 0.0568 ndcg@10: 0.0683 ndcg@20: 0.0841 ] 
2025-10-02 16:54:15,725 - Epoch 144 Validation set [recall@5: 0.0585 recall@10: 0.0936 recall@20: 0.1430 ] [ndcg@5: 0.0576 ndcg@10: 0.0698 ndcg@20: 0.0856 ] 
2025-10-02 16:54:27,166 - Epoch 147 Validation set [recall@5: 0.0570 recall@10: 0.0900 recall@20: 0.1382 ] [ndcg@5: 0.0558 ndcg@10: 0.0673 ndcg@20: 0.0828 ] 
2025-10-02 16:54:40,116 - Epoch 150 Validation set [recall@5: 0.0589 recall@10: 0.0939 recall@20: 0.1411 ] [ndcg@5: 0.0578 ndcg@10: 0.0699 ndcg@20: 0.0851 ] 
2025-10-02 16:54:52,752 - Epoch 153 Validation set [recall@5: 0.0589 recall@10: 0.0931 recall@20: 0.1422 ] [ndcg@5: 0.0579 ndcg@10: 0.0700 ndcg@20: 0.0856 ] 
2025-10-02 16:55:03,548 - Epoch 156 Validation set [recall@5: 0.0605 recall@10: 0.0965 recall@20: 0.1460 ] [ndcg@5: 0.0590 ndcg@10: 0.0719 ndcg@20: 0.0879 ] 
2025-10-02 16:55:15,248 - Epoch 159 Validation set [recall@5: 0.0594 recall@10: 0.0950 recall@20: 0.1453 ] [ndcg@5: 0.0587 ndcg@10: 0.0713 ndcg@20: 0.0874 ] 
2025-10-02 16:55:28,047 - Epoch 162 Validation set [recall@5: 0.0584 recall@10: 0.0951 recall@20: 0.1421 ] [ndcg@5: 0.0575 ndcg@10: 0.0706 ndcg@20: 0.0857 ] 
2025-10-02 16:55:41,159 - Epoch 165 Validation set [recall@5: 0.0599 recall@10: 0.0936 recall@20: 0.1438 ] [ndcg@5: 0.0584 ndcg@10: 0.0702 ndcg@20: 0.0863 ] 
2025-10-02 16:55:53,142 - Epoch 168 Validation set [recall@5: 0.0590 recall@10: 0.0961 recall@20: 0.1459 ] [ndcg@5: 0.0584 ndcg@10: 0.0715 ndcg@20: 0.0875 ] 
2025-10-02 16:56:05,434 - Epoch 171 Validation set [recall@5: 0.0588 recall@10: 0.0952 recall@20: 0.1453 ] [ndcg@5: 0.0578 ndcg@10: 0.0705 ndcg@20: 0.0867 ] 
2025-10-02 16:56:07,366 - [recall@5: 0.0605 recall@10: 0.0965 recall@20: 0.1460 ] [ndcg@5: 0.0590 ndcg@10: 0.0719 ndcg@20: 0.0879 ] 
2025-10-02 16:56:09,181 - [recall@5: 0.0599 recall@10: 0.0950 recall@20: 0.1411 ] [ndcg@5: 0.0607 ndcg@10: 0.0727 ndcg@20: 0.0880 ] 
2025-10-02 16:56:09,244 - Save model parameters to ./encoder/checkpoint/lightgcn_rgcn/lightgcn_rgcn-amazon-2023.pth
2025-10-02 16:56:09,245 - Best Epoch 156. Final test result: {'recall': array([0.05988551, 0.0950132 , 0.1411033 ]), 'ndcg': array([0.06067363, 0.0726766 , 0.08799378])}.
