2025-10-01 17:33:17,721 - {'optimizer': {'name': 'adam', 'lr': 0.001, 'weight_decay': 0}, 'train': {'epoch': 3000, 'batch_size': 4096, 'save_model': True, 'loss': 'pairwise', 'test_step': 3, 'reproducible': True, 'seed': 2023, 'patience': 5}, 'test': {'metrics': ['recall', 'ndcg'], 'k': [5, 10, 20], 'batch_size': 1024}, 'data': {'type': 'general_agcf', 'name': 'amazon', 'mat_type': 'uai', 'pre_norm': True, 'user_num': 11000, 'item_num': 9332, 'user_item_num': 20332, 'attr_num': 1978}, 'model': {'name': 'lightgcn_rgcn', 'label': 'ori', 'keep_rate': 0.9, 'embedding_size': 64, 'use_unify_layer_num': True, 'layer_num': 2, 'reg_weight': 1e-07, 'amazon': {'keep_rate': 0.9, 'layer_num': 2, 'reg_weight': 1e-07, 'eps': 0.1}, 'yelp': {'keep_rate': 0.9, 'layer_num': 3, 'reg_weight': 1e-06, 'eps': 0.1}, 'steam': {'keep_rate': 0.8, 'layer_num': 3, 'reg_weight': 1e-07, 'eps': 0.2}, 'Office': {'keep_rate': 0.9, 'layer_num': 3, 'reg_weight': 1e-06, 'eps': 0.1}}}
2025-10-01 17:33:21,757 - Epoch   0 Validation set [recall@5: 0.0132 recall@10: 0.0222 recall@20: 0.0373 ] [ndcg@5: 0.0137 ndcg@10: 0.0167 ndcg@20: 0.0216 ] 
2025-10-01 17:33:30,486 - Epoch   3 Validation set [recall@5: 0.0191 recall@10: 0.0337 recall@20: 0.0547 ] [ndcg@5: 0.0203 ndcg@10: 0.0253 ndcg@20: 0.0323 ] 
2025-10-01 17:33:38,624 - Epoch   6 Validation set [recall@5: 0.0266 recall@10: 0.0429 recall@20: 0.0724 ] [ndcg@5: 0.0277 ndcg@10: 0.0332 ndcg@20: 0.0428 ] 
2025-10-01 17:33:46,759 - Epoch   9 Validation set [recall@5: 0.0313 recall@10: 0.0499 recall@20: 0.0832 ] [ndcg@5: 0.0322 ndcg@10: 0.0384 ndcg@20: 0.0492 ] 
2025-10-01 17:33:55,295 - Epoch  12 Validation set [recall@5: 0.0354 recall@10: 0.0548 recall@20: 0.0911 ] [ndcg@5: 0.0362 ndcg@10: 0.0425 ndcg@20: 0.0542 ] 
2025-10-01 17:34:03,260 - Epoch  15 Validation set [recall@5: 0.0386 recall@10: 0.0610 recall@20: 0.0973 ] [ndcg@5: 0.0387 ndcg@10: 0.0459 ndcg@20: 0.0580 ] 
2025-10-01 17:34:11,690 - Epoch  18 Validation set [recall@5: 0.0404 recall@10: 0.0663 recall@20: 0.1033 ] [ndcg@5: 0.0408 ndcg@10: 0.0495 ndcg@20: 0.0616 ] 
2025-10-01 17:34:19,997 - Epoch  21 Validation set [recall@5: 0.0419 recall@10: 0.0694 recall@20: 0.1082 ] [ndcg@5: 0.0422 ndcg@10: 0.0515 ndcg@20: 0.0641 ] 
2025-10-01 17:34:28,006 - Epoch  24 Validation set [recall@5: 0.0450 recall@10: 0.0719 recall@20: 0.1129 ] [ndcg@5: 0.0446 ndcg@10: 0.0538 ndcg@20: 0.0670 ] 
2025-10-01 17:34:36,439 - Epoch  27 Validation set [recall@5: 0.0449 recall@10: 0.0731 recall@20: 0.1155 ] [ndcg@5: 0.0457 ndcg@10: 0.0553 ndcg@20: 0.0689 ] 
2025-10-01 17:34:44,870 - Epoch  30 Validation set [recall@5: 0.0469 recall@10: 0.0765 recall@20: 0.1182 ] [ndcg@5: 0.0468 ndcg@10: 0.0569 ndcg@20: 0.0703 ] 
2025-10-01 17:34:53,169 - Epoch  33 Validation set [recall@5: 0.0490 recall@10: 0.0767 recall@20: 0.1190 ] [ndcg@5: 0.0481 ndcg@10: 0.0575 ndcg@20: 0.0712 ] 
2025-10-01 17:35:01,307 - Epoch  36 Validation set [recall@5: 0.0501 recall@10: 0.0781 recall@20: 0.1219 ] [ndcg@5: 0.0492 ndcg@10: 0.0585 ndcg@20: 0.0726 ] 
2025-10-01 17:35:09,496 - Epoch  39 Validation set [recall@5: 0.0508 recall@10: 0.0814 recall@20: 0.1257 ] [ndcg@5: 0.0504 ndcg@10: 0.0609 ndcg@20: 0.0752 ] 
2025-10-01 17:35:16,959 - Epoch  42 Validation set [recall@5: 0.0528 recall@10: 0.0833 recall@20: 0.1272 ] [ndcg@5: 0.0520 ndcg@10: 0.0624 ndcg@20: 0.0766 ] 
2025-10-01 17:35:24,957 - Epoch  45 Validation set [recall@5: 0.0531 recall@10: 0.0853 recall@20: 0.1298 ] [ndcg@5: 0.0528 ndcg@10: 0.0640 ndcg@20: 0.0781 ] 
2025-10-01 17:35:32,423 - Epoch  48 Validation set [recall@5: 0.0538 recall@10: 0.0846 recall@20: 0.1321 ] [ndcg@5: 0.0535 ndcg@10: 0.0643 ndcg@20: 0.0793 ] 
2025-10-01 17:35:39,580 - Epoch  51 Validation set [recall@5: 0.0547 recall@10: 0.0865 recall@20: 0.1331 ] [ndcg@5: 0.0541 ndcg@10: 0.0650 ndcg@20: 0.0800 ] 
2025-10-01 17:35:47,106 - Epoch  54 Validation set [recall@5: 0.0556 recall@10: 0.0874 recall@20: 0.1348 ] [ndcg@5: 0.0549 ndcg@10: 0.0656 ndcg@20: 0.0810 ] 
2025-10-01 17:35:54,983 - Epoch  57 Validation set [recall@5: 0.0564 recall@10: 0.0877 recall@20: 0.1364 ] [ndcg@5: 0.0554 ndcg@10: 0.0663 ndcg@20: 0.0820 ] 
2025-10-01 17:36:03,446 - Epoch  60 Validation set [recall@5: 0.0571 recall@10: 0.0897 recall@20: 0.1389 ] [ndcg@5: 0.0564 ndcg@10: 0.0677 ndcg@20: 0.0836 ] 
2025-10-01 17:36:10,562 - Epoch  63 Validation set [recall@5: 0.0576 recall@10: 0.0917 recall@20: 0.1399 ] [ndcg@5: 0.0573 ndcg@10: 0.0692 ndcg@20: 0.0848 ] 
2025-10-01 17:36:18,131 - Epoch  66 Validation set [recall@5: 0.0590 recall@10: 0.0925 recall@20: 0.1426 ] [ndcg@5: 0.0584 ndcg@10: 0.0700 ndcg@20: 0.0862 ] 
2025-10-01 17:36:26,667 - Epoch  69 Validation set [recall@5: 0.0586 recall@10: 0.0930 recall@20: 0.1442 ] [ndcg@5: 0.0585 ndcg@10: 0.0706 ndcg@20: 0.0870 ] 
2025-10-01 17:36:34,635 - Epoch  72 Validation set [recall@5: 0.0587 recall@10: 0.0950 recall@20: 0.1445 ] [ndcg@5: 0.0590 ndcg@10: 0.0715 ndcg@20: 0.0874 ] 
2025-10-01 17:36:42,243 - Epoch  75 Validation set [recall@5: 0.0602 recall@10: 0.0953 recall@20: 0.1460 ] [ndcg@5: 0.0600 ndcg@10: 0.0721 ndcg@20: 0.0885 ] 
2025-10-01 17:36:50,653 - Epoch  78 Validation set [recall@5: 0.0606 recall@10: 0.0967 recall@20: 0.1464 ] [ndcg@5: 0.0604 ndcg@10: 0.0728 ndcg@20: 0.0889 ] 
2025-10-01 17:36:59,012 - Epoch  81 Validation set [recall@5: 0.0625 recall@10: 0.0970 recall@20: 0.1486 ] [ndcg@5: 0.0617 ndcg@10: 0.0734 ndcg@20: 0.0901 ] 
2025-10-01 17:37:07,801 - Epoch  84 Validation set [recall@5: 0.0625 recall@10: 0.0982 recall@20: 0.1485 ] [ndcg@5: 0.0625 ndcg@10: 0.0746 ndcg@20: 0.0909 ] 
2025-10-01 17:37:16,005 - Epoch  87 Validation set [recall@5: 0.0640 recall@10: 0.0988 recall@20: 0.1494 ] [ndcg@5: 0.0638 ndcg@10: 0.0755 ndcg@20: 0.0919 ] 
2025-10-01 17:37:24,168 - Epoch  90 Validation set [recall@5: 0.0648 recall@10: 0.1002 recall@20: 0.1495 ] [ndcg@5: 0.0649 ndcg@10: 0.0766 ndcg@20: 0.0926 ] 
2025-10-01 17:37:32,360 - Epoch  93 Validation set [recall@5: 0.0659 recall@10: 0.1017 recall@20: 0.1526 ] [ndcg@5: 0.0657 ndcg@10: 0.0774 ndcg@20: 0.0938 ] 
2025-10-01 17:37:41,002 - Epoch  96 Validation set [recall@5: 0.0665 recall@10: 0.1026 recall@20: 0.1541 ] [ndcg@5: 0.0660 ndcg@10: 0.0781 ndcg@20: 0.0947 ] 
2025-10-01 17:37:49,386 - Epoch  99 Validation set [recall@5: 0.0678 recall@10: 0.1040 recall@20: 0.1548 ] [ndcg@5: 0.0665 ndcg@10: 0.0788 ndcg@20: 0.0952 ] 
2025-10-01 17:37:57,446 - Epoch 102 Validation set [recall@5: 0.0683 recall@10: 0.1051 recall@20: 0.1552 ] [ndcg@5: 0.0666 ndcg@10: 0.0793 ndcg@20: 0.0955 ] 
2025-10-01 17:38:06,122 - Epoch 105 Validation set [recall@5: 0.0677 recall@10: 0.1056 recall@20: 0.1553 ] [ndcg@5: 0.0668 ndcg@10: 0.0797 ndcg@20: 0.0959 ] 
2025-10-01 17:38:14,128 - Epoch 108 Validation set [recall@5: 0.0690 recall@10: 0.1063 recall@20: 0.1568 ] [ndcg@5: 0.0679 ndcg@10: 0.0804 ndcg@20: 0.0969 ] 
2025-10-01 17:38:22,191 - Epoch 111 Validation set [recall@5: 0.0698 recall@10: 0.1074 recall@20: 0.1578 ] [ndcg@5: 0.0688 ndcg@10: 0.0812 ndcg@20: 0.0976 ] 
2025-10-01 17:38:30,451 - Epoch 114 Validation set [recall@5: 0.0700 recall@10: 0.1080 recall@20: 0.1580 ] [ndcg@5: 0.0687 ndcg@10: 0.0815 ndcg@20: 0.0980 ] 
2025-10-01 17:38:38,400 - Epoch 117 Validation set [recall@5: 0.0704 recall@10: 0.1100 recall@20: 0.1578 ] [ndcg@5: 0.0688 ndcg@10: 0.0822 ndcg@20: 0.0979 ] 
2025-10-01 17:38:46,931 - Epoch 120 Validation set [recall@5: 0.0720 recall@10: 0.1100 recall@20: 0.1603 ] [ndcg@5: 0.0700 ndcg@10: 0.0829 ndcg@20: 0.0992 ] 
2025-10-01 17:38:54,773 - Epoch 123 Validation set [recall@5: 0.0735 recall@10: 0.1095 recall@20: 0.1602 ] [ndcg@5: 0.0709 ndcg@10: 0.0830 ndcg@20: 0.0993 ] 
2025-10-01 17:39:03,182 - Epoch 126 Validation set [recall@5: 0.0728 recall@10: 0.1100 recall@20: 0.1614 ] [ndcg@5: 0.0705 ndcg@10: 0.0832 ndcg@20: 0.0998 ] 
2025-10-01 17:39:11,128 - Epoch 129 Validation set [recall@5: 0.0731 recall@10: 0.1107 recall@20: 0.1616 ] [ndcg@5: 0.0703 ndcg@10: 0.0832 ndcg@20: 0.0997 ] 
2025-10-01 17:39:18,958 - Epoch 132 Validation set [recall@5: 0.0732 recall@10: 0.1115 recall@20: 0.1629 ] [ndcg@5: 0.0706 ndcg@10: 0.0836 ndcg@20: 0.1003 ] 
2025-10-01 17:39:27,454 - Epoch 135 Validation set [recall@5: 0.0725 recall@10: 0.1120 recall@20: 0.1628 ] [ndcg@5: 0.0704 ndcg@10: 0.0839 ndcg@20: 0.1004 ] 
2025-10-01 17:39:35,579 - Epoch 138 Validation set [recall@5: 0.0741 recall@10: 0.1116 recall@20: 0.1644 ] [ndcg@5: 0.0714 ndcg@10: 0.0839 ndcg@20: 0.1012 ] 
2025-10-01 17:39:43,421 - Epoch 141 Validation set [recall@5: 0.0730 recall@10: 0.1122 recall@20: 0.1644 ] [ndcg@5: 0.0709 ndcg@10: 0.0844 ndcg@20: 0.1013 ] 
2025-10-01 17:39:51,502 - Epoch 144 Validation set [recall@5: 0.0725 recall@10: 0.1134 recall@20: 0.1639 ] [ndcg@5: 0.0706 ndcg@10: 0.0847 ndcg@20: 0.1011 ] 
2025-10-01 17:39:59,311 - Epoch 147 Validation set [recall@5: 0.0737 recall@10: 0.1129 recall@20: 0.1627 ] [ndcg@5: 0.0713 ndcg@10: 0.0848 ndcg@20: 0.1011 ] 
2025-10-01 17:40:07,530 - Epoch 150 Validation set [recall@5: 0.0735 recall@10: 0.1136 recall@20: 0.1640 ] [ndcg@5: 0.0712 ndcg@10: 0.0851 ndcg@20: 0.1016 ] 
2025-10-01 17:40:15,594 - Epoch 153 Validation set [recall@5: 0.0739 recall@10: 0.1138 recall@20: 0.1650 ] [ndcg@5: 0.0715 ndcg@10: 0.0852 ndcg@20: 0.1019 ] 
2025-10-01 17:40:23,502 - Epoch 156 Validation set [recall@5: 0.0739 recall@10: 0.1143 recall@20: 0.1648 ] [ndcg@5: 0.0711 ndcg@10: 0.0850 ndcg@20: 0.1015 ] 
2025-10-01 17:40:31,680 - Epoch 159 Validation set [recall@5: 0.0734 recall@10: 0.1147 recall@20: 0.1659 ] [ndcg@5: 0.0710 ndcg@10: 0.0854 ndcg@20: 0.1020 ] 
2025-10-01 17:40:39,694 - Epoch 162 Validation set [recall@5: 0.0739 recall@10: 0.1155 recall@20: 0.1651 ] [ndcg@5: 0.0713 ndcg@10: 0.0859 ndcg@20: 0.1020 ] 
2025-10-01 17:40:47,532 - Epoch 165 Validation set [recall@5: 0.0746 recall@10: 0.1162 recall@20: 0.1659 ] [ndcg@5: 0.0719 ndcg@10: 0.0864 ndcg@20: 0.1028 ] 
2025-10-01 17:40:55,870 - Epoch 168 Validation set [recall@5: 0.0743 recall@10: 0.1167 recall@20: 0.1665 ] [ndcg@5: 0.0721 ndcg@10: 0.0869 ndcg@20: 0.1033 ] 
2025-10-01 17:41:03,998 - Epoch 171 Validation set [recall@5: 0.0755 recall@10: 0.1167 recall@20: 0.1678 ] [ndcg@5: 0.0732 ndcg@10: 0.0873 ndcg@20: 0.1041 ] 
2025-10-01 17:41:12,135 - Epoch 174 Validation set [recall@5: 0.0752 recall@10: 0.1166 recall@20: 0.1679 ] [ndcg@5: 0.0730 ndcg@10: 0.0871 ndcg@20: 0.1040 ] 
2025-10-01 17:41:20,486 - Epoch 177 Validation set [recall@5: 0.0746 recall@10: 0.1171 recall@20: 0.1679 ] [ndcg@5: 0.0725 ndcg@10: 0.0873 ndcg@20: 0.1038 ] 
2025-10-01 17:41:28,879 - Epoch 180 Validation set [recall@5: 0.0743 recall@10: 0.1167 recall@20: 0.1672 ] [ndcg@5: 0.0728 ndcg@10: 0.0873 ndcg@20: 0.1038 ] 
2025-10-01 17:41:37,454 - Epoch 183 Validation set [recall@5: 0.0740 recall@10: 0.1152 recall@20: 0.1676 ] [ndcg@5: 0.0726 ndcg@10: 0.0869 ndcg@20: 0.1040 ] 
2025-10-01 17:41:45,760 - Epoch 186 Validation set [recall@5: 0.0743 recall@10: 0.1154 recall@20: 0.1691 ] [ndcg@5: 0.0729 ndcg@10: 0.0869 ndcg@20: 0.1046 ] 
2025-10-01 17:41:54,273 - Epoch 189 Validation set [recall@5: 0.0746 recall@10: 0.1159 recall@20: 0.1684 ] [ndcg@5: 0.0727 ndcg@10: 0.0870 ndcg@20: 0.1043 ] 
2025-10-01 17:42:02,437 - Epoch 192 Validation set [recall@5: 0.0758 recall@10: 0.1153 recall@20: 0.1681 ] [ndcg@5: 0.0737 ndcg@10: 0.0871 ndcg@20: 0.1044 ] 
2025-10-01 17:42:10,089 - Epoch 195 Validation set [recall@5: 0.0748 recall@10: 0.1161 recall@20: 0.1682 ] [ndcg@5: 0.0730 ndcg@10: 0.0873 ndcg@20: 0.1042 ] 
2025-10-01 17:42:17,201 - Epoch 198 Validation set [recall@5: 0.0757 recall@10: 0.1175 recall@20: 0.1683 ] [ndcg@5: 0.0732 ndcg@10: 0.0876 ndcg@20: 0.1041 ] 
2025-10-01 17:42:24,482 - Epoch 201 Validation set [recall@5: 0.0771 recall@10: 0.1170 recall@20: 0.1684 ] [ndcg@5: 0.0742 ndcg@10: 0.0879 ndcg@20: 0.1047 ] 
2025-10-01 17:42:25,822 - [recall@5: 0.0743 recall@10: 0.1154 recall@20: 0.1691 ] [ndcg@5: 0.0729 ndcg@10: 0.0869 ndcg@20: 0.1046 ] 
2025-10-01 17:42:27,207 - [recall@5: 0.0724 recall@10: 0.1111 recall@20: 0.1638 ] [ndcg@5: 0.0731 ndcg@10: 0.0863 ndcg@20: 0.1035 ] 
2025-10-01 17:42:27,214 - Save model parameters to ./encoder/checkpoint/lightgcn_rgcn/lightgcn_rgcn-amazon-2023.pth
2025-10-01 17:42:27,215 - Best Epoch 186. Final test result: {'recall': array([0.0723551 , 0.11107525, 0.16384961]), 'ndcg': array([0.07309732, 0.08626944, 0.10348175])}.
