2025-10-01 17:52:17,212 - {'optimizer': {'name': 'adam', 'lr': 0.001, 'weight_decay': 0}, 'train': {'epoch': 3000, 'batch_size': 4096, 'save_model': True, 'loss': 'pairwise', 'test_step': 3, 'reproducible': True, 'seed': 2023, 'patience': 5}, 'test': {'metrics': ['recall', 'ndcg'], 'k': [5, 10, 20], 'batch_size': 1024}, 'data': {'type': 'general_agcf', 'name': 'amazon', 'mat_type': 'uai', 'pre_norm': True, 'user_num': 11000, 'item_num': 9332, 'user_item_num': 20332, 'attr_num': 1978}, 'model': {'name': 'lightgcn_rgcn', 'label': 'ori', 'keep_rate': 0.9, 'embedding_size': 64, 'use_unify_layer_num': True, 'layer_num': 4, 'reg_weight': 1e-07, 'amazon': {'keep_rate': 0.9, 'layer_num': 4, 'reg_weight': 1e-07, 'eps': 0.1}, 'yelp': {'keep_rate': 0.9, 'layer_num': 3, 'reg_weight': 1e-06, 'eps': 0.1}, 'steam': {'keep_rate': 0.8, 'layer_num': 3, 'reg_weight': 1e-07, 'eps': 0.2}, 'Office': {'keep_rate': 0.9, 'layer_num': 3, 'reg_weight': 1e-06, 'eps': 0.1}}}
2025-10-01 17:52:23,213 - Epoch   0 Validation set [recall@5: 0.0087 recall@10: 0.0144 recall@20: 0.0240 ] [ndcg@5: 0.0087 ndcg@10: 0.0106 ndcg@20: 0.0137 ] 
2025-10-01 17:52:33,044 - Epoch   3 Validation set [recall@5: 0.0201 recall@10: 0.0342 recall@20: 0.0559 ] [ndcg@5: 0.0205 ndcg@10: 0.0253 ndcg@20: 0.0324 ] 
2025-10-01 17:52:43,277 - Epoch   6 Validation set [recall@5: 0.0266 recall@10: 0.0454 recall@20: 0.0740 ] [ndcg@5: 0.0268 ndcg@10: 0.0333 ndcg@20: 0.0426 ] 
2025-10-01 17:52:53,283 - Epoch   9 Validation set [recall@5: 0.0311 recall@10: 0.0515 recall@20: 0.0848 ] [ndcg@5: 0.0311 ndcg@10: 0.0379 ndcg@20: 0.0489 ] 
2025-10-01 17:53:03,855 - Epoch  12 Validation set [recall@5: 0.0344 recall@10: 0.0567 recall@20: 0.0921 ] [ndcg@5: 0.0344 ndcg@10: 0.0419 ndcg@20: 0.0535 ] 
2025-10-01 17:53:13,788 - Epoch  15 Validation set [recall@5: 0.0375 recall@10: 0.0615 recall@20: 0.0971 ] [ndcg@5: 0.0374 ndcg@10: 0.0454 ndcg@20: 0.0572 ] 
2025-10-01 17:53:24,014 - Epoch  18 Validation set [recall@5: 0.0391 recall@10: 0.0644 recall@20: 0.1020 ] [ndcg@5: 0.0394 ndcg@10: 0.0478 ndcg@20: 0.0601 ] 
2025-10-01 17:53:33,402 - Epoch  21 Validation set [recall@5: 0.0419 recall@10: 0.0675 recall@20: 0.1065 ] [ndcg@5: 0.0417 ndcg@10: 0.0503 ndcg@20: 0.0631 ] 
2025-10-01 17:53:43,535 - Epoch  24 Validation set [recall@5: 0.0434 recall@10: 0.0703 recall@20: 0.1097 ] [ndcg@5: 0.0437 ndcg@10: 0.0528 ndcg@20: 0.0656 ] 
2025-10-01 17:53:53,330 - Epoch  27 Validation set [recall@5: 0.0446 recall@10: 0.0728 recall@20: 0.1127 ] [ndcg@5: 0.0447 ndcg@10: 0.0543 ndcg@20: 0.0672 ] 
2025-10-01 17:54:03,744 - Epoch  30 Validation set [recall@5: 0.0452 recall@10: 0.0743 recall@20: 0.1167 ] [ndcg@5: 0.0462 ndcg@10: 0.0559 ndcg@20: 0.0695 ] 
2025-10-01 17:54:14,523 - Epoch  33 Validation set [recall@5: 0.0471 recall@10: 0.0758 recall@20: 0.1195 ] [ndcg@5: 0.0471 ndcg@10: 0.0567 ndcg@20: 0.0707 ] 
2025-10-01 17:54:24,300 - Epoch  36 Validation set [recall@5: 0.0476 recall@10: 0.0774 recall@20: 0.1229 ] [ndcg@5: 0.0479 ndcg@10: 0.0579 ndcg@20: 0.0725 ] 
2025-10-01 17:54:34,225 - Epoch  39 Validation set [recall@5: 0.0492 recall@10: 0.0812 recall@20: 0.1242 ] [ndcg@5: 0.0493 ndcg@10: 0.0603 ndcg@20: 0.0741 ] 
2025-10-01 17:54:43,996 - Epoch  42 Validation set [recall@5: 0.0504 recall@10: 0.0827 recall@20: 0.1264 ] [ndcg@5: 0.0506 ndcg@10: 0.0615 ndcg@20: 0.0757 ] 
2025-10-01 17:54:54,449 - Epoch  45 Validation set [recall@5: 0.0521 recall@10: 0.0840 recall@20: 0.1293 ] [ndcg@5: 0.0518 ndcg@10: 0.0626 ndcg@20: 0.0772 ] 
2025-10-01 17:55:04,797 - Epoch  48 Validation set [recall@5: 0.0529 recall@10: 0.0840 recall@20: 0.1308 ] [ndcg@5: 0.0526 ndcg@10: 0.0631 ndcg@20: 0.0782 ] 
2025-10-01 17:55:15,304 - Epoch  51 Validation set [recall@5: 0.0521 recall@10: 0.0858 recall@20: 0.1339 ] [ndcg@5: 0.0525 ndcg@10: 0.0643 ndcg@20: 0.0798 ] 
2025-10-01 17:55:25,119 - Epoch  54 Validation set [recall@5: 0.0541 recall@10: 0.0871 recall@20: 0.1353 ] [ndcg@5: 0.0538 ndcg@10: 0.0653 ndcg@20: 0.0808 ] 
2025-10-01 17:55:35,737 - Epoch  57 Validation set [recall@5: 0.0546 recall@10: 0.0881 recall@20: 0.1368 ] [ndcg@5: 0.0541 ndcg@10: 0.0659 ndcg@20: 0.0815 ] 
2025-10-01 17:55:45,180 - Epoch  60 Validation set [recall@5: 0.0553 recall@10: 0.0903 recall@20: 0.1375 ] [ndcg@5: 0.0547 ndcg@10: 0.0671 ndcg@20: 0.0823 ] 
2025-10-01 17:55:55,075 - Epoch  63 Validation set [recall@5: 0.0571 recall@10: 0.0914 recall@20: 0.1400 ] [ndcg@5: 0.0562 ndcg@10: 0.0683 ndcg@20: 0.0840 ] 
2025-10-01 17:56:05,370 - Epoch  66 Validation set [recall@5: 0.0569 recall@10: 0.0921 recall@20: 0.1423 ] [ndcg@5: 0.0566 ndcg@10: 0.0690 ndcg@20: 0.0851 ] 
2025-10-01 17:56:16,007 - Epoch  69 Validation set [recall@5: 0.0570 recall@10: 0.0932 recall@20: 0.1447 ] [ndcg@5: 0.0571 ndcg@10: 0.0699 ndcg@20: 0.0865 ] 
2025-10-01 17:56:25,940 - Epoch  72 Validation set [recall@5: 0.0586 recall@10: 0.0942 recall@20: 0.1456 ] [ndcg@5: 0.0581 ndcg@10: 0.0705 ndcg@20: 0.0871 ] 
2025-10-01 17:56:36,040 - Epoch  75 Validation set [recall@5: 0.0597 recall@10: 0.0947 recall@20: 0.1486 ] [ndcg@5: 0.0589 ndcg@10: 0.0710 ndcg@20: 0.0884 ] 
2025-10-01 17:56:46,131 - Epoch  78 Validation set [recall@5: 0.0600 recall@10: 0.0964 recall@20: 0.1488 ] [ndcg@5: 0.0594 ndcg@10: 0.0719 ndcg@20: 0.0888 ] 
2025-10-01 17:56:56,578 - Epoch  81 Validation set [recall@5: 0.0611 recall@10: 0.0969 recall@20: 0.1490 ] [ndcg@5: 0.0602 ndcg@10: 0.0725 ndcg@20: 0.0894 ] 
2025-10-01 17:57:06,757 - Epoch  84 Validation set [recall@5: 0.0605 recall@10: 0.0977 recall@20: 0.1504 ] [ndcg@5: 0.0605 ndcg@10: 0.0733 ndcg@20: 0.0904 ] 
2025-10-01 17:57:17,437 - Epoch  87 Validation set [recall@5: 0.0618 recall@10: 0.0985 recall@20: 0.1530 ] [ndcg@5: 0.0619 ndcg@10: 0.0745 ndcg@20: 0.0921 ] 
2025-10-01 17:57:27,037 - Epoch  90 Validation set [recall@5: 0.0632 recall@10: 0.1000 recall@20: 0.1536 ] [ndcg@5: 0.0631 ndcg@10: 0.0754 ndcg@20: 0.0927 ] 
2025-10-01 17:57:36,840 - Epoch  93 Validation set [recall@5: 0.0638 recall@10: 0.1016 recall@20: 0.1558 ] [ndcg@5: 0.0637 ndcg@10: 0.0767 ndcg@20: 0.0941 ] 
2025-10-01 17:57:46,567 - Epoch  96 Validation set [recall@5: 0.0645 recall@10: 0.1031 recall@20: 0.1568 ] [ndcg@5: 0.0639 ndcg@10: 0.0773 ndcg@20: 0.0946 ] 
2025-10-01 17:57:56,773 - Epoch  99 Validation set [recall@5: 0.0650 recall@10: 0.1046 recall@20: 0.1578 ] [ndcg@5: 0.0644 ndcg@10: 0.0783 ndcg@20: 0.0954 ] 
2025-10-01 17:58:07,502 - Epoch 102 Validation set [recall@5: 0.0661 recall@10: 0.1051 recall@20: 0.1578 ] [ndcg@5: 0.0654 ndcg@10: 0.0788 ndcg@20: 0.0958 ] 
2025-10-01 17:58:17,582 - Epoch 105 Validation set [recall@5: 0.0664 recall@10: 0.1056 recall@20: 0.1583 ] [ndcg@5: 0.0660 ndcg@10: 0.0792 ndcg@20: 0.0965 ] 
2025-10-01 17:58:27,716 - Epoch 108 Validation set [recall@5: 0.0678 recall@10: 0.1061 recall@20: 0.1596 ] [ndcg@5: 0.0668 ndcg@10: 0.0798 ndcg@20: 0.0973 ] 
2025-10-01 17:58:37,583 - Epoch 111 Validation set [recall@5: 0.0688 recall@10: 0.1083 recall@20: 0.1601 ] [ndcg@5: 0.0676 ndcg@10: 0.0812 ndcg@20: 0.0981 ] 
2025-10-01 17:58:47,392 - Epoch 114 Validation set [recall@5: 0.0692 recall@10: 0.1098 recall@20: 0.1611 ] [ndcg@5: 0.0682 ndcg@10: 0.0821 ndcg@20: 0.0988 ] 
2025-10-01 17:58:56,542 - Epoch 117 Validation set [recall@5: 0.0694 recall@10: 0.1106 recall@20: 0.1622 ] [ndcg@5: 0.0686 ndcg@10: 0.0827 ndcg@20: 0.0994 ] 
2025-10-01 17:59:06,077 - Epoch 120 Validation set [recall@5: 0.0697 recall@10: 0.1116 recall@20: 0.1637 ] [ndcg@5: 0.0686 ndcg@10: 0.0831 ndcg@20: 0.1001 ] 
2025-10-01 17:59:15,042 - Epoch 123 Validation set [recall@5: 0.0707 recall@10: 0.1124 recall@20: 0.1631 ] [ndcg@5: 0.0693 ndcg@10: 0.0837 ndcg@20: 0.1002 ] 
2025-10-01 17:59:24,162 - Epoch 126 Validation set [recall@5: 0.0720 recall@10: 0.1134 recall@20: 0.1640 ] [ndcg@5: 0.0700 ndcg@10: 0.0841 ndcg@20: 0.1007 ] 
2025-10-01 17:59:33,227 - Epoch 129 Validation set [recall@5: 0.0721 recall@10: 0.1129 recall@20: 0.1653 ] [ndcg@5: 0.0700 ndcg@10: 0.0839 ndcg@20: 0.1011 ] 
2025-10-01 17:59:41,875 - Epoch 132 Validation set [recall@5: 0.0707 recall@10: 0.1128 recall@20: 0.1662 ] [ndcg@5: 0.0694 ndcg@10: 0.0839 ndcg@20: 0.1013 ] 
2025-10-01 17:59:50,256 - Epoch 135 Validation set [recall@5: 0.0724 recall@10: 0.1147 recall@20: 0.1666 ] [ndcg@5: 0.0707 ndcg@10: 0.0851 ndcg@20: 0.1020 ] 
2025-10-01 17:59:59,697 - Epoch 138 Validation set [recall@5: 0.0720 recall@10: 0.1141 recall@20: 0.1667 ] [ndcg@5: 0.0710 ndcg@10: 0.0853 ndcg@20: 0.1024 ] 
2025-10-01 18:00:09,230 - Epoch 141 Validation set [recall@5: 0.0727 recall@10: 0.1153 recall@20: 0.1685 ] [ndcg@5: 0.0715 ndcg@10: 0.0860 ndcg@20: 0.1032 ] 
2025-10-01 18:00:19,470 - Epoch 144 Validation set [recall@5: 0.0730 recall@10: 0.1154 recall@20: 0.1687 ] [ndcg@5: 0.0720 ndcg@10: 0.0863 ndcg@20: 0.1035 ] 
2025-10-01 18:00:29,057 - Epoch 147 Validation set [recall@5: 0.0732 recall@10: 0.1148 recall@20: 0.1690 ] [ndcg@5: 0.0720 ndcg@10: 0.0862 ndcg@20: 0.1038 ] 
2025-10-01 18:00:38,947 - Epoch 150 Validation set [recall@5: 0.0734 recall@10: 0.1156 recall@20: 0.1697 ] [ndcg@5: 0.0721 ndcg@10: 0.0865 ndcg@20: 0.1042 ] 
2025-10-01 18:00:47,232 - Epoch 153 Validation set [recall@5: 0.0733 recall@10: 0.1164 recall@20: 0.1696 ] [ndcg@5: 0.0721 ndcg@10: 0.0869 ndcg@20: 0.1043 ] 
2025-10-01 18:00:55,861 - Epoch 156 Validation set [recall@5: 0.0738 recall@10: 0.1166 recall@20: 0.1689 ] [ndcg@5: 0.0720 ndcg@10: 0.0868 ndcg@20: 0.1038 ] 
2025-10-01 18:01:04,559 - Epoch 159 Validation set [recall@5: 0.0741 recall@10: 0.1171 recall@20: 0.1698 ] [ndcg@5: 0.0724 ndcg@10: 0.0872 ndcg@20: 0.1044 ] 
2025-10-01 18:01:13,913 - Epoch 162 Validation set [recall@5: 0.0743 recall@10: 0.1175 recall@20: 0.1704 ] [ndcg@5: 0.0725 ndcg@10: 0.0875 ndcg@20: 0.1049 ] 
2025-10-01 18:01:22,867 - Epoch 165 Validation set [recall@5: 0.0747 recall@10: 0.1185 recall@20: 0.1714 ] [ndcg@5: 0.0729 ndcg@10: 0.0880 ndcg@20: 0.1054 ] 
2025-10-01 18:01:32,223 - Epoch 168 Validation set [recall@5: 0.0765 recall@10: 0.1175 recall@20: 0.1713 ] [ndcg@5: 0.0743 ndcg@10: 0.0883 ndcg@20: 0.1060 ] 
2025-10-01 18:01:41,111 - Epoch 171 Validation set [recall@5: 0.0757 recall@10: 0.1185 recall@20: 0.1728 ] [ndcg@5: 0.0741 ndcg@10: 0.0886 ndcg@20: 0.1065 ] 
2025-10-01 18:01:50,563 - Epoch 174 Validation set [recall@5: 0.0770 recall@10: 0.1183 recall@20: 0.1718 ] [ndcg@5: 0.0751 ndcg@10: 0.0889 ndcg@20: 0.1066 ] 
2025-10-01 18:01:59,283 - Epoch 177 Validation set [recall@5: 0.0761 recall@10: 0.1189 recall@20: 0.1725 ] [ndcg@5: 0.0748 ndcg@10: 0.0893 ndcg@20: 0.1070 ] 
2025-10-01 18:02:08,508 - Epoch 180 Validation set [recall@5: 0.0758 recall@10: 0.1189 recall@20: 0.1715 ] [ndcg@5: 0.0744 ndcg@10: 0.0891 ndcg@20: 0.1064 ] 
2025-10-01 18:02:17,381 - Epoch 183 Validation set [recall@5: 0.0757 recall@10: 0.1185 recall@20: 0.1712 ] [ndcg@5: 0.0744 ndcg@10: 0.0890 ndcg@20: 0.1064 ] 
2025-10-01 18:02:26,139 - Epoch 186 Validation set [recall@5: 0.0760 recall@10: 0.1189 recall@20: 0.1725 ] [ndcg@5: 0.0743 ndcg@10: 0.0892 ndcg@20: 0.1067 ] 
2025-10-01 18:02:27,422 - [recall@5: 0.0757 recall@10: 0.1185 recall@20: 0.1728 ] [ndcg@5: 0.0741 ndcg@10: 0.0886 ndcg@20: 0.1065 ] 
2025-10-01 18:02:28,633 - [recall@5: 0.0758 recall@10: 0.1141 recall@20: 0.1665 ] [ndcg@5: 0.0755 ndcg@10: 0.0887 ndcg@20: 0.1057 ] 
2025-10-01 18:02:28,640 - Save model parameters to ./encoder/checkpoint/lightgcn_rgcn/lightgcn_rgcn-amazon-2023.pth
2025-10-01 18:02:28,640 - Best Epoch 171. Final test result: {'recall': array([0.07578724, 0.11409217, 0.166461  ]), 'ndcg': array([0.07546066, 0.08865898, 0.10571659])}.
