2025-10-01 18:12:47,455 - {'optimizer': {'name': 'adam', 'lr': 0.001, 'weight_decay': 0}, 'train': {'epoch': 3000, 'batch_size': 4096, 'save_model': True, 'loss': 'pairwise', 'test_step': 3, 'reproducible': True, 'seed': 2023, 'patience': 5}, 'test': {'metrics': ['recall', 'ndcg'], 'k': [5, 10, 20], 'batch_size': 1024}, 'data': {'type': 'general_agcf', 'name': 'amazon', 'mat_type': 'uai', 'pre_norm': True, 'user_num': 11000, 'item_num': 9332, 'user_item_num': 20332, 'attr_num': 1978}, 'model': {'name': 'lightgcn_rgcn', 'label': 'ori', 'keep_rate': 0.9, 'embedding_size': 64, 'use_unify_layer_num': True, 'layer_num': 6, 'reg_weight': 1e-07, 'amazon': {'keep_rate': 0.9, 'layer_num': 6, 'reg_weight': 1e-07, 'eps': 0.1}, 'yelp': {'keep_rate': 0.9, 'layer_num': 3, 'reg_weight': 1e-06, 'eps': 0.1}, 'steam': {'keep_rate': 0.8, 'layer_num': 3, 'reg_weight': 1e-07, 'eps': 0.2}, 'Office': {'keep_rate': 0.9, 'layer_num': 3, 'reg_weight': 1e-06, 'eps': 0.1}}}
2025-10-01 18:12:53,216 - Epoch   0 Validation set [recall@5: 0.0083 recall@10: 0.0139 recall@20: 0.0227 ] [ndcg@5: 0.0087 ndcg@10: 0.0104 ndcg@20: 0.0132 ] 
2025-10-01 18:13:03,866 - Epoch   3 Validation set [recall@5: 0.0205 recall@10: 0.0352 recall@20: 0.0560 ] [ndcg@5: 0.0202 ndcg@10: 0.0253 ndcg@20: 0.0321 ] 
2025-10-01 18:13:13,675 - Epoch   6 Validation set [recall@5: 0.0265 recall@10: 0.0443 recall@20: 0.0734 ] [ndcg@5: 0.0262 ndcg@10: 0.0323 ndcg@20: 0.0417 ] 
2025-10-01 18:13:24,022 - Epoch   9 Validation set [recall@5: 0.0303 recall@10: 0.0509 recall@20: 0.0832 ] [ndcg@5: 0.0303 ndcg@10: 0.0372 ndcg@20: 0.0478 ] 
2025-10-01 18:13:34,039 - Epoch  12 Validation set [recall@5: 0.0333 recall@10: 0.0554 recall@20: 0.0904 ] [ndcg@5: 0.0334 ndcg@10: 0.0408 ndcg@20: 0.0523 ] 
2025-10-01 18:13:44,373 - Epoch  15 Validation set [recall@5: 0.0363 recall@10: 0.0596 recall@20: 0.0955 ] [ndcg@5: 0.0360 ndcg@10: 0.0438 ndcg@20: 0.0555 ] 
2025-10-01 18:13:54,284 - Epoch  18 Validation set [recall@5: 0.0373 recall@10: 0.0625 recall@20: 0.0992 ] [ndcg@5: 0.0377 ndcg@10: 0.0462 ndcg@20: 0.0581 ] 
2025-10-01 18:14:05,416 - Epoch  21 Validation set [recall@5: 0.0399 recall@10: 0.0647 recall@20: 0.1031 ] [ndcg@5: 0.0398 ndcg@10: 0.0482 ndcg@20: 0.0606 ] 
2025-10-01 18:14:16,068 - Epoch  24 Validation set [recall@5: 0.0418 recall@10: 0.0682 recall@20: 0.1072 ] [ndcg@5: 0.0415 ndcg@10: 0.0504 ndcg@20: 0.0631 ] 
2025-10-01 18:14:26,671 - Epoch  27 Validation set [recall@5: 0.0428 recall@10: 0.0699 recall@20: 0.1100 ] [ndcg@5: 0.0431 ndcg@10: 0.0520 ndcg@20: 0.0648 ] 
2025-10-01 18:14:37,039 - Epoch  30 Validation set [recall@5: 0.0438 recall@10: 0.0725 recall@20: 0.1141 ] [ndcg@5: 0.0445 ndcg@10: 0.0540 ndcg@20: 0.0672 ] 
2025-10-01 18:14:47,218 - Epoch  33 Validation set [recall@5: 0.0451 recall@10: 0.0733 recall@20: 0.1158 ] [ndcg@5: 0.0456 ndcg@10: 0.0548 ndcg@20: 0.0685 ] 
2025-10-01 18:14:57,863 - Epoch  36 Validation set [recall@5: 0.0464 recall@10: 0.0760 recall@20: 0.1190 ] [ndcg@5: 0.0469 ndcg@10: 0.0567 ndcg@20: 0.0705 ] 
2025-10-01 18:15:07,748 - Epoch  39 Validation set [recall@5: 0.0474 recall@10: 0.0781 recall@20: 0.1221 ] [ndcg@5: 0.0479 ndcg@10: 0.0582 ndcg@20: 0.0724 ] 
2025-10-01 18:15:18,354 - Epoch  42 Validation set [recall@5: 0.0482 recall@10: 0.0800 recall@20: 0.1240 ] [ndcg@5: 0.0490 ndcg@10: 0.0596 ndcg@20: 0.0737 ] 
2025-10-01 18:15:29,251 - Epoch  45 Validation set [recall@5: 0.0505 recall@10: 0.0812 recall@20: 0.1258 ] [ndcg@5: 0.0505 ndcg@10: 0.0607 ndcg@20: 0.0751 ] 
2025-10-01 18:15:39,923 - Epoch  48 Validation set [recall@5: 0.0504 recall@10: 0.0817 recall@20: 0.1273 ] [ndcg@5: 0.0505 ndcg@10: 0.0609 ndcg@20: 0.0757 ] 
2025-10-01 18:15:49,924 - Epoch  51 Validation set [recall@5: 0.0507 recall@10: 0.0833 recall@20: 0.1286 ] [ndcg@5: 0.0510 ndcg@10: 0.0620 ndcg@20: 0.0767 ] 
2025-10-01 18:16:00,638 - Epoch  54 Validation set [recall@5: 0.0519 recall@10: 0.0848 recall@20: 0.1313 ] [ndcg@5: 0.0515 ndcg@10: 0.0628 ndcg@20: 0.0778 ] 
2025-10-01 18:16:11,359 - Epoch  57 Validation set [recall@5: 0.0535 recall@10: 0.0864 recall@20: 0.1313 ] [ndcg@5: 0.0526 ndcg@10: 0.0639 ndcg@20: 0.0784 ] 
2025-10-01 18:16:21,615 - Epoch  60 Validation set [recall@5: 0.0537 recall@10: 0.0881 recall@20: 0.1335 ] [ndcg@5: 0.0529 ndcg@10: 0.0649 ndcg@20: 0.0797 ] 
2025-10-01 18:16:31,161 - Epoch  63 Validation set [recall@5: 0.0544 recall@10: 0.0893 recall@20: 0.1367 ] [ndcg@5: 0.0542 ndcg@10: 0.0664 ndcg@20: 0.0817 ] 
2025-10-01 18:16:41,583 - Epoch  66 Validation set [recall@5: 0.0555 recall@10: 0.0906 recall@20: 0.1394 ] [ndcg@5: 0.0551 ndcg@10: 0.0674 ndcg@20: 0.0830 ] 
2025-10-01 18:16:51,408 - Epoch  69 Validation set [recall@5: 0.0553 recall@10: 0.0915 recall@20: 0.1402 ] [ndcg@5: 0.0558 ndcg@10: 0.0686 ndcg@20: 0.0842 ] 
2025-10-01 18:17:01,768 - Epoch  72 Validation set [recall@5: 0.0561 recall@10: 0.0920 recall@20: 0.1413 ] [ndcg@5: 0.0565 ndcg@10: 0.0689 ndcg@20: 0.0848 ] 
2025-10-01 18:17:11,595 - Epoch  75 Validation set [recall@5: 0.0571 recall@10: 0.0930 recall@20: 0.1437 ] [ndcg@5: 0.0571 ndcg@10: 0.0697 ndcg@20: 0.0859 ] 
2025-10-01 18:17:21,940 - Epoch  78 Validation set [recall@5: 0.0574 recall@10: 0.0946 recall@20: 0.1442 ] [ndcg@5: 0.0572 ndcg@10: 0.0703 ndcg@20: 0.0864 ] 
2025-10-01 18:17:31,794 - Epoch  81 Validation set [recall@5: 0.0583 recall@10: 0.0960 recall@20: 0.1465 ] [ndcg@5: 0.0578 ndcg@10: 0.0711 ndcg@20: 0.0876 ] 
2025-10-01 18:17:42,021 - Epoch  84 Validation set [recall@5: 0.0589 recall@10: 0.0962 recall@20: 0.1469 ] [ndcg@5: 0.0590 ndcg@10: 0.0720 ndcg@20: 0.0884 ] 
2025-10-01 18:17:51,845 - Epoch  87 Validation set [recall@5: 0.0604 recall@10: 0.0965 recall@20: 0.1492 ] [ndcg@5: 0.0606 ndcg@10: 0.0731 ndcg@20: 0.0901 ] 
2025-10-01 18:18:02,088 - Epoch  90 Validation set [recall@5: 0.0610 recall@10: 0.0980 recall@20: 0.1495 ] [ndcg@5: 0.0611 ndcg@10: 0.0737 ndcg@20: 0.0903 ] 
2025-10-01 18:18:12,749 - Epoch  93 Validation set [recall@5: 0.0618 recall@10: 0.0983 recall@20: 0.1519 ] [ndcg@5: 0.0620 ndcg@10: 0.0744 ndcg@20: 0.0918 ] 
2025-10-01 18:18:23,699 - Epoch  96 Validation set [recall@5: 0.0627 recall@10: 0.1013 recall@20: 0.1540 ] [ndcg@5: 0.0622 ndcg@10: 0.0757 ndcg@20: 0.0927 ] 
2025-10-01 18:18:35,013 - Epoch  99 Validation set [recall@5: 0.0629 recall@10: 0.1020 recall@20: 0.1539 ] [ndcg@5: 0.0628 ndcg@10: 0.0766 ndcg@20: 0.0934 ] 
2025-10-01 18:18:45,188 - Epoch 102 Validation set [recall@5: 0.0641 recall@10: 0.1026 recall@20: 0.1540 ] [ndcg@5: 0.0635 ndcg@10: 0.0768 ndcg@20: 0.0934 ] 
2025-10-01 18:18:56,404 - Epoch 105 Validation set [recall@5: 0.0646 recall@10: 0.1022 recall@20: 0.1545 ] [ndcg@5: 0.0640 ndcg@10: 0.0768 ndcg@20: 0.0937 ] 
2025-10-01 18:19:07,170 - Epoch 108 Validation set [recall@5: 0.0643 recall@10: 0.1029 recall@20: 0.1570 ] [ndcg@5: 0.0641 ndcg@10: 0.0775 ndcg@20: 0.0949 ] 
2025-10-01 18:19:17,460 - Epoch 111 Validation set [recall@5: 0.0659 recall@10: 0.1048 recall@20: 0.1580 ] [ndcg@5: 0.0651 ndcg@10: 0.0785 ndcg@20: 0.0958 ] 
2025-10-01 18:19:27,274 - Epoch 114 Validation set [recall@5: 0.0663 recall@10: 0.1062 recall@20: 0.1595 ] [ndcg@5: 0.0663 ndcg@10: 0.0801 ndcg@20: 0.0974 ] 
2025-10-01 18:19:37,433 - Epoch 117 Validation set [recall@5: 0.0673 recall@10: 0.1088 recall@20: 0.1614 ] [ndcg@5: 0.0667 ndcg@10: 0.0810 ndcg@20: 0.0982 ] 
2025-10-01 18:19:47,289 - Epoch 120 Validation set [recall@5: 0.0670 recall@10: 0.1097 recall@20: 0.1606 ] [ndcg@5: 0.0673 ndcg@10: 0.0818 ndcg@20: 0.0983 ] 
2025-10-01 18:19:57,466 - Epoch 123 Validation set [recall@5: 0.0674 recall@10: 0.1097 recall@20: 0.1611 ] [ndcg@5: 0.0670 ndcg@10: 0.0816 ndcg@20: 0.0983 ] 
2025-10-01 18:20:07,287 - Epoch 126 Validation set [recall@5: 0.0684 recall@10: 0.1119 recall@20: 0.1622 ] [ndcg@5: 0.0675 ndcg@10: 0.0825 ndcg@20: 0.0988 ] 
2025-10-01 18:20:18,138 - Epoch 129 Validation set [recall@5: 0.0696 recall@10: 0.1123 recall@20: 0.1631 ] [ndcg@5: 0.0680 ndcg@10: 0.0828 ndcg@20: 0.0992 ] 
2025-10-01 18:20:28,368 - Epoch 132 Validation set [recall@5: 0.0685 recall@10: 0.1112 recall@20: 0.1630 ] [ndcg@5: 0.0671 ndcg@10: 0.0820 ndcg@20: 0.0987 ] 
2025-10-01 18:20:39,003 - Epoch 135 Validation set [recall@5: 0.0693 recall@10: 0.1123 recall@20: 0.1632 ] [ndcg@5: 0.0678 ndcg@10: 0.0828 ndcg@20: 0.0993 ] 
2025-10-01 18:20:49,048 - Epoch 138 Validation set [recall@5: 0.0685 recall@10: 0.1122 recall@20: 0.1645 ] [ndcg@5: 0.0677 ndcg@10: 0.0829 ndcg@20: 0.0998 ] 
2025-10-01 18:21:00,078 - Epoch 141 Validation set [recall@5: 0.0686 recall@10: 0.1122 recall@20: 0.1651 ] [ndcg@5: 0.0677 ndcg@10: 0.0830 ndcg@20: 0.0999 ] 
2025-10-01 18:21:10,682 - Epoch 144 Validation set [recall@5: 0.0710 recall@10: 0.1119 recall@20: 0.1658 ] [ndcg@5: 0.0692 ndcg@10: 0.0836 ndcg@20: 0.1010 ] 
2025-10-01 18:21:20,758 - Epoch 147 Validation set [recall@5: 0.0712 recall@10: 0.1126 recall@20: 0.1655 ] [ndcg@5: 0.0699 ndcg@10: 0.0840 ndcg@20: 0.1012 ] 
2025-10-01 18:21:31,927 - Epoch 150 Validation set [recall@5: 0.0720 recall@10: 0.1138 recall@20: 0.1666 ] [ndcg@5: 0.0701 ndcg@10: 0.0846 ndcg@20: 0.1017 ] 
2025-10-01 18:21:41,999 - Epoch 153 Validation set [recall@5: 0.0714 recall@10: 0.1139 recall@20: 0.1673 ] [ndcg@5: 0.0702 ndcg@10: 0.0849 ndcg@20: 0.1022 ] 
2025-10-01 18:21:53,165 - Epoch 156 Validation set [recall@5: 0.0708 recall@10: 0.1139 recall@20: 0.1662 ] [ndcg@5: 0.0699 ndcg@10: 0.0848 ndcg@20: 0.1019 ] 
2025-10-01 18:22:03,916 - Epoch 159 Validation set [recall@5: 0.0714 recall@10: 0.1146 recall@20: 0.1678 ] [ndcg@5: 0.0700 ndcg@10: 0.0852 ndcg@20: 0.1025 ] 
2025-10-01 18:22:14,493 - Epoch 162 Validation set [recall@5: 0.0731 recall@10: 0.1142 recall@20: 0.1681 ] [ndcg@5: 0.0709 ndcg@10: 0.0853 ndcg@20: 0.1030 ] 
2025-10-01 18:22:24,611 - Epoch 165 Validation set [recall@5: 0.0731 recall@10: 0.1147 recall@20: 0.1691 ] [ndcg@5: 0.0712 ndcg@10: 0.0857 ndcg@20: 0.1037 ] 
2025-10-01 18:22:35,157 - Epoch 168 Validation set [recall@5: 0.0738 recall@10: 0.1153 recall@20: 0.1689 ] [ndcg@5: 0.0712 ndcg@10: 0.0859 ndcg@20: 0.1035 ] 
2025-10-01 18:22:45,069 - Epoch 171 Validation set [recall@5: 0.0735 recall@10: 0.1160 recall@20: 0.1704 ] [ndcg@5: 0.0715 ndcg@10: 0.0864 ndcg@20: 0.1042 ] 
2025-10-01 18:22:55,716 - Epoch 174 Validation set [recall@5: 0.0744 recall@10: 0.1168 recall@20: 0.1703 ] [ndcg@5: 0.0727 ndcg@10: 0.0872 ndcg@20: 0.1049 ] 
2025-10-01 18:23:05,410 - Epoch 177 Validation set [recall@5: 0.0739 recall@10: 0.1164 recall@20: 0.1708 ] [ndcg@5: 0.0719 ndcg@10: 0.0866 ndcg@20: 0.1046 ] 
2025-10-01 18:23:15,865 - Epoch 180 Validation set [recall@5: 0.0737 recall@10: 0.1166 recall@20: 0.1725 ] [ndcg@5: 0.0722 ndcg@10: 0.0871 ndcg@20: 0.1053 ] 
2025-10-01 18:23:26,584 - Epoch 183 Validation set [recall@5: 0.0743 recall@10: 0.1164 recall@20: 0.1713 ] [ndcg@5: 0.0723 ndcg@10: 0.0870 ndcg@20: 0.1050 ] 
2025-10-01 18:23:37,024 - Epoch 186 Validation set [recall@5: 0.0733 recall@10: 0.1163 recall@20: 0.1714 ] [ndcg@5: 0.0719 ndcg@10: 0.0870 ndcg@20: 0.1050 ] 
2025-10-01 18:23:46,667 - Epoch 189 Validation set [recall@5: 0.0750 recall@10: 0.1177 recall@20: 0.1715 ] [ndcg@5: 0.0730 ndcg@10: 0.0878 ndcg@20: 0.1056 ] 
2025-10-01 18:23:57,111 - Epoch 192 Validation set [recall@5: 0.0740 recall@10: 0.1167 recall@20: 0.1706 ] [ndcg@5: 0.0727 ndcg@10: 0.0873 ndcg@20: 0.1051 ] 
2025-10-01 18:24:07,188 - Epoch 195 Validation set [recall@5: 0.0751 recall@10: 0.1180 recall@20: 0.1722 ] [ndcg@5: 0.0731 ndcg@10: 0.0880 ndcg@20: 0.1057 ] 
2025-10-01 18:24:08,460 - [recall@5: 0.0737 recall@10: 0.1166 recall@20: 0.1725 ] [ndcg@5: 0.0722 ndcg@10: 0.0871 ndcg@20: 0.1053 ] 
2025-10-01 18:24:09,916 - [recall@5: 0.0743 recall@10: 0.1123 recall@20: 0.1634 ] [ndcg@5: 0.0742 ndcg@10: 0.0870 ndcg@20: 0.1037 ] 
2025-10-01 18:24:09,926 - Save model parameters to ./encoder/checkpoint/lightgcn_rgcn/lightgcn_rgcn-amazon-2023.pth
2025-10-01 18:24:09,926 - Best Epoch 180. Final test result: {'recall': array([0.07434093, 0.11232051, 0.16338171]), 'ndcg': array([0.07418133, 0.08703294, 0.10373516])}.
