2025-10-02 14:09:56,929 - {'optimizer': {'name': 'adam', 'lr': 0.001, 'weight_decay': 0}, 'train': {'epoch': 3000, 'batch_size': 4096, 'save_model': True, 'loss': 'pairwise', 'test_step': 3, 'reproducible': True, 'seed': 2023, 'patience': 5}, 'test': {'metrics': ['recall', 'ndcg'], 'k': [5, 10, 20], 'batch_size': 1024}, 'data': {'type': 'general_agcf', 'name': 'Office', 'mat_type': 'uai', 'pre_norm': True, 'user_num': 6338, 'item_num': 4461, 'user_item_num': 10799, 'attr_num': 4065}, 'model': {'name': 'lightgcn_rgcn', 'label': 'ori', 'keep_rate': 0.9, 'embedding_size': 64, 'use_unify_layer_num': True, 'layer_num': 8, 'reg_weight': 5e-06, 'amazon': {'keep_rate': 0.9, 'layer_num': 3, 'reg_weight': 1e-07, 'eps': 0.1}, 'yelp': {'keep_rate': 0.9, 'layer_num': 3, 'reg_weight': 1e-06, 'eps': 0.1}, 'steam': {'keep_rate': 0.8, 'layer_num': 3, 'reg_weight': 1e-07, 'eps': 0.2}, 'Office': {'keep_rate': 0.9, 'layer_num': 8, 'reg_weight': 5e-06, 'eps': 0.1}}}
2025-10-02 14:10:01,117 - Epoch   0 Validation set [recall@5: 0.0179 recall@10: 0.0303 recall@20: 0.0482 ] [ndcg@5: 0.0146 ndcg@10: 0.0198 ndcg@20: 0.0256 ] 
2025-10-02 14:10:06,352 - Epoch   3 Validation set [recall@5: 0.0196 recall@10: 0.0305 recall@20: 0.0471 ] [ndcg@5: 0.0156 ndcg@10: 0.0200 ndcg@20: 0.0255 ] 
2025-10-02 14:10:11,427 - Epoch   6 Validation set [recall@5: 0.0198 recall@10: 0.0324 recall@20: 0.0481 ] [ndcg@5: 0.0157 ndcg@10: 0.0209 ndcg@20: 0.0260 ] 
2025-10-02 14:10:16,100 - Epoch   9 Validation set [recall@5: 0.0241 recall@10: 0.0368 recall@20: 0.0585 ] [ndcg@5: 0.0192 ndcg@10: 0.0245 ndcg@20: 0.0316 ] 
2025-10-02 14:10:21,101 - Epoch  12 Validation set [recall@5: 0.0250 recall@10: 0.0404 recall@20: 0.0627 ] [ndcg@5: 0.0201 ndcg@10: 0.0264 ndcg@20: 0.0337 ] 
2025-10-02 14:10:25,765 - Epoch  15 Validation set [recall@5: 0.0259 recall@10: 0.0418 recall@20: 0.0671 ] [ndcg@5: 0.0210 ndcg@10: 0.0274 ndcg@20: 0.0358 ] 
2025-10-02 14:10:31,191 - Epoch  18 Validation set [recall@5: 0.0264 recall@10: 0.0431 recall@20: 0.0695 ] [ndcg@5: 0.0214 ndcg@10: 0.0281 ndcg@20: 0.0368 ] 
2025-10-02 14:10:36,262 - Epoch  21 Validation set [recall@5: 0.0276 recall@10: 0.0443 recall@20: 0.0714 ] [ndcg@5: 0.0228 ndcg@10: 0.0296 ndcg@20: 0.0385 ] 
2025-10-02 14:10:41,553 - Epoch  24 Validation set [recall@5: 0.0275 recall@10: 0.0463 recall@20: 0.0742 ] [ndcg@5: 0.0227 ndcg@10: 0.0303 ndcg@20: 0.0395 ] 
2025-10-02 14:10:46,938 - Epoch  27 Validation set [recall@5: 0.0272 recall@10: 0.0467 recall@20: 0.0743 ] [ndcg@5: 0.0227 ndcg@10: 0.0305 ndcg@20: 0.0396 ] 
2025-10-02 14:10:51,593 - Epoch  30 Validation set [recall@5: 0.0288 recall@10: 0.0478 recall@20: 0.0774 ] [ndcg@5: 0.0237 ndcg@10: 0.0315 ndcg@20: 0.0412 ] 
2025-10-02 14:10:56,757 - Epoch  33 Validation set [recall@5: 0.0303 recall@10: 0.0493 recall@20: 0.0768 ] [ndcg@5: 0.0251 ndcg@10: 0.0328 ndcg@20: 0.0418 ] 
2025-10-02 14:11:01,380 - Epoch  36 Validation set [recall@5: 0.0308 recall@10: 0.0493 recall@20: 0.0771 ] [ndcg@5: 0.0253 ndcg@10: 0.0328 ndcg@20: 0.0418 ] 
2025-10-02 14:11:06,115 - Epoch  39 Validation set [recall@5: 0.0301 recall@10: 0.0499 recall@20: 0.0790 ] [ndcg@5: 0.0251 ndcg@10: 0.0330 ndcg@20: 0.0426 ] 
2025-10-02 14:11:11,737 - Epoch  42 Validation set [recall@5: 0.0295 recall@10: 0.0500 recall@20: 0.0784 ] [ndcg@5: 0.0249 ndcg@10: 0.0332 ndcg@20: 0.0425 ] 
2025-10-02 14:11:17,063 - Epoch  45 Validation set [recall@5: 0.0316 recall@10: 0.0497 recall@20: 0.0808 ] [ndcg@5: 0.0259 ndcg@10: 0.0332 ndcg@20: 0.0434 ] 
2025-10-02 14:11:22,689 - Epoch  48 Validation set [recall@5: 0.0316 recall@10: 0.0508 recall@20: 0.0800 ] [ndcg@5: 0.0263 ndcg@10: 0.0341 ndcg@20: 0.0437 ] 
2025-10-02 14:11:28,180 - Epoch  51 Validation set [recall@5: 0.0315 recall@10: 0.0494 recall@20: 0.0794 ] [ndcg@5: 0.0262 ndcg@10: 0.0334 ndcg@20: 0.0434 ] 
2025-10-02 14:11:33,425 - Epoch  54 Validation set [recall@5: 0.0306 recall@10: 0.0505 recall@20: 0.0807 ] [ndcg@5: 0.0257 ndcg@10: 0.0337 ndcg@20: 0.0437 ] 
2025-10-02 14:11:38,672 - Epoch  57 Validation set [recall@5: 0.0318 recall@10: 0.0518 recall@20: 0.0811 ] [ndcg@5: 0.0266 ndcg@10: 0.0347 ndcg@20: 0.0444 ] 
2025-10-02 14:11:43,958 - Epoch  60 Validation set [recall@5: 0.0318 recall@10: 0.0519 recall@20: 0.0821 ] [ndcg@5: 0.0260 ndcg@10: 0.0341 ndcg@20: 0.0441 ] 
2025-10-02 14:11:49,709 - Epoch  63 Validation set [recall@5: 0.0316 recall@10: 0.0522 recall@20: 0.0848 ] [ndcg@5: 0.0270 ndcg@10: 0.0352 ndcg@20: 0.0459 ] 
2025-10-02 14:11:54,977 - Epoch  66 Validation set [recall@5: 0.0327 recall@10: 0.0514 recall@20: 0.0831 ] [ndcg@5: 0.0271 ndcg@10: 0.0346 ndcg@20: 0.0450 ] 
2025-10-02 14:12:00,686 - Epoch  69 Validation set [recall@5: 0.0329 recall@10: 0.0535 recall@20: 0.0844 ] [ndcg@5: 0.0276 ndcg@10: 0.0360 ndcg@20: 0.0462 ] 
2025-10-02 14:12:06,093 - Epoch  72 Validation set [recall@5: 0.0326 recall@10: 0.0545 recall@20: 0.0868 ] [ndcg@5: 0.0275 ndcg@10: 0.0364 ndcg@20: 0.0470 ] 
2025-10-02 14:12:11,571 - Epoch  75 Validation set [recall@5: 0.0332 recall@10: 0.0540 recall@20: 0.0865 ] [ndcg@5: 0.0282 ndcg@10: 0.0366 ndcg@20: 0.0473 ] 
2025-10-02 14:12:17,146 - Epoch  78 Validation set [recall@5: 0.0327 recall@10: 0.0536 recall@20: 0.0858 ] [ndcg@5: 0.0279 ndcg@10: 0.0363 ndcg@20: 0.0469 ] 
2025-10-02 14:12:22,779 - Epoch  81 Validation set [recall@5: 0.0329 recall@10: 0.0547 recall@20: 0.0866 ] [ndcg@5: 0.0277 ndcg@10: 0.0366 ndcg@20: 0.0471 ] 
2025-10-02 14:12:28,057 - Epoch  84 Validation set [recall@5: 0.0335 recall@10: 0.0547 recall@20: 0.0876 ] [ndcg@5: 0.0280 ndcg@10: 0.0366 ndcg@20: 0.0474 ] 
2025-10-02 14:12:33,851 - Epoch  87 Validation set [recall@5: 0.0339 recall@10: 0.0549 recall@20: 0.0872 ] [ndcg@5: 0.0283 ndcg@10: 0.0369 ndcg@20: 0.0476 ] 
2025-10-02 14:12:39,032 - Epoch  90 Validation set [recall@5: 0.0338 recall@10: 0.0552 recall@20: 0.0865 ] [ndcg@5: 0.0283 ndcg@10: 0.0370 ndcg@20: 0.0474 ] 
2025-10-02 14:12:44,442 - Epoch  93 Validation set [recall@5: 0.0336 recall@10: 0.0560 recall@20: 0.0874 ] [ndcg@5: 0.0289 ndcg@10: 0.0380 ndcg@20: 0.0484 ] 
2025-10-02 14:12:49,873 - Epoch  96 Validation set [recall@5: 0.0327 recall@10: 0.0556 recall@20: 0.0874 ] [ndcg@5: 0.0276 ndcg@10: 0.0369 ndcg@20: 0.0474 ] 
2025-10-02 14:12:55,448 - Epoch  99 Validation set [recall@5: 0.0345 recall@10: 0.0557 recall@20: 0.0887 ] [ndcg@5: 0.0290 ndcg@10: 0.0376 ndcg@20: 0.0486 ] 
2025-10-02 14:13:00,992 - Epoch 102 Validation set [recall@5: 0.0337 recall@10: 0.0563 recall@20: 0.0903 ] [ndcg@5: 0.0288 ndcg@10: 0.0380 ndcg@20: 0.0492 ] 
2025-10-02 14:13:06,297 - Epoch 105 Validation set [recall@5: 0.0353 recall@10: 0.0570 recall@20: 0.0877 ] [ndcg@5: 0.0299 ndcg@10: 0.0386 ndcg@20: 0.0488 ] 
2025-10-02 14:13:12,027 - Epoch 108 Validation set [recall@5: 0.0341 recall@10: 0.0570 recall@20: 0.0885 ] [ndcg@5: 0.0291 ndcg@10: 0.0384 ndcg@20: 0.0488 ] 
2025-10-02 14:13:17,689 - Epoch 111 Validation set [recall@5: 0.0347 recall@10: 0.0569 recall@20: 0.0881 ] [ndcg@5: 0.0294 ndcg@10: 0.0383 ndcg@20: 0.0486 ] 
2025-10-02 14:13:23,398 - Epoch 114 Validation set [recall@5: 0.0343 recall@10: 0.0565 recall@20: 0.0896 ] [ndcg@5: 0.0291 ndcg@10: 0.0381 ndcg@20: 0.0489 ] 
2025-10-02 14:13:28,419 - Epoch 117 Validation set [recall@5: 0.0349 recall@10: 0.0564 recall@20: 0.0904 ] [ndcg@5: 0.0294 ndcg@10: 0.0381 ndcg@20: 0.0493 ] 
2025-10-02 14:13:34,000 - Epoch 120 Validation set [recall@5: 0.0345 recall@10: 0.0571 recall@20: 0.0870 ] [ndcg@5: 0.0290 ndcg@10: 0.0380 ndcg@20: 0.0479 ] 
2025-10-02 14:13:39,686 - Epoch 123 Validation set [recall@5: 0.0355 recall@10: 0.0570 recall@20: 0.0902 ] [ndcg@5: 0.0304 ndcg@10: 0.0390 ndcg@20: 0.0499 ] 
2025-10-02 14:13:45,281 - Epoch 126 Validation set [recall@5: 0.0335 recall@10: 0.0579 recall@20: 0.0907 ] [ndcg@5: 0.0293 ndcg@10: 0.0391 ndcg@20: 0.0499 ] 
2025-10-02 14:13:50,553 - Epoch 129 Validation set [recall@5: 0.0355 recall@10: 0.0582 recall@20: 0.0911 ] [ndcg@5: 0.0302 ndcg@10: 0.0394 ndcg@20: 0.0503 ] 
2025-10-02 14:13:56,000 - Epoch 132 Validation set [recall@5: 0.0344 recall@10: 0.0581 recall@20: 0.0918 ] [ndcg@5: 0.0299 ndcg@10: 0.0393 ndcg@20: 0.0504 ] 
2025-10-02 14:14:01,725 - Epoch 135 Validation set [recall@5: 0.0358 recall@10: 0.0581 recall@20: 0.0915 ] [ndcg@5: 0.0300 ndcg@10: 0.0389 ndcg@20: 0.0500 ] 
2025-10-02 14:14:06,893 - Epoch 138 Validation set [recall@5: 0.0362 recall@10: 0.0582 recall@20: 0.0919 ] [ndcg@5: 0.0303 ndcg@10: 0.0391 ndcg@20: 0.0502 ] 
2025-10-02 14:14:11,906 - Epoch 141 Validation set [recall@5: 0.0361 recall@10: 0.0601 recall@20: 0.0916 ] [ndcg@5: 0.0305 ndcg@10: 0.0401 ndcg@20: 0.0505 ] 
2025-10-02 14:14:16,937 - Epoch 144 Validation set [recall@5: 0.0366 recall@10: 0.0586 recall@20: 0.0924 ] [ndcg@5: 0.0305 ndcg@10: 0.0393 ndcg@20: 0.0505 ] 
2025-10-02 14:14:21,716 - Epoch 147 Validation set [recall@5: 0.0366 recall@10: 0.0592 recall@20: 0.0938 ] [ndcg@5: 0.0306 ndcg@10: 0.0397 ndcg@20: 0.0511 ] 
2025-10-02 14:14:26,898 - Epoch 150 Validation set [recall@5: 0.0365 recall@10: 0.0594 recall@20: 0.0928 ] [ndcg@5: 0.0306 ndcg@10: 0.0398 ndcg@20: 0.0508 ] 
2025-10-02 14:14:31,511 - Epoch 153 Validation set [recall@5: 0.0362 recall@10: 0.0605 recall@20: 0.0926 ] [ndcg@5: 0.0306 ndcg@10: 0.0404 ndcg@20: 0.0510 ] 
2025-10-02 14:14:36,462 - Epoch 156 Validation set [recall@5: 0.0364 recall@10: 0.0579 recall@20: 0.0943 ] [ndcg@5: 0.0305 ndcg@10: 0.0391 ndcg@20: 0.0512 ] 
2025-10-02 14:14:41,124 - Epoch 159 Validation set [recall@5: 0.0356 recall@10: 0.0593 recall@20: 0.0926 ] [ndcg@5: 0.0305 ndcg@10: 0.0401 ndcg@20: 0.0510 ] 
2025-10-02 14:14:46,534 - Epoch 162 Validation set [recall@5: 0.0356 recall@10: 0.0589 recall@20: 0.0945 ] [ndcg@5: 0.0301 ndcg@10: 0.0394 ndcg@20: 0.0511 ] 
2025-10-02 14:14:51,697 - Epoch 165 Validation set [recall@5: 0.0362 recall@10: 0.0598 recall@20: 0.0941 ] [ndcg@5: 0.0303 ndcg@10: 0.0398 ndcg@20: 0.0510 ] 
2025-10-02 14:14:57,431 - Epoch 168 Validation set [recall@5: 0.0363 recall@10: 0.0594 recall@20: 0.0932 ] [ndcg@5: 0.0309 ndcg@10: 0.0402 ndcg@20: 0.0514 ] 
2025-10-02 14:15:02,554 - Epoch 171 Validation set [recall@5: 0.0367 recall@10: 0.0596 recall@20: 0.0940 ] [ndcg@5: 0.0311 ndcg@10: 0.0402 ndcg@20: 0.0515 ] 
2025-10-02 14:15:07,188 - Epoch 174 Validation set [recall@5: 0.0360 recall@10: 0.0593 recall@20: 0.0931 ] [ndcg@5: 0.0309 ndcg@10: 0.0403 ndcg@20: 0.0514 ] 
2025-10-02 14:15:12,435 - Epoch 177 Validation set [recall@5: 0.0367 recall@10: 0.0612 recall@20: 0.0940 ] [ndcg@5: 0.0310 ndcg@10: 0.0408 ndcg@20: 0.0516 ] 
2025-10-02 14:15:13,600 - [recall@5: 0.0356 recall@10: 0.0589 recall@20: 0.0945 ] [ndcg@5: 0.0301 ndcg@10: 0.0394 ndcg@20: 0.0511 ] 
2025-10-02 14:15:14,806 - [recall@5: 0.0328 recall@10: 0.0543 recall@20: 0.0869 ] [ndcg@5: 0.0316 ndcg@10: 0.0409 ndcg@20: 0.0527 ] 
2025-10-02 14:15:14,814 - Save model parameters to ./encoder/checkpoint/lightgcn_rgcn/lightgcn_rgcn-Office-2023.pth
2025-10-02 14:15:14,814 - Best Epoch 162. Final test result: {'recall': array([0.03282988, 0.0543322 , 0.08691109]), 'ndcg': array([0.0315648 , 0.04093779, 0.05273577])}.
