2025-10-02 13:56:15,491 - {'optimizer': {'name': 'adam', 'lr': 0.001, 'weight_decay': 0}, 'train': {'epoch': 3000, 'batch_size': 4096, 'save_model': True, 'loss': 'pairwise', 'test_step': 3, 'reproducible': True, 'seed': 2023, 'patience': 5}, 'test': {'metrics': ['recall', 'ndcg'], 'k': [5, 10, 20], 'batch_size': 1024}, 'data': {'type': 'general_agcf', 'name': 'Office', 'mat_type': 'uai', 'pre_norm': True, 'user_num': 6338, 'item_num': 4461, 'user_item_num': 10799, 'attr_num': 4065}, 'model': {'name': 'lightgcn_rgcn', 'label': 'ori', 'keep_rate': 0.9, 'embedding_size': 64, 'use_unify_layer_num': True, 'layer_num': 4, 'reg_weight': 5e-06, 'amazon': {'keep_rate': 0.9, 'layer_num': 3, 'reg_weight': 1e-07, 'eps': 0.1}, 'yelp': {'keep_rate': 0.9, 'layer_num': 3, 'reg_weight': 1e-06, 'eps': 0.1}, 'steam': {'keep_rate': 0.8, 'layer_num': 3, 'reg_weight': 1e-07, 'eps': 0.2}, 'Office': {'keep_rate': 0.9, 'layer_num': 4, 'reg_weight': 5e-06, 'eps': 0.1}}}
2025-10-02 13:56:19,718 - Epoch   0 Validation set [recall@5: 0.0110 recall@10: 0.0171 recall@20: 0.0262 ] [ndcg@5: 0.0093 ndcg@10: 0.0117 ndcg@20: 0.0148 ] 
2025-10-02 13:56:24,807 - Epoch   3 Validation set [recall@5: 0.0198 recall@10: 0.0323 recall@20: 0.0502 ] [ndcg@5: 0.0156 ndcg@10: 0.0207 ndcg@20: 0.0265 ] 
2025-10-02 13:56:29,163 - Epoch   6 Validation set [recall@5: 0.0241 recall@10: 0.0386 recall@20: 0.0601 ] [ndcg@5: 0.0193 ndcg@10: 0.0253 ndcg@20: 0.0323 ] 
2025-10-02 13:56:33,937 - Epoch   9 Validation set [recall@5: 0.0256 recall@10: 0.0409 recall@20: 0.0649 ] [ndcg@5: 0.0208 ndcg@10: 0.0271 ndcg@20: 0.0350 ] 
2025-10-02 13:56:38,823 - Epoch  12 Validation set [recall@5: 0.0270 recall@10: 0.0426 recall@20: 0.0698 ] [ndcg@5: 0.0222 ndcg@10: 0.0286 ndcg@20: 0.0377 ] 
2025-10-02 13:56:43,356 - Epoch  15 Validation set [recall@5: 0.0279 recall@10: 0.0458 recall@20: 0.0741 ] [ndcg@5: 0.0227 ndcg@10: 0.0300 ndcg@20: 0.0394 ] 
2025-10-02 13:56:47,584 - Epoch  18 Validation set [recall@5: 0.0294 recall@10: 0.0485 recall@20: 0.0777 ] [ndcg@5: 0.0242 ndcg@10: 0.0320 ndcg@20: 0.0417 ] 
2025-10-02 13:56:51,848 - Epoch  21 Validation set [recall@5: 0.0298 recall@10: 0.0511 recall@20: 0.0803 ] [ndcg@5: 0.0251 ndcg@10: 0.0338 ndcg@20: 0.0435 ] 
2025-10-02 13:56:55,845 - Epoch  24 Validation set [recall@5: 0.0297 recall@10: 0.0520 recall@20: 0.0829 ] [ndcg@5: 0.0253 ndcg@10: 0.0344 ndcg@20: 0.0446 ] 
2025-10-02 13:57:00,059 - Epoch  27 Validation set [recall@5: 0.0313 recall@10: 0.0532 recall@20: 0.0838 ] [ndcg@5: 0.0264 ndcg@10: 0.0352 ndcg@20: 0.0453 ] 
2025-10-02 13:57:04,050 - Epoch  30 Validation set [recall@5: 0.0315 recall@10: 0.0529 recall@20: 0.0847 ] [ndcg@5: 0.0265 ndcg@10: 0.0351 ndcg@20: 0.0456 ] 
2025-10-02 13:57:08,463 - Epoch  33 Validation set [recall@5: 0.0323 recall@10: 0.0536 recall@20: 0.0852 ] [ndcg@5: 0.0275 ndcg@10: 0.0361 ndcg@20: 0.0466 ] 
2025-10-02 13:57:12,480 - Epoch  36 Validation set [recall@5: 0.0329 recall@10: 0.0551 recall@20: 0.0870 ] [ndcg@5: 0.0277 ndcg@10: 0.0367 ndcg@20: 0.0472 ] 
2025-10-02 13:57:16,733 - Epoch  39 Validation set [recall@5: 0.0326 recall@10: 0.0555 recall@20: 0.0877 ] [ndcg@5: 0.0273 ndcg@10: 0.0365 ndcg@20: 0.0472 ] 
2025-10-02 13:57:21,522 - Epoch  42 Validation set [recall@5: 0.0332 recall@10: 0.0557 recall@20: 0.0890 ] [ndcg@5: 0.0279 ndcg@10: 0.0370 ndcg@20: 0.0480 ] 
2025-10-02 13:57:25,440 - Epoch  45 Validation set [recall@5: 0.0337 recall@10: 0.0567 recall@20: 0.0907 ] [ndcg@5: 0.0285 ndcg@10: 0.0378 ndcg@20: 0.0490 ] 
2025-10-02 13:57:30,044 - Epoch  48 Validation set [recall@5: 0.0343 recall@10: 0.0571 recall@20: 0.0911 ] [ndcg@5: 0.0292 ndcg@10: 0.0383 ndcg@20: 0.0496 ] 
2025-10-02 13:57:34,712 - Epoch  51 Validation set [recall@5: 0.0348 recall@10: 0.0578 recall@20: 0.0903 ] [ndcg@5: 0.0294 ndcg@10: 0.0387 ndcg@20: 0.0494 ] 
2025-10-02 13:57:39,469 - Epoch  54 Validation set [recall@5: 0.0352 recall@10: 0.0585 recall@20: 0.0922 ] [ndcg@5: 0.0296 ndcg@10: 0.0390 ndcg@20: 0.0500 ] 
2025-10-02 13:57:43,713 - Epoch  57 Validation set [recall@5: 0.0352 recall@10: 0.0583 recall@20: 0.0913 ] [ndcg@5: 0.0298 ndcg@10: 0.0392 ndcg@20: 0.0501 ] 
2025-10-02 13:57:47,838 - Epoch  60 Validation set [recall@5: 0.0356 recall@10: 0.0597 recall@20: 0.0929 ] [ndcg@5: 0.0299 ndcg@10: 0.0395 ndcg@20: 0.0504 ] 
2025-10-02 13:57:52,293 - Epoch  63 Validation set [recall@5: 0.0353 recall@10: 0.0593 recall@20: 0.0941 ] [ndcg@5: 0.0298 ndcg@10: 0.0395 ndcg@20: 0.0510 ] 
2025-10-02 13:57:56,682 - Epoch  66 Validation set [recall@5: 0.0360 recall@10: 0.0608 recall@20: 0.0942 ] [ndcg@5: 0.0304 ndcg@10: 0.0404 ndcg@20: 0.0515 ] 
2025-10-02 13:58:01,078 - Epoch  69 Validation set [recall@5: 0.0358 recall@10: 0.0605 recall@20: 0.0954 ] [ndcg@5: 0.0302 ndcg@10: 0.0403 ndcg@20: 0.0519 ] 
2025-10-02 13:58:05,755 - Epoch  72 Validation set [recall@5: 0.0363 recall@10: 0.0606 recall@20: 0.0942 ] [ndcg@5: 0.0309 ndcg@10: 0.0408 ndcg@20: 0.0519 ] 
2025-10-02 13:58:09,851 - Epoch  75 Validation set [recall@5: 0.0372 recall@10: 0.0608 recall@20: 0.0958 ] [ndcg@5: 0.0317 ndcg@10: 0.0413 ndcg@20: 0.0529 ] 
2025-10-02 13:58:14,685 - Epoch  78 Validation set [recall@5: 0.0370 recall@10: 0.0618 recall@20: 0.0963 ] [ndcg@5: 0.0315 ndcg@10: 0.0415 ndcg@20: 0.0529 ] 
2025-10-02 13:58:18,615 - Epoch  81 Validation set [recall@5: 0.0377 recall@10: 0.0614 recall@20: 0.0973 ] [ndcg@5: 0.0321 ndcg@10: 0.0416 ndcg@20: 0.0535 ] 
2025-10-02 13:58:23,015 - Epoch  84 Validation set [recall@5: 0.0368 recall@10: 0.0610 recall@20: 0.0970 ] [ndcg@5: 0.0313 ndcg@10: 0.0411 ndcg@20: 0.0530 ] 
2025-10-02 13:58:27,368 - Epoch  87 Validation set [recall@5: 0.0368 recall@10: 0.0608 recall@20: 0.0971 ] [ndcg@5: 0.0315 ndcg@10: 0.0413 ndcg@20: 0.0535 ] 
2025-10-02 13:58:32,228 - Epoch  90 Validation set [recall@5: 0.0368 recall@10: 0.0612 recall@20: 0.0977 ] [ndcg@5: 0.0315 ndcg@10: 0.0414 ndcg@20: 0.0536 ] 
2025-10-02 13:58:36,904 - Epoch  93 Validation set [recall@5: 0.0368 recall@10: 0.0610 recall@20: 0.0969 ] [ndcg@5: 0.0318 ndcg@10: 0.0416 ndcg@20: 0.0536 ] 
2025-10-02 13:58:41,388 - Epoch  96 Validation set [recall@5: 0.0369 recall@10: 0.0624 recall@20: 0.0981 ] [ndcg@5: 0.0318 ndcg@10: 0.0421 ndcg@20: 0.0539 ] 
2025-10-02 13:58:45,594 - Epoch  99 Validation set [recall@5: 0.0377 recall@10: 0.0624 recall@20: 0.0982 ] [ndcg@5: 0.0322 ndcg@10: 0.0423 ndcg@20: 0.0542 ] 
2025-10-02 13:58:49,878 - Epoch 102 Validation set [recall@5: 0.0373 recall@10: 0.0628 recall@20: 0.0978 ] [ndcg@5: 0.0321 ndcg@10: 0.0425 ndcg@20: 0.0540 ] 
2025-10-02 13:58:54,241 - Epoch 105 Validation set [recall@5: 0.0380 recall@10: 0.0629 recall@20: 0.0981 ] [ndcg@5: 0.0323 ndcg@10: 0.0425 ndcg@20: 0.0540 ] 
2025-10-02 13:58:58,284 - Epoch 108 Validation set [recall@5: 0.0382 recall@10: 0.0622 recall@20: 0.0981 ] [ndcg@5: 0.0324 ndcg@10: 0.0423 ndcg@20: 0.0541 ] 
2025-10-02 13:59:02,795 - Epoch 111 Validation set [recall@5: 0.0380 recall@10: 0.0622 recall@20: 0.0985 ] [ndcg@5: 0.0323 ndcg@10: 0.0422 ndcg@20: 0.0542 ] 
2025-10-02 13:59:07,172 - Epoch 114 Validation set [recall@5: 0.0378 recall@10: 0.0624 recall@20: 0.0983 ] [ndcg@5: 0.0324 ndcg@10: 0.0425 ndcg@20: 0.0544 ] 
2025-10-02 13:59:12,155 - Epoch 117 Validation set [recall@5: 0.0386 recall@10: 0.0628 recall@20: 0.0998 ] [ndcg@5: 0.0327 ndcg@10: 0.0426 ndcg@20: 0.0547 ] 
2025-10-02 13:59:16,804 - Epoch 120 Validation set [recall@5: 0.0387 recall@10: 0.0633 recall@20: 0.0984 ] [ndcg@5: 0.0329 ndcg@10: 0.0429 ndcg@20: 0.0545 ] 
2025-10-02 13:59:21,826 - Epoch 123 Validation set [recall@5: 0.0396 recall@10: 0.0627 recall@20: 0.0982 ] [ndcg@5: 0.0335 ndcg@10: 0.0430 ndcg@20: 0.0547 ] 
2025-10-02 13:59:26,331 - Epoch 126 Validation set [recall@5: 0.0396 recall@10: 0.0628 recall@20: 0.0989 ] [ndcg@5: 0.0338 ndcg@10: 0.0432 ndcg@20: 0.0551 ] 
2025-10-02 13:59:30,721 - Epoch 129 Validation set [recall@5: 0.0399 recall@10: 0.0628 recall@20: 0.0997 ] [ndcg@5: 0.0341 ndcg@10: 0.0433 ndcg@20: 0.0555 ] 
2025-10-02 13:59:35,095 - Epoch 132 Validation set [recall@5: 0.0393 recall@10: 0.0624 recall@20: 0.0988 ] [ndcg@5: 0.0336 ndcg@10: 0.0429 ndcg@20: 0.0550 ] 
2025-10-02 13:59:36,171 - [recall@5: 0.0386 recall@10: 0.0628 recall@20: 0.0998 ] [ndcg@5: 0.0327 ndcg@10: 0.0426 ndcg@20: 0.0547 ] 
2025-10-02 13:59:37,291 - [recall@5: 0.0359 recall@10: 0.0595 recall@20: 0.0940 ] [ndcg@5: 0.0345 ndcg@10: 0.0447 ndcg@20: 0.0574 ] 
2025-10-02 13:59:37,299 - Save model parameters to ./encoder/checkpoint/lightgcn_rgcn/lightgcn_rgcn-Office-2023.pth
2025-10-02 13:59:37,299 - Best Epoch 117. Final test result: {'recall': array([0.03588662, 0.05954885, 0.09400109]), 'ndcg': array([0.03446076, 0.04472148, 0.05737282])}.
