2025-09-29 18:58:21,980 - {'optimizer': {'name': 'adam', 'lr': 0.001, 'weight_decay': 0}, 'train': {'epoch': 3000, 'batch_size': 4096, 'save_model': True, 'loss': 'pairwise', 'test_step': 3, 'reproducible': True, 'seed': 2023, 'patience': 5}, 'test': {'metrics': ['recall', 'ndcg'], 'k': [5, 10, 20], 'batch_size': 1024}, 'data': {'type': 'general_agcf', 'name': 'Office', 'mat_type': 'uai', 'pre_norm': True, 'user_num': 6338, 'item_num': 4461, 'user_item_num': 10799, 'attr_num': 4065}, 'model': {'name': 'lightgcn_rgcn', 'label': 'ori', 'keep_rate': 0.9, 'embedding_size': 64, 'use_unify_layer_num': True, 'layer_num': 3, 'reg_weight': 1e-06, 'amazon': {'keep_rate': 0.8, 'layer_num': 3, 'reg_weight': 1e-07, 'eps': 0.1}, 'yelp': {'keep_rate': 0.8, 'layer_num': 3, 'reg_weight': 1e-07, 'eps': 0.1}, 'steam': {'keep_rate': 0.8, 'layer_num': 3, 'reg_weight': 1e-07, 'eps': 0.2}, 'Office': {'keep_rate': 0.9, 'layer_num': 3, 'reg_weight': 1e-06, 'eps': 0.1}}}
2025-09-29 18:58:24,531 - Epoch   0 Validation set [recall@5: 0.0066 recall@10: 0.0110 recall@20: 0.0181 ] [ndcg@5: 0.0055 ndcg@10: 0.0073 ndcg@20: 0.0096 ] 
2025-09-29 18:58:27,305 - Epoch   3 Validation set [recall@5: 0.0180 recall@10: 0.0314 recall@20: 0.0501 ] [ndcg@5: 0.0146 ndcg@10: 0.0202 ndcg@20: 0.0263 ] 
2025-09-29 18:58:30,320 - Epoch   6 Validation set [recall@5: 0.0238 recall@10: 0.0383 recall@20: 0.0599 ] [ndcg@5: 0.0192 ndcg@10: 0.0251 ndcg@20: 0.0321 ] 
2025-09-29 18:58:33,555 - Epoch   9 Validation set [recall@5: 0.0259 recall@10: 0.0413 recall@20: 0.0664 ] [ndcg@5: 0.0212 ndcg@10: 0.0275 ndcg@20: 0.0358 ] 
2025-09-29 18:58:36,653 - Epoch  12 Validation set [recall@5: 0.0271 recall@10: 0.0450 recall@20: 0.0712 ] [ndcg@5: 0.0222 ndcg@10: 0.0295 ndcg@20: 0.0382 ] 
2025-09-29 18:58:39,962 - Epoch  15 Validation set [recall@5: 0.0285 recall@10: 0.0463 recall@20: 0.0750 ] [ndcg@5: 0.0234 ndcg@10: 0.0308 ndcg@20: 0.0402 ] 
2025-09-29 18:58:43,321 - Epoch  18 Validation set [recall@5: 0.0289 recall@10: 0.0492 recall@20: 0.0798 ] [ndcg@5: 0.0241 ndcg@10: 0.0323 ndcg@20: 0.0424 ] 
2025-09-29 18:58:46,700 - Epoch  21 Validation set [recall@5: 0.0306 recall@10: 0.0520 recall@20: 0.0810 ] [ndcg@5: 0.0258 ndcg@10: 0.0344 ndcg@20: 0.0440 ] 
2025-09-29 18:58:49,942 - Epoch  24 Validation set [recall@5: 0.0313 recall@10: 0.0533 recall@20: 0.0832 ] [ndcg@5: 0.0264 ndcg@10: 0.0353 ndcg@20: 0.0452 ] 
2025-09-29 18:58:53,204 - Epoch  27 Validation set [recall@5: 0.0316 recall@10: 0.0539 recall@20: 0.0850 ] [ndcg@5: 0.0268 ndcg@10: 0.0358 ndcg@20: 0.0461 ] 
2025-09-29 18:58:56,535 - Epoch  30 Validation set [recall@5: 0.0310 recall@10: 0.0546 recall@20: 0.0865 ] [ndcg@5: 0.0267 ndcg@10: 0.0363 ndcg@20: 0.0468 ] 
2025-09-29 18:58:59,538 - Epoch  33 Validation set [recall@5: 0.0322 recall@10: 0.0556 recall@20: 0.0878 ] [ndcg@5: 0.0280 ndcg@10: 0.0375 ndcg@20: 0.0482 ] 
2025-09-29 18:59:02,792 - Epoch  36 Validation set [recall@5: 0.0341 recall@10: 0.0571 recall@20: 0.0893 ] [ndcg@5: 0.0292 ndcg@10: 0.0384 ndcg@20: 0.0490 ] 
2025-09-29 18:59:06,120 - Epoch  39 Validation set [recall@5: 0.0345 recall@10: 0.0562 recall@20: 0.0901 ] [ndcg@5: 0.0293 ndcg@10: 0.0380 ndcg@20: 0.0493 ] 
2025-09-29 18:59:09,459 - Epoch  42 Validation set [recall@5: 0.0344 recall@10: 0.0569 recall@20: 0.0911 ] [ndcg@5: 0.0294 ndcg@10: 0.0385 ndcg@20: 0.0499 ] 
2025-09-29 18:59:12,774 - Epoch  45 Validation set [recall@5: 0.0346 recall@10: 0.0570 recall@20: 0.0932 ] [ndcg@5: 0.0297 ndcg@10: 0.0387 ndcg@20: 0.0507 ] 
2025-09-29 18:59:16,044 - Epoch  48 Validation set [recall@5: 0.0351 recall@10: 0.0596 recall@20: 0.0933 ] [ndcg@5: 0.0299 ndcg@10: 0.0398 ndcg@20: 0.0510 ] 
2025-09-29 18:59:19,350 - Epoch  51 Validation set [recall@5: 0.0353 recall@10: 0.0591 recall@20: 0.0932 ] [ndcg@5: 0.0304 ndcg@10: 0.0399 ndcg@20: 0.0513 ] 
2025-09-29 18:59:22,400 - Epoch  54 Validation set [recall@5: 0.0361 recall@10: 0.0602 recall@20: 0.0937 ] [ndcg@5: 0.0306 ndcg@10: 0.0403 ndcg@20: 0.0514 ] 
2025-09-29 18:59:25,702 - Epoch  57 Validation set [recall@5: 0.0365 recall@10: 0.0615 recall@20: 0.0945 ] [ndcg@5: 0.0309 ndcg@10: 0.0408 ndcg@20: 0.0518 ] 
2025-09-29 18:59:28,972 - Epoch  60 Validation set [recall@5: 0.0367 recall@10: 0.0610 recall@20: 0.0944 ] [ndcg@5: 0.0309 ndcg@10: 0.0406 ndcg@20: 0.0517 ] 
2025-09-29 18:59:32,260 - Epoch  63 Validation set [recall@5: 0.0367 recall@10: 0.0615 recall@20: 0.0952 ] [ndcg@5: 0.0313 ndcg@10: 0.0413 ndcg@20: 0.0525 ] 
2025-09-29 18:59:35,518 - Epoch  66 Validation set [recall@5: 0.0370 recall@10: 0.0621 recall@20: 0.0965 ] [ndcg@5: 0.0313 ndcg@10: 0.0414 ndcg@20: 0.0529 ] 
2025-09-29 18:59:38,884 - Epoch  69 Validation set [recall@5: 0.0373 recall@10: 0.0628 recall@20: 0.0969 ] [ndcg@5: 0.0317 ndcg@10: 0.0420 ndcg@20: 0.0533 ] 
2025-09-29 18:59:41,990 - Epoch  72 Validation set [recall@5: 0.0379 recall@10: 0.0626 recall@20: 0.0972 ] [ndcg@5: 0.0321 ndcg@10: 0.0421 ndcg@20: 0.0536 ] 
2025-09-29 18:59:45,214 - Epoch  75 Validation set [recall@5: 0.0374 recall@10: 0.0630 recall@20: 0.0975 ] [ndcg@5: 0.0325 ndcg@10: 0.0427 ndcg@20: 0.0543 ] 
2025-09-29 18:59:48,391 - Epoch  78 Validation set [recall@5: 0.0382 recall@10: 0.0623 recall@20: 0.0980 ] [ndcg@5: 0.0326 ndcg@10: 0.0422 ndcg@20: 0.0542 ] 
2025-09-29 18:59:51,645 - Epoch  81 Validation set [recall@5: 0.0387 recall@10: 0.0623 recall@20: 0.0978 ] [ndcg@5: 0.0333 ndcg@10: 0.0428 ndcg@20: 0.0547 ] 
2025-09-29 18:59:54,936 - Epoch  84 Validation set [recall@5: 0.0387 recall@10: 0.0623 recall@20: 0.0972 ] [ndcg@5: 0.0331 ndcg@10: 0.0426 ndcg@20: 0.0542 ] 
2025-09-29 18:59:58,146 - Epoch  87 Validation set [recall@5: 0.0389 recall@10: 0.0629 recall@20: 0.0979 ] [ndcg@5: 0.0331 ndcg@10: 0.0428 ndcg@20: 0.0544 ] 
2025-09-29 19:00:01,477 - Epoch  90 Validation set [recall@5: 0.0384 recall@10: 0.0631 recall@20: 0.0988 ] [ndcg@5: 0.0329 ndcg@10: 0.0428 ndcg@20: 0.0547 ] 
2025-09-29 19:00:04,593 - Epoch  93 Validation set [recall@5: 0.0393 recall@10: 0.0627 recall@20: 0.0988 ] [ndcg@5: 0.0339 ndcg@10: 0.0433 ndcg@20: 0.0553 ] 
2025-09-29 19:00:07,939 - Epoch  96 Validation set [recall@5: 0.0392 recall@10: 0.0639 recall@20: 0.1003 ] [ndcg@5: 0.0337 ndcg@10: 0.0437 ndcg@20: 0.0557 ] 
2025-09-29 19:00:11,179 - Epoch  99 Validation set [recall@5: 0.0396 recall@10: 0.0632 recall@20: 0.0988 ] [ndcg@5: 0.0338 ndcg@10: 0.0433 ndcg@20: 0.0552 ] 
2025-09-29 19:00:14,463 - Epoch 102 Validation set [recall@5: 0.0395 recall@10: 0.0631 recall@20: 0.0987 ] [ndcg@5: 0.0339 ndcg@10: 0.0435 ndcg@20: 0.0553 ] 
2025-09-29 19:00:17,667 - Epoch 105 Validation set [recall@5: 0.0399 recall@10: 0.0630 recall@20: 0.0989 ] [ndcg@5: 0.0342 ndcg@10: 0.0435 ndcg@20: 0.0554 ] 
2025-09-29 19:00:20,937 - Epoch 108 Validation set [recall@5: 0.0398 recall@10: 0.0631 recall@20: 0.1001 ] [ndcg@5: 0.0340 ndcg@10: 0.0433 ndcg@20: 0.0555 ] 
2025-09-29 19:00:24,248 - Epoch 111 Validation set [recall@5: 0.0396 recall@10: 0.0631 recall@20: 0.0999 ] [ndcg@5: 0.0337 ndcg@10: 0.0432 ndcg@20: 0.0554 ] 
2025-09-29 19:00:24,986 - [recall@5: 0.0392 recall@10: 0.0639 recall@20: 0.1003 ] [ndcg@5: 0.0337 ndcg@10: 0.0437 ndcg@20: 0.0557 ] 
2025-09-29 19:00:25,725 - [recall@5: 0.0362 recall@10: 0.0598 recall@20: 0.0944 ] [ndcg@5: 0.0355 ndcg@10: 0.0455 ndcg@20: 0.0582 ] 
2025-09-29 19:00:25,732 - Save model parameters to ./encoder/checkpoint/lightgcn_rgcn/lightgcn_rgcn-Office-2023.pth
2025-09-29 19:00:25,732 - Best Epoch 96. Final test result: {'recall': array([0.0361912 , 0.05980879, 0.09439725]), 'ndcg': array([0.03546377, 0.04548115, 0.0581754 ])}.
