2025-10-02 00:40:46,670 - {'optimizer': {'name': 'adam', 'lr': 0.001, 'weight_decay': 0}, 'train': {'epoch': 3000, 'batch_size': 4096, 'save_model': True, 'loss': 'pairwise', 'test_step': 3, 'reproducible': True, 'seed': 2023, 'patience': 5}, 'test': {'metrics': ['recall', 'ndcg'], 'k': [5, 10, 20], 'batch_size': 1024}, 'data': {'type': 'general_agcf', 'name': 'Office', 'mat_type': 'uai', 'pre_norm': True, 'user_num': 6338, 'item_num': 4461, 'user_item_num': 10799, 'attr_num': 4065}, 'model': {'name': 'lightgcn_rgcn', 'label': 'ori', 'keep_rate': 0.9, 'embedding_size': 64, 'use_unify_layer_num': True, 'layer_num': 9, 'reg_weight': 5e-06, 'amazon': {'keep_rate': 0.9, 'layer_num': 3, 'reg_weight': 1e-07, 'eps': 0.1}, 'yelp': {'keep_rate': 0.9, 'layer_num': 3, 'reg_weight': 1e-06, 'eps': 0.1}, 'steam': {'keep_rate': 0.8, 'layer_num': 3, 'reg_weight': 1e-07, 'eps': 0.2}, 'Office': {'keep_rate': 0.9, 'layer_num': 9, 'reg_weight': 5e-06, 'eps': 0.1}}}
2025-10-02 00:40:50,720 - Epoch   0 Validation set [recall@5: 0.0192 recall@10: 0.0306 recall@20: 0.0480 ] [ndcg@5: 0.0153 ndcg@10: 0.0200 ndcg@20: 0.0257 ] 
2025-10-02 00:40:57,615 - Epoch   3 Validation set [recall@5: 0.0196 recall@10: 0.0305 recall@20: 0.0470 ] [ndcg@5: 0.0156 ndcg@10: 0.0200 ndcg@20: 0.0255 ] 
2025-10-02 00:41:03,600 - Epoch   6 Validation set [recall@5: 0.0196 recall@10: 0.0303 recall@20: 0.0472 ] [ndcg@5: 0.0156 ndcg@10: 0.0200 ndcg@20: 0.0254 ] 
2025-10-02 00:41:09,995 - Epoch   9 Validation set [recall@5: 0.0221 recall@10: 0.0353 recall@20: 0.0549 ] [ndcg@5: 0.0176 ndcg@10: 0.0230 ndcg@20: 0.0293 ] 
2025-10-02 00:41:16,520 - Epoch  12 Validation set [recall@5: 0.0232 recall@10: 0.0369 recall@20: 0.0571 ] [ndcg@5: 0.0186 ndcg@10: 0.0242 ndcg@20: 0.0308 ] 
2025-10-02 00:41:21,842 - Epoch  15 Validation set [recall@5: 0.0241 recall@10: 0.0389 recall@20: 0.0608 ] [ndcg@5: 0.0194 ndcg@10: 0.0254 ndcg@20: 0.0326 ] 
2025-10-02 00:41:28,188 - Epoch  18 Validation set [recall@5: 0.0255 recall@10: 0.0422 recall@20: 0.0669 ] [ndcg@5: 0.0208 ndcg@10: 0.0275 ndcg@20: 0.0356 ] 
2025-10-02 00:41:34,577 - Epoch  21 Validation set [recall@5: 0.0260 recall@10: 0.0428 recall@20: 0.0680 ] [ndcg@5: 0.0214 ndcg@10: 0.0281 ndcg@20: 0.0364 ] 
2025-10-02 00:41:40,640 - Epoch  24 Validation set [recall@5: 0.0267 recall@10: 0.0430 recall@20: 0.0698 ] [ndcg@5: 0.0221 ndcg@10: 0.0287 ndcg@20: 0.0375 ] 
2025-10-02 00:41:45,522 - Epoch  27 Validation set [recall@5: 0.0263 recall@10: 0.0438 recall@20: 0.0694 ] [ndcg@5: 0.0220 ndcg@10: 0.0289 ndcg@20: 0.0374 ] 
2025-10-02 00:41:52,001 - Epoch  30 Validation set [recall@5: 0.0279 recall@10: 0.0464 recall@20: 0.0745 ] [ndcg@5: 0.0228 ndcg@10: 0.0302 ndcg@20: 0.0394 ] 
2025-10-02 00:41:58,168 - Epoch  33 Validation set [recall@5: 0.0279 recall@10: 0.0476 recall@20: 0.0734 ] [ndcg@5: 0.0234 ndcg@10: 0.0313 ndcg@20: 0.0398 ] 
2025-10-02 00:42:04,424 - Epoch  36 Validation set [recall@5: 0.0287 recall@10: 0.0474 recall@20: 0.0740 ] [ndcg@5: 0.0236 ndcg@10: 0.0312 ndcg@20: 0.0400 ] 
2025-10-02 00:42:09,933 - Epoch  39 Validation set [recall@5: 0.0292 recall@10: 0.0484 recall@20: 0.0766 ] [ndcg@5: 0.0241 ndcg@10: 0.0318 ndcg@20: 0.0411 ] 
2025-10-02 00:42:15,722 - Epoch  42 Validation set [recall@5: 0.0289 recall@10: 0.0470 recall@20: 0.0769 ] [ndcg@5: 0.0240 ndcg@10: 0.0313 ndcg@20: 0.0411 ] 
2025-10-02 00:42:22,222 - Epoch  45 Validation set [recall@5: 0.0299 recall@10: 0.0488 recall@20: 0.0773 ] [ndcg@5: 0.0244 ndcg@10: 0.0319 ndcg@20: 0.0412 ] 
2025-10-02 00:42:28,499 - Epoch  48 Validation set [recall@5: 0.0306 recall@10: 0.0493 recall@20: 0.0791 ] [ndcg@5: 0.0254 ndcg@10: 0.0329 ndcg@20: 0.0427 ] 
2025-10-02 00:42:33,849 - Epoch  51 Validation set [recall@5: 0.0295 recall@10: 0.0481 recall@20: 0.0782 ] [ndcg@5: 0.0244 ndcg@10: 0.0318 ndcg@20: 0.0418 ] 
2025-10-02 00:42:40,128 - Epoch  54 Validation set [recall@5: 0.0298 recall@10: 0.0492 recall@20: 0.0791 ] [ndcg@5: 0.0249 ndcg@10: 0.0329 ndcg@20: 0.0427 ] 
2025-10-02 00:42:46,429 - Epoch  57 Validation set [recall@5: 0.0308 recall@10: 0.0500 recall@20: 0.0794 ] [ndcg@5: 0.0254 ndcg@10: 0.0332 ndcg@20: 0.0430 ] 
2025-10-02 00:42:52,029 - Epoch  60 Validation set [recall@5: 0.0302 recall@10: 0.0503 recall@20: 0.0792 ] [ndcg@5: 0.0251 ndcg@10: 0.0333 ndcg@20: 0.0427 ] 
2025-10-02 00:42:57,432 - Epoch  63 Validation set [recall@5: 0.0304 recall@10: 0.0515 recall@20: 0.0819 ] [ndcg@5: 0.0258 ndcg@10: 0.0343 ndcg@20: 0.0442 ] 
2025-10-02 00:43:03,433 - Epoch  66 Validation set [recall@5: 0.0307 recall@10: 0.0498 recall@20: 0.0807 ] [ndcg@5: 0.0257 ndcg@10: 0.0334 ndcg@20: 0.0435 ] 
2025-10-02 00:43:09,422 - Epoch  69 Validation set [recall@5: 0.0316 recall@10: 0.0516 recall@20: 0.0828 ] [ndcg@5: 0.0265 ndcg@10: 0.0346 ndcg@20: 0.0449 ] 
2025-10-02 00:43:15,372 - Epoch  72 Validation set [recall@5: 0.0313 recall@10: 0.0516 recall@20: 0.0839 ] [ndcg@5: 0.0265 ndcg@10: 0.0346 ndcg@20: 0.0453 ] 
2025-10-02 00:43:21,264 - Epoch  75 Validation set [recall@5: 0.0318 recall@10: 0.0524 recall@20: 0.0831 ] [ndcg@5: 0.0263 ndcg@10: 0.0345 ndcg@20: 0.0447 ] 
2025-10-02 00:43:28,220 - Epoch  78 Validation set [recall@5: 0.0314 recall@10: 0.0516 recall@20: 0.0823 ] [ndcg@5: 0.0262 ndcg@10: 0.0343 ndcg@20: 0.0443 ] 
2025-10-02 00:43:34,579 - Epoch  81 Validation set [recall@5: 0.0313 recall@10: 0.0529 recall@20: 0.0836 ] [ndcg@5: 0.0262 ndcg@10: 0.0348 ndcg@20: 0.0451 ] 
2025-10-02 00:43:40,416 - Epoch  84 Validation set [recall@5: 0.0323 recall@10: 0.0527 recall@20: 0.0842 ] [ndcg@5: 0.0269 ndcg@10: 0.0352 ndcg@20: 0.0455 ] 
2025-10-02 00:43:47,417 - Epoch  87 Validation set [recall@5: 0.0325 recall@10: 0.0542 recall@20: 0.0840 ] [ndcg@5: 0.0267 ndcg@10: 0.0355 ndcg@20: 0.0454 ] 
2025-10-02 00:43:53,373 - Epoch  90 Validation set [recall@5: 0.0330 recall@10: 0.0537 recall@20: 0.0859 ] [ndcg@5: 0.0276 ndcg@10: 0.0359 ndcg@20: 0.0465 ] 
2025-10-02 00:43:59,684 - Epoch  93 Validation set [recall@5: 0.0338 recall@10: 0.0536 recall@20: 0.0857 ] [ndcg@5: 0.0278 ndcg@10: 0.0358 ndcg@20: 0.0463 ] 
2025-10-02 00:44:05,594 - Epoch  96 Validation set [recall@5: 0.0323 recall@10: 0.0525 recall@20: 0.0840 ] [ndcg@5: 0.0269 ndcg@10: 0.0350 ndcg@20: 0.0455 ] 
2025-10-02 00:44:12,272 - Epoch  99 Validation set [recall@5: 0.0323 recall@10: 0.0540 recall@20: 0.0864 ] [ndcg@5: 0.0272 ndcg@10: 0.0360 ndcg@20: 0.0467 ] 
2025-10-02 00:44:18,880 - Epoch 102 Validation set [recall@5: 0.0338 recall@10: 0.0544 recall@20: 0.0861 ] [ndcg@5: 0.0279 ndcg@10: 0.0363 ndcg@20: 0.0467 ] 
2025-10-02 00:44:25,318 - Epoch 105 Validation set [recall@5: 0.0335 recall@10: 0.0539 recall@20: 0.0867 ] [ndcg@5: 0.0288 ndcg@10: 0.0370 ndcg@20: 0.0479 ] 
2025-10-02 00:44:32,429 - Epoch 108 Validation set [recall@5: 0.0335 recall@10: 0.0538 recall@20: 0.0861 ] [ndcg@5: 0.0283 ndcg@10: 0.0364 ndcg@20: 0.0471 ] 
2025-10-02 00:44:39,344 - Epoch 111 Validation set [recall@5: 0.0328 recall@10: 0.0543 recall@20: 0.0853 ] [ndcg@5: 0.0276 ndcg@10: 0.0362 ndcg@20: 0.0465 ] 
2025-10-02 00:44:46,497 - Epoch 114 Validation set [recall@5: 0.0334 recall@10: 0.0543 recall@20: 0.0874 ] [ndcg@5: 0.0280 ndcg@10: 0.0365 ndcg@20: 0.0474 ] 
2025-10-02 00:44:52,657 - Epoch 117 Validation set [recall@5: 0.0343 recall@10: 0.0532 recall@20: 0.0871 ] [ndcg@5: 0.0285 ndcg@10: 0.0361 ndcg@20: 0.0473 ] 
2025-10-02 00:44:59,260 - Epoch 120 Validation set [recall@5: 0.0344 recall@10: 0.0544 recall@20: 0.0869 ] [ndcg@5: 0.0288 ndcg@10: 0.0369 ndcg@20: 0.0476 ] 
2025-10-02 00:45:06,115 - Epoch 123 Validation set [recall@5: 0.0346 recall@10: 0.0548 recall@20: 0.0864 ] [ndcg@5: 0.0293 ndcg@10: 0.0374 ndcg@20: 0.0478 ] 
2025-10-02 00:45:11,526 - Epoch 126 Validation set [recall@5: 0.0337 recall@10: 0.0550 recall@20: 0.0872 ] [ndcg@5: 0.0292 ndcg@10: 0.0378 ndcg@20: 0.0484 ] 
2025-10-02 00:45:17,916 - Epoch 129 Validation set [recall@5: 0.0341 recall@10: 0.0538 recall@20: 0.0887 ] [ndcg@5: 0.0288 ndcg@10: 0.0367 ndcg@20: 0.0483 ] 
2025-10-02 00:45:24,495 - Epoch 132 Validation set [recall@5: 0.0341 recall@10: 0.0557 recall@20: 0.0887 ] [ndcg@5: 0.0291 ndcg@10: 0.0377 ndcg@20: 0.0486 ] 
2025-10-02 00:45:30,247 - Epoch 135 Validation set [recall@5: 0.0339 recall@10: 0.0553 recall@20: 0.0884 ] [ndcg@5: 0.0289 ndcg@10: 0.0376 ndcg@20: 0.0484 ] 
2025-10-02 00:45:36,049 - Epoch 138 Validation set [recall@5: 0.0345 recall@10: 0.0556 recall@20: 0.0886 ] [ndcg@5: 0.0293 ndcg@10: 0.0377 ndcg@20: 0.0486 ] 
2025-10-02 00:45:42,101 - Epoch 141 Validation set [recall@5: 0.0346 recall@10: 0.0561 recall@20: 0.0881 ] [ndcg@5: 0.0292 ndcg@10: 0.0379 ndcg@20: 0.0484 ] 
2025-10-02 00:45:48,972 - Epoch 144 Validation set [recall@5: 0.0342 recall@10: 0.0556 recall@20: 0.0868 ] [ndcg@5: 0.0281 ndcg@10: 0.0369 ndcg@20: 0.0471 ] 
2025-10-02 00:45:49,722 - [recall@5: 0.0341 recall@10: 0.0538 recall@20: 0.0887 ] [ndcg@5: 0.0288 ndcg@10: 0.0367 ndcg@20: 0.0483 ] 
2025-10-02 00:45:50,427 - [recall@5: 0.0303 recall@10: 0.0505 recall@20: 0.0840 ] [ndcg@5: 0.0291 ndcg@10: 0.0378 ndcg@20: 0.0500 ] 
2025-10-02 00:45:50,434 - Save model parameters to ./encoder/checkpoint/lightgcn_rgcn/lightgcn_rgcn-Office-2023.pth
2025-10-02 00:45:50,435 - Best Epoch 129. Final test result: {'recall': array([0.03026125, 0.05051603, 0.08400912]), 'ndcg': array([0.02910751, 0.0378339 , 0.04999164])}.
