2025-10-02 14:05:00,781 - {'optimizer': {'name': 'adam', 'lr': 0.001, 'weight_decay': 0}, 'train': {'epoch': 3000, 'batch_size': 4096, 'save_model': True, 'loss': 'pairwise', 'test_step': 3, 'reproducible': True, 'seed': 2023, 'patience': 5}, 'test': {'metrics': ['recall', 'ndcg'], 'k': [5, 10, 20], 'batch_size': 1024}, 'data': {'type': 'general_agcf', 'name': 'Office', 'mat_type': 'uai', 'pre_norm': True, 'user_num': 6338, 'item_num': 4461, 'user_item_num': 10799, 'attr_num': 4065}, 'model': {'name': 'lightgcn_rgcn', 'label': 'ori', 'keep_rate': 0.9, 'embedding_size': 64, 'use_unify_layer_num': True, 'layer_num': 7, 'reg_weight': 5e-06, 'amazon': {'keep_rate': 0.9, 'layer_num': 3, 'reg_weight': 1e-07, 'eps': 0.1}, 'yelp': {'keep_rate': 0.9, 'layer_num': 3, 'reg_weight': 1e-06, 'eps': 0.1}, 'steam': {'keep_rate': 0.8, 'layer_num': 3, 'reg_weight': 1e-07, 'eps': 0.2}, 'Office': {'keep_rate': 0.9, 'layer_num': 7, 'reg_weight': 5e-06, 'eps': 0.1}}}
2025-10-02 14:05:05,015 - Epoch   0 Validation set [recall@5: 0.0177 recall@10: 0.0306 recall@20: 0.0487 ] [ndcg@5: 0.0144 ndcg@10: 0.0197 ndcg@20: 0.0256 ] 
2025-10-02 14:05:09,811 - Epoch   3 Validation set [recall@5: 0.0196 recall@10: 0.0305 recall@20: 0.0472 ] [ndcg@5: 0.0156 ndcg@10: 0.0200 ndcg@20: 0.0255 ] 
2025-10-02 14:05:14,564 - Epoch   6 Validation set [recall@5: 0.0224 recall@10: 0.0366 recall@20: 0.0568 ] [ndcg@5: 0.0179 ndcg@10: 0.0236 ndcg@20: 0.0302 ] 
2025-10-02 14:05:19,294 - Epoch   9 Validation set [recall@5: 0.0236 recall@10: 0.0387 recall@20: 0.0610 ] [ndcg@5: 0.0191 ndcg@10: 0.0253 ndcg@20: 0.0326 ] 
2025-10-02 14:05:23,737 - Epoch  12 Validation set [recall@5: 0.0265 recall@10: 0.0414 recall@20: 0.0662 ] [ndcg@5: 0.0213 ndcg@10: 0.0273 ndcg@20: 0.0356 ] 
2025-10-02 14:05:29,322 - Epoch  15 Validation set [recall@5: 0.0266 recall@10: 0.0431 recall@20: 0.0696 ] [ndcg@5: 0.0217 ndcg@10: 0.0284 ndcg@20: 0.0371 ] 
2025-10-02 14:05:34,608 - Epoch  18 Validation set [recall@5: 0.0273 recall@10: 0.0454 recall@20: 0.0736 ] [ndcg@5: 0.0226 ndcg@10: 0.0300 ndcg@20: 0.0393 ] 
2025-10-02 14:05:40,019 - Epoch  21 Validation set [recall@5: 0.0285 recall@10: 0.0481 recall@20: 0.0751 ] [ndcg@5: 0.0235 ndcg@10: 0.0314 ndcg@20: 0.0404 ] 
2025-10-02 14:05:45,490 - Epoch  24 Validation set [recall@5: 0.0300 recall@10: 0.0485 recall@20: 0.0777 ] [ndcg@5: 0.0250 ndcg@10: 0.0325 ndcg@20: 0.0421 ] 
2025-10-02 14:05:50,794 - Epoch  27 Validation set [recall@5: 0.0297 recall@10: 0.0495 recall@20: 0.0786 ] [ndcg@5: 0.0247 ndcg@10: 0.0327 ndcg@20: 0.0423 ] 
2025-10-02 14:05:55,834 - Epoch  30 Validation set [recall@5: 0.0302 recall@10: 0.0493 recall@20: 0.0800 ] [ndcg@5: 0.0253 ndcg@10: 0.0331 ndcg@20: 0.0432 ] 
2025-10-02 14:06:00,524 - Epoch  33 Validation set [recall@5: 0.0305 recall@10: 0.0518 recall@20: 0.0820 ] [ndcg@5: 0.0261 ndcg@10: 0.0347 ndcg@20: 0.0446 ] 
2025-10-02 14:06:05,306 - Epoch  36 Validation set [recall@5: 0.0310 recall@10: 0.0513 recall@20: 0.0818 ] [ndcg@5: 0.0263 ndcg@10: 0.0346 ndcg@20: 0.0446 ] 
2025-10-02 14:06:10,435 - Epoch  39 Validation set [recall@5: 0.0323 recall@10: 0.0521 recall@20: 0.0840 ] [ndcg@5: 0.0267 ndcg@10: 0.0345 ndcg@20: 0.0451 ] 
2025-10-02 14:06:14,975 - Epoch  42 Validation set [recall@5: 0.0320 recall@10: 0.0523 recall@20: 0.0841 ] [ndcg@5: 0.0270 ndcg@10: 0.0352 ndcg@20: 0.0457 ] 
2025-10-02 14:06:20,618 - Epoch  45 Validation set [recall@5: 0.0318 recall@10: 0.0529 recall@20: 0.0841 ] [ndcg@5: 0.0269 ndcg@10: 0.0354 ndcg@20: 0.0458 ] 
2025-10-02 14:06:25,798 - Epoch  48 Validation set [recall@5: 0.0328 recall@10: 0.0538 recall@20: 0.0845 ] [ndcg@5: 0.0278 ndcg@10: 0.0362 ndcg@20: 0.0464 ] 
2025-10-02 14:06:30,966 - Epoch  51 Validation set [recall@5: 0.0320 recall@10: 0.0535 recall@20: 0.0857 ] [ndcg@5: 0.0270 ndcg@10: 0.0357 ndcg@20: 0.0464 ] 
2025-10-02 14:06:35,486 - Epoch  54 Validation set [recall@5: 0.0333 recall@10: 0.0542 recall@20: 0.0877 ] [ndcg@5: 0.0275 ndcg@10: 0.0359 ndcg@20: 0.0470 ] 
2025-10-02 14:06:40,979 - Epoch  57 Validation set [recall@5: 0.0328 recall@10: 0.0551 recall@20: 0.0878 ] [ndcg@5: 0.0275 ndcg@10: 0.0365 ndcg@20: 0.0473 ] 
2025-10-02 14:06:46,085 - Epoch  60 Validation set [recall@5: 0.0324 recall@10: 0.0560 recall@20: 0.0877 ] [ndcg@5: 0.0277 ndcg@10: 0.0372 ndcg@20: 0.0478 ] 
2025-10-02 14:06:50,932 - Epoch  63 Validation set [recall@5: 0.0340 recall@10: 0.0553 recall@20: 0.0904 ] [ndcg@5: 0.0288 ndcg@10: 0.0374 ndcg@20: 0.0489 ] 
2025-10-02 14:06:55,158 - Epoch  66 Validation set [recall@5: 0.0339 recall@10: 0.0562 recall@20: 0.0896 ] [ndcg@5: 0.0289 ndcg@10: 0.0379 ndcg@20: 0.0489 ] 
2025-10-02 14:07:00,302 - Epoch  69 Validation set [recall@5: 0.0338 recall@10: 0.0563 recall@20: 0.0891 ] [ndcg@5: 0.0289 ndcg@10: 0.0380 ndcg@20: 0.0489 ] 
2025-10-02 14:07:05,191 - Epoch  72 Validation set [recall@5: 0.0341 recall@10: 0.0577 recall@20: 0.0902 ] [ndcg@5: 0.0291 ndcg@10: 0.0387 ndcg@20: 0.0495 ] 
2025-10-02 14:07:10,133 - Epoch  75 Validation set [recall@5: 0.0340 recall@10: 0.0574 recall@20: 0.0917 ] [ndcg@5: 0.0288 ndcg@10: 0.0383 ndcg@20: 0.0496 ] 
2025-10-02 14:07:14,812 - Epoch  78 Validation set [recall@5: 0.0345 recall@10: 0.0577 recall@20: 0.0923 ] [ndcg@5: 0.0295 ndcg@10: 0.0389 ndcg@20: 0.0504 ] 
2025-10-02 14:07:19,697 - Epoch  81 Validation set [recall@5: 0.0354 recall@10: 0.0583 recall@20: 0.0920 ] [ndcg@5: 0.0296 ndcg@10: 0.0388 ndcg@20: 0.0500 ] 
2025-10-02 14:07:24,599 - Epoch  84 Validation set [recall@5: 0.0354 recall@10: 0.0579 recall@20: 0.0920 ] [ndcg@5: 0.0297 ndcg@10: 0.0389 ndcg@20: 0.0501 ] 
2025-10-02 14:07:30,662 - Epoch  87 Validation set [recall@5: 0.0351 recall@10: 0.0580 recall@20: 0.0922 ] [ndcg@5: 0.0296 ndcg@10: 0.0389 ndcg@20: 0.0502 ] 
2025-10-02 14:07:36,155 - Epoch  90 Validation set [recall@5: 0.0357 recall@10: 0.0593 recall@20: 0.0927 ] [ndcg@5: 0.0302 ndcg@10: 0.0398 ndcg@20: 0.0508 ] 
2025-10-02 14:07:41,319 - Epoch  93 Validation set [recall@5: 0.0350 recall@10: 0.0589 recall@20: 0.0936 ] [ndcg@5: 0.0300 ndcg@10: 0.0397 ndcg@20: 0.0511 ] 
2025-10-02 14:07:46,783 - Epoch  96 Validation set [recall@5: 0.0364 recall@10: 0.0590 recall@20: 0.0934 ] [ndcg@5: 0.0307 ndcg@10: 0.0398 ndcg@20: 0.0512 ] 
2025-10-02 14:07:51,555 - Epoch  99 Validation set [recall@5: 0.0358 recall@10: 0.0592 recall@20: 0.0934 ] [ndcg@5: 0.0304 ndcg@10: 0.0399 ndcg@20: 0.0512 ] 
2025-10-02 14:07:56,807 - Epoch 102 Validation set [recall@5: 0.0355 recall@10: 0.0604 recall@20: 0.0938 ] [ndcg@5: 0.0301 ndcg@10: 0.0402 ndcg@20: 0.0513 ] 
2025-10-02 14:08:01,299 - Epoch 105 Validation set [recall@5: 0.0370 recall@10: 0.0596 recall@20: 0.0938 ] [ndcg@5: 0.0313 ndcg@10: 0.0404 ndcg@20: 0.0518 ] 
2025-10-02 14:08:06,213 - Epoch 108 Validation set [recall@5: 0.0364 recall@10: 0.0601 recall@20: 0.0945 ] [ndcg@5: 0.0307 ndcg@10: 0.0404 ndcg@20: 0.0518 ] 
2025-10-02 14:08:11,050 - Epoch 111 Validation set [recall@5: 0.0362 recall@10: 0.0608 recall@20: 0.0946 ] [ndcg@5: 0.0309 ndcg@10: 0.0408 ndcg@20: 0.0521 ] 
2025-10-02 14:08:15,528 - Epoch 114 Validation set [recall@5: 0.0364 recall@10: 0.0610 recall@20: 0.0947 ] [ndcg@5: 0.0308 ndcg@10: 0.0409 ndcg@20: 0.0520 ] 
2025-10-02 14:08:20,229 - Epoch 117 Validation set [recall@5: 0.0373 recall@10: 0.0610 recall@20: 0.0954 ] [ndcg@5: 0.0315 ndcg@10: 0.0412 ndcg@20: 0.0526 ] 
2025-10-02 14:08:24,907 - Epoch 120 Validation set [recall@5: 0.0380 recall@10: 0.0606 recall@20: 0.0946 ] [ndcg@5: 0.0319 ndcg@10: 0.0412 ndcg@20: 0.0524 ] 
2025-10-02 14:08:29,706 - Epoch 123 Validation set [recall@5: 0.0375 recall@10: 0.0611 recall@20: 0.0956 ] [ndcg@5: 0.0321 ndcg@10: 0.0415 ndcg@20: 0.0529 ] 
2025-10-02 14:08:33,918 - Epoch 126 Validation set [recall@5: 0.0372 recall@10: 0.0612 recall@20: 0.0968 ] [ndcg@5: 0.0318 ndcg@10: 0.0416 ndcg@20: 0.0534 ] 
2025-10-02 14:08:38,236 - Epoch 129 Validation set [recall@5: 0.0377 recall@10: 0.0612 recall@20: 0.0971 ] [ndcg@5: 0.0321 ndcg@10: 0.0415 ndcg@20: 0.0534 ] 
2025-10-02 14:08:42,638 - Epoch 132 Validation set [recall@5: 0.0370 recall@10: 0.0612 recall@20: 0.0960 ] [ndcg@5: 0.0315 ndcg@10: 0.0412 ndcg@20: 0.0527 ] 
2025-10-02 14:08:47,382 - Epoch 135 Validation set [recall@5: 0.0375 recall@10: 0.0616 recall@20: 0.0969 ] [ndcg@5: 0.0320 ndcg@10: 0.0418 ndcg@20: 0.0534 ] 
2025-10-02 14:08:51,868 - Epoch 138 Validation set [recall@5: 0.0381 recall@10: 0.0629 recall@20: 0.0974 ] [ndcg@5: 0.0320 ndcg@10: 0.0420 ndcg@20: 0.0534 ] 
2025-10-02 14:08:57,160 - Epoch 141 Validation set [recall@5: 0.0380 recall@10: 0.0627 recall@20: 0.0963 ] [ndcg@5: 0.0318 ndcg@10: 0.0418 ndcg@20: 0.0528 ] 
2025-10-02 14:09:01,966 - Epoch 144 Validation set [recall@5: 0.0390 recall@10: 0.0629 recall@20: 0.0973 ] [ndcg@5: 0.0328 ndcg@10: 0.0424 ndcg@20: 0.0537 ] 
2025-10-02 14:09:07,015 - Epoch 147 Validation set [recall@5: 0.0385 recall@10: 0.0637 recall@20: 0.0977 ] [ndcg@5: 0.0322 ndcg@10: 0.0425 ndcg@20: 0.0537 ] 
2025-10-02 14:09:11,448 - Epoch 150 Validation set [recall@5: 0.0388 recall@10: 0.0622 recall@20: 0.0978 ] [ndcg@5: 0.0327 ndcg@10: 0.0422 ndcg@20: 0.0540 ] 
2025-10-02 14:09:16,645 - Epoch 153 Validation set [recall@5: 0.0392 recall@10: 0.0632 recall@20: 0.0978 ] [ndcg@5: 0.0326 ndcg@10: 0.0423 ndcg@20: 0.0537 ] 
2025-10-02 14:09:21,576 - Epoch 156 Validation set [recall@5: 0.0386 recall@10: 0.0625 recall@20: 0.0981 ] [ndcg@5: 0.0328 ndcg@10: 0.0425 ndcg@20: 0.0542 ] 
2025-10-02 14:09:26,196 - Epoch 159 Validation set [recall@5: 0.0386 recall@10: 0.0621 recall@20: 0.0987 ] [ndcg@5: 0.0326 ndcg@10: 0.0421 ndcg@20: 0.0541 ] 
2025-10-02 14:09:31,116 - Epoch 162 Validation set [recall@5: 0.0383 recall@10: 0.0629 recall@20: 0.0983 ] [ndcg@5: 0.0323 ndcg@10: 0.0423 ndcg@20: 0.0540 ] 
2025-10-02 14:09:36,105 - Epoch 165 Validation set [recall@5: 0.0396 recall@10: 0.0623 recall@20: 0.0985 ] [ndcg@5: 0.0328 ndcg@10: 0.0421 ndcg@20: 0.0541 ] 
2025-10-02 14:09:40,846 - Epoch 168 Validation set [recall@5: 0.0394 recall@10: 0.0628 recall@20: 0.0985 ] [ndcg@5: 0.0334 ndcg@10: 0.0428 ndcg@20: 0.0546 ] 
2025-10-02 14:09:46,324 - Epoch 171 Validation set [recall@5: 0.0383 recall@10: 0.0631 recall@20: 0.0979 ] [ndcg@5: 0.0327 ndcg@10: 0.0426 ndcg@20: 0.0541 ] 
2025-10-02 14:09:51,329 - Epoch 174 Validation set [recall@5: 0.0379 recall@10: 0.0638 recall@20: 0.0976 ] [ndcg@5: 0.0320 ndcg@10: 0.0424 ndcg@20: 0.0537 ] 
2025-10-02 14:09:52,328 - [recall@5: 0.0386 recall@10: 0.0621 recall@20: 0.0987 ] [ndcg@5: 0.0326 ndcg@10: 0.0421 ndcg@20: 0.0541 ] 
2025-10-02 14:09:53,343 - [recall@5: 0.0348 recall@10: 0.0580 recall@20: 0.0941 ] [ndcg@5: 0.0338 ndcg@10: 0.0438 ndcg@20: 0.0569 ] 
2025-10-02 14:09:53,351 - Save model parameters to ./encoder/checkpoint/lightgcn_rgcn/lightgcn_rgcn-Office-2023.pth
2025-10-02 14:09:53,352 - Best Epoch 159. Final test result: {'recall': array([0.03479273, 0.05800948, 0.09406637]), 'ndcg': array([0.03381141, 0.04375194, 0.05692549])}.
