2025-10-02 00:03:53,289 - {'optimizer': {'name': 'adam', 'lr': 0.001, 'weight_decay': 0}, 'train': {'epoch': 3000, 'batch_size': 4096, 'save_model': True, 'loss': 'pairwise', 'test_step': 3, 'reproducible': True, 'seed': 2023, 'patience': 5}, 'test': {'metrics': ['recall', 'ndcg'], 'k': [5, 10, 20], 'batch_size': 1024}, 'data': {'type': 'general_agcf', 'name': 'Office', 'mat_type': 'uai', 'pre_norm': True, 'user_num': 6338, 'item_num': 4461, 'user_item_num': 10799, 'attr_num': 4065}, 'model': {'name': 'lightgcn_rgcn', 'label': 'ori', 'keep_rate': 0.9, 'embedding_size': 64, 'use_unify_layer_num': True, 'layer_num': 2, 'reg_weight': 5e-06, 'amazon': {'keep_rate': 0.9, 'layer_num': 3, 'reg_weight': 1e-07, 'eps': 0.1}, 'yelp': {'keep_rate': 0.9, 'layer_num': 3, 'reg_weight': 1e-06, 'eps': 0.1}, 'steam': {'keep_rate': 0.8, 'layer_num': 3, 'reg_weight': 1e-07, 'eps': 0.2}, 'Office': {'keep_rate': 0.9, 'layer_num': 2, 'reg_weight': 5e-06, 'eps': 0.1}}}
2025-10-02 00:03:56,785 - Epoch   0 Validation set [recall@5: 0.0022 recall@10: 0.0045 recall@20: 0.0077 ] [ndcg@5: 0.0017 ndcg@10: 0.0027 ndcg@20: 0.0037 ] 
2025-10-02 00:04:01,830 - Epoch   3 Validation set [recall@5: 0.0171 recall@10: 0.0303 recall@20: 0.0532 ] [ndcg@5: 0.0143 ndcg@10: 0.0196 ndcg@20: 0.0271 ] 
2025-10-02 00:04:06,069 - Epoch   6 Validation set [recall@5: 0.0197 recall@10: 0.0364 recall@20: 0.0575 ] [ndcg@5: 0.0163 ndcg@10: 0.0231 ndcg@20: 0.0301 ] 
2025-10-02 00:04:11,067 - Epoch   9 Validation set [recall@5: 0.0255 recall@10: 0.0408 recall@20: 0.0654 ] [ndcg@5: 0.0211 ndcg@10: 0.0273 ndcg@20: 0.0354 ] 
2025-10-02 00:04:16,296 - Epoch  12 Validation set [recall@5: 0.0266 recall@10: 0.0429 recall@20: 0.0692 ] [ndcg@5: 0.0224 ndcg@10: 0.0290 ndcg@20: 0.0377 ] 
2025-10-02 00:04:21,391 - Epoch  15 Validation set [recall@5: 0.0278 recall@10: 0.0457 recall@20: 0.0723 ] [ndcg@5: 0.0232 ndcg@10: 0.0304 ndcg@20: 0.0392 ] 
2025-10-02 00:04:26,693 - Epoch  18 Validation set [recall@5: 0.0295 recall@10: 0.0497 recall@20: 0.0774 ] [ndcg@5: 0.0245 ndcg@10: 0.0327 ndcg@20: 0.0418 ] 
2025-10-02 00:04:31,945 - Epoch  21 Validation set [recall@5: 0.0303 recall@10: 0.0506 recall@20: 0.0803 ] [ndcg@5: 0.0252 ndcg@10: 0.0334 ndcg@20: 0.0432 ] 
2025-10-02 00:04:37,048 - Epoch  24 Validation set [recall@5: 0.0316 recall@10: 0.0518 recall@20: 0.0820 ] [ndcg@5: 0.0267 ndcg@10: 0.0349 ndcg@20: 0.0450 ] 
2025-10-02 00:04:41,558 - Epoch  27 Validation set [recall@5: 0.0318 recall@10: 0.0534 recall@20: 0.0832 ] [ndcg@5: 0.0271 ndcg@10: 0.0358 ndcg@20: 0.0457 ] 
2025-10-02 00:04:46,792 - Epoch  30 Validation set [recall@5: 0.0325 recall@10: 0.0541 recall@20: 0.0847 ] [ndcg@5: 0.0276 ndcg@10: 0.0364 ndcg@20: 0.0465 ] 
2025-10-02 00:04:51,846 - Epoch  33 Validation set [recall@5: 0.0332 recall@10: 0.0550 recall@20: 0.0862 ] [ndcg@5: 0.0285 ndcg@10: 0.0373 ndcg@20: 0.0477 ] 
2025-10-02 00:04:55,845 - Epoch  36 Validation set [recall@5: 0.0345 recall@10: 0.0575 recall@20: 0.0876 ] [ndcg@5: 0.0295 ndcg@10: 0.0388 ndcg@20: 0.0487 ] 
2025-10-02 00:05:01,092 - Epoch  39 Validation set [recall@5: 0.0347 recall@10: 0.0575 recall@20: 0.0885 ] [ndcg@5: 0.0295 ndcg@10: 0.0387 ndcg@20: 0.0490 ] 
2025-10-02 00:05:06,449 - Epoch  42 Validation set [recall@5: 0.0353 recall@10: 0.0586 recall@20: 0.0894 ] [ndcg@5: 0.0299 ndcg@10: 0.0393 ndcg@20: 0.0495 ] 
2025-10-02 00:05:11,196 - Epoch  45 Validation set [recall@5: 0.0358 recall@10: 0.0589 recall@20: 0.0906 ] [ndcg@5: 0.0305 ndcg@10: 0.0398 ndcg@20: 0.0503 ] 
2025-10-02 00:05:16,357 - Epoch  48 Validation set [recall@5: 0.0358 recall@10: 0.0596 recall@20: 0.0920 ] [ndcg@5: 0.0307 ndcg@10: 0.0403 ndcg@20: 0.0511 ] 
2025-10-02 00:05:21,649 - Epoch  51 Validation set [recall@5: 0.0361 recall@10: 0.0590 recall@20: 0.0929 ] [ndcg@5: 0.0306 ndcg@10: 0.0398 ndcg@20: 0.0511 ] 
2025-10-02 00:05:26,903 - Epoch  54 Validation set [recall@5: 0.0360 recall@10: 0.0599 recall@20: 0.0931 ] [ndcg@5: 0.0309 ndcg@10: 0.0405 ndcg@20: 0.0515 ] 
2025-10-02 00:05:31,665 - Epoch  57 Validation set [recall@5: 0.0365 recall@10: 0.0600 recall@20: 0.0951 ] [ndcg@5: 0.0314 ndcg@10: 0.0410 ndcg@20: 0.0525 ] 
2025-10-02 00:05:37,099 - Epoch  60 Validation set [recall@5: 0.0368 recall@10: 0.0606 recall@20: 0.0954 ] [ndcg@5: 0.0316 ndcg@10: 0.0412 ndcg@20: 0.0526 ] 
2025-10-02 00:05:42,147 - Epoch  63 Validation set [recall@5: 0.0364 recall@10: 0.0615 recall@20: 0.0964 ] [ndcg@5: 0.0315 ndcg@10: 0.0416 ndcg@20: 0.0531 ] 
2025-10-02 00:05:47,016 - Epoch  66 Validation set [recall@5: 0.0365 recall@10: 0.0617 recall@20: 0.0968 ] [ndcg@5: 0.0315 ndcg@10: 0.0417 ndcg@20: 0.0533 ] 
2025-10-02 00:05:51,973 - Epoch  69 Validation set [recall@5: 0.0380 recall@10: 0.0621 recall@20: 0.0980 ] [ndcg@5: 0.0324 ndcg@10: 0.0421 ndcg@20: 0.0539 ] 
2025-10-02 00:05:56,487 - Epoch  72 Validation set [recall@5: 0.0377 recall@10: 0.0627 recall@20: 0.0981 ] [ndcg@5: 0.0326 ndcg@10: 0.0427 ndcg@20: 0.0543 ] 
2025-10-02 00:06:01,465 - Epoch  75 Validation set [recall@5: 0.0380 recall@10: 0.0623 recall@20: 0.0994 ] [ndcg@5: 0.0327 ndcg@10: 0.0426 ndcg@20: 0.0548 ] 
2025-10-02 00:06:06,662 - Epoch  78 Validation set [recall@5: 0.0380 recall@10: 0.0626 recall@20: 0.0999 ] [ndcg@5: 0.0326 ndcg@10: 0.0425 ndcg@20: 0.0548 ] 
2025-10-02 00:06:11,354 - Epoch  81 Validation set [recall@5: 0.0383 recall@10: 0.0631 recall@20: 0.1002 ] [ndcg@5: 0.0331 ndcg@10: 0.0431 ndcg@20: 0.0554 ] 
2025-10-02 00:06:16,601 - Epoch  84 Validation set [recall@5: 0.0384 recall@10: 0.0627 recall@20: 0.1008 ] [ndcg@5: 0.0332 ndcg@10: 0.0431 ndcg@20: 0.0557 ] 
2025-10-02 00:06:21,326 - Epoch  87 Validation set [recall@5: 0.0390 recall@10: 0.0643 recall@20: 0.1007 ] [ndcg@5: 0.0336 ndcg@10: 0.0438 ndcg@20: 0.0558 ] 
2025-10-02 00:06:26,780 - Epoch  90 Validation set [recall@5: 0.0380 recall@10: 0.0639 recall@20: 0.1006 ] [ndcg@5: 0.0330 ndcg@10: 0.0435 ndcg@20: 0.0557 ] 
2025-10-02 00:06:32,153 - Epoch  93 Validation set [recall@5: 0.0390 recall@10: 0.0638 recall@20: 0.1006 ] [ndcg@5: 0.0335 ndcg@10: 0.0436 ndcg@20: 0.0558 ] 
2025-10-02 00:06:37,376 - Epoch  96 Validation set [recall@5: 0.0393 recall@10: 0.0636 recall@20: 0.1003 ] [ndcg@5: 0.0339 ndcg@10: 0.0437 ndcg@20: 0.0559 ] 
2025-10-02 00:06:42,125 - Epoch  99 Validation set [recall@5: 0.0391 recall@10: 0.0638 recall@20: 0.1015 ] [ndcg@5: 0.0339 ndcg@10: 0.0440 ndcg@20: 0.0564 ] 
2025-10-02 00:06:47,402 - Epoch 102 Validation set [recall@5: 0.0394 recall@10: 0.0636 recall@20: 0.1007 ] [ndcg@5: 0.0342 ndcg@10: 0.0441 ndcg@20: 0.0564 ] 
2025-10-02 00:06:52,164 - Epoch 105 Validation set [recall@5: 0.0394 recall@10: 0.0628 recall@20: 0.1018 ] [ndcg@5: 0.0341 ndcg@10: 0.0436 ndcg@20: 0.0565 ] 
2025-10-02 00:06:56,584 - Epoch 108 Validation set [recall@5: 0.0400 recall@10: 0.0636 recall@20: 0.1011 ] [ndcg@5: 0.0348 ndcg@10: 0.0442 ndcg@20: 0.0566 ] 
2025-10-02 00:07:01,487 - Epoch 111 Validation set [recall@5: 0.0400 recall@10: 0.0629 recall@20: 0.1021 ] [ndcg@5: 0.0346 ndcg@10: 0.0438 ndcg@20: 0.0568 ] 
2025-10-02 00:07:06,961 - Epoch 114 Validation set [recall@5: 0.0402 recall@10: 0.0638 recall@20: 0.1025 ] [ndcg@5: 0.0346 ndcg@10: 0.0441 ndcg@20: 0.0568 ] 
2025-10-02 00:07:10,788 - Epoch 117 Validation set [recall@5: 0.0401 recall@10: 0.0633 recall@20: 0.1027 ] [ndcg@5: 0.0347 ndcg@10: 0.0441 ndcg@20: 0.0571 ] 
2025-10-02 00:07:15,780 - Epoch 120 Validation set [recall@5: 0.0399 recall@10: 0.0639 recall@20: 0.1031 ] [ndcg@5: 0.0346 ndcg@10: 0.0442 ndcg@20: 0.0571 ] 
2025-10-02 00:07:20,497 - Epoch 123 Validation set [recall@5: 0.0393 recall@10: 0.0636 recall@20: 0.1021 ] [ndcg@5: 0.0342 ndcg@10: 0.0441 ndcg@20: 0.0568 ] 
2025-10-02 00:07:25,969 - Epoch 126 Validation set [recall@5: 0.0400 recall@10: 0.0643 recall@20: 0.1025 ] [ndcg@5: 0.0347 ndcg@10: 0.0445 ndcg@20: 0.0570 ] 
2025-10-02 00:07:31,634 - Epoch 129 Validation set [recall@5: 0.0405 recall@10: 0.0642 recall@20: 0.1026 ] [ndcg@5: 0.0348 ndcg@10: 0.0444 ndcg@20: 0.0571 ] 
2025-10-02 00:07:36,604 - Epoch 132 Validation set [recall@5: 0.0409 recall@10: 0.0630 recall@20: 0.1027 ] [ndcg@5: 0.0350 ndcg@10: 0.0439 ndcg@20: 0.0570 ] 
2025-10-02 00:07:41,518 - Epoch 135 Validation set [recall@5: 0.0406 recall@10: 0.0647 recall@20: 0.1029 ] [ndcg@5: 0.0348 ndcg@10: 0.0444 ndcg@20: 0.0571 ] 
2025-10-02 00:07:42,625 - [recall@5: 0.0399 recall@10: 0.0639 recall@20: 0.1031 ] [ndcg@5: 0.0346 ndcg@10: 0.0442 ndcg@20: 0.0571 ] 
2025-10-02 00:07:43,623 - [recall@5: 0.0369 recall@10: 0.0610 recall@20: 0.0963 ] [ndcg@5: 0.0359 ndcg@10: 0.0463 ndcg@20: 0.0591 ] 
2025-10-02 00:07:43,629 - Save model parameters to ./encoder/checkpoint/lightgcn_rgcn/lightgcn_rgcn-Office-2023.pth
2025-10-02 00:07:43,630 - Best Epoch 120. Final test result: {'recall': array([0.03691926, 0.06100656, 0.09625234]), 'ndcg': array([0.03588986, 0.04629085, 0.05912829])}.
