2025-10-02 10:40:02,718 - {'optimizer': {'name': 'adam', 'lr': 0.001, 'weight_decay': 0}, 'train': {'epoch': 3000, 'batch_size': 4096, 'save_model': True, 'loss': 'pairwise', 'test_step': 3, 'reproducible': True, 'seed': 2023, 'patience': 5}, 'test': {'metrics': ['recall', 'ndcg'], 'k': [5, 10, 20], 'batch_size': 1024}, 'data': {'type': 'general_agcf', 'name': 'Office', 'mat_type': 'uai', 'pre_norm': True, 'user_num': 6338, 'item_num': 4461, 'user_item_num': 10799, 'attr_num': 4065}, 'model': {'name': 'lightgcn_rgcn', 'label': 'ori', 'keep_rate': 0.9, 'embedding_size': 64, 'use_unify_layer_num': True, 'layer_num': 3, 'reg_weight': 5e-06, 'amazon': {'keep_rate': 0.9, 'layer_num': 3, 'reg_weight': 1e-07, 'eps': 0.1}, 'yelp': {'keep_rate': 0.9, 'layer_num': 3, 'reg_weight': 1e-06, 'eps': 0.1}, 'steam': {'keep_rate': 0.8, 'layer_num': 3, 'reg_weight': 1e-07, 'eps': 0.2}, 'Office': {'keep_rate': 0.9, 'layer_num': 3, 'reg_weight': 5e-06, 'eps': 0.1}}}
2025-10-02 10:40:06,045 - Epoch   0 Validation set [recall@5: 0.0052 recall@10: 0.0087 recall@20: 0.0151 ] [ndcg@5: 0.0041 ndcg@10: 0.0056 ndcg@20: 0.0077 ] 
2025-10-02 10:40:09,651 - Epoch   3 Validation set [recall@5: 0.0179 recall@10: 0.0312 recall@20: 0.0497 ] [ndcg@5: 0.0146 ndcg@10: 0.0201 ndcg@20: 0.0261 ] 
2025-10-02 10:40:12,865 - Epoch   6 Validation set [recall@5: 0.0232 recall@10: 0.0374 recall@20: 0.0587 ] [ndcg@5: 0.0187 ndcg@10: 0.0244 ndcg@20: 0.0314 ] 
2025-10-02 10:40:16,090 - Epoch   9 Validation set [recall@5: 0.0246 recall@10: 0.0406 recall@20: 0.0640 ] [ndcg@5: 0.0202 ndcg@10: 0.0267 ndcg@20: 0.0344 ] 
2025-10-02 10:40:19,677 - Epoch  12 Validation set [recall@5: 0.0262 recall@10: 0.0423 recall@20: 0.0670 ] [ndcg@5: 0.0217 ndcg@10: 0.0282 ndcg@20: 0.0364 ] 
2025-10-02 10:40:23,243 - Epoch  15 Validation set [recall@5: 0.0268 recall@10: 0.0448 recall@20: 0.0715 ] [ndcg@5: 0.0222 ndcg@10: 0.0295 ndcg@20: 0.0383 ] 
2025-10-02 10:40:26,407 - Epoch  18 Validation set [recall@5: 0.0277 recall@10: 0.0472 recall@20: 0.0750 ] [ndcg@5: 0.0231 ndcg@10: 0.0310 ndcg@20: 0.0403 ] 
2025-10-02 10:40:29,693 - Epoch  21 Validation set [recall@5: 0.0298 recall@10: 0.0501 recall@20: 0.0783 ] [ndcg@5: 0.0247 ndcg@10: 0.0329 ndcg@20: 0.0422 ] 
2025-10-02 10:40:33,011 - Epoch  24 Validation set [recall@5: 0.0306 recall@10: 0.0513 recall@20: 0.0814 ] [ndcg@5: 0.0257 ndcg@10: 0.0340 ndcg@20: 0.0440 ] 
2025-10-02 10:40:36,146 - Epoch  27 Validation set [recall@5: 0.0317 recall@10: 0.0522 recall@20: 0.0826 ] [ndcg@5: 0.0266 ndcg@10: 0.0348 ndcg@20: 0.0449 ] 
2025-10-02 10:40:39,447 - Epoch  30 Validation set [recall@5: 0.0320 recall@10: 0.0532 recall@20: 0.0841 ] [ndcg@5: 0.0269 ndcg@10: 0.0354 ndcg@20: 0.0455 ] 
2025-10-02 10:40:42,734 - Epoch  33 Validation set [recall@5: 0.0318 recall@10: 0.0541 recall@20: 0.0865 ] [ndcg@5: 0.0274 ndcg@10: 0.0365 ndcg@20: 0.0471 ] 
2025-10-02 10:40:46,317 - Epoch  36 Validation set [recall@5: 0.0329 recall@10: 0.0556 recall@20: 0.0867 ] [ndcg@5: 0.0280 ndcg@10: 0.0372 ndcg@20: 0.0474 ] 
2025-10-02 10:40:50,037 - Epoch  39 Validation set [recall@5: 0.0334 recall@10: 0.0562 recall@20: 0.0884 ] [ndcg@5: 0.0280 ndcg@10: 0.0372 ndcg@20: 0.0478 ] 
2025-10-02 10:40:53,282 - Epoch  42 Validation set [recall@5: 0.0338 recall@10: 0.0570 recall@20: 0.0887 ] [ndcg@5: 0.0286 ndcg@10: 0.0379 ndcg@20: 0.0484 ] 
2025-10-02 10:40:56,802 - Epoch  45 Validation set [recall@5: 0.0343 recall@10: 0.0560 recall@20: 0.0907 ] [ndcg@5: 0.0290 ndcg@10: 0.0377 ndcg@20: 0.0492 ] 
2025-10-02 10:41:00,224 - Epoch  48 Validation set [recall@5: 0.0344 recall@10: 0.0578 recall@20: 0.0919 ] [ndcg@5: 0.0291 ndcg@10: 0.0386 ndcg@20: 0.0499 ] 
2025-10-02 10:41:03,828 - Epoch  51 Validation set [recall@5: 0.0350 recall@10: 0.0577 recall@20: 0.0913 ] [ndcg@5: 0.0297 ndcg@10: 0.0389 ndcg@20: 0.0500 ] 
2025-10-02 10:41:07,016 - Epoch  54 Validation set [recall@5: 0.0348 recall@10: 0.0590 recall@20: 0.0915 ] [ndcg@5: 0.0296 ndcg@10: 0.0394 ndcg@20: 0.0502 ] 
2025-10-02 10:41:10,283 - Epoch  57 Validation set [recall@5: 0.0358 recall@10: 0.0599 recall@20: 0.0924 ] [ndcg@5: 0.0304 ndcg@10: 0.0401 ndcg@20: 0.0509 ] 
2025-10-02 10:41:13,888 - Epoch  60 Validation set [recall@5: 0.0355 recall@10: 0.0604 recall@20: 0.0941 ] [ndcg@5: 0.0305 ndcg@10: 0.0405 ndcg@20: 0.0515 ] 
2025-10-02 10:41:17,215 - Epoch  63 Validation set [recall@5: 0.0362 recall@10: 0.0594 recall@20: 0.0945 ] [ndcg@5: 0.0308 ndcg@10: 0.0402 ndcg@20: 0.0518 ] 
2025-10-02 10:41:20,395 - Epoch  66 Validation set [recall@5: 0.0361 recall@10: 0.0615 recall@20: 0.0952 ] [ndcg@5: 0.0309 ndcg@10: 0.0412 ndcg@20: 0.0523 ] 
2025-10-02 10:41:23,632 - Epoch  69 Validation set [recall@5: 0.0363 recall@10: 0.0606 recall@20: 0.0963 ] [ndcg@5: 0.0311 ndcg@10: 0.0409 ndcg@20: 0.0527 ] 
2025-10-02 10:41:26,921 - Epoch  72 Validation set [recall@5: 0.0370 recall@10: 0.0609 recall@20: 0.0968 ] [ndcg@5: 0.0317 ndcg@10: 0.0413 ndcg@20: 0.0532 ] 
2025-10-02 10:41:30,149 - Epoch  75 Validation set [recall@5: 0.0369 recall@10: 0.0616 recall@20: 0.0975 ] [ndcg@5: 0.0319 ndcg@10: 0.0418 ndcg@20: 0.0538 ] 
2025-10-02 10:41:33,377 - Epoch  78 Validation set [recall@5: 0.0373 recall@10: 0.0621 recall@20: 0.0985 ] [ndcg@5: 0.0321 ndcg@10: 0.0421 ndcg@20: 0.0542 ] 
2025-10-02 10:41:36,648 - Epoch  81 Validation set [recall@5: 0.0377 recall@10: 0.0619 recall@20: 0.0993 ] [ndcg@5: 0.0323 ndcg@10: 0.0421 ndcg@20: 0.0546 ] 
2025-10-02 10:41:39,828 - Epoch  84 Validation set [recall@5: 0.0376 recall@10: 0.0631 recall@20: 0.0992 ] [ndcg@5: 0.0322 ndcg@10: 0.0424 ndcg@20: 0.0544 ] 
2025-10-02 10:41:43,098 - Epoch  87 Validation set [recall@5: 0.0376 recall@10: 0.0624 recall@20: 0.0991 ] [ndcg@5: 0.0324 ndcg@10: 0.0425 ndcg@20: 0.0547 ] 
2025-10-02 10:41:46,373 - Epoch  90 Validation set [recall@5: 0.0377 recall@10: 0.0627 recall@20: 0.0992 ] [ndcg@5: 0.0325 ndcg@10: 0.0425 ndcg@20: 0.0547 ] 
2025-10-02 10:41:49,763 - Epoch  93 Validation set [recall@5: 0.0373 recall@10: 0.0624 recall@20: 0.0983 ] [ndcg@5: 0.0325 ndcg@10: 0.0426 ndcg@20: 0.0546 ] 
2025-10-02 10:41:52,952 - Epoch  96 Validation set [recall@5: 0.0379 recall@10: 0.0628 recall@20: 0.0995 ] [ndcg@5: 0.0327 ndcg@10: 0.0427 ndcg@20: 0.0549 ] 
2025-10-02 10:41:56,216 - Epoch  99 Validation set [recall@5: 0.0373 recall@10: 0.0632 recall@20: 0.0998 ] [ndcg@5: 0.0325 ndcg@10: 0.0430 ndcg@20: 0.0551 ] 
2025-10-02 10:41:59,535 - Epoch 102 Validation set [recall@5: 0.0380 recall@10: 0.0633 recall@20: 0.0993 ] [ndcg@5: 0.0332 ndcg@10: 0.0433 ndcg@20: 0.0552 ] 
2025-10-02 10:42:02,681 - Epoch 105 Validation set [recall@5: 0.0378 recall@10: 0.0632 recall@20: 0.1001 ] [ndcg@5: 0.0329 ndcg@10: 0.0431 ndcg@20: 0.0553 ] 
2025-10-02 10:42:06,034 - Epoch 108 Validation set [recall@5: 0.0386 recall@10: 0.0632 recall@20: 0.0998 ] [ndcg@5: 0.0332 ndcg@10: 0.0430 ndcg@20: 0.0552 ] 
2025-10-02 10:42:09,425 - Epoch 111 Validation set [recall@5: 0.0386 recall@10: 0.0642 recall@20: 0.1002 ] [ndcg@5: 0.0334 ndcg@10: 0.0436 ndcg@20: 0.0556 ] 
2025-10-02 10:42:12,783 - Epoch 114 Validation set [recall@5: 0.0389 recall@10: 0.0632 recall@20: 0.1001 ] [ndcg@5: 0.0334 ndcg@10: 0.0432 ndcg@20: 0.0554 ] 
2025-10-02 10:42:16,175 - Epoch 117 Validation set [recall@5: 0.0392 recall@10: 0.0634 recall@20: 0.1010 ] [ndcg@5: 0.0335 ndcg@10: 0.0433 ndcg@20: 0.0558 ] 
2025-10-02 10:42:19,514 - Epoch 120 Validation set [recall@5: 0.0394 recall@10: 0.0634 recall@20: 0.1014 ] [ndcg@5: 0.0338 ndcg@10: 0.0434 ndcg@20: 0.0560 ] 
2025-10-02 10:42:22,888 - Epoch 123 Validation set [recall@5: 0.0395 recall@10: 0.0634 recall@20: 0.1007 ] [ndcg@5: 0.0338 ndcg@10: 0.0435 ndcg@20: 0.0558 ] 
2025-10-02 10:42:26,333 - Epoch 126 Validation set [recall@5: 0.0394 recall@10: 0.0638 recall@20: 0.1017 ] [ndcg@5: 0.0337 ndcg@10: 0.0435 ndcg@20: 0.0560 ] 
2025-10-02 10:42:29,650 - Epoch 129 Validation set [recall@5: 0.0395 recall@10: 0.0636 recall@20: 0.1024 ] [ndcg@5: 0.0339 ndcg@10: 0.0436 ndcg@20: 0.0564 ] 
2025-10-02 10:42:33,045 - Epoch 132 Validation set [recall@5: 0.0390 recall@10: 0.0626 recall@20: 0.1022 ] [ndcg@5: 0.0335 ndcg@10: 0.0431 ndcg@20: 0.0561 ] 
2025-10-02 10:42:36,402 - Epoch 135 Validation set [recall@5: 0.0396 recall@10: 0.0636 recall@20: 0.1023 ] [ndcg@5: 0.0338 ndcg@10: 0.0435 ndcg@20: 0.0563 ] 
2025-10-02 10:42:39,702 - Epoch 138 Validation set [recall@5: 0.0401 recall@10: 0.0631 recall@20: 0.1025 ] [ndcg@5: 0.0341 ndcg@10: 0.0433 ndcg@20: 0.0564 ] 
2025-10-02 10:42:43,014 - Epoch 141 Validation set [recall@5: 0.0396 recall@10: 0.0635 recall@20: 0.1026 ] [ndcg@5: 0.0340 ndcg@10: 0.0437 ndcg@20: 0.0566 ] 
2025-10-02 10:42:46,512 - Epoch 144 Validation set [recall@5: 0.0402 recall@10: 0.0640 recall@20: 0.1036 ] [ndcg@5: 0.0341 ndcg@10: 0.0438 ndcg@20: 0.0569 ] 
2025-10-02 10:42:49,729 - Epoch 147 Validation set [recall@5: 0.0408 recall@10: 0.0641 recall@20: 0.1041 ] [ndcg@5: 0.0348 ndcg@10: 0.0442 ndcg@20: 0.0574 ] 
2025-10-02 10:42:52,976 - Epoch 150 Validation set [recall@5: 0.0410 recall@10: 0.0647 recall@20: 0.1039 ] [ndcg@5: 0.0347 ndcg@10: 0.0443 ndcg@20: 0.0572 ] 
2025-10-02 10:42:56,290 - Epoch 153 Validation set [recall@5: 0.0410 recall@10: 0.0640 recall@20: 0.1031 ] [ndcg@5: 0.0347 ndcg@10: 0.0441 ndcg@20: 0.0570 ] 
2025-10-02 10:42:59,563 - Epoch 156 Validation set [recall@5: 0.0414 recall@10: 0.0638 recall@20: 0.1024 ] [ndcg@5: 0.0350 ndcg@10: 0.0439 ndcg@20: 0.0568 ] 
2025-10-02 10:43:03,344 - Epoch 159 Validation set [recall@5: 0.0413 recall@10: 0.0652 recall@20: 0.1035 ] [ndcg@5: 0.0346 ndcg@10: 0.0442 ndcg@20: 0.0568 ] 
2025-10-02 10:43:06,620 - Epoch 162 Validation set [recall@5: 0.0411 recall@10: 0.0656 recall@20: 0.1032 ] [ndcg@5: 0.0347 ndcg@10: 0.0445 ndcg@20: 0.0569 ] 
2025-10-02 10:43:07,356 - [recall@5: 0.0408 recall@10: 0.0641 recall@20: 0.1041 ] [ndcg@5: 0.0348 ndcg@10: 0.0442 ndcg@20: 0.0574 ] 
2025-10-02 10:43:08,141 - [recall@5: 0.0373 recall@10: 0.0621 recall@20: 0.0978 ] [ndcg@5: 0.0364 ndcg@10: 0.0471 ndcg@20: 0.0601 ] 
2025-10-02 10:43:08,147 - Save model parameters to ./encoder/checkpoint/lightgcn_rgcn/lightgcn_rgcn-Office-2023.pth
2025-10-02 10:43:08,147 - Best Epoch 147. Final test result: {'recall': array([0.03727806, 0.06207286, 0.09781917]), 'ndcg': array([0.03640673, 0.04708628, 0.06010769])}.
