2025-10-02 14:02:17,176 - {'optimizer': {'name': 'adam', 'lr': 0.001, 'weight_decay': 0}, 'train': {'epoch': 3000, 'batch_size': 4096, 'save_model': True, 'loss': 'pairwise', 'test_step': 3, 'reproducible': True, 'seed': 2023, 'patience': 5}, 'test': {'metrics': ['recall', 'ndcg'], 'k': [5, 10, 20], 'batch_size': 1024}, 'data': {'type': 'general_agcf', 'name': 'Office', 'mat_type': 'uai', 'pre_norm': True, 'user_num': 6338, 'item_num': 4461, 'user_item_num': 10799, 'attr_num': 4065}, 'model': {'name': 'lightgcn_rgcn', 'label': 'ori', 'keep_rate': 0.9, 'embedding_size': 64, 'use_unify_layer_num': True, 'layer_num': 6, 'reg_weight': 5e-06, 'amazon': {'keep_rate': 0.9, 'layer_num': 3, 'reg_weight': 1e-07, 'eps': 0.1}, 'yelp': {'keep_rate': 0.9, 'layer_num': 3, 'reg_weight': 1e-06, 'eps': 0.1}, 'steam': {'keep_rate': 0.8, 'layer_num': 3, 'reg_weight': 1e-07, 'eps': 0.2}, 'Office': {'keep_rate': 0.9, 'layer_num': 6, 'reg_weight': 5e-06, 'eps': 0.1}}}
2025-10-02 14:02:21,736 - Epoch   0 Validation set [recall@5: 0.0167 recall@10: 0.0294 recall@20: 0.0484 ] [ndcg@5: 0.0136 ndcg@10: 0.0188 ndcg@20: 0.0250 ] 
2025-10-02 14:02:27,206 - Epoch   3 Validation set [recall@5: 0.0196 recall@10: 0.0307 recall@20: 0.0490 ] [ndcg@5: 0.0156 ndcg@10: 0.0201 ndcg@20: 0.0261 ] 
2025-10-02 14:02:32,189 - Epoch   6 Validation set [recall@5: 0.0235 recall@10: 0.0382 recall@20: 0.0587 ] [ndcg@5: 0.0189 ndcg@10: 0.0249 ndcg@20: 0.0316 ] 
2025-10-02 14:02:36,570 - Epoch   9 Validation set [recall@5: 0.0237 recall@10: 0.0412 recall@20: 0.0635 ] [ndcg@5: 0.0193 ndcg@10: 0.0265 ndcg@20: 0.0338 ] 
2025-10-02 14:02:41,675 - Epoch  12 Validation set [recall@5: 0.0262 recall@10: 0.0434 recall@20: 0.0683 ] [ndcg@5: 0.0215 ndcg@10: 0.0284 ndcg@20: 0.0367 ] 
2025-10-02 14:02:46,930 - Epoch  15 Validation set [recall@5: 0.0275 recall@10: 0.0450 recall@20: 0.0731 ] [ndcg@5: 0.0226 ndcg@10: 0.0296 ndcg@20: 0.0389 ] 
2025-10-02 14:02:51,765 - Epoch  18 Validation set [recall@5: 0.0287 recall@10: 0.0487 recall@20: 0.0760 ] [ndcg@5: 0.0239 ndcg@10: 0.0320 ndcg@20: 0.0410 ] 
2025-10-02 14:02:56,073 - Epoch  21 Validation set [recall@5: 0.0288 recall@10: 0.0493 recall@20: 0.0777 ] [ndcg@5: 0.0244 ndcg@10: 0.0328 ndcg@20: 0.0422 ] 
2025-10-02 14:03:01,086 - Epoch  24 Validation set [recall@5: 0.0296 recall@10: 0.0499 recall@20: 0.0804 ] [ndcg@5: 0.0251 ndcg@10: 0.0334 ndcg@20: 0.0434 ] 
2025-10-02 14:03:05,316 - Epoch  27 Validation set [recall@5: 0.0297 recall@10: 0.0504 recall@20: 0.0820 ] [ndcg@5: 0.0250 ndcg@10: 0.0336 ndcg@20: 0.0439 ] 
2025-10-02 14:03:09,986 - Epoch  30 Validation set [recall@5: 0.0304 recall@10: 0.0509 recall@20: 0.0823 ] [ndcg@5: 0.0259 ndcg@10: 0.0341 ndcg@20: 0.0445 ] 
2025-10-02 14:03:14,475 - Epoch  33 Validation set [recall@5: 0.0306 recall@10: 0.0516 recall@20: 0.0847 ] [ndcg@5: 0.0263 ndcg@10: 0.0347 ndcg@20: 0.0457 ] 
2025-10-02 14:03:18,969 - Epoch  36 Validation set [recall@5: 0.0312 recall@10: 0.0523 recall@20: 0.0852 ] [ndcg@5: 0.0267 ndcg@10: 0.0352 ndcg@20: 0.0461 ] 
2025-10-02 14:03:23,624 - Epoch  39 Validation set [recall@5: 0.0322 recall@10: 0.0532 recall@20: 0.0852 ] [ndcg@5: 0.0267 ndcg@10: 0.0351 ndcg@20: 0.0457 ] 
2025-10-02 14:03:28,382 - Epoch  42 Validation set [recall@5: 0.0327 recall@10: 0.0533 recall@20: 0.0859 ] [ndcg@5: 0.0273 ndcg@10: 0.0355 ndcg@20: 0.0464 ] 
2025-10-02 14:03:32,744 - Epoch  45 Validation set [recall@5: 0.0318 recall@10: 0.0539 recall@20: 0.0850 ] [ndcg@5: 0.0271 ndcg@10: 0.0359 ndcg@20: 0.0463 ] 
2025-10-02 14:03:37,599 - Epoch  48 Validation set [recall@5: 0.0328 recall@10: 0.0539 recall@20: 0.0889 ] [ndcg@5: 0.0278 ndcg@10: 0.0363 ndcg@20: 0.0478 ] 
2025-10-02 14:03:42,255 - Epoch  51 Validation set [recall@5: 0.0333 recall@10: 0.0547 recall@20: 0.0880 ] [ndcg@5: 0.0280 ndcg@10: 0.0366 ndcg@20: 0.0476 ] 
2025-10-02 14:03:47,706 - Epoch  54 Validation set [recall@5: 0.0326 recall@10: 0.0557 recall@20: 0.0897 ] [ndcg@5: 0.0279 ndcg@10: 0.0372 ndcg@20: 0.0485 ] 
2025-10-02 14:03:52,618 - Epoch  57 Validation set [recall@5: 0.0332 recall@10: 0.0564 recall@20: 0.0902 ] [ndcg@5: 0.0283 ndcg@10: 0.0377 ndcg@20: 0.0488 ] 
2025-10-02 14:03:57,376 - Epoch  60 Validation set [recall@5: 0.0336 recall@10: 0.0571 recall@20: 0.0905 ] [ndcg@5: 0.0286 ndcg@10: 0.0381 ndcg@20: 0.0492 ] 
2025-10-02 14:04:02,183 - Epoch  63 Validation set [recall@5: 0.0341 recall@10: 0.0570 recall@20: 0.0914 ] [ndcg@5: 0.0294 ndcg@10: 0.0387 ndcg@20: 0.0501 ] 
2025-10-02 14:04:06,767 - Epoch  66 Validation set [recall@5: 0.0342 recall@10: 0.0579 recall@20: 0.0917 ] [ndcg@5: 0.0293 ndcg@10: 0.0389 ndcg@20: 0.0501 ] 
2025-10-02 14:04:11,424 - Epoch  69 Validation set [recall@5: 0.0345 recall@10: 0.0580 recall@20: 0.0931 ] [ndcg@5: 0.0293 ndcg@10: 0.0389 ndcg@20: 0.0504 ] 
2025-10-02 14:04:15,999 - Epoch  72 Validation set [recall@5: 0.0352 recall@10: 0.0585 recall@20: 0.0925 ] [ndcg@5: 0.0300 ndcg@10: 0.0395 ndcg@20: 0.0508 ] 
2025-10-02 14:04:21,117 - Epoch  75 Validation set [recall@5: 0.0354 recall@10: 0.0591 recall@20: 0.0926 ] [ndcg@5: 0.0303 ndcg@10: 0.0399 ndcg@20: 0.0510 ] 
2025-10-02 14:04:25,816 - Epoch  78 Validation set [recall@5: 0.0354 recall@10: 0.0585 recall@20: 0.0938 ] [ndcg@5: 0.0301 ndcg@10: 0.0394 ndcg@20: 0.0511 ] 
2025-10-02 14:04:31,285 - Epoch  81 Validation set [recall@5: 0.0364 recall@10: 0.0594 recall@20: 0.0961 ] [ndcg@5: 0.0308 ndcg@10: 0.0401 ndcg@20: 0.0522 ] 
2025-10-02 14:04:36,202 - Epoch  84 Validation set [recall@5: 0.0361 recall@10: 0.0587 recall@20: 0.0947 ] [ndcg@5: 0.0305 ndcg@10: 0.0397 ndcg@20: 0.0515 ] 
2025-10-02 14:04:41,212 - Epoch  87 Validation set [recall@5: 0.0369 recall@10: 0.0591 recall@20: 0.0943 ] [ndcg@5: 0.0310 ndcg@10: 0.0401 ndcg@20: 0.0517 ] 
2025-10-02 14:04:46,419 - Epoch  90 Validation set [recall@5: 0.0363 recall@10: 0.0605 recall@20: 0.0952 ] [ndcg@5: 0.0307 ndcg@10: 0.0406 ndcg@20: 0.0520 ] 
2025-10-02 14:04:50,947 - Epoch  93 Validation set [recall@5: 0.0357 recall@10: 0.0604 recall@20: 0.0952 ] [ndcg@5: 0.0307 ndcg@10: 0.0408 ndcg@20: 0.0523 ] 
2025-10-02 14:04:55,378 - Epoch  96 Validation set [recall@5: 0.0368 recall@10: 0.0608 recall@20: 0.0961 ] [ndcg@5: 0.0311 ndcg@10: 0.0410 ndcg@20: 0.0526 ] 
2025-10-02 14:04:56,389 - [recall@5: 0.0364 recall@10: 0.0594 recall@20: 0.0961 ] [ndcg@5: 0.0308 ndcg@10: 0.0401 ndcg@20: 0.0522 ] 
2025-10-02 14:04:57,347 - [recall@5: 0.0342 recall@10: 0.0548 recall@20: 0.0900 ] [ndcg@5: 0.0328 ndcg@10: 0.0417 ndcg@20: 0.0546 ] 
2025-10-02 14:04:57,354 - Save model parameters to ./encoder/checkpoint/lightgcn_rgcn/lightgcn_rgcn-Office-2023.pth
2025-10-02 14:04:57,355 - Best Epoch 81. Final test result: {'recall': array([0.03418525, 0.05481042, 0.09001301]), 'ndcg': array([0.03282239, 0.0416707 , 0.05456072])}.
