2025-10-01 23:21:13,349 - {'optimizer': {'name': 'adam', 'lr': 0.001, 'weight_decay': 0}, 'train': {'epoch': 3000, 'batch_size': 4096, 'save_model': True, 'loss': 'pairwise', 'test_step': 3, 'reproducible': True, 'seed': 2023, 'patience': 5}, 'test': {'metrics': ['recall', 'ndcg'], 'k': [5, 10, 20], 'batch_size': 1024}, 'data': {'type': 'general_agcf', 'name': 'Office', 'mat_type': 'uai', 'pre_norm': True, 'user_num': 6338, 'item_num': 4461, 'user_item_num': 10799, 'attr_num': 4065}, 'model': {'name': 'lightgcn_rgcn', 'label': 'ori', 'keep_rate': 0.9, 'embedding_size': 64, 'use_unify_layer_num': True, 'layer_num': 3, 'reg_weight': 5e-06, 'amazon': {'keep_rate': 0.9, 'layer_num': 3, 'reg_weight': 1e-07, 'eps': 0.1}, 'yelp': {'keep_rate': 0.9, 'layer_num': 3, 'reg_weight': 1e-06, 'eps': 0.1}, 'steam': {'keep_rate': 0.8, 'layer_num': 3, 'reg_weight': 1e-07, 'eps': 0.2}, 'Office': {'keep_rate': 0.9, 'layer_num': 3, 'reg_weight': 5e-06, 'eps': 0.1}}}
2025-10-01 23:21:17,081 - Epoch   0 Validation set [recall@5: 0.0052 recall@10: 0.0087 recall@20: 0.0151 ] [ndcg@5: 0.0041 ndcg@10: 0.0056 ndcg@20: 0.0077 ] 
2025-10-01 23:21:22,891 - Epoch   3 Validation set [recall@5: 0.0179 recall@10: 0.0312 recall@20: 0.0497 ] [ndcg@5: 0.0146 ndcg@10: 0.0201 ndcg@20: 0.0261 ] 
2025-10-01 23:21:27,781 - Epoch   6 Validation set [recall@5: 0.0232 recall@10: 0.0374 recall@20: 0.0587 ] [ndcg@5: 0.0187 ndcg@10: 0.0244 ndcg@20: 0.0314 ] 
2025-10-01 23:21:33,518 - Epoch   9 Validation set [recall@5: 0.0244 recall@10: 0.0406 recall@20: 0.0639 ] [ndcg@5: 0.0201 ndcg@10: 0.0267 ndcg@20: 0.0343 ] 
2025-10-01 23:21:38,968 - Epoch  12 Validation set [recall@5: 0.0261 recall@10: 0.0424 recall@20: 0.0670 ] [ndcg@5: 0.0215 ndcg@10: 0.0281 ndcg@20: 0.0362 ] 
2025-10-01 23:21:43,874 - Epoch  15 Validation set [recall@5: 0.0268 recall@10: 0.0448 recall@20: 0.0710 ] [ndcg@5: 0.0223 ndcg@10: 0.0296 ndcg@20: 0.0382 ] 
2025-10-01 23:21:49,029 - Epoch  18 Validation set [recall@5: 0.0279 recall@10: 0.0476 recall@20: 0.0754 ] [ndcg@5: 0.0232 ndcg@10: 0.0312 ndcg@20: 0.0404 ] 
2025-10-01 23:21:53,874 - Epoch  21 Validation set [recall@5: 0.0300 recall@10: 0.0501 recall@20: 0.0789 ] [ndcg@5: 0.0248 ndcg@10: 0.0330 ndcg@20: 0.0424 ] 
2025-10-01 23:21:58,769 - Epoch  24 Validation set [recall@5: 0.0309 recall@10: 0.0509 recall@20: 0.0818 ] [ndcg@5: 0.0258 ndcg@10: 0.0338 ndcg@20: 0.0440 ] 
2025-10-01 23:22:03,806 - Epoch  27 Validation set [recall@5: 0.0310 recall@10: 0.0523 recall@20: 0.0825 ] [ndcg@5: 0.0262 ndcg@10: 0.0348 ndcg@20: 0.0448 ] 
2025-10-01 23:22:09,496 - Epoch  30 Validation set [recall@5: 0.0318 recall@10: 0.0538 recall@20: 0.0840 ] [ndcg@5: 0.0269 ndcg@10: 0.0358 ndcg@20: 0.0457 ] 
2025-10-01 23:22:15,084 - Epoch  33 Validation set [recall@5: 0.0323 recall@10: 0.0533 recall@20: 0.0863 ] [ndcg@5: 0.0277 ndcg@10: 0.0362 ndcg@20: 0.0470 ] 
2025-10-01 23:22:20,237 - Epoch  36 Validation set [recall@5: 0.0330 recall@10: 0.0554 recall@20: 0.0870 ] [ndcg@5: 0.0281 ndcg@10: 0.0371 ndcg@20: 0.0476 ] 
2025-10-01 23:22:25,066 - Epoch  39 Validation set [recall@5: 0.0336 recall@10: 0.0565 recall@20: 0.0884 ] [ndcg@5: 0.0281 ndcg@10: 0.0373 ndcg@20: 0.0478 ] 
2025-10-01 23:22:30,652 - Epoch  42 Validation set [recall@5: 0.0336 recall@10: 0.0572 recall@20: 0.0889 ] [ndcg@5: 0.0284 ndcg@10: 0.0379 ndcg@20: 0.0484 ] 
2025-10-01 23:22:36,064 - Epoch  45 Validation set [recall@5: 0.0339 recall@10: 0.0569 recall@20: 0.0906 ] [ndcg@5: 0.0288 ndcg@10: 0.0380 ndcg@20: 0.0492 ] 
2025-10-01 23:22:41,515 - Epoch  48 Validation set [recall@5: 0.0341 recall@10: 0.0582 recall@20: 0.0920 ] [ndcg@5: 0.0289 ndcg@10: 0.0386 ndcg@20: 0.0498 ] 
2025-10-01 23:22:46,028 - Epoch  51 Validation set [recall@5: 0.0349 recall@10: 0.0580 recall@20: 0.0919 ] [ndcg@5: 0.0297 ndcg@10: 0.0390 ndcg@20: 0.0502 ] 
2025-10-01 23:22:50,559 - Epoch  54 Validation set [recall@5: 0.0348 recall@10: 0.0594 recall@20: 0.0921 ] [ndcg@5: 0.0294 ndcg@10: 0.0393 ndcg@20: 0.0501 ] 
2025-10-01 23:22:55,207 - Epoch  57 Validation set [recall@5: 0.0359 recall@10: 0.0601 recall@20: 0.0926 ] [ndcg@5: 0.0304 ndcg@10: 0.0401 ndcg@20: 0.0509 ] 
2025-10-01 23:23:00,676 - Epoch  60 Validation set [recall@5: 0.0356 recall@10: 0.0602 recall@20: 0.0939 ] [ndcg@5: 0.0304 ndcg@10: 0.0404 ndcg@20: 0.0515 ] 
2025-10-01 23:23:06,201 - Epoch  63 Validation set [recall@5: 0.0364 recall@10: 0.0598 recall@20: 0.0943 ] [ndcg@5: 0.0309 ndcg@10: 0.0403 ndcg@20: 0.0518 ] 
2025-10-01 23:23:11,511 - Epoch  66 Validation set [recall@5: 0.0359 recall@10: 0.0616 recall@20: 0.0952 ] [ndcg@5: 0.0309 ndcg@10: 0.0413 ndcg@20: 0.0524 ] 
2025-10-01 23:23:16,731 - Epoch  69 Validation set [recall@5: 0.0361 recall@10: 0.0610 recall@20: 0.0963 ] [ndcg@5: 0.0311 ndcg@10: 0.0413 ndcg@20: 0.0529 ] 
2025-10-01 23:23:21,205 - Epoch  72 Validation set [recall@5: 0.0367 recall@10: 0.0609 recall@20: 0.0969 ] [ndcg@5: 0.0315 ndcg@10: 0.0413 ndcg@20: 0.0532 ] 
2025-10-01 23:23:26,816 - Epoch  75 Validation set [recall@5: 0.0367 recall@10: 0.0615 recall@20: 0.0971 ] [ndcg@5: 0.0318 ndcg@10: 0.0418 ndcg@20: 0.0536 ] 
2025-10-01 23:23:32,209 - Epoch  78 Validation set [recall@5: 0.0370 recall@10: 0.0620 recall@20: 0.0988 ] [ndcg@5: 0.0319 ndcg@10: 0.0420 ndcg@20: 0.0542 ] 
2025-10-01 23:23:37,166 - Epoch  81 Validation set [recall@5: 0.0370 recall@10: 0.0619 recall@20: 0.0990 ] [ndcg@5: 0.0320 ndcg@10: 0.0420 ndcg@20: 0.0544 ] 
2025-10-01 23:23:43,045 - Epoch  84 Validation set [recall@5: 0.0375 recall@10: 0.0628 recall@20: 0.0991 ] [ndcg@5: 0.0322 ndcg@10: 0.0423 ndcg@20: 0.0544 ] 
2025-10-01 23:23:48,445 - Epoch  87 Validation set [recall@5: 0.0368 recall@10: 0.0626 recall@20: 0.0989 ] [ndcg@5: 0.0320 ndcg@10: 0.0425 ndcg@20: 0.0546 ] 
2025-10-01 23:23:53,215 - Epoch  90 Validation set [recall@5: 0.0369 recall@10: 0.0627 recall@20: 0.0991 ] [ndcg@5: 0.0322 ndcg@10: 0.0427 ndcg@20: 0.0549 ] 
2025-10-01 23:23:57,566 - Epoch  93 Validation set [recall@5: 0.0364 recall@10: 0.0625 recall@20: 0.0990 ] [ndcg@5: 0.0323 ndcg@10: 0.0430 ndcg@20: 0.0551 ] 
2025-10-01 23:24:01,176 - Epoch  96 Validation set [recall@5: 0.0376 recall@10: 0.0625 recall@20: 0.0994 ] [ndcg@5: 0.0327 ndcg@10: 0.0427 ndcg@20: 0.0550 ] 
2025-10-01 23:24:07,017 - Epoch  99 Validation set [recall@5: 0.0377 recall@10: 0.0636 recall@20: 0.0997 ] [ndcg@5: 0.0329 ndcg@10: 0.0433 ndcg@20: 0.0553 ] 
2025-10-01 23:24:12,163 - Epoch 102 Validation set [recall@5: 0.0380 recall@10: 0.0638 recall@20: 0.1004 ] [ndcg@5: 0.0332 ndcg@10: 0.0435 ndcg@20: 0.0556 ] 
2025-10-01 23:24:17,611 - Epoch 105 Validation set [recall@5: 0.0381 recall@10: 0.0632 recall@20: 0.1002 ] [ndcg@5: 0.0332 ndcg@10: 0.0434 ndcg@20: 0.0556 ] 
2025-10-01 23:24:22,987 - Epoch 108 Validation set [recall@5: 0.0385 recall@10: 0.0633 recall@20: 0.0998 ] [ndcg@5: 0.0332 ndcg@10: 0.0432 ndcg@20: 0.0553 ] 
2025-10-01 23:24:28,259 - Epoch 111 Validation set [recall@5: 0.0384 recall@10: 0.0635 recall@20: 0.1003 ] [ndcg@5: 0.0336 ndcg@10: 0.0437 ndcg@20: 0.0558 ] 
2025-10-01 23:24:32,963 - Epoch 114 Validation set [recall@5: 0.0388 recall@10: 0.0632 recall@20: 0.0999 ] [ndcg@5: 0.0336 ndcg@10: 0.0435 ndcg@20: 0.0556 ] 
2025-10-01 23:24:38,170 - Epoch 117 Validation set [recall@5: 0.0394 recall@10: 0.0632 recall@20: 0.1006 ] [ndcg@5: 0.0338 ndcg@10: 0.0434 ndcg@20: 0.0558 ] 
2025-10-01 23:24:43,332 - Epoch 120 Validation set [recall@5: 0.0392 recall@10: 0.0628 recall@20: 0.1007 ] [ndcg@5: 0.0337 ndcg@10: 0.0432 ndcg@20: 0.0557 ] 
2025-10-01 23:24:48,505 - Epoch 123 Validation set [recall@5: 0.0392 recall@10: 0.0629 recall@20: 0.1012 ] [ndcg@5: 0.0340 ndcg@10: 0.0435 ndcg@20: 0.0562 ] 
2025-10-01 23:24:53,978 - Epoch 126 Validation set [recall@5: 0.0392 recall@10: 0.0630 recall@20: 0.1017 ] [ndcg@5: 0.0337 ndcg@10: 0.0433 ndcg@20: 0.0561 ] 
2025-10-01 23:24:58,661 - Epoch 129 Validation set [recall@5: 0.0396 recall@10: 0.0638 recall@20: 0.1021 ] [ndcg@5: 0.0342 ndcg@10: 0.0439 ndcg@20: 0.0565 ] 
2025-10-01 23:25:03,581 - Epoch 132 Validation set [recall@5: 0.0390 recall@10: 0.0622 recall@20: 0.1017 ] [ndcg@5: 0.0337 ndcg@10: 0.0431 ndcg@20: 0.0561 ] 
2025-10-01 23:25:09,067 - Epoch 135 Validation set [recall@5: 0.0400 recall@10: 0.0634 recall@20: 0.1023 ] [ndcg@5: 0.0343 ndcg@10: 0.0438 ndcg@20: 0.0566 ] 
2025-10-01 23:25:14,824 - Epoch 138 Validation set [recall@5: 0.0410 recall@10: 0.0626 recall@20: 0.1029 ] [ndcg@5: 0.0345 ndcg@10: 0.0432 ndcg@20: 0.0565 ] 
2025-10-01 23:25:20,046 - Epoch 141 Validation set [recall@5: 0.0401 recall@10: 0.0626 recall@20: 0.1034 ] [ndcg@5: 0.0342 ndcg@10: 0.0433 ndcg@20: 0.0568 ] 
2025-10-01 23:25:25,459 - Epoch 144 Validation set [recall@5: 0.0411 recall@10: 0.0635 recall@20: 0.1032 ] [ndcg@5: 0.0347 ndcg@10: 0.0437 ndcg@20: 0.0569 ] 
2025-10-01 23:25:30,683 - Epoch 147 Validation set [recall@5: 0.0410 recall@10: 0.0638 recall@20: 0.1043 ] [ndcg@5: 0.0347 ndcg@10: 0.0440 ndcg@20: 0.0573 ] 
2025-10-01 23:25:35,976 - Epoch 150 Validation set [recall@5: 0.0415 recall@10: 0.0640 recall@20: 0.1035 ] [ndcg@5: 0.0353 ndcg@10: 0.0443 ndcg@20: 0.0574 ] 
2025-10-01 23:25:41,424 - Epoch 153 Validation set [recall@5: 0.0417 recall@10: 0.0636 recall@20: 0.1030 ] [ndcg@5: 0.0349 ndcg@10: 0.0438 ndcg@20: 0.0568 ] 
2025-10-01 23:25:46,715 - Epoch 156 Validation set [recall@5: 0.0419 recall@10: 0.0630 recall@20: 0.1022 ] [ndcg@5: 0.0350 ndcg@10: 0.0435 ndcg@20: 0.0565 ] 
2025-10-01 23:25:51,061 - Epoch 159 Validation set [recall@5: 0.0415 recall@10: 0.0644 recall@20: 0.1028 ] [ndcg@5: 0.0349 ndcg@10: 0.0441 ndcg@20: 0.0568 ] 
2025-10-01 23:25:56,261 - Epoch 162 Validation set [recall@5: 0.0413 recall@10: 0.0647 recall@20: 0.1031 ] [ndcg@5: 0.0348 ndcg@10: 0.0442 ndcg@20: 0.0569 ] 
2025-10-01 23:25:57,131 - [recall@5: 0.0410 recall@10: 0.0638 recall@20: 0.1043 ] [ndcg@5: 0.0347 ndcg@10: 0.0440 ndcg@20: 0.0573 ] 
2025-10-01 23:25:58,018 - [recall@5: 0.0368 recall@10: 0.0619 recall@20: 0.0990 ] [ndcg@5: 0.0361 ndcg@10: 0.0469 ndcg@20: 0.0604 ] 
2025-10-01 23:25:58,026 - Save model parameters to ./encoder/checkpoint/lightgcn_rgcn/lightgcn_rgcn-Office-2023.pth
2025-10-01 23:25:58,026 - Best Epoch 147. Final test result: {'recall': array([0.03677655, 0.061901  , 0.09895266]), 'ndcg': array([0.03606089, 0.04691632, 0.06040468])}.
