2025-10-02 00:45:53,452 - {'optimizer': {'name': 'adam', 'lr': 0.001, 'weight_decay': 0}, 'train': {'epoch': 3000, 'batch_size': 4096, 'save_model': True, 'loss': 'pairwise', 'test_step': 3, 'reproducible': True, 'seed': 2023, 'patience': 5}, 'test': {'metrics': ['recall', 'ndcg'], 'k': [5, 10, 20], 'batch_size': 1024}, 'data': {'type': 'general_agcf', 'name': 'Office', 'mat_type': 'uai', 'pre_norm': True, 'user_num': 6338, 'item_num': 4461, 'user_item_num': 10799, 'attr_num': 4065}, 'model': {'name': 'lightgcn_rgcn', 'label': 'ori', 'keep_rate': 0.9, 'embedding_size': 64, 'use_unify_layer_num': True, 'layer_num': 10, 'reg_weight': 5e-06, 'amazon': {'keep_rate': 0.9, 'layer_num': 3, 'reg_weight': 1e-07, 'eps': 0.1}, 'yelp': {'keep_rate': 0.9, 'layer_num': 3, 'reg_weight': 1e-06, 'eps': 0.1}, 'steam': {'keep_rate': 0.8, 'layer_num': 3, 'reg_weight': 1e-07, 'eps': 0.2}, 'Office': {'keep_rate': 0.9, 'layer_num': 10, 'reg_weight': 5e-06, 'eps': 0.1}}}
2025-10-02 00:45:57,848 - Epoch   0 Validation set [recall@5: 0.0195 recall@10: 0.0307 recall@20: 0.0480 ] [ndcg@5: 0.0154 ndcg@10: 0.0200 ndcg@20: 0.0257 ] 
2025-10-02 00:46:04,910 - Epoch   3 Validation set [recall@5: 0.0196 recall@10: 0.0305 recall@20: 0.0481 ] [ndcg@5: 0.0156 ndcg@10: 0.0200 ndcg@20: 0.0258 ] 
2025-10-02 00:46:11,679 - Epoch   6 Validation set [recall@5: 0.0196 recall@10: 0.0305 recall@20: 0.0472 ] [ndcg@5: 0.0156 ndcg@10: 0.0200 ndcg@20: 0.0254 ] 
2025-10-02 00:46:17,784 - Epoch   9 Validation set [recall@5: 0.0196 recall@10: 0.0305 recall@20: 0.0469 ] [ndcg@5: 0.0156 ndcg@10: 0.0201 ndcg@20: 0.0253 ] 
2025-10-02 00:46:25,101 - Epoch  12 Validation set [recall@5: 0.0199 recall@10: 0.0331 recall@20: 0.0506 ] [ndcg@5: 0.0158 ndcg@10: 0.0211 ndcg@20: 0.0268 ] 
2025-10-02 00:46:32,206 - Epoch  15 Validation set [recall@5: 0.0217 recall@10: 0.0349 recall@20: 0.0526 ] [ndcg@5: 0.0174 ndcg@10: 0.0229 ndcg@20: 0.0286 ] 
2025-10-02 00:46:38,938 - Epoch  18 Validation set [recall@5: 0.0234 recall@10: 0.0377 recall@20: 0.0571 ] [ndcg@5: 0.0187 ndcg@10: 0.0245 ndcg@20: 0.0308 ] 
2025-10-02 00:46:45,024 - Epoch  21 Validation set [recall@5: 0.0245 recall@10: 0.0391 recall@20: 0.0614 ] [ndcg@5: 0.0199 ndcg@10: 0.0258 ndcg@20: 0.0331 ] 
2025-10-02 00:46:51,728 - Epoch  24 Validation set [recall@5: 0.0249 recall@10: 0.0393 recall@20: 0.0616 ] [ndcg@5: 0.0202 ndcg@10: 0.0261 ndcg@20: 0.0334 ] 
2025-10-02 00:46:58,142 - Epoch  27 Validation set [recall@5: 0.0257 recall@10: 0.0415 recall@20: 0.0649 ] [ndcg@5: 0.0212 ndcg@10: 0.0275 ndcg@20: 0.0352 ] 
2025-10-02 00:47:04,097 - Epoch  30 Validation set [recall@5: 0.0265 recall@10: 0.0436 recall@20: 0.0681 ] [ndcg@5: 0.0219 ndcg@10: 0.0289 ndcg@20: 0.0370 ] 
2025-10-02 00:47:11,448 - Epoch  33 Validation set [recall@5: 0.0261 recall@10: 0.0446 recall@20: 0.0701 ] [ndcg@5: 0.0218 ndcg@10: 0.0292 ndcg@20: 0.0377 ] 
2025-10-02 00:47:18,491 - Epoch  36 Validation set [recall@5: 0.0261 recall@10: 0.0447 recall@20: 0.0703 ] [ndcg@5: 0.0216 ndcg@10: 0.0291 ndcg@20: 0.0375 ] 
2025-10-02 00:47:24,406 - Epoch  39 Validation set [recall@5: 0.0267 recall@10: 0.0450 recall@20: 0.0708 ] [ndcg@5: 0.0222 ndcg@10: 0.0296 ndcg@20: 0.0382 ] 
2025-10-02 00:47:31,754 - Epoch  42 Validation set [recall@5: 0.0265 recall@10: 0.0446 recall@20: 0.0711 ] [ndcg@5: 0.0222 ndcg@10: 0.0295 ndcg@20: 0.0382 ] 
2025-10-02 00:47:38,713 - Epoch  45 Validation set [recall@5: 0.0269 recall@10: 0.0459 recall@20: 0.0715 ] [ndcg@5: 0.0225 ndcg@10: 0.0301 ndcg@20: 0.0386 ] 
2025-10-02 00:47:45,253 - Epoch  48 Validation set [recall@5: 0.0287 recall@10: 0.0469 recall@20: 0.0744 ] [ndcg@5: 0.0232 ndcg@10: 0.0306 ndcg@20: 0.0396 ] 
2025-10-02 00:47:50,819 - Epoch  51 Validation set [recall@5: 0.0272 recall@10: 0.0469 recall@20: 0.0747 ] [ndcg@5: 0.0226 ndcg@10: 0.0306 ndcg@20: 0.0398 ] 
2025-10-02 00:47:57,844 - Epoch  54 Validation set [recall@5: 0.0288 recall@10: 0.0471 recall@20: 0.0745 ] [ndcg@5: 0.0235 ndcg@10: 0.0309 ndcg@20: 0.0400 ] 
2025-10-02 00:48:04,955 - Epoch  57 Validation set [recall@5: 0.0284 recall@10: 0.0470 recall@20: 0.0740 ] [ndcg@5: 0.0234 ndcg@10: 0.0309 ndcg@20: 0.0398 ] 
2025-10-02 00:48:11,217 - Epoch  60 Validation set [recall@5: 0.0291 recall@10: 0.0473 recall@20: 0.0760 ] [ndcg@5: 0.0238 ndcg@10: 0.0312 ndcg@20: 0.0407 ] 
2025-10-02 00:48:18,309 - Epoch  63 Validation set [recall@5: 0.0293 recall@10: 0.0482 recall@20: 0.0765 ] [ndcg@5: 0.0243 ndcg@10: 0.0319 ndcg@20: 0.0413 ] 
2025-10-02 00:48:25,546 - Epoch  66 Validation set [recall@5: 0.0288 recall@10: 0.0494 recall@20: 0.0762 ] [ndcg@5: 0.0241 ndcg@10: 0.0324 ndcg@20: 0.0412 ] 
2025-10-02 00:48:31,595 - Epoch  69 Validation set [recall@5: 0.0298 recall@10: 0.0489 recall@20: 0.0767 ] [ndcg@5: 0.0248 ndcg@10: 0.0325 ndcg@20: 0.0416 ] 
2025-10-02 00:48:37,891 - Epoch  72 Validation set [recall@5: 0.0293 recall@10: 0.0485 recall@20: 0.0769 ] [ndcg@5: 0.0246 ndcg@10: 0.0324 ndcg@20: 0.0418 ] 
2025-10-02 00:48:44,905 - Epoch  75 Validation set [recall@5: 0.0300 recall@10: 0.0492 recall@20: 0.0773 ] [ndcg@5: 0.0250 ndcg@10: 0.0328 ndcg@20: 0.0420 ] 
2025-10-02 00:48:51,656 - Epoch  78 Validation set [recall@5: 0.0291 recall@10: 0.0490 recall@20: 0.0760 ] [ndcg@5: 0.0244 ndcg@10: 0.0326 ndcg@20: 0.0414 ] 
2025-10-02 00:48:58,390 - Epoch  81 Validation set [recall@5: 0.0301 recall@10: 0.0490 recall@20: 0.0776 ] [ndcg@5: 0.0248 ndcg@10: 0.0324 ndcg@20: 0.0419 ] 
2025-10-02 00:49:04,816 - Epoch  84 Validation set [recall@5: 0.0295 recall@10: 0.0501 recall@20: 0.0787 ] [ndcg@5: 0.0247 ndcg@10: 0.0330 ndcg@20: 0.0424 ] 
2025-10-02 00:49:11,721 - Epoch  87 Validation set [recall@5: 0.0304 recall@10: 0.0505 recall@20: 0.0791 ] [ndcg@5: 0.0253 ndcg@10: 0.0333 ndcg@20: 0.0427 ] 
2025-10-02 00:49:17,429 - Epoch  90 Validation set [recall@5: 0.0291 recall@10: 0.0505 recall@20: 0.0791 ] [ndcg@5: 0.0246 ndcg@10: 0.0332 ndcg@20: 0.0426 ] 
2025-10-02 00:49:24,857 - Epoch  93 Validation set [recall@5: 0.0303 recall@10: 0.0506 recall@20: 0.0780 ] [ndcg@5: 0.0248 ndcg@10: 0.0330 ndcg@20: 0.0420 ] 
2025-10-02 00:49:31,505 - Epoch  96 Validation set [recall@5: 0.0284 recall@10: 0.0490 recall@20: 0.0779 ] [ndcg@5: 0.0234 ndcg@10: 0.0317 ndcg@20: 0.0412 ] 
2025-10-02 00:49:37,476 - Epoch  99 Validation set [recall@5: 0.0312 recall@10: 0.0502 recall@20: 0.0799 ] [ndcg@5: 0.0257 ndcg@10: 0.0334 ndcg@20: 0.0432 ] 
2025-10-02 00:49:44,543 - Epoch 102 Validation set [recall@5: 0.0309 recall@10: 0.0497 recall@20: 0.0797 ] [ndcg@5: 0.0252 ndcg@10: 0.0328 ndcg@20: 0.0426 ] 
2025-10-02 00:49:51,266 - Epoch 105 Validation set [recall@5: 0.0313 recall@10: 0.0520 recall@20: 0.0810 ] [ndcg@5: 0.0258 ndcg@10: 0.0340 ndcg@20: 0.0435 ] 
2025-10-02 00:49:57,340 - Epoch 108 Validation set [recall@5: 0.0316 recall@10: 0.0505 recall@20: 0.0796 ] [ndcg@5: 0.0258 ndcg@10: 0.0335 ndcg@20: 0.0431 ] 
2025-10-02 00:50:03,529 - Epoch 111 Validation set [recall@5: 0.0310 recall@10: 0.0492 recall@20: 0.0795 ] [ndcg@5: 0.0253 ndcg@10: 0.0328 ndcg@20: 0.0427 ] 
2025-10-02 00:50:10,418 - Epoch 114 Validation set [recall@5: 0.0314 recall@10: 0.0519 recall@20: 0.0799 ] [ndcg@5: 0.0259 ndcg@10: 0.0341 ndcg@20: 0.0432 ] 
2025-10-02 00:50:17,337 - Epoch 117 Validation set [recall@5: 0.0320 recall@10: 0.0510 recall@20: 0.0789 ] [ndcg@5: 0.0263 ndcg@10: 0.0341 ndcg@20: 0.0432 ] 
2025-10-02 00:50:23,353 - Epoch 120 Validation set [recall@5: 0.0324 recall@10: 0.0510 recall@20: 0.0813 ] [ndcg@5: 0.0263 ndcg@10: 0.0339 ndcg@20: 0.0438 ] 
2025-10-02 00:50:30,007 - Epoch 123 Validation set [recall@5: 0.0312 recall@10: 0.0495 recall@20: 0.0799 ] [ndcg@5: 0.0260 ndcg@10: 0.0335 ndcg@20: 0.0436 ] 
2025-10-02 00:50:36,628 - Epoch 126 Validation set [recall@5: 0.0320 recall@10: 0.0508 recall@20: 0.0798 ] [ndcg@5: 0.0262 ndcg@10: 0.0339 ndcg@20: 0.0434 ] 
2025-10-02 00:50:42,193 - Epoch 129 Validation set [recall@5: 0.0311 recall@10: 0.0519 recall@20: 0.0821 ] [ndcg@5: 0.0258 ndcg@10: 0.0342 ndcg@20: 0.0441 ] 
2025-10-02 00:50:49,106 - Epoch 132 Validation set [recall@5: 0.0304 recall@10: 0.0505 recall@20: 0.0816 ] [ndcg@5: 0.0256 ndcg@10: 0.0337 ndcg@20: 0.0439 ] 
2025-10-02 00:50:56,229 - Epoch 135 Validation set [recall@5: 0.0313 recall@10: 0.0514 recall@20: 0.0825 ] [ndcg@5: 0.0261 ndcg@10: 0.0343 ndcg@20: 0.0444 ] 
2025-10-02 00:51:03,445 - Epoch 138 Validation set [recall@5: 0.0318 recall@10: 0.0506 recall@20: 0.0814 ] [ndcg@5: 0.0264 ndcg@10: 0.0341 ndcg@20: 0.0443 ] 
2025-10-02 00:51:09,841 - Epoch 141 Validation set [recall@5: 0.0329 recall@10: 0.0523 recall@20: 0.0825 ] [ndcg@5: 0.0272 ndcg@10: 0.0351 ndcg@20: 0.0450 ] 
2025-10-02 00:51:16,403 - Epoch 144 Validation set [recall@5: 0.0301 recall@10: 0.0505 recall@20: 0.0813 ] [ndcg@5: 0.0251 ndcg@10: 0.0333 ndcg@20: 0.0435 ] 
2025-10-02 00:51:23,254 - Epoch 147 Validation set [recall@5: 0.0329 recall@10: 0.0522 recall@20: 0.0835 ] [ndcg@5: 0.0270 ndcg@10: 0.0348 ndcg@20: 0.0450 ] 
2025-10-02 00:51:28,687 - Epoch 150 Validation set [recall@5: 0.0317 recall@10: 0.0513 recall@20: 0.0821 ] [ndcg@5: 0.0262 ndcg@10: 0.0342 ndcg@20: 0.0444 ] 
2025-10-02 00:51:35,447 - Epoch 153 Validation set [recall@5: 0.0316 recall@10: 0.0512 recall@20: 0.0836 ] [ndcg@5: 0.0260 ndcg@10: 0.0340 ndcg@20: 0.0446 ] 
2025-10-02 00:51:42,418 - Epoch 156 Validation set [recall@5: 0.0313 recall@10: 0.0509 recall@20: 0.0839 ] [ndcg@5: 0.0266 ndcg@10: 0.0345 ndcg@20: 0.0454 ] 
2025-10-02 00:51:49,242 - Epoch 159 Validation set [recall@5: 0.0310 recall@10: 0.0517 recall@20: 0.0830 ] [ndcg@5: 0.0258 ndcg@10: 0.0343 ndcg@20: 0.0445 ] 
2025-10-02 00:51:56,291 - Epoch 162 Validation set [recall@5: 0.0319 recall@10: 0.0522 recall@20: 0.0830 ] [ndcg@5: 0.0266 ndcg@10: 0.0348 ndcg@20: 0.0450 ] 
2025-10-02 00:52:02,822 - Epoch 165 Validation set [recall@5: 0.0315 recall@10: 0.0525 recall@20: 0.0848 ] [ndcg@5: 0.0260 ndcg@10: 0.0345 ndcg@20: 0.0451 ] 
2025-10-02 00:52:09,442 - Epoch 168 Validation set [recall@5: 0.0324 recall@10: 0.0523 recall@20: 0.0847 ] [ndcg@5: 0.0268 ndcg@10: 0.0349 ndcg@20: 0.0455 ] 
2025-10-02 00:52:14,967 - Epoch 171 Validation set [recall@5: 0.0334 recall@10: 0.0525 recall@20: 0.0840 ] [ndcg@5: 0.0275 ndcg@10: 0.0352 ndcg@20: 0.0456 ] 
2025-10-02 00:52:21,241 - Epoch 174 Validation set [recall@5: 0.0331 recall@10: 0.0534 recall@20: 0.0843 ] [ndcg@5: 0.0274 ndcg@10: 0.0356 ndcg@20: 0.0457 ] 
2025-10-02 00:52:27,763 - Epoch 177 Validation set [recall@5: 0.0312 recall@10: 0.0521 recall@20: 0.0837 ] [ndcg@5: 0.0260 ndcg@10: 0.0344 ndcg@20: 0.0448 ] 
2025-10-02 00:52:34,189 - Epoch 180 Validation set [recall@5: 0.0307 recall@10: 0.0498 recall@20: 0.0773 ] [ndcg@5: 0.0258 ndcg@10: 0.0337 ndcg@20: 0.0428 ] 
2025-10-02 00:52:34,832 - [recall@5: 0.0315 recall@10: 0.0525 recall@20: 0.0848 ] [ndcg@5: 0.0260 ndcg@10: 0.0345 ndcg@20: 0.0451 ] 
2025-10-02 00:52:35,388 - [recall@5: 0.0279 recall@10: 0.0478 recall@20: 0.0783 ] [ndcg@5: 0.0261 ndcg@10: 0.0348 ndcg@20: 0.0460 ] 
2025-10-02 00:52:35,393 - Save model parameters to ./encoder/checkpoint/lightgcn_rgcn/lightgcn_rgcn-Office-2023.pth
2025-10-02 00:52:35,394 - Best Epoch 165. Final test result: {'recall': array([0.02790346, 0.04782467, 0.07825911]), 'ndcg': array([0.02614329, 0.03480238, 0.04597055])}.
