2025-10-02 14:22:16,473 - {'optimizer': {'name': 'adam', 'lr': 0.001, 'weight_decay': 0}, 'train': {'epoch': 3000, 'batch_size': 4096, 'save_model': True, 'loss': 'pairwise', 'test_step': 3, 'reproducible': True, 'seed': 2023, 'patience': 5}, 'test': {'metrics': ['recall', 'ndcg'], 'k': [5, 10, 20], 'batch_size': 1024}, 'data': {'type': 'general_agcf', 'name': 'Office', 'mat_type': 'uai', 'pre_norm': True, 'user_num': 6338, 'item_num': 4461, 'user_item_num': 10799, 'attr_num': 4065}, 'model': {'name': 'lightgcn_rgcn', 'label': 'ori', 'keep_rate': 0.9, 'embedding_size': 64, 'use_unify_layer_num': True, 'layer_num': 10, 'reg_weight': 5e-06, 'amazon': {'keep_rate': 0.9, 'layer_num': 3, 'reg_weight': 1e-07, 'eps': 0.1}, 'yelp': {'keep_rate': 0.9, 'layer_num': 3, 'reg_weight': 1e-06, 'eps': 0.1}, 'steam': {'keep_rate': 0.8, 'layer_num': 3, 'reg_weight': 1e-07, 'eps': 0.2}, 'Office': {'keep_rate': 0.9, 'layer_num': 10, 'reg_weight': 5e-06, 'eps': 0.1}}}
2025-10-02 14:22:21,186 - Epoch   0 Validation set [recall@5: 0.0195 recall@10: 0.0307 recall@20: 0.0480 ] [ndcg@5: 0.0154 ndcg@10: 0.0200 ndcg@20: 0.0257 ] 
2025-10-02 14:22:26,856 - Epoch   3 Validation set [recall@5: 0.0196 recall@10: 0.0305 recall@20: 0.0481 ] [ndcg@5: 0.0156 ndcg@10: 0.0200 ndcg@20: 0.0258 ] 
2025-10-02 14:22:32,432 - Epoch   6 Validation set [recall@5: 0.0196 recall@10: 0.0305 recall@20: 0.0472 ] [ndcg@5: 0.0156 ndcg@10: 0.0200 ndcg@20: 0.0254 ] 
2025-10-02 14:22:38,104 - Epoch   9 Validation set [recall@5: 0.0196 recall@10: 0.0305 recall@20: 0.0469 ] [ndcg@5: 0.0156 ndcg@10: 0.0201 ndcg@20: 0.0253 ] 
2025-10-02 14:22:43,509 - Epoch  12 Validation set [recall@5: 0.0199 recall@10: 0.0331 recall@20: 0.0506 ] [ndcg@5: 0.0158 ndcg@10: 0.0211 ndcg@20: 0.0268 ] 
2025-10-02 14:22:49,638 - Epoch  15 Validation set [recall@5: 0.0217 recall@10: 0.0349 recall@20: 0.0526 ] [ndcg@5: 0.0174 ndcg@10: 0.0229 ndcg@20: 0.0286 ] 
2025-10-02 14:22:54,544 - Epoch  18 Validation set [recall@5: 0.0233 recall@10: 0.0377 recall@20: 0.0571 ] [ndcg@5: 0.0187 ndcg@10: 0.0245 ndcg@20: 0.0308 ] 
2025-10-02 14:22:59,604 - Epoch  21 Validation set [recall@5: 0.0245 recall@10: 0.0392 recall@20: 0.0614 ] [ndcg@5: 0.0199 ndcg@10: 0.0258 ndcg@20: 0.0331 ] 
2025-10-02 14:23:05,513 - Epoch  24 Validation set [recall@5: 0.0247 recall@10: 0.0391 recall@20: 0.0613 ] [ndcg@5: 0.0201 ndcg@10: 0.0260 ndcg@20: 0.0333 ] 
2025-10-02 14:23:10,957 - Epoch  27 Validation set [recall@5: 0.0254 recall@10: 0.0420 recall@20: 0.0649 ] [ndcg@5: 0.0210 ndcg@10: 0.0276 ndcg@20: 0.0351 ] 
2025-10-02 14:23:15,934 - Epoch  30 Validation set [recall@5: 0.0262 recall@10: 0.0432 recall@20: 0.0682 ] [ndcg@5: 0.0218 ndcg@10: 0.0287 ndcg@20: 0.0369 ] 
2025-10-02 14:23:21,738 - Epoch  33 Validation set [recall@5: 0.0263 recall@10: 0.0454 recall@20: 0.0698 ] [ndcg@5: 0.0218 ndcg@10: 0.0295 ndcg@20: 0.0375 ] 
2025-10-02 14:23:26,507 - Epoch  36 Validation set [recall@5: 0.0262 recall@10: 0.0440 recall@20: 0.0698 ] [ndcg@5: 0.0215 ndcg@10: 0.0287 ndcg@20: 0.0372 ] 
2025-10-02 14:23:31,074 - Epoch  39 Validation set [recall@5: 0.0269 recall@10: 0.0448 recall@20: 0.0718 ] [ndcg@5: 0.0225 ndcg@10: 0.0297 ndcg@20: 0.0387 ] 
2025-10-02 14:23:36,054 - Epoch  42 Validation set [recall@5: 0.0267 recall@10: 0.0443 recall@20: 0.0709 ] [ndcg@5: 0.0223 ndcg@10: 0.0294 ndcg@20: 0.0381 ] 
2025-10-02 14:23:41,629 - Epoch  45 Validation set [recall@5: 0.0272 recall@10: 0.0463 recall@20: 0.0721 ] [ndcg@5: 0.0226 ndcg@10: 0.0302 ndcg@20: 0.0387 ] 
2025-10-02 14:23:46,837 - Epoch  48 Validation set [recall@5: 0.0287 recall@10: 0.0475 recall@20: 0.0740 ] [ndcg@5: 0.0232 ndcg@10: 0.0308 ndcg@20: 0.0396 ] 
2025-10-02 14:23:52,447 - Epoch  51 Validation set [recall@5: 0.0274 recall@10: 0.0465 recall@20: 0.0742 ] [ndcg@5: 0.0228 ndcg@10: 0.0306 ndcg@20: 0.0398 ] 
2025-10-02 14:23:57,282 - Epoch  54 Validation set [recall@5: 0.0287 recall@10: 0.0483 recall@20: 0.0743 ] [ndcg@5: 0.0235 ndcg@10: 0.0313 ndcg@20: 0.0399 ] 
2025-10-02 14:24:02,695 - Epoch  57 Validation set [recall@5: 0.0282 recall@10: 0.0470 recall@20: 0.0738 ] [ndcg@5: 0.0233 ndcg@10: 0.0309 ndcg@20: 0.0397 ] 
2025-10-02 14:24:08,280 - Epoch  60 Validation set [recall@5: 0.0291 recall@10: 0.0469 recall@20: 0.0765 ] [ndcg@5: 0.0240 ndcg@10: 0.0312 ndcg@20: 0.0410 ] 
2025-10-02 14:24:14,391 - Epoch  63 Validation set [recall@5: 0.0293 recall@10: 0.0482 recall@20: 0.0768 ] [ndcg@5: 0.0244 ndcg@10: 0.0320 ndcg@20: 0.0414 ] 
2025-10-02 14:24:20,676 - Epoch  66 Validation set [recall@5: 0.0288 recall@10: 0.0495 recall@20: 0.0757 ] [ndcg@5: 0.0241 ndcg@10: 0.0325 ndcg@20: 0.0411 ] 
2025-10-02 14:24:25,563 - Epoch  69 Validation set [recall@5: 0.0297 recall@10: 0.0489 recall@20: 0.0768 ] [ndcg@5: 0.0246 ndcg@10: 0.0324 ndcg@20: 0.0416 ] 
2025-10-02 14:24:31,071 - Epoch  72 Validation set [recall@5: 0.0294 recall@10: 0.0482 recall@20: 0.0766 ] [ndcg@5: 0.0246 ndcg@10: 0.0323 ndcg@20: 0.0416 ] 
2025-10-02 14:24:36,658 - Epoch  75 Validation set [recall@5: 0.0301 recall@10: 0.0494 recall@20: 0.0779 ] [ndcg@5: 0.0250 ndcg@10: 0.0329 ndcg@20: 0.0422 ] 
2025-10-02 14:24:41,728 - Epoch  78 Validation set [recall@5: 0.0292 recall@10: 0.0491 recall@20: 0.0761 ] [ndcg@5: 0.0245 ndcg@10: 0.0326 ndcg@20: 0.0414 ] 
2025-10-02 14:24:47,313 - Epoch  81 Validation set [recall@5: 0.0302 recall@10: 0.0492 recall@20: 0.0775 ] [ndcg@5: 0.0249 ndcg@10: 0.0325 ndcg@20: 0.0419 ] 
2025-10-02 14:24:53,313 - Epoch  84 Validation set [recall@5: 0.0296 recall@10: 0.0502 recall@20: 0.0787 ] [ndcg@5: 0.0247 ndcg@10: 0.0330 ndcg@20: 0.0423 ] 
2025-10-02 14:24:58,276 - Epoch  87 Validation set [recall@5: 0.0304 recall@10: 0.0505 recall@20: 0.0798 ] [ndcg@5: 0.0253 ndcg@10: 0.0333 ndcg@20: 0.0429 ] 
2025-10-02 14:25:04,331 - Epoch  90 Validation set [recall@5: 0.0291 recall@10: 0.0505 recall@20: 0.0796 ] [ndcg@5: 0.0248 ndcg@10: 0.0333 ndcg@20: 0.0429 ] 
2025-10-02 14:25:09,564 - Epoch  93 Validation set [recall@5: 0.0303 recall@10: 0.0506 recall@20: 0.0781 ] [ndcg@5: 0.0249 ndcg@10: 0.0332 ndcg@20: 0.0422 ] 
2025-10-02 14:25:15,390 - Epoch  96 Validation set [recall@5: 0.0284 recall@10: 0.0492 recall@20: 0.0779 ] [ndcg@5: 0.0235 ndcg@10: 0.0318 ndcg@20: 0.0412 ] 
2025-10-02 14:25:19,914 - Epoch  99 Validation set [recall@5: 0.0312 recall@10: 0.0505 recall@20: 0.0799 ] [ndcg@5: 0.0257 ndcg@10: 0.0334 ndcg@20: 0.0431 ] 
2025-10-02 14:25:24,174 - Epoch 102 Validation set [recall@5: 0.0316 recall@10: 0.0494 recall@20: 0.0797 ] [ndcg@5: 0.0254 ndcg@10: 0.0327 ndcg@20: 0.0426 ] 
2025-10-02 14:25:28,918 - Epoch 105 Validation set [recall@5: 0.0313 recall@10: 0.0520 recall@20: 0.0808 ] [ndcg@5: 0.0258 ndcg@10: 0.0341 ndcg@20: 0.0435 ] 
2025-10-02 14:25:33,603 - Epoch 108 Validation set [recall@5: 0.0316 recall@10: 0.0504 recall@20: 0.0800 ] [ndcg@5: 0.0259 ndcg@10: 0.0335 ndcg@20: 0.0432 ] 
2025-10-02 14:25:38,480 - Epoch 111 Validation set [recall@5: 0.0310 recall@10: 0.0498 recall@20: 0.0796 ] [ndcg@5: 0.0253 ndcg@10: 0.0329 ndcg@20: 0.0428 ] 
2025-10-02 14:25:43,815 - Epoch 114 Validation set [recall@5: 0.0312 recall@10: 0.0518 recall@20: 0.0795 ] [ndcg@5: 0.0260 ndcg@10: 0.0342 ndcg@20: 0.0433 ] 
2025-10-02 14:25:48,494 - Epoch 117 Validation set [recall@5: 0.0316 recall@10: 0.0507 recall@20: 0.0791 ] [ndcg@5: 0.0261 ndcg@10: 0.0340 ndcg@20: 0.0433 ] 
2025-10-02 14:25:53,439 - Epoch 120 Validation set [recall@5: 0.0326 recall@10: 0.0513 recall@20: 0.0809 ] [ndcg@5: 0.0264 ndcg@10: 0.0340 ndcg@20: 0.0437 ] 
2025-10-02 14:25:58,322 - Epoch 123 Validation set [recall@5: 0.0315 recall@10: 0.0497 recall@20: 0.0798 ] [ndcg@5: 0.0262 ndcg@10: 0.0336 ndcg@20: 0.0435 ] 
2025-10-02 14:26:03,924 - Epoch 126 Validation set [recall@5: 0.0320 recall@10: 0.0507 recall@20: 0.0797 ] [ndcg@5: 0.0263 ndcg@10: 0.0339 ndcg@20: 0.0435 ] 
2025-10-02 14:26:09,755 - Epoch 129 Validation set [recall@5: 0.0311 recall@10: 0.0519 recall@20: 0.0824 ] [ndcg@5: 0.0258 ndcg@10: 0.0342 ndcg@20: 0.0442 ] 
2025-10-02 14:26:15,880 - Epoch 132 Validation set [recall@5: 0.0305 recall@10: 0.0505 recall@20: 0.0818 ] [ndcg@5: 0.0256 ndcg@10: 0.0337 ndcg@20: 0.0439 ] 
2025-10-02 14:26:21,929 - Epoch 135 Validation set [recall@5: 0.0313 recall@10: 0.0516 recall@20: 0.0822 ] [ndcg@5: 0.0260 ndcg@10: 0.0343 ndcg@20: 0.0443 ] 
2025-10-02 14:26:26,574 - Epoch 138 Validation set [recall@5: 0.0317 recall@10: 0.0505 recall@20: 0.0818 ] [ndcg@5: 0.0263 ndcg@10: 0.0341 ndcg@20: 0.0444 ] 
2025-10-02 14:26:31,718 - Epoch 141 Validation set [recall@5: 0.0325 recall@10: 0.0529 recall@20: 0.0822 ] [ndcg@5: 0.0268 ndcg@10: 0.0352 ndcg@20: 0.0448 ] 
2025-10-02 14:26:36,900 - Epoch 144 Validation set [recall@5: 0.0299 recall@10: 0.0501 recall@20: 0.0815 ] [ndcg@5: 0.0248 ndcg@10: 0.0330 ndcg@20: 0.0434 ] 
2025-10-02 14:26:37,990 - [recall@5: 0.0311 recall@10: 0.0519 recall@20: 0.0824 ] [ndcg@5: 0.0258 ndcg@10: 0.0342 ndcg@20: 0.0442 ] 
2025-10-02 14:26:38,767 - [recall@5: 0.0271 recall@10: 0.0476 recall@20: 0.0780 ] [ndcg@5: 0.0264 ndcg@10: 0.0351 ndcg@20: 0.0461 ] 
2025-10-02 14:26:38,773 - Save model parameters to ./encoder/checkpoint/lightgcn_rgcn/lightgcn_rgcn-Office-2023.pth
2025-10-02 14:26:38,773 - Best Epoch 129. Final test result: {'recall': array([0.02710557, 0.0475727 , 0.07795551]), 'ndcg': array([0.0263554 , 0.03509705, 0.0461375 ])}.
