2025-10-01 23:32:07,340 - {'optimizer': {'name': 'adam', 'lr': 0.001, 'weight_decay': 0}, 'train': {'epoch': 3000, 'batch_size': 4096, 'save_model': True, 'loss': 'pairwise', 'test_step': 3, 'reproducible': True, 'seed': 2023, 'patience': 5}, 'test': {'metrics': ['recall', 'ndcg'], 'k': [5, 10, 20], 'batch_size': 1024}, 'data': {'type': 'general_agcf', 'name': 'Office', 'mat_type': 'uai', 'pre_norm': True, 'user_num': 6338, 'item_num': 4461, 'user_item_num': 10799, 'attr_num': 4065}, 'model': {'name': 'lightgcn_rgcn', 'label': 'ori', 'keep_rate': 0.9, 'embedding_size': 64, 'use_unify_layer_num': True, 'layer_num': 3, 'reg_weight': 1e-06, 'amazon': {'keep_rate': 0.9, 'layer_num': 3, 'reg_weight': 1e-07, 'eps': 0.1}, 'yelp': {'keep_rate': 0.9, 'layer_num': 3, 'reg_weight': 1e-06, 'eps': 0.1}, 'steam': {'keep_rate': 0.8, 'layer_num': 3, 'reg_weight': 1e-07, 'eps': 0.2}, 'Office': {'keep_rate': 0.9, 'layer_num': 3, 'reg_weight': 1e-06, 'eps': 0.1}}}
2025-10-01 23:32:10,615 - Epoch   0 Validation set [recall@5: 0.0066 recall@10: 0.0110 recall@20: 0.0181 ] [ndcg@5: 0.0055 ndcg@10: 0.0073 ndcg@20: 0.0096 ] 
2025-10-01 23:32:16,401 - Epoch   3 Validation set [recall@5: 0.0180 recall@10: 0.0314 recall@20: 0.0501 ] [ndcg@5: 0.0146 ndcg@10: 0.0202 ndcg@20: 0.0263 ] 
2025-10-01 23:32:22,298 - Epoch   6 Validation set [recall@5: 0.0238 recall@10: 0.0383 recall@20: 0.0599 ] [ndcg@5: 0.0192 ndcg@10: 0.0251 ndcg@20: 0.0321 ] 
2025-10-01 23:32:28,152 - Epoch   9 Validation set [recall@5: 0.0259 recall@10: 0.0413 recall@20: 0.0664 ] [ndcg@5: 0.0212 ndcg@10: 0.0275 ndcg@20: 0.0358 ] 
2025-10-01 23:32:33,443 - Epoch  12 Validation set [recall@5: 0.0271 recall@10: 0.0450 recall@20: 0.0712 ] [ndcg@5: 0.0222 ndcg@10: 0.0295 ndcg@20: 0.0382 ] 
2025-10-01 23:32:39,196 - Epoch  15 Validation set [recall@5: 0.0285 recall@10: 0.0463 recall@20: 0.0750 ] [ndcg@5: 0.0234 ndcg@10: 0.0308 ndcg@20: 0.0402 ] 
2025-10-01 23:32:44,792 - Epoch  18 Validation set [recall@5: 0.0289 recall@10: 0.0492 recall@20: 0.0798 ] [ndcg@5: 0.0241 ndcg@10: 0.0323 ndcg@20: 0.0424 ] 
2025-10-01 23:32:51,497 - Epoch  21 Validation set [recall@5: 0.0306 recall@10: 0.0520 recall@20: 0.0810 ] [ndcg@5: 0.0257 ndcg@10: 0.0344 ndcg@20: 0.0439 ] 
2025-10-01 23:32:57,845 - Epoch  24 Validation set [recall@5: 0.0313 recall@10: 0.0533 recall@20: 0.0833 ] [ndcg@5: 0.0264 ndcg@10: 0.0353 ndcg@20: 0.0452 ] 
2025-10-01 23:33:04,779 - Epoch  27 Validation set [recall@5: 0.0316 recall@10: 0.0539 recall@20: 0.0850 ] [ndcg@5: 0.0268 ndcg@10: 0.0358 ndcg@20: 0.0461 ] 
2025-10-01 23:33:11,653 - Epoch  30 Validation set [recall@5: 0.0308 recall@10: 0.0546 recall@20: 0.0865 ] [ndcg@5: 0.0267 ndcg@10: 0.0363 ndcg@20: 0.0468 ] 
2025-10-01 23:33:18,961 - Epoch  33 Validation set [recall@5: 0.0322 recall@10: 0.0557 recall@20: 0.0879 ] [ndcg@5: 0.0281 ndcg@10: 0.0376 ndcg@20: 0.0483 ] 
2025-10-01 23:33:25,711 - Epoch  36 Validation set [recall@5: 0.0341 recall@10: 0.0570 recall@20: 0.0893 ] [ndcg@5: 0.0292 ndcg@10: 0.0384 ndcg@20: 0.0491 ] 
2025-10-01 23:33:33,181 - Epoch  39 Validation set [recall@5: 0.0346 recall@10: 0.0564 recall@20: 0.0900 ] [ndcg@5: 0.0294 ndcg@10: 0.0381 ndcg@20: 0.0493 ] 
2025-10-01 23:33:40,100 - Epoch  42 Validation set [recall@5: 0.0343 recall@10: 0.0569 recall@20: 0.0913 ] [ndcg@5: 0.0293 ndcg@10: 0.0385 ndcg@20: 0.0499 ] 
2025-10-01 23:33:46,878 - Epoch  45 Validation set [recall@5: 0.0344 recall@10: 0.0570 recall@20: 0.0933 ] [ndcg@5: 0.0296 ndcg@10: 0.0387 ndcg@20: 0.0507 ] 
2025-10-01 23:33:53,233 - Epoch  48 Validation set [recall@5: 0.0351 recall@10: 0.0596 recall@20: 0.0932 ] [ndcg@5: 0.0300 ndcg@10: 0.0398 ndcg@20: 0.0510 ] 
2025-10-01 23:33:59,835 - Epoch  51 Validation set [recall@5: 0.0355 recall@10: 0.0591 recall@20: 0.0930 ] [ndcg@5: 0.0304 ndcg@10: 0.0399 ndcg@20: 0.0512 ] 
2025-10-01 23:34:06,386 - Epoch  54 Validation set [recall@5: 0.0363 recall@10: 0.0602 recall@20: 0.0936 ] [ndcg@5: 0.0307 ndcg@10: 0.0403 ndcg@20: 0.0514 ] 
2025-10-01 23:34:13,983 - Epoch  57 Validation set [recall@5: 0.0367 recall@10: 0.0614 recall@20: 0.0945 ] [ndcg@5: 0.0309 ndcg@10: 0.0408 ndcg@20: 0.0518 ] 
2025-10-01 23:34:21,278 - Epoch  60 Validation set [recall@5: 0.0368 recall@10: 0.0609 recall@20: 0.0946 ] [ndcg@5: 0.0309 ndcg@10: 0.0406 ndcg@20: 0.0517 ] 
2025-10-01 23:34:27,868 - Epoch  63 Validation set [recall@5: 0.0366 recall@10: 0.0616 recall@20: 0.0953 ] [ndcg@5: 0.0314 ndcg@10: 0.0414 ndcg@20: 0.0526 ] 
2025-10-01 23:34:35,167 - Epoch  66 Validation set [recall@5: 0.0370 recall@10: 0.0621 recall@20: 0.0965 ] [ndcg@5: 0.0312 ndcg@10: 0.0414 ndcg@20: 0.0528 ] 
2025-10-01 23:34:42,378 - Epoch  69 Validation set [recall@5: 0.0373 recall@10: 0.0628 recall@20: 0.0970 ] [ndcg@5: 0.0317 ndcg@10: 0.0420 ndcg@20: 0.0533 ] 
2025-10-01 23:34:49,442 - Epoch  72 Validation set [recall@5: 0.0379 recall@10: 0.0626 recall@20: 0.0972 ] [ndcg@5: 0.0321 ndcg@10: 0.0421 ndcg@20: 0.0536 ] 
2025-10-01 23:34:56,087 - Epoch  75 Validation set [recall@5: 0.0374 recall@10: 0.0630 recall@20: 0.0974 ] [ndcg@5: 0.0324 ndcg@10: 0.0427 ndcg@20: 0.0542 ] 
2025-10-01 23:35:02,548 - Epoch  78 Validation set [recall@5: 0.0381 recall@10: 0.0623 recall@20: 0.0982 ] [ndcg@5: 0.0325 ndcg@10: 0.0422 ndcg@20: 0.0542 ] 
2025-10-01 23:35:09,319 - Epoch  81 Validation set [recall@5: 0.0388 recall@10: 0.0623 recall@20: 0.0979 ] [ndcg@5: 0.0333 ndcg@10: 0.0429 ndcg@20: 0.0548 ] 
2025-10-01 23:35:16,592 - Epoch  84 Validation set [recall@5: 0.0387 recall@10: 0.0624 recall@20: 0.0971 ] [ndcg@5: 0.0331 ndcg@10: 0.0427 ndcg@20: 0.0542 ] 
2025-10-01 23:35:23,547 - Epoch  87 Validation set [recall@5: 0.0390 recall@10: 0.0628 recall@20: 0.0980 ] [ndcg@5: 0.0332 ndcg@10: 0.0428 ndcg@20: 0.0545 ] 
2025-10-01 23:35:30,827 - Epoch  90 Validation set [recall@5: 0.0384 recall@10: 0.0632 recall@20: 0.0988 ] [ndcg@5: 0.0329 ndcg@10: 0.0429 ndcg@20: 0.0547 ] 
2025-10-01 23:35:37,982 - Epoch  93 Validation set [recall@5: 0.0392 recall@10: 0.0627 recall@20: 0.0987 ] [ndcg@5: 0.0338 ndcg@10: 0.0433 ndcg@20: 0.0553 ] 
2025-10-01 23:35:44,810 - Epoch  96 Validation set [recall@5: 0.0393 recall@10: 0.0636 recall@20: 0.1002 ] [ndcg@5: 0.0338 ndcg@10: 0.0436 ndcg@20: 0.0557 ] 
2025-10-01 23:35:51,764 - Epoch  99 Validation set [recall@5: 0.0396 recall@10: 0.0633 recall@20: 0.0988 ] [ndcg@5: 0.0338 ndcg@10: 0.0434 ndcg@20: 0.0552 ] 
2025-10-01 23:35:58,049 - Epoch 102 Validation set [recall@5: 0.0395 recall@10: 0.0630 recall@20: 0.0987 ] [ndcg@5: 0.0339 ndcg@10: 0.0434 ndcg@20: 0.0553 ] 
2025-10-01 23:36:04,976 - Epoch 105 Validation set [recall@5: 0.0399 recall@10: 0.0629 recall@20: 0.0990 ] [ndcg@5: 0.0342 ndcg@10: 0.0435 ndcg@20: 0.0555 ] 
2025-10-01 23:36:12,047 - Epoch 108 Validation set [recall@5: 0.0399 recall@10: 0.0631 recall@20: 0.1000 ] [ndcg@5: 0.0340 ndcg@10: 0.0433 ndcg@20: 0.0555 ] 
2025-10-01 23:36:19,292 - Epoch 111 Validation set [recall@5: 0.0396 recall@10: 0.0631 recall@20: 0.1000 ] [ndcg@5: 0.0337 ndcg@10: 0.0431 ndcg@20: 0.0554 ] 
2025-10-01 23:36:20,503 - [recall@5: 0.0393 recall@10: 0.0636 recall@20: 0.1002 ] [ndcg@5: 0.0338 ndcg@10: 0.0436 ndcg@20: 0.0557 ] 
2025-10-01 23:36:21,492 - [recall@5: 0.0362 recall@10: 0.0598 recall@20: 0.0943 ] [ndcg@5: 0.0355 ndcg@10: 0.0455 ndcg@20: 0.0581 ] 
2025-10-01 23:36:21,499 - Save model parameters to ./encoder/checkpoint/lightgcn_rgcn/lightgcn_rgcn-Office-2023.pth
2025-10-01 23:36:21,500 - Best Epoch 96. Final test result: {'recall': array([0.03618331, 0.05984824, 0.0943096 ]), 'ndcg': array([0.03545858, 0.04549875, 0.05813988])}.
