2025-09-30 02:45:55,248 - {'optimizer': {'name': 'adam', 'lr': 0.001, 'weight_decay': 0}, 'train': {'epoch': 3000, 'batch_size': 4096, 'save_model': True, 'loss': 'pairwise', 'test_step': 3, 'reproducible': True, 'seed': 2023, 'patience': 5}, 'test': {'metrics': ['recall', 'ndcg'], 'k': [5, 10, 20], 'batch_size': 1024}, 'data': {'type': 'general_agcf', 'name': 'Office', 'mat_type': 'uai', 'pre_norm': True, 'user_num': 6338, 'item_num': 4461, 'user_item_num': 10799, 'attr_num': 4065}, 'model': {'name': 'lightgcn_rgcn', 'label': 'ori', 'keep_rate': 0.9, 'embedding_size': 64, 'use_unify_layer_num': True, 'layer_num': 3, 'reg_weight': 1e-06, 'amazon': {'keep_rate': 0.9, 'layer_num': 3, 'reg_weight': 1e-07, 'eps': 0.1}, 'yelp': {'keep_rate': 0.9, 'layer_num': 3, 'reg_weight': 1e-06, 'eps': 0.1}, 'steam': {'keep_rate': 0.8, 'layer_num': 3, 'reg_weight': 1e-07, 'eps': 0.2}, 'Office': {'keep_rate': 0.9, 'layer_num': 3, 'reg_weight': 1e-06, 'eps': 0.1}}}
2025-09-30 02:45:57,223 - Epoch   0 Validation set [recall@5: 0.0066 recall@10: 0.0110 recall@20: 0.0181 ] [ndcg@5: 0.0055 ndcg@10: 0.0073 ndcg@20: 0.0096 ] 
2025-09-30 02:45:59,636 - Epoch   3 Validation set [recall@5: 0.0180 recall@10: 0.0314 recall@20: 0.0501 ] [ndcg@5: 0.0146 ndcg@10: 0.0202 ndcg@20: 0.0263 ] 
2025-09-30 02:46:02,027 - Epoch   6 Validation set [recall@5: 0.0238 recall@10: 0.0383 recall@20: 0.0599 ] [ndcg@5: 0.0192 ndcg@10: 0.0251 ndcg@20: 0.0321 ] 
2025-09-30 02:46:04,460 - Epoch   9 Validation set [recall@5: 0.0259 recall@10: 0.0413 recall@20: 0.0664 ] [ndcg@5: 0.0212 ndcg@10: 0.0275 ndcg@20: 0.0358 ] 
2025-09-30 02:46:06,892 - Epoch  12 Validation set [recall@5: 0.0271 recall@10: 0.0450 recall@20: 0.0712 ] [ndcg@5: 0.0222 ndcg@10: 0.0295 ndcg@20: 0.0382 ] 
2025-09-30 02:46:09,019 - Epoch  15 Validation set [recall@5: 0.0285 recall@10: 0.0463 recall@20: 0.0750 ] [ndcg@5: 0.0234 ndcg@10: 0.0308 ndcg@20: 0.0402 ] 
2025-09-30 02:46:11,419 - Epoch  18 Validation set [recall@5: 0.0289 recall@10: 0.0492 recall@20: 0.0798 ] [ndcg@5: 0.0241 ndcg@10: 0.0323 ndcg@20: 0.0424 ] 
2025-09-30 02:46:13,895 - Epoch  21 Validation set [recall@5: 0.0306 recall@10: 0.0520 recall@20: 0.0810 ] [ndcg@5: 0.0257 ndcg@10: 0.0344 ndcg@20: 0.0440 ] 
2025-09-30 02:46:16,378 - Epoch  24 Validation set [recall@5: 0.0313 recall@10: 0.0534 recall@20: 0.0832 ] [ndcg@5: 0.0264 ndcg@10: 0.0353 ndcg@20: 0.0452 ] 
2025-09-30 02:46:18,790 - Epoch  27 Validation set [recall@5: 0.0316 recall@10: 0.0538 recall@20: 0.0850 ] [ndcg@5: 0.0268 ndcg@10: 0.0357 ndcg@20: 0.0461 ] 
2025-09-30 02:46:21,247 - Epoch  30 Validation set [recall@5: 0.0309 recall@10: 0.0546 recall@20: 0.0866 ] [ndcg@5: 0.0267 ndcg@10: 0.0363 ndcg@20: 0.0469 ] 
2025-09-30 02:46:23,682 - Epoch  33 Validation set [recall@5: 0.0321 recall@10: 0.0557 recall@20: 0.0881 ] [ndcg@5: 0.0280 ndcg@10: 0.0375 ndcg@20: 0.0482 ] 
2025-09-30 02:46:26,234 - Epoch  36 Validation set [recall@5: 0.0342 recall@10: 0.0571 recall@20: 0.0893 ] [ndcg@5: 0.0293 ndcg@10: 0.0384 ndcg@20: 0.0491 ] 
2025-09-30 02:46:28,826 - Epoch  39 Validation set [recall@5: 0.0345 recall@10: 0.0564 recall@20: 0.0902 ] [ndcg@5: 0.0293 ndcg@10: 0.0381 ndcg@20: 0.0493 ] 
2025-09-30 02:46:31,582 - Epoch  42 Validation set [recall@5: 0.0344 recall@10: 0.0569 recall@20: 0.0913 ] [ndcg@5: 0.0294 ndcg@10: 0.0385 ndcg@20: 0.0499 ] 
2025-09-30 02:46:34,392 - Epoch  45 Validation set [recall@5: 0.0344 recall@10: 0.0570 recall@20: 0.0933 ] [ndcg@5: 0.0296 ndcg@10: 0.0387 ndcg@20: 0.0507 ] 
2025-09-30 02:46:37,203 - Epoch  48 Validation set [recall@5: 0.0350 recall@10: 0.0597 recall@20: 0.0931 ] [ndcg@5: 0.0299 ndcg@10: 0.0399 ndcg@20: 0.0510 ] 
2025-09-30 02:46:40,020 - Epoch  51 Validation set [recall@5: 0.0354 recall@10: 0.0591 recall@20: 0.0931 ] [ndcg@5: 0.0304 ndcg@10: 0.0399 ndcg@20: 0.0513 ] 
2025-09-30 02:46:42,855 - Epoch  54 Validation set [recall@5: 0.0361 recall@10: 0.0602 recall@20: 0.0936 ] [ndcg@5: 0.0305 ndcg@10: 0.0403 ndcg@20: 0.0513 ] 
2025-09-30 02:46:45,665 - Epoch  57 Validation set [recall@5: 0.0366 recall@10: 0.0613 recall@20: 0.0945 ] [ndcg@5: 0.0308 ndcg@10: 0.0407 ndcg@20: 0.0517 ] 
2025-09-30 02:46:48,502 - Epoch  60 Validation set [recall@5: 0.0366 recall@10: 0.0611 recall@20: 0.0944 ] [ndcg@5: 0.0308 ndcg@10: 0.0406 ndcg@20: 0.0517 ] 
2025-09-30 02:46:51,317 - Epoch  63 Validation set [recall@5: 0.0366 recall@10: 0.0615 recall@20: 0.0953 ] [ndcg@5: 0.0313 ndcg@10: 0.0413 ndcg@20: 0.0525 ] 
2025-09-30 02:46:54,054 - Epoch  66 Validation set [recall@5: 0.0370 recall@10: 0.0621 recall@20: 0.0963 ] [ndcg@5: 0.0312 ndcg@10: 0.0414 ndcg@20: 0.0528 ] 
2025-09-30 02:46:56,914 - Epoch  69 Validation set [recall@5: 0.0373 recall@10: 0.0628 recall@20: 0.0970 ] [ndcg@5: 0.0317 ndcg@10: 0.0419 ndcg@20: 0.0533 ] 
2025-09-30 02:46:59,739 - Epoch  72 Validation set [recall@5: 0.0379 recall@10: 0.0626 recall@20: 0.0972 ] [ndcg@5: 0.0322 ndcg@10: 0.0421 ndcg@20: 0.0536 ] 
2025-09-30 02:47:02,533 - Epoch  75 Validation set [recall@5: 0.0375 recall@10: 0.0629 recall@20: 0.0975 ] [ndcg@5: 0.0325 ndcg@10: 0.0427 ndcg@20: 0.0543 ] 
2025-09-30 02:47:05,324 - Epoch  78 Validation set [recall@5: 0.0381 recall@10: 0.0622 recall@20: 0.0982 ] [ndcg@5: 0.0325 ndcg@10: 0.0422 ndcg@20: 0.0542 ] 
2025-09-30 02:47:08,124 - Epoch  81 Validation set [recall@5: 0.0388 recall@10: 0.0624 recall@20: 0.0978 ] [ndcg@5: 0.0333 ndcg@10: 0.0428 ndcg@20: 0.0547 ] 
2025-09-30 02:47:10,914 - Epoch  84 Validation set [recall@5: 0.0387 recall@10: 0.0624 recall@20: 0.0972 ] [ndcg@5: 0.0331 ndcg@10: 0.0426 ndcg@20: 0.0542 ] 
2025-09-30 02:47:13,704 - Epoch  87 Validation set [recall@5: 0.0390 recall@10: 0.0629 recall@20: 0.0979 ] [ndcg@5: 0.0332 ndcg@10: 0.0428 ndcg@20: 0.0544 ] 
2025-09-30 02:47:16,478 - Epoch  90 Validation set [recall@5: 0.0384 recall@10: 0.0630 recall@20: 0.0986 ] [ndcg@5: 0.0329 ndcg@10: 0.0428 ndcg@20: 0.0546 ] 
2025-09-30 02:47:19,282 - Epoch  93 Validation set [recall@5: 0.0392 recall@10: 0.0627 recall@20: 0.0987 ] [ndcg@5: 0.0338 ndcg@10: 0.0433 ndcg@20: 0.0553 ] 
2025-09-30 02:47:22,101 - Epoch  96 Validation set [recall@5: 0.0393 recall@10: 0.0638 recall@20: 0.1002 ] [ndcg@5: 0.0338 ndcg@10: 0.0437 ndcg@20: 0.0557 ] 
2025-09-30 02:47:24,877 - Epoch  99 Validation set [recall@5: 0.0395 recall@10: 0.0632 recall@20: 0.0987 ] [ndcg@5: 0.0338 ndcg@10: 0.0433 ndcg@20: 0.0551 ] 
2025-09-30 02:47:27,663 - Epoch 102 Validation set [recall@5: 0.0396 recall@10: 0.0631 recall@20: 0.0986 ] [ndcg@5: 0.0340 ndcg@10: 0.0435 ndcg@20: 0.0553 ] 
2025-09-30 02:47:30,453 - Epoch 105 Validation set [recall@5: 0.0399 recall@10: 0.0630 recall@20: 0.0990 ] [ndcg@5: 0.0342 ndcg@10: 0.0436 ndcg@20: 0.0555 ] 
2025-09-30 02:47:33,244 - Epoch 108 Validation set [recall@5: 0.0398 recall@10: 0.0631 recall@20: 0.1000 ] [ndcg@5: 0.0339 ndcg@10: 0.0432 ndcg@20: 0.0555 ] 
2025-09-30 02:47:36,021 - Epoch 111 Validation set [recall@5: 0.0396 recall@10: 0.0631 recall@20: 0.1000 ] [ndcg@5: 0.0337 ndcg@10: 0.0432 ndcg@20: 0.0554 ] 
2025-09-30 02:47:36,721 - [recall@5: 0.0393 recall@10: 0.0638 recall@20: 0.1002 ] [ndcg@5: 0.0338 ndcg@10: 0.0437 ndcg@20: 0.0557 ] 
2025-09-30 02:47:37,437 - [recall@5: 0.0362 recall@10: 0.0598 recall@20: 0.0944 ] [ndcg@5: 0.0355 ndcg@10: 0.0455 ndcg@20: 0.0582 ] 
2025-09-30 02:47:37,444 - Save model parameters to ./encoder/checkpoint/lightgcn_rgcn/lightgcn_rgcn-Office-2023.pth
2025-09-30 02:47:37,444 - Best Epoch 96. Final test result: {'recall': array([0.03618331, 0.05984824, 0.09435781]), 'ndcg': array([0.03545821, 0.04549774, 0.05815999])}.
