2026-06-13 23:33:34,725 - {'optimizer': {'name': 'adam', 'lr': 0.001, 'weight_decay': 0}, 'train': {'epoch': 3000, 'batch_size': 4096, 'save_model': True, 'loss': 'pairwise', 'test_step': 3, 'reproducible': True, 'seed': 2023, 'patience': 5}, 'test': {'metrics': ['recall', 'ndcg'], 'k': [5, 10, 20], 'batch_size': 1024}, 'data': {'type': 'general_agcf', 'name': 'Office', 'mat_type': 'uai', 'pre_norm': True, 'user_num': 6338, 'item_num': 4461, 'user_item_num': 10799, 'attr_num': 4065}, 'model': {'name': 'lightgcn_rgcn', 'label': 'ori', 'keep_rate': 0.9, 'embedding_size': 64, 'use_unify_layer_num': True, 'layer_num': 3, 'reg_weight': 5e-06, 'amazon': {'keep_rate': 0.9, 'layer_num': 3, 'reg_weight': 1e-07, 'eps': 0.1}, 'yelp': {'keep_rate': 0.9, 'layer_num': 3, 'reg_weight': 1e-06, 'eps': 0.1}, 'steam': {'keep_rate': 0.8, 'layer_num': 3, 'reg_weight': 1e-07, 'eps': 0.2}, 'Office': {'keep_rate': 0.9, 'layer_num': 3, 'reg_weight': 5e-06, 'eps': 0.1}}}
2026-06-13 23:33:37,841 - Epoch   0 Validation set [recall@5: 0.0052 recall@10: 0.0087 recall@20: 0.0151 ] [ndcg@5: 0.0041 ndcg@10: 0.0056 ndcg@20: 0.0077 ] 
2026-06-13 23:33:40,792 - Epoch   3 Validation set [recall@5: 0.0179 recall@10: 0.0312 recall@20: 0.0497 ] [ndcg@5: 0.0146 ndcg@10: 0.0201 ndcg@20: 0.0261 ] 
2026-06-13 23:33:43,753 - Epoch   6 Validation set [recall@5: 0.0232 recall@10: 0.0374 recall@20: 0.0587 ] [ndcg@5: 0.0187 ndcg@10: 0.0244 ndcg@20: 0.0314 ] 
2026-06-13 23:33:46,627 - Epoch   9 Validation set [recall@5: 0.0244 recall@10: 0.0405 recall@20: 0.0639 ] [ndcg@5: 0.0201 ndcg@10: 0.0267 ndcg@20: 0.0344 ] 
2026-06-13 23:33:49,612 - Epoch  12 Validation set [recall@5: 0.0262 recall@10: 0.0424 recall@20: 0.0667 ] [ndcg@5: 0.0216 ndcg@10: 0.0281 ndcg@20: 0.0362 ] 
2026-06-13 23:33:52,570 - Epoch  15 Validation set [recall@5: 0.0265 recall@10: 0.0447 recall@20: 0.0711 ] [ndcg@5: 0.0220 ndcg@10: 0.0294 ndcg@20: 0.0382 ] 
2026-06-13 23:33:55,400 - Epoch  18 Validation set [recall@5: 0.0274 recall@10: 0.0476 recall@20: 0.0753 ] [ndcg@5: 0.0231 ndcg@10: 0.0313 ndcg@20: 0.0405 ] 
2026-06-13 23:33:58,073 - Epoch  21 Validation set [recall@5: 0.0294 recall@10: 0.0504 recall@20: 0.0784 ] [ndcg@5: 0.0244 ndcg@10: 0.0330 ndcg@20: 0.0422 ] 
2026-06-13 23:34:00,522 - Epoch  24 Validation set [recall@5: 0.0305 recall@10: 0.0512 recall@20: 0.0815 ] [ndcg@5: 0.0256 ndcg@10: 0.0340 ndcg@20: 0.0439 ] 
2026-06-13 23:34:03,034 - Epoch  27 Validation set [recall@5: 0.0318 recall@10: 0.0522 recall@20: 0.0830 ] [ndcg@5: 0.0267 ndcg@10: 0.0349 ndcg@20: 0.0451 ] 
2026-06-13 23:34:05,524 - Epoch  30 Validation set [recall@5: 0.0321 recall@10: 0.0532 recall@20: 0.0843 ] [ndcg@5: 0.0269 ndcg@10: 0.0354 ndcg@20: 0.0456 ] 
2026-06-13 23:34:07,948 - Epoch  33 Validation set [recall@5: 0.0321 recall@10: 0.0541 recall@20: 0.0864 ] [ndcg@5: 0.0277 ndcg@10: 0.0366 ndcg@20: 0.0472 ] 
2026-06-13 23:34:10,451 - Epoch  36 Validation set [recall@5: 0.0329 recall@10: 0.0555 recall@20: 0.0870 ] [ndcg@5: 0.0283 ndcg@10: 0.0374 ndcg@20: 0.0479 ] 
2026-06-13 23:34:12,970 - Epoch  39 Validation set [recall@5: 0.0334 recall@10: 0.0563 recall@20: 0.0887 ] [ndcg@5: 0.0281 ndcg@10: 0.0374 ndcg@20: 0.0481 ] 
2026-06-13 23:34:15,472 - Epoch  42 Validation set [recall@5: 0.0338 recall@10: 0.0571 recall@20: 0.0887 ] [ndcg@5: 0.0286 ndcg@10: 0.0380 ndcg@20: 0.0484 ] 
2026-06-13 23:34:17,975 - Epoch  45 Validation set [recall@5: 0.0339 recall@10: 0.0563 recall@20: 0.0907 ] [ndcg@5: 0.0288 ndcg@10: 0.0379 ndcg@20: 0.0493 ] 
2026-06-13 23:34:20,464 - Epoch  48 Validation set [recall@5: 0.0342 recall@10: 0.0580 recall@20: 0.0919 ] [ndcg@5: 0.0291 ndcg@10: 0.0387 ndcg@20: 0.0499 ] 
2026-06-13 23:34:23,014 - Epoch  51 Validation set [recall@5: 0.0351 recall@10: 0.0579 recall@20: 0.0913 ] [ndcg@5: 0.0298 ndcg@10: 0.0390 ndcg@20: 0.0500 ] 
2026-06-13 23:34:25,419 - Epoch  54 Validation set [recall@5: 0.0351 recall@10: 0.0595 recall@20: 0.0919 ] [ndcg@5: 0.0297 ndcg@10: 0.0395 ndcg@20: 0.0502 ] 
2026-06-13 23:34:27,915 - Epoch  57 Validation set [recall@5: 0.0357 recall@10: 0.0600 recall@20: 0.0926 ] [ndcg@5: 0.0303 ndcg@10: 0.0401 ndcg@20: 0.0509 ] 
2026-06-13 23:34:30,231 - Epoch  60 Validation set [recall@5: 0.0358 recall@10: 0.0601 recall@20: 0.0939 ] [ndcg@5: 0.0306 ndcg@10: 0.0403 ndcg@20: 0.0514 ] 
2026-06-13 23:34:32,655 - Epoch  63 Validation set [recall@5: 0.0362 recall@10: 0.0595 recall@20: 0.0944 ] [ndcg@5: 0.0308 ndcg@10: 0.0402 ndcg@20: 0.0518 ] 
2026-06-13 23:34:35,087 - Epoch  66 Validation set [recall@5: 0.0360 recall@10: 0.0611 recall@20: 0.0953 ] [ndcg@5: 0.0308 ndcg@10: 0.0409 ndcg@20: 0.0522 ] 
2026-06-13 23:34:37,587 - Epoch  69 Validation set [recall@5: 0.0363 recall@10: 0.0607 recall@20: 0.0964 ] [ndcg@5: 0.0310 ndcg@10: 0.0409 ndcg@20: 0.0527 ] 
2026-06-13 23:34:40,402 - Epoch  72 Validation set [recall@5: 0.0371 recall@10: 0.0608 recall@20: 0.0971 ] [ndcg@5: 0.0317 ndcg@10: 0.0412 ndcg@20: 0.0532 ] 
2026-06-13 23:34:43,263 - Epoch  75 Validation set [recall@5: 0.0372 recall@10: 0.0617 recall@20: 0.0972 ] [ndcg@5: 0.0322 ndcg@10: 0.0419 ndcg@20: 0.0538 ] 
2026-06-13 23:34:46,112 - Epoch  78 Validation set [recall@5: 0.0374 recall@10: 0.0624 recall@20: 0.0983 ] [ndcg@5: 0.0322 ndcg@10: 0.0422 ndcg@20: 0.0541 ] 
2026-06-13 23:34:48,873 - Epoch  81 Validation set [recall@5: 0.0379 recall@10: 0.0618 recall@20: 0.0993 ] [ndcg@5: 0.0325 ndcg@10: 0.0421 ndcg@20: 0.0546 ] 
2026-06-13 23:34:51,663 - Epoch  84 Validation set [recall@5: 0.0375 recall@10: 0.0629 recall@20: 0.0994 ] [ndcg@5: 0.0320 ndcg@10: 0.0422 ndcg@20: 0.0544 ] 
2026-06-13 23:34:54,144 - Epoch  87 Validation set [recall@5: 0.0377 recall@10: 0.0622 recall@20: 0.0991 ] [ndcg@5: 0.0324 ndcg@10: 0.0424 ndcg@20: 0.0546 ] 
2026-06-13 23:34:56,554 - Epoch  90 Validation set [recall@5: 0.0378 recall@10: 0.0625 recall@20: 0.0993 ] [ndcg@5: 0.0324 ndcg@10: 0.0424 ndcg@20: 0.0547 ] 
2026-06-13 23:34:58,990 - Epoch  93 Validation set [recall@5: 0.0372 recall@10: 0.0622 recall@20: 0.0984 ] [ndcg@5: 0.0324 ndcg@10: 0.0426 ndcg@20: 0.0546 ] 
2026-06-13 23:35:01,369 - Epoch  96 Validation set [recall@5: 0.0377 recall@10: 0.0625 recall@20: 0.0996 ] [ndcg@5: 0.0326 ndcg@10: 0.0426 ndcg@20: 0.0550 ] 
2026-06-13 23:35:03,801 - Epoch  99 Validation set [recall@5: 0.0372 recall@10: 0.0631 recall@20: 0.0998 ] [ndcg@5: 0.0325 ndcg@10: 0.0429 ndcg@20: 0.0551 ] 
2026-06-13 23:35:06,242 - Epoch 102 Validation set [recall@5: 0.0384 recall@10: 0.0634 recall@20: 0.0995 ] [ndcg@5: 0.0332 ndcg@10: 0.0433 ndcg@20: 0.0552 ] 
2026-06-13 23:35:08,786 - Epoch 105 Validation set [recall@5: 0.0378 recall@10: 0.0631 recall@20: 0.1005 ] [ndcg@5: 0.0330 ndcg@10: 0.0433 ndcg@20: 0.0556 ] 
2026-06-13 23:35:11,645 - Epoch 108 Validation set [recall@5: 0.0390 recall@10: 0.0629 recall@20: 0.1000 ] [ndcg@5: 0.0333 ndcg@10: 0.0429 ndcg@20: 0.0552 ] 
2026-06-13 23:35:14,207 - Epoch 111 Validation set [recall@5: 0.0384 recall@10: 0.0644 recall@20: 0.0999 ] [ndcg@5: 0.0333 ndcg@10: 0.0437 ndcg@20: 0.0554 ] 
2026-06-13 23:35:16,688 - Epoch 114 Validation set [recall@5: 0.0392 recall@10: 0.0632 recall@20: 0.1000 ] [ndcg@5: 0.0337 ndcg@10: 0.0434 ndcg@20: 0.0556 ] 
2026-06-13 23:35:19,072 - Epoch 117 Validation set [recall@5: 0.0392 recall@10: 0.0638 recall@20: 0.1008 ] [ndcg@5: 0.0337 ndcg@10: 0.0436 ndcg@20: 0.0558 ] 
2026-06-13 23:35:21,521 - Epoch 120 Validation set [recall@5: 0.0394 recall@10: 0.0630 recall@20: 0.1009 ] [ndcg@5: 0.0337 ndcg@10: 0.0432 ndcg@20: 0.0558 ] 
2026-06-13 23:35:23,990 - Epoch 123 Validation set [recall@5: 0.0396 recall@10: 0.0636 recall@20: 0.1009 ] [ndcg@5: 0.0340 ndcg@10: 0.0436 ndcg@20: 0.0560 ] 
2026-06-13 23:35:26,363 - Epoch 126 Validation set [recall@5: 0.0396 recall@10: 0.0641 recall@20: 0.1021 ] [ndcg@5: 0.0339 ndcg@10: 0.0437 ndcg@20: 0.0563 ] 
2026-06-13 23:35:28,820 - Epoch 129 Validation set [recall@5: 0.0395 recall@10: 0.0633 recall@20: 0.1025 ] [ndcg@5: 0.0340 ndcg@10: 0.0436 ndcg@20: 0.0566 ] 
2026-06-13 23:35:31,264 - Epoch 132 Validation set [recall@5: 0.0391 recall@10: 0.0626 recall@20: 0.1023 ] [ndcg@5: 0.0336 ndcg@10: 0.0432 ndcg@20: 0.0562 ] 
2026-06-13 23:35:34,086 - Epoch 135 Validation set [recall@5: 0.0398 recall@10: 0.0637 recall@20: 0.1027 ] [ndcg@5: 0.0339 ndcg@10: 0.0436 ndcg@20: 0.0564 ] 
2026-06-13 23:35:36,983 - Epoch 138 Validation set [recall@5: 0.0406 recall@10: 0.0632 recall@20: 0.1024 ] [ndcg@5: 0.0343 ndcg@10: 0.0434 ndcg@20: 0.0564 ] 
2026-06-13 23:35:39,690 - Epoch 141 Validation set [recall@5: 0.0395 recall@10: 0.0632 recall@20: 0.1024 ] [ndcg@5: 0.0340 ndcg@10: 0.0435 ndcg@20: 0.0565 ] 
2026-06-13 23:35:42,364 - Epoch 144 Validation set [recall@5: 0.0404 recall@10: 0.0641 recall@20: 0.1038 ] [ndcg@5: 0.0343 ndcg@10: 0.0439 ndcg@20: 0.0570 ] 
2026-06-13 23:35:45,274 - Epoch 147 Validation set [recall@5: 0.0404 recall@10: 0.0644 recall@20: 0.1040 ] [ndcg@5: 0.0346 ndcg@10: 0.0443 ndcg@20: 0.0573 ] 
2026-06-13 23:35:48,228 - Epoch 150 Validation set [recall@5: 0.0412 recall@10: 0.0643 recall@20: 0.1039 ] [ndcg@5: 0.0349 ndcg@10: 0.0442 ndcg@20: 0.0572 ] 
2026-06-13 23:35:50,668 - Epoch 153 Validation set [recall@5: 0.0415 recall@10: 0.0642 recall@20: 0.1033 ] [ndcg@5: 0.0350 ndcg@10: 0.0442 ndcg@20: 0.0571 ] 
2026-06-13 23:35:53,167 - Epoch 156 Validation set [recall@5: 0.0410 recall@10: 0.0635 recall@20: 0.1028 ] [ndcg@5: 0.0348 ndcg@10: 0.0439 ndcg@20: 0.0569 ] 
2026-06-13 23:35:55,707 - Epoch 159 Validation set [recall@5: 0.0412 recall@10: 0.0650 recall@20: 0.1031 ] [ndcg@5: 0.0346 ndcg@10: 0.0442 ndcg@20: 0.0568 ] 
2026-06-13 23:35:58,425 - Epoch 162 Validation set [recall@5: 0.0408 recall@10: 0.0652 recall@20: 0.1031 ] [ndcg@5: 0.0345 ndcg@10: 0.0443 ndcg@20: 0.0569 ] 
2026-06-13 23:35:59,243 - [recall@5: 0.0404 recall@10: 0.0644 recall@20: 0.1040 ] [ndcg@5: 0.0346 ndcg@10: 0.0443 ndcg@20: 0.0573 ] 
2026-06-13 23:35:59,959 - [recall@5: 0.0374 recall@10: 0.0622 recall@20: 0.0979 ] [ndcg@5: 0.0365 ndcg@10: 0.0471 ndcg@20: 0.0601 ] 
2026-06-13 23:35:59,965 - Save model parameters to ./encoder/checkpoint/lightgcn_rgcn/lightgcn_rgcn-Office-2023.pth
2026-06-13 23:35:59,966 - Best Epoch 147. Final test result: {'recall': array([0.03738926, 0.06216054, 0.09790535]), 'ndcg': array([0.03647645, 0.04712654, 0.06014912])}.
