2025-10-01 23:16:20,450 - {'optimizer': {'name': 'adam', 'lr': 0.001, 'weight_decay': 0}, 'train': {'epoch': 3000, 'batch_size': 4096, 'save_model': True, 'loss': 'pairwise', 'test_step': 3, 'reproducible': True, 'seed': 2023, 'patience': 5}, 'test': {'metrics': ['recall', 'ndcg'], 'k': [5, 10, 20], 'batch_size': 1024}, 'data': {'type': 'general_agcf', 'name': 'Office', 'mat_type': 'uai', 'pre_norm': True, 'user_num': 6338, 'item_num': 4461, 'user_item_num': 10799, 'attr_num': 4065}, 'model': {'name': 'lightgcn_rgcn', 'label': 'ori', 'keep_rate': 0.9, 'embedding_size': 64, 'use_unify_layer_num': True, 'layer_num': 3, 'reg_weight': 5e-06, 'amazon': {'keep_rate': 0.9, 'layer_num': 3, 'reg_weight': 1e-07, 'eps': 0.1}, 'yelp': {'keep_rate': 0.9, 'layer_num': 3, 'reg_weight': 1e-06, 'eps': 0.1}, 'steam': {'keep_rate': 0.8, 'layer_num': 3, 'reg_weight': 1e-07, 'eps': 0.2}, 'Office': {'keep_rate': 0.9, 'layer_num': 3, 'reg_weight': 5e-06, 'eps': 0.1}}}
2025-10-01 23:16:24,461 - Epoch   0 Validation set [recall@5: 0.0052 recall@10: 0.0087 recall@20: 0.0151 ] [ndcg@5: 0.0041 ndcg@10: 0.0056 ndcg@20: 0.0077 ] 
2025-10-01 23:16:29,815 - Epoch   3 Validation set [recall@5: 0.0179 recall@10: 0.0312 recall@20: 0.0497 ] [ndcg@5: 0.0146 ndcg@10: 0.0201 ndcg@20: 0.0261 ] 
2025-10-01 23:16:35,524 - Epoch   6 Validation set [recall@5: 0.0232 recall@10: 0.0374 recall@20: 0.0587 ] [ndcg@5: 0.0187 ndcg@10: 0.0244 ndcg@20: 0.0314 ] 
2025-10-01 23:16:40,857 - Epoch   9 Validation set [recall@5: 0.0244 recall@10: 0.0406 recall@20: 0.0639 ] [ndcg@5: 0.0201 ndcg@10: 0.0267 ndcg@20: 0.0343 ] 
2025-10-01 23:16:46,680 - Epoch  12 Validation set [recall@5: 0.0263 recall@10: 0.0426 recall@20: 0.0670 ] [ndcg@5: 0.0217 ndcg@10: 0.0282 ndcg@20: 0.0363 ] 
2025-10-01 23:16:51,399 - Epoch  15 Validation set [recall@5: 0.0270 recall@10: 0.0448 recall@20: 0.0715 ] [ndcg@5: 0.0223 ndcg@10: 0.0295 ndcg@20: 0.0383 ] 
2025-10-01 23:16:56,273 - Epoch  18 Validation set [recall@5: 0.0279 recall@10: 0.0469 recall@20: 0.0750 ] [ndcg@5: 0.0233 ndcg@10: 0.0310 ndcg@20: 0.0404 ] 
2025-10-01 23:17:02,034 - Epoch  21 Validation set [recall@5: 0.0299 recall@10: 0.0502 recall@20: 0.0787 ] [ndcg@5: 0.0248 ndcg@10: 0.0330 ndcg@20: 0.0424 ] 
2025-10-01 23:17:07,693 - Epoch  24 Validation set [recall@5: 0.0308 recall@10: 0.0514 recall@20: 0.0814 ] [ndcg@5: 0.0258 ndcg@10: 0.0341 ndcg@20: 0.0440 ] 
2025-10-01 23:17:12,204 - Epoch  27 Validation set [recall@5: 0.0318 recall@10: 0.0523 recall@20: 0.0825 ] [ndcg@5: 0.0268 ndcg@10: 0.0350 ndcg@20: 0.0450 ] 
2025-10-01 23:17:17,874 - Epoch  30 Validation set [recall@5: 0.0316 recall@10: 0.0533 recall@20: 0.0840 ] [ndcg@5: 0.0267 ndcg@10: 0.0354 ndcg@20: 0.0455 ] 
2025-10-01 23:17:22,947 - Epoch  33 Validation set [recall@5: 0.0318 recall@10: 0.0541 recall@20: 0.0863 ] [ndcg@5: 0.0275 ndcg@10: 0.0366 ndcg@20: 0.0472 ] 
2025-10-01 23:17:28,122 - Epoch  36 Validation set [recall@5: 0.0328 recall@10: 0.0556 recall@20: 0.0868 ] [ndcg@5: 0.0280 ndcg@10: 0.0373 ndcg@20: 0.0476 ] 
2025-10-01 23:17:33,351 - Epoch  39 Validation set [recall@5: 0.0335 recall@10: 0.0562 recall@20: 0.0890 ] [ndcg@5: 0.0282 ndcg@10: 0.0374 ndcg@20: 0.0482 ] 
2025-10-01 23:17:38,768 - Epoch  42 Validation set [recall@5: 0.0338 recall@10: 0.0570 recall@20: 0.0885 ] [ndcg@5: 0.0287 ndcg@10: 0.0381 ndcg@20: 0.0485 ] 
2025-10-01 23:17:44,231 - Epoch  45 Validation set [recall@5: 0.0341 recall@10: 0.0562 recall@20: 0.0907 ] [ndcg@5: 0.0289 ndcg@10: 0.0378 ndcg@20: 0.0493 ] 
2025-10-01 23:17:49,711 - Epoch  48 Validation set [recall@5: 0.0343 recall@10: 0.0578 recall@20: 0.0922 ] [ndcg@5: 0.0291 ndcg@10: 0.0386 ndcg@20: 0.0500 ] 
2025-10-01 23:17:54,747 - Epoch  51 Validation set [recall@5: 0.0350 recall@10: 0.0575 recall@20: 0.0915 ] [ndcg@5: 0.0298 ndcg@10: 0.0389 ndcg@20: 0.0501 ] 
2025-10-01 23:18:00,139 - Epoch  54 Validation set [recall@5: 0.0347 recall@10: 0.0595 recall@20: 0.0917 ] [ndcg@5: 0.0296 ndcg@10: 0.0395 ndcg@20: 0.0502 ] 
2025-10-01 23:18:05,209 - Epoch  57 Validation set [recall@5: 0.0357 recall@10: 0.0600 recall@20: 0.0926 ] [ndcg@5: 0.0304 ndcg@10: 0.0401 ndcg@20: 0.0509 ] 
2025-10-01 23:18:09,965 - Epoch  60 Validation set [recall@5: 0.0358 recall@10: 0.0606 recall@20: 0.0941 ] [ndcg@5: 0.0305 ndcg@10: 0.0404 ndcg@20: 0.0514 ] 
2025-10-01 23:18:15,680 - Epoch  63 Validation set [recall@5: 0.0365 recall@10: 0.0593 recall@20: 0.0943 ] [ndcg@5: 0.0309 ndcg@10: 0.0401 ndcg@20: 0.0517 ] 
2025-10-01 23:18:20,750 - Epoch  66 Validation set [recall@5: 0.0358 recall@10: 0.0613 recall@20: 0.0952 ] [ndcg@5: 0.0307 ndcg@10: 0.0410 ndcg@20: 0.0522 ] 
2025-10-01 23:18:26,353 - Epoch  69 Validation set [recall@5: 0.0362 recall@10: 0.0609 recall@20: 0.0964 ] [ndcg@5: 0.0310 ndcg@10: 0.0410 ndcg@20: 0.0527 ] 
2025-10-01 23:18:31,985 - Epoch  72 Validation set [recall@5: 0.0369 recall@10: 0.0607 recall@20: 0.0969 ] [ndcg@5: 0.0316 ndcg@10: 0.0412 ndcg@20: 0.0532 ] 
2025-10-01 23:18:37,234 - Epoch  75 Validation set [recall@5: 0.0369 recall@10: 0.0612 recall@20: 0.0968 ] [ndcg@5: 0.0320 ndcg@10: 0.0417 ndcg@20: 0.0536 ] 
2025-10-01 23:18:42,451 - Epoch  78 Validation set [recall@5: 0.0374 recall@10: 0.0622 recall@20: 0.0985 ] [ndcg@5: 0.0321 ndcg@10: 0.0421 ndcg@20: 0.0541 ] 
2025-10-01 23:18:48,003 - Epoch  81 Validation set [recall@5: 0.0377 recall@10: 0.0622 recall@20: 0.0994 ] [ndcg@5: 0.0323 ndcg@10: 0.0421 ndcg@20: 0.0545 ] 
2025-10-01 23:18:53,136 - Epoch  84 Validation set [recall@5: 0.0374 recall@10: 0.0628 recall@20: 0.0992 ] [ndcg@5: 0.0321 ndcg@10: 0.0423 ndcg@20: 0.0544 ] 
2025-10-01 23:18:58,304 - Epoch  87 Validation set [recall@5: 0.0376 recall@10: 0.0623 recall@20: 0.0993 ] [ndcg@5: 0.0323 ndcg@10: 0.0424 ndcg@20: 0.0547 ] 
2025-10-01 23:19:03,726 - Epoch  90 Validation set [recall@5: 0.0376 recall@10: 0.0626 recall@20: 0.0989 ] [ndcg@5: 0.0324 ndcg@10: 0.0425 ndcg@20: 0.0546 ] 
2025-10-01 23:19:08,219 - Epoch  93 Validation set [recall@5: 0.0370 recall@10: 0.0623 recall@20: 0.0981 ] [ndcg@5: 0.0324 ndcg@10: 0.0426 ndcg@20: 0.0545 ] 
2025-10-01 23:19:14,094 - Epoch  96 Validation set [recall@5: 0.0379 recall@10: 0.0625 recall@20: 0.0991 ] [ndcg@5: 0.0327 ndcg@10: 0.0426 ndcg@20: 0.0548 ] 
2025-10-01 23:19:15,075 - [recall@5: 0.0377 recall@10: 0.0622 recall@20: 0.0994 ] [ndcg@5: 0.0323 ndcg@10: 0.0421 ndcg@20: 0.0545 ] 
2025-10-01 23:19:16,148 - [recall@5: 0.0356 recall@10: 0.0587 recall@20: 0.0938 ] [ndcg@5: 0.0346 ndcg@10: 0.0443 ndcg@20: 0.0572 ] 
2025-10-01 23:19:16,156 - Save model parameters to ./encoder/checkpoint/lightgcn_rgcn/lightgcn_rgcn-Office-2023.pth
2025-10-01 23:19:16,157 - Best Epoch 81. Final test result: {'recall': array([0.03563217, 0.05865093, 0.09381046]), 'ndcg': array([0.03455041, 0.04433172, 0.05715541])}.
