2025-10-02 13:50:45,279 - {'optimizer': {'name': 'adam', 'lr': 0.001, 'weight_decay': 0}, 'train': {'epoch': 3000, 'batch_size': 4096, 'save_model': True, 'loss': 'pairwise', 'test_step': 3, 'reproducible': True, 'seed': 2023, 'patience': 5}, 'test': {'metrics': ['recall', 'ndcg'], 'k': [5, 10, 20], 'batch_size': 1024}, 'data': {'type': 'general_agcf', 'name': 'Office', 'mat_type': 'uai', 'pre_norm': True, 'user_num': 6338, 'item_num': 4461, 'user_item_num': 10799, 'attr_num': 4065}, 'model': {'name': 'lightgcn_rgcn', 'label': 'ori', 'keep_rate': 0.9, 'embedding_size': 64, 'use_unify_layer_num': True, 'layer_num': 3, 'reg_weight': 5e-06, 'amazon': {'keep_rate': 0.9, 'layer_num': 3, 'reg_weight': 1e-07, 'eps': 0.1}, 'yelp': {'keep_rate': 0.9, 'layer_num': 3, 'reg_weight': 1e-06, 'eps': 0.1}, 'steam': {'keep_rate': 0.8, 'layer_num': 3, 'reg_weight': 1e-07, 'eps': 0.2}, 'Office': {'keep_rate': 0.9, 'layer_num': 3, 'reg_weight': 5e-06, 'eps': 0.1}}}
2025-10-02 13:50:49,661 - Epoch   0 Validation set [recall@5: 0.0052 recall@10: 0.0087 recall@20: 0.0151 ] [ndcg@5: 0.0041 ndcg@10: 0.0056 ndcg@20: 0.0077 ] 
2025-10-02 13:50:53,782 - Epoch   3 Validation set [recall@5: 0.0179 recall@10: 0.0312 recall@20: 0.0497 ] [ndcg@5: 0.0146 ndcg@10: 0.0201 ndcg@20: 0.0261 ] 
2025-10-02 13:50:57,875 - Epoch   6 Validation set [recall@5: 0.0232 recall@10: 0.0374 recall@20: 0.0587 ] [ndcg@5: 0.0187 ndcg@10: 0.0244 ndcg@20: 0.0314 ] 
2025-10-02 13:51:02,609 - Epoch   9 Validation set [recall@5: 0.0244 recall@10: 0.0405 recall@20: 0.0638 ] [ndcg@5: 0.0202 ndcg@10: 0.0268 ndcg@20: 0.0344 ] 
2025-10-02 13:51:06,957 - Epoch  12 Validation set [recall@5: 0.0261 recall@10: 0.0427 recall@20: 0.0672 ] [ndcg@5: 0.0215 ndcg@10: 0.0282 ndcg@20: 0.0363 ] 
2025-10-02 13:51:11,584 - Epoch  15 Validation set [recall@5: 0.0271 recall@10: 0.0450 recall@20: 0.0707 ] [ndcg@5: 0.0225 ndcg@10: 0.0297 ndcg@20: 0.0382 ] 
2025-10-02 13:51:15,423 - Epoch  18 Validation set [recall@5: 0.0281 recall@10: 0.0473 recall@20: 0.0755 ] [ndcg@5: 0.0233 ndcg@10: 0.0311 ndcg@20: 0.0404 ] 
2025-10-02 13:51:19,814 - Epoch  21 Validation set [recall@5: 0.0293 recall@10: 0.0502 recall@20: 0.0783 ] [ndcg@5: 0.0244 ndcg@10: 0.0329 ndcg@20: 0.0422 ] 
2025-10-02 13:51:24,038 - Epoch  24 Validation set [recall@5: 0.0308 recall@10: 0.0512 recall@20: 0.0809 ] [ndcg@5: 0.0258 ndcg@10: 0.0340 ndcg@20: 0.0439 ] 
2025-10-02 13:51:27,964 - Epoch  27 Validation set [recall@5: 0.0316 recall@10: 0.0519 recall@20: 0.0827 ] [ndcg@5: 0.0266 ndcg@10: 0.0348 ndcg@20: 0.0450 ] 
2025-10-02 13:51:32,449 - Epoch  30 Validation set [recall@5: 0.0321 recall@10: 0.0535 recall@20: 0.0839 ] [ndcg@5: 0.0270 ndcg@10: 0.0356 ndcg@20: 0.0456 ] 
2025-10-02 13:51:36,536 - Epoch  33 Validation set [recall@5: 0.0317 recall@10: 0.0539 recall@20: 0.0864 ] [ndcg@5: 0.0274 ndcg@10: 0.0364 ndcg@20: 0.0471 ] 
2025-10-02 13:51:41,322 - Epoch  36 Validation set [recall@5: 0.0329 recall@10: 0.0557 recall@20: 0.0869 ] [ndcg@5: 0.0279 ndcg@10: 0.0372 ndcg@20: 0.0475 ] 
2025-10-02 13:51:45,833 - Epoch  39 Validation set [recall@5: 0.0334 recall@10: 0.0564 recall@20: 0.0891 ] [ndcg@5: 0.0281 ndcg@10: 0.0373 ndcg@20: 0.0481 ] 
2025-10-02 13:51:49,888 - Epoch  42 Validation set [recall@5: 0.0338 recall@10: 0.0570 recall@20: 0.0888 ] [ndcg@5: 0.0287 ndcg@10: 0.0380 ndcg@20: 0.0485 ] 
2025-10-02 13:51:53,928 - Epoch  45 Validation set [recall@5: 0.0340 recall@10: 0.0562 recall@20: 0.0906 ] [ndcg@5: 0.0288 ndcg@10: 0.0378 ndcg@20: 0.0491 ] 
2025-10-02 13:51:57,624 - Epoch  48 Validation set [recall@5: 0.0342 recall@10: 0.0575 recall@20: 0.0919 ] [ndcg@5: 0.0290 ndcg@10: 0.0385 ndcg@20: 0.0499 ] 
2025-10-02 13:52:01,194 - Epoch  51 Validation set [recall@5: 0.0349 recall@10: 0.0578 recall@20: 0.0917 ] [ndcg@5: 0.0296 ndcg@10: 0.0389 ndcg@20: 0.0501 ] 
2025-10-02 13:52:05,469 - Epoch  54 Validation set [recall@5: 0.0348 recall@10: 0.0595 recall@20: 0.0917 ] [ndcg@5: 0.0296 ndcg@10: 0.0395 ndcg@20: 0.0502 ] 
2025-10-02 13:52:09,604 - Epoch  57 Validation set [recall@5: 0.0357 recall@10: 0.0603 recall@20: 0.0925 ] [ndcg@5: 0.0304 ndcg@10: 0.0402 ndcg@20: 0.0509 ] 
2025-10-02 13:52:13,874 - Epoch  60 Validation set [recall@5: 0.0356 recall@10: 0.0598 recall@20: 0.0941 ] [ndcg@5: 0.0305 ndcg@10: 0.0402 ndcg@20: 0.0515 ] 
2025-10-02 13:52:18,275 - Epoch  63 Validation set [recall@5: 0.0365 recall@10: 0.0599 recall@20: 0.0948 ] [ndcg@5: 0.0309 ndcg@10: 0.0403 ndcg@20: 0.0519 ] 
2025-10-02 13:52:22,811 - Epoch  66 Validation set [recall@5: 0.0361 recall@10: 0.0615 recall@20: 0.0956 ] [ndcg@5: 0.0309 ndcg@10: 0.0411 ndcg@20: 0.0524 ] 
2025-10-02 13:52:26,587 - Epoch  69 Validation set [recall@5: 0.0361 recall@10: 0.0607 recall@20: 0.0964 ] [ndcg@5: 0.0309 ndcg@10: 0.0408 ndcg@20: 0.0526 ] 
2025-10-02 13:52:30,801 - Epoch  72 Validation set [recall@5: 0.0370 recall@10: 0.0610 recall@20: 0.0972 ] [ndcg@5: 0.0317 ndcg@10: 0.0413 ndcg@20: 0.0533 ] 
2025-10-02 13:52:34,552 - Epoch  75 Validation set [recall@5: 0.0370 recall@10: 0.0617 recall@20: 0.0974 ] [ndcg@5: 0.0321 ndcg@10: 0.0420 ndcg@20: 0.0539 ] 
2025-10-02 13:52:38,775 - Epoch  78 Validation set [recall@5: 0.0373 recall@10: 0.0622 recall@20: 0.0984 ] [ndcg@5: 0.0321 ndcg@10: 0.0421 ndcg@20: 0.0541 ] 
2025-10-02 13:52:43,423 - Epoch  81 Validation set [recall@5: 0.0377 recall@10: 0.0622 recall@20: 0.0994 ] [ndcg@5: 0.0324 ndcg@10: 0.0422 ndcg@20: 0.0546 ] 
2025-10-02 13:52:47,719 - Epoch  84 Validation set [recall@5: 0.0375 recall@10: 0.0629 recall@20: 0.0992 ] [ndcg@5: 0.0322 ndcg@10: 0.0424 ndcg@20: 0.0544 ] 
2025-10-02 13:52:52,366 - Epoch  87 Validation set [recall@5: 0.0379 recall@10: 0.0624 recall@20: 0.0995 ] [ndcg@5: 0.0326 ndcg@10: 0.0425 ndcg@20: 0.0549 ] 
2025-10-02 13:52:56,930 - Epoch  90 Validation set [recall@5: 0.0376 recall@10: 0.0629 recall@20: 0.0991 ] [ndcg@5: 0.0325 ndcg@10: 0.0427 ndcg@20: 0.0547 ] 
2025-10-02 13:53:00,890 - Epoch  93 Validation set [recall@5: 0.0370 recall@10: 0.0624 recall@20: 0.0986 ] [ndcg@5: 0.0324 ndcg@10: 0.0427 ndcg@20: 0.0547 ] 
2025-10-02 13:53:05,438 - Epoch  96 Validation set [recall@5: 0.0376 recall@10: 0.0628 recall@20: 0.0999 ] [ndcg@5: 0.0326 ndcg@10: 0.0428 ndcg@20: 0.0551 ] 
2025-10-02 13:53:10,274 - Epoch  99 Validation set [recall@5: 0.0374 recall@10: 0.0628 recall@20: 0.0999 ] [ndcg@5: 0.0327 ndcg@10: 0.0430 ndcg@20: 0.0553 ] 
2025-10-02 13:53:14,199 - Epoch 102 Validation set [recall@5: 0.0381 recall@10: 0.0632 recall@20: 0.0997 ] [ndcg@5: 0.0333 ndcg@10: 0.0434 ndcg@20: 0.0554 ] 
2025-10-02 13:53:18,825 - Epoch 105 Validation set [recall@5: 0.0376 recall@10: 0.0635 recall@20: 0.1000 ] [ndcg@5: 0.0330 ndcg@10: 0.0434 ndcg@20: 0.0555 ] 
2025-10-02 13:53:23,085 - Epoch 108 Validation set [recall@5: 0.0386 recall@10: 0.0635 recall@20: 0.1001 ] [ndcg@5: 0.0332 ndcg@10: 0.0431 ndcg@20: 0.0553 ] 
2025-10-02 13:53:27,173 - Epoch 111 Validation set [recall@5: 0.0385 recall@10: 0.0641 recall@20: 0.1003 ] [ndcg@5: 0.0333 ndcg@10: 0.0435 ndcg@20: 0.0555 ] 
2025-10-02 13:53:30,865 - Epoch 114 Validation set [recall@5: 0.0387 recall@10: 0.0630 recall@20: 0.1001 ] [ndcg@5: 0.0335 ndcg@10: 0.0432 ndcg@20: 0.0555 ] 
2025-10-02 13:53:35,345 - Epoch 117 Validation set [recall@5: 0.0392 recall@10: 0.0639 recall@20: 0.1006 ] [ndcg@5: 0.0336 ndcg@10: 0.0435 ndcg@20: 0.0557 ] 
2025-10-02 13:53:39,305 - Epoch 120 Validation set [recall@5: 0.0392 recall@10: 0.0628 recall@20: 0.1014 ] [ndcg@5: 0.0336 ndcg@10: 0.0431 ndcg@20: 0.0559 ] 
2025-10-02 13:53:44,114 - Epoch 123 Validation set [recall@5: 0.0396 recall@10: 0.0636 recall@20: 0.1007 ] [ndcg@5: 0.0340 ndcg@10: 0.0436 ndcg@20: 0.0559 ] 
2025-10-02 13:53:48,436 - Epoch 126 Validation set [recall@5: 0.0395 recall@10: 0.0636 recall@20: 0.1011 ] [ndcg@5: 0.0338 ndcg@10: 0.0434 ndcg@20: 0.0559 ] 
2025-10-02 13:53:53,078 - Epoch 129 Validation set [recall@5: 0.0394 recall@10: 0.0636 recall@20: 0.1025 ] [ndcg@5: 0.0339 ndcg@10: 0.0436 ndcg@20: 0.0565 ] 
2025-10-02 13:53:57,326 - Epoch 132 Validation set [recall@5: 0.0390 recall@10: 0.0626 recall@20: 0.1025 ] [ndcg@5: 0.0337 ndcg@10: 0.0432 ndcg@20: 0.0563 ] 
2025-10-02 13:54:01,265 - Epoch 135 Validation set [recall@5: 0.0399 recall@10: 0.0631 recall@20: 0.1031 ] [ndcg@5: 0.0340 ndcg@10: 0.0434 ndcg@20: 0.0566 ] 
2025-10-02 13:54:05,471 - Epoch 138 Validation set [recall@5: 0.0406 recall@10: 0.0629 recall@20: 0.1022 ] [ndcg@5: 0.0343 ndcg@10: 0.0433 ndcg@20: 0.0563 ] 
2025-10-02 13:54:09,321 - Epoch 141 Validation set [recall@5: 0.0398 recall@10: 0.0634 recall@20: 0.1027 ] [ndcg@5: 0.0340 ndcg@10: 0.0435 ndcg@20: 0.0565 ] 
2025-10-02 13:54:14,038 - Epoch 144 Validation set [recall@5: 0.0406 recall@10: 0.0637 recall@20: 0.1037 ] [ndcg@5: 0.0344 ndcg@10: 0.0437 ndcg@20: 0.0570 ] 
2025-10-02 13:54:17,963 - Epoch 147 Validation set [recall@5: 0.0406 recall@10: 0.0642 recall@20: 0.1037 ] [ndcg@5: 0.0347 ndcg@10: 0.0443 ndcg@20: 0.0573 ] 
2025-10-02 13:54:22,096 - Epoch 150 Validation set [recall@5: 0.0414 recall@10: 0.0640 recall@20: 0.1038 ] [ndcg@5: 0.0350 ndcg@10: 0.0440 ndcg@20: 0.0572 ] 
2025-10-02 13:54:26,418 - Epoch 153 Validation set [recall@5: 0.0416 recall@10: 0.0640 recall@20: 0.1031 ] [ndcg@5: 0.0350 ndcg@10: 0.0441 ndcg@20: 0.0570 ] 
2025-10-02 13:54:30,763 - Epoch 156 Validation set [recall@5: 0.0416 recall@10: 0.0635 recall@20: 0.1026 ] [ndcg@5: 0.0350 ndcg@10: 0.0438 ndcg@20: 0.0568 ] 
2025-10-02 13:54:34,297 - Epoch 159 Validation set [recall@5: 0.0414 recall@10: 0.0650 recall@20: 0.1031 ] [ndcg@5: 0.0347 ndcg@10: 0.0442 ndcg@20: 0.0568 ] 
2025-10-02 13:54:37,964 - Epoch 162 Validation set [recall@5: 0.0410 recall@10: 0.0653 recall@20: 0.1033 ] [ndcg@5: 0.0347 ndcg@10: 0.0444 ndcg@20: 0.0569 ] 
2025-10-02 13:54:42,061 - Epoch 165 Validation set [recall@5: 0.0408 recall@10: 0.0648 recall@20: 0.1046 ] [ndcg@5: 0.0345 ndcg@10: 0.0441 ndcg@20: 0.0573 ] 
2025-10-02 13:54:45,979 - Epoch 168 Validation set [recall@5: 0.0409 recall@10: 0.0649 recall@20: 0.1044 ] [ndcg@5: 0.0347 ndcg@10: 0.0443 ndcg@20: 0.0574 ] 
2025-10-02 13:54:50,013 - Epoch 171 Validation set [recall@5: 0.0404 recall@10: 0.0652 recall@20: 0.1040 ] [ndcg@5: 0.0348 ndcg@10: 0.0448 ndcg@20: 0.0576 ] 
2025-10-02 13:54:53,925 - Epoch 174 Validation set [recall@5: 0.0406 recall@10: 0.0656 recall@20: 0.1041 ] [ndcg@5: 0.0345 ndcg@10: 0.0445 ndcg@20: 0.0572 ] 
2025-10-02 13:54:58,470 - Epoch 177 Validation set [recall@5: 0.0407 recall@10: 0.0652 recall@20: 0.1046 ] [ndcg@5: 0.0344 ndcg@10: 0.0443 ndcg@20: 0.0573 ] 
2025-10-02 13:55:02,586 - Epoch 180 Validation set [recall@5: 0.0408 recall@10: 0.0658 recall@20: 0.1051 ] [ndcg@5: 0.0344 ndcg@10: 0.0445 ndcg@20: 0.0574 ] 
2025-10-02 13:55:06,741 - Epoch 183 Validation set [recall@5: 0.0412 recall@10: 0.0651 recall@20: 0.1049 ] [ndcg@5: 0.0348 ndcg@10: 0.0444 ndcg@20: 0.0575 ] 
2025-10-02 13:55:10,766 - Epoch 186 Validation set [recall@5: 0.0411 recall@10: 0.0651 recall@20: 0.1055 ] [ndcg@5: 0.0348 ndcg@10: 0.0445 ndcg@20: 0.0577 ] 
2025-10-02 13:55:14,886 - Epoch 189 Validation set [recall@5: 0.0406 recall@10: 0.0654 recall@20: 0.1052 ] [ndcg@5: 0.0345 ndcg@10: 0.0446 ndcg@20: 0.0576 ] 
2025-10-02 13:55:18,988 - Epoch 192 Validation set [recall@5: 0.0411 recall@10: 0.0658 recall@20: 0.1053 ] [ndcg@5: 0.0346 ndcg@10: 0.0447 ndcg@20: 0.0576 ] 
2025-10-02 13:55:23,422 - Epoch 195 Validation set [recall@5: 0.0413 recall@10: 0.0651 recall@20: 0.1055 ] [ndcg@5: 0.0348 ndcg@10: 0.0444 ndcg@20: 0.0577 ] 
2025-10-02 13:55:28,081 - Epoch 198 Validation set [recall@5: 0.0410 recall@10: 0.0656 recall@20: 0.1056 ] [ndcg@5: 0.0346 ndcg@10: 0.0446 ndcg@20: 0.0577 ] 
2025-10-02 13:55:32,490 - Epoch 201 Validation set [recall@5: 0.0402 recall@10: 0.0657 recall@20: 0.1051 ] [ndcg@5: 0.0345 ndcg@10: 0.0449 ndcg@20: 0.0578 ] 
2025-10-02 13:55:36,737 - Epoch 204 Validation set [recall@5: 0.0405 recall@10: 0.0649 recall@20: 0.1058 ] [ndcg@5: 0.0343 ndcg@10: 0.0442 ndcg@20: 0.0576 ] 
2025-10-02 13:55:40,392 - Epoch 207 Validation set [recall@5: 0.0409 recall@10: 0.0654 recall@20: 0.1055 ] [ndcg@5: 0.0343 ndcg@10: 0.0443 ndcg@20: 0.0574 ] 
2025-10-02 13:55:44,604 - Epoch 210 Validation set [recall@5: 0.0407 recall@10: 0.0655 recall@20: 0.1052 ] [ndcg@5: 0.0343 ndcg@10: 0.0443 ndcg@20: 0.0574 ] 
2025-10-02 13:55:48,995 - Epoch 213 Validation set [recall@5: 0.0406 recall@10: 0.0665 recall@20: 0.1061 ] [ndcg@5: 0.0344 ndcg@10: 0.0448 ndcg@20: 0.0578 ] 
2025-10-02 13:55:53,143 - Epoch 216 Validation set [recall@5: 0.0402 recall@10: 0.0670 recall@20: 0.1052 ] [ndcg@5: 0.0340 ndcg@10: 0.0448 ndcg@20: 0.0573 ] 
2025-10-02 13:55:57,401 - Epoch 219 Validation set [recall@5: 0.0405 recall@10: 0.0662 recall@20: 0.1048 ] [ndcg@5: 0.0340 ndcg@10: 0.0444 ndcg@20: 0.0571 ] 
2025-10-02 13:56:02,104 - Epoch 222 Validation set [recall@5: 0.0406 recall@10: 0.0654 recall@20: 0.1053 ] [ndcg@5: 0.0342 ndcg@10: 0.0442 ndcg@20: 0.0573 ] 
2025-10-02 13:56:06,087 - Epoch 225 Validation set [recall@5: 0.0399 recall@10: 0.0656 recall@20: 0.1052 ] [ndcg@5: 0.0342 ndcg@10: 0.0446 ndcg@20: 0.0575 ] 
2025-10-02 13:56:10,303 - Epoch 228 Validation set [recall@5: 0.0404 recall@10: 0.0665 recall@20: 0.1041 ] [ndcg@5: 0.0343 ndcg@10: 0.0450 ndcg@20: 0.0573 ] 
2025-10-02 13:56:11,116 - [recall@5: 0.0406 recall@10: 0.0665 recall@20: 0.1061 ] [ndcg@5: 0.0344 ndcg@10: 0.0448 ndcg@20: 0.0578 ] 
2025-10-02 13:56:11,964 - [recall@5: 0.0377 recall@10: 0.0630 recall@20: 0.0996 ] [ndcg@5: 0.0359 ndcg@10: 0.0469 ndcg@20: 0.0603 ] 
2025-10-02 13:56:11,970 - Save model parameters to ./encoder/checkpoint/lightgcn_rgcn/lightgcn_rgcn-Office-2023.pth
2025-10-02 13:56:11,971 - Best Epoch 213. Final test result: {'recall': array([0.0376741 , 0.06301464, 0.09963869]), 'ndcg': array([0.03587183, 0.04694133, 0.06029849])}.
