2025-09-30 02:07:59,657 - {'optimizer': {'name': 'adam', 'lr': 0.001, 'weight_decay': 0}, 'train': {'epoch': 3000, 'batch_size': 4096, 'save_model': True, 'loss': 'pairwise', 'test_step': 3, 'reproducible': True, 'seed': 2023, 'patience': 5}, 'test': {'metrics': ['recall', 'ndcg'], 'k': [5, 10, 20], 'batch_size': 1024}, 'data': {'type': 'general_agcf', 'name': 'Office', 'mat_type': 'uai', 'pre_norm': True, 'user_num': 6338, 'item_num': 4461, 'user_item_num': 10799, 'attr_num': 4065}, 'model': {'name': 'lightgcn_rgcn', 'label': 'ori', 'keep_rate': 0.9, 'embedding_size': 64, 'use_unify_layer_num': True, 'layer_num': 3, 'reg_weight': 1e-06, 'amazon': {'keep_rate': 0.9, 'layer_num': 3, 'reg_weight': 1e-07, 'eps': 0.1}, 'yelp': {'keep_rate': 0.9, 'layer_num': 3, 'reg_weight': 1e-06, 'eps': 0.1}, 'steam': {'keep_rate': 0.8, 'layer_num': 3, 'reg_weight': 1e-07, 'eps': 0.2}, 'Office': {'keep_rate': 0.9, 'layer_num': 3, 'reg_weight': 1e-06, 'eps': 0.1}}}
2025-09-30 02:08:02,415 - Epoch   0 Validation set [recall@5: 0.0066 recall@10: 0.0110 recall@20: 0.0181 ] [ndcg@5: 0.0055 ndcg@10: 0.0073 ndcg@20: 0.0096 ] 
2025-09-30 02:08:06,164 - Epoch   3 Validation set [recall@5: 0.0180 recall@10: 0.0314 recall@20: 0.0501 ] [ndcg@5: 0.0146 ndcg@10: 0.0202 ndcg@20: 0.0263 ] 
2025-09-30 02:08:09,924 - Epoch   6 Validation set [recall@5: 0.0238 recall@10: 0.0383 recall@20: 0.0599 ] [ndcg@5: 0.0192 ndcg@10: 0.0251 ndcg@20: 0.0321 ] 
2025-09-30 02:08:13,733 - Epoch   9 Validation set [recall@5: 0.0259 recall@10: 0.0413 recall@20: 0.0664 ] [ndcg@5: 0.0212 ndcg@10: 0.0275 ndcg@20: 0.0358 ] 
2025-09-30 02:08:17,583 - Epoch  12 Validation set [recall@5: 0.0271 recall@10: 0.0450 recall@20: 0.0712 ] [ndcg@5: 0.0222 ndcg@10: 0.0295 ndcg@20: 0.0382 ] 
2025-09-30 02:08:21,160 - Epoch  15 Validation set [recall@5: 0.0285 recall@10: 0.0463 recall@20: 0.0750 ] [ndcg@5: 0.0234 ndcg@10: 0.0308 ndcg@20: 0.0402 ] 
2025-09-30 02:08:24,682 - Epoch  18 Validation set [recall@5: 0.0289 recall@10: 0.0492 recall@20: 0.0798 ] [ndcg@5: 0.0241 ndcg@10: 0.0323 ndcg@20: 0.0424 ] 
2025-09-30 02:08:27,930 - Epoch  21 Validation set [recall@5: 0.0306 recall@10: 0.0520 recall@20: 0.0810 ] [ndcg@5: 0.0257 ndcg@10: 0.0344 ndcg@20: 0.0440 ] 
2025-09-30 02:08:31,548 - Epoch  24 Validation set [recall@5: 0.0312 recall@10: 0.0534 recall@20: 0.0832 ] [ndcg@5: 0.0263 ndcg@10: 0.0353 ndcg@20: 0.0452 ] 
2025-09-30 02:08:35,397 - Epoch  27 Validation set [recall@5: 0.0316 recall@10: 0.0538 recall@20: 0.0850 ] [ndcg@5: 0.0267 ndcg@10: 0.0357 ndcg@20: 0.0461 ] 
2025-09-30 02:08:39,051 - Epoch  30 Validation set [recall@5: 0.0309 recall@10: 0.0546 recall@20: 0.0866 ] [ndcg@5: 0.0267 ndcg@10: 0.0363 ndcg@20: 0.0469 ] 
2025-09-30 02:08:42,722 - Epoch  33 Validation set [recall@5: 0.0322 recall@10: 0.0556 recall@20: 0.0878 ] [ndcg@5: 0.0281 ndcg@10: 0.0376 ndcg@20: 0.0482 ] 
2025-09-30 02:08:46,634 - Epoch  36 Validation set [recall@5: 0.0341 recall@10: 0.0570 recall@20: 0.0893 ] [ndcg@5: 0.0292 ndcg@10: 0.0383 ndcg@20: 0.0491 ] 
2025-09-30 02:08:50,320 - Epoch  39 Validation set [recall@5: 0.0346 recall@10: 0.0564 recall@20: 0.0902 ] [ndcg@5: 0.0294 ndcg@10: 0.0381 ndcg@20: 0.0493 ] 
2025-09-30 02:08:53,486 - Epoch  42 Validation set [recall@5: 0.0343 recall@10: 0.0569 recall@20: 0.0914 ] [ndcg@5: 0.0293 ndcg@10: 0.0385 ndcg@20: 0.0500 ] 
2025-09-30 02:08:56,961 - Epoch  45 Validation set [recall@5: 0.0344 recall@10: 0.0570 recall@20: 0.0934 ] [ndcg@5: 0.0297 ndcg@10: 0.0388 ndcg@20: 0.0508 ] 
2025-09-30 02:09:00,225 - Epoch  48 Validation set [recall@5: 0.0352 recall@10: 0.0598 recall@20: 0.0933 ] [ndcg@5: 0.0300 ndcg@10: 0.0399 ndcg@20: 0.0511 ] 
2025-09-30 02:09:03,720 - Epoch  51 Validation set [recall@5: 0.0354 recall@10: 0.0591 recall@20: 0.0929 ] [ndcg@5: 0.0304 ndcg@10: 0.0399 ndcg@20: 0.0512 ] 
2025-09-30 02:09:07,194 - Epoch  54 Validation set [recall@5: 0.0360 recall@10: 0.0602 recall@20: 0.0936 ] [ndcg@5: 0.0306 ndcg@10: 0.0403 ndcg@20: 0.0514 ] 
2025-09-30 02:09:10,621 - Epoch  57 Validation set [recall@5: 0.0366 recall@10: 0.0613 recall@20: 0.0945 ] [ndcg@5: 0.0308 ndcg@10: 0.0407 ndcg@20: 0.0517 ] 
2025-09-30 02:09:14,737 - Epoch  60 Validation set [recall@5: 0.0366 recall@10: 0.0610 recall@20: 0.0944 ] [ndcg@5: 0.0308 ndcg@10: 0.0406 ndcg@20: 0.0517 ] 
2025-09-30 02:09:18,457 - Epoch  63 Validation set [recall@5: 0.0366 recall@10: 0.0615 recall@20: 0.0953 ] [ndcg@5: 0.0313 ndcg@10: 0.0413 ndcg@20: 0.0525 ] 
2025-09-30 02:09:22,389 - Epoch  66 Validation set [recall@5: 0.0371 recall@10: 0.0622 recall@20: 0.0964 ] [ndcg@5: 0.0313 ndcg@10: 0.0415 ndcg@20: 0.0528 ] 
2025-09-30 02:09:26,451 - Epoch  69 Validation set [recall@5: 0.0373 recall@10: 0.0628 recall@20: 0.0970 ] [ndcg@5: 0.0317 ndcg@10: 0.0420 ndcg@20: 0.0533 ] 
2025-09-30 02:09:30,061 - Epoch  72 Validation set [recall@5: 0.0379 recall@10: 0.0626 recall@20: 0.0972 ] [ndcg@5: 0.0322 ndcg@10: 0.0421 ndcg@20: 0.0536 ] 
2025-09-30 02:09:33,950 - Epoch  75 Validation set [recall@5: 0.0374 recall@10: 0.0630 recall@20: 0.0976 ] [ndcg@5: 0.0325 ndcg@10: 0.0427 ndcg@20: 0.0543 ] 
2025-09-30 02:09:37,900 - Epoch  78 Validation set [recall@5: 0.0382 recall@10: 0.0623 recall@20: 0.0981 ] [ndcg@5: 0.0326 ndcg@10: 0.0422 ndcg@20: 0.0542 ] 
2025-09-30 02:09:41,761 - Epoch  81 Validation set [recall@5: 0.0388 recall@10: 0.0623 recall@20: 0.0978 ] [ndcg@5: 0.0333 ndcg@10: 0.0428 ndcg@20: 0.0547 ] 
2025-09-30 02:09:45,537 - Epoch  84 Validation set [recall@5: 0.0387 recall@10: 0.0625 recall@20: 0.0972 ] [ndcg@5: 0.0331 ndcg@10: 0.0427 ndcg@20: 0.0543 ] 
2025-09-30 02:09:49,398 - Epoch  87 Validation set [recall@5: 0.0390 recall@10: 0.0629 recall@20: 0.0980 ] [ndcg@5: 0.0332 ndcg@10: 0.0428 ndcg@20: 0.0545 ] 
2025-09-30 02:09:53,261 - Epoch  90 Validation set [recall@5: 0.0384 recall@10: 0.0631 recall@20: 0.0987 ] [ndcg@5: 0.0329 ndcg@10: 0.0428 ndcg@20: 0.0546 ] 
2025-09-30 02:09:57,134 - Epoch  93 Validation set [recall@5: 0.0392 recall@10: 0.0626 recall@20: 0.0988 ] [ndcg@5: 0.0339 ndcg@10: 0.0433 ndcg@20: 0.0553 ] 
2025-09-30 02:10:00,860 - Epoch  96 Validation set [recall@5: 0.0393 recall@10: 0.0637 recall@20: 0.1003 ] [ndcg@5: 0.0338 ndcg@10: 0.0437 ndcg@20: 0.0558 ] 
2025-09-30 02:10:04,740 - Epoch  99 Validation set [recall@5: 0.0396 recall@10: 0.0632 recall@20: 0.0987 ] [ndcg@5: 0.0338 ndcg@10: 0.0433 ndcg@20: 0.0551 ] 
2025-09-30 02:10:08,415 - Epoch 102 Validation set [recall@5: 0.0395 recall@10: 0.0631 recall@20: 0.0986 ] [ndcg@5: 0.0339 ndcg@10: 0.0435 ndcg@20: 0.0553 ] 
2025-09-30 02:10:11,933 - Epoch 105 Validation set [recall@5: 0.0399 recall@10: 0.0630 recall@20: 0.0989 ] [ndcg@5: 0.0342 ndcg@10: 0.0435 ndcg@20: 0.0554 ] 
2025-09-30 02:10:15,413 - Epoch 108 Validation set [recall@5: 0.0398 recall@10: 0.0631 recall@20: 0.1000 ] [ndcg@5: 0.0340 ndcg@10: 0.0432 ndcg@20: 0.0555 ] 
2025-09-30 02:10:18,989 - Epoch 111 Validation set [recall@5: 0.0396 recall@10: 0.0631 recall@20: 0.1001 ] [ndcg@5: 0.0337 ndcg@10: 0.0432 ndcg@20: 0.0555 ] 
2025-09-30 02:10:19,586 - [recall@5: 0.0393 recall@10: 0.0637 recall@20: 0.1003 ] [ndcg@5: 0.0338 ndcg@10: 0.0437 ndcg@20: 0.0558 ] 
2025-09-30 02:10:20,154 - [recall@5: 0.0362 recall@10: 0.0598 recall@20: 0.0943 ] [ndcg@5: 0.0354 ndcg@10: 0.0455 ndcg@20: 0.0581 ] 
2025-09-30 02:10:20,160 - Save model parameters to ./encoder/checkpoint/lightgcn_rgcn/lightgcn_rgcn-Office-2023.pth
2025-09-30 02:10:20,161 - Best Epoch 96. Final test result: {'recall': array([0.03615701, 0.05984824, 0.09432275]), 'ndcg': array([0.03544265, 0.04550305, 0.05814939])}.
