2025-10-02 00:34:59,455 - {'optimizer': {'name': 'adam', 'lr': 0.001, 'weight_decay': 0}, 'train': {'epoch': 3000, 'batch_size': 4096, 'save_model': True, 'loss': 'pairwise', 'test_step': 3, 'reproducible': True, 'seed': 2023, 'patience': 5}, 'test': {'metrics': ['recall', 'ndcg'], 'k': [5, 10, 20], 'batch_size': 1024}, 'data': {'type': 'general_agcf', 'name': 'Office', 'mat_type': 'uai', 'pre_norm': True, 'user_num': 6338, 'item_num': 4461, 'user_item_num': 10799, 'attr_num': 4065}, 'model': {'name': 'lightgcn_rgcn', 'label': 'ori', 'keep_rate': 0.9, 'embedding_size': 64, 'use_unify_layer_num': True, 'layer_num': 8, 'reg_weight': 5e-06, 'amazon': {'keep_rate': 0.9, 'layer_num': 3, 'reg_weight': 1e-07, 'eps': 0.1}, 'yelp': {'keep_rate': 0.9, 'layer_num': 3, 'reg_weight': 1e-06, 'eps': 0.1}, 'steam': {'keep_rate': 0.8, 'layer_num': 3, 'reg_weight': 1e-07, 'eps': 0.2}, 'Office': {'keep_rate': 0.9, 'layer_num': 8, 'reg_weight': 5e-06, 'eps': 0.1}}}
2025-10-02 00:35:03,157 - Epoch   0 Validation set [recall@5: 0.0179 recall@10: 0.0303 recall@20: 0.0482 ] [ndcg@5: 0.0146 ndcg@10: 0.0198 ndcg@20: 0.0256 ] 
2025-10-02 00:35:09,210 - Epoch   3 Validation set [recall@5: 0.0196 recall@10: 0.0305 recall@20: 0.0471 ] [ndcg@5: 0.0156 ndcg@10: 0.0200 ndcg@20: 0.0255 ] 
2025-10-02 00:35:14,739 - Epoch   6 Validation set [recall@5: 0.0198 recall@10: 0.0324 recall@20: 0.0481 ] [ndcg@5: 0.0157 ndcg@10: 0.0209 ndcg@20: 0.0260 ] 
2025-10-02 00:35:20,727 - Epoch   9 Validation set [recall@5: 0.0241 recall@10: 0.0368 recall@20: 0.0585 ] [ndcg@5: 0.0192 ndcg@10: 0.0245 ndcg@20: 0.0316 ] 
2025-10-02 00:35:25,922 - Epoch  12 Validation set [recall@5: 0.0250 recall@10: 0.0404 recall@20: 0.0627 ] [ndcg@5: 0.0201 ndcg@10: 0.0264 ndcg@20: 0.0337 ] 
2025-10-02 00:35:32,049 - Epoch  15 Validation set [recall@5: 0.0260 recall@10: 0.0420 recall@20: 0.0671 ] [ndcg@5: 0.0210 ndcg@10: 0.0275 ndcg@20: 0.0358 ] 
2025-10-02 00:35:37,900 - Epoch  18 Validation set [recall@5: 0.0266 recall@10: 0.0432 recall@20: 0.0697 ] [ndcg@5: 0.0216 ndcg@10: 0.0282 ndcg@20: 0.0370 ] 
2025-10-02 00:35:44,327 - Epoch  21 Validation set [recall@5: 0.0277 recall@10: 0.0441 recall@20: 0.0714 ] [ndcg@5: 0.0228 ndcg@10: 0.0293 ndcg@20: 0.0383 ] 
2025-10-02 00:35:49,948 - Epoch  24 Validation set [recall@5: 0.0274 recall@10: 0.0463 recall@20: 0.0740 ] [ndcg@5: 0.0227 ndcg@10: 0.0303 ndcg@20: 0.0394 ] 
2025-10-02 00:35:55,323 - Epoch  27 Validation set [recall@5: 0.0274 recall@10: 0.0467 recall@20: 0.0743 ] [ndcg@5: 0.0228 ndcg@10: 0.0305 ndcg@20: 0.0396 ] 
2025-10-02 00:36:01,007 - Epoch  30 Validation set [recall@5: 0.0289 recall@10: 0.0478 recall@20: 0.0776 ] [ndcg@5: 0.0238 ndcg@10: 0.0315 ndcg@20: 0.0412 ] 
2025-10-02 00:36:06,868 - Epoch  33 Validation set [recall@5: 0.0303 recall@10: 0.0492 recall@20: 0.0768 ] [ndcg@5: 0.0252 ndcg@10: 0.0327 ndcg@20: 0.0418 ] 
2025-10-02 00:36:12,313 - Epoch  36 Validation set [recall@5: 0.0308 recall@10: 0.0493 recall@20: 0.0770 ] [ndcg@5: 0.0254 ndcg@10: 0.0328 ndcg@20: 0.0418 ] 
2025-10-02 00:36:17,606 - Epoch  39 Validation set [recall@5: 0.0301 recall@10: 0.0498 recall@20: 0.0790 ] [ndcg@5: 0.0251 ndcg@10: 0.0330 ndcg@20: 0.0426 ] 
2025-10-02 00:36:23,585 - Epoch  42 Validation set [recall@5: 0.0296 recall@10: 0.0501 recall@20: 0.0780 ] [ndcg@5: 0.0249 ndcg@10: 0.0332 ndcg@20: 0.0424 ] 
2025-10-02 00:36:29,582 - Epoch  45 Validation set [recall@5: 0.0314 recall@10: 0.0498 recall@20: 0.0809 ] [ndcg@5: 0.0258 ndcg@10: 0.0332 ndcg@20: 0.0434 ] 
2025-10-02 00:36:35,299 - Epoch  48 Validation set [recall@5: 0.0317 recall@10: 0.0508 recall@20: 0.0801 ] [ndcg@5: 0.0264 ndcg@10: 0.0341 ndcg@20: 0.0437 ] 
2025-10-02 00:36:40,946 - Epoch  51 Validation set [recall@5: 0.0315 recall@10: 0.0497 recall@20: 0.0797 ] [ndcg@5: 0.0262 ndcg@10: 0.0335 ndcg@20: 0.0435 ] 
2025-10-02 00:36:46,710 - Epoch  54 Validation set [recall@5: 0.0308 recall@10: 0.0506 recall@20: 0.0808 ] [ndcg@5: 0.0259 ndcg@10: 0.0339 ndcg@20: 0.0438 ] 
2025-10-02 00:36:52,206 - Epoch  57 Validation set [recall@5: 0.0317 recall@10: 0.0517 recall@20: 0.0813 ] [ndcg@5: 0.0265 ndcg@10: 0.0346 ndcg@20: 0.0444 ] 
2025-10-02 00:36:57,924 - Epoch  60 Validation set [recall@5: 0.0319 recall@10: 0.0521 recall@20: 0.0820 ] [ndcg@5: 0.0261 ndcg@10: 0.0342 ndcg@20: 0.0441 ] 
2025-10-02 00:37:03,577 - Epoch  63 Validation set [recall@5: 0.0317 recall@10: 0.0516 recall@20: 0.0847 ] [ndcg@5: 0.0269 ndcg@10: 0.0350 ndcg@20: 0.0459 ] 
2025-10-02 00:37:08,930 - Epoch  66 Validation set [recall@5: 0.0327 recall@10: 0.0516 recall@20: 0.0828 ] [ndcg@5: 0.0271 ndcg@10: 0.0347 ndcg@20: 0.0450 ] 
2025-10-02 00:37:14,395 - Epoch  69 Validation set [recall@5: 0.0328 recall@10: 0.0534 recall@20: 0.0842 ] [ndcg@5: 0.0275 ndcg@10: 0.0359 ndcg@20: 0.0461 ] 
2025-10-02 00:37:19,727 - Epoch  72 Validation set [recall@5: 0.0325 recall@10: 0.0544 recall@20: 0.0871 ] [ndcg@5: 0.0275 ndcg@10: 0.0363 ndcg@20: 0.0471 ] 
2025-10-02 00:37:25,714 - Epoch  75 Validation set [recall@5: 0.0332 recall@10: 0.0540 recall@20: 0.0866 ] [ndcg@5: 0.0282 ndcg@10: 0.0365 ndcg@20: 0.0473 ] 
2025-10-02 00:37:30,940 - Epoch  78 Validation set [recall@5: 0.0326 recall@10: 0.0537 recall@20: 0.0856 ] [ndcg@5: 0.0280 ndcg@10: 0.0364 ndcg@20: 0.0469 ] 
2025-10-02 00:37:37,207 - Epoch  81 Validation set [recall@5: 0.0329 recall@10: 0.0547 recall@20: 0.0864 ] [ndcg@5: 0.0278 ndcg@10: 0.0367 ndcg@20: 0.0471 ] 
2025-10-02 00:37:42,709 - Epoch  84 Validation set [recall@5: 0.0334 recall@10: 0.0545 recall@20: 0.0875 ] [ndcg@5: 0.0280 ndcg@10: 0.0365 ndcg@20: 0.0474 ] 
2025-10-02 00:37:48,667 - Epoch  87 Validation set [recall@5: 0.0337 recall@10: 0.0547 recall@20: 0.0873 ] [ndcg@5: 0.0282 ndcg@10: 0.0368 ndcg@20: 0.0476 ] 
2025-10-02 00:37:53,867 - Epoch  90 Validation set [recall@5: 0.0339 recall@10: 0.0555 recall@20: 0.0870 ] [ndcg@5: 0.0283 ndcg@10: 0.0371 ndcg@20: 0.0475 ] 
2025-10-02 00:38:00,350 - Epoch  93 Validation set [recall@5: 0.0333 recall@10: 0.0559 recall@20: 0.0873 ] [ndcg@5: 0.0288 ndcg@10: 0.0379 ndcg@20: 0.0483 ] 
2025-10-02 00:38:06,561 - Epoch  96 Validation set [recall@5: 0.0327 recall@10: 0.0557 recall@20: 0.0874 ] [ndcg@5: 0.0275 ndcg@10: 0.0369 ndcg@20: 0.0473 ] 
2025-10-02 00:38:12,013 - Epoch  99 Validation set [recall@5: 0.0345 recall@10: 0.0558 recall@20: 0.0885 ] [ndcg@5: 0.0291 ndcg@10: 0.0377 ndcg@20: 0.0485 ] 
2025-10-02 00:38:17,717 - Epoch 102 Validation set [recall@5: 0.0337 recall@10: 0.0562 recall@20: 0.0900 ] [ndcg@5: 0.0289 ndcg@10: 0.0380 ndcg@20: 0.0492 ] 
2025-10-02 00:38:23,786 - Epoch 105 Validation set [recall@5: 0.0355 recall@10: 0.0569 recall@20: 0.0876 ] [ndcg@5: 0.0301 ndcg@10: 0.0387 ndcg@20: 0.0489 ] 
2025-10-02 00:38:29,677 - Epoch 108 Validation set [recall@5: 0.0340 recall@10: 0.0568 recall@20: 0.0885 ] [ndcg@5: 0.0291 ndcg@10: 0.0384 ndcg@20: 0.0489 ] 
2025-10-02 00:38:34,729 - Epoch 111 Validation set [recall@5: 0.0349 recall@10: 0.0564 recall@20: 0.0882 ] [ndcg@5: 0.0295 ndcg@10: 0.0381 ndcg@20: 0.0486 ] 
2025-10-02 00:38:39,776 - Epoch 114 Validation set [recall@5: 0.0343 recall@10: 0.0567 recall@20: 0.0894 ] [ndcg@5: 0.0291 ndcg@10: 0.0382 ndcg@20: 0.0490 ] 
2025-10-02 00:38:45,069 - Epoch 117 Validation set [recall@5: 0.0348 recall@10: 0.0563 recall@20: 0.0903 ] [ndcg@5: 0.0293 ndcg@10: 0.0380 ndcg@20: 0.0493 ] 
2025-10-02 00:38:51,220 - Epoch 120 Validation set [recall@5: 0.0342 recall@10: 0.0573 recall@20: 0.0868 ] [ndcg@5: 0.0288 ndcg@10: 0.0381 ndcg@20: 0.0479 ] 
2025-10-02 00:38:56,619 - Epoch 123 Validation set [recall@5: 0.0353 recall@10: 0.0572 recall@20: 0.0902 ] [ndcg@5: 0.0302 ndcg@10: 0.0390 ndcg@20: 0.0498 ] 
2025-10-02 00:39:02,309 - Epoch 126 Validation set [recall@5: 0.0339 recall@10: 0.0574 recall@20: 0.0911 ] [ndcg@5: 0.0295 ndcg@10: 0.0390 ndcg@20: 0.0501 ] 
2025-10-02 00:39:07,629 - Epoch 129 Validation set [recall@5: 0.0355 recall@10: 0.0582 recall@20: 0.0910 ] [ndcg@5: 0.0302 ndcg@10: 0.0393 ndcg@20: 0.0502 ] 
2025-10-02 00:39:12,835 - Epoch 132 Validation set [recall@5: 0.0344 recall@10: 0.0583 recall@20: 0.0920 ] [ndcg@5: 0.0298 ndcg@10: 0.0394 ndcg@20: 0.0505 ] 
2025-10-02 00:39:18,125 - Epoch 135 Validation set [recall@5: 0.0355 recall@10: 0.0585 recall@20: 0.0911 ] [ndcg@5: 0.0299 ndcg@10: 0.0390 ndcg@20: 0.0499 ] 
2025-10-02 00:39:24,044 - Epoch 138 Validation set [recall@5: 0.0364 recall@10: 0.0584 recall@20: 0.0915 ] [ndcg@5: 0.0302 ndcg@10: 0.0390 ndcg@20: 0.0500 ] 
2025-10-02 00:39:30,293 - Epoch 141 Validation set [recall@5: 0.0363 recall@10: 0.0600 recall@20: 0.0914 ] [ndcg@5: 0.0307 ndcg@10: 0.0402 ndcg@20: 0.0505 ] 
2025-10-02 00:39:35,374 - Epoch 144 Validation set [recall@5: 0.0363 recall@10: 0.0585 recall@20: 0.0926 ] [ndcg@5: 0.0303 ndcg@10: 0.0393 ndcg@20: 0.0505 ] 
2025-10-02 00:39:41,025 - Epoch 147 Validation set [recall@5: 0.0366 recall@10: 0.0593 recall@20: 0.0935 ] [ndcg@5: 0.0307 ndcg@10: 0.0398 ndcg@20: 0.0510 ] 
2025-10-02 00:39:46,751 - Epoch 150 Validation set [recall@5: 0.0364 recall@10: 0.0595 recall@20: 0.0923 ] [ndcg@5: 0.0306 ndcg@10: 0.0398 ndcg@20: 0.0507 ] 
2025-10-02 00:39:52,648 - Epoch 153 Validation set [recall@5: 0.0366 recall@10: 0.0600 recall@20: 0.0927 ] [ndcg@5: 0.0307 ndcg@10: 0.0402 ndcg@20: 0.0509 ] 
2025-10-02 00:39:57,617 - Epoch 156 Validation set [recall@5: 0.0366 recall@10: 0.0585 recall@20: 0.0943 ] [ndcg@5: 0.0308 ndcg@10: 0.0395 ndcg@20: 0.0514 ] 
2025-10-02 00:40:03,214 - Epoch 159 Validation set [recall@5: 0.0359 recall@10: 0.0593 recall@20: 0.0933 ] [ndcg@5: 0.0306 ndcg@10: 0.0400 ndcg@20: 0.0511 ] 
2025-10-02 00:40:08,822 - Epoch 162 Validation set [recall@5: 0.0357 recall@10: 0.0591 recall@20: 0.0942 ] [ndcg@5: 0.0302 ndcg@10: 0.0396 ndcg@20: 0.0511 ] 
2025-10-02 00:40:14,682 - Epoch 165 Validation set [recall@5: 0.0364 recall@10: 0.0597 recall@20: 0.0948 ] [ndcg@5: 0.0307 ndcg@10: 0.0400 ndcg@20: 0.0515 ] 
2025-10-02 00:40:19,290 - Epoch 168 Validation set [recall@5: 0.0362 recall@10: 0.0598 recall@20: 0.0937 ] [ndcg@5: 0.0310 ndcg@10: 0.0405 ndcg@20: 0.0517 ] 
2025-10-02 00:40:25,134 - Epoch 171 Validation set [recall@5: 0.0366 recall@10: 0.0597 recall@20: 0.0937 ] [ndcg@5: 0.0310 ndcg@10: 0.0402 ndcg@20: 0.0514 ] 
2025-10-02 00:40:30,892 - Epoch 174 Validation set [recall@5: 0.0362 recall@10: 0.0594 recall@20: 0.0926 ] [ndcg@5: 0.0310 ndcg@10: 0.0404 ndcg@20: 0.0513 ] 
2025-10-02 00:40:36,718 - Epoch 177 Validation set [recall@5: 0.0369 recall@10: 0.0607 recall@20: 0.0939 ] [ndcg@5: 0.0312 ndcg@10: 0.0407 ndcg@20: 0.0516 ] 
2025-10-02 00:40:41,698 - Epoch 180 Validation set [recall@5: 0.0369 recall@10: 0.0591 recall@20: 0.0939 ] [ndcg@5: 0.0312 ndcg@10: 0.0403 ndcg@20: 0.0517 ] 
2025-10-02 00:40:42,611 - [recall@5: 0.0364 recall@10: 0.0597 recall@20: 0.0948 ] [ndcg@5: 0.0307 ndcg@10: 0.0400 ndcg@20: 0.0515 ] 
2025-10-02 00:40:43,468 - [recall@5: 0.0326 recall@10: 0.0545 recall@20: 0.0887 ] [ndcg@5: 0.0314 ndcg@10: 0.0409 ndcg@20: 0.0533 ] 
2025-10-02 00:40:43,474 - Save model parameters to ./encoder/checkpoint/lightgcn_rgcn/lightgcn_rgcn-Office-2023.pth
2025-10-02 00:40:43,475 - Best Epoch 165. Final test result: {'recall': array([0.03258414, 0.05452609, 0.08866702]), 'ndcg': array([0.03144804, 0.04093172, 0.05328306])}.
