2025-10-02 14:15:18,189 - {'optimizer': {'name': 'adam', 'lr': 0.001, 'weight_decay': 0}, 'train': {'epoch': 3000, 'batch_size': 4096, 'save_model': True, 'loss': 'pairwise', 'test_step': 3, 'reproducible': True, 'seed': 2023, 'patience': 5}, 'test': {'metrics': ['recall', 'ndcg'], 'k': [5, 10, 20], 'batch_size': 1024}, 'data': {'type': 'general_agcf', 'name': 'Office', 'mat_type': 'uai', 'pre_norm': True, 'user_num': 6338, 'item_num': 4461, 'user_item_num': 10799, 'attr_num': 4065}, 'model': {'name': 'lightgcn_rgcn', 'label': 'ori', 'keep_rate': 0.9, 'embedding_size': 64, 'use_unify_layer_num': True, 'layer_num': 9, 'reg_weight': 5e-06, 'amazon': {'keep_rate': 0.9, 'layer_num': 3, 'reg_weight': 1e-07, 'eps': 0.1}, 'yelp': {'keep_rate': 0.9, 'layer_num': 3, 'reg_weight': 1e-06, 'eps': 0.1}, 'steam': {'keep_rate': 0.8, 'layer_num': 3, 'reg_weight': 1e-07, 'eps': 0.2}, 'Office': {'keep_rate': 0.9, 'layer_num': 9, 'reg_weight': 5e-06, 'eps': 0.1}}}
2025-10-02 14:15:23,055 - Epoch   0 Validation set [recall@5: 0.0192 recall@10: 0.0306 recall@20: 0.0480 ] [ndcg@5: 0.0153 ndcg@10: 0.0200 ndcg@20: 0.0257 ] 
2025-10-02 14:15:28,987 - Epoch   3 Validation set [recall@5: 0.0196 recall@10: 0.0305 recall@20: 0.0470 ] [ndcg@5: 0.0156 ndcg@10: 0.0200 ndcg@20: 0.0255 ] 
2025-10-02 14:15:34,149 - Epoch   6 Validation set [recall@5: 0.0196 recall@10: 0.0303 recall@20: 0.0472 ] [ndcg@5: 0.0156 ndcg@10: 0.0200 ndcg@20: 0.0254 ] 
2025-10-02 14:15:39,764 - Epoch   9 Validation set [recall@5: 0.0221 recall@10: 0.0353 recall@20: 0.0549 ] [ndcg@5: 0.0176 ndcg@10: 0.0229 ndcg@20: 0.0293 ] 
2025-10-02 14:15:44,670 - Epoch  12 Validation set [recall@5: 0.0233 recall@10: 0.0369 recall@20: 0.0571 ] [ndcg@5: 0.0186 ndcg@10: 0.0242 ndcg@20: 0.0308 ] 
2025-10-02 14:15:49,274 - Epoch  15 Validation set [recall@5: 0.0242 recall@10: 0.0390 recall@20: 0.0607 ] [ndcg@5: 0.0194 ndcg@10: 0.0254 ndcg@20: 0.0326 ] 
2025-10-02 14:15:54,841 - Epoch  18 Validation set [recall@5: 0.0257 recall@10: 0.0421 recall@20: 0.0665 ] [ndcg@5: 0.0209 ndcg@10: 0.0274 ndcg@20: 0.0355 ] 
2025-10-02 14:16:00,792 - Epoch  21 Validation set [recall@5: 0.0260 recall@10: 0.0430 recall@20: 0.0684 ] [ndcg@5: 0.0213 ndcg@10: 0.0281 ndcg@20: 0.0365 ] 
2025-10-02 14:16:06,589 - Epoch  24 Validation set [recall@5: 0.0270 recall@10: 0.0435 recall@20: 0.0700 ] [ndcg@5: 0.0222 ndcg@10: 0.0289 ndcg@20: 0.0375 ] 
2025-10-02 14:16:12,995 - Epoch  27 Validation set [recall@5: 0.0262 recall@10: 0.0438 recall@20: 0.0696 ] [ndcg@5: 0.0219 ndcg@10: 0.0290 ndcg@20: 0.0375 ] 
2025-10-02 14:16:18,184 - Epoch  30 Validation set [recall@5: 0.0278 recall@10: 0.0466 recall@20: 0.0746 ] [ndcg@5: 0.0227 ndcg@10: 0.0303 ndcg@20: 0.0394 ] 
2025-10-02 14:16:23,113 - Epoch  33 Validation set [recall@5: 0.0278 recall@10: 0.0477 recall@20: 0.0736 ] [ndcg@5: 0.0233 ndcg@10: 0.0313 ndcg@20: 0.0399 ] 
2025-10-02 14:16:27,704 - Epoch  36 Validation set [recall@5: 0.0287 recall@10: 0.0471 recall@20: 0.0741 ] [ndcg@5: 0.0236 ndcg@10: 0.0311 ndcg@20: 0.0400 ] 
2025-10-02 14:16:32,554 - Epoch  39 Validation set [recall@5: 0.0291 recall@10: 0.0485 recall@20: 0.0765 ] [ndcg@5: 0.0240 ndcg@10: 0.0318 ndcg@20: 0.0410 ] 
2025-10-02 14:16:36,855 - Epoch  42 Validation set [recall@5: 0.0289 recall@10: 0.0469 recall@20: 0.0769 ] [ndcg@5: 0.0239 ndcg@10: 0.0312 ndcg@20: 0.0411 ] 
2025-10-02 14:16:41,585 - Epoch  45 Validation set [recall@5: 0.0300 recall@10: 0.0489 recall@20: 0.0770 ] [ndcg@5: 0.0244 ndcg@10: 0.0320 ndcg@20: 0.0412 ] 
2025-10-02 14:16:46,343 - Epoch  48 Validation set [recall@5: 0.0304 recall@10: 0.0492 recall@20: 0.0791 ] [ndcg@5: 0.0254 ndcg@10: 0.0329 ndcg@20: 0.0427 ] 
2025-10-02 14:16:51,597 - Epoch  51 Validation set [recall@5: 0.0294 recall@10: 0.0481 recall@20: 0.0780 ] [ndcg@5: 0.0243 ndcg@10: 0.0318 ndcg@20: 0.0417 ] 
2025-10-02 14:16:56,193 - Epoch  54 Validation set [recall@5: 0.0298 recall@10: 0.0492 recall@20: 0.0788 ] [ndcg@5: 0.0249 ndcg@10: 0.0328 ndcg@20: 0.0426 ] 
2025-10-02 14:17:00,687 - Epoch  57 Validation set [recall@5: 0.0308 recall@10: 0.0501 recall@20: 0.0792 ] [ndcg@5: 0.0255 ndcg@10: 0.0333 ndcg@20: 0.0430 ] 
2025-10-02 14:17:05,327 - Epoch  60 Validation set [recall@5: 0.0301 recall@10: 0.0506 recall@20: 0.0792 ] [ndcg@5: 0.0250 ndcg@10: 0.0334 ndcg@20: 0.0427 ] 
2025-10-02 14:17:09,915 - Epoch  63 Validation set [recall@5: 0.0303 recall@10: 0.0514 recall@20: 0.0817 ] [ndcg@5: 0.0258 ndcg@10: 0.0343 ndcg@20: 0.0442 ] 
2025-10-02 14:17:15,135 - Epoch  66 Validation set [recall@5: 0.0307 recall@10: 0.0497 recall@20: 0.0805 ] [ndcg@5: 0.0257 ndcg@10: 0.0334 ndcg@20: 0.0435 ] 
2025-10-02 14:17:19,488 - Epoch  69 Validation set [recall@5: 0.0316 recall@10: 0.0515 recall@20: 0.0830 ] [ndcg@5: 0.0265 ndcg@10: 0.0346 ndcg@20: 0.0449 ] 
2025-10-02 14:17:25,349 - Epoch  72 Validation set [recall@5: 0.0313 recall@10: 0.0517 recall@20: 0.0838 ] [ndcg@5: 0.0264 ndcg@10: 0.0346 ndcg@20: 0.0452 ] 
2025-10-02 14:17:30,411 - Epoch  75 Validation set [recall@5: 0.0317 recall@10: 0.0527 recall@20: 0.0829 ] [ndcg@5: 0.0262 ndcg@10: 0.0346 ndcg@20: 0.0446 ] 
2025-10-02 14:17:35,023 - Epoch  78 Validation set [recall@5: 0.0313 recall@10: 0.0514 recall@20: 0.0821 ] [ndcg@5: 0.0261 ndcg@10: 0.0342 ndcg@20: 0.0442 ] 
2025-10-02 14:17:39,634 - Epoch  81 Validation set [recall@5: 0.0313 recall@10: 0.0529 recall@20: 0.0837 ] [ndcg@5: 0.0263 ndcg@10: 0.0349 ndcg@20: 0.0452 ] 
2025-10-02 14:17:44,044 - Epoch  84 Validation set [recall@5: 0.0324 recall@10: 0.0526 recall@20: 0.0844 ] [ndcg@5: 0.0270 ndcg@10: 0.0352 ndcg@20: 0.0456 ] 
2025-10-02 14:17:48,775 - Epoch  87 Validation set [recall@5: 0.0326 recall@10: 0.0541 recall@20: 0.0841 ] [ndcg@5: 0.0268 ndcg@10: 0.0356 ndcg@20: 0.0455 ] 
2025-10-02 14:17:53,756 - Epoch  90 Validation set [recall@5: 0.0332 recall@10: 0.0538 recall@20: 0.0857 ] [ndcg@5: 0.0278 ndcg@10: 0.0361 ndcg@20: 0.0466 ] 
2025-10-02 14:17:58,485 - Epoch  93 Validation set [recall@5: 0.0338 recall@10: 0.0533 recall@20: 0.0857 ] [ndcg@5: 0.0279 ndcg@10: 0.0357 ndcg@20: 0.0464 ] 
2025-10-02 14:18:03,124 - Epoch  96 Validation set [recall@5: 0.0324 recall@10: 0.0524 recall@20: 0.0841 ] [ndcg@5: 0.0269 ndcg@10: 0.0350 ndcg@20: 0.0455 ] 
2025-10-02 14:18:08,395 - Epoch  99 Validation set [recall@5: 0.0323 recall@10: 0.0539 recall@20: 0.0868 ] [ndcg@5: 0.0272 ndcg@10: 0.0360 ndcg@20: 0.0468 ] 
2025-10-02 14:18:13,467 - Epoch 102 Validation set [recall@5: 0.0339 recall@10: 0.0544 recall@20: 0.0858 ] [ndcg@5: 0.0280 ndcg@10: 0.0364 ndcg@20: 0.0467 ] 
2025-10-02 14:18:18,856 - Epoch 105 Validation set [recall@5: 0.0336 recall@10: 0.0538 recall@20: 0.0867 ] [ndcg@5: 0.0288 ndcg@10: 0.0370 ndcg@20: 0.0478 ] 
2025-10-02 14:18:23,368 - Epoch 108 Validation set [recall@5: 0.0332 recall@10: 0.0538 recall@20: 0.0860 ] [ndcg@5: 0.0281 ndcg@10: 0.0364 ndcg@20: 0.0471 ] 
2025-10-02 14:18:28,391 - Epoch 111 Validation set [recall@5: 0.0330 recall@10: 0.0547 recall@20: 0.0855 ] [ndcg@5: 0.0274 ndcg@10: 0.0361 ndcg@20: 0.0463 ] 
2025-10-02 14:18:32,993 - Epoch 114 Validation set [recall@5: 0.0332 recall@10: 0.0540 recall@20: 0.0872 ] [ndcg@5: 0.0280 ndcg@10: 0.0365 ndcg@20: 0.0473 ] 
2025-10-02 14:18:38,001 - Epoch 117 Validation set [recall@5: 0.0344 recall@10: 0.0529 recall@20: 0.0870 ] [ndcg@5: 0.0285 ndcg@10: 0.0360 ndcg@20: 0.0473 ] 
2025-10-02 14:18:42,728 - Epoch 120 Validation set [recall@5: 0.0344 recall@10: 0.0548 recall@20: 0.0866 ] [ndcg@5: 0.0288 ndcg@10: 0.0370 ndcg@20: 0.0475 ] 
2025-10-02 14:18:47,501 - Epoch 123 Validation set [recall@5: 0.0343 recall@10: 0.0550 recall@20: 0.0860 ] [ndcg@5: 0.0292 ndcg@10: 0.0375 ndcg@20: 0.0477 ] 
2025-10-02 14:18:52,555 - Epoch 126 Validation set [recall@5: 0.0337 recall@10: 0.0546 recall@20: 0.0875 ] [ndcg@5: 0.0291 ndcg@10: 0.0375 ndcg@20: 0.0484 ] 
2025-10-02 14:18:56,875 - Epoch 129 Validation set [recall@5: 0.0339 recall@10: 0.0540 recall@20: 0.0884 ] [ndcg@5: 0.0287 ndcg@10: 0.0368 ndcg@20: 0.0481 ] 
2025-10-02 14:19:01,539 - Epoch 132 Validation set [recall@5: 0.0340 recall@10: 0.0557 recall@20: 0.0879 ] [ndcg@5: 0.0289 ndcg@10: 0.0377 ndcg@20: 0.0483 ] 
2025-10-02 14:19:06,645 - Epoch 135 Validation set [recall@5: 0.0339 recall@10: 0.0556 recall@20: 0.0884 ] [ndcg@5: 0.0289 ndcg@10: 0.0376 ndcg@20: 0.0484 ] 
2025-10-02 14:19:11,421 - Epoch 138 Validation set [recall@5: 0.0347 recall@10: 0.0556 recall@20: 0.0880 ] [ndcg@5: 0.0294 ndcg@10: 0.0377 ndcg@20: 0.0484 ] 
2025-10-02 14:19:17,209 - Epoch 141 Validation set [recall@5: 0.0347 recall@10: 0.0564 recall@20: 0.0881 ] [ndcg@5: 0.0292 ndcg@10: 0.0379 ndcg@20: 0.0484 ] 
2025-10-02 14:19:22,386 - Epoch 144 Validation set [recall@5: 0.0343 recall@10: 0.0555 recall@20: 0.0873 ] [ndcg@5: 0.0283 ndcg@10: 0.0369 ndcg@20: 0.0474 ] 
2025-10-02 14:19:26,818 - Epoch 147 Validation set [recall@5: 0.0354 recall@10: 0.0564 recall@20: 0.0886 ] [ndcg@5: 0.0295 ndcg@10: 0.0379 ndcg@20: 0.0486 ] 
2025-10-02 14:19:32,053 - Epoch 150 Validation set [recall@5: 0.0342 recall@10: 0.0549 recall@20: 0.0875 ] [ndcg@5: 0.0287 ndcg@10: 0.0370 ndcg@20: 0.0478 ] 
2025-10-02 14:19:36,749 - Epoch 153 Validation set [recall@5: 0.0345 recall@10: 0.0568 recall@20: 0.0893 ] [ndcg@5: 0.0290 ndcg@10: 0.0380 ndcg@20: 0.0487 ] 
2025-10-02 14:19:42,278 - Epoch 156 Validation set [recall@5: 0.0338 recall@10: 0.0561 recall@20: 0.0891 ] [ndcg@5: 0.0286 ndcg@10: 0.0375 ndcg@20: 0.0484 ] 
2025-10-02 14:19:47,367 - Epoch 159 Validation set [recall@5: 0.0347 recall@10: 0.0563 recall@20: 0.0889 ] [ndcg@5: 0.0292 ndcg@10: 0.0377 ndcg@20: 0.0484 ] 
2025-10-02 14:19:52,371 - Epoch 162 Validation set [recall@5: 0.0334 recall@10: 0.0571 recall@20: 0.0901 ] [ndcg@5: 0.0283 ndcg@10: 0.0377 ndcg@20: 0.0485 ] 
2025-10-02 14:19:56,820 - Epoch 165 Validation set [recall@5: 0.0331 recall@10: 0.0572 recall@20: 0.0896 ] [ndcg@5: 0.0281 ndcg@10: 0.0378 ndcg@20: 0.0484 ] 
2025-10-02 14:20:01,561 - Epoch 168 Validation set [recall@5: 0.0349 recall@10: 0.0576 recall@20: 0.0908 ] [ndcg@5: 0.0290 ndcg@10: 0.0381 ndcg@20: 0.0491 ] 
2025-10-02 14:20:06,297 - Epoch 171 Validation set [recall@5: 0.0352 recall@10: 0.0567 recall@20: 0.0909 ] [ndcg@5: 0.0297 ndcg@10: 0.0383 ndcg@20: 0.0496 ] 
2025-10-02 14:20:11,090 - Epoch 174 Validation set [recall@5: 0.0360 recall@10: 0.0582 recall@20: 0.0900 ] [ndcg@5: 0.0299 ndcg@10: 0.0387 ndcg@20: 0.0493 ] 
2025-10-02 14:20:15,748 - Epoch 177 Validation set [recall@5: 0.0351 recall@10: 0.0574 recall@20: 0.0888 ] [ndcg@5: 0.0295 ndcg@10: 0.0385 ndcg@20: 0.0489 ] 
2025-10-02 14:20:20,772 - Epoch 180 Validation set [recall@5: 0.0341 recall@10: 0.0570 recall@20: 0.0888 ] [ndcg@5: 0.0290 ndcg@10: 0.0382 ndcg@20: 0.0487 ] 
2025-10-02 14:20:25,237 - Epoch 183 Validation set [recall@5: 0.0354 recall@10: 0.0588 recall@20: 0.0916 ] [ndcg@5: 0.0298 ndcg@10: 0.0392 ndcg@20: 0.0500 ] 
2025-10-02 14:20:30,044 - Epoch 186 Validation set [recall@5: 0.0345 recall@10: 0.0585 recall@20: 0.0892 ] [ndcg@5: 0.0291 ndcg@10: 0.0388 ndcg@20: 0.0489 ] 
2025-10-02 14:20:34,439 - Epoch 189 Validation set [recall@5: 0.0351 recall@10: 0.0582 recall@20: 0.0886 ] [ndcg@5: 0.0297 ndcg@10: 0.0390 ndcg@20: 0.0490 ] 
2025-10-02 14:20:39,925 - Epoch 192 Validation set [recall@5: 0.0344 recall@10: 0.0569 recall@20: 0.0907 ] [ndcg@5: 0.0288 ndcg@10: 0.0379 ndcg@20: 0.0490 ] 
2025-10-02 14:20:45,239 - Epoch 195 Validation set [recall@5: 0.0356 recall@10: 0.0578 recall@20: 0.0912 ] [ndcg@5: 0.0300 ndcg@10: 0.0390 ndcg@20: 0.0499 ] 
2025-10-02 14:20:50,096 - Epoch 198 Validation set [recall@5: 0.0352 recall@10: 0.0585 recall@20: 0.0919 ] [ndcg@5: 0.0299 ndcg@10: 0.0394 ndcg@20: 0.0503 ] 
2025-10-02 14:20:55,948 - Epoch 201 Validation set [recall@5: 0.0352 recall@10: 0.0588 recall@20: 0.0895 ] [ndcg@5: 0.0300 ndcg@10: 0.0396 ndcg@20: 0.0497 ] 
2025-10-02 14:21:00,574 - Epoch 204 Validation set [recall@5: 0.0348 recall@10: 0.0569 recall@20: 0.0883 ] [ndcg@5: 0.0301 ndcg@10: 0.0390 ndcg@20: 0.0493 ] 
2025-10-02 14:21:06,252 - Epoch 207 Validation set [recall@5: 0.0358 recall@10: 0.0593 recall@20: 0.0924 ] [ndcg@5: 0.0303 ndcg@10: 0.0397 ndcg@20: 0.0506 ] 
2025-10-02 14:21:11,758 - Epoch 210 Validation set [recall@5: 0.0353 recall@10: 0.0582 recall@20: 0.0903 ] [ndcg@5: 0.0297 ndcg@10: 0.0390 ndcg@20: 0.0495 ] 
2025-10-02 14:21:16,449 - Epoch 213 Validation set [recall@5: 0.0355 recall@10: 0.0595 recall@20: 0.0922 ] [ndcg@5: 0.0296 ndcg@10: 0.0393 ndcg@20: 0.0501 ] 
2025-10-02 14:21:21,287 - Epoch 216 Validation set [recall@5: 0.0359 recall@10: 0.0576 recall@20: 0.0906 ] [ndcg@5: 0.0300 ndcg@10: 0.0387 ndcg@20: 0.0495 ] 
2025-10-02 14:21:26,452 - Epoch 219 Validation set [recall@5: 0.0364 recall@10: 0.0572 recall@20: 0.0891 ] [ndcg@5: 0.0305 ndcg@10: 0.0389 ndcg@20: 0.0494 ] 
2025-10-02 14:21:31,740 - Epoch 222 Validation set [recall@5: 0.0364 recall@10: 0.0578 recall@20: 0.0926 ] [ndcg@5: 0.0302 ndcg@10: 0.0388 ndcg@20: 0.0504 ] 
2025-10-02 14:21:37,208 - Epoch 225 Validation set [recall@5: 0.0357 recall@10: 0.0584 recall@20: 0.0928 ] [ndcg@5: 0.0304 ndcg@10: 0.0396 ndcg@20: 0.0508 ] 
2025-10-02 14:21:41,729 - Epoch 228 Validation set [recall@5: 0.0354 recall@10: 0.0589 recall@20: 0.0927 ] [ndcg@5: 0.0299 ndcg@10: 0.0393 ndcg@20: 0.0505 ] 
2025-10-02 14:21:46,754 - Epoch 231 Validation set [recall@5: 0.0360 recall@10: 0.0600 recall@20: 0.0944 ] [ndcg@5: 0.0307 ndcg@10: 0.0404 ndcg@20: 0.0517 ] 
2025-10-02 14:21:51,098 - Epoch 234 Validation set [recall@5: 0.0357 recall@10: 0.0578 recall@20: 0.0930 ] [ndcg@5: 0.0301 ndcg@10: 0.0390 ndcg@20: 0.0505 ] 
2025-10-02 14:21:55,850 - Epoch 237 Validation set [recall@5: 0.0370 recall@10: 0.0588 recall@20: 0.0908 ] [ndcg@5: 0.0314 ndcg@10: 0.0401 ndcg@20: 0.0507 ] 
2025-10-02 14:22:00,784 - Epoch 240 Validation set [recall@5: 0.0365 recall@10: 0.0596 recall@20: 0.0930 ] [ndcg@5: 0.0309 ndcg@10: 0.0401 ndcg@20: 0.0511 ] 
2025-10-02 14:22:05,665 - Epoch 243 Validation set [recall@5: 0.0369 recall@10: 0.0592 recall@20: 0.0921 ] [ndcg@5: 0.0313 ndcg@10: 0.0403 ndcg@20: 0.0510 ] 
2025-10-02 14:22:11,124 - Epoch 246 Validation set [recall@5: 0.0350 recall@10: 0.0592 recall@20: 0.0926 ] [ndcg@5: 0.0302 ndcg@10: 0.0398 ndcg@20: 0.0508 ] 
2025-10-02 14:22:12,259 - [recall@5: 0.0360 recall@10: 0.0600 recall@20: 0.0944 ] [ndcg@5: 0.0307 ndcg@10: 0.0404 ndcg@20: 0.0517 ] 
2025-10-02 14:22:13,363 - [recall@5: 0.0322 recall@10: 0.0537 recall@20: 0.0879 ] [ndcg@5: 0.0308 ndcg@10: 0.0402 ndcg@20: 0.0527 ] 
2025-10-02 14:22:13,371 - Save model parameters to ./encoder/checkpoint/lightgcn_rgcn/lightgcn_rgcn-Office-2023.pth
2025-10-02 14:22:13,372 - Best Epoch 231. Final test result: {'recall': array([0.03218151, 0.05366842, 0.08788773]), 'ndcg': array([0.03081347, 0.04022974, 0.05268226])}.
