2025-10-02 13:47:10,846 - {'optimizer': {'name': 'adam', 'lr': 0.001, 'weight_decay': 0}, 'train': {'epoch': 3000, 'batch_size': 4096, 'save_model': True, 'loss': 'pairwise', 'test_step': 3, 'reproducible': True, 'seed': 2023, 'patience': 5}, 'test': {'metrics': ['recall', 'ndcg'], 'k': [5, 10, 20], 'batch_size': 1024}, 'data': {'type': 'general_agcf', 'name': 'Office', 'mat_type': 'uai', 'pre_norm': True, 'user_num': 6338, 'item_num': 4461, 'user_item_num': 10799, 'attr_num': 4065}, 'model': {'name': 'lightgcn_rgcn', 'label': 'ori', 'keep_rate': 0.9, 'embedding_size': 64, 'use_unify_layer_num': True, 'layer_num': 2, 'reg_weight': 5e-06, 'amazon': {'keep_rate': 0.9, 'layer_num': 3, 'reg_weight': 1e-07, 'eps': 0.1}, 'yelp': {'keep_rate': 0.9, 'layer_num': 3, 'reg_weight': 1e-06, 'eps': 0.1}, 'steam': {'keep_rate': 0.8, 'layer_num': 3, 'reg_weight': 1e-07, 'eps': 0.2}, 'Office': {'keep_rate': 0.9, 'layer_num': 2, 'reg_weight': 5e-06, 'eps': 0.1}}}
2025-10-02 13:47:15,021 - Epoch   0 Validation set [recall@5: 0.0022 recall@10: 0.0045 recall@20: 0.0077 ] [ndcg@5: 0.0017 ndcg@10: 0.0027 ndcg@20: 0.0037 ] 
2025-10-02 13:47:19,066 - Epoch   3 Validation set [recall@5: 0.0171 recall@10: 0.0303 recall@20: 0.0532 ] [ndcg@5: 0.0143 ndcg@10: 0.0196 ndcg@20: 0.0271 ] 
2025-10-02 13:47:22,931 - Epoch   6 Validation set [recall@5: 0.0197 recall@10: 0.0364 recall@20: 0.0575 ] [ndcg@5: 0.0163 ndcg@10: 0.0231 ndcg@20: 0.0301 ] 
2025-10-02 13:47:26,838 - Epoch   9 Validation set [recall@5: 0.0255 recall@10: 0.0408 recall@20: 0.0654 ] [ndcg@5: 0.0211 ndcg@10: 0.0273 ndcg@20: 0.0354 ] 
2025-10-02 13:47:30,789 - Epoch  12 Validation set [recall@5: 0.0266 recall@10: 0.0429 recall@20: 0.0691 ] [ndcg@5: 0.0224 ndcg@10: 0.0290 ndcg@20: 0.0377 ] 
2025-10-02 13:47:34,840 - Epoch  15 Validation set [recall@5: 0.0277 recall@10: 0.0455 recall@20: 0.0723 ] [ndcg@5: 0.0231 ndcg@10: 0.0303 ndcg@20: 0.0392 ] 
2025-10-02 13:47:38,389 - Epoch  18 Validation set [recall@5: 0.0293 recall@10: 0.0494 recall@20: 0.0774 ] [ndcg@5: 0.0244 ndcg@10: 0.0326 ndcg@20: 0.0418 ] 
2025-10-02 13:47:42,958 - Epoch  21 Validation set [recall@5: 0.0304 recall@10: 0.0505 recall@20: 0.0806 ] [ndcg@5: 0.0252 ndcg@10: 0.0333 ndcg@20: 0.0433 ] 
2025-10-02 13:47:47,462 - Epoch  24 Validation set [recall@5: 0.0316 recall@10: 0.0519 recall@20: 0.0820 ] [ndcg@5: 0.0268 ndcg@10: 0.0350 ndcg@20: 0.0450 ] 
2025-10-02 13:47:51,714 - Epoch  27 Validation set [recall@5: 0.0316 recall@10: 0.0534 recall@20: 0.0831 ] [ndcg@5: 0.0270 ndcg@10: 0.0358 ndcg@20: 0.0456 ] 
2025-10-02 13:47:56,051 - Epoch  30 Validation set [recall@5: 0.0325 recall@10: 0.0540 recall@20: 0.0848 ] [ndcg@5: 0.0275 ndcg@10: 0.0363 ndcg@20: 0.0465 ] 
2025-10-02 13:48:00,208 - Epoch  33 Validation set [recall@5: 0.0331 recall@10: 0.0549 recall@20: 0.0861 ] [ndcg@5: 0.0285 ndcg@10: 0.0373 ndcg@20: 0.0476 ] 
2025-10-02 13:48:04,415 - Epoch  36 Validation set [recall@5: 0.0344 recall@10: 0.0575 recall@20: 0.0876 ] [ndcg@5: 0.0294 ndcg@10: 0.0387 ndcg@20: 0.0487 ] 
2025-10-02 13:48:08,023 - Epoch  39 Validation set [recall@5: 0.0348 recall@10: 0.0575 recall@20: 0.0885 ] [ndcg@5: 0.0296 ndcg@10: 0.0387 ndcg@20: 0.0490 ] 
2025-10-02 13:48:11,652 - Epoch  42 Validation set [recall@5: 0.0353 recall@10: 0.0585 recall@20: 0.0895 ] [ndcg@5: 0.0299 ndcg@10: 0.0392 ndcg@20: 0.0494 ] 
2025-10-02 13:48:15,577 - Epoch  45 Validation set [recall@5: 0.0357 recall@10: 0.0590 recall@20: 0.0909 ] [ndcg@5: 0.0304 ndcg@10: 0.0397 ndcg@20: 0.0503 ] 
2025-10-02 13:48:18,857 - Epoch  48 Validation set [recall@5: 0.0358 recall@10: 0.0593 recall@20: 0.0921 ] [ndcg@5: 0.0308 ndcg@10: 0.0403 ndcg@20: 0.0511 ] 
2025-10-02 13:48:22,768 - Epoch  51 Validation set [recall@5: 0.0362 recall@10: 0.0589 recall@20: 0.0930 ] [ndcg@5: 0.0307 ndcg@10: 0.0399 ndcg@20: 0.0512 ] 
2025-10-02 13:48:25,946 - Epoch  54 Validation set [recall@5: 0.0363 recall@10: 0.0596 recall@20: 0.0932 ] [ndcg@5: 0.0310 ndcg@10: 0.0404 ndcg@20: 0.0515 ] 
2025-10-02 13:48:29,603 - Epoch  57 Validation set [recall@5: 0.0364 recall@10: 0.0601 recall@20: 0.0948 ] [ndcg@5: 0.0314 ndcg@10: 0.0410 ndcg@20: 0.0524 ] 
2025-10-02 13:48:33,082 - Epoch  60 Validation set [recall@5: 0.0369 recall@10: 0.0607 recall@20: 0.0954 ] [ndcg@5: 0.0316 ndcg@10: 0.0412 ndcg@20: 0.0526 ] 
2025-10-02 13:48:36,416 - Epoch  63 Validation set [recall@5: 0.0365 recall@10: 0.0614 recall@20: 0.0966 ] [ndcg@5: 0.0316 ndcg@10: 0.0416 ndcg@20: 0.0532 ] 
2025-10-02 13:48:40,162 - Epoch  66 Validation set [recall@5: 0.0367 recall@10: 0.0619 recall@20: 0.0970 ] [ndcg@5: 0.0315 ndcg@10: 0.0418 ndcg@20: 0.0534 ] 
2025-10-02 13:48:44,524 - Epoch  69 Validation set [recall@5: 0.0378 recall@10: 0.0622 recall@20: 0.0979 ] [ndcg@5: 0.0323 ndcg@10: 0.0421 ndcg@20: 0.0539 ] 
2025-10-02 13:48:48,688 - Epoch  72 Validation set [recall@5: 0.0376 recall@10: 0.0626 recall@20: 0.0981 ] [ndcg@5: 0.0325 ndcg@10: 0.0426 ndcg@20: 0.0543 ] 
2025-10-02 13:48:52,523 - Epoch  75 Validation set [recall@5: 0.0378 recall@10: 0.0621 recall@20: 0.0993 ] [ndcg@5: 0.0326 ndcg@10: 0.0425 ndcg@20: 0.0548 ] 
2025-10-02 13:48:56,191 - Epoch  78 Validation set [recall@5: 0.0378 recall@10: 0.0626 recall@20: 0.1001 ] [ndcg@5: 0.0325 ndcg@10: 0.0425 ndcg@20: 0.0548 ] 
2025-10-02 13:48:59,897 - Epoch  81 Validation set [recall@5: 0.0383 recall@10: 0.0632 recall@20: 0.1002 ] [ndcg@5: 0.0331 ndcg@10: 0.0431 ndcg@20: 0.0553 ] 
2025-10-02 13:49:03,833 - Epoch  84 Validation set [recall@5: 0.0386 recall@10: 0.0627 recall@20: 0.1007 ] [ndcg@5: 0.0333 ndcg@10: 0.0431 ndcg@20: 0.0557 ] 
2025-10-02 13:49:07,612 - Epoch  87 Validation set [recall@5: 0.0390 recall@10: 0.0644 recall@20: 0.1005 ] [ndcg@5: 0.0336 ndcg@10: 0.0438 ndcg@20: 0.0557 ] 
2025-10-02 13:49:11,927 - Epoch  90 Validation set [recall@5: 0.0381 recall@10: 0.0638 recall@20: 0.1005 ] [ndcg@5: 0.0330 ndcg@10: 0.0434 ndcg@20: 0.0556 ] 
2025-10-02 13:49:15,597 - Epoch  93 Validation set [recall@5: 0.0388 recall@10: 0.0639 recall@20: 0.1005 ] [ndcg@5: 0.0334 ndcg@10: 0.0436 ndcg@20: 0.0557 ] 
2025-10-02 13:49:19,358 - Epoch  96 Validation set [recall@5: 0.0393 recall@10: 0.0636 recall@20: 0.1003 ] [ndcg@5: 0.0339 ndcg@10: 0.0437 ndcg@20: 0.0559 ] 
2025-10-02 13:49:23,678 - Epoch  99 Validation set [recall@5: 0.0390 recall@10: 0.0639 recall@20: 0.1014 ] [ndcg@5: 0.0340 ndcg@10: 0.0441 ndcg@20: 0.0565 ] 
2025-10-02 13:49:27,490 - Epoch 102 Validation set [recall@5: 0.0395 recall@10: 0.0637 recall@20: 0.1006 ] [ndcg@5: 0.0342 ndcg@10: 0.0441 ndcg@20: 0.0563 ] 
2025-10-02 13:49:31,321 - Epoch 105 Validation set [recall@5: 0.0394 recall@10: 0.0628 recall@20: 0.1019 ] [ndcg@5: 0.0341 ndcg@10: 0.0437 ndcg@20: 0.0565 ] 
2025-10-02 13:49:35,085 - Epoch 108 Validation set [recall@5: 0.0399 recall@10: 0.0637 recall@20: 0.1011 ] [ndcg@5: 0.0348 ndcg@10: 0.0443 ndcg@20: 0.0566 ] 
2025-10-02 13:49:39,338 - Epoch 111 Validation set [recall@5: 0.0401 recall@10: 0.0630 recall@20: 0.1020 ] [ndcg@5: 0.0347 ndcg@10: 0.0439 ndcg@20: 0.0568 ] 
2025-10-02 13:49:43,776 - Epoch 114 Validation set [recall@5: 0.0403 recall@10: 0.0639 recall@20: 0.1023 ] [ndcg@5: 0.0347 ndcg@10: 0.0441 ndcg@20: 0.0568 ] 
2025-10-02 13:49:47,950 - Epoch 117 Validation set [recall@5: 0.0402 recall@10: 0.0633 recall@20: 0.1027 ] [ndcg@5: 0.0348 ndcg@10: 0.0441 ndcg@20: 0.0571 ] 
2025-10-02 13:49:51,892 - Epoch 120 Validation set [recall@5: 0.0399 recall@10: 0.0639 recall@20: 0.1030 ] [ndcg@5: 0.0346 ndcg@10: 0.0442 ndcg@20: 0.0571 ] 
2025-10-02 13:49:55,276 - Epoch 123 Validation set [recall@5: 0.0395 recall@10: 0.0639 recall@20: 0.1024 ] [ndcg@5: 0.0344 ndcg@10: 0.0442 ndcg@20: 0.0569 ] 
2025-10-02 13:49:59,334 - Epoch 126 Validation set [recall@5: 0.0401 recall@10: 0.0645 recall@20: 0.1026 ] [ndcg@5: 0.0348 ndcg@10: 0.0445 ndcg@20: 0.0571 ] 
2025-10-02 13:50:02,909 - Epoch 129 Validation set [recall@5: 0.0406 recall@10: 0.0645 recall@20: 0.1025 ] [ndcg@5: 0.0348 ndcg@10: 0.0444 ndcg@20: 0.0570 ] 
2025-10-02 13:50:06,462 - Epoch 132 Validation set [recall@5: 0.0409 recall@10: 0.0631 recall@20: 0.1028 ] [ndcg@5: 0.0349 ndcg@10: 0.0439 ndcg@20: 0.0570 ] 
2025-10-02 13:50:09,995 - Epoch 135 Validation set [recall@5: 0.0404 recall@10: 0.0648 recall@20: 0.1032 ] [ndcg@5: 0.0346 ndcg@10: 0.0444 ndcg@20: 0.0571 ] 
2025-10-02 13:50:13,811 - Epoch 138 Validation set [recall@5: 0.0406 recall@10: 0.0652 recall@20: 0.1036 ] [ndcg@5: 0.0347 ndcg@10: 0.0446 ndcg@20: 0.0573 ] 
2025-10-02 13:50:17,322 - Epoch 141 Validation set [recall@5: 0.0400 recall@10: 0.0649 recall@20: 0.1038 ] [ndcg@5: 0.0345 ndcg@10: 0.0445 ndcg@20: 0.0573 ] 
2025-10-02 13:50:21,398 - Epoch 144 Validation set [recall@5: 0.0411 recall@10: 0.0654 recall@20: 0.1038 ] [ndcg@5: 0.0351 ndcg@10: 0.0449 ndcg@20: 0.0576 ] 
2025-10-02 13:50:24,421 - Epoch 147 Validation set [recall@5: 0.0407 recall@10: 0.0654 recall@20: 0.1031 ] [ndcg@5: 0.0353 ndcg@10: 0.0453 ndcg@20: 0.0577 ] 
2025-10-02 13:50:28,347 - Epoch 150 Validation set [recall@5: 0.0415 recall@10: 0.0662 recall@20: 0.1033 ] [ndcg@5: 0.0355 ndcg@10: 0.0455 ndcg@20: 0.0577 ] 
2025-10-02 13:50:31,794 - Epoch 153 Validation set [recall@5: 0.0404 recall@10: 0.0654 recall@20: 0.1029 ] [ndcg@5: 0.0348 ndcg@10: 0.0450 ndcg@20: 0.0574 ] 
2025-10-02 13:50:36,392 - Epoch 156 Validation set [recall@5: 0.0416 recall@10: 0.0652 recall@20: 0.1033 ] [ndcg@5: 0.0354 ndcg@10: 0.0449 ndcg@20: 0.0575 ] 
2025-10-02 13:50:40,188 - Epoch 159 Validation set [recall@5: 0.0413 recall@10: 0.0664 recall@20: 0.1037 ] [ndcg@5: 0.0351 ndcg@10: 0.0453 ndcg@20: 0.0576 ] 
2025-10-02 13:50:41,007 - [recall@5: 0.0411 recall@10: 0.0654 recall@20: 0.1038 ] [ndcg@5: 0.0351 ndcg@10: 0.0449 ndcg@20: 0.0576 ] 
2025-10-02 13:50:41,882 - [recall@5: 0.0382 recall@10: 0.0615 recall@20: 0.0980 ] [ndcg@5: 0.0367 ndcg@10: 0.0468 ndcg@20: 0.0601 ] 
2025-10-02 13:50:41,888 - Save model parameters to ./encoder/checkpoint/lightgcn_rgcn/lightgcn_rgcn-Office-2023.pth
2025-10-02 13:50:41,889 - Best Epoch 144. Final test result: {'recall': array([0.03817688, 0.06145174, 0.09803862]), 'ndcg': array([0.03671095, 0.04676913, 0.06011685])}.
