2025-09-29 18:15:20,680 - {'optimizer': {'name': 'adam', 'lr': 0.001, 'weight_decay': 0}, 'train': {'epoch': 3000, 'batch_size': 4096, 'save_model': True, 'loss': 'pairwise', 'test_step': 3, 'reproducible': True, 'seed': 2023, 'patience': 5}, 'test': {'metrics': ['recall', 'ndcg'], 'k': [5, 10, 20], 'batch_size': 1024}, 'data': {'type': 'general_agcf', 'name': 'Office', 'mat_type': 'uai', 'pre_norm': True, 'user_num': 6338, 'item_num': 4461, 'user_item_num': 10799, 'attr_num': 4065}, 'model': {'name': 'lightgcn_rgcn', 'label': 'ori', 'keep_rate': 0.9, 'embedding_size': 64, 'use_unify_layer_num': True, 'layer_num': 3, 'reg_weight': 1e-06, 'amazon': {'keep_rate': 0.8, 'layer_num': 3, 'reg_weight': 1e-07, 'eps': 0.1}, 'yelp': {'keep_rate': 0.8, 'layer_num': 3, 'reg_weight': 1e-07, 'eps': 0.1}, 'steam': {'keep_rate': 0.8, 'layer_num': 3, 'reg_weight': 1e-07, 'eps': 0.2}, 'Office': {'keep_rate': 0.9, 'layer_num': 3, 'reg_weight': 1e-06, 'eps': 0.1}}}
2025-09-29 18:15:23,350 - Epoch   0 Validation set [recall@5: 0.0066 recall@10: 0.0110 recall@20: 0.0181 ] [ndcg@5: 0.0055 ndcg@10: 0.0073 ndcg@20: 0.0096 ] 
2025-09-29 18:15:26,525 - Epoch   3 Validation set [recall@5: 0.0180 recall@10: 0.0314 recall@20: 0.0501 ] [ndcg@5: 0.0146 ndcg@10: 0.0202 ndcg@20: 0.0263 ] 
2025-09-29 18:15:29,741 - Epoch   6 Validation set [recall@5: 0.0238 recall@10: 0.0383 recall@20: 0.0599 ] [ndcg@5: 0.0192 ndcg@10: 0.0251 ndcg@20: 0.0321 ] 
2025-09-29 18:15:33,012 - Epoch   9 Validation set [recall@5: 0.0259 recall@10: 0.0413 recall@20: 0.0665 ] [ndcg@5: 0.0212 ndcg@10: 0.0275 ndcg@20: 0.0359 ] 
2025-09-29 18:15:36,255 - Epoch  12 Validation set [recall@5: 0.0273 recall@10: 0.0450 recall@20: 0.0712 ] [ndcg@5: 0.0222 ndcg@10: 0.0295 ndcg@20: 0.0382 ] 
2025-09-29 18:15:39,432 - Epoch  15 Validation set [recall@5: 0.0285 recall@10: 0.0464 recall@20: 0.0750 ] [ndcg@5: 0.0234 ndcg@10: 0.0308 ndcg@20: 0.0402 ] 
2025-09-29 18:15:42,750 - Epoch  18 Validation set [recall@5: 0.0289 recall@10: 0.0491 recall@20: 0.0797 ] [ndcg@5: 0.0241 ndcg@10: 0.0323 ndcg@20: 0.0423 ] 
2025-09-29 18:15:46,004 - Epoch  21 Validation set [recall@5: 0.0306 recall@10: 0.0521 recall@20: 0.0810 ] [ndcg@5: 0.0258 ndcg@10: 0.0345 ndcg@20: 0.0440 ] 
2025-09-29 18:15:49,256 - Epoch  24 Validation set [recall@5: 0.0314 recall@10: 0.0534 recall@20: 0.0832 ] [ndcg@5: 0.0264 ndcg@10: 0.0353 ndcg@20: 0.0452 ] 
2025-09-29 18:15:52,282 - Epoch  27 Validation set [recall@5: 0.0316 recall@10: 0.0538 recall@20: 0.0849 ] [ndcg@5: 0.0268 ndcg@10: 0.0358 ndcg@20: 0.0461 ] 
2025-09-29 18:15:55,325 - Epoch  30 Validation set [recall@5: 0.0310 recall@10: 0.0546 recall@20: 0.0866 ] [ndcg@5: 0.0268 ndcg@10: 0.0363 ndcg@20: 0.0469 ] 
2025-09-29 18:15:58,608 - Epoch  33 Validation set [recall@5: 0.0322 recall@10: 0.0556 recall@20: 0.0880 ] [ndcg@5: 0.0281 ndcg@10: 0.0375 ndcg@20: 0.0482 ] 
2025-09-29 18:16:01,524 - Epoch  36 Validation set [recall@5: 0.0341 recall@10: 0.0571 recall@20: 0.0894 ] [ndcg@5: 0.0292 ndcg@10: 0.0384 ndcg@20: 0.0491 ] 
2025-09-29 18:16:04,701 - Epoch  39 Validation set [recall@5: 0.0345 recall@10: 0.0565 recall@20: 0.0901 ] [ndcg@5: 0.0293 ndcg@10: 0.0381 ndcg@20: 0.0493 ] 
2025-09-29 18:16:07,919 - Epoch  42 Validation set [recall@5: 0.0344 recall@10: 0.0567 recall@20: 0.0912 ] [ndcg@5: 0.0294 ndcg@10: 0.0384 ndcg@20: 0.0499 ] 
2025-09-29 18:16:11,169 - Epoch  45 Validation set [recall@5: 0.0343 recall@10: 0.0570 recall@20: 0.0933 ] [ndcg@5: 0.0296 ndcg@10: 0.0387 ndcg@20: 0.0507 ] 
2025-09-29 18:16:14,453 - Epoch  48 Validation set [recall@5: 0.0351 recall@10: 0.0599 recall@20: 0.0933 ] [ndcg@5: 0.0300 ndcg@10: 0.0399 ndcg@20: 0.0510 ] 
2025-09-29 18:16:17,659 - Epoch  51 Validation set [recall@5: 0.0354 recall@10: 0.0591 recall@20: 0.0930 ] [ndcg@5: 0.0304 ndcg@10: 0.0399 ndcg@20: 0.0512 ] 
2025-09-29 18:16:20,891 - Epoch  54 Validation set [recall@5: 0.0361 recall@10: 0.0603 recall@20: 0.0936 ] [ndcg@5: 0.0306 ndcg@10: 0.0403 ndcg@20: 0.0514 ] 
2025-09-29 18:16:23,873 - Epoch  57 Validation set [recall@5: 0.0365 recall@10: 0.0614 recall@20: 0.0945 ] [ndcg@5: 0.0308 ndcg@10: 0.0408 ndcg@20: 0.0517 ] 
2025-09-29 18:16:27,168 - Epoch  60 Validation set [recall@5: 0.0365 recall@10: 0.0610 recall@20: 0.0944 ] [ndcg@5: 0.0308 ndcg@10: 0.0406 ndcg@20: 0.0517 ] 
2025-09-29 18:16:30,392 - Epoch  63 Validation set [recall@5: 0.0366 recall@10: 0.0617 recall@20: 0.0952 ] [ndcg@5: 0.0313 ndcg@10: 0.0413 ndcg@20: 0.0525 ] 
2025-09-29 18:16:33,659 - Epoch  66 Validation set [recall@5: 0.0370 recall@10: 0.0621 recall@20: 0.0962 ] [ndcg@5: 0.0312 ndcg@10: 0.0414 ndcg@20: 0.0528 ] 
2025-09-29 18:16:36,796 - Epoch  69 Validation set [recall@5: 0.0374 recall@10: 0.0628 recall@20: 0.0970 ] [ndcg@5: 0.0318 ndcg@10: 0.0420 ndcg@20: 0.0533 ] 
2025-09-29 18:16:40,090 - Epoch  72 Validation set [recall@5: 0.0379 recall@10: 0.0625 recall@20: 0.0973 ] [ndcg@5: 0.0321 ndcg@10: 0.0421 ndcg@20: 0.0536 ] 
2025-09-29 18:16:43,302 - Epoch  75 Validation set [recall@5: 0.0374 recall@10: 0.0628 recall@20: 0.0975 ] [ndcg@5: 0.0325 ndcg@10: 0.0427 ndcg@20: 0.0543 ] 
2025-09-29 18:16:46,409 - Epoch  78 Validation set [recall@5: 0.0382 recall@10: 0.0625 recall@20: 0.0981 ] [ndcg@5: 0.0325 ndcg@10: 0.0423 ndcg@20: 0.0542 ] 
2025-09-29 18:16:49,698 - Epoch  81 Validation set [recall@5: 0.0388 recall@10: 0.0623 recall@20: 0.0979 ] [ndcg@5: 0.0333 ndcg@10: 0.0428 ndcg@20: 0.0547 ] 
2025-09-29 18:16:52,876 - Epoch  84 Validation set [recall@5: 0.0387 recall@10: 0.0624 recall@20: 0.0972 ] [ndcg@5: 0.0331 ndcg@10: 0.0426 ndcg@20: 0.0543 ] 
2025-09-29 18:16:56,107 - Epoch  87 Validation set [recall@5: 0.0390 recall@10: 0.0629 recall@20: 0.0979 ] [ndcg@5: 0.0332 ndcg@10: 0.0428 ndcg@20: 0.0544 ] 
2025-09-29 18:16:59,268 - Epoch  90 Validation set [recall@5: 0.0384 recall@10: 0.0630 recall@20: 0.0988 ] [ndcg@5: 0.0329 ndcg@10: 0.0428 ndcg@20: 0.0547 ] 
2025-09-29 18:17:02,446 - Epoch  93 Validation set [recall@5: 0.0392 recall@10: 0.0628 recall@20: 0.0988 ] [ndcg@5: 0.0339 ndcg@10: 0.0434 ndcg@20: 0.0554 ] 
2025-09-29 18:17:05,441 - Epoch  96 Validation set [recall@5: 0.0394 recall@10: 0.0637 recall@20: 0.1001 ] [ndcg@5: 0.0338 ndcg@10: 0.0436 ndcg@20: 0.0557 ] 
2025-09-29 18:17:08,337 - Epoch  99 Validation set [recall@5: 0.0396 recall@10: 0.0631 recall@20: 0.0988 ] [ndcg@5: 0.0338 ndcg@10: 0.0433 ndcg@20: 0.0552 ] 
2025-09-29 18:17:11,624 - Epoch 102 Validation set [recall@5: 0.0396 recall@10: 0.0631 recall@20: 0.0987 ] [ndcg@5: 0.0340 ndcg@10: 0.0435 ndcg@20: 0.0554 ] 
2025-09-29 18:17:14,882 - Epoch 105 Validation set [recall@5: 0.0399 recall@10: 0.0631 recall@20: 0.0989 ] [ndcg@5: 0.0342 ndcg@10: 0.0436 ndcg@20: 0.0554 ] 
2025-09-29 18:17:18,145 - Epoch 108 Validation set [recall@5: 0.0399 recall@10: 0.0630 recall@20: 0.1000 ] [ndcg@5: 0.0340 ndcg@10: 0.0432 ndcg@20: 0.0555 ] 
2025-09-29 18:17:21,412 - Epoch 111 Validation set [recall@5: 0.0396 recall@10: 0.0631 recall@20: 0.1000 ] [ndcg@5: 0.0337 ndcg@10: 0.0431 ndcg@20: 0.0554 ] 
2025-09-29 18:17:22,132 - [recall@5: 0.0394 recall@10: 0.0637 recall@20: 0.1001 ] [ndcg@5: 0.0338 ndcg@10: 0.0436 ndcg@20: 0.0557 ] 
2025-09-29 18:17:22,868 - [recall@5: 0.0362 recall@10: 0.0598 recall@20: 0.0942 ] [ndcg@5: 0.0355 ndcg@10: 0.0455 ndcg@20: 0.0581 ] 
2025-09-29 18:17:22,874 - Save model parameters to ./encoder/checkpoint/lightgcn_rgcn/lightgcn_rgcn-Office-2023.pth
2025-09-29 18:17:22,874 - Best Epoch 96. Final test result: {'recall': array([0.03622275, 0.05984824, 0.09420792]), 'ndcg': array([0.0354866 , 0.04550498, 0.05812028])}.
