2025-10-02 13:59:40,917 - {'optimizer': {'name': 'adam', 'lr': 0.001, 'weight_decay': 0}, 'train': {'epoch': 3000, 'batch_size': 4096, 'save_model': True, 'loss': 'pairwise', 'test_step': 3, 'reproducible': True, 'seed': 2023, 'patience': 5}, 'test': {'metrics': ['recall', 'ndcg'], 'k': [5, 10, 20], 'batch_size': 1024}, 'data': {'type': 'general_agcf', 'name': 'Office', 'mat_type': 'uai', 'pre_norm': True, 'user_num': 6338, 'item_num': 4461, 'user_item_num': 10799, 'attr_num': 4065}, 'model': {'name': 'lightgcn_rgcn', 'label': 'ori', 'keep_rate': 0.9, 'embedding_size': 64, 'use_unify_layer_num': True, 'layer_num': 5, 'reg_weight': 5e-06, 'amazon': {'keep_rate': 0.9, 'layer_num': 3, 'reg_weight': 1e-07, 'eps': 0.1}, 'yelp': {'keep_rate': 0.9, 'layer_num': 3, 'reg_weight': 1e-06, 'eps': 0.1}, 'steam': {'keep_rate': 0.8, 'layer_num': 3, 'reg_weight': 1e-07, 'eps': 0.2}, 'Office': {'keep_rate': 0.9, 'layer_num': 5, 'reg_weight': 5e-06, 'eps': 0.1}}}
2025-10-02 13:59:45,455 - Epoch   0 Validation set [recall@5: 0.0152 recall@10: 0.0240 recall@20: 0.0408 ] [ndcg@5: 0.0127 ndcg@10: 0.0163 ndcg@20: 0.0218 ] 
2025-10-02 13:59:50,450 - Epoch   3 Validation set [recall@5: 0.0196 recall@10: 0.0311 recall@20: 0.0498 ] [ndcg@5: 0.0156 ndcg@10: 0.0203 ndcg@20: 0.0263 ] 
2025-10-02 13:59:55,608 - Epoch   6 Validation set [recall@5: 0.0244 recall@10: 0.0389 recall@20: 0.0603 ] [ndcg@5: 0.0196 ndcg@10: 0.0255 ndcg@20: 0.0325 ] 
2025-10-02 13:59:59,870 - Epoch   9 Validation set [recall@5: 0.0242 recall@10: 0.0411 recall@20: 0.0647 ] [ndcg@5: 0.0197 ndcg@10: 0.0266 ndcg@20: 0.0344 ] 
2025-10-02 14:00:04,547 - Epoch  12 Validation set [recall@5: 0.0266 recall@10: 0.0442 recall@20: 0.0703 ] [ndcg@5: 0.0218 ndcg@10: 0.0290 ndcg@20: 0.0376 ] 
2025-10-02 14:00:09,064 - Epoch  15 Validation set [recall@5: 0.0273 recall@10: 0.0466 recall@20: 0.0746 ] [ndcg@5: 0.0226 ndcg@10: 0.0304 ndcg@20: 0.0397 ] 
2025-10-02 14:00:13,389 - Epoch  18 Validation set [recall@5: 0.0293 recall@10: 0.0494 recall@20: 0.0785 ] [ndcg@5: 0.0243 ndcg@10: 0.0324 ndcg@20: 0.0420 ] 
2025-10-02 14:00:17,973 - Epoch  21 Validation set [recall@5: 0.0291 recall@10: 0.0504 recall@20: 0.0803 ] [ndcg@5: 0.0247 ndcg@10: 0.0334 ndcg@20: 0.0433 ] 
2025-10-02 14:00:22,415 - Epoch  24 Validation set [recall@5: 0.0296 recall@10: 0.0511 recall@20: 0.0830 ] [ndcg@5: 0.0251 ndcg@10: 0.0340 ndcg@20: 0.0444 ] 
2025-10-02 14:00:27,218 - Epoch  27 Validation set [recall@5: 0.0304 recall@10: 0.0513 recall@20: 0.0832 ] [ndcg@5: 0.0256 ndcg@10: 0.0341 ndcg@20: 0.0445 ] 
2025-10-02 14:00:31,333 - Epoch  30 Validation set [recall@5: 0.0309 recall@10: 0.0514 recall@20: 0.0843 ] [ndcg@5: 0.0262 ndcg@10: 0.0344 ndcg@20: 0.0452 ] 
2025-10-02 14:00:35,227 - Epoch  33 Validation set [recall@5: 0.0307 recall@10: 0.0528 recall@20: 0.0856 ] [ndcg@5: 0.0264 ndcg@10: 0.0354 ndcg@20: 0.0462 ] 
2025-10-02 14:00:39,078 - Epoch  36 Validation set [recall@5: 0.0317 recall@10: 0.0541 recall@20: 0.0864 ] [ndcg@5: 0.0270 ndcg@10: 0.0360 ndcg@20: 0.0466 ] 
2025-10-02 14:00:43,209 - Epoch  39 Validation set [recall@5: 0.0324 recall@10: 0.0553 recall@20: 0.0873 ] [ndcg@5: 0.0271 ndcg@10: 0.0362 ndcg@20: 0.0468 ] 
2025-10-02 14:00:47,987 - Epoch  42 Validation set [recall@5: 0.0326 recall@10: 0.0543 recall@20: 0.0886 ] [ndcg@5: 0.0272 ndcg@10: 0.0360 ndcg@20: 0.0474 ] 
2025-10-02 14:00:52,945 - Epoch  45 Validation set [recall@5: 0.0330 recall@10: 0.0560 recall@20: 0.0883 ] [ndcg@5: 0.0278 ndcg@10: 0.0370 ndcg@20: 0.0476 ] 
2025-10-02 14:00:58,237 - Epoch  48 Validation set [recall@5: 0.0334 recall@10: 0.0552 recall@20: 0.0896 ] [ndcg@5: 0.0285 ndcg@10: 0.0372 ndcg@20: 0.0486 ] 
2025-10-02 14:01:02,482 - Epoch  51 Validation set [recall@5: 0.0340 recall@10: 0.0560 recall@20: 0.0892 ] [ndcg@5: 0.0287 ndcg@10: 0.0375 ndcg@20: 0.0485 ] 
2025-10-02 14:01:07,699 - Epoch  54 Validation set [recall@5: 0.0337 recall@10: 0.0570 recall@20: 0.0916 ] [ndcg@5: 0.0287 ndcg@10: 0.0380 ndcg@20: 0.0494 ] 
2025-10-02 14:01:12,648 - Epoch  57 Validation set [recall@5: 0.0340 recall@10: 0.0579 recall@20: 0.0905 ] [ndcg@5: 0.0290 ndcg@10: 0.0387 ndcg@20: 0.0495 ] 
2025-10-02 14:01:16,887 - Epoch  60 Validation set [recall@5: 0.0346 recall@10: 0.0576 recall@20: 0.0916 ] [ndcg@5: 0.0292 ndcg@10: 0.0385 ndcg@20: 0.0497 ] 
2025-10-02 14:01:21,804 - Epoch  63 Validation set [recall@5: 0.0353 recall@10: 0.0574 recall@20: 0.0925 ] [ndcg@5: 0.0301 ndcg@10: 0.0390 ndcg@20: 0.0507 ] 
2025-10-02 14:01:26,525 - Epoch  66 Validation set [recall@5: 0.0351 recall@10: 0.0599 recall@20: 0.0931 ] [ndcg@5: 0.0301 ndcg@10: 0.0401 ndcg@20: 0.0510 ] 
2025-10-02 14:01:30,918 - Epoch  69 Validation set [recall@5: 0.0359 recall@10: 0.0597 recall@20: 0.0936 ] [ndcg@5: 0.0303 ndcg@10: 0.0399 ndcg@20: 0.0511 ] 
2025-10-02 14:01:36,108 - Epoch  72 Validation set [recall@5: 0.0353 recall@10: 0.0599 recall@20: 0.0940 ] [ndcg@5: 0.0306 ndcg@10: 0.0406 ndcg@20: 0.0519 ] 
2025-10-02 14:01:40,834 - Epoch  75 Validation set [recall@5: 0.0366 recall@10: 0.0596 recall@20: 0.0959 ] [ndcg@5: 0.0316 ndcg@10: 0.0408 ndcg@20: 0.0528 ] 
2025-10-02 14:01:45,209 - Epoch  78 Validation set [recall@5: 0.0364 recall@10: 0.0597 recall@20: 0.0961 ] [ndcg@5: 0.0312 ndcg@10: 0.0407 ndcg@20: 0.0527 ] 
2025-10-02 14:01:49,404 - Epoch  81 Validation set [recall@5: 0.0372 recall@10: 0.0603 recall@20: 0.0974 ] [ndcg@5: 0.0317 ndcg@10: 0.0410 ndcg@20: 0.0533 ] 
2025-10-02 14:01:53,989 - Epoch  84 Validation set [recall@5: 0.0365 recall@10: 0.0603 recall@20: 0.0951 ] [ndcg@5: 0.0311 ndcg@10: 0.0407 ndcg@20: 0.0523 ] 
2025-10-02 14:01:58,453 - Epoch  87 Validation set [recall@5: 0.0369 recall@10: 0.0606 recall@20: 0.0962 ] [ndcg@5: 0.0314 ndcg@10: 0.0411 ndcg@20: 0.0528 ] 
2025-10-02 14:02:03,049 - Epoch  90 Validation set [recall@5: 0.0363 recall@10: 0.0607 recall@20: 0.0969 ] [ndcg@5: 0.0313 ndcg@10: 0.0413 ndcg@20: 0.0532 ] 
2025-10-02 14:02:07,571 - Epoch  93 Validation set [recall@5: 0.0367 recall@10: 0.0603 recall@20: 0.0966 ] [ndcg@5: 0.0313 ndcg@10: 0.0410 ndcg@20: 0.0529 ] 
2025-10-02 14:02:11,972 - Epoch  96 Validation set [recall@5: 0.0365 recall@10: 0.0627 recall@20: 0.0972 ] [ndcg@5: 0.0312 ndcg@10: 0.0420 ndcg@20: 0.0533 ] 
2025-10-02 14:02:12,807 - [recall@5: 0.0372 recall@10: 0.0603 recall@20: 0.0974 ] [ndcg@5: 0.0317 ndcg@10: 0.0410 ndcg@20: 0.0533 ] 
2025-10-02 14:02:13,830 - [recall@5: 0.0347 recall@10: 0.0566 recall@20: 0.0907 ] [ndcg@5: 0.0336 ndcg@10: 0.0429 ndcg@20: 0.0554 ] 
2025-10-02 14:02:13,837 - Save model parameters to ./encoder/checkpoint/lightgcn_rgcn/lightgcn_rgcn-Office-2023.pth
2025-10-02 14:02:13,837 - Best Epoch 81. Final test result: {'recall': array([0.03472045, 0.05655406, 0.09067204]), 'ndcg': array([0.03356267, 0.04291087, 0.05543343])}.
