2025-10-01 23:32:44,424 - {'optimizer': {'name': 'adam', 'lr': 0.001, 'weight_decay': 0}, 'train': {'epoch': 3000, 'batch_size': 4096, 'save_model': True, 'loss': 'pairwise', 'test_step': 3, 'reproducible': True, 'seed': 2023, 'patience': 5}, 'test': {'metrics': ['recall', 'ndcg'], 'k': [5, 10, 20], 'batch_size': 1024}, 'data': {'type': 'general_agcf', 'name': 'Office', 'mat_type': 'uai', 'pre_norm': True, 'user_num': 6338, 'item_num': 4461, 'user_item_num': 10799, 'attr_num': 4065}, 'model': {'name': 'lightgcn_rgcn', 'label': 'ori', 'keep_rate': 0.9, 'embedding_size': 64, 'use_unify_layer_num': True, 'layer_num': 3, 'reg_weight': 1e-07, 'amazon': {'keep_rate': 0.9, 'layer_num': 3, 'reg_weight': 1e-07, 'eps': 0.1}, 'yelp': {'keep_rate': 0.9, 'layer_num': 3, 'reg_weight': 1e-06, 'eps': 0.1}, 'steam': {'keep_rate': 0.8, 'layer_num': 3, 'reg_weight': 1e-07, 'eps': 0.2}, 'Office': {'keep_rate': 0.9, 'layer_num': 3, 'reg_weight': 1e-07, 'eps': 0.1}}}
2025-10-01 23:32:48,990 - Epoch   0 Validation set [recall@5: 0.0077 recall@10: 0.0122 recall@20: 0.0201 ] [ndcg@5: 0.0066 ndcg@10: 0.0083 ndcg@20: 0.0109 ] 
2025-10-01 23:32:56,028 - Epoch   3 Validation set [recall@5: 0.0180 recall@10: 0.0315 recall@20: 0.0503 ] [ndcg@5: 0.0146 ndcg@10: 0.0202 ndcg@20: 0.0264 ] 
2025-10-01 23:33:02,591 - Epoch   6 Validation set [recall@5: 0.0241 recall@10: 0.0389 recall@20: 0.0598 ] [ndcg@5: 0.0193 ndcg@10: 0.0253 ndcg@20: 0.0322 ] 
2025-10-01 23:33:09,790 - Epoch   9 Validation set [recall@5: 0.0259 recall@10: 0.0411 recall@20: 0.0659 ] [ndcg@5: 0.0212 ndcg@10: 0.0275 ndcg@20: 0.0358 ] 
2025-10-01 23:33:17,285 - Epoch  12 Validation set [recall@5: 0.0274 recall@10: 0.0448 recall@20: 0.0711 ] [ndcg@5: 0.0224 ndcg@10: 0.0296 ndcg@20: 0.0383 ] 
2025-10-01 23:33:24,636 - Epoch  15 Validation set [recall@5: 0.0283 recall@10: 0.0463 recall@20: 0.0750 ] [ndcg@5: 0.0234 ndcg@10: 0.0309 ndcg@20: 0.0403 ] 
2025-10-01 23:33:31,438 - Epoch  18 Validation set [recall@5: 0.0294 recall@10: 0.0490 recall@20: 0.0794 ] [ndcg@5: 0.0243 ndcg@10: 0.0323 ndcg@20: 0.0423 ] 
2025-10-01 23:33:38,507 - Epoch  21 Validation set [recall@5: 0.0305 recall@10: 0.0522 recall@20: 0.0815 ] [ndcg@5: 0.0258 ndcg@10: 0.0346 ndcg@20: 0.0442 ] 
2025-10-01 23:33:45,958 - Epoch  24 Validation set [recall@5: 0.0314 recall@10: 0.0533 recall@20: 0.0834 ] [ndcg@5: 0.0265 ndcg@10: 0.0353 ndcg@20: 0.0452 ] 
2025-10-01 23:33:52,143 - Epoch  27 Validation set [recall@5: 0.0316 recall@10: 0.0542 recall@20: 0.0855 ] [ndcg@5: 0.0267 ndcg@10: 0.0358 ndcg@20: 0.0462 ] 
2025-10-01 23:33:58,978 - Epoch  30 Validation set [recall@5: 0.0315 recall@10: 0.0549 recall@20: 0.0863 ] [ndcg@5: 0.0270 ndcg@10: 0.0365 ndcg@20: 0.0469 ] 
2025-10-01 23:34:05,685 - Epoch  33 Validation set [recall@5: 0.0325 recall@10: 0.0557 recall@20: 0.0887 ] [ndcg@5: 0.0283 ndcg@10: 0.0376 ndcg@20: 0.0485 ] 
2025-10-01 23:34:12,912 - Epoch  36 Validation set [recall@5: 0.0339 recall@10: 0.0573 recall@20: 0.0894 ] [ndcg@5: 0.0292 ndcg@10: 0.0385 ndcg@20: 0.0492 ] 
2025-10-01 23:34:19,975 - Epoch  39 Validation set [recall@5: 0.0347 recall@10: 0.0565 recall@20: 0.0896 ] [ndcg@5: 0.0296 ndcg@10: 0.0383 ndcg@20: 0.0494 ] 
2025-10-01 23:34:27,298 - Epoch  42 Validation set [recall@5: 0.0345 recall@10: 0.0569 recall@20: 0.0923 ] [ndcg@5: 0.0296 ndcg@10: 0.0387 ndcg@20: 0.0504 ] 
2025-10-01 23:34:34,464 - Epoch  45 Validation set [recall@5: 0.0347 recall@10: 0.0574 recall@20: 0.0931 ] [ndcg@5: 0.0297 ndcg@10: 0.0389 ndcg@20: 0.0507 ] 
2025-10-01 23:34:41,524 - Epoch  48 Validation set [recall@5: 0.0358 recall@10: 0.0595 recall@20: 0.0929 ] [ndcg@5: 0.0302 ndcg@10: 0.0397 ndcg@20: 0.0509 ] 
2025-10-01 23:34:48,999 - Epoch  51 Validation set [recall@5: 0.0359 recall@10: 0.0597 recall@20: 0.0935 ] [ndcg@5: 0.0307 ndcg@10: 0.0402 ndcg@20: 0.0514 ] 
2025-10-01 23:34:55,824 - Epoch  54 Validation set [recall@5: 0.0359 recall@10: 0.0603 recall@20: 0.0937 ] [ndcg@5: 0.0304 ndcg@10: 0.0402 ndcg@20: 0.0513 ] 
2025-10-01 23:35:02,185 - Epoch  57 Validation set [recall@5: 0.0368 recall@10: 0.0613 recall@20: 0.0938 ] [ndcg@5: 0.0311 ndcg@10: 0.0408 ndcg@20: 0.0517 ] 
2025-10-01 23:35:08,997 - Epoch  60 Validation set [recall@5: 0.0371 recall@10: 0.0617 recall@20: 0.0951 ] [ndcg@5: 0.0313 ndcg@10: 0.0411 ndcg@20: 0.0521 ] 
2025-10-01 23:35:16,320 - Epoch  63 Validation set [recall@5: 0.0365 recall@10: 0.0627 recall@20: 0.0949 ] [ndcg@5: 0.0313 ndcg@10: 0.0417 ndcg@20: 0.0524 ] 
2025-10-01 23:35:23,496 - Epoch  66 Validation set [recall@5: 0.0377 recall@10: 0.0621 recall@20: 0.0969 ] [ndcg@5: 0.0317 ndcg@10: 0.0416 ndcg@20: 0.0531 ] 
2025-10-01 23:35:30,956 - Epoch  69 Validation set [recall@5: 0.0375 recall@10: 0.0625 recall@20: 0.0964 ] [ndcg@5: 0.0321 ndcg@10: 0.0422 ndcg@20: 0.0534 ] 
2025-10-01 23:35:38,381 - Epoch  72 Validation set [recall@5: 0.0384 recall@10: 0.0626 recall@20: 0.0962 ] [ndcg@5: 0.0327 ndcg@10: 0.0423 ndcg@20: 0.0535 ] 
2025-10-01 23:35:44,968 - Epoch  75 Validation set [recall@5: 0.0386 recall@10: 0.0627 recall@20: 0.0974 ] [ndcg@5: 0.0332 ndcg@10: 0.0428 ndcg@20: 0.0544 ] 
2025-10-01 23:35:52,085 - Epoch  78 Validation set [recall@5: 0.0382 recall@10: 0.0625 recall@20: 0.0973 ] [ndcg@5: 0.0327 ndcg@10: 0.0425 ndcg@20: 0.0541 ] 
2025-10-01 23:35:58,342 - Epoch  81 Validation set [recall@5: 0.0385 recall@10: 0.0627 recall@20: 0.0973 ] [ndcg@5: 0.0330 ndcg@10: 0.0427 ndcg@20: 0.0544 ] 
2025-10-01 23:36:05,468 - Epoch  84 Validation set [recall@5: 0.0386 recall@10: 0.0622 recall@20: 0.0967 ] [ndcg@5: 0.0331 ndcg@10: 0.0426 ndcg@20: 0.0541 ] 
2025-10-01 23:36:12,460 - Epoch  87 Validation set [recall@5: 0.0384 recall@10: 0.0624 recall@20: 0.0980 ] [ndcg@5: 0.0331 ndcg@10: 0.0428 ndcg@20: 0.0546 ] 
2025-10-01 23:36:19,760 - Epoch  90 Validation set [recall@5: 0.0384 recall@10: 0.0627 recall@20: 0.0982 ] [ndcg@5: 0.0329 ndcg@10: 0.0427 ndcg@20: 0.0545 ] 
2025-10-01 23:36:24,909 - Epoch  93 Validation set [recall@5: 0.0390 recall@10: 0.0624 recall@20: 0.0982 ] [ndcg@5: 0.0334 ndcg@10: 0.0427 ndcg@20: 0.0547 ] 
2025-10-01 23:36:30,269 - Epoch  96 Validation set [recall@5: 0.0391 recall@10: 0.0637 recall@20: 0.0998 ] [ndcg@5: 0.0335 ndcg@10: 0.0434 ndcg@20: 0.0553 ] 
2025-10-01 23:36:36,093 - Epoch  99 Validation set [recall@5: 0.0391 recall@10: 0.0618 recall@20: 0.0984 ] [ndcg@5: 0.0334 ndcg@10: 0.0426 ndcg@20: 0.0548 ] 
2025-10-01 23:36:41,384 - Epoch 102 Validation set [recall@5: 0.0393 recall@10: 0.0623 recall@20: 0.0988 ] [ndcg@5: 0.0340 ndcg@10: 0.0433 ndcg@20: 0.0554 ] 
2025-10-01 23:36:47,324 - Epoch 105 Validation set [recall@5: 0.0398 recall@10: 0.0622 recall@20: 0.0988 ] [ndcg@5: 0.0343 ndcg@10: 0.0433 ndcg@20: 0.0554 ] 
2025-10-01 23:36:53,051 - Epoch 108 Validation set [recall@5: 0.0400 recall@10: 0.0618 recall@20: 0.0995 ] [ndcg@5: 0.0342 ndcg@10: 0.0430 ndcg@20: 0.0554 ] 
2025-10-01 23:36:57,705 - Epoch 111 Validation set [recall@5: 0.0395 recall@10: 0.0622 recall@20: 0.0989 ] [ndcg@5: 0.0340 ndcg@10: 0.0431 ndcg@20: 0.0553 ] 
2025-10-01 23:36:58,503 - [recall@5: 0.0391 recall@10: 0.0637 recall@20: 0.0998 ] [ndcg@5: 0.0335 ndcg@10: 0.0434 ndcg@20: 0.0553 ] 
2025-10-01 23:36:59,414 - [recall@5: 0.0360 recall@10: 0.0598 recall@20: 0.0945 ] [ndcg@5: 0.0350 ndcg@10: 0.0451 ndcg@20: 0.0578 ] 
2025-10-01 23:36:59,421 - Save model parameters to ./encoder/checkpoint/lightgcn_rgcn/lightgcn_rgcn-Office-2023.pth
2025-10-01 23:36:59,421 - Best Epoch 96. Final test result: {'recall': array([0.03595142, 0.05979821, 0.09446443]), 'ndcg': array([0.03504368, 0.04511203, 0.05780614])}.
