2025-10-02 00:21:12,692 - {'optimizer': {'name': 'adam', 'lr': 0.001, 'weight_decay': 0}, 'train': {'epoch': 3000, 'batch_size': 4096, 'save_model': True, 'loss': 'pairwise', 'test_step': 3, 'reproducible': True, 'seed': 2023, 'patience': 5}, 'test': {'metrics': ['recall', 'ndcg'], 'k': [5, 10, 20], 'batch_size': 1024}, 'data': {'type': 'general_agcf', 'name': 'Office', 'mat_type': 'uai', 'pre_norm': True, 'user_num': 6338, 'item_num': 4461, 'user_item_num': 10799, 'attr_num': 4065}, 'model': {'name': 'lightgcn_rgcn', 'label': 'ori', 'keep_rate': 0.9, 'embedding_size': 64, 'use_unify_layer_num': True, 'layer_num': 6, 'reg_weight': 5e-06, 'amazon': {'keep_rate': 0.9, 'layer_num': 3, 'reg_weight': 1e-07, 'eps': 0.1}, 'yelp': {'keep_rate': 0.9, 'layer_num': 3, 'reg_weight': 1e-06, 'eps': 0.1}, 'steam': {'keep_rate': 0.8, 'layer_num': 3, 'reg_weight': 1e-07, 'eps': 0.2}, 'Office': {'keep_rate': 0.9, 'layer_num': 6, 'reg_weight': 5e-06, 'eps': 0.1}}}
2025-10-02 00:21:16,546 - Epoch   0 Validation set [recall@5: 0.0167 recall@10: 0.0294 recall@20: 0.0484 ] [ndcg@5: 0.0136 ndcg@10: 0.0188 ndcg@20: 0.0250 ] 
2025-10-02 00:21:23,869 - Epoch   3 Validation set [recall@5: 0.0196 recall@10: 0.0307 recall@20: 0.0490 ] [ndcg@5: 0.0156 ndcg@10: 0.0201 ndcg@20: 0.0261 ] 
2025-10-02 00:21:30,809 - Epoch   6 Validation set [recall@5: 0.0235 recall@10: 0.0382 recall@20: 0.0587 ] [ndcg@5: 0.0189 ndcg@10: 0.0249 ndcg@20: 0.0316 ] 
2025-10-02 00:21:36,715 - Epoch   9 Validation set [recall@5: 0.0237 recall@10: 0.0412 recall@20: 0.0635 ] [ndcg@5: 0.0193 ndcg@10: 0.0265 ndcg@20: 0.0338 ] 
2025-10-02 00:21:43,741 - Epoch  12 Validation set [recall@5: 0.0262 recall@10: 0.0434 recall@20: 0.0683 ] [ndcg@5: 0.0215 ndcg@10: 0.0284 ndcg@20: 0.0367 ] 
2025-10-02 00:21:50,391 - Epoch  15 Validation set [recall@5: 0.0275 recall@10: 0.0451 recall@20: 0.0731 ] [ndcg@5: 0.0226 ndcg@10: 0.0297 ndcg@20: 0.0389 ] 
2025-10-02 00:21:56,903 - Epoch  18 Validation set [recall@5: 0.0287 recall@10: 0.0487 recall@20: 0.0760 ] [ndcg@5: 0.0239 ndcg@10: 0.0320 ndcg@20: 0.0410 ] 
2025-10-02 00:22:03,916 - Epoch  21 Validation set [recall@5: 0.0288 recall@10: 0.0493 recall@20: 0.0777 ] [ndcg@5: 0.0244 ndcg@10: 0.0328 ndcg@20: 0.0422 ] 
2025-10-02 00:22:11,093 - Epoch  24 Validation set [recall@5: 0.0296 recall@10: 0.0498 recall@20: 0.0804 ] [ndcg@5: 0.0251 ndcg@10: 0.0334 ndcg@20: 0.0434 ] 
2025-10-02 00:22:18,178 - Epoch  27 Validation set [recall@5: 0.0297 recall@10: 0.0504 recall@20: 0.0820 ] [ndcg@5: 0.0250 ndcg@10: 0.0336 ndcg@20: 0.0439 ] 
2025-10-02 00:22:24,394 - Epoch  30 Validation set [recall@5: 0.0303 recall@10: 0.0509 recall@20: 0.0822 ] [ndcg@5: 0.0258 ndcg@10: 0.0341 ndcg@20: 0.0444 ] 
2025-10-02 00:22:31,651 - Epoch  33 Validation set [recall@5: 0.0306 recall@10: 0.0515 recall@20: 0.0847 ] [ndcg@5: 0.0263 ndcg@10: 0.0347 ndcg@20: 0.0457 ] 
2025-10-02 00:22:38,531 - Epoch  36 Validation set [recall@5: 0.0312 recall@10: 0.0522 recall@20: 0.0853 ] [ndcg@5: 0.0267 ndcg@10: 0.0352 ndcg@20: 0.0461 ] 
2025-10-02 00:22:44,897 - Epoch  39 Validation set [recall@5: 0.0322 recall@10: 0.0532 recall@20: 0.0852 ] [ndcg@5: 0.0267 ndcg@10: 0.0351 ndcg@20: 0.0457 ] 
2025-10-02 00:22:51,681 - Epoch  42 Validation set [recall@5: 0.0327 recall@10: 0.0533 recall@20: 0.0858 ] [ndcg@5: 0.0273 ndcg@10: 0.0355 ndcg@20: 0.0463 ] 
2025-10-02 00:22:58,364 - Epoch  45 Validation set [recall@5: 0.0318 recall@10: 0.0539 recall@20: 0.0850 ] [ndcg@5: 0.0271 ndcg@10: 0.0359 ndcg@20: 0.0463 ] 
2025-10-02 00:23:05,872 - Epoch  48 Validation set [recall@5: 0.0328 recall@10: 0.0539 recall@20: 0.0889 ] [ndcg@5: 0.0278 ndcg@10: 0.0362 ndcg@20: 0.0478 ] 
2025-10-02 00:23:12,558 - Epoch  51 Validation set [recall@5: 0.0333 recall@10: 0.0548 recall@20: 0.0881 ] [ndcg@5: 0.0280 ndcg@10: 0.0366 ndcg@20: 0.0477 ] 
2025-10-02 00:23:19,780 - Epoch  54 Validation set [recall@5: 0.0326 recall@10: 0.0558 recall@20: 0.0897 ] [ndcg@5: 0.0279 ndcg@10: 0.0373 ndcg@20: 0.0485 ] 
2025-10-02 00:23:26,446 - Epoch  57 Validation set [recall@5: 0.0332 recall@10: 0.0564 recall@20: 0.0902 ] [ndcg@5: 0.0283 ndcg@10: 0.0377 ndcg@20: 0.0489 ] 
2025-10-02 00:23:33,099 - Epoch  60 Validation set [recall@5: 0.0336 recall@10: 0.0570 recall@20: 0.0906 ] [ndcg@5: 0.0286 ndcg@10: 0.0381 ndcg@20: 0.0492 ] 
2025-10-02 00:23:39,806 - Epoch  63 Validation set [recall@5: 0.0341 recall@10: 0.0570 recall@20: 0.0915 ] [ndcg@5: 0.0294 ndcg@10: 0.0386 ndcg@20: 0.0501 ] 
2025-10-02 00:23:45,126 - Epoch  66 Validation set [recall@5: 0.0342 recall@10: 0.0579 recall@20: 0.0917 ] [ndcg@5: 0.0293 ndcg@10: 0.0389 ndcg@20: 0.0501 ] 
2025-10-02 00:23:52,151 - Epoch  69 Validation set [recall@5: 0.0345 recall@10: 0.0580 recall@20: 0.0931 ] [ndcg@5: 0.0293 ndcg@10: 0.0389 ndcg@20: 0.0504 ] 
2025-10-02 00:23:58,845 - Epoch  72 Validation set [recall@5: 0.0352 recall@10: 0.0585 recall@20: 0.0925 ] [ndcg@5: 0.0300 ndcg@10: 0.0395 ndcg@20: 0.0508 ] 
2025-10-02 00:24:05,895 - Epoch  75 Validation set [recall@5: 0.0354 recall@10: 0.0590 recall@20: 0.0926 ] [ndcg@5: 0.0303 ndcg@10: 0.0399 ndcg@20: 0.0509 ] 
2025-10-02 00:24:12,237 - Epoch  78 Validation set [recall@5: 0.0354 recall@10: 0.0585 recall@20: 0.0938 ] [ndcg@5: 0.0301 ndcg@10: 0.0394 ndcg@20: 0.0511 ] 
2025-10-02 00:24:19,616 - Epoch  81 Validation set [recall@5: 0.0364 recall@10: 0.0594 recall@20: 0.0961 ] [ndcg@5: 0.0308 ndcg@10: 0.0401 ndcg@20: 0.0522 ] 
2025-10-02 00:24:27,031 - Epoch  84 Validation set [recall@5: 0.0361 recall@10: 0.0587 recall@20: 0.0947 ] [ndcg@5: 0.0305 ndcg@10: 0.0397 ndcg@20: 0.0515 ] 
2025-10-02 00:24:33,380 - Epoch  87 Validation set [recall@5: 0.0370 recall@10: 0.0591 recall@20: 0.0943 ] [ndcg@5: 0.0311 ndcg@10: 0.0401 ndcg@20: 0.0517 ] 
2025-10-02 00:24:40,624 - Epoch  90 Validation set [recall@5: 0.0363 recall@10: 0.0605 recall@20: 0.0952 ] [ndcg@5: 0.0307 ndcg@10: 0.0406 ndcg@20: 0.0520 ] 
2025-10-02 00:24:47,525 - Epoch  93 Validation set [recall@5: 0.0357 recall@10: 0.0605 recall@20: 0.0952 ] [ndcg@5: 0.0307 ndcg@10: 0.0409 ndcg@20: 0.0523 ] 
2025-10-02 00:24:54,138 - Epoch  96 Validation set [recall@5: 0.0368 recall@10: 0.0609 recall@20: 0.0961 ] [ndcg@5: 0.0311 ndcg@10: 0.0411 ndcg@20: 0.0526 ] 
2025-10-02 00:25:00,727 - Epoch  99 Validation set [recall@5: 0.0368 recall@10: 0.0608 recall@20: 0.0959 ] [ndcg@5: 0.0309 ndcg@10: 0.0407 ndcg@20: 0.0523 ] 
2025-10-02 00:25:08,147 - Epoch 102 Validation set [recall@5: 0.0368 recall@10: 0.0607 recall@20: 0.0962 ] [ndcg@5: 0.0312 ndcg@10: 0.0410 ndcg@20: 0.0526 ] 
2025-10-02 00:25:13,912 - Epoch 105 Validation set [recall@5: 0.0375 recall@10: 0.0605 recall@20: 0.0959 ] [ndcg@5: 0.0317 ndcg@10: 0.0411 ndcg@20: 0.0528 ] 
2025-10-02 00:25:20,286 - Epoch 108 Validation set [recall@5: 0.0372 recall@10: 0.0603 recall@20: 0.0961 ] [ndcg@5: 0.0315 ndcg@10: 0.0410 ndcg@20: 0.0528 ] 
2025-10-02 00:25:28,096 - Epoch 111 Validation set [recall@5: 0.0373 recall@10: 0.0620 recall@20: 0.0959 ] [ndcg@5: 0.0312 ndcg@10: 0.0413 ndcg@20: 0.0526 ] 
2025-10-02 00:25:35,212 - Epoch 114 Validation set [recall@5: 0.0371 recall@10: 0.0619 recall@20: 0.0957 ] [ndcg@5: 0.0315 ndcg@10: 0.0416 ndcg@20: 0.0528 ] 
2025-10-02 00:25:41,734 - Epoch 117 Validation set [recall@5: 0.0372 recall@10: 0.0620 recall@20: 0.0970 ] [ndcg@5: 0.0313 ndcg@10: 0.0415 ndcg@20: 0.0530 ] 
2025-10-02 00:25:48,534 - Epoch 120 Validation set [recall@5: 0.0386 recall@10: 0.0618 recall@20: 0.0952 ] [ndcg@5: 0.0322 ndcg@10: 0.0416 ndcg@20: 0.0527 ] 
2025-10-02 00:25:54,855 - Epoch 123 Validation set [recall@5: 0.0384 recall@10: 0.0619 recall@20: 0.0967 ] [ndcg@5: 0.0324 ndcg@10: 0.0420 ndcg@20: 0.0535 ] 
2025-10-02 00:26:02,196 - Epoch 126 Validation set [recall@5: 0.0376 recall@10: 0.0624 recall@20: 0.0964 ] [ndcg@5: 0.0323 ndcg@10: 0.0424 ndcg@20: 0.0536 ] 
2025-10-02 00:26:09,197 - Epoch 129 Validation set [recall@5: 0.0374 recall@10: 0.0620 recall@20: 0.0971 ] [ndcg@5: 0.0322 ndcg@10: 0.0422 ndcg@20: 0.0538 ] 
2025-10-02 00:26:15,697 - Epoch 132 Validation set [recall@5: 0.0377 recall@10: 0.0610 recall@20: 0.0970 ] [ndcg@5: 0.0322 ndcg@10: 0.0417 ndcg@20: 0.0536 ] 
2025-10-02 00:26:22,909 - Epoch 135 Validation set [recall@5: 0.0381 recall@10: 0.0617 recall@20: 0.0971 ] [ndcg@5: 0.0327 ndcg@10: 0.0423 ndcg@20: 0.0540 ] 
2025-10-02 00:26:30,216 - Epoch 138 Validation set [recall@5: 0.0377 recall@10: 0.0620 recall@20: 0.0980 ] [ndcg@5: 0.0321 ndcg@10: 0.0420 ndcg@20: 0.0539 ] 
2025-10-02 00:26:37,405 - Epoch 141 Validation set [recall@5: 0.0383 recall@10: 0.0623 recall@20: 0.0982 ] [ndcg@5: 0.0324 ndcg@10: 0.0421 ndcg@20: 0.0540 ] 
2025-10-02 00:26:44,257 - Epoch 144 Validation set [recall@5: 0.0393 recall@10: 0.0629 recall@20: 0.0978 ] [ndcg@5: 0.0331 ndcg@10: 0.0427 ndcg@20: 0.0543 ] 
2025-10-02 00:26:51,062 - Epoch 147 Validation set [recall@5: 0.0397 recall@10: 0.0619 recall@20: 0.0989 ] [ndcg@5: 0.0332 ndcg@10: 0.0423 ndcg@20: 0.0545 ] 
2025-10-02 00:26:58,045 - Epoch 150 Validation set [recall@5: 0.0393 recall@10: 0.0622 recall@20: 0.0991 ] [ndcg@5: 0.0332 ndcg@10: 0.0425 ndcg@20: 0.0547 ] 
2025-10-02 00:27:04,885 - Epoch 153 Validation set [recall@5: 0.0398 recall@10: 0.0623 recall@20: 0.1001 ] [ndcg@5: 0.0332 ndcg@10: 0.0423 ndcg@20: 0.0548 ] 
2025-10-02 00:27:11,574 - Epoch 156 Validation set [recall@5: 0.0390 recall@10: 0.0630 recall@20: 0.1005 ] [ndcg@5: 0.0332 ndcg@10: 0.0430 ndcg@20: 0.0554 ] 
2025-10-02 00:27:18,729 - Epoch 159 Validation set [recall@5: 0.0393 recall@10: 0.0628 recall@20: 0.0998 ] [ndcg@5: 0.0328 ndcg@10: 0.0426 ndcg@20: 0.0548 ] 
2025-10-02 00:27:24,811 - Epoch 162 Validation set [recall@5: 0.0388 recall@10: 0.0623 recall@20: 0.0983 ] [ndcg@5: 0.0328 ndcg@10: 0.0423 ndcg@20: 0.0543 ] 
2025-10-02 00:27:31,939 - Epoch 165 Validation set [recall@5: 0.0402 recall@10: 0.0633 recall@20: 0.0986 ] [ndcg@5: 0.0332 ndcg@10: 0.0427 ndcg@20: 0.0544 ] 
2025-10-02 00:27:38,099 - Epoch 168 Validation set [recall@5: 0.0396 recall@10: 0.0636 recall@20: 0.0998 ] [ndcg@5: 0.0336 ndcg@10: 0.0433 ndcg@20: 0.0553 ] 
2025-10-02 00:27:44,796 - Epoch 171 Validation set [recall@5: 0.0395 recall@10: 0.0633 recall@20: 0.0994 ] [ndcg@5: 0.0332 ndcg@10: 0.0429 ndcg@20: 0.0548 ] 
2025-10-02 00:27:45,787 - [recall@5: 0.0390 recall@10: 0.0630 recall@20: 0.1005 ] [ndcg@5: 0.0332 ndcg@10: 0.0430 ndcg@20: 0.0554 ] 
2025-10-02 00:27:46,846 - [recall@5: 0.0368 recall@10: 0.0594 recall@20: 0.0943 ] [ndcg@5: 0.0357 ndcg@10: 0.0453 ndcg@20: 0.0581 ] 
2025-10-02 00:27:46,853 - Save model parameters to ./encoder/checkpoint/lightgcn_rgcn/lightgcn_rgcn-Office-2023.pth
2025-10-02 00:27:46,854 - Best Epoch 156. Final test result: {'recall': array([0.03682891, 0.05935008, 0.09429095]), 'ndcg': array([0.03569168, 0.04531273, 0.05806619])}.
