2025-10-02 00:07:47,607 - {'optimizer': {'name': 'adam', 'lr': 0.001, 'weight_decay': 0}, 'train': {'epoch': 3000, 'batch_size': 4096, 'save_model': True, 'loss': 'pairwise', 'test_step': 3, 'reproducible': True, 'seed': 2023, 'patience': 5}, 'test': {'metrics': ['recall', 'ndcg'], 'k': [5, 10, 20], 'batch_size': 1024}, 'data': {'type': 'general_agcf', 'name': 'Office', 'mat_type': 'uai', 'pre_norm': True, 'user_num': 6338, 'item_num': 4461, 'user_item_num': 10799, 'attr_num': 4065}, 'model': {'name': 'lightgcn_rgcn', 'label': 'ori', 'keep_rate': 0.9, 'embedding_size': 64, 'use_unify_layer_num': True, 'layer_num': 3, 'reg_weight': 5e-06, 'amazon': {'keep_rate': 0.9, 'layer_num': 3, 'reg_weight': 1e-07, 'eps': 0.1}, 'yelp': {'keep_rate': 0.9, 'layer_num': 3, 'reg_weight': 1e-06, 'eps': 0.1}, 'steam': {'keep_rate': 0.8, 'layer_num': 3, 'reg_weight': 1e-07, 'eps': 0.2}, 'Office': {'keep_rate': 0.9, 'layer_num': 3, 'reg_weight': 5e-06, 'eps': 0.1}}}
2025-10-02 00:07:51,212 - Epoch   0 Validation set [recall@5: 0.0052 recall@10: 0.0087 recall@20: 0.0151 ] [ndcg@5: 0.0041 ndcg@10: 0.0056 ndcg@20: 0.0077 ] 
2025-10-02 00:07:56,146 - Epoch   3 Validation set [recall@5: 0.0179 recall@10: 0.0312 recall@20: 0.0497 ] [ndcg@5: 0.0146 ndcg@10: 0.0201 ndcg@20: 0.0261 ] 
2025-10-02 00:08:01,575 - Epoch   6 Validation set [recall@5: 0.0232 recall@10: 0.0374 recall@20: 0.0587 ] [ndcg@5: 0.0187 ndcg@10: 0.0244 ndcg@20: 0.0314 ] 
2025-10-02 00:08:06,893 - Epoch   9 Validation set [recall@5: 0.0245 recall@10: 0.0405 recall@20: 0.0641 ] [ndcg@5: 0.0202 ndcg@10: 0.0267 ndcg@20: 0.0344 ] 
2025-10-02 00:08:12,578 - Epoch  12 Validation set [recall@5: 0.0258 recall@10: 0.0424 recall@20: 0.0671 ] [ndcg@5: 0.0215 ndcg@10: 0.0282 ndcg@20: 0.0363 ] 
2025-10-02 00:08:18,531 - Epoch  15 Validation set [recall@5: 0.0271 recall@10: 0.0446 recall@20: 0.0713 ] [ndcg@5: 0.0223 ndcg@10: 0.0295 ndcg@20: 0.0382 ] 
2025-10-02 00:08:24,168 - Epoch  18 Validation set [recall@5: 0.0283 recall@10: 0.0473 recall@20: 0.0754 ] [ndcg@5: 0.0235 ndcg@10: 0.0312 ndcg@20: 0.0405 ] 
2025-10-02 00:08:30,189 - Epoch  21 Validation set [recall@5: 0.0296 recall@10: 0.0500 recall@20: 0.0786 ] [ndcg@5: 0.0245 ndcg@10: 0.0328 ndcg@20: 0.0422 ] 
2025-10-02 00:08:36,147 - Epoch  24 Validation set [recall@5: 0.0306 recall@10: 0.0513 recall@20: 0.0814 ] [ndcg@5: 0.0255 ndcg@10: 0.0339 ndcg@20: 0.0439 ] 
2025-10-02 00:08:41,073 - Epoch  27 Validation set [recall@5: 0.0316 recall@10: 0.0523 recall@20: 0.0823 ] [ndcg@5: 0.0265 ndcg@10: 0.0348 ndcg@20: 0.0447 ] 
2025-10-02 00:08:47,060 - Epoch  30 Validation set [recall@5: 0.0319 recall@10: 0.0528 recall@20: 0.0840 ] [ndcg@5: 0.0268 ndcg@10: 0.0352 ndcg@20: 0.0455 ] 
2025-10-02 00:08:52,299 - Epoch  33 Validation set [recall@5: 0.0322 recall@10: 0.0543 recall@20: 0.0863 ] [ndcg@5: 0.0276 ndcg@10: 0.0366 ndcg@20: 0.0471 ] 
2025-10-02 00:08:57,105 - Epoch  36 Validation set [recall@5: 0.0329 recall@10: 0.0558 recall@20: 0.0867 ] [ndcg@5: 0.0281 ndcg@10: 0.0373 ndcg@20: 0.0476 ] 
2025-10-02 00:09:03,013 - Epoch  39 Validation set [recall@5: 0.0337 recall@10: 0.0563 recall@20: 0.0885 ] [ndcg@5: 0.0283 ndcg@10: 0.0374 ndcg@20: 0.0481 ] 
2025-10-02 00:09:08,526 - Epoch  42 Validation set [recall@5: 0.0339 recall@10: 0.0567 recall@20: 0.0887 ] [ndcg@5: 0.0286 ndcg@10: 0.0378 ndcg@20: 0.0484 ] 
2025-10-02 00:09:13,804 - Epoch  45 Validation set [recall@5: 0.0342 recall@10: 0.0560 recall@20: 0.0907 ] [ndcg@5: 0.0289 ndcg@10: 0.0377 ndcg@20: 0.0492 ] 
2025-10-02 00:09:19,885 - Epoch  48 Validation set [recall@5: 0.0344 recall@10: 0.0578 recall@20: 0.0920 ] [ndcg@5: 0.0291 ndcg@10: 0.0386 ndcg@20: 0.0499 ] 
2025-10-02 00:09:25,927 - Epoch  51 Validation set [recall@5: 0.0348 recall@10: 0.0577 recall@20: 0.0913 ] [ndcg@5: 0.0297 ndcg@10: 0.0389 ndcg@20: 0.0500 ] 
2025-10-02 00:09:31,762 - Epoch  54 Validation set [recall@5: 0.0348 recall@10: 0.0593 recall@20: 0.0915 ] [ndcg@5: 0.0297 ndcg@10: 0.0396 ndcg@20: 0.0502 ] 
2025-10-02 00:09:37,533 - Epoch  57 Validation set [recall@5: 0.0358 recall@10: 0.0602 recall@20: 0.0923 ] [ndcg@5: 0.0305 ndcg@10: 0.0403 ndcg@20: 0.0509 ] 
2025-10-02 00:09:42,844 - Epoch  60 Validation set [recall@5: 0.0357 recall@10: 0.0602 recall@20: 0.0941 ] [ndcg@5: 0.0304 ndcg@10: 0.0403 ndcg@20: 0.0514 ] 
2025-10-02 00:09:48,380 - Epoch  63 Validation set [recall@5: 0.0362 recall@10: 0.0593 recall@20: 0.0947 ] [ndcg@5: 0.0309 ndcg@10: 0.0402 ndcg@20: 0.0519 ] 
2025-10-02 00:09:53,687 - Epoch  66 Validation set [recall@5: 0.0360 recall@10: 0.0616 recall@20: 0.0951 ] [ndcg@5: 0.0308 ndcg@10: 0.0411 ndcg@20: 0.0522 ] 
2025-10-02 00:09:58,835 - Epoch  69 Validation set [recall@5: 0.0363 recall@10: 0.0610 recall@20: 0.0961 ] [ndcg@5: 0.0311 ndcg@10: 0.0411 ndcg@20: 0.0527 ] 
2025-10-02 00:10:04,480 - Epoch  72 Validation set [recall@5: 0.0371 recall@10: 0.0609 recall@20: 0.0970 ] [ndcg@5: 0.0316 ndcg@10: 0.0412 ndcg@20: 0.0531 ] 
2025-10-02 00:10:09,790 - Epoch  75 Validation set [recall@5: 0.0372 recall@10: 0.0619 recall@20: 0.0973 ] [ndcg@5: 0.0322 ndcg@10: 0.0420 ndcg@20: 0.0538 ] 
2025-10-02 00:10:15,740 - Epoch  78 Validation set [recall@5: 0.0374 recall@10: 0.0625 recall@20: 0.0987 ] [ndcg@5: 0.0321 ndcg@10: 0.0422 ndcg@20: 0.0542 ] 
2025-10-02 00:10:21,453 - Epoch  81 Validation set [recall@5: 0.0377 recall@10: 0.0621 recall@20: 0.0994 ] [ndcg@5: 0.0323 ndcg@10: 0.0422 ndcg@20: 0.0546 ] 
2025-10-02 00:10:27,795 - Epoch  84 Validation set [recall@5: 0.0372 recall@10: 0.0628 recall@20: 0.0992 ] [ndcg@5: 0.0320 ndcg@10: 0.0423 ndcg@20: 0.0544 ] 
2025-10-02 00:10:33,620 - Epoch  87 Validation set [recall@5: 0.0375 recall@10: 0.0624 recall@20: 0.0990 ] [ndcg@5: 0.0325 ndcg@10: 0.0426 ndcg@20: 0.0548 ] 
2025-10-02 00:10:39,323 - Epoch  90 Validation set [recall@5: 0.0378 recall@10: 0.0627 recall@20: 0.0990 ] [ndcg@5: 0.0325 ndcg@10: 0.0426 ndcg@20: 0.0547 ] 
2025-10-02 00:10:45,337 - Epoch  93 Validation set [recall@5: 0.0374 recall@10: 0.0625 recall@20: 0.0982 ] [ndcg@5: 0.0325 ndcg@10: 0.0427 ndcg@20: 0.0546 ] 
2025-10-02 00:10:50,399 - Epoch  96 Validation set [recall@5: 0.0375 recall@10: 0.0628 recall@20: 0.0997 ] [ndcg@5: 0.0326 ndcg@10: 0.0428 ndcg@20: 0.0550 ] 
2025-10-02 00:10:55,780 - Epoch  99 Validation set [recall@5: 0.0374 recall@10: 0.0629 recall@20: 0.0997 ] [ndcg@5: 0.0326 ndcg@10: 0.0429 ndcg@20: 0.0551 ] 
2025-10-02 00:11:01,155 - Epoch 102 Validation set [recall@5: 0.0384 recall@10: 0.0630 recall@20: 0.0992 ] [ndcg@5: 0.0334 ndcg@10: 0.0433 ndcg@20: 0.0553 ] 
2025-10-02 00:11:06,825 - Epoch 105 Validation set [recall@5: 0.0382 recall@10: 0.0635 recall@20: 0.1001 ] [ndcg@5: 0.0332 ndcg@10: 0.0434 ndcg@20: 0.0555 ] 
2025-10-02 00:11:12,199 - Epoch 108 Validation set [recall@5: 0.0387 recall@10: 0.0633 recall@20: 0.0998 ] [ndcg@5: 0.0332 ndcg@10: 0.0431 ndcg@20: 0.0552 ] 
2025-10-02 00:11:18,467 - Epoch 111 Validation set [recall@5: 0.0386 recall@10: 0.0641 recall@20: 0.1003 ] [ndcg@5: 0.0334 ndcg@10: 0.0436 ndcg@20: 0.0556 ] 
2025-10-02 00:11:24,350 - Epoch 114 Validation set [recall@5: 0.0390 recall@10: 0.0632 recall@20: 0.0997 ] [ndcg@5: 0.0337 ndcg@10: 0.0434 ndcg@20: 0.0555 ] 
2025-10-02 00:11:29,610 - Epoch 117 Validation set [recall@5: 0.0391 recall@10: 0.0635 recall@20: 0.1009 ] [ndcg@5: 0.0335 ndcg@10: 0.0434 ndcg@20: 0.0558 ] 
2025-10-02 00:11:35,005 - Epoch 120 Validation set [recall@5: 0.0393 recall@10: 0.0631 recall@20: 0.1016 ] [ndcg@5: 0.0337 ndcg@10: 0.0432 ndcg@20: 0.0560 ] 
2025-10-02 00:11:40,560 - Epoch 123 Validation set [recall@5: 0.0396 recall@10: 0.0635 recall@20: 0.1007 ] [ndcg@5: 0.0339 ndcg@10: 0.0435 ndcg@20: 0.0558 ] 
2025-10-02 00:11:46,055 - Epoch 126 Validation set [recall@5: 0.0397 recall@10: 0.0639 recall@20: 0.1018 ] [ndcg@5: 0.0338 ndcg@10: 0.0435 ndcg@20: 0.0561 ] 
2025-10-02 00:11:51,672 - Epoch 129 Validation set [recall@5: 0.0396 recall@10: 0.0637 recall@20: 0.1028 ] [ndcg@5: 0.0339 ndcg@10: 0.0437 ndcg@20: 0.0566 ] 
2025-10-02 00:11:56,713 - Epoch 132 Validation set [recall@5: 0.0392 recall@10: 0.0626 recall@20: 0.1022 ] [ndcg@5: 0.0337 ndcg@10: 0.0432 ndcg@20: 0.0562 ] 
2025-10-02 00:12:02,293 - Epoch 135 Validation set [recall@5: 0.0400 recall@10: 0.0635 recall@20: 0.1025 ] [ndcg@5: 0.0340 ndcg@10: 0.0436 ndcg@20: 0.0564 ] 
2025-10-02 00:12:08,121 - Epoch 138 Validation set [recall@5: 0.0401 recall@10: 0.0631 recall@20: 0.1027 ] [ndcg@5: 0.0341 ndcg@10: 0.0434 ndcg@20: 0.0565 ] 
2025-10-02 00:12:13,353 - Epoch 141 Validation set [recall@5: 0.0396 recall@10: 0.0633 recall@20: 0.1034 ] [ndcg@5: 0.0340 ndcg@10: 0.0436 ndcg@20: 0.0568 ] 
2025-10-02 00:12:19,527 - Epoch 144 Validation set [recall@5: 0.0405 recall@10: 0.0641 recall@20: 0.1039 ] [ndcg@5: 0.0343 ndcg@10: 0.0439 ndcg@20: 0.0571 ] 
2025-10-02 00:12:25,449 - Epoch 147 Validation set [recall@5: 0.0405 recall@10: 0.0644 recall@20: 0.1042 ] [ndcg@5: 0.0346 ndcg@10: 0.0443 ndcg@20: 0.0574 ] 
2025-10-02 00:12:31,220 - Epoch 150 Validation set [recall@5: 0.0411 recall@10: 0.0643 recall@20: 0.1039 ] [ndcg@5: 0.0348 ndcg@10: 0.0441 ndcg@20: 0.0572 ] 
2025-10-02 00:12:37,169 - Epoch 153 Validation set [recall@5: 0.0415 recall@10: 0.0640 recall@20: 0.1034 ] [ndcg@5: 0.0349 ndcg@10: 0.0441 ndcg@20: 0.0571 ] 
2025-10-02 00:12:42,442 - Epoch 156 Validation set [recall@5: 0.0416 recall@10: 0.0637 recall@20: 0.1027 ] [ndcg@5: 0.0350 ndcg@10: 0.0439 ndcg@20: 0.0569 ] 
2025-10-02 00:12:48,047 - Epoch 159 Validation set [recall@5: 0.0413 recall@10: 0.0651 recall@20: 0.1033 ] [ndcg@5: 0.0347 ndcg@10: 0.0443 ndcg@20: 0.0569 ] 
2025-10-02 00:12:53,550 - Epoch 162 Validation set [recall@5: 0.0409 recall@10: 0.0655 recall@20: 0.1034 ] [ndcg@5: 0.0346 ndcg@10: 0.0444 ndcg@20: 0.0569 ] 
2025-10-02 00:12:54,534 - [recall@5: 0.0405 recall@10: 0.0644 recall@20: 0.1042 ] [ndcg@5: 0.0346 ndcg@10: 0.0443 ndcg@20: 0.0574 ] 
2025-10-02 00:12:55,553 - [recall@5: 0.0376 recall@10: 0.0622 recall@20: 0.0981 ] [ndcg@5: 0.0365 ndcg@10: 0.0471 ndcg@20: 0.0602 ] 
2025-10-02 00:12:55,560 - Save model parameters to ./encoder/checkpoint/lightgcn_rgcn/lightgcn_rgcn-Office-2023.pth
2025-10-02 00:12:55,561 - Best Epoch 147. Final test result: {'recall': array([0.03755492, 0.0621524 , 0.09806779]), 'ndcg': array([0.03646948, 0.04707162, 0.06015427])}.
