2025-10-01 23:27:08,080 - {'optimizer': {'name': 'adam', 'lr': 0.001, 'weight_decay': 0}, 'train': {'epoch': 3000, 'batch_size': 4096, 'save_model': True, 'loss': 'pairwise', 'test_step': 3, 'reproducible': True, 'seed': 2023, 'patience': 5}, 'test': {'metrics': ['recall', 'ndcg'], 'k': [5, 10, 20], 'batch_size': 1024}, 'data': {'type': 'general_agcf', 'name': 'Office', 'mat_type': 'uai', 'pre_norm': True, 'user_num': 6338, 'item_num': 4461, 'user_item_num': 10799, 'attr_num': 4065}, 'model': {'name': 'lightgcn_rgcn', 'label': 'ori', 'keep_rate': 0.9, 'embedding_size': 64, 'use_unify_layer_num': True, 'layer_num': 3, 'reg_weight': 5e-06, 'amazon': {'keep_rate': 0.9, 'layer_num': 3, 'reg_weight': 1e-07, 'eps': 0.1}, 'yelp': {'keep_rate': 0.9, 'layer_num': 3, 'reg_weight': 1e-06, 'eps': 0.1}, 'steam': {'keep_rate': 0.8, 'layer_num': 3, 'reg_weight': 1e-07, 'eps': 0.2}, 'Office': {'keep_rate': 0.9, 'layer_num': 3, 'reg_weight': 5e-06, 'eps': 0.1}}}
2025-10-01 23:27:11,118 - Epoch   0 Validation set [recall@5: 0.0052 recall@10: 0.0087 recall@20: 0.0151 ] [ndcg@5: 0.0041 ndcg@10: 0.0056 ndcg@20: 0.0077 ] 
2025-10-01 23:27:15,212 - Epoch   3 Validation set [recall@5: 0.0179 recall@10: 0.0312 recall@20: 0.0497 ] [ndcg@5: 0.0146 ndcg@10: 0.0201 ndcg@20: 0.0261 ] 
2025-10-01 23:27:19,063 - Epoch   6 Validation set [recall@5: 0.0232 recall@10: 0.0374 recall@20: 0.0587 ] [ndcg@5: 0.0187 ndcg@10: 0.0244 ndcg@20: 0.0314 ] 
2025-10-01 23:27:23,288 - Epoch   9 Validation set [recall@5: 0.0244 recall@10: 0.0404 recall@20: 0.0638 ] [ndcg@5: 0.0203 ndcg@10: 0.0268 ndcg@20: 0.0344 ] 
2025-10-01 23:27:27,436 - Epoch  12 Validation set [recall@5: 0.0261 recall@10: 0.0422 recall@20: 0.0673 ] [ndcg@5: 0.0217 ndcg@10: 0.0282 ndcg@20: 0.0365 ] 
2025-10-01 23:27:31,554 - Epoch  15 Validation set [recall@5: 0.0272 recall@10: 0.0449 recall@20: 0.0713 ] [ndcg@5: 0.0224 ndcg@10: 0.0296 ndcg@20: 0.0383 ] 
2025-10-01 23:27:35,561 - Epoch  18 Validation set [recall@5: 0.0277 recall@10: 0.0473 recall@20: 0.0753 ] [ndcg@5: 0.0232 ndcg@10: 0.0311 ndcg@20: 0.0404 ] 
2025-10-01 23:27:39,436 - Epoch  21 Validation set [recall@5: 0.0295 recall@10: 0.0501 recall@20: 0.0780 ] [ndcg@5: 0.0245 ndcg@10: 0.0330 ndcg@20: 0.0422 ] 
2025-10-01 23:27:43,743 - Epoch  24 Validation set [recall@5: 0.0306 recall@10: 0.0511 recall@20: 0.0816 ] [ndcg@5: 0.0257 ndcg@10: 0.0340 ndcg@20: 0.0440 ] 
2025-10-01 23:27:47,906 - Epoch  27 Validation set [recall@5: 0.0318 recall@10: 0.0521 recall@20: 0.0829 ] [ndcg@5: 0.0267 ndcg@10: 0.0348 ndcg@20: 0.0450 ] 
2025-10-01 23:27:51,483 - Epoch  30 Validation set [recall@5: 0.0318 recall@10: 0.0533 recall@20: 0.0842 ] [ndcg@5: 0.0268 ndcg@10: 0.0355 ndcg@20: 0.0457 ] 
2025-10-01 23:27:55,335 - Epoch  33 Validation set [recall@5: 0.0319 recall@10: 0.0539 recall@20: 0.0864 ] [ndcg@5: 0.0275 ndcg@10: 0.0365 ndcg@20: 0.0471 ] 
2025-10-01 23:27:59,021 - Epoch  36 Validation set [recall@5: 0.0328 recall@10: 0.0557 recall@20: 0.0868 ] [ndcg@5: 0.0280 ndcg@10: 0.0373 ndcg@20: 0.0476 ] 
2025-10-01 23:28:01,962 - Epoch  39 Validation set [recall@5: 0.0334 recall@10: 0.0560 recall@20: 0.0884 ] [ndcg@5: 0.0281 ndcg@10: 0.0372 ndcg@20: 0.0480 ] 
2025-10-01 23:28:05,357 - Epoch  42 Validation set [recall@5: 0.0338 recall@10: 0.0569 recall@20: 0.0886 ] [ndcg@5: 0.0287 ndcg@10: 0.0380 ndcg@20: 0.0485 ] 
2025-10-01 23:28:08,751 - Epoch  45 Validation set [recall@5: 0.0340 recall@10: 0.0560 recall@20: 0.0908 ] [ndcg@5: 0.0289 ndcg@10: 0.0378 ndcg@20: 0.0493 ] 
2025-10-01 23:28:11,955 - Epoch  48 Validation set [recall@5: 0.0345 recall@10: 0.0579 recall@20: 0.0917 ] [ndcg@5: 0.0292 ndcg@10: 0.0386 ndcg@20: 0.0498 ] 
2025-10-01 23:28:15,257 - Epoch  51 Validation set [recall@5: 0.0348 recall@10: 0.0576 recall@20: 0.0915 ] [ndcg@5: 0.0296 ndcg@10: 0.0388 ndcg@20: 0.0500 ] 
2025-10-01 23:28:18,507 - Epoch  54 Validation set [recall@5: 0.0347 recall@10: 0.0594 recall@20: 0.0918 ] [ndcg@5: 0.0296 ndcg@10: 0.0395 ndcg@20: 0.0503 ] 
2025-10-01 23:28:21,665 - Epoch  57 Validation set [recall@5: 0.0354 recall@10: 0.0599 recall@20: 0.0922 ] [ndcg@5: 0.0301 ndcg@10: 0.0400 ndcg@20: 0.0507 ] 
2025-10-01 23:28:24,953 - Epoch  60 Validation set [recall@5: 0.0357 recall@10: 0.0604 recall@20: 0.0941 ] [ndcg@5: 0.0304 ndcg@10: 0.0403 ndcg@20: 0.0514 ] 
2025-10-01 23:28:28,148 - Epoch  63 Validation set [recall@5: 0.0360 recall@10: 0.0597 recall@20: 0.0943 ] [ndcg@5: 0.0307 ndcg@10: 0.0403 ndcg@20: 0.0518 ] 
2025-10-01 23:28:31,139 - Epoch  66 Validation set [recall@5: 0.0359 recall@10: 0.0617 recall@20: 0.0951 ] [ndcg@5: 0.0308 ndcg@10: 0.0412 ndcg@20: 0.0523 ] 
2025-10-01 23:28:33,974 - Epoch  69 Validation set [recall@5: 0.0363 recall@10: 0.0607 recall@20: 0.0963 ] [ndcg@5: 0.0311 ndcg@10: 0.0410 ndcg@20: 0.0527 ] 
2025-10-01 23:28:36,796 - Epoch  72 Validation set [recall@5: 0.0372 recall@10: 0.0611 recall@20: 0.0969 ] [ndcg@5: 0.0317 ndcg@10: 0.0413 ndcg@20: 0.0532 ] 
2025-10-01 23:28:39,322 - Epoch  75 Validation set [recall@5: 0.0372 recall@10: 0.0617 recall@20: 0.0971 ] [ndcg@5: 0.0321 ndcg@10: 0.0419 ndcg@20: 0.0537 ] 
2025-10-01 23:28:42,267 - Epoch  78 Validation set [recall@5: 0.0372 recall@10: 0.0622 recall@20: 0.0984 ] [ndcg@5: 0.0320 ndcg@10: 0.0421 ndcg@20: 0.0541 ] 
2025-10-01 23:28:45,122 - Epoch  81 Validation set [recall@5: 0.0379 recall@10: 0.0622 recall@20: 0.0994 ] [ndcg@5: 0.0325 ndcg@10: 0.0423 ndcg@20: 0.0547 ] 
2025-10-01 23:28:48,247 - Epoch  84 Validation set [recall@5: 0.0376 recall@10: 0.0627 recall@20: 0.0991 ] [ndcg@5: 0.0322 ndcg@10: 0.0423 ndcg@20: 0.0544 ] 
2025-10-01 23:28:51,301 - Epoch  87 Validation set [recall@5: 0.0376 recall@10: 0.0622 recall@20: 0.0993 ] [ndcg@5: 0.0325 ndcg@10: 0.0424 ndcg@20: 0.0547 ] 
2025-10-01 23:28:54,540 - Epoch  90 Validation set [recall@5: 0.0375 recall@10: 0.0627 recall@20: 0.0994 ] [ndcg@5: 0.0323 ndcg@10: 0.0425 ndcg@20: 0.0547 ] 
2025-10-01 23:28:57,743 - Epoch  93 Validation set [recall@5: 0.0373 recall@10: 0.0624 recall@20: 0.0984 ] [ndcg@5: 0.0325 ndcg@10: 0.0426 ndcg@20: 0.0546 ] 
2025-10-01 23:29:00,796 - Epoch  96 Validation set [recall@5: 0.0378 recall@10: 0.0627 recall@20: 0.0997 ] [ndcg@5: 0.0327 ndcg@10: 0.0427 ndcg@20: 0.0550 ] 
2025-10-01 23:29:04,012 - Epoch  99 Validation set [recall@5: 0.0374 recall@10: 0.0632 recall@20: 0.0998 ] [ndcg@5: 0.0326 ndcg@10: 0.0430 ndcg@20: 0.0552 ] 
2025-10-01 23:29:07,274 - Epoch 102 Validation set [recall@5: 0.0384 recall@10: 0.0629 recall@20: 0.0999 ] [ndcg@5: 0.0333 ndcg@10: 0.0431 ndcg@20: 0.0554 ] 
2025-10-01 23:29:10,448 - Epoch 105 Validation set [recall@5: 0.0380 recall@10: 0.0633 recall@20: 0.1001 ] [ndcg@5: 0.0332 ndcg@10: 0.0435 ndcg@20: 0.0556 ] 
2025-10-01 23:29:13,552 - Epoch 108 Validation set [recall@5: 0.0384 recall@10: 0.0629 recall@20: 0.0997 ] [ndcg@5: 0.0331 ndcg@10: 0.0430 ndcg@20: 0.0552 ] 
2025-10-01 23:29:16,785 - Epoch 111 Validation set [recall@5: 0.0387 recall@10: 0.0639 recall@20: 0.1002 ] [ndcg@5: 0.0334 ndcg@10: 0.0435 ndcg@20: 0.0555 ] 
2025-10-01 23:29:19,965 - Epoch 114 Validation set [recall@5: 0.0388 recall@10: 0.0633 recall@20: 0.1001 ] [ndcg@5: 0.0335 ndcg@10: 0.0433 ndcg@20: 0.0555 ] 
2025-10-01 23:29:23,230 - Epoch 117 Validation set [recall@5: 0.0391 recall@10: 0.0639 recall@20: 0.1011 ] [ndcg@5: 0.0336 ndcg@10: 0.0436 ndcg@20: 0.0559 ] 
2025-10-01 23:29:26,411 - Epoch 120 Validation set [recall@5: 0.0390 recall@10: 0.0626 recall@20: 0.1015 ] [ndcg@5: 0.0334 ndcg@10: 0.0430 ndcg@20: 0.0558 ] 
2025-10-01 23:29:29,837 - Epoch 123 Validation set [recall@5: 0.0395 recall@10: 0.0636 recall@20: 0.1008 ] [ndcg@5: 0.0340 ndcg@10: 0.0437 ndcg@20: 0.0560 ] 
2025-10-01 23:29:33,551 - Epoch 126 Validation set [recall@5: 0.0394 recall@10: 0.0637 recall@20: 0.1016 ] [ndcg@5: 0.0337 ndcg@10: 0.0434 ndcg@20: 0.0560 ] 
2025-10-01 23:29:37,861 - Epoch 129 Validation set [recall@5: 0.0393 recall@10: 0.0637 recall@20: 0.1023 ] [ndcg@5: 0.0339 ndcg@10: 0.0437 ndcg@20: 0.0564 ] 
2025-10-01 23:29:41,815 - Epoch 132 Validation set [recall@5: 0.0392 recall@10: 0.0626 recall@20: 0.1024 ] [ndcg@5: 0.0337 ndcg@10: 0.0432 ndcg@20: 0.0563 ] 
2025-10-01 23:29:46,252 - Epoch 135 Validation set [recall@5: 0.0397 recall@10: 0.0632 recall@20: 0.1025 ] [ndcg@5: 0.0339 ndcg@10: 0.0434 ndcg@20: 0.0564 ] 
2025-10-01 23:29:50,258 - Epoch 138 Validation set [recall@5: 0.0402 recall@10: 0.0630 recall@20: 0.1026 ] [ndcg@5: 0.0341 ndcg@10: 0.0433 ndcg@20: 0.0564 ] 
2025-10-01 23:29:55,412 - Epoch 141 Validation set [recall@5: 0.0394 recall@10: 0.0632 recall@20: 0.1029 ] [ndcg@5: 0.0339 ndcg@10: 0.0435 ndcg@20: 0.0566 ] 
2025-10-01 23:30:00,907 - Epoch 144 Validation set [recall@5: 0.0401 recall@10: 0.0638 recall@20: 0.1038 ] [ndcg@5: 0.0342 ndcg@10: 0.0437 ndcg@20: 0.0570 ] 
2025-10-01 23:30:05,796 - Epoch 147 Validation set [recall@5: 0.0405 recall@10: 0.0643 recall@20: 0.1042 ] [ndcg@5: 0.0347 ndcg@10: 0.0444 ndcg@20: 0.0575 ] 
2025-10-01 23:30:11,790 - Epoch 150 Validation set [recall@5: 0.0411 recall@10: 0.0645 recall@20: 0.1037 ] [ndcg@5: 0.0349 ndcg@10: 0.0443 ndcg@20: 0.0572 ] 
2025-10-01 23:30:17,783 - Epoch 153 Validation set [recall@5: 0.0415 recall@10: 0.0638 recall@20: 0.1032 ] [ndcg@5: 0.0349 ndcg@10: 0.0440 ndcg@20: 0.0570 ] 
2025-10-01 23:30:23,565 - Epoch 156 Validation set [recall@5: 0.0417 recall@10: 0.0634 recall@20: 0.1027 ] [ndcg@5: 0.0351 ndcg@10: 0.0439 ndcg@20: 0.0570 ] 
2025-10-01 23:30:29,593 - Epoch 159 Validation set [recall@5: 0.0413 recall@10: 0.0649 recall@20: 0.1032 ] [ndcg@5: 0.0347 ndcg@10: 0.0442 ndcg@20: 0.0568 ] 
2025-10-01 23:30:35,708 - Epoch 162 Validation set [recall@5: 0.0409 recall@10: 0.0657 recall@20: 0.1032 ] [ndcg@5: 0.0346 ndcg@10: 0.0445 ndcg@20: 0.0569 ] 
2025-10-01 23:30:36,742 - [recall@5: 0.0405 recall@10: 0.0643 recall@20: 0.1042 ] [ndcg@5: 0.0347 ndcg@10: 0.0444 ndcg@20: 0.0575 ] 
2025-10-01 23:30:37,709 - [recall@5: 0.0375 recall@10: 0.0620 recall@20: 0.0981 ] [ndcg@5: 0.0365 ndcg@10: 0.0470 ndcg@20: 0.0602 ] 
2025-10-01 23:30:37,714 - Save model parameters to ./encoder/checkpoint/lightgcn_rgcn/lightgcn_rgcn-Office-2023.pth
2025-10-01 23:30:37,715 - Best Epoch 147. Final test result: {'recall': array([0.03752744, 0.06197516, 0.09814148]), 'ndcg': array([0.03651628, 0.04702442, 0.06020149])}.
