2025-10-02 00:27:50,671 - {'optimizer': {'name': 'adam', 'lr': 0.001, 'weight_decay': 0}, 'train': {'epoch': 3000, 'batch_size': 4096, 'save_model': True, 'loss': 'pairwise', 'test_step': 3, 'reproducible': True, 'seed': 2023, 'patience': 5}, 'test': {'metrics': ['recall', 'ndcg'], 'k': [5, 10, 20], 'batch_size': 1024}, 'data': {'type': 'general_agcf', 'name': 'Office', 'mat_type': 'uai', 'pre_norm': True, 'user_num': 6338, 'item_num': 4461, 'user_item_num': 10799, 'attr_num': 4065}, 'model': {'name': 'lightgcn_rgcn', 'label': 'ori', 'keep_rate': 0.9, 'embedding_size': 64, 'use_unify_layer_num': True, 'layer_num': 7, 'reg_weight': 5e-06, 'amazon': {'keep_rate': 0.9, 'layer_num': 3, 'reg_weight': 1e-07, 'eps': 0.1}, 'yelp': {'keep_rate': 0.9, 'layer_num': 3, 'reg_weight': 1e-06, 'eps': 0.1}, 'steam': {'keep_rate': 0.8, 'layer_num': 3, 'reg_weight': 1e-07, 'eps': 0.2}, 'Office': {'keep_rate': 0.9, 'layer_num': 7, 'reg_weight': 5e-06, 'eps': 0.1}}}
2025-10-02 00:27:54,631 - Epoch   0 Validation set [recall@5: 0.0177 recall@10: 0.0306 recall@20: 0.0487 ] [ndcg@5: 0.0144 ndcg@10: 0.0197 ndcg@20: 0.0256 ] 
2025-10-02 00:28:02,326 - Epoch   3 Validation set [recall@5: 0.0196 recall@10: 0.0305 recall@20: 0.0472 ] [ndcg@5: 0.0156 ndcg@10: 0.0200 ndcg@20: 0.0255 ] 
2025-10-02 00:28:10,286 - Epoch   6 Validation set [recall@5: 0.0224 recall@10: 0.0366 recall@20: 0.0568 ] [ndcg@5: 0.0179 ndcg@10: 0.0236 ndcg@20: 0.0302 ] 
2025-10-02 00:28:16,890 - Epoch   9 Validation set [recall@5: 0.0236 recall@10: 0.0387 recall@20: 0.0609 ] [ndcg@5: 0.0191 ndcg@10: 0.0253 ndcg@20: 0.0326 ] 
2025-10-02 00:28:23,927 - Epoch  12 Validation set [recall@5: 0.0265 recall@10: 0.0414 recall@20: 0.0662 ] [ndcg@5: 0.0213 ndcg@10: 0.0273 ndcg@20: 0.0356 ] 
2025-10-02 00:28:31,177 - Epoch  15 Validation set [recall@5: 0.0266 recall@10: 0.0431 recall@20: 0.0696 ] [ndcg@5: 0.0217 ndcg@10: 0.0284 ndcg@20: 0.0372 ] 
2025-10-02 00:28:38,729 - Epoch  18 Validation set [recall@5: 0.0273 recall@10: 0.0454 recall@20: 0.0736 ] [ndcg@5: 0.0226 ndcg@10: 0.0300 ndcg@20: 0.0394 ] 
2025-10-02 00:28:46,093 - Epoch  21 Validation set [recall@5: 0.0285 recall@10: 0.0481 recall@20: 0.0751 ] [ndcg@5: 0.0236 ndcg@10: 0.0314 ndcg@20: 0.0404 ] 
2025-10-02 00:28:52,792 - Epoch  24 Validation set [recall@5: 0.0300 recall@10: 0.0485 recall@20: 0.0777 ] [ndcg@5: 0.0251 ndcg@10: 0.0325 ndcg@20: 0.0421 ] 
2025-10-02 00:29:00,210 - Epoch  27 Validation set [recall@5: 0.0297 recall@10: 0.0494 recall@20: 0.0787 ] [ndcg@5: 0.0246 ndcg@10: 0.0326 ndcg@20: 0.0423 ] 
2025-10-02 00:29:07,343 - Epoch  30 Validation set [recall@5: 0.0302 recall@10: 0.0492 recall@20: 0.0800 ] [ndcg@5: 0.0253 ndcg@10: 0.0330 ndcg@20: 0.0432 ] 
2025-10-02 00:29:14,886 - Epoch  33 Validation set [recall@5: 0.0305 recall@10: 0.0519 recall@20: 0.0820 ] [ndcg@5: 0.0261 ndcg@10: 0.0347 ndcg@20: 0.0446 ] 
2025-10-02 00:29:21,430 - Epoch  36 Validation set [recall@5: 0.0309 recall@10: 0.0513 recall@20: 0.0819 ] [ndcg@5: 0.0263 ndcg@10: 0.0346 ndcg@20: 0.0446 ] 
2025-10-02 00:29:28,417 - Epoch  39 Validation set [recall@5: 0.0323 recall@10: 0.0520 recall@20: 0.0841 ] [ndcg@5: 0.0267 ndcg@10: 0.0345 ndcg@20: 0.0451 ] 
2025-10-02 00:29:35,888 - Epoch  42 Validation set [recall@5: 0.0320 recall@10: 0.0523 recall@20: 0.0843 ] [ndcg@5: 0.0270 ndcg@10: 0.0352 ndcg@20: 0.0458 ] 
2025-10-02 00:29:43,074 - Epoch  45 Validation set [recall@5: 0.0318 recall@10: 0.0528 recall@20: 0.0840 ] [ndcg@5: 0.0269 ndcg@10: 0.0354 ndcg@20: 0.0458 ] 
2025-10-02 00:29:50,228 - Epoch  48 Validation set [recall@5: 0.0327 recall@10: 0.0537 recall@20: 0.0846 ] [ndcg@5: 0.0278 ndcg@10: 0.0362 ndcg@20: 0.0464 ] 
2025-10-02 00:29:56,815 - Epoch  51 Validation set [recall@5: 0.0321 recall@10: 0.0535 recall@20: 0.0857 ] [ndcg@5: 0.0271 ndcg@10: 0.0357 ndcg@20: 0.0464 ] 
2025-10-02 00:30:03,892 - Epoch  54 Validation set [recall@5: 0.0333 recall@10: 0.0542 recall@20: 0.0877 ] [ndcg@5: 0.0275 ndcg@10: 0.0359 ndcg@20: 0.0470 ] 
2025-10-02 00:30:11,774 - Epoch  57 Validation set [recall@5: 0.0328 recall@10: 0.0551 recall@20: 0.0877 ] [ndcg@5: 0.0275 ndcg@10: 0.0365 ndcg@20: 0.0472 ] 
2025-10-02 00:30:19,877 - Epoch  60 Validation set [recall@5: 0.0326 recall@10: 0.0562 recall@20: 0.0876 ] [ndcg@5: 0.0278 ndcg@10: 0.0373 ndcg@20: 0.0477 ] 
2025-10-02 00:30:26,964 - Epoch  63 Validation set [recall@5: 0.0340 recall@10: 0.0554 recall@20: 0.0904 ] [ndcg@5: 0.0288 ndcg@10: 0.0374 ndcg@20: 0.0490 ] 
2025-10-02 00:30:34,481 - Epoch  66 Validation set [recall@5: 0.0338 recall@10: 0.0563 recall@20: 0.0896 ] [ndcg@5: 0.0289 ndcg@10: 0.0379 ndcg@20: 0.0489 ] 
2025-10-02 00:30:42,523 - Epoch  69 Validation set [recall@5: 0.0339 recall@10: 0.0564 recall@20: 0.0893 ] [ndcg@5: 0.0289 ndcg@10: 0.0381 ndcg@20: 0.0489 ] 
2025-10-02 00:30:49,943 - Epoch  72 Validation set [recall@5: 0.0341 recall@10: 0.0577 recall@20: 0.0902 ] [ndcg@5: 0.0291 ndcg@10: 0.0387 ndcg@20: 0.0495 ] 
2025-10-02 00:30:56,903 - Epoch  75 Validation set [recall@5: 0.0340 recall@10: 0.0573 recall@20: 0.0917 ] [ndcg@5: 0.0289 ndcg@10: 0.0383 ndcg@20: 0.0497 ] 
2025-10-02 00:31:04,006 - Epoch  78 Validation set [recall@5: 0.0345 recall@10: 0.0576 recall@20: 0.0924 ] [ndcg@5: 0.0295 ndcg@10: 0.0389 ndcg@20: 0.0504 ] 
2025-10-02 00:31:11,063 - Epoch  81 Validation set [recall@5: 0.0354 recall@10: 0.0584 recall@20: 0.0919 ] [ndcg@5: 0.0296 ndcg@10: 0.0388 ndcg@20: 0.0499 ] 
2025-10-02 00:31:18,986 - Epoch  84 Validation set [recall@5: 0.0354 recall@10: 0.0579 recall@20: 0.0922 ] [ndcg@5: 0.0298 ndcg@10: 0.0389 ndcg@20: 0.0502 ] 
2025-10-02 00:31:25,734 - Epoch  87 Validation set [recall@5: 0.0351 recall@10: 0.0581 recall@20: 0.0922 ] [ndcg@5: 0.0296 ndcg@10: 0.0389 ndcg@20: 0.0502 ] 
2025-10-02 00:31:33,400 - Epoch  90 Validation set [recall@5: 0.0357 recall@10: 0.0590 recall@20: 0.0929 ] [ndcg@5: 0.0302 ndcg@10: 0.0396 ndcg@20: 0.0508 ] 
2025-10-02 00:31:40,822 - Epoch  93 Validation set [recall@5: 0.0351 recall@10: 0.0588 recall@20: 0.0935 ] [ndcg@5: 0.0300 ndcg@10: 0.0396 ndcg@20: 0.0511 ] 
2025-10-02 00:31:48,818 - Epoch  96 Validation set [recall@5: 0.0365 recall@10: 0.0590 recall@20: 0.0933 ] [ndcg@5: 0.0307 ndcg@10: 0.0398 ndcg@20: 0.0512 ] 
2025-10-02 00:31:55,568 - Epoch  99 Validation set [recall@5: 0.0359 recall@10: 0.0592 recall@20: 0.0934 ] [ndcg@5: 0.0305 ndcg@10: 0.0399 ndcg@20: 0.0512 ] 
2025-10-02 00:32:02,969 - Epoch 102 Validation set [recall@5: 0.0355 recall@10: 0.0604 recall@20: 0.0940 ] [ndcg@5: 0.0301 ndcg@10: 0.0402 ndcg@20: 0.0513 ] 
2025-10-02 00:32:09,856 - Epoch 105 Validation set [recall@5: 0.0370 recall@10: 0.0596 recall@20: 0.0939 ] [ndcg@5: 0.0313 ndcg@10: 0.0404 ndcg@20: 0.0519 ] 
2025-10-02 00:32:17,310 - Epoch 108 Validation set [recall@5: 0.0364 recall@10: 0.0600 recall@20: 0.0945 ] [ndcg@5: 0.0308 ndcg@10: 0.0404 ndcg@20: 0.0519 ] 
2025-10-02 00:32:24,352 - Epoch 111 Validation set [recall@5: 0.0362 recall@10: 0.0609 recall@20: 0.0946 ] [ndcg@5: 0.0308 ndcg@10: 0.0408 ndcg@20: 0.0520 ] 
2025-10-02 00:32:31,832 - Epoch 114 Validation set [recall@5: 0.0363 recall@10: 0.0611 recall@20: 0.0946 ] [ndcg@5: 0.0308 ndcg@10: 0.0409 ndcg@20: 0.0520 ] 
2025-10-02 00:32:39,751 - Epoch 117 Validation set [recall@5: 0.0372 recall@10: 0.0609 recall@20: 0.0954 ] [ndcg@5: 0.0315 ndcg@10: 0.0411 ndcg@20: 0.0525 ] 
2025-10-02 00:32:46,822 - Epoch 120 Validation set [recall@5: 0.0379 recall@10: 0.0606 recall@20: 0.0945 ] [ndcg@5: 0.0319 ndcg@10: 0.0412 ndcg@20: 0.0524 ] 
2025-10-02 00:32:53,210 - Epoch 123 Validation set [recall@5: 0.0375 recall@10: 0.0610 recall@20: 0.0956 ] [ndcg@5: 0.0320 ndcg@10: 0.0415 ndcg@20: 0.0529 ] 
2025-10-02 00:32:59,961 - Epoch 126 Validation set [recall@5: 0.0372 recall@10: 0.0612 recall@20: 0.0967 ] [ndcg@5: 0.0319 ndcg@10: 0.0416 ndcg@20: 0.0534 ] 
2025-10-02 00:33:07,604 - Epoch 129 Validation set [recall@5: 0.0377 recall@10: 0.0613 recall@20: 0.0972 ] [ndcg@5: 0.0321 ndcg@10: 0.0415 ndcg@20: 0.0534 ] 
2025-10-02 00:33:14,593 - Epoch 132 Validation set [recall@5: 0.0370 recall@10: 0.0611 recall@20: 0.0960 ] [ndcg@5: 0.0314 ndcg@10: 0.0411 ndcg@20: 0.0527 ] 
2025-10-02 00:33:21,339 - Epoch 135 Validation set [recall@5: 0.0376 recall@10: 0.0614 recall@20: 0.0964 ] [ndcg@5: 0.0320 ndcg@10: 0.0417 ndcg@20: 0.0533 ] 
2025-10-02 00:33:29,184 - Epoch 138 Validation set [recall@5: 0.0382 recall@10: 0.0629 recall@20: 0.0973 ] [ndcg@5: 0.0320 ndcg@10: 0.0420 ndcg@20: 0.0533 ] 
2025-10-02 00:33:36,406 - Epoch 141 Validation set [recall@5: 0.0380 recall@10: 0.0626 recall@20: 0.0963 ] [ndcg@5: 0.0318 ndcg@10: 0.0418 ndcg@20: 0.0528 ] 
2025-10-02 00:33:43,970 - Epoch 144 Validation set [recall@5: 0.0390 recall@10: 0.0629 recall@20: 0.0972 ] [ndcg@5: 0.0328 ndcg@10: 0.0424 ndcg@20: 0.0537 ] 
2025-10-02 00:33:50,083 - Epoch 147 Validation set [recall@5: 0.0385 recall@10: 0.0639 recall@20: 0.0975 ] [ndcg@5: 0.0322 ndcg@10: 0.0425 ndcg@20: 0.0536 ] 
2025-10-02 00:33:58,105 - Epoch 150 Validation set [recall@5: 0.0388 recall@10: 0.0621 recall@20: 0.0979 ] [ndcg@5: 0.0327 ndcg@10: 0.0421 ndcg@20: 0.0540 ] 
2025-10-02 00:34:05,503 - Epoch 153 Validation set [recall@5: 0.0394 recall@10: 0.0633 recall@20: 0.0978 ] [ndcg@5: 0.0326 ndcg@10: 0.0423 ndcg@20: 0.0537 ] 
2025-10-02 00:34:13,700 - Epoch 156 Validation set [recall@5: 0.0384 recall@10: 0.0625 recall@20: 0.0981 ] [ndcg@5: 0.0328 ndcg@10: 0.0426 ndcg@20: 0.0543 ] 
2025-10-02 00:34:20,768 - Epoch 159 Validation set [recall@5: 0.0387 recall@10: 0.0623 recall@20: 0.0988 ] [ndcg@5: 0.0326 ndcg@10: 0.0421 ndcg@20: 0.0541 ] 
2025-10-02 00:34:28,524 - Epoch 162 Validation set [recall@5: 0.0383 recall@10: 0.0628 recall@20: 0.0983 ] [ndcg@5: 0.0324 ndcg@10: 0.0422 ndcg@20: 0.0540 ] 
2025-10-02 00:34:35,891 - Epoch 165 Validation set [recall@5: 0.0395 recall@10: 0.0623 recall@20: 0.0982 ] [ndcg@5: 0.0328 ndcg@10: 0.0421 ndcg@20: 0.0540 ] 
2025-10-02 00:34:44,049 - Epoch 168 Validation set [recall@5: 0.0394 recall@10: 0.0629 recall@20: 0.0985 ] [ndcg@5: 0.0334 ndcg@10: 0.0428 ndcg@20: 0.0546 ] 
2025-10-02 00:34:49,579 - Epoch 171 Validation set [recall@5: 0.0383 recall@10: 0.0631 recall@20: 0.0978 ] [ndcg@5: 0.0327 ndcg@10: 0.0426 ndcg@20: 0.0541 ] 
2025-10-02 00:34:55,114 - Epoch 174 Validation set [recall@5: 0.0379 recall@10: 0.0638 recall@20: 0.0977 ] [ndcg@5: 0.0320 ndcg@10: 0.0425 ndcg@20: 0.0537 ] 
2025-10-02 00:34:55,769 - [recall@5: 0.0387 recall@10: 0.0623 recall@20: 0.0988 ] [ndcg@5: 0.0326 ndcg@10: 0.0421 ndcg@20: 0.0541 ] 
2025-10-02 00:34:56,354 - [recall@5: 0.0348 recall@10: 0.0581 recall@20: 0.0940 ] [ndcg@5: 0.0338 ndcg@10: 0.0438 ndcg@20: 0.0569 ] 
2025-10-02 00:34:56,360 - Save model parameters to ./encoder/checkpoint/lightgcn_rgcn/lightgcn_rgcn-Office-2023.pth
2025-10-02 00:34:56,360 - Best Epoch 159. Final test result: {'recall': array([0.03484006, 0.05806233, 0.09404109]), 'ndcg': array([0.03379308, 0.04375822, 0.05688993])}.
