2025-10-01 22:19:28,605 - {'optimizer': {'name': 'adam', 'lr': 0.001, 'weight_decay': 0}, 'train': {'epoch': 3000, 'batch_size': 4096, 'save_model': True, 'loss': 'pairwise', 'test_step': 3, 'reproducible': True, 'seed': 2023, 'patience': 5}, 'test': {'metrics': ['recall', 'ndcg'], 'k': [5, 10, 20], 'batch_size': 1024}, 'data': {'type': 'general_agcf', 'name': 'yelp', 'mat_type': 'uai', 'pre_norm': True, 'user_num': 11091, 'item_num': 11010, 'user_item_num': 22101, 'attr_num': 2607}, 'model': {'name': 'lightgcn_rgcn', 'label': 'ori', 'keep_rate': 0.9, 'embedding_size': 64, 'use_unify_layer_num': True, 'layer_num': 3, 'reg_weight': 1e-06, 'amazon': {'keep_rate': 0.9, 'layer_num': 3, 'reg_weight': 1e-07, 'eps': 0.1}, 'yelp': {'keep_rate': 0.9, 'layer_num': 3, 'reg_weight': 1e-06, 'eps': 0.1}, 'steam': {'keep_rate': 0.8, 'layer_num': 3, 'reg_weight': 1e-07, 'eps': 0.2}, 'Office': {'keep_rate': 0.9, 'layer_num': 3, 'reg_weight': 1e-06, 'eps': 0.1}}}
2025-10-01 22:19:33,673 - Epoch   0 Validation set [recall@5: 0.0086 recall@10: 0.0149 recall@20: 0.0241 ] [ndcg@5: 0.0107 ndcg@10: 0.0126 ndcg@20: 0.0156 ] 
2025-10-01 22:19:43,575 - Epoch   3 Validation set [recall@5: 0.0224 recall@10: 0.0383 recall@20: 0.0598 ] [ndcg@5: 0.0265 ndcg@10: 0.0311 ndcg@20: 0.0381 ] 
2025-10-01 22:19:52,540 - Epoch   6 Validation set [recall@5: 0.0299 recall@10: 0.0486 recall@20: 0.0796 ] [ndcg@5: 0.0353 ndcg@10: 0.0409 ndcg@20: 0.0510 ] 
2025-10-01 22:20:02,048 - Epoch   9 Validation set [recall@5: 0.0301 recall@10: 0.0509 recall@20: 0.0833 ] [ndcg@5: 0.0357 ndcg@10: 0.0422 ndcg@20: 0.0530 ] 
2025-10-01 22:20:12,177 - Epoch  12 Validation set [recall@5: 0.0308 recall@10: 0.0517 recall@20: 0.0856 ] [ndcg@5: 0.0361 ndcg@10: 0.0426 ndcg@20: 0.0539 ] 
2025-10-01 22:20:21,693 - Epoch  15 Validation set [recall@5: 0.0317 recall@10: 0.0531 recall@20: 0.0876 ] [ndcg@5: 0.0366 ndcg@10: 0.0434 ndcg@20: 0.0548 ] 
2025-10-01 22:20:31,633 - Epoch  18 Validation set [recall@5: 0.0318 recall@10: 0.0538 recall@20: 0.0901 ] [ndcg@5: 0.0370 ndcg@10: 0.0441 ndcg@20: 0.0561 ] 
2025-10-01 22:20:41,540 - Epoch  21 Validation set [recall@5: 0.0320 recall@10: 0.0547 recall@20: 0.0920 ] [ndcg@5: 0.0375 ndcg@10: 0.0447 ndcg@20: 0.0572 ] 
2025-10-01 22:20:51,185 - Epoch  24 Validation set [recall@5: 0.0330 recall@10: 0.0563 recall@20: 0.0933 ] [ndcg@5: 0.0385 ndcg@10: 0.0460 ndcg@20: 0.0584 ] 
2025-10-01 22:21:00,811 - Epoch  27 Validation set [recall@5: 0.0339 recall@10: 0.0578 recall@20: 0.0944 ] [ndcg@5: 0.0399 ndcg@10: 0.0475 ndcg@20: 0.0598 ] 
2025-10-01 22:21:10,063 - Epoch  30 Validation set [recall@5: 0.0346 recall@10: 0.0584 recall@20: 0.0978 ] [ndcg@5: 0.0409 ndcg@10: 0.0484 ndcg@20: 0.0615 ] 
2025-10-01 22:21:19,365 - Epoch  33 Validation set [recall@5: 0.0360 recall@10: 0.0605 recall@20: 0.1010 ] [ndcg@5: 0.0425 ndcg@10: 0.0501 ndcg@20: 0.0637 ] 
2025-10-01 22:21:29,855 - Epoch  36 Validation set [recall@5: 0.0369 recall@10: 0.0618 recall@20: 0.1023 ] [ndcg@5: 0.0430 ndcg@10: 0.0509 ndcg@20: 0.0643 ] 
2025-10-01 22:21:39,973 - Epoch  39 Validation set [recall@5: 0.0376 recall@10: 0.0633 recall@20: 0.1040 ] [ndcg@5: 0.0438 ndcg@10: 0.0519 ndcg@20: 0.0654 ] 
2025-10-01 22:21:49,781 - Epoch  42 Validation set [recall@5: 0.0376 recall@10: 0.0646 recall@20: 0.1062 ] [ndcg@5: 0.0444 ndcg@10: 0.0531 ndcg@20: 0.0670 ] 
2025-10-01 22:21:59,350 - Epoch  45 Validation set [recall@5: 0.0394 recall@10: 0.0656 recall@20: 0.1073 ] [ndcg@5: 0.0456 ndcg@10: 0.0537 ndcg@20: 0.0678 ] 
2025-10-01 22:22:09,620 - Epoch  48 Validation set [recall@5: 0.0396 recall@10: 0.0670 recall@20: 0.1089 ] [ndcg@5: 0.0460 ndcg@10: 0.0545 ndcg@20: 0.0689 ] 
2025-10-01 22:22:19,318 - Epoch  51 Validation set [recall@5: 0.0400 recall@10: 0.0673 recall@20: 0.1103 ] [ndcg@5: 0.0470 ndcg@10: 0.0556 ndcg@20: 0.0700 ] 
2025-10-01 22:22:29,236 - Epoch  54 Validation set [recall@5: 0.0400 recall@10: 0.0690 recall@20: 0.1126 ] [ndcg@5: 0.0476 ndcg@10: 0.0567 ndcg@20: 0.0713 ] 
2025-10-01 22:22:39,591 - Epoch  57 Validation set [recall@5: 0.0403 recall@10: 0.0689 recall@20: 0.1135 ] [ndcg@5: 0.0481 ndcg@10: 0.0570 ndcg@20: 0.0722 ] 
2025-10-01 22:22:49,594 - Epoch  60 Validation set [recall@5: 0.0407 recall@10: 0.0696 recall@20: 0.1144 ] [ndcg@5: 0.0482 ndcg@10: 0.0574 ndcg@20: 0.0725 ] 
2025-10-01 22:22:59,271 - Epoch  63 Validation set [recall@5: 0.0420 recall@10: 0.0698 recall@20: 0.1152 ] [ndcg@5: 0.0491 ndcg@10: 0.0579 ndcg@20: 0.0733 ] 
2025-10-01 22:23:08,364 - Epoch  66 Validation set [recall@5: 0.0421 recall@10: 0.0706 recall@20: 0.1161 ] [ndcg@5: 0.0495 ndcg@10: 0.0586 ndcg@20: 0.0739 ] 
2025-10-01 22:23:17,660 - Epoch  69 Validation set [recall@5: 0.0419 recall@10: 0.0725 recall@20: 0.1158 ] [ndcg@5: 0.0499 ndcg@10: 0.0596 ndcg@20: 0.0742 ] 
2025-10-01 22:23:27,515 - Epoch  72 Validation set [recall@5: 0.0426 recall@10: 0.0723 recall@20: 0.1171 ] [ndcg@5: 0.0505 ndcg@10: 0.0599 ndcg@20: 0.0751 ] 
2025-10-01 22:23:37,460 - Epoch  75 Validation set [recall@5: 0.0433 recall@10: 0.0733 recall@20: 0.1177 ] [ndcg@5: 0.0514 ndcg@10: 0.0608 ndcg@20: 0.0758 ] 
2025-10-01 22:23:47,126 - Epoch  78 Validation set [recall@5: 0.0439 recall@10: 0.0733 recall@20: 0.1189 ] [ndcg@5: 0.0518 ndcg@10: 0.0611 ndcg@20: 0.0764 ] 
2025-10-01 22:23:56,866 - Epoch  81 Validation set [recall@5: 0.0440 recall@10: 0.0739 recall@20: 0.1199 ] [ndcg@5: 0.0523 ndcg@10: 0.0616 ndcg@20: 0.0771 ] 
2025-10-01 22:24:07,027 - Epoch  84 Validation set [recall@5: 0.0443 recall@10: 0.0743 recall@20: 0.1214 ] [ndcg@5: 0.0522 ndcg@10: 0.0617 ndcg@20: 0.0776 ] 
2025-10-01 22:24:16,722 - Epoch  87 Validation set [recall@5: 0.0448 recall@10: 0.0743 recall@20: 0.1214 ] [ndcg@5: 0.0524 ndcg@10: 0.0614 ndcg@20: 0.0775 ] 
2025-10-01 22:24:26,353 - Epoch  90 Validation set [recall@5: 0.0450 recall@10: 0.0747 recall@20: 0.1223 ] [ndcg@5: 0.0527 ndcg@10: 0.0619 ndcg@20: 0.0779 ] 
2025-10-01 22:24:35,341 - Epoch  93 Validation set [recall@5: 0.0449 recall@10: 0.0755 recall@20: 0.1235 ] [ndcg@5: 0.0527 ndcg@10: 0.0622 ndcg@20: 0.0784 ] 
2025-10-01 22:24:44,134 - Epoch  96 Validation set [recall@5: 0.0449 recall@10: 0.0755 recall@20: 0.1235 ] [ndcg@5: 0.0525 ndcg@10: 0.0621 ndcg@20: 0.0783 ] 
2025-10-01 22:24:53,069 - Epoch  99 Validation set [recall@5: 0.0448 recall@10: 0.0757 recall@20: 0.1233 ] [ndcg@5: 0.0528 ndcg@10: 0.0625 ndcg@20: 0.0786 ] 
2025-10-01 22:25:02,073 - Epoch 102 Validation set [recall@5: 0.0458 recall@10: 0.0761 recall@20: 0.1237 ] [ndcg@5: 0.0536 ndcg@10: 0.0630 ndcg@20: 0.0790 ] 
2025-10-01 22:25:10,905 - Epoch 105 Validation set [recall@5: 0.0463 recall@10: 0.0771 recall@20: 0.1242 ] [ndcg@5: 0.0542 ndcg@10: 0.0635 ndcg@20: 0.0793 ] 
2025-10-01 22:25:20,809 - Epoch 108 Validation set [recall@5: 0.0462 recall@10: 0.0773 recall@20: 0.1238 ] [ndcg@5: 0.0542 ndcg@10: 0.0639 ndcg@20: 0.0797 ] 
2025-10-01 22:25:30,829 - Epoch 111 Validation set [recall@5: 0.0463 recall@10: 0.0768 recall@20: 0.1241 ] [ndcg@5: 0.0543 ndcg@10: 0.0635 ndcg@20: 0.0794 ] 
2025-10-01 22:25:39,216 - Epoch 114 Validation set [recall@5: 0.0470 recall@10: 0.0769 recall@20: 0.1266 ] [ndcg@5: 0.0549 ndcg@10: 0.0638 ndcg@20: 0.0806 ] 
2025-10-01 22:25:48,765 - Epoch 117 Validation set [recall@5: 0.0475 recall@10: 0.0776 recall@20: 0.1263 ] [ndcg@5: 0.0556 ndcg@10: 0.0645 ndcg@20: 0.0810 ] 
2025-10-01 22:25:57,919 - Epoch 120 Validation set [recall@5: 0.0469 recall@10: 0.0787 recall@20: 0.1266 ] [ndcg@5: 0.0551 ndcg@10: 0.0649 ndcg@20: 0.0811 ] 
2025-10-01 22:26:06,928 - Epoch 123 Validation set [recall@5: 0.0478 recall@10: 0.0790 recall@20: 0.1263 ] [ndcg@5: 0.0554 ndcg@10: 0.0650 ndcg@20: 0.0809 ] 
2025-10-01 22:26:15,784 - Epoch 126 Validation set [recall@5: 0.0464 recall@10: 0.0793 recall@20: 0.1274 ] [ndcg@5: 0.0549 ndcg@10: 0.0653 ndcg@20: 0.0814 ] 
2025-10-01 22:26:25,604 - Epoch 129 Validation set [recall@5: 0.0457 recall@10: 0.0789 recall@20: 0.1275 ] [ndcg@5: 0.0544 ndcg@10: 0.0649 ndcg@20: 0.0813 ] 
2025-10-01 22:26:34,730 - Epoch 132 Validation set [recall@5: 0.0467 recall@10: 0.0797 recall@20: 0.1280 ] [ndcg@5: 0.0547 ndcg@10: 0.0652 ndcg@20: 0.0815 ] 
2025-10-01 22:26:43,742 - Epoch 135 Validation set [recall@5: 0.0470 recall@10: 0.0790 recall@20: 0.1283 ] [ndcg@5: 0.0552 ndcg@10: 0.0652 ndcg@20: 0.0817 ] 
2025-10-01 22:26:53,298 - Epoch 138 Validation set [recall@5: 0.0467 recall@10: 0.0795 recall@20: 0.1279 ] [ndcg@5: 0.0556 ndcg@10: 0.0659 ndcg@20: 0.0821 ] 
2025-10-01 22:27:02,708 - Epoch 141 Validation set [recall@5: 0.0478 recall@10: 0.0804 recall@20: 0.1274 ] [ndcg@5: 0.0561 ndcg@10: 0.0662 ndcg@20: 0.0820 ] 
2025-10-01 22:27:12,108 - Epoch 144 Validation set [recall@5: 0.0472 recall@10: 0.0807 recall@20: 0.1283 ] [ndcg@5: 0.0561 ndcg@10: 0.0664 ndcg@20: 0.0824 ] 
2025-10-01 22:27:20,916 - Epoch 147 Validation set [recall@5: 0.0471 recall@10: 0.0805 recall@20: 0.1293 ] [ndcg@5: 0.0558 ndcg@10: 0.0659 ndcg@20: 0.0824 ] 
2025-10-01 22:27:29,725 - Epoch 150 Validation set [recall@5: 0.0472 recall@10: 0.0805 recall@20: 0.1300 ] [ndcg@5: 0.0556 ndcg@10: 0.0659 ndcg@20: 0.0825 ] 
2025-10-01 22:27:39,073 - Epoch 153 Validation set [recall@5: 0.0478 recall@10: 0.0796 recall@20: 0.1296 ] [ndcg@5: 0.0560 ndcg@10: 0.0657 ndcg@20: 0.0826 ] 
2025-10-01 22:27:48,423 - Epoch 156 Validation set [recall@5: 0.0477 recall@10: 0.0805 recall@20: 0.1282 ] [ndcg@5: 0.0561 ndcg@10: 0.0662 ndcg@20: 0.0821 ] 
2025-10-01 22:27:57,920 - Epoch 159 Validation set [recall@5: 0.0467 recall@10: 0.0804 recall@20: 0.1292 ] [ndcg@5: 0.0553 ndcg@10: 0.0658 ndcg@20: 0.0821 ] 
2025-10-01 22:28:06,540 - Epoch 162 Validation set [recall@5: 0.0468 recall@10: 0.0794 recall@20: 0.1292 ] [ndcg@5: 0.0549 ndcg@10: 0.0650 ndcg@20: 0.0816 ] 
2025-10-01 22:28:15,488 - Epoch 165 Validation set [recall@5: 0.0472 recall@10: 0.0795 recall@20: 0.1296 ] [ndcg@5: 0.0548 ndcg@10: 0.0649 ndcg@20: 0.0817 ] 
2025-10-01 22:28:16,917 - [recall@5: 0.0472 recall@10: 0.0805 recall@20: 0.1300 ] [ndcg@5: 0.0556 ndcg@10: 0.0659 ndcg@20: 0.0825 ] 
2025-10-01 22:28:18,326 - [recall@5: 0.0452 recall@10: 0.0784 recall@20: 0.1287 ] [ndcg@5: 0.0530 ndcg@10: 0.0640 ndcg@20: 0.0811 ] 
2025-10-01 22:28:18,335 - Save model parameters to ./encoder/checkpoint/lightgcn_rgcn/lightgcn_rgcn-yelp-2023.pth
2025-10-01 22:28:18,336 - Best Epoch 150. Final test result: {'recall': array([0.04523059, 0.07843186, 0.12869124]), 'ndcg': array([0.05296512, 0.06398895, 0.0811171 ])}.
