2025-10-02 16:08:26,912 - {'optimizer': {'name': 'adam', 'lr': 0.001, 'weight_decay': 0}, 'train': {'epoch': 3000, 'batch_size': 4096, 'save_model': True, 'loss': 'pairwise', 'test_step': 3, 'reproducible': True, 'seed': 2023, 'patience': 5}, 'test': {'metrics': ['recall', 'ndcg'], 'k': [5, 10, 20], 'batch_size': 1024}, 'data': {'type': 'general_agcf', 'name': 'yelp', 'mat_type': 'uai', 'pre_norm': True, 'user_num': 11091, 'item_num': 11010, 'user_item_num': 22101, 'attr_num': 2607}, 'model': {'name': 'lightgcn_rgcn', 'label': 'ori', 'keep_rate': 0.9, 'embedding_size': 64, 'use_unify_layer_num': True, 'layer_num': 4, 'reg_weight': 1e-06, 'amazon': {'keep_rate': 0.9, 'layer_num': 3, 'reg_weight': 1e-07, 'eps': 0.1}, 'yelp': {'keep_rate': 0.9, 'layer_num': 4, 'reg_weight': 1e-06, 'eps': 0.1}, 'steam': {'keep_rate': 0.8, 'layer_num': 3, 'reg_weight': 1e-07, 'eps': 0.2}, 'Office': {'keep_rate': 0.9, 'layer_num': 3, 'reg_weight': 5e-06, 'eps': 0.1}}}
2025-10-02 16:08:34,784 - Epoch   0 Validation set [recall@5: 0.0082 recall@10: 0.0136 recall@20: 0.0241 ] [ndcg@5: 0.0096 ndcg@10: 0.0115 ndcg@20: 0.0150 ] 
2025-10-02 16:08:47,456 - Epoch   3 Validation set [recall@5: 0.0185 recall@10: 0.0327 recall@20: 0.0508 ] [ndcg@5: 0.0211 ndcg@10: 0.0258 ndcg@20: 0.0317 ] 
2025-10-02 16:08:59,325 - Epoch   6 Validation set [recall@5: 0.0294 recall@10: 0.0483 recall@20: 0.0774 ] [ndcg@5: 0.0348 ndcg@10: 0.0404 ndcg@20: 0.0500 ] 
2025-10-02 16:09:12,024 - Epoch   9 Validation set [recall@5: 0.0302 recall@10: 0.0508 recall@20: 0.0820 ] [ndcg@5: 0.0358 ndcg@10: 0.0423 ndcg@20: 0.0525 ] 
2025-10-02 16:09:24,786 - Epoch  12 Validation set [recall@5: 0.0311 recall@10: 0.0524 recall@20: 0.0855 ] [ndcg@5: 0.0366 ndcg@10: 0.0431 ndcg@20: 0.0542 ] 
2025-10-02 16:09:37,205 - Epoch  15 Validation set [recall@5: 0.0324 recall@10: 0.0535 recall@20: 0.0889 ] [ndcg@5: 0.0374 ndcg@10: 0.0440 ndcg@20: 0.0557 ] 
2025-10-02 16:09:50,155 - Epoch  18 Validation set [recall@5: 0.0326 recall@10: 0.0547 recall@20: 0.0926 ] [ndcg@5: 0.0378 ndcg@10: 0.0449 ndcg@20: 0.0574 ] 
2025-10-02 16:10:02,525 - Epoch  21 Validation set [recall@5: 0.0333 recall@10: 0.0563 recall@20: 0.0931 ] [ndcg@5: 0.0388 ndcg@10: 0.0461 ndcg@20: 0.0584 ] 
2025-10-02 16:10:14,424 - Epoch  24 Validation set [recall@5: 0.0339 recall@10: 0.0575 recall@20: 0.0942 ] [ndcg@5: 0.0397 ndcg@10: 0.0471 ndcg@20: 0.0594 ] 
2025-10-02 16:10:27,126 - Epoch  27 Validation set [recall@5: 0.0347 recall@10: 0.0590 recall@20: 0.0960 ] [ndcg@5: 0.0408 ndcg@10: 0.0484 ndcg@20: 0.0609 ] 
2025-10-02 16:10:39,698 - Epoch  30 Validation set [recall@5: 0.0360 recall@10: 0.0600 recall@20: 0.0989 ] [ndcg@5: 0.0421 ndcg@10: 0.0496 ndcg@20: 0.0625 ] 
2025-10-02 16:10:51,771 - Epoch  33 Validation set [recall@5: 0.0367 recall@10: 0.0612 recall@20: 0.1017 ] [ndcg@5: 0.0430 ndcg@10: 0.0504 ndcg@20: 0.0641 ] 
2025-10-02 16:11:03,641 - Epoch  36 Validation set [recall@5: 0.0374 recall@10: 0.0621 recall@20: 0.1039 ] [ndcg@5: 0.0437 ndcg@10: 0.0513 ndcg@20: 0.0652 ] 
2025-10-02 16:11:15,335 - Epoch  39 Validation set [recall@5: 0.0377 recall@10: 0.0635 recall@20: 0.1057 ] [ndcg@5: 0.0439 ndcg@10: 0.0520 ndcg@20: 0.0662 ] 
2025-10-02 16:11:27,509 - Epoch  42 Validation set [recall@5: 0.0383 recall@10: 0.0651 recall@20: 0.1071 ] [ndcg@5: 0.0448 ndcg@10: 0.0534 ndcg@20: 0.0675 ] 
2025-10-02 16:11:40,108 - Epoch  45 Validation set [recall@5: 0.0395 recall@10: 0.0671 recall@20: 0.1090 ] [ndcg@5: 0.0459 ndcg@10: 0.0545 ndcg@20: 0.0686 ] 
2025-10-02 16:11:52,187 - Epoch  48 Validation set [recall@5: 0.0401 recall@10: 0.0682 recall@20: 0.1099 ] [ndcg@5: 0.0466 ndcg@10: 0.0554 ndcg@20: 0.0696 ] 
2025-10-02 16:12:04,548 - Epoch  51 Validation set [recall@5: 0.0408 recall@10: 0.0683 recall@20: 0.1114 ] [ndcg@5: 0.0474 ndcg@10: 0.0560 ndcg@20: 0.0705 ] 
2025-10-02 16:12:17,025 - Epoch  54 Validation set [recall@5: 0.0407 recall@10: 0.0690 recall@20: 0.1126 ] [ndcg@5: 0.0478 ndcg@10: 0.0565 ndcg@20: 0.0712 ] 
2025-10-02 16:12:29,108 - Epoch  57 Validation set [recall@5: 0.0414 recall@10: 0.0703 recall@20: 0.1130 ] [ndcg@5: 0.0484 ndcg@10: 0.0576 ndcg@20: 0.0720 ] 
2025-10-02 16:12:41,520 - Epoch  60 Validation set [recall@5: 0.0409 recall@10: 0.0703 recall@20: 0.1141 ] [ndcg@5: 0.0485 ndcg@10: 0.0578 ndcg@20: 0.0725 ] 
2025-10-02 16:12:53,984 - Epoch  63 Validation set [recall@5: 0.0420 recall@10: 0.0709 recall@20: 0.1152 ] [ndcg@5: 0.0492 ndcg@10: 0.0584 ndcg@20: 0.0732 ] 
2025-10-02 16:13:06,492 - Epoch  66 Validation set [recall@5: 0.0420 recall@10: 0.0705 recall@20: 0.1155 ] [ndcg@5: 0.0496 ndcg@10: 0.0586 ndcg@20: 0.0737 ] 
2025-10-02 16:13:18,256 - Epoch  69 Validation set [recall@5: 0.0424 recall@10: 0.0722 recall@20: 0.1161 ] [ndcg@5: 0.0502 ndcg@10: 0.0596 ndcg@20: 0.0743 ] 
2025-10-02 16:13:31,153 - Epoch  72 Validation set [recall@5: 0.0430 recall@10: 0.0725 recall@20: 0.1174 ] [ndcg@5: 0.0506 ndcg@10: 0.0599 ndcg@20: 0.0750 ] 
2025-10-02 16:13:43,754 - Epoch  75 Validation set [recall@5: 0.0447 recall@10: 0.0730 recall@20: 0.1174 ] [ndcg@5: 0.0521 ndcg@10: 0.0607 ndcg@20: 0.0756 ] 
2025-10-02 16:13:55,626 - Epoch  78 Validation set [recall@5: 0.0444 recall@10: 0.0728 recall@20: 0.1188 ] [ndcg@5: 0.0521 ndcg@10: 0.0610 ndcg@20: 0.0763 ] 
2025-10-02 16:14:07,383 - Epoch  81 Validation set [recall@5: 0.0445 recall@10: 0.0733 recall@20: 0.1193 ] [ndcg@5: 0.0525 ndcg@10: 0.0614 ndcg@20: 0.0767 ] 
2025-10-02 16:14:20,276 - Epoch  84 Validation set [recall@5: 0.0450 recall@10: 0.0734 recall@20: 0.1209 ] [ndcg@5: 0.0527 ndcg@10: 0.0614 ndcg@20: 0.0774 ] 
2025-10-02 16:14:33,044 - Epoch  87 Validation set [recall@5: 0.0446 recall@10: 0.0742 recall@20: 0.1208 ] [ndcg@5: 0.0522 ndcg@10: 0.0613 ndcg@20: 0.0771 ] 
2025-10-02 16:14:45,736 - Epoch  90 Validation set [recall@5: 0.0453 recall@10: 0.0745 recall@20: 0.1219 ] [ndcg@5: 0.0529 ndcg@10: 0.0617 ndcg@20: 0.0777 ] 
2025-10-02 16:14:58,201 - Epoch  93 Validation set [recall@5: 0.0453 recall@10: 0.0742 recall@20: 0.1235 ] [ndcg@5: 0.0528 ndcg@10: 0.0617 ndcg@20: 0.0782 ] 
2025-10-02 16:15:10,001 - Epoch  96 Validation set [recall@5: 0.0454 recall@10: 0.0751 recall@20: 0.1221 ] [ndcg@5: 0.0525 ndcg@10: 0.0617 ndcg@20: 0.0776 ] 
2025-10-02 16:15:21,655 - Epoch  99 Validation set [recall@5: 0.0456 recall@10: 0.0745 recall@20: 0.1222 ] [ndcg@5: 0.0531 ndcg@10: 0.0618 ndcg@20: 0.0779 ] 
2025-10-02 16:15:33,290 - Epoch 102 Validation set [recall@5: 0.0472 recall@10: 0.0757 recall@20: 0.1229 ] [ndcg@5: 0.0542 ndcg@10: 0.0627 ndcg@20: 0.0786 ] 
2025-10-02 16:15:45,004 - Epoch 105 Validation set [recall@5: 0.0464 recall@10: 0.0759 recall@20: 0.1230 ] [ndcg@5: 0.0536 ndcg@10: 0.0627 ndcg@20: 0.0785 ] 
2025-10-02 16:15:57,116 - Epoch 108 Validation set [recall@5: 0.0464 recall@10: 0.0761 recall@20: 0.1233 ] [ndcg@5: 0.0541 ndcg@10: 0.0632 ndcg@20: 0.0791 ] 
2025-10-02 16:15:59,047 - [recall@5: 0.0453 recall@10: 0.0742 recall@20: 0.1235 ] [ndcg@5: 0.0528 ndcg@10: 0.0617 ndcg@20: 0.0782 ] 
2025-10-02 16:16:01,273 - [recall@5: 0.0438 recall@10: 0.0754 recall@20: 0.1221 ] [ndcg@5: 0.0508 ndcg@10: 0.0610 ndcg@20: 0.0770 ] 
2025-10-02 16:16:01,284 - Save model parameters to ./encoder/checkpoint/lightgcn_rgcn/lightgcn_rgcn-yelp-2023.pth
2025-10-02 16:16:01,284 - Best Epoch 93. Final test result: {'recall': array([0.04383775, 0.0754418 , 0.12206841]), 'ndcg': array([0.05082835, 0.06095767, 0.07696262])}.
