2025-10-02 16:16:04,981 - {'optimizer': {'name': 'adam', 'lr': 0.001, 'weight_decay': 0}, 'train': {'epoch': 3000, 'batch_size': 4096, 'save_model': True, 'loss': 'pairwise', 'test_step': 3, 'reproducible': True, 'seed': 2023, 'patience': 5}, 'test': {'metrics': ['recall', 'ndcg'], 'k': [5, 10, 20], 'batch_size': 1024}, 'data': {'type': 'general_agcf', 'name': 'yelp', 'mat_type': 'uai', 'pre_norm': True, 'user_num': 11091, 'item_num': 11010, 'user_item_num': 22101, 'attr_num': 2607}, 'model': {'name': 'lightgcn_rgcn', 'label': 'ori', 'keep_rate': 0.9, 'embedding_size': 64, 'use_unify_layer_num': True, 'layer_num': 5, 'reg_weight': 1e-06, 'amazon': {'keep_rate': 0.9, 'layer_num': 3, 'reg_weight': 1e-07, 'eps': 0.1}, 'yelp': {'keep_rate': 0.9, 'layer_num': 5, 'reg_weight': 1e-06, 'eps': 0.1}, 'steam': {'keep_rate': 0.8, 'layer_num': 3, 'reg_weight': 1e-07, 'eps': 0.2}, 'Office': {'keep_rate': 0.9, 'layer_num': 3, 'reg_weight': 5e-06, 'eps': 0.1}}}
2025-10-02 16:16:12,596 - Epoch   0 Validation set [recall@5: 0.0082 recall@10: 0.0134 recall@20: 0.0235 ] [ndcg@5: 0.0096 ndcg@10: 0.0113 ndcg@20: 0.0147 ] 
2025-10-02 16:16:25,901 - Epoch   3 Validation set [recall@5: 0.0151 recall@10: 0.0280 recall@20: 0.0450 ] [ndcg@5: 0.0175 ndcg@10: 0.0220 ndcg@20: 0.0276 ] 
2025-10-02 16:16:39,394 - Epoch   6 Validation set [recall@5: 0.0282 recall@10: 0.0467 recall@20: 0.0759 ] [ndcg@5: 0.0336 ndcg@10: 0.0392 ndcg@20: 0.0489 ] 
2025-10-02 16:16:52,093 - Epoch   9 Validation set [recall@5: 0.0307 recall@10: 0.0505 recall@20: 0.0819 ] [ndcg@5: 0.0363 ndcg@10: 0.0422 ndcg@20: 0.0527 ] 
2025-10-02 16:17:05,219 - Epoch  12 Validation set [recall@5: 0.0314 recall@10: 0.0527 recall@20: 0.0864 ] [ndcg@5: 0.0371 ndcg@10: 0.0436 ndcg@20: 0.0548 ] 
2025-10-02 16:17:18,690 - Epoch  15 Validation set [recall@5: 0.0326 recall@10: 0.0549 recall@20: 0.0896 ] [ndcg@5: 0.0380 ndcg@10: 0.0450 ndcg@20: 0.0565 ] 
2025-10-02 16:17:31,272 - Epoch  18 Validation set [recall@5: 0.0328 recall@10: 0.0553 recall@20: 0.0918 ] [ndcg@5: 0.0383 ndcg@10: 0.0455 ndcg@20: 0.0576 ] 
2025-10-02 16:17:43,608 - Epoch  21 Validation set [recall@5: 0.0339 recall@10: 0.0573 recall@20: 0.0936 ] [ndcg@5: 0.0397 ndcg@10: 0.0471 ndcg@20: 0.0592 ] 
2025-10-02 16:17:56,699 - Epoch  24 Validation set [recall@5: 0.0344 recall@10: 0.0584 recall@20: 0.0961 ] [ndcg@5: 0.0403 ndcg@10: 0.0479 ndcg@20: 0.0603 ] 
2025-10-02 16:18:09,161 - Epoch  27 Validation set [recall@5: 0.0354 recall@10: 0.0604 recall@20: 0.0983 ] [ndcg@5: 0.0413 ndcg@10: 0.0494 ndcg@20: 0.0620 ] 
2025-10-02 16:18:21,945 - Epoch  30 Validation set [recall@5: 0.0366 recall@10: 0.0607 recall@20: 0.1006 ] [ndcg@5: 0.0425 ndcg@10: 0.0499 ndcg@20: 0.0634 ] 
2025-10-02 16:18:34,978 - Epoch  33 Validation set [recall@5: 0.0375 recall@10: 0.0622 recall@20: 0.1028 ] [ndcg@5: 0.0432 ndcg@10: 0.0508 ndcg@20: 0.0645 ] 
2025-10-02 16:18:47,179 - Epoch  36 Validation set [recall@5: 0.0373 recall@10: 0.0635 recall@20: 0.1048 ] [ndcg@5: 0.0437 ndcg@10: 0.0519 ndcg@20: 0.0656 ] 
2025-10-02 16:18:59,375 - Epoch  39 Validation set [recall@5: 0.0379 recall@10: 0.0646 recall@20: 0.1062 ] [ndcg@5: 0.0443 ndcg@10: 0.0527 ndcg@20: 0.0666 ] 
2025-10-02 16:19:11,064 - Epoch  42 Validation set [recall@5: 0.0389 recall@10: 0.0656 recall@20: 0.1068 ] [ndcg@5: 0.0452 ndcg@10: 0.0537 ndcg@20: 0.0676 ] 
2025-10-02 16:19:24,073 - Epoch  45 Validation set [recall@5: 0.0394 recall@10: 0.0671 recall@20: 0.1087 ] [ndcg@5: 0.0456 ndcg@10: 0.0545 ndcg@20: 0.0685 ] 
2025-10-02 16:19:37,377 - Epoch  48 Validation set [recall@5: 0.0399 recall@10: 0.0679 recall@20: 0.1105 ] [ndcg@5: 0.0464 ndcg@10: 0.0552 ndcg@20: 0.0697 ] 
2025-10-02 16:19:50,525 - Epoch  51 Validation set [recall@5: 0.0406 recall@10: 0.0678 recall@20: 0.1110 ] [ndcg@5: 0.0472 ndcg@10: 0.0557 ndcg@20: 0.0702 ] 
2025-10-02 16:20:03,503 - Epoch  54 Validation set [recall@5: 0.0405 recall@10: 0.0689 recall@20: 0.1129 ] [ndcg@5: 0.0476 ndcg@10: 0.0563 ndcg@20: 0.0712 ] 
2025-10-02 16:20:17,201 - Epoch  57 Validation set [recall@5: 0.0411 recall@10: 0.0688 recall@20: 0.1127 ] [ndcg@5: 0.0481 ndcg@10: 0.0568 ndcg@20: 0.0716 ] 
2025-10-02 16:20:30,161 - Epoch  60 Validation set [recall@5: 0.0410 recall@10: 0.0700 recall@20: 0.1131 ] [ndcg@5: 0.0481 ndcg@10: 0.0572 ndcg@20: 0.0718 ] 
2025-10-02 16:20:42,976 - Epoch  63 Validation set [recall@5: 0.0415 recall@10: 0.0700 recall@20: 0.1139 ] [ndcg@5: 0.0489 ndcg@10: 0.0579 ndcg@20: 0.0726 ] 
2025-10-02 16:20:57,002 - Epoch  66 Validation set [recall@5: 0.0416 recall@10: 0.0703 recall@20: 0.1153 ] [ndcg@5: 0.0492 ndcg@10: 0.0582 ndcg@20: 0.0734 ] 
2025-10-02 16:21:11,374 - Epoch  69 Validation set [recall@5: 0.0420 recall@10: 0.0709 recall@20: 0.1152 ] [ndcg@5: 0.0498 ndcg@10: 0.0589 ndcg@20: 0.0737 ] 
2025-10-02 16:21:25,149 - Epoch  72 Validation set [recall@5: 0.0422 recall@10: 0.0725 recall@20: 0.1166 ] [ndcg@5: 0.0501 ndcg@10: 0.0597 ndcg@20: 0.0744 ] 
2025-10-02 16:21:39,106 - Epoch  75 Validation set [recall@5: 0.0440 recall@10: 0.0721 recall@20: 0.1170 ] [ndcg@5: 0.0515 ndcg@10: 0.0599 ndcg@20: 0.0750 ] 
2025-10-02 16:21:52,323 - Epoch  78 Validation set [recall@5: 0.0437 recall@10: 0.0720 recall@20: 0.1180 ] [ndcg@5: 0.0516 ndcg@10: 0.0603 ndcg@20: 0.0756 ] 
2025-10-02 16:22:05,430 - Epoch  81 Validation set [recall@5: 0.0438 recall@10: 0.0732 recall@20: 0.1187 ] [ndcg@5: 0.0517 ndcg@10: 0.0609 ndcg@20: 0.0760 ] 
2025-10-02 16:22:18,290 - Epoch  84 Validation set [recall@5: 0.0445 recall@10: 0.0731 recall@20: 0.1183 ] [ndcg@5: 0.0520 ndcg@10: 0.0609 ndcg@20: 0.0761 ] 
2025-10-02 16:22:31,748 - Epoch  87 Validation set [recall@5: 0.0433 recall@10: 0.0737 recall@20: 0.1191 ] [ndcg@5: 0.0511 ndcg@10: 0.0608 ndcg@20: 0.0760 ] 
2025-10-02 16:22:44,890 - Epoch  90 Validation set [recall@5: 0.0440 recall@10: 0.0740 recall@20: 0.1201 ] [ndcg@5: 0.0516 ndcg@10: 0.0610 ndcg@20: 0.0765 ] 
2025-10-02 16:22:58,153 - Epoch  93 Validation set [recall@5: 0.0440 recall@10: 0.0733 recall@20: 0.1212 ] [ndcg@5: 0.0515 ndcg@10: 0.0606 ndcg@20: 0.0767 ] 
2025-10-02 16:23:10,725 - Epoch  96 Validation set [recall@5: 0.0440 recall@10: 0.0740 recall@20: 0.1208 ] [ndcg@5: 0.0512 ndcg@10: 0.0606 ndcg@20: 0.0764 ] 
2025-10-02 16:23:23,967 - Epoch  99 Validation set [recall@5: 0.0453 recall@10: 0.0747 recall@20: 0.1212 ] [ndcg@5: 0.0525 ndcg@10: 0.0614 ndcg@20: 0.0770 ] 
2025-10-02 16:23:37,103 - Epoch 102 Validation set [recall@5: 0.0449 recall@10: 0.0745 recall@20: 0.1214 ] [ndcg@5: 0.0525 ndcg@10: 0.0615 ndcg@20: 0.0774 ] 
2025-10-02 16:23:50,076 - Epoch 105 Validation set [recall@5: 0.0447 recall@10: 0.0750 recall@20: 0.1207 ] [ndcg@5: 0.0521 ndcg@10: 0.0616 ndcg@20: 0.0769 ] 
2025-10-02 16:24:03,381 - Epoch 108 Validation set [recall@5: 0.0456 recall@10: 0.0756 recall@20: 0.1217 ] [ndcg@5: 0.0530 ndcg@10: 0.0621 ndcg@20: 0.0777 ] 
2025-10-02 16:24:16,424 - Epoch 111 Validation set [recall@5: 0.0465 recall@10: 0.0751 recall@20: 0.1217 ] [ndcg@5: 0.0536 ndcg@10: 0.0621 ndcg@20: 0.0779 ] 
2025-10-02 16:24:29,029 - Epoch 114 Validation set [recall@5: 0.0462 recall@10: 0.0754 recall@20: 0.1231 ] [ndcg@5: 0.0532 ndcg@10: 0.0622 ndcg@20: 0.0783 ] 
2025-10-02 16:24:41,899 - Epoch 117 Validation set [recall@5: 0.0460 recall@10: 0.0766 recall@20: 0.1229 ] [ndcg@5: 0.0535 ndcg@10: 0.0630 ndcg@20: 0.0787 ] 
2025-10-02 16:24:55,507 - Epoch 120 Validation set [recall@5: 0.0461 recall@10: 0.0784 recall@20: 0.1239 ] [ndcg@5: 0.0537 ndcg@10: 0.0638 ndcg@20: 0.0791 ] 
2025-10-02 16:25:08,576 - Epoch 123 Validation set [recall@5: 0.0473 recall@10: 0.0777 recall@20: 0.1248 ] [ndcg@5: 0.0541 ndcg@10: 0.0635 ndcg@20: 0.0793 ] 
2025-10-02 16:25:21,462 - Epoch 126 Validation set [recall@5: 0.0466 recall@10: 0.0781 recall@20: 0.1249 ] [ndcg@5: 0.0540 ndcg@10: 0.0639 ndcg@20: 0.0796 ] 
2025-10-02 16:25:35,252 - Epoch 129 Validation set [recall@5: 0.0457 recall@10: 0.0769 recall@20: 0.1249 ] [ndcg@5: 0.0535 ndcg@10: 0.0632 ndcg@20: 0.0794 ] 
2025-10-02 16:25:48,918 - Epoch 132 Validation set [recall@5: 0.0461 recall@10: 0.0774 recall@20: 0.1257 ] [ndcg@5: 0.0538 ndcg@10: 0.0635 ndcg@20: 0.0797 ] 
2025-10-02 16:26:03,192 - Epoch 135 Validation set [recall@5: 0.0469 recall@10: 0.0771 recall@20: 0.1257 ] [ndcg@5: 0.0543 ndcg@10: 0.0635 ndcg@20: 0.0799 ] 
2025-10-02 16:26:16,177 - Epoch 138 Validation set [recall@5: 0.0469 recall@10: 0.0772 recall@20: 0.1256 ] [ndcg@5: 0.0545 ndcg@10: 0.0639 ndcg@20: 0.0802 ] 
2025-10-02 16:26:28,828 - Epoch 141 Validation set [recall@5: 0.0474 recall@10: 0.0786 recall@20: 0.1263 ] [ndcg@5: 0.0551 ndcg@10: 0.0647 ndcg@20: 0.0807 ] 
2025-10-02 16:26:41,743 - Epoch 144 Validation set [recall@5: 0.0464 recall@10: 0.0792 recall@20: 0.1252 ] [ndcg@5: 0.0545 ndcg@10: 0.0647 ndcg@20: 0.0801 ] 
2025-10-02 16:26:54,305 - Epoch 147 Validation set [recall@5: 0.0463 recall@10: 0.0788 recall@20: 0.1261 ] [ndcg@5: 0.0539 ndcg@10: 0.0641 ndcg@20: 0.0801 ] 
2025-10-02 16:27:07,820 - Epoch 150 Validation set [recall@5: 0.0466 recall@10: 0.0792 recall@20: 0.1256 ] [ndcg@5: 0.0540 ndcg@10: 0.0644 ndcg@20: 0.0799 ] 
2025-10-02 16:27:20,629 - Epoch 153 Validation set [recall@5: 0.0466 recall@10: 0.0798 recall@20: 0.1271 ] [ndcg@5: 0.0550 ndcg@10: 0.0653 ndcg@20: 0.0811 ] 
2025-10-02 16:27:33,558 - Epoch 156 Validation set [recall@5: 0.0467 recall@10: 0.0794 recall@20: 0.1259 ] [ndcg@5: 0.0549 ndcg@10: 0.0650 ndcg@20: 0.0805 ] 
2025-10-02 16:27:46,623 - Epoch 159 Validation set [recall@5: 0.0462 recall@10: 0.0788 recall@20: 0.1257 ] [ndcg@5: 0.0540 ndcg@10: 0.0645 ndcg@20: 0.0802 ] 
2025-10-02 16:27:59,936 - Epoch 162 Validation set [recall@5: 0.0461 recall@10: 0.0782 recall@20: 0.1266 ] [ndcg@5: 0.0536 ndcg@10: 0.0639 ndcg@20: 0.0800 ] 
2025-10-02 16:28:12,702 - Epoch 165 Validation set [recall@5: 0.0470 recall@10: 0.0781 recall@20: 0.1268 ] [ndcg@5: 0.0543 ndcg@10: 0.0639 ndcg@20: 0.0803 ] 
2025-10-02 16:28:25,822 - Epoch 168 Validation set [recall@5: 0.0467 recall@10: 0.0779 recall@20: 0.1272 ] [ndcg@5: 0.0547 ndcg@10: 0.0641 ndcg@20: 0.0808 ] 
2025-10-02 16:28:38,762 - Epoch 171 Validation set [recall@5: 0.0472 recall@10: 0.0790 recall@20: 0.1280 ] [ndcg@5: 0.0548 ndcg@10: 0.0645 ndcg@20: 0.0811 ] 
2025-10-02 16:28:52,020 - Epoch 174 Validation set [recall@5: 0.0471 recall@10: 0.0792 recall@20: 0.1283 ] [ndcg@5: 0.0549 ndcg@10: 0.0647 ndcg@20: 0.0812 ] 
2025-10-02 16:29:05,781 - Epoch 177 Validation set [recall@5: 0.0467 recall@10: 0.0789 recall@20: 0.1270 ] [ndcg@5: 0.0542 ndcg@10: 0.0645 ndcg@20: 0.0806 ] 
2025-10-02 16:29:19,417 - Epoch 180 Validation set [recall@5: 0.0466 recall@10: 0.0795 recall@20: 0.1268 ] [ndcg@5: 0.0544 ndcg@10: 0.0646 ndcg@20: 0.0805 ] 
2025-10-02 16:29:33,119 - Epoch 183 Validation set [recall@5: 0.0475 recall@10: 0.0788 recall@20: 0.1275 ] [ndcg@5: 0.0550 ndcg@10: 0.0648 ndcg@20: 0.0809 ] 
2025-10-02 16:29:46,008 - Epoch 186 Validation set [recall@5: 0.0475 recall@10: 0.0793 recall@20: 0.1278 ] [ndcg@5: 0.0552 ndcg@10: 0.0650 ndcg@20: 0.0812 ] 
2025-10-02 16:29:59,502 - Epoch 189 Validation set [recall@5: 0.0473 recall@10: 0.0789 recall@20: 0.1278 ] [ndcg@5: 0.0550 ndcg@10: 0.0649 ndcg@20: 0.0812 ] 
2025-10-02 16:30:01,718 - [recall@5: 0.0471 recall@10: 0.0792 recall@20: 0.1283 ] [ndcg@5: 0.0549 ndcg@10: 0.0647 ndcg@20: 0.0812 ] 
2025-10-02 16:30:03,650 - [recall@5: 0.0463 recall@10: 0.0778 recall@20: 0.1281 ] [ndcg@5: 0.0537 ndcg@10: 0.0638 ndcg@20: 0.0810 ] 
2025-10-02 16:30:03,659 - Save model parameters to ./encoder/checkpoint/lightgcn_rgcn/lightgcn_rgcn-yelp-2023.pth
2025-10-02 16:30:03,660 - Best Epoch 174. Final test result: {'recall': array([0.0462711 , 0.07781157, 0.12806956]), 'ndcg': array([0.05366845, 0.06382789, 0.08099384])}.
