2025-09-29 19:30:02,458 - {'optimizer': {'name': 'adam', 'lr': 0.001, 'weight_decay': 0}, 'train': {'epoch': 3000, 'batch_size': 4096, 'save_model': True, 'loss': 'pairwise', 'test_step': 3, 'reproducible': True, 'seed': 2023, 'patience': 5}, 'test': {'metrics': ['recall', 'ndcg'], 'k': [5, 10, 20], 'batch_size': 1024}, 'data': {'type': 'general_agcf', 'name': 'yelp', 'mat_type': 'uai', 'pre_norm': True, 'user_num': 11091, 'item_num': 11010, 'user_item_num': 22101, 'attr_num': 2607}, 'model': {'name': 'lightgcn_rgcn', 'label': 'ori', 'keep_rate': 0.8, 'embedding_size': 64, 'use_unify_layer_num': True, 'layer_num': 3, 'reg_weight': 1e-07, 'amazon': {'keep_rate': 0.9, 'layer_num': 3, 'reg_weight': 1e-07, 'eps': 0.1}, 'yelp': {'keep_rate': 0.8, 'layer_num': 3, 'reg_weight': 1e-07, 'eps': 0.2}, 'steam': {'keep_rate': 0.8, 'layer_num': 3, 'reg_weight': 1e-07, 'eps': 0.2}, 'Office': {'keep_rate': 0.9, 'layer_num': 3, 'reg_weight': 1e-06, 'eps': 0.1}}}
2025-09-29 19:30:06,996 - Epoch   0 Validation set [recall@5: 0.0087 recall@10: 0.0148 recall@20: 0.0243 ] [ndcg@5: 0.0109 ndcg@10: 0.0127 ndcg@20: 0.0157 ] 
2025-09-29 19:30:15,003 - Epoch   3 Validation set [recall@5: 0.0198 recall@10: 0.0347 recall@20: 0.0543 ] [ndcg@5: 0.0230 ndcg@10: 0.0276 ndcg@20: 0.0339 ] 
2025-09-29 19:30:23,028 - Epoch   6 Validation set [recall@5: 0.0290 recall@10: 0.0476 recall@20: 0.0781 ] [ndcg@5: 0.0346 ndcg@10: 0.0401 ndcg@20: 0.0502 ] 
2025-09-29 19:30:31,282 - Epoch   9 Validation set [recall@5: 0.0297 recall@10: 0.0505 recall@20: 0.0823 ] [ndcg@5: 0.0352 ndcg@10: 0.0418 ndcg@20: 0.0524 ] 
2025-09-29 19:30:39,185 - Epoch  12 Validation set [recall@5: 0.0305 recall@10: 0.0515 recall@20: 0.0851 ] [ndcg@5: 0.0357 ndcg@10: 0.0423 ndcg@20: 0.0534 ] 
2025-09-29 19:30:47,053 - Epoch  15 Validation set [recall@5: 0.0310 recall@10: 0.0526 recall@20: 0.0872 ] [ndcg@5: 0.0360 ndcg@10: 0.0429 ndcg@20: 0.0544 ] 
2025-09-29 19:30:54,864 - Epoch  18 Validation set [recall@5: 0.0311 recall@10: 0.0533 recall@20: 0.0887 ] [ndcg@5: 0.0363 ndcg@10: 0.0435 ndcg@20: 0.0552 ] 
2025-09-29 19:31:02,702 - Epoch  21 Validation set [recall@5: 0.0321 recall@10: 0.0541 recall@20: 0.0900 ] [ndcg@5: 0.0369 ndcg@10: 0.0439 ndcg@20: 0.0559 ] 
2025-09-29 19:31:10,961 - Epoch  24 Validation set [recall@5: 0.0322 recall@10: 0.0548 recall@20: 0.0918 ] [ndcg@5: 0.0372 ndcg@10: 0.0445 ndcg@20: 0.0569 ] 
2025-09-29 19:31:18,804 - Epoch  27 Validation set [recall@5: 0.0328 recall@10: 0.0559 recall@20: 0.0926 ] [ndcg@5: 0.0384 ndcg@10: 0.0457 ndcg@20: 0.0580 ] 
2025-09-29 19:31:26,655 - Epoch  30 Validation set [recall@5: 0.0334 recall@10: 0.0566 recall@20: 0.0950 ] [ndcg@5: 0.0394 ndcg@10: 0.0467 ndcg@20: 0.0595 ] 
2025-09-29 19:31:35,024 - Epoch  33 Validation set [recall@5: 0.0345 recall@10: 0.0588 recall@20: 0.0979 ] [ndcg@5: 0.0408 ndcg@10: 0.0485 ndcg@20: 0.0616 ] 
2025-09-29 19:31:43,758 - Epoch  36 Validation set [recall@5: 0.0356 recall@10: 0.0597 recall@20: 0.0985 ] [ndcg@5: 0.0414 ndcg@10: 0.0491 ndcg@20: 0.0619 ] 
2025-09-29 19:31:52,478 - Epoch  39 Validation set [recall@5: 0.0366 recall@10: 0.0613 recall@20: 0.1012 ] [ndcg@5: 0.0421 ndcg@10: 0.0499 ndcg@20: 0.0631 ] 
2025-09-29 19:32:01,035 - Epoch  42 Validation set [recall@5: 0.0368 recall@10: 0.0626 recall@20: 0.1021 ] [ndcg@5: 0.0428 ndcg@10: 0.0511 ndcg@20: 0.0642 ] 
2025-09-29 19:32:09,840 - Epoch  45 Validation set [recall@5: 0.0387 recall@10: 0.0635 recall@20: 0.1037 ] [ndcg@5: 0.0441 ndcg@10: 0.0516 ndcg@20: 0.0653 ] 
2025-09-29 19:32:18,416 - Epoch  48 Validation set [recall@5: 0.0387 recall@10: 0.0645 recall@20: 0.1064 ] [ndcg@5: 0.0446 ndcg@10: 0.0525 ndcg@20: 0.0668 ] 
2025-09-29 19:32:27,406 - Epoch  51 Validation set [recall@5: 0.0381 recall@10: 0.0643 recall@20: 0.1075 ] [ndcg@5: 0.0450 ndcg@10: 0.0532 ndcg@20: 0.0677 ] 
2025-09-29 19:32:36,273 - Epoch  54 Validation set [recall@5: 0.0388 recall@10: 0.0660 recall@20: 0.1093 ] [ndcg@5: 0.0458 ndcg@10: 0.0543 ndcg@20: 0.0689 ] 
2025-09-29 19:32:45,116 - Epoch  57 Validation set [recall@5: 0.0397 recall@10: 0.0664 recall@20: 0.1105 ] [ndcg@5: 0.0469 ndcg@10: 0.0551 ndcg@20: 0.0700 ] 
2025-09-29 19:32:53,756 - Epoch  60 Validation set [recall@5: 0.0391 recall@10: 0.0675 recall@20: 0.1116 ] [ndcg@5: 0.0467 ndcg@10: 0.0557 ndcg@20: 0.0705 ] 
2025-09-29 19:33:02,387 - Epoch  63 Validation set [recall@5: 0.0402 recall@10: 0.0678 recall@20: 0.1127 ] [ndcg@5: 0.0475 ndcg@10: 0.0562 ndcg@20: 0.0714 ] 
2025-09-29 19:33:12,028 - Epoch  66 Validation set [recall@5: 0.0401 recall@10: 0.0684 recall@20: 0.1143 ] [ndcg@5: 0.0478 ndcg@10: 0.0567 ndcg@20: 0.0721 ] 
2025-09-29 19:33:20,885 - Epoch  69 Validation set [recall@5: 0.0405 recall@10: 0.0692 recall@20: 0.1141 ] [ndcg@5: 0.0484 ndcg@10: 0.0574 ndcg@20: 0.0724 ] 
2025-09-29 19:33:29,928 - Epoch  72 Validation set [recall@5: 0.0411 recall@10: 0.0703 recall@20: 0.1159 ] [ndcg@5: 0.0490 ndcg@10: 0.0581 ndcg@20: 0.0734 ] 
2025-09-29 19:33:39,365 - Epoch  75 Validation set [recall@5: 0.0415 recall@10: 0.0701 recall@20: 0.1168 ] [ndcg@5: 0.0494 ndcg@10: 0.0585 ndcg@20: 0.0741 ] 
2025-09-29 19:33:48,308 - Epoch  78 Validation set [recall@5: 0.0423 recall@10: 0.0717 recall@20: 0.1167 ] [ndcg@5: 0.0502 ndcg@10: 0.0595 ndcg@20: 0.0745 ] 
2025-09-29 19:33:57,799 - Epoch  81 Validation set [recall@5: 0.0425 recall@10: 0.0728 recall@20: 0.1187 ] [ndcg@5: 0.0506 ndcg@10: 0.0599 ndcg@20: 0.0754 ] 
2025-09-29 19:34:07,435 - Epoch  84 Validation set [recall@5: 0.0420 recall@10: 0.0720 recall@20: 0.1201 ] [ndcg@5: 0.0501 ndcg@10: 0.0596 ndcg@20: 0.0757 ] 
2025-09-29 19:34:16,153 - Epoch  87 Validation set [recall@5: 0.0427 recall@10: 0.0724 recall@20: 0.1198 ] [ndcg@5: 0.0507 ndcg@10: 0.0597 ndcg@20: 0.0757 ] 
2025-09-29 19:34:25,019 - Epoch  90 Validation set [recall@5: 0.0428 recall@10: 0.0724 recall@20: 0.1200 ] [ndcg@5: 0.0508 ndcg@10: 0.0599 ndcg@20: 0.0760 ] 
2025-09-29 19:34:34,169 - Epoch  93 Validation set [recall@5: 0.0438 recall@10: 0.0726 recall@20: 0.1206 ] [ndcg@5: 0.0514 ndcg@10: 0.0603 ndcg@20: 0.0765 ] 
2025-09-29 19:34:44,087 - Epoch  96 Validation set [recall@5: 0.0436 recall@10: 0.0728 recall@20: 0.1194 ] [ndcg@5: 0.0512 ndcg@10: 0.0602 ndcg@20: 0.0760 ] 
2025-09-29 19:34:53,913 - Epoch  99 Validation set [recall@5: 0.0445 recall@10: 0.0750 recall@20: 0.1208 ] [ndcg@5: 0.0520 ndcg@10: 0.0614 ndcg@20: 0.0769 ] 
2025-09-29 19:35:02,831 - Epoch 102 Validation set [recall@5: 0.0453 recall@10: 0.0738 recall@20: 0.1209 ] [ndcg@5: 0.0528 ndcg@10: 0.0615 ndcg@20: 0.0774 ] 
2025-09-29 19:35:12,536 - Epoch 105 Validation set [recall@5: 0.0455 recall@10: 0.0748 recall@20: 0.1211 ] [ndcg@5: 0.0533 ndcg@10: 0.0622 ndcg@20: 0.0778 ] 
2025-09-29 19:35:21,577 - Epoch 108 Validation set [recall@5: 0.0456 recall@10: 0.0750 recall@20: 0.1215 ] [ndcg@5: 0.0533 ndcg@10: 0.0623 ndcg@20: 0.0780 ] 
2025-09-29 19:35:30,999 - Epoch 111 Validation set [recall@5: 0.0449 recall@10: 0.0751 recall@20: 0.1224 ] [ndcg@5: 0.0529 ndcg@10: 0.0621 ndcg@20: 0.0781 ] 
2025-09-29 19:35:40,035 - Epoch 114 Validation set [recall@5: 0.0460 recall@10: 0.0754 recall@20: 0.1233 ] [ndcg@5: 0.0535 ndcg@10: 0.0625 ndcg@20: 0.0787 ] 
2025-09-29 19:35:48,535 - Epoch 117 Validation set [recall@5: 0.0462 recall@10: 0.0766 recall@20: 0.1233 ] [ndcg@5: 0.0541 ndcg@10: 0.0634 ndcg@20: 0.0791 ] 
2025-09-29 19:35:57,145 - Epoch 120 Validation set [recall@5: 0.0468 recall@10: 0.0769 recall@20: 0.1244 ] [ndcg@5: 0.0542 ndcg@10: 0.0634 ndcg@20: 0.0795 ] 
2025-09-29 19:36:06,194 - Epoch 123 Validation set [recall@5: 0.0466 recall@10: 0.0766 recall@20: 0.1243 ] [ndcg@5: 0.0545 ndcg@10: 0.0637 ndcg@20: 0.0797 ] 
2025-09-29 19:36:14,980 - Epoch 126 Validation set [recall@5: 0.0470 recall@10: 0.0764 recall@20: 0.1242 ] [ndcg@5: 0.0545 ndcg@10: 0.0636 ndcg@20: 0.0797 ] 
2025-09-29 19:36:24,193 - Epoch 129 Validation set [recall@5: 0.0468 recall@10: 0.0765 recall@20: 0.1248 ] [ndcg@5: 0.0543 ndcg@10: 0.0634 ndcg@20: 0.0797 ] 
2025-09-29 19:36:33,248 - Epoch 132 Validation set [recall@5: 0.0465 recall@10: 0.0770 recall@20: 0.1265 ] [ndcg@5: 0.0539 ndcg@10: 0.0633 ndcg@20: 0.0798 ] 
2025-09-29 19:36:42,457 - Epoch 135 Validation set [recall@5: 0.0469 recall@10: 0.0771 recall@20: 0.1261 ] [ndcg@5: 0.0546 ndcg@10: 0.0638 ndcg@20: 0.0803 ] 
2025-09-29 19:36:52,362 - Epoch 138 Validation set [recall@5: 0.0470 recall@10: 0.0771 recall@20: 0.1272 ] [ndcg@5: 0.0547 ndcg@10: 0.0640 ndcg@20: 0.0807 ] 
2025-09-29 19:37:01,719 - Epoch 141 Validation set [recall@5: 0.0468 recall@10: 0.0772 recall@20: 0.1268 ] [ndcg@5: 0.0546 ndcg@10: 0.0638 ndcg@20: 0.0805 ] 
2025-09-29 19:37:10,479 - Epoch 144 Validation set [recall@5: 0.0469 recall@10: 0.0782 recall@20: 0.1268 ] [ndcg@5: 0.0547 ndcg@10: 0.0643 ndcg@20: 0.0807 ] 
2025-09-29 19:37:19,178 - Epoch 147 Validation set [recall@5: 0.0471 recall@10: 0.0780 recall@20: 0.1266 ] [ndcg@5: 0.0547 ndcg@10: 0.0642 ndcg@20: 0.0804 ] 
2025-09-29 19:37:27,441 - Epoch 150 Validation set [recall@5: 0.0473 recall@10: 0.0774 recall@20: 0.1267 ] [ndcg@5: 0.0546 ndcg@10: 0.0637 ndcg@20: 0.0803 ] 
2025-09-29 19:37:36,269 - Epoch 153 Validation set [recall@5: 0.0466 recall@10: 0.0784 recall@20: 0.1264 ] [ndcg@5: 0.0544 ndcg@10: 0.0642 ndcg@20: 0.0803 ] 
2025-09-29 19:37:38,159 - [recall@5: 0.0470 recall@10: 0.0771 recall@20: 0.1272 ] [ndcg@5: 0.0547 ndcg@10: 0.0640 ndcg@20: 0.0807 ] 
2025-09-29 19:37:39,981 - [recall@5: 0.0457 recall@10: 0.0780 recall@20: 0.1281 ] [ndcg@5: 0.0528 ndcg@10: 0.0633 ndcg@20: 0.0804 ] 
2025-09-29 19:37:39,991 - Save model parameters to ./encoder/checkpoint/lightgcn_rgcn/lightgcn_rgcn-yelp-2023.pth
2025-09-29 19:37:39,992 - Best Epoch 138. Final test result: {'recall': array([0.04574449, 0.07801524, 0.12813613]), 'ndcg': array([0.05284034, 0.0632692 , 0.08038868])}.
