2025-10-02 17:06:58,445 - {'optimizer': {'name': 'adam', 'lr': 0.001, 'weight_decay': 0}, 'train': {'epoch': 3000, 'batch_size': 4096, 'save_model': True, 'loss': 'pairwise', 'test_step': 3, 'reproducible': True, 'seed': 2023, 'patience': 5}, 'test': {'metrics': ['recall', 'ndcg'], 'k': [5, 10, 20], 'batch_size': 1024}, 'data': {'type': 'general_agcf', 'name': 'yelp', 'mat_type': 'uai', 'pre_norm': True, 'user_num': 11091, 'item_num': 11010, 'user_item_num': 22101, 'attr_num': 2607}, 'model': {'name': 'lightgcn_rgcn', 'label': 'ori', 'keep_rate': 0.9, 'embedding_size': 64, 'use_unify_layer_num': True, 'layer_num': 9, 'reg_weight': 1e-06, 'amazon': {'keep_rate': 0.9, 'layer_num': 3, 'reg_weight': 1e-07, 'eps': 0.1}, 'yelp': {'keep_rate': 0.9, 'layer_num': 9, 'reg_weight': 1e-06, 'eps': 0.1}, 'steam': {'keep_rate': 0.8, 'layer_num': 3, 'reg_weight': 1e-07, 'eps': 0.2}, 'Office': {'keep_rate': 0.9, 'layer_num': 3, 'reg_weight': 5e-06, 'eps': 0.1}}}
2025-10-02 17:07:06,643 - Epoch   0 Validation set [recall@5: 0.0081 recall@10: 0.0135 recall@20: 0.0236 ] [ndcg@5: 0.0096 ndcg@10: 0.0115 ndcg@20: 0.0148 ] 
2025-10-02 17:07:21,271 - Epoch   3 Validation set [recall@5: 0.0080 recall@10: 0.0148 recall@20: 0.0248 ] [ndcg@5: 0.0099 ndcg@10: 0.0121 ndcg@20: 0.0155 ] 
2025-10-02 17:07:36,783 - Epoch   6 Validation set [recall@5: 0.0184 recall@10: 0.0321 recall@20: 0.0504 ] [ndcg@5: 0.0223 ndcg@10: 0.0265 ndcg@20: 0.0325 ] 
2025-10-02 17:07:51,322 - Epoch   9 Validation set [recall@5: 0.0260 recall@10: 0.0440 recall@20: 0.0700 ] [ndcg@5: 0.0312 ndcg@10: 0.0365 ndcg@20: 0.0453 ] 
2025-10-02 17:08:05,877 - Epoch  12 Validation set [recall@5: 0.0295 recall@10: 0.0494 recall@20: 0.0797 ] [ndcg@5: 0.0350 ndcg@10: 0.0410 ndcg@20: 0.0509 ] 
2025-10-02 17:08:20,354 - Epoch  15 Validation set [recall@5: 0.0305 recall@10: 0.0531 recall@20: 0.0849 ] [ndcg@5: 0.0363 ndcg@10: 0.0434 ndcg@20: 0.0539 ] 
2025-10-02 17:08:34,219 - Epoch  18 Validation set [recall@5: 0.0323 recall@10: 0.0539 recall@20: 0.0864 ] [ndcg@5: 0.0379 ndcg@10: 0.0443 ndcg@20: 0.0551 ] 
2025-10-02 17:08:48,524 - Epoch  21 Validation set [recall@5: 0.0322 recall@10: 0.0554 recall@20: 0.0891 ] [ndcg@5: 0.0383 ndcg@10: 0.0453 ndcg@20: 0.0565 ] 
2025-10-02 17:09:02,668 - Epoch  24 Validation set [recall@5: 0.0332 recall@10: 0.0570 recall@20: 0.0918 ] [ndcg@5: 0.0393 ndcg@10: 0.0468 ndcg@20: 0.0582 ] 
2025-10-02 17:09:16,132 - Epoch  27 Validation set [recall@5: 0.0342 recall@10: 0.0583 recall@20: 0.0943 ] [ndcg@5: 0.0401 ndcg@10: 0.0477 ndcg@20: 0.0596 ] 
2025-10-02 17:09:30,500 - Epoch  30 Validation set [recall@5: 0.0349 recall@10: 0.0592 recall@20: 0.0948 ] [ndcg@5: 0.0406 ndcg@10: 0.0481 ndcg@20: 0.0600 ] 
2025-10-02 17:09:44,180 - Epoch  33 Validation set [recall@5: 0.0351 recall@10: 0.0593 recall@20: 0.0957 ] [ndcg@5: 0.0413 ndcg@10: 0.0488 ndcg@20: 0.0609 ] 
2025-10-02 17:09:58,639 - Epoch  36 Validation set [recall@5: 0.0358 recall@10: 0.0612 recall@20: 0.0966 ] [ndcg@5: 0.0417 ndcg@10: 0.0497 ndcg@20: 0.0615 ] 
2025-10-02 17:10:12,174 - Epoch  39 Validation set [recall@5: 0.0351 recall@10: 0.0597 recall@20: 0.0970 ] [ndcg@5: 0.0415 ndcg@10: 0.0490 ndcg@20: 0.0614 ] 
2025-10-02 17:10:25,859 - Epoch  42 Validation set [recall@5: 0.0358 recall@10: 0.0608 recall@20: 0.0978 ] [ndcg@5: 0.0422 ndcg@10: 0.0498 ndcg@20: 0.0623 ] 
2025-10-02 17:10:40,349 - Epoch  45 Validation set [recall@5: 0.0361 recall@10: 0.0620 recall@20: 0.0995 ] [ndcg@5: 0.0423 ndcg@10: 0.0505 ndcg@20: 0.0632 ] 
2025-10-02 17:10:54,127 - Epoch  48 Validation set [recall@5: 0.0368 recall@10: 0.0627 recall@20: 0.1018 ] [ndcg@5: 0.0432 ndcg@10: 0.0513 ndcg@20: 0.0645 ] 
2025-10-02 17:11:07,620 - Epoch  51 Validation set [recall@5: 0.0365 recall@10: 0.0625 recall@20: 0.1012 ] [ndcg@5: 0.0434 ndcg@10: 0.0514 ndcg@20: 0.0643 ] 
2025-10-02 17:11:22,112 - Epoch  54 Validation set [recall@5: 0.0365 recall@10: 0.0626 recall@20: 0.1017 ] [ndcg@5: 0.0435 ndcg@10: 0.0514 ndcg@20: 0.0647 ] 
2025-10-02 17:11:36,517 - Epoch  57 Validation set [recall@5: 0.0370 recall@10: 0.0634 recall@20: 0.1023 ] [ndcg@5: 0.0439 ndcg@10: 0.0521 ndcg@20: 0.0651 ] 
2025-10-02 17:11:50,802 - Epoch  60 Validation set [recall@5: 0.0380 recall@10: 0.0648 recall@20: 0.1033 ] [ndcg@5: 0.0440 ndcg@10: 0.0525 ndcg@20: 0.0655 ] 
2025-10-02 17:12:05,761 - Epoch  63 Validation set [recall@5: 0.0377 recall@10: 0.0625 recall@20: 0.1032 ] [ndcg@5: 0.0441 ndcg@10: 0.0518 ndcg@20: 0.0655 ] 
2025-10-02 17:12:20,236 - Epoch  66 Validation set [recall@5: 0.0379 recall@10: 0.0638 recall@20: 0.1044 ] [ndcg@5: 0.0446 ndcg@10: 0.0526 ndcg@20: 0.0663 ] 
2025-10-02 17:12:34,886 - Epoch  69 Validation set [recall@5: 0.0385 recall@10: 0.0652 recall@20: 0.1057 ] [ndcg@5: 0.0450 ndcg@10: 0.0535 ndcg@20: 0.0673 ] 
2025-10-02 17:12:50,117 - Epoch  72 Validation set [recall@5: 0.0390 recall@10: 0.0648 recall@20: 0.1047 ] [ndcg@5: 0.0457 ndcg@10: 0.0536 ndcg@20: 0.0671 ] 
2025-10-02 17:13:05,003 - Epoch  75 Validation set [recall@5: 0.0395 recall@10: 0.0654 recall@20: 0.1055 ] [ndcg@5: 0.0460 ndcg@10: 0.0540 ndcg@20: 0.0677 ] 
2025-10-02 17:13:18,709 - Epoch  78 Validation set [recall@5: 0.0386 recall@10: 0.0658 recall@20: 0.1072 ] [ndcg@5: 0.0455 ndcg@10: 0.0540 ndcg@20: 0.0680 ] 
2025-10-02 17:13:33,454 - Epoch  81 Validation set [recall@5: 0.0395 recall@10: 0.0667 recall@20: 0.1083 ] [ndcg@5: 0.0460 ndcg@10: 0.0548 ndcg@20: 0.0687 ] 
2025-10-02 17:13:48,292 - Epoch  84 Validation set [recall@5: 0.0393 recall@10: 0.0664 recall@20: 0.1083 ] [ndcg@5: 0.0466 ndcg@10: 0.0551 ndcg@20: 0.0692 ] 
2025-10-02 17:14:03,318 - Epoch  87 Validation set [recall@5: 0.0389 recall@10: 0.0667 recall@20: 0.1089 ] [ndcg@5: 0.0460 ndcg@10: 0.0548 ndcg@20: 0.0690 ] 
2025-10-02 17:14:18,449 - Epoch  90 Validation set [recall@5: 0.0388 recall@10: 0.0666 recall@20: 0.1078 ] [ndcg@5: 0.0459 ndcg@10: 0.0547 ndcg@20: 0.0685 ] 
2025-10-02 17:14:33,203 - Epoch  93 Validation set [recall@5: 0.0398 recall@10: 0.0667 recall@20: 0.1111 ] [ndcg@5: 0.0467 ndcg@10: 0.0550 ndcg@20: 0.0701 ] 
2025-10-02 17:14:47,495 - Epoch  96 Validation set [recall@5: 0.0403 recall@10: 0.0671 recall@20: 0.1112 ] [ndcg@5: 0.0472 ndcg@10: 0.0554 ndcg@20: 0.0703 ] 
2025-10-02 17:15:01,509 - Epoch  99 Validation set [recall@5: 0.0407 recall@10: 0.0688 recall@20: 0.1114 ] [ndcg@5: 0.0482 ndcg@10: 0.0568 ndcg@20: 0.0711 ] 
2025-10-02 17:15:15,343 - Epoch 102 Validation set [recall@5: 0.0402 recall@10: 0.0698 recall@20: 0.1121 ] [ndcg@5: 0.0474 ndcg@10: 0.0569 ndcg@20: 0.0710 ] 
2025-10-02 17:15:29,057 - Epoch 105 Validation set [recall@5: 0.0406 recall@10: 0.0694 recall@20: 0.1121 ] [ndcg@5: 0.0477 ndcg@10: 0.0567 ndcg@20: 0.0710 ] 
2025-10-02 17:15:43,718 - Epoch 108 Validation set [recall@5: 0.0413 recall@10: 0.0692 recall@20: 0.1108 ] [ndcg@5: 0.0480 ndcg@10: 0.0568 ndcg@20: 0.0707 ] 
2025-10-02 17:15:58,254 - Epoch 111 Validation set [recall@5: 0.0416 recall@10: 0.0702 recall@20: 0.1135 ] [ndcg@5: 0.0487 ndcg@10: 0.0577 ndcg@20: 0.0722 ] 
2025-10-02 17:16:12,029 - Epoch 114 Validation set [recall@5: 0.0415 recall@10: 0.0697 recall@20: 0.1133 ] [ndcg@5: 0.0483 ndcg@10: 0.0572 ndcg@20: 0.0718 ] 
2025-10-02 17:16:25,651 - Epoch 117 Validation set [recall@5: 0.0414 recall@10: 0.0703 recall@20: 0.1148 ] [ndcg@5: 0.0485 ndcg@10: 0.0577 ndcg@20: 0.0726 ] 
2025-10-02 17:16:40,075 - Epoch 120 Validation set [recall@5: 0.0418 recall@10: 0.0722 recall@20: 0.1153 ] [ndcg@5: 0.0491 ndcg@10: 0.0587 ndcg@20: 0.0733 ] 
2025-10-02 17:16:53,893 - Epoch 123 Validation set [recall@5: 0.0428 recall@10: 0.0709 recall@20: 0.1156 ] [ndcg@5: 0.0496 ndcg@10: 0.0581 ndcg@20: 0.0732 ] 
2025-10-02 17:17:08,281 - Epoch 126 Validation set [recall@5: 0.0423 recall@10: 0.0704 recall@20: 0.1133 ] [ndcg@5: 0.0487 ndcg@10: 0.0574 ndcg@20: 0.0720 ] 
2025-10-02 17:17:23,864 - Epoch 129 Validation set [recall@5: 0.0418 recall@10: 0.0708 recall@20: 0.1149 ] [ndcg@5: 0.0489 ndcg@10: 0.0580 ndcg@20: 0.0730 ] 
2025-10-02 17:17:37,806 - Epoch 132 Validation set [recall@5: 0.0422 recall@10: 0.0714 recall@20: 0.1151 ] [ndcg@5: 0.0492 ndcg@10: 0.0584 ndcg@20: 0.0731 ] 
2025-10-02 17:17:51,480 - Epoch 135 Validation set [recall@5: 0.0422 recall@10: 0.0705 recall@20: 0.1139 ] [ndcg@5: 0.0491 ndcg@10: 0.0577 ndcg@20: 0.0725 ] 
2025-10-02 17:18:05,153 - Epoch 138 Validation set [recall@5: 0.0430 recall@10: 0.0710 recall@20: 0.1147 ] [ndcg@5: 0.0500 ndcg@10: 0.0587 ndcg@20: 0.0735 ] 
2025-10-02 17:18:07,101 - [recall@5: 0.0428 recall@10: 0.0709 recall@20: 0.1156 ] [ndcg@5: 0.0496 ndcg@10: 0.0581 ndcg@20: 0.0732 ] 
2025-10-02 17:18:09,142 - [recall@5: 0.0406 recall@10: 0.0698 recall@20: 0.1154 ] [ndcg@5: 0.0470 ndcg@10: 0.0564 ndcg@20: 0.0721 ] 
2025-10-02 17:18:09,154 - Save model parameters to ./encoder/checkpoint/lightgcn_rgcn/lightgcn_rgcn-yelp-2023.pth
2025-10-02 17:18:09,155 - Best Epoch 123. Final test result: {'recall': array([0.04063609, 0.06983264, 0.11536681]), 'ndcg': array([0.04696035, 0.05641542, 0.07213751])}.
