2025-10-01 22:31:04,656 - {'optimizer': {'name': 'adam', 'lr': 0.001, 'weight_decay': 0}, 'train': {'epoch': 3000, 'batch_size': 4096, 'save_model': True, 'loss': 'pairwise', 'test_step': 3, 'reproducible': True, 'seed': 2023, 'patience': 5}, 'test': {'metrics': ['recall', 'ndcg'], 'k': [5, 10, 20], 'batch_size': 1024}, 'data': {'type': 'general_agcf', 'name': 'yelp', 'mat_type': 'uai', 'pre_norm': True, 'user_num': 11091, 'item_num': 11010, 'user_item_num': 22101, 'attr_num': 2607}, 'model': {'name': 'lightgcn_rgcn', 'label': 'ori', 'keep_rate': 0.9, 'embedding_size': 64, 'use_unify_layer_num': True, 'layer_num': 3, 'reg_weight': 1e-06, 'amazon': {'keep_rate': 0.9, 'layer_num': 3, 'reg_weight': 1e-07, 'eps': 0.1}, 'yelp': {'keep_rate': 0.9, 'layer_num': 3, 'reg_weight': 1e-06, 'eps': 0.1}, 'steam': {'keep_rate': 0.8, 'layer_num': 3, 'reg_weight': 1e-07, 'eps': 0.2}, 'Office': {'keep_rate': 0.9, 'layer_num': 3, 'reg_weight': 1e-06, 'eps': 0.1}}}
2025-10-01 22:31:13,660 - Epoch   0 Validation set [recall@5: 0.0086 recall@10: 0.0149 recall@20: 0.0241 ] [ndcg@5: 0.0107 ndcg@10: 0.0126 ndcg@20: 0.0156 ] 
2025-10-01 22:31:30,670 - Epoch   3 Validation set [recall@5: 0.0224 recall@10: 0.0384 recall@20: 0.0599 ] [ndcg@5: 0.0265 ndcg@10: 0.0311 ndcg@20: 0.0381 ] 
2025-10-01 22:31:46,686 - Epoch   6 Validation set [recall@5: 0.0298 recall@10: 0.0487 recall@20: 0.0796 ] [ndcg@5: 0.0352 ndcg@10: 0.0409 ndcg@20: 0.0510 ] 
2025-10-01 22:32:04,192 - Epoch   9 Validation set [recall@5: 0.0304 recall@10: 0.0509 recall@20: 0.0833 ] [ndcg@5: 0.0357 ndcg@10: 0.0422 ndcg@20: 0.0529 ] 
2025-10-01 22:32:21,090 - Epoch  12 Validation set [recall@5: 0.0308 recall@10: 0.0516 recall@20: 0.0856 ] [ndcg@5: 0.0362 ndcg@10: 0.0426 ndcg@20: 0.0539 ] 
2025-10-01 22:32:36,672 - Epoch  15 Validation set [recall@5: 0.0318 recall@10: 0.0528 recall@20: 0.0875 ] [ndcg@5: 0.0366 ndcg@10: 0.0433 ndcg@20: 0.0548 ] 
2025-10-01 22:32:49,662 - Epoch  18 Validation set [recall@5: 0.0320 recall@10: 0.0538 recall@20: 0.0902 ] [ndcg@5: 0.0370 ndcg@10: 0.0440 ndcg@20: 0.0561 ] 
2025-10-01 22:33:01,016 - Epoch  21 Validation set [recall@5: 0.0321 recall@10: 0.0550 recall@20: 0.0922 ] [ndcg@5: 0.0375 ndcg@10: 0.0448 ndcg@20: 0.0573 ] 
2025-10-01 22:33:13,677 - Epoch  24 Validation set [recall@5: 0.0330 recall@10: 0.0562 recall@20: 0.0933 ] [ndcg@5: 0.0385 ndcg@10: 0.0459 ndcg@20: 0.0584 ] 
2025-10-01 22:33:25,425 - Epoch  27 Validation set [recall@5: 0.0339 recall@10: 0.0576 recall@20: 0.0947 ] [ndcg@5: 0.0398 ndcg@10: 0.0474 ndcg@20: 0.0599 ] 
2025-10-01 22:33:40,041 - Epoch  30 Validation set [recall@5: 0.0345 recall@10: 0.0583 recall@20: 0.0980 ] [ndcg@5: 0.0408 ndcg@10: 0.0484 ndcg@20: 0.0616 ] 
2025-10-01 22:33:54,632 - Epoch  33 Validation set [recall@5: 0.0360 recall@10: 0.0604 recall@20: 0.1009 ] [ndcg@5: 0.0424 ndcg@10: 0.0501 ndcg@20: 0.0636 ] 
2025-10-01 22:34:10,240 - Epoch  36 Validation set [recall@5: 0.0369 recall@10: 0.0621 recall@20: 0.1023 ] [ndcg@5: 0.0431 ndcg@10: 0.0510 ndcg@20: 0.0643 ] 
2025-10-01 22:34:25,363 - Epoch  39 Validation set [recall@5: 0.0373 recall@10: 0.0632 recall@20: 0.1037 ] [ndcg@5: 0.0436 ndcg@10: 0.0518 ndcg@20: 0.0653 ] 
2025-10-01 22:34:41,580 - Epoch  42 Validation set [recall@5: 0.0378 recall@10: 0.0647 recall@20: 0.1065 ] [ndcg@5: 0.0445 ndcg@10: 0.0532 ndcg@20: 0.0672 ] 
2025-10-01 22:34:57,126 - Epoch  45 Validation set [recall@5: 0.0394 recall@10: 0.0656 recall@20: 0.1070 ] [ndcg@5: 0.0457 ndcg@10: 0.0538 ndcg@20: 0.0678 ] 
2025-10-01 22:35:12,621 - Epoch  48 Validation set [recall@5: 0.0396 recall@10: 0.0670 recall@20: 0.1090 ] [ndcg@5: 0.0461 ndcg@10: 0.0546 ndcg@20: 0.0690 ] 
2025-10-01 22:35:28,311 - Epoch  51 Validation set [recall@5: 0.0399 recall@10: 0.0674 recall@20: 0.1103 ] [ndcg@5: 0.0470 ndcg@10: 0.0557 ndcg@20: 0.0701 ] 
2025-10-01 22:35:44,594 - Epoch  54 Validation set [recall@5: 0.0400 recall@10: 0.0688 recall@20: 0.1127 ] [ndcg@5: 0.0475 ndcg@10: 0.0566 ndcg@20: 0.0714 ] 
2025-10-01 22:36:01,228 - Epoch  57 Validation set [recall@5: 0.0404 recall@10: 0.0690 recall@20: 0.1135 ] [ndcg@5: 0.0482 ndcg@10: 0.0571 ndcg@20: 0.0721 ] 
2025-10-01 22:36:16,782 - Epoch  60 Validation set [recall@5: 0.0409 recall@10: 0.0696 recall@20: 0.1145 ] [ndcg@5: 0.0483 ndcg@10: 0.0574 ndcg@20: 0.0725 ] 
2025-10-01 22:36:33,577 - Epoch  63 Validation set [recall@5: 0.0418 recall@10: 0.0700 recall@20: 0.1152 ] [ndcg@5: 0.0491 ndcg@10: 0.0580 ndcg@20: 0.0734 ] 
2025-10-01 22:36:50,005 - Epoch  66 Validation set [recall@5: 0.0420 recall@10: 0.0707 recall@20: 0.1159 ] [ndcg@5: 0.0495 ndcg@10: 0.0586 ndcg@20: 0.0738 ] 
2025-10-01 22:37:04,865 - Epoch  69 Validation set [recall@5: 0.0419 recall@10: 0.0724 recall@20: 0.1158 ] [ndcg@5: 0.0500 ndcg@10: 0.0597 ndcg@20: 0.0742 ] 
2025-10-01 22:37:21,439 - Epoch  72 Validation set [recall@5: 0.0425 recall@10: 0.0724 recall@20: 0.1170 ] [ndcg@5: 0.0503 ndcg@10: 0.0599 ndcg@20: 0.0750 ] 
2025-10-01 22:37:37,887 - Epoch  75 Validation set [recall@5: 0.0434 recall@10: 0.0732 recall@20: 0.1179 ] [ndcg@5: 0.0514 ndcg@10: 0.0608 ndcg@20: 0.0759 ] 
2025-10-01 22:37:53,196 - Epoch  78 Validation set [recall@5: 0.0437 recall@10: 0.0734 recall@20: 0.1188 ] [ndcg@5: 0.0517 ndcg@10: 0.0610 ndcg@20: 0.0763 ] 
2025-10-01 22:38:09,502 - Epoch  81 Validation set [recall@5: 0.0441 recall@10: 0.0741 recall@20: 0.1198 ] [ndcg@5: 0.0523 ndcg@10: 0.0617 ndcg@20: 0.0770 ] 
2025-10-01 22:38:25,102 - Epoch  84 Validation set [recall@5: 0.0443 recall@10: 0.0744 recall@20: 0.1216 ] [ndcg@5: 0.0522 ndcg@10: 0.0617 ndcg@20: 0.0777 ] 
2025-10-01 22:38:41,536 - Epoch  87 Validation set [recall@5: 0.0448 recall@10: 0.0744 recall@20: 0.1216 ] [ndcg@5: 0.0524 ndcg@10: 0.0615 ndcg@20: 0.0776 ] 
2025-10-01 22:38:57,890 - Epoch  90 Validation set [recall@5: 0.0449 recall@10: 0.0746 recall@20: 0.1221 ] [ndcg@5: 0.0526 ndcg@10: 0.0619 ndcg@20: 0.0779 ] 
2025-10-01 22:39:13,431 - Epoch  93 Validation set [recall@5: 0.0448 recall@10: 0.0754 recall@20: 0.1234 ] [ndcg@5: 0.0527 ndcg@10: 0.0622 ndcg@20: 0.0784 ] 
2025-10-01 22:39:29,394 - Epoch  96 Validation set [recall@5: 0.0447 recall@10: 0.0758 recall@20: 0.1231 ] [ndcg@5: 0.0524 ndcg@10: 0.0622 ndcg@20: 0.0782 ] 
2025-10-01 22:39:46,116 - Epoch  99 Validation set [recall@5: 0.0448 recall@10: 0.0758 recall@20: 0.1232 ] [ndcg@5: 0.0528 ndcg@10: 0.0626 ndcg@20: 0.0786 ] 
2025-10-01 22:40:02,274 - Epoch 102 Validation set [recall@5: 0.0459 recall@10: 0.0762 recall@20: 0.1235 ] [ndcg@5: 0.0536 ndcg@10: 0.0630 ndcg@20: 0.0790 ] 
2025-10-01 22:40:18,198 - Epoch 105 Validation set [recall@5: 0.0463 recall@10: 0.0772 recall@20: 0.1239 ] [ndcg@5: 0.0541 ndcg@10: 0.0635 ndcg@20: 0.0791 ] 
2025-10-01 22:40:34,588 - Epoch 108 Validation set [recall@5: 0.0462 recall@10: 0.0772 recall@20: 0.1237 ] [ndcg@5: 0.0542 ndcg@10: 0.0638 ndcg@20: 0.0796 ] 
2025-10-01 22:40:50,098 - Epoch 111 Validation set [recall@5: 0.0461 recall@10: 0.0768 recall@20: 0.1240 ] [ndcg@5: 0.0543 ndcg@10: 0.0635 ndcg@20: 0.0794 ] 
2025-10-01 22:41:05,155 - Epoch 114 Validation set [recall@5: 0.0470 recall@10: 0.0770 recall@20: 0.1266 ] [ndcg@5: 0.0548 ndcg@10: 0.0639 ndcg@20: 0.0805 ] 
2025-10-01 22:41:20,743 - Epoch 117 Validation set [recall@5: 0.0473 recall@10: 0.0775 recall@20: 0.1261 ] [ndcg@5: 0.0556 ndcg@10: 0.0645 ndcg@20: 0.0810 ] 
2025-10-01 22:41:36,345 - Epoch 120 Validation set [recall@5: 0.0472 recall@10: 0.0786 recall@20: 0.1267 ] [ndcg@5: 0.0552 ndcg@10: 0.0648 ndcg@20: 0.0811 ] 
2025-10-01 22:41:51,820 - Epoch 123 Validation set [recall@5: 0.0479 recall@10: 0.0792 recall@20: 0.1266 ] [ndcg@5: 0.0554 ndcg@10: 0.0650 ndcg@20: 0.0810 ] 
2025-10-01 22:42:08,799 - Epoch 126 Validation set [recall@5: 0.0464 recall@10: 0.0794 recall@20: 0.1274 ] [ndcg@5: 0.0549 ndcg@10: 0.0653 ndcg@20: 0.0814 ] 
2025-10-01 22:42:23,787 - Epoch 129 Validation set [recall@5: 0.0458 recall@10: 0.0788 recall@20: 0.1274 ] [ndcg@5: 0.0545 ndcg@10: 0.0650 ndcg@20: 0.0814 ] 
2025-10-01 22:42:39,560 - Epoch 132 Validation set [recall@5: 0.0467 recall@10: 0.0798 recall@20: 0.1281 ] [ndcg@5: 0.0547 ndcg@10: 0.0653 ndcg@20: 0.0815 ] 
2025-10-01 22:42:54,594 - Epoch 135 Validation set [recall@5: 0.0470 recall@10: 0.0789 recall@20: 0.1284 ] [ndcg@5: 0.0552 ndcg@10: 0.0652 ndcg@20: 0.0817 ] 
2025-10-01 22:43:09,839 - Epoch 138 Validation set [recall@5: 0.0471 recall@10: 0.0796 recall@20: 0.1279 ] [ndcg@5: 0.0558 ndcg@10: 0.0659 ndcg@20: 0.0821 ] 
2025-10-01 22:43:25,496 - Epoch 141 Validation set [recall@5: 0.0479 recall@10: 0.0803 recall@20: 0.1275 ] [ndcg@5: 0.0561 ndcg@10: 0.0661 ndcg@20: 0.0820 ] 
2025-10-01 22:43:41,113 - Epoch 144 Validation set [recall@5: 0.0472 recall@10: 0.0806 recall@20: 0.1284 ] [ndcg@5: 0.0560 ndcg@10: 0.0663 ndcg@20: 0.0824 ] 
2025-10-01 22:43:56,279 - Epoch 147 Validation set [recall@5: 0.0471 recall@10: 0.0802 recall@20: 0.1296 ] [ndcg@5: 0.0558 ndcg@10: 0.0658 ndcg@20: 0.0825 ] 
2025-10-01 22:44:11,529 - Epoch 150 Validation set [recall@5: 0.0472 recall@10: 0.0805 recall@20: 0.1299 ] [ndcg@5: 0.0556 ndcg@10: 0.0659 ndcg@20: 0.0825 ] 
2025-10-01 22:44:26,855 - Epoch 153 Validation set [recall@5: 0.0480 recall@10: 0.0796 recall@20: 0.1296 ] [ndcg@5: 0.0560 ndcg@10: 0.0657 ndcg@20: 0.0826 ] 
2025-10-01 22:44:43,223 - Epoch 156 Validation set [recall@5: 0.0479 recall@10: 0.0803 recall@20: 0.1284 ] [ndcg@5: 0.0562 ndcg@10: 0.0662 ndcg@20: 0.0822 ] 
2025-10-01 22:45:00,625 - Epoch 159 Validation set [recall@5: 0.0468 recall@10: 0.0804 recall@20: 0.1294 ] [ndcg@5: 0.0554 ndcg@10: 0.0658 ndcg@20: 0.0822 ] 
2025-10-01 22:45:16,123 - Epoch 162 Validation set [recall@5: 0.0468 recall@10: 0.0794 recall@20: 0.1293 ] [ndcg@5: 0.0549 ndcg@10: 0.0649 ndcg@20: 0.0817 ] 
2025-10-01 22:45:32,966 - Epoch 165 Validation set [recall@5: 0.0471 recall@10: 0.0796 recall@20: 0.1297 ] [ndcg@5: 0.0547 ndcg@10: 0.0649 ndcg@20: 0.0817 ] 
2025-10-01 22:45:35,131 - [recall@5: 0.0472 recall@10: 0.0805 recall@20: 0.1299 ] [ndcg@5: 0.0556 ndcg@10: 0.0659 ndcg@20: 0.0825 ] 
2025-10-01 22:45:37,207 - [recall@5: 0.0452 recall@10: 0.0786 recall@20: 0.1285 ] [ndcg@5: 0.0530 ndcg@10: 0.0641 ndcg@20: 0.0811 ] 
2025-10-01 22:45:37,217 - Save model parameters to ./encoder/checkpoint/lightgcn_rgcn/lightgcn_rgcn-yelp-2023.pth
2025-10-01 22:45:37,218 - Best Epoch 150. Final test result: {'recall': array([0.04523931, 0.07861502, 0.12848559]), 'ndcg': array([0.0529562 , 0.06407944, 0.08108145])}.
