2025-10-01 22:11:24,596 - {'optimizer': {'name': 'adam', 'lr': 0.001, 'weight_decay': 0}, 'train': {'epoch': 3000, 'batch_size': 4096, 'save_model': True, 'loss': 'pairwise', 'test_step': 3, 'reproducible': True, 'seed': 2023, 'patience': 5}, 'test': {'metrics': ['recall', 'ndcg'], 'k': [5, 10, 20], 'batch_size': 1024}, 'data': {'type': 'general_agcf', 'name': 'yelp', 'mat_type': 'uai', 'pre_norm': True, 'user_num': 11091, 'item_num': 11010, 'user_item_num': 22101, 'attr_num': 2607}, 'model': {'name': 'lightgcn_rgcn', 'label': 'ori', 'keep_rate': 0.9, 'embedding_size': 64, 'use_unify_layer_num': True, 'layer_num': 2, 'reg_weight': 1e-06, 'amazon': {'keep_rate': 0.9, 'layer_num': 3, 'reg_weight': 1e-07, 'eps': 0.1}, 'yelp': {'keep_rate': 0.9, 'layer_num': 2, 'reg_weight': 1e-06, 'eps': 0.1}, 'steam': {'keep_rate': 0.8, 'layer_num': 3, 'reg_weight': 1e-07, 'eps': 0.2}, 'Office': {'keep_rate': 0.9, 'layer_num': 3, 'reg_weight': 1e-06, 'eps': 0.1}}}
2025-10-01 22:11:28,785 - Epoch   0 Validation set [recall@5: 0.0108 recall@10: 0.0178 recall@20: 0.0275 ] [ndcg@5: 0.0129 ndcg@10: 0.0148 ndcg@20: 0.0180 ] 
2025-10-01 22:11:35,720 - Epoch   3 Validation set [recall@5: 0.0260 recall@10: 0.0447 recall@20: 0.0727 ] [ndcg@5: 0.0316 ndcg@10: 0.0371 ndcg@20: 0.0464 ] 
2025-10-01 22:11:42,657 - Epoch   6 Validation set [recall@5: 0.0303 recall@10: 0.0511 recall@20: 0.0819 ] [ndcg@5: 0.0359 ndcg@10: 0.0425 ndcg@20: 0.0526 ] 
2025-10-01 22:11:49,667 - Epoch   9 Validation set [recall@5: 0.0306 recall@10: 0.0512 recall@20: 0.0857 ] [ndcg@5: 0.0364 ndcg@10: 0.0428 ndcg@20: 0.0543 ] 
2025-10-01 22:11:56,762 - Epoch  12 Validation set [recall@5: 0.0310 recall@10: 0.0525 recall@20: 0.0865 ] [ndcg@5: 0.0364 ndcg@10: 0.0431 ndcg@20: 0.0545 ] 
2025-10-01 22:12:03,923 - Epoch  15 Validation set [recall@5: 0.0316 recall@10: 0.0540 recall@20: 0.0874 ] [ndcg@5: 0.0365 ndcg@10: 0.0438 ndcg@20: 0.0549 ] 
2025-10-01 22:12:10,385 - Epoch  18 Validation set [recall@5: 0.0315 recall@10: 0.0535 recall@20: 0.0897 ] [ndcg@5: 0.0365 ndcg@10: 0.0437 ndcg@20: 0.0558 ] 
2025-10-01 22:12:16,482 - Epoch  21 Validation set [recall@5: 0.0319 recall@10: 0.0552 recall@20: 0.0912 ] [ndcg@5: 0.0370 ndcg@10: 0.0445 ndcg@20: 0.0567 ] 
2025-10-01 22:12:22,466 - Epoch  24 Validation set [recall@5: 0.0323 recall@10: 0.0555 recall@20: 0.0921 ] [ndcg@5: 0.0376 ndcg@10: 0.0451 ndcg@20: 0.0575 ] 
2025-10-01 22:12:28,510 - Epoch  27 Validation set [recall@5: 0.0336 recall@10: 0.0569 recall@20: 0.0939 ] [ndcg@5: 0.0387 ndcg@10: 0.0461 ndcg@20: 0.0587 ] 
2025-10-01 22:12:34,527 - Epoch  30 Validation set [recall@5: 0.0347 recall@10: 0.0576 recall@20: 0.0963 ] [ndcg@5: 0.0402 ndcg@10: 0.0474 ndcg@20: 0.0603 ] 
2025-10-01 22:12:40,553 - Epoch  33 Validation set [recall@5: 0.0348 recall@10: 0.0594 recall@20: 0.0997 ] [ndcg@5: 0.0413 ndcg@10: 0.0490 ndcg@20: 0.0625 ] 
2025-10-01 22:12:46,644 - Epoch  36 Validation set [recall@5: 0.0363 recall@10: 0.0605 recall@20: 0.0999 ] [ndcg@5: 0.0421 ndcg@10: 0.0497 ndcg@20: 0.0629 ] 
2025-10-01 22:12:53,904 - Epoch  39 Validation set [recall@5: 0.0357 recall@10: 0.0616 recall@20: 0.1015 ] [ndcg@5: 0.0422 ndcg@10: 0.0504 ndcg@20: 0.0637 ] 
2025-10-01 22:13:01,366 - Epoch  42 Validation set [recall@5: 0.0366 recall@10: 0.0631 recall@20: 0.1044 ] [ndcg@5: 0.0434 ndcg@10: 0.0519 ndcg@20: 0.0656 ] 
2025-10-01 22:13:07,632 - Epoch  45 Validation set [recall@5: 0.0380 recall@10: 0.0640 recall@20: 0.1053 ] [ndcg@5: 0.0444 ndcg@10: 0.0526 ndcg@20: 0.0664 ] 
2025-10-01 22:13:13,677 - Epoch  48 Validation set [recall@5: 0.0382 recall@10: 0.0647 recall@20: 0.1071 ] [ndcg@5: 0.0446 ndcg@10: 0.0530 ndcg@20: 0.0673 ] 
2025-10-01 22:13:19,620 - Epoch  51 Validation set [recall@5: 0.0384 recall@10: 0.0652 recall@20: 0.1074 ] [ndcg@5: 0.0458 ndcg@10: 0.0543 ndcg@20: 0.0685 ] 
2025-10-01 22:13:25,645 - Epoch  54 Validation set [recall@5: 0.0389 recall@10: 0.0659 recall@20: 0.1094 ] [ndcg@5: 0.0463 ndcg@10: 0.0548 ndcg@20: 0.0694 ] 
2025-10-01 22:13:31,683 - Epoch  57 Validation set [recall@5: 0.0383 recall@10: 0.0667 recall@20: 0.1096 ] [ndcg@5: 0.0465 ndcg@10: 0.0555 ndcg@20: 0.0701 ] 
2025-10-01 22:13:37,589 - Epoch  60 Validation set [recall@5: 0.0385 recall@10: 0.0667 recall@20: 0.1104 ] [ndcg@5: 0.0463 ndcg@10: 0.0553 ndcg@20: 0.0700 ] 
2025-10-01 22:13:45,098 - Epoch  63 Validation set [recall@5: 0.0392 recall@10: 0.0674 recall@20: 0.1112 ] [ndcg@5: 0.0466 ndcg@10: 0.0557 ndcg@20: 0.0706 ] 
2025-10-01 22:13:52,588 - Epoch  66 Validation set [recall@5: 0.0396 recall@10: 0.0678 recall@20: 0.1121 ] [ndcg@5: 0.0474 ndcg@10: 0.0563 ndcg@20: 0.0713 ] 
2025-10-01 22:13:59,553 - Epoch  69 Validation set [recall@5: 0.0397 recall@10: 0.0676 recall@20: 0.1127 ] [ndcg@5: 0.0478 ndcg@10: 0.0566 ndcg@20: 0.0719 ] 
2025-10-01 22:14:06,470 - Epoch  72 Validation set [recall@5: 0.0400 recall@10: 0.0687 recall@20: 0.1147 ] [ndcg@5: 0.0480 ndcg@10: 0.0573 ndcg@20: 0.0729 ] 
2025-10-01 22:14:13,905 - Epoch  75 Validation set [recall@5: 0.0410 recall@10: 0.0696 recall@20: 0.1151 ] [ndcg@5: 0.0489 ndcg@10: 0.0579 ndcg@20: 0.0734 ] 
2025-10-01 22:14:21,436 - Epoch  78 Validation set [recall@5: 0.0408 recall@10: 0.0705 recall@20: 0.1163 ] [ndcg@5: 0.0495 ndcg@10: 0.0589 ndcg@20: 0.0745 ] 
2025-10-01 22:14:28,302 - Epoch  81 Validation set [recall@5: 0.0419 recall@10: 0.0704 recall@20: 0.1174 ] [ndcg@5: 0.0500 ndcg@10: 0.0589 ndcg@20: 0.0749 ] 
2025-10-01 22:14:35,143 - Epoch  84 Validation set [recall@5: 0.0420 recall@10: 0.0706 recall@20: 0.1181 ] [ndcg@5: 0.0502 ndcg@10: 0.0593 ndcg@20: 0.0755 ] 
2025-10-01 22:14:41,925 - Epoch  87 Validation set [recall@5: 0.0424 recall@10: 0.0710 recall@20: 0.1180 ] [ndcg@5: 0.0505 ndcg@10: 0.0594 ndcg@20: 0.0755 ] 
2025-10-01 22:14:48,753 - Epoch  90 Validation set [recall@5: 0.0423 recall@10: 0.0724 recall@20: 0.1192 ] [ndcg@5: 0.0508 ndcg@10: 0.0602 ndcg@20: 0.0761 ] 
2025-10-01 22:14:55,610 - Epoch  93 Validation set [recall@5: 0.0428 recall@10: 0.0727 recall@20: 0.1185 ] [ndcg@5: 0.0512 ndcg@10: 0.0605 ndcg@20: 0.0761 ] 
2025-10-01 22:15:02,448 - Epoch  96 Validation set [recall@5: 0.0431 recall@10: 0.0731 recall@20: 0.1196 ] [ndcg@5: 0.0510 ndcg@10: 0.0603 ndcg@20: 0.0761 ] 
2025-10-01 22:15:10,043 - Epoch  99 Validation set [recall@5: 0.0435 recall@10: 0.0737 recall@20: 0.1204 ] [ndcg@5: 0.0518 ndcg@10: 0.0612 ndcg@20: 0.0771 ] 
2025-10-01 22:15:18,218 - Epoch 102 Validation set [recall@5: 0.0437 recall@10: 0.0749 recall@20: 0.1207 ] [ndcg@5: 0.0523 ndcg@10: 0.0622 ndcg@20: 0.0778 ] 
2025-10-01 22:15:25,751 - Epoch 105 Validation set [recall@5: 0.0447 recall@10: 0.0756 recall@20: 0.1211 ] [ndcg@5: 0.0529 ndcg@10: 0.0625 ndcg@20: 0.0780 ] 
2025-10-01 22:15:34,016 - Epoch 108 Validation set [recall@5: 0.0440 recall@10: 0.0756 recall@20: 0.1222 ] [ndcg@5: 0.0527 ndcg@10: 0.0626 ndcg@20: 0.0785 ] 
2025-10-01 22:15:42,188 - Epoch 111 Validation set [recall@5: 0.0447 recall@10: 0.0747 recall@20: 0.1231 ] [ndcg@5: 0.0532 ndcg@10: 0.0623 ndcg@20: 0.0786 ] 
2025-10-01 22:15:50,213 - Epoch 114 Validation set [recall@5: 0.0445 recall@10: 0.0754 recall@20: 0.1237 ] [ndcg@5: 0.0532 ndcg@10: 0.0628 ndcg@20: 0.0793 ] 
2025-10-01 22:15:57,972 - Epoch 117 Validation set [recall@5: 0.0454 recall@10: 0.0767 recall@20: 0.1245 ] [ndcg@5: 0.0539 ndcg@10: 0.0635 ndcg@20: 0.0797 ] 
2025-10-01 22:16:06,098 - Epoch 120 Validation set [recall@5: 0.0460 recall@10: 0.0773 recall@20: 0.1251 ] [ndcg@5: 0.0540 ndcg@10: 0.0638 ndcg@20: 0.0800 ] 
2025-10-01 22:16:13,925 - Epoch 123 Validation set [recall@5: 0.0458 recall@10: 0.0782 recall@20: 0.1242 ] [ndcg@5: 0.0540 ndcg@10: 0.0643 ndcg@20: 0.0797 ] 
2025-10-01 22:16:21,821 - Epoch 126 Validation set [recall@5: 0.0453 recall@10: 0.0784 recall@20: 0.1278 ] [ndcg@5: 0.0539 ndcg@10: 0.0647 ndcg@20: 0.0811 ] 
2025-10-01 22:16:29,556 - Epoch 129 Validation set [recall@5: 0.0454 recall@10: 0.0771 recall@20: 0.1263 ] [ndcg@5: 0.0539 ndcg@10: 0.0637 ndcg@20: 0.0804 ] 
2025-10-01 22:16:37,573 - Epoch 132 Validation set [recall@5: 0.0451 recall@10: 0.0772 recall@20: 0.1262 ] [ndcg@5: 0.0539 ndcg@10: 0.0641 ndcg@20: 0.0806 ] 
2025-10-01 22:16:45,049 - Epoch 135 Validation set [recall@5: 0.0456 recall@10: 0.0779 recall@20: 0.1263 ] [ndcg@5: 0.0545 ndcg@10: 0.0646 ndcg@20: 0.0807 ] 
2025-10-01 22:16:53,156 - Epoch 138 Validation set [recall@5: 0.0468 recall@10: 0.0774 recall@20: 0.1272 ] [ndcg@5: 0.0551 ndcg@10: 0.0645 ndcg@20: 0.0812 ] 
2025-10-01 22:17:00,706 - Epoch 141 Validation set [recall@5: 0.0463 recall@10: 0.0780 recall@20: 0.1271 ] [ndcg@5: 0.0549 ndcg@10: 0.0647 ndcg@20: 0.0811 ] 
2025-10-01 22:17:02,163 - [recall@5: 0.0453 recall@10: 0.0784 recall@20: 0.1278 ] [ndcg@5: 0.0539 ndcg@10: 0.0647 ndcg@20: 0.0811 ] 
2025-10-01 22:17:03,613 - [recall@5: 0.0443 recall@10: 0.0756 recall@20: 0.1252 ] [ndcg@5: 0.0518 ndcg@10: 0.0620 ndcg@20: 0.0787 ] 
2025-10-01 22:17:03,622 - Save model parameters to ./encoder/checkpoint/lightgcn_rgcn/lightgcn_rgcn-yelp-2023.pth
2025-10-01 22:17:03,622 - Best Epoch 126. Final test result: {'recall': array([0.04434015, 0.07558865, 0.12520972]), 'ndcg': array([0.05178153, 0.06195184, 0.07871794])}.
