2025-09-30 02:02:54,644 - {'optimizer': {'name': 'adam', 'lr': 0.001, 'weight_decay': 0}, 'train': {'epoch': 3000, 'batch_size': 4096, 'save_model': True, 'loss': 'pairwise', 'test_step': 3, 'reproducible': True, 'seed': 2023, 'patience': 5}, 'test': {'metrics': ['recall', 'ndcg'], 'k': [5, 10, 20], 'batch_size': 1024}, 'data': {'type': 'general_agcf', 'name': 'yelp', 'mat_type': 'uai', 'pre_norm': True, 'user_num': 11091, 'item_num': 11010, 'user_item_num': 22101, 'attr_num': 2607}, 'model': {'name': 'lightgcn_rgcn', 'label': 'ori', 'keep_rate': 0.9, 'embedding_size': 64, 'use_unify_layer_num': True, 'layer_num': 3, 'reg_weight': 1e-07, 'amazon': {'keep_rate': 0.9, 'layer_num': 3, 'reg_weight': 1e-07, 'eps': 0.1}, 'yelp': {'keep_rate': 0.9, 'layer_num': 3, 'reg_weight': 1e-07, 'eps': 0.2}, 'steam': {'keep_rate': 0.8, 'layer_num': 3, 'reg_weight': 1e-07, 'eps': 0.2}, 'Office': {'keep_rate': 0.9, 'layer_num': 3, 'reg_weight': 1e-06, 'eps': 0.1}}}
2025-09-30 02:02:59,374 - Epoch   0 Validation set [recall@5: 0.0083 recall@10: 0.0152 recall@20: 0.0244 ] [ndcg@5: 0.0105 ndcg@10: 0.0127 ndcg@20: 0.0157 ] 
2025-09-30 02:03:08,919 - Epoch   3 Validation set [recall@5: 0.0229 recall@10: 0.0385 recall@20: 0.0604 ] [ndcg@5: 0.0265 ndcg@10: 0.0309 ndcg@20: 0.0381 ] 
2025-09-30 02:03:18,529 - Epoch   6 Validation set [recall@5: 0.0297 recall@10: 0.0489 recall@20: 0.0792 ] [ndcg@5: 0.0352 ndcg@10: 0.0410 ndcg@20: 0.0509 ] 
2025-09-30 02:03:27,245 - Epoch   9 Validation set [recall@5: 0.0300 recall@10: 0.0510 recall@20: 0.0829 ] [ndcg@5: 0.0357 ndcg@10: 0.0423 ndcg@20: 0.0529 ] 
2025-09-30 02:03:36,645 - Epoch  12 Validation set [recall@5: 0.0306 recall@10: 0.0518 recall@20: 0.0860 ] [ndcg@5: 0.0360 ndcg@10: 0.0427 ndcg@20: 0.0540 ] 
2025-09-30 02:03:45,674 - Epoch  15 Validation set [recall@5: 0.0314 recall@10: 0.0525 recall@20: 0.0883 ] [ndcg@5: 0.0364 ndcg@10: 0.0431 ndcg@20: 0.0549 ] 
2025-09-30 02:03:54,255 - Epoch  18 Validation set [recall@5: 0.0315 recall@10: 0.0536 recall@20: 0.0906 ] [ndcg@5: 0.0366 ndcg@10: 0.0439 ndcg@20: 0.0561 ] 
2025-09-30 02:04:02,934 - Epoch  21 Validation set [recall@5: 0.0322 recall@10: 0.0550 recall@20: 0.0932 ] [ndcg@5: 0.0376 ndcg@10: 0.0449 ndcg@20: 0.0576 ] 
2025-09-30 02:04:11,774 - Epoch  24 Validation set [recall@5: 0.0329 recall@10: 0.0568 recall@20: 0.0936 ] [ndcg@5: 0.0383 ndcg@10: 0.0460 ndcg@20: 0.0584 ] 
2025-09-30 02:04:20,454 - Epoch  27 Validation set [recall@5: 0.0340 recall@10: 0.0586 recall@20: 0.0963 ] [ndcg@5: 0.0398 ndcg@10: 0.0476 ndcg@20: 0.0603 ] 
2025-09-30 02:04:29,110 - Epoch  30 Validation set [recall@5: 0.0349 recall@10: 0.0584 recall@20: 0.0985 ] [ndcg@5: 0.0412 ndcg@10: 0.0485 ndcg@20: 0.0620 ] 
2025-09-30 02:04:38,771 - Epoch  33 Validation set [recall@5: 0.0365 recall@10: 0.0608 recall@20: 0.1022 ] [ndcg@5: 0.0427 ndcg@10: 0.0503 ndcg@20: 0.0641 ] 
2025-09-30 02:04:47,654 - Epoch  36 Validation set [recall@5: 0.0370 recall@10: 0.0621 recall@20: 0.1027 ] [ndcg@5: 0.0432 ndcg@10: 0.0512 ndcg@20: 0.0646 ] 
2025-09-30 02:04:56,284 - Epoch  39 Validation set [recall@5: 0.0374 recall@10: 0.0632 recall@20: 0.1053 ] [ndcg@5: 0.0439 ndcg@10: 0.0521 ndcg@20: 0.0661 ] 
2025-09-30 02:05:04,958 - Epoch  42 Validation set [recall@5: 0.0385 recall@10: 0.0654 recall@20: 0.1062 ] [ndcg@5: 0.0447 ndcg@10: 0.0534 ndcg@20: 0.0672 ] 
2025-09-30 02:05:14,068 - Epoch  45 Validation set [recall@5: 0.0402 recall@10: 0.0659 recall@20: 0.1077 ] [ndcg@5: 0.0464 ndcg@10: 0.0543 ndcg@20: 0.0684 ] 
2025-09-30 02:05:23,712 - Epoch  48 Validation set [recall@5: 0.0400 recall@10: 0.0677 recall@20: 0.1093 ] [ndcg@5: 0.0466 ndcg@10: 0.0555 ndcg@20: 0.0696 ] 
2025-09-30 02:05:32,885 - Epoch  51 Validation set [recall@5: 0.0405 recall@10: 0.0678 recall@20: 0.1108 ] [ndcg@5: 0.0475 ndcg@10: 0.0559 ndcg@20: 0.0705 ] 
2025-09-30 02:05:42,869 - Epoch  54 Validation set [recall@5: 0.0407 recall@10: 0.0687 recall@20: 0.1126 ] [ndcg@5: 0.0483 ndcg@10: 0.0569 ndcg@20: 0.0716 ] 
2025-09-30 02:05:52,491 - Epoch  57 Validation set [recall@5: 0.0411 recall@10: 0.0691 recall@20: 0.1139 ] [ndcg@5: 0.0486 ndcg@10: 0.0572 ndcg@20: 0.0724 ] 
2025-09-30 02:06:01,285 - Epoch  60 Validation set [recall@5: 0.0419 recall@10: 0.0699 recall@20: 0.1151 ] [ndcg@5: 0.0491 ndcg@10: 0.0579 ndcg@20: 0.0732 ] 
2025-09-30 02:06:09,930 - Epoch  63 Validation set [recall@5: 0.0420 recall@10: 0.0709 recall@20: 0.1155 ] [ndcg@5: 0.0493 ndcg@10: 0.0586 ndcg@20: 0.0736 ] 
2025-09-30 02:06:19,265 - Epoch  66 Validation set [recall@5: 0.0427 recall@10: 0.0716 recall@20: 0.1164 ] [ndcg@5: 0.0500 ndcg@10: 0.0592 ndcg@20: 0.0744 ] 
2025-09-30 02:06:28,022 - Epoch  69 Validation set [recall@5: 0.0431 recall@10: 0.0716 recall@20: 0.1164 ] [ndcg@5: 0.0509 ndcg@10: 0.0597 ndcg@20: 0.0748 ] 
2025-09-30 02:06:36,937 - Epoch  72 Validation set [recall@5: 0.0436 recall@10: 0.0727 recall@20: 0.1180 ] [ndcg@5: 0.0514 ndcg@10: 0.0603 ndcg@20: 0.0757 ] 
2025-09-30 02:06:46,170 - Epoch  75 Validation set [recall@5: 0.0438 recall@10: 0.0729 recall@20: 0.1200 ] [ndcg@5: 0.0519 ndcg@10: 0.0608 ndcg@20: 0.0768 ] 
2025-09-30 02:06:54,447 - Epoch  78 Validation set [recall@5: 0.0441 recall@10: 0.0742 recall@20: 0.1199 ] [ndcg@5: 0.0525 ndcg@10: 0.0618 ndcg@20: 0.0771 ] 
2025-09-30 02:07:03,036 - Epoch  81 Validation set [recall@5: 0.0443 recall@10: 0.0744 recall@20: 0.1209 ] [ndcg@5: 0.0525 ndcg@10: 0.0618 ndcg@20: 0.0775 ] 
2025-09-30 02:07:11,701 - Epoch  84 Validation set [recall@5: 0.0441 recall@10: 0.0735 recall@20: 0.1213 ] [ndcg@5: 0.0525 ndcg@10: 0.0614 ndcg@20: 0.0777 ] 
2025-09-30 02:07:20,354 - Epoch  87 Validation set [recall@5: 0.0447 recall@10: 0.0747 recall@20: 0.1215 ] [ndcg@5: 0.0527 ndcg@10: 0.0619 ndcg@20: 0.0776 ] 
2025-09-30 02:07:29,867 - Epoch  90 Validation set [recall@5: 0.0441 recall@10: 0.0750 recall@20: 0.1220 ] [ndcg@5: 0.0528 ndcg@10: 0.0622 ndcg@20: 0.0781 ] 
2025-09-30 02:07:38,664 - Epoch  93 Validation set [recall@5: 0.0446 recall@10: 0.0753 recall@20: 0.1232 ] [ndcg@5: 0.0526 ndcg@10: 0.0620 ndcg@20: 0.0783 ] 
2025-09-30 02:07:47,213 - Epoch  96 Validation set [recall@5: 0.0444 recall@10: 0.0748 recall@20: 0.1220 ] [ndcg@5: 0.0524 ndcg@10: 0.0617 ndcg@20: 0.0777 ] 
2025-09-30 02:07:55,912 - Epoch  99 Validation set [recall@5: 0.0451 recall@10: 0.0757 recall@20: 0.1228 ] [ndcg@5: 0.0531 ndcg@10: 0.0625 ndcg@20: 0.0783 ] 
2025-09-30 02:08:03,972 - Epoch 102 Validation set [recall@5: 0.0457 recall@10: 0.0753 recall@20: 0.1226 ] [ndcg@5: 0.0537 ndcg@10: 0.0626 ndcg@20: 0.0787 ] 
2025-09-30 02:08:14,838 - Epoch 105 Validation set [recall@5: 0.0455 recall@10: 0.0759 recall@20: 0.1230 ] [ndcg@5: 0.0538 ndcg@10: 0.0632 ndcg@20: 0.0790 ] 
2025-09-30 02:08:26,355 - Epoch 108 Validation set [recall@5: 0.0452 recall@10: 0.0764 recall@20: 0.1234 ] [ndcg@5: 0.0540 ndcg@10: 0.0632 ndcg@20: 0.0792 ] 
2025-09-30 02:08:37,462 - Epoch 111 Validation set [recall@5: 0.0460 recall@10: 0.0753 recall@20: 0.1246 ] [ndcg@5: 0.0545 ndcg@10: 0.0630 ndcg@20: 0.0797 ] 
2025-09-30 02:08:47,607 - Epoch 114 Validation set [recall@5: 0.0460 recall@10: 0.0760 recall@20: 0.1244 ] [ndcg@5: 0.0541 ndcg@10: 0.0631 ndcg@20: 0.0794 ] 
2025-09-30 02:08:58,124 - Epoch 117 Validation set [recall@5: 0.0454 recall@10: 0.0764 recall@20: 0.1257 ] [ndcg@5: 0.0540 ndcg@10: 0.0634 ndcg@20: 0.0800 ] 
2025-09-30 02:09:08,823 - Epoch 120 Validation set [recall@5: 0.0461 recall@10: 0.0767 recall@20: 0.1252 ] [ndcg@5: 0.0542 ndcg@10: 0.0634 ndcg@20: 0.0800 ] 
2025-09-30 02:09:18,285 - Epoch 123 Validation set [recall@5: 0.0462 recall@10: 0.0769 recall@20: 0.1246 ] [ndcg@5: 0.0544 ndcg@10: 0.0637 ndcg@20: 0.0800 ] 
2025-09-30 02:09:28,466 - Epoch 126 Validation set [recall@5: 0.0462 recall@10: 0.0783 recall@20: 0.1257 ] [ndcg@5: 0.0547 ndcg@10: 0.0646 ndcg@20: 0.0807 ] 
2025-09-30 02:09:38,705 - Epoch 129 Validation set [recall@5: 0.0459 recall@10: 0.0778 recall@20: 0.1261 ] [ndcg@5: 0.0542 ndcg@10: 0.0640 ndcg@20: 0.0804 ] 
2025-09-30 02:09:49,668 - Epoch 132 Validation set [recall@5: 0.0457 recall@10: 0.0776 recall@20: 0.1261 ] [ndcg@5: 0.0543 ndcg@10: 0.0641 ndcg@20: 0.0806 ] 
2025-09-30 02:10:01,054 - Epoch 135 Validation set [recall@5: 0.0464 recall@10: 0.0775 recall@20: 0.1259 ] [ndcg@5: 0.0547 ndcg@10: 0.0641 ndcg@20: 0.0805 ] 
2025-09-30 02:10:11,821 - Epoch 138 Validation set [recall@5: 0.0466 recall@10: 0.0766 recall@20: 0.1263 ] [ndcg@5: 0.0546 ndcg@10: 0.0636 ndcg@20: 0.0805 ] 
2025-09-30 02:10:21,860 - Epoch 141 Validation set [recall@5: 0.0462 recall@10: 0.0775 recall@20: 0.1259 ] [ndcg@5: 0.0546 ndcg@10: 0.0642 ndcg@20: 0.0805 ] 
2025-09-30 02:10:30,868 - Epoch 144 Validation set [recall@5: 0.0463 recall@10: 0.0770 recall@20: 0.1269 ] [ndcg@5: 0.0546 ndcg@10: 0.0641 ndcg@20: 0.0809 ] 
2025-09-30 02:10:40,817 - Epoch 147 Validation set [recall@5: 0.0465 recall@10: 0.0773 recall@20: 0.1262 ] [ndcg@5: 0.0546 ndcg@10: 0.0640 ndcg@20: 0.0805 ] 
2025-09-30 02:10:49,813 - Epoch 150 Validation set [recall@5: 0.0459 recall@10: 0.0772 recall@20: 0.1263 ] [ndcg@5: 0.0544 ndcg@10: 0.0641 ndcg@20: 0.0807 ] 
2025-09-30 02:10:58,877 - Epoch 153 Validation set [recall@5: 0.0467 recall@10: 0.0774 recall@20: 0.1264 ] [ndcg@5: 0.0545 ndcg@10: 0.0639 ndcg@20: 0.0805 ] 
2025-09-30 02:11:08,180 - Epoch 156 Validation set [recall@5: 0.0464 recall@10: 0.0771 recall@20: 0.1260 ] [ndcg@5: 0.0546 ndcg@10: 0.0638 ndcg@20: 0.0804 ] 
2025-09-30 02:11:17,176 - Epoch 159 Validation set [recall@5: 0.0458 recall@10: 0.0763 recall@20: 0.1258 ] [ndcg@5: 0.0543 ndcg@10: 0.0634 ndcg@20: 0.0802 ] 
2025-09-30 02:11:18,659 - [recall@5: 0.0463 recall@10: 0.0770 recall@20: 0.1269 ] [ndcg@5: 0.0546 ndcg@10: 0.0641 ndcg@20: 0.0809 ] 
2025-09-30 02:11:20,148 - [recall@5: 0.0460 recall@10: 0.0774 recall@20: 0.1287 ] [ndcg@5: 0.0533 ndcg@10: 0.0634 ndcg@20: 0.0810 ] 
2025-09-30 02:11:20,157 - Save model parameters to ./encoder/checkpoint/lightgcn_rgcn/lightgcn_rgcn-yelp-2023.pth
2025-09-30 02:11:20,157 - Best Epoch 144. Final test result: {'recall': array([0.04604816, 0.07736121, 0.12873296]), 'ndcg': array([0.05329148, 0.06336478, 0.08101408])}.
