2025-10-02 16:44:35,280 - {'optimizer': {'name': 'adam', 'lr': 0.001, 'weight_decay': 0}, 'train': {'epoch': 3000, 'batch_size': 4096, 'save_model': True, 'loss': 'pairwise', 'test_step': 3, 'reproducible': True, 'seed': 2023, 'patience': 5}, 'test': {'metrics': ['recall', 'ndcg'], 'k': [5, 10, 20], 'batch_size': 1024}, 'data': {'type': 'general_agcf', 'name': 'yelp', 'mat_type': 'uai', 'pre_norm': True, 'user_num': 11091, 'item_num': 11010, 'user_item_num': 22101, 'attr_num': 2607}, 'model': {'name': 'lightgcn_rgcn', 'label': 'ori', 'keep_rate': 0.9, 'embedding_size': 64, 'use_unify_layer_num': True, 'layer_num': 7, 'reg_weight': 1e-06, 'amazon': {'keep_rate': 0.9, 'layer_num': 3, 'reg_weight': 1e-07, 'eps': 0.1}, 'yelp': {'keep_rate': 0.9, 'layer_num': 7, 'reg_weight': 1e-06, 'eps': 0.1}, 'steam': {'keep_rate': 0.8, 'layer_num': 3, 'reg_weight': 1e-07, 'eps': 0.2}, 'Office': {'keep_rate': 0.9, 'layer_num': 3, 'reg_weight': 5e-06, 'eps': 0.1}}}
2025-10-02 16:44:43,351 - Epoch   0 Validation set [recall@5: 0.0084 recall@10: 0.0136 recall@20: 0.0236 ] [ndcg@5: 0.0099 ndcg@10: 0.0115 ndcg@20: 0.0149 ] 
2025-10-02 16:44:57,983 - Epoch   3 Validation set [recall@5: 0.0109 recall@10: 0.0185 recall@20: 0.0305 ] [ndcg@5: 0.0125 ndcg@10: 0.0148 ndcg@20: 0.0190 ] 
2025-10-02 16:45:12,513 - Epoch   6 Validation set [recall@5: 0.0253 recall@10: 0.0418 recall@20: 0.0687 ] [ndcg@5: 0.0301 ndcg@10: 0.0350 ndcg@20: 0.0440 ] 
2025-10-02 16:45:28,284 - Epoch   9 Validation set [recall@5: 0.0296 recall@10: 0.0510 recall@20: 0.0820 ] [ndcg@5: 0.0352 ndcg@10: 0.0419 ndcg@20: 0.0523 ] 
2025-10-02 16:45:43,890 - Epoch  12 Validation set [recall@5: 0.0313 recall@10: 0.0536 recall@20: 0.0856 ] [ndcg@5: 0.0371 ndcg@10: 0.0440 ndcg@20: 0.0546 ] 
2025-10-02 16:45:59,917 - Epoch  15 Validation set [recall@5: 0.0328 recall@10: 0.0562 recall@20: 0.0890 ] [ndcg@5: 0.0382 ndcg@10: 0.0455 ndcg@20: 0.0564 ] 
2025-10-02 16:46:14,263 - Epoch  18 Validation set [recall@5: 0.0331 recall@10: 0.0563 recall@20: 0.0902 ] [ndcg@5: 0.0388 ndcg@10: 0.0461 ndcg@20: 0.0573 ] 
2025-10-02 16:46:29,514 - Epoch  21 Validation set [recall@5: 0.0344 recall@10: 0.0570 recall@20: 0.0931 ] [ndcg@5: 0.0403 ndcg@10: 0.0472 ndcg@20: 0.0592 ] 
2025-10-02 16:46:45,120 - Epoch  24 Validation set [recall@5: 0.0347 recall@10: 0.0587 recall@20: 0.0956 ] [ndcg@5: 0.0405 ndcg@10: 0.0481 ndcg@20: 0.0603 ] 
2025-10-02 16:47:00,800 - Epoch  27 Validation set [recall@5: 0.0359 recall@10: 0.0600 recall@20: 0.0970 ] [ndcg@5: 0.0419 ndcg@10: 0.0494 ndcg@20: 0.0616 ] 
2025-10-02 16:47:15,358 - Epoch  30 Validation set [recall@5: 0.0365 recall@10: 0.0601 recall@20: 0.0992 ] [ndcg@5: 0.0422 ndcg@10: 0.0492 ndcg@20: 0.0624 ] 
2025-10-02 16:47:30,527 - Epoch  33 Validation set [recall@5: 0.0370 recall@10: 0.0611 recall@20: 0.0998 ] [ndcg@5: 0.0429 ndcg@10: 0.0502 ndcg@20: 0.0631 ] 
2025-10-02 16:47:45,465 - Epoch  36 Validation set [recall@5: 0.0367 recall@10: 0.0621 recall@20: 0.1013 ] [ndcg@5: 0.0432 ndcg@10: 0.0511 ndcg@20: 0.0642 ] 
2025-10-02 16:48:00,423 - Epoch  39 Validation set [recall@5: 0.0377 recall@10: 0.0630 recall@20: 0.1036 ] [ndcg@5: 0.0438 ndcg@10: 0.0516 ndcg@20: 0.0652 ] 
2025-10-02 16:48:15,478 - Epoch  42 Validation set [recall@5: 0.0381 recall@10: 0.0637 recall@20: 0.1048 ] [ndcg@5: 0.0444 ndcg@10: 0.0523 ndcg@20: 0.0661 ] 
2025-10-02 16:48:30,546 - Epoch  45 Validation set [recall@5: 0.0384 recall@10: 0.0659 recall@20: 0.1060 ] [ndcg@5: 0.0446 ndcg@10: 0.0533 ndcg@20: 0.0668 ] 
2025-10-02 16:48:45,819 - Epoch  48 Validation set [recall@5: 0.0387 recall@10: 0.0652 recall@20: 0.1079 ] [ndcg@5: 0.0453 ndcg@10: 0.0534 ndcg@20: 0.0678 ] 
2025-10-02 16:49:00,204 - Epoch  51 Validation set [recall@5: 0.0384 recall@10: 0.0659 recall@20: 0.1082 ] [ndcg@5: 0.0454 ndcg@10: 0.0540 ndcg@20: 0.0682 ] 
2025-10-02 16:49:15,979 - Epoch  54 Validation set [recall@5: 0.0390 recall@10: 0.0666 recall@20: 0.1083 ] [ndcg@5: 0.0460 ndcg@10: 0.0547 ndcg@20: 0.0687 ] 
2025-10-02 16:49:30,904 - Epoch  57 Validation set [recall@5: 0.0399 recall@10: 0.0673 recall@20: 0.1106 ] [ndcg@5: 0.0465 ndcg@10: 0.0551 ndcg@20: 0.0697 ] 
2025-10-02 16:49:46,694 - Epoch  60 Validation set [recall@5: 0.0397 recall@10: 0.0680 recall@20: 0.1098 ] [ndcg@5: 0.0463 ndcg@10: 0.0552 ndcg@20: 0.0693 ] 
2025-10-02 16:50:02,219 - Epoch  63 Validation set [recall@5: 0.0404 recall@10: 0.0672 recall@20: 0.1094 ] [ndcg@5: 0.0471 ndcg@10: 0.0554 ndcg@20: 0.0696 ] 
2025-10-02 16:50:18,236 - Epoch  66 Validation set [recall@5: 0.0401 recall@10: 0.0674 recall@20: 0.1099 ] [ndcg@5: 0.0472 ndcg@10: 0.0556 ndcg@20: 0.0701 ] 
2025-10-02 16:50:33,129 - Epoch  69 Validation set [recall@5: 0.0406 recall@10: 0.0683 recall@20: 0.1117 ] [ndcg@5: 0.0474 ndcg@10: 0.0562 ndcg@20: 0.0708 ] 
2025-10-02 16:50:49,062 - Epoch  72 Validation set [recall@5: 0.0413 recall@10: 0.0702 recall@20: 0.1131 ] [ndcg@5: 0.0483 ndcg@10: 0.0574 ndcg@20: 0.0719 ] 
2025-10-02 16:51:05,224 - Epoch  75 Validation set [recall@5: 0.0421 recall@10: 0.0693 recall@20: 0.1132 ] [ndcg@5: 0.0491 ndcg@10: 0.0573 ndcg@20: 0.0722 ] 
2025-10-02 16:51:20,072 - Epoch  78 Validation set [recall@5: 0.0414 recall@10: 0.0702 recall@20: 0.1148 ] [ndcg@5: 0.0488 ndcg@10: 0.0580 ndcg@20: 0.0728 ] 
2025-10-02 16:51:35,759 - Epoch  81 Validation set [recall@5: 0.0418 recall@10: 0.0704 recall@20: 0.1148 ] [ndcg@5: 0.0494 ndcg@10: 0.0585 ndcg@20: 0.0733 ] 
2025-10-02 16:51:51,327 - Epoch  84 Validation set [recall@5: 0.0420 recall@10: 0.0697 recall@20: 0.1147 ] [ndcg@5: 0.0494 ndcg@10: 0.0581 ndcg@20: 0.0732 ] 
2025-10-02 16:52:06,135 - Epoch  87 Validation set [recall@5: 0.0413 recall@10: 0.0704 recall@20: 0.1151 ] [ndcg@5: 0.0491 ndcg@10: 0.0584 ndcg@20: 0.0733 ] 
2025-10-02 16:52:21,993 - Epoch  90 Validation set [recall@5: 0.0413 recall@10: 0.0707 recall@20: 0.1157 ] [ndcg@5: 0.0490 ndcg@10: 0.0584 ndcg@20: 0.0734 ] 
2025-10-02 16:52:37,478 - Epoch  93 Validation set [recall@5: 0.0419 recall@10: 0.0709 recall@20: 0.1169 ] [ndcg@5: 0.0492 ndcg@10: 0.0584 ndcg@20: 0.0738 ] 
2025-10-02 16:52:52,036 - Epoch  96 Validation set [recall@5: 0.0420 recall@10: 0.0716 recall@20: 0.1159 ] [ndcg@5: 0.0492 ndcg@10: 0.0584 ndcg@20: 0.0733 ] 
2025-10-02 16:53:07,453 - Epoch  99 Validation set [recall@5: 0.0431 recall@10: 0.0723 recall@20: 0.1168 ] [ndcg@5: 0.0505 ndcg@10: 0.0595 ndcg@20: 0.0743 ] 
2025-10-02 16:53:22,869 - Epoch 102 Validation set [recall@5: 0.0438 recall@10: 0.0733 recall@20: 0.1178 ] [ndcg@5: 0.0507 ndcg@10: 0.0600 ndcg@20: 0.0749 ] 
2025-10-02 16:53:38,231 - Epoch 105 Validation set [recall@5: 0.0433 recall@10: 0.0723 recall@20: 0.1164 ] [ndcg@5: 0.0501 ndcg@10: 0.0590 ndcg@20: 0.0739 ] 
2025-10-02 16:53:53,416 - Epoch 108 Validation set [recall@5: 0.0433 recall@10: 0.0734 recall@20: 0.1171 ] [ndcg@5: 0.0500 ndcg@10: 0.0597 ndcg@20: 0.0743 ] 
2025-10-02 16:54:09,544 - Epoch 111 Validation set [recall@5: 0.0438 recall@10: 0.0726 recall@20: 0.1176 ] [ndcg@5: 0.0507 ndcg@10: 0.0597 ndcg@20: 0.0749 ] 
2025-10-02 16:54:25,185 - Epoch 114 Validation set [recall@5: 0.0438 recall@10: 0.0736 recall@20: 0.1193 ] [ndcg@5: 0.0509 ndcg@10: 0.0603 ndcg@20: 0.0756 ] 
2025-10-02 16:54:40,389 - Epoch 117 Validation set [recall@5: 0.0442 recall@10: 0.0728 recall@20: 0.1190 ] [ndcg@5: 0.0511 ndcg@10: 0.0600 ndcg@20: 0.0756 ] 
2025-10-02 16:54:56,259 - Epoch 120 Validation set [recall@5: 0.0445 recall@10: 0.0747 recall@20: 0.1217 ] [ndcg@5: 0.0515 ndcg@10: 0.0610 ndcg@20: 0.0769 ] 
2025-10-02 16:55:11,324 - Epoch 123 Validation set [recall@5: 0.0452 recall@10: 0.0743 recall@20: 0.1212 ] [ndcg@5: 0.0519 ndcg@10: 0.0608 ndcg@20: 0.0767 ] 
2025-10-02 16:55:25,813 - Epoch 126 Validation set [recall@5: 0.0457 recall@10: 0.0750 recall@20: 0.1210 ] [ndcg@5: 0.0522 ndcg@10: 0.0612 ndcg@20: 0.0768 ] 
2025-10-02 16:55:40,911 - Epoch 129 Validation set [recall@5: 0.0444 recall@10: 0.0742 recall@20: 0.1195 ] [ndcg@5: 0.0512 ndcg@10: 0.0606 ndcg@20: 0.0760 ] 
2025-10-02 16:55:55,371 - Epoch 132 Validation set [recall@5: 0.0444 recall@10: 0.0740 recall@20: 0.1199 ] [ndcg@5: 0.0515 ndcg@10: 0.0608 ndcg@20: 0.0763 ] 
2025-10-02 16:56:09,573 - Epoch 135 Validation set [recall@5: 0.0449 recall@10: 0.0749 recall@20: 0.1190 ] [ndcg@5: 0.0515 ndcg@10: 0.0609 ndcg@20: 0.0758 ] 
2025-10-02 16:56:11,594 - [recall@5: 0.0445 recall@10: 0.0747 recall@20: 0.1217 ] [ndcg@5: 0.0515 ndcg@10: 0.0610 ndcg@20: 0.0769 ] 
2025-10-02 16:56:13,592 - [recall@5: 0.0437 recall@10: 0.0735 recall@20: 0.1208 ] [ndcg@5: 0.0500 ndcg@10: 0.0594 ndcg@20: 0.0756 ] 
2025-10-02 16:56:13,603 - Save model parameters to ./encoder/checkpoint/lightgcn_rgcn/lightgcn_rgcn-yelp-2023.pth
2025-10-02 16:56:13,603 - Best Epoch 120. Final test result: {'recall': array([0.04367553, 0.07354289, 0.12082974]), 'ndcg': array([0.04999415, 0.05939457, 0.07562881])}.
