2025-10-02 17:18:12,925 - {'optimizer': {'name': 'adam', 'lr': 0.001, 'weight_decay': 0}, 'train': {'epoch': 3000, 'batch_size': 4096, 'save_model': True, 'loss': 'pairwise', 'test_step': 3, 'reproducible': True, 'seed': 2023, 'patience': 5}, 'test': {'metrics': ['recall', 'ndcg'], 'k': [5, 10, 20], 'batch_size': 1024}, 'data': {'type': 'general_agcf', 'name': 'yelp', 'mat_type': 'uai', 'pre_norm': True, 'user_num': 11091, 'item_num': 11010, 'user_item_num': 22101, 'attr_num': 2607}, 'model': {'name': 'lightgcn_rgcn', 'label': 'ori', 'keep_rate': 0.9, 'embedding_size': 64, 'use_unify_layer_num': True, 'layer_num': 10, 'reg_weight': 1e-06, 'amazon': {'keep_rate': 0.9, 'layer_num': 3, 'reg_weight': 1e-07, 'eps': 0.1}, 'yelp': {'keep_rate': 0.9, 'layer_num': 10, 'reg_weight': 1e-06, 'eps': 0.1}, 'steam': {'keep_rate': 0.8, 'layer_num': 3, 'reg_weight': 1e-07, 'eps': 0.2}, 'Office': {'keep_rate': 0.9, 'layer_num': 3, 'reg_weight': 5e-06, 'eps': 0.1}}}
2025-10-02 17:18:22,020 - Epoch   0 Validation set [recall@5: 0.0080 recall@10: 0.0134 recall@20: 0.0231 ] [ndcg@5: 0.0095 ndcg@10: 0.0114 ndcg@20: 0.0146 ] 
2025-10-02 17:18:37,917 - Epoch   3 Validation set [recall@5: 0.0080 recall@10: 0.0142 recall@20: 0.0239 ] [ndcg@5: 0.0099 ndcg@10: 0.0118 ndcg@20: 0.0151 ] 
2025-10-02 17:18:53,357 - Epoch   6 Validation set [recall@5: 0.0144 recall@10: 0.0254 recall@20: 0.0433 ] [ndcg@5: 0.0179 ndcg@10: 0.0212 ndcg@20: 0.0273 ] 
2025-10-02 17:19:08,980 - Epoch   9 Validation set [recall@5: 0.0229 recall@10: 0.0366 recall@20: 0.0593 ] [ndcg@5: 0.0272 ndcg@10: 0.0309 ndcg@20: 0.0383 ] 
2025-10-02 17:19:24,281 - Epoch  12 Validation set [recall@5: 0.0258 recall@10: 0.0445 recall@20: 0.0720 ] [ndcg@5: 0.0314 ndcg@10: 0.0369 ndcg@20: 0.0461 ] 
2025-10-02 17:19:39,114 - Epoch  15 Validation set [recall@5: 0.0291 recall@10: 0.0497 recall@20: 0.0804 ] [ndcg@5: 0.0348 ndcg@10: 0.0410 ndcg@20: 0.0512 ] 
2025-10-02 17:19:53,410 - Epoch  18 Validation set [recall@5: 0.0295 recall@10: 0.0495 recall@20: 0.0804 ] [ndcg@5: 0.0353 ndcg@10: 0.0409 ndcg@20: 0.0512 ] 
2025-10-02 17:20:07,592 - Epoch  21 Validation set [recall@5: 0.0313 recall@10: 0.0539 recall@20: 0.0856 ] [ndcg@5: 0.0372 ndcg@10: 0.0441 ndcg@20: 0.0546 ] 
2025-10-02 17:20:22,304 - Epoch  24 Validation set [recall@5: 0.0324 recall@10: 0.0544 recall@20: 0.0871 ] [ndcg@5: 0.0382 ndcg@10: 0.0447 ndcg@20: 0.0555 ] 
2025-10-02 17:20:36,464 - Epoch  27 Validation set [recall@5: 0.0329 recall@10: 0.0561 recall@20: 0.0905 ] [ndcg@5: 0.0390 ndcg@10: 0.0461 ndcg@20: 0.0576 ] 
2025-10-02 17:20:51,427 - Epoch  30 Validation set [recall@5: 0.0338 recall@10: 0.0570 recall@20: 0.0918 ] [ndcg@5: 0.0398 ndcg@10: 0.0468 ndcg@20: 0.0584 ] 
2025-10-02 17:21:06,930 - Epoch  33 Validation set [recall@5: 0.0336 recall@10: 0.0578 recall@20: 0.0918 ] [ndcg@5: 0.0399 ndcg@10: 0.0473 ndcg@20: 0.0587 ] 
2025-10-02 17:21:21,807 - Epoch  36 Validation set [recall@5: 0.0338 recall@10: 0.0577 recall@20: 0.0934 ] [ndcg@5: 0.0400 ndcg@10: 0.0474 ndcg@20: 0.0592 ] 
2025-10-02 17:21:37,230 - Epoch  39 Validation set [recall@5: 0.0334 recall@10: 0.0573 recall@20: 0.0923 ] [ndcg@5: 0.0398 ndcg@10: 0.0471 ndcg@20: 0.0588 ] 
2025-10-02 17:21:51,300 - Epoch  42 Validation set [recall@5: 0.0342 recall@10: 0.0586 recall@20: 0.0942 ] [ndcg@5: 0.0407 ndcg@10: 0.0480 ndcg@20: 0.0600 ] 
2025-10-02 17:22:05,778 - Epoch  45 Validation set [recall@5: 0.0346 recall@10: 0.0594 recall@20: 0.0964 ] [ndcg@5: 0.0409 ndcg@10: 0.0484 ndcg@20: 0.0610 ] 
2025-10-02 17:22:19,861 - Epoch  48 Validation set [recall@5: 0.0346 recall@10: 0.0597 recall@20: 0.0981 ] [ndcg@5: 0.0414 ndcg@10: 0.0490 ndcg@20: 0.0620 ] 
2025-10-02 17:22:33,917 - Epoch  51 Validation set [recall@5: 0.0347 recall@10: 0.0587 recall@20: 0.0956 ] [ndcg@5: 0.0411 ndcg@10: 0.0485 ndcg@20: 0.0608 ] 
2025-10-02 17:22:49,010 - Epoch  54 Validation set [recall@5: 0.0351 recall@10: 0.0604 recall@20: 0.0986 ] [ndcg@5: 0.0419 ndcg@10: 0.0496 ndcg@20: 0.0625 ] 
2025-10-02 17:23:04,197 - Epoch  57 Validation set [recall@5: 0.0356 recall@10: 0.0605 recall@20: 0.0992 ] [ndcg@5: 0.0425 ndcg@10: 0.0501 ndcg@20: 0.0632 ] 
2025-10-02 17:23:18,921 - Epoch  60 Validation set [recall@5: 0.0359 recall@10: 0.0619 recall@20: 0.0989 ] [ndcg@5: 0.0425 ndcg@10: 0.0506 ndcg@20: 0.0632 ] 
2025-10-02 17:23:33,551 - Epoch  63 Validation set [recall@5: 0.0354 recall@10: 0.0611 recall@20: 0.0990 ] [ndcg@5: 0.0421 ndcg@10: 0.0500 ndcg@20: 0.0630 ] 
2025-10-02 17:23:48,398 - Epoch  66 Validation set [recall@5: 0.0368 recall@10: 0.0617 recall@20: 0.1017 ] [ndcg@5: 0.0434 ndcg@10: 0.0510 ndcg@20: 0.0645 ] 
2025-10-02 17:24:02,596 - Epoch  69 Validation set [recall@5: 0.0370 recall@10: 0.0636 recall@20: 0.1036 ] [ndcg@5: 0.0434 ndcg@10: 0.0520 ndcg@20: 0.0655 ] 
2025-10-02 17:24:16,993 - Epoch  72 Validation set [recall@5: 0.0373 recall@10: 0.0633 recall@20: 0.1016 ] [ndcg@5: 0.0439 ndcg@10: 0.0519 ndcg@20: 0.0650 ] 
2025-10-02 17:24:31,168 - Epoch  75 Validation set [recall@5: 0.0378 recall@10: 0.0637 recall@20: 0.1035 ] [ndcg@5: 0.0447 ndcg@10: 0.0528 ndcg@20: 0.0663 ] 
2025-10-02 17:24:45,146 - Epoch  78 Validation set [recall@5: 0.0375 recall@10: 0.0636 recall@20: 0.1039 ] [ndcg@5: 0.0441 ndcg@10: 0.0524 ndcg@20: 0.0659 ] 
2025-10-02 17:24:59,622 - Epoch  81 Validation set [recall@5: 0.0384 recall@10: 0.0655 recall@20: 0.1058 ] [ndcg@5: 0.0454 ndcg@10: 0.0540 ndcg@20: 0.0676 ] 
2025-10-02 17:25:14,624 - Epoch  84 Validation set [recall@5: 0.0381 recall@10: 0.0641 recall@20: 0.1038 ] [ndcg@5: 0.0449 ndcg@10: 0.0529 ndcg@20: 0.0663 ] 
2025-10-02 17:25:29,322 - Epoch  87 Validation set [recall@5: 0.0383 recall@10: 0.0642 recall@20: 0.1048 ] [ndcg@5: 0.0452 ndcg@10: 0.0533 ndcg@20: 0.0670 ] 
2025-10-02 17:25:43,837 - Epoch  90 Validation set [recall@5: 0.0384 recall@10: 0.0649 recall@20: 0.1055 ] [ndcg@5: 0.0452 ndcg@10: 0.0533 ndcg@20: 0.0670 ] 
2025-10-02 17:25:58,212 - Epoch  93 Validation set [recall@5: 0.0381 recall@10: 0.0643 recall@20: 0.1071 ] [ndcg@5: 0.0448 ndcg@10: 0.0531 ndcg@20: 0.0675 ] 
2025-10-02 17:26:12,753 - Epoch  96 Validation set [recall@5: 0.0382 recall@10: 0.0650 recall@20: 0.1064 ] [ndcg@5: 0.0450 ndcg@10: 0.0535 ndcg@20: 0.0675 ] 
2025-10-02 17:26:27,890 - Epoch  99 Validation set [recall@5: 0.0392 recall@10: 0.0671 recall@20: 0.1077 ] [ndcg@5: 0.0465 ndcg@10: 0.0553 ndcg@20: 0.0688 ] 
2025-10-02 17:26:42,358 - Epoch 102 Validation set [recall@5: 0.0391 recall@10: 0.0669 recall@20: 0.1092 ] [ndcg@5: 0.0460 ndcg@10: 0.0547 ndcg@20: 0.0690 ] 
2025-10-02 17:26:56,633 - Epoch 105 Validation set [recall@5: 0.0392 recall@10: 0.0668 recall@20: 0.1079 ] [ndcg@5: 0.0460 ndcg@10: 0.0546 ndcg@20: 0.0684 ] 
2025-10-02 17:27:10,901 - Epoch 108 Validation set [recall@5: 0.0399 recall@10: 0.0663 recall@20: 0.1080 ] [ndcg@5: 0.0467 ndcg@10: 0.0548 ndcg@20: 0.0689 ] 
2025-10-02 17:27:25,927 - Epoch 111 Validation set [recall@5: 0.0400 recall@10: 0.0682 recall@20: 0.1103 ] [ndcg@5: 0.0472 ndcg@10: 0.0558 ndcg@20: 0.0703 ] 
2025-10-02 17:27:40,368 - Epoch 114 Validation set [recall@5: 0.0397 recall@10: 0.0671 recall@20: 0.1098 ] [ndcg@5: 0.0464 ndcg@10: 0.0550 ndcg@20: 0.0694 ] 
2025-10-02 17:27:55,864 - Epoch 117 Validation set [recall@5: 0.0407 recall@10: 0.0685 recall@20: 0.1108 ] [ndcg@5: 0.0473 ndcg@10: 0.0560 ndcg@20: 0.0703 ] 
2025-10-02 17:28:10,802 - Epoch 120 Validation set [recall@5: 0.0410 recall@10: 0.0700 recall@20: 0.1121 ] [ndcg@5: 0.0483 ndcg@10: 0.0572 ndcg@20: 0.0715 ] 
2025-10-02 17:28:25,227 - Epoch 123 Validation set [recall@5: 0.0404 recall@10: 0.0683 recall@20: 0.1114 ] [ndcg@5: 0.0469 ndcg@10: 0.0556 ndcg@20: 0.0703 ] 
2025-10-02 17:28:39,204 - Epoch 126 Validation set [recall@5: 0.0407 recall@10: 0.0669 recall@20: 0.1108 ] [ndcg@5: 0.0469 ndcg@10: 0.0549 ndcg@20: 0.0699 ] 
2025-10-02 17:28:53,354 - Epoch 129 Validation set [recall@5: 0.0411 recall@10: 0.0691 recall@20: 0.1125 ] [ndcg@5: 0.0479 ndcg@10: 0.0565 ndcg@20: 0.0712 ] 
2025-10-02 17:29:07,784 - Epoch 132 Validation set [recall@5: 0.0414 recall@10: 0.0697 recall@20: 0.1134 ] [ndcg@5: 0.0481 ndcg@10: 0.0571 ndcg@20: 0.0719 ] 
2025-10-02 17:29:22,004 - Epoch 135 Validation set [recall@5: 0.0409 recall@10: 0.0688 recall@20: 0.1113 ] [ndcg@5: 0.0476 ndcg@10: 0.0562 ndcg@20: 0.0706 ] 
2025-10-02 17:29:37,035 - Epoch 138 Validation set [recall@5: 0.0411 recall@10: 0.0697 recall@20: 0.1117 ] [ndcg@5: 0.0478 ndcg@10: 0.0570 ndcg@20: 0.0711 ] 
2025-10-02 17:29:51,864 - Epoch 141 Validation set [recall@5: 0.0409 recall@10: 0.0701 recall@20: 0.1121 ] [ndcg@5: 0.0479 ndcg@10: 0.0571 ndcg@20: 0.0714 ] 
2025-10-02 17:30:06,177 - Epoch 144 Validation set [recall@5: 0.0418 recall@10: 0.0697 recall@20: 0.1120 ] [ndcg@5: 0.0487 ndcg@10: 0.0573 ndcg@20: 0.0716 ] 
2025-10-02 17:30:20,869 - Epoch 147 Validation set [recall@5: 0.0406 recall@10: 0.0703 recall@20: 0.1127 ] [ndcg@5: 0.0475 ndcg@10: 0.0571 ndcg@20: 0.0714 ] 
2025-10-02 17:30:22,857 - [recall@5: 0.0414 recall@10: 0.0697 recall@20: 0.1134 ] [ndcg@5: 0.0481 ndcg@10: 0.0571 ndcg@20: 0.0719 ] 
2025-10-02 17:30:24,827 - [recall@5: 0.0387 recall@10: 0.0678 recall@20: 0.1141 ] [ndcg@5: 0.0457 ndcg@10: 0.0554 ndcg@20: 0.0712 ] 
2025-10-02 17:30:24,836 - Save model parameters to ./encoder/checkpoint/lightgcn_rgcn/lightgcn_rgcn-yelp-2023.pth
2025-10-02 17:30:24,837 - Best Epoch 132. Final test result: {'recall': array([0.03874993, 0.06783108, 0.11412124]), 'ndcg': array([0.04572456, 0.05540792, 0.07121239])}.
