2025-10-02 16:56:17,128 - {'optimizer': {'name': 'adam', 'lr': 0.001, 'weight_decay': 0}, 'train': {'epoch': 3000, 'batch_size': 4096, 'save_model': True, 'loss': 'pairwise', 'test_step': 3, 'reproducible': True, 'seed': 2023, 'patience': 5}, 'test': {'metrics': ['recall', 'ndcg'], 'k': [5, 10, 20], 'batch_size': 1024}, 'data': {'type': 'general_agcf', 'name': 'yelp', 'mat_type': 'uai', 'pre_norm': True, 'user_num': 11091, 'item_num': 11010, 'user_item_num': 22101, 'attr_num': 2607}, 'model': {'name': 'lightgcn_rgcn', 'label': 'ori', 'keep_rate': 0.9, 'embedding_size': 64, 'use_unify_layer_num': True, 'layer_num': 8, 'reg_weight': 1e-06, 'amazon': {'keep_rate': 0.9, 'layer_num': 3, 'reg_weight': 1e-07, 'eps': 0.1}, 'yelp': {'keep_rate': 0.9, 'layer_num': 8, 'reg_weight': 1e-06, 'eps': 0.1}, 'steam': {'keep_rate': 0.8, 'layer_num': 3, 'reg_weight': 1e-07, 'eps': 0.2}, 'Office': {'keep_rate': 0.9, 'layer_num': 3, 'reg_weight': 5e-06, 'eps': 0.1}}}
2025-10-02 16:56:25,486 - Epoch   0 Validation set [recall@5: 0.0081 recall@10: 0.0135 recall@20: 0.0232 ] [ndcg@5: 0.0096 ndcg@10: 0.0114 ndcg@20: 0.0147 ] 
2025-10-02 16:56:39,573 - Epoch   3 Validation set [recall@5: 0.0097 recall@10: 0.0155 recall@20: 0.0281 ] [ndcg@5: 0.0114 ndcg@10: 0.0130 ndcg@20: 0.0174 ] 
2025-10-02 16:56:53,996 - Epoch   6 Validation set [recall@5: 0.0223 recall@10: 0.0371 recall@20: 0.0583 ] [ndcg@5: 0.0265 ndcg@10: 0.0308 ndcg@20: 0.0377 ] 
2025-10-02 16:57:07,573 - Epoch   9 Validation set [recall@5: 0.0280 recall@10: 0.0481 recall@20: 0.0763 ] [ndcg@5: 0.0335 ndcg@10: 0.0395 ndcg@20: 0.0491 ] 
2025-10-02 16:57:22,641 - Epoch  12 Validation set [recall@5: 0.0309 recall@10: 0.0529 recall@20: 0.0838 ] [ndcg@5: 0.0365 ndcg@10: 0.0433 ndcg@20: 0.0536 ] 
2025-10-02 16:57:37,609 - Epoch  15 Validation set [recall@5: 0.0323 recall@10: 0.0548 recall@20: 0.0874 ] [ndcg@5: 0.0380 ndcg@10: 0.0448 ndcg@20: 0.0556 ] 
2025-10-02 16:57:52,361 - Epoch  18 Validation set [recall@5: 0.0331 recall@10: 0.0559 recall@20: 0.0900 ] [ndcg@5: 0.0388 ndcg@10: 0.0458 ndcg@20: 0.0570 ] 
2025-10-02 16:58:06,708 - Epoch  21 Validation set [recall@5: 0.0335 recall@10: 0.0565 recall@20: 0.0915 ] [ndcg@5: 0.0396 ndcg@10: 0.0467 ndcg@20: 0.0583 ] 
2025-10-02 16:58:20,730 - Epoch  24 Validation set [recall@5: 0.0349 recall@10: 0.0581 recall@20: 0.0936 ] [ndcg@5: 0.0407 ndcg@10: 0.0478 ndcg@20: 0.0596 ] 
2025-10-02 16:58:34,076 - Epoch  27 Validation set [recall@5: 0.0356 recall@10: 0.0594 recall@20: 0.0953 ] [ndcg@5: 0.0416 ndcg@10: 0.0488 ndcg@20: 0.0608 ] 
2025-10-02 16:58:47,586 - Epoch  30 Validation set [recall@5: 0.0363 recall@10: 0.0603 recall@20: 0.0971 ] [ndcg@5: 0.0419 ndcg@10: 0.0492 ndcg@20: 0.0615 ] 
2025-10-02 16:59:01,175 - Epoch  33 Validation set [recall@5: 0.0363 recall@10: 0.0606 recall@20: 0.0978 ] [ndcg@5: 0.0423 ndcg@10: 0.0496 ndcg@20: 0.0621 ] 
2025-10-02 16:59:14,427 - Epoch  36 Validation set [recall@5: 0.0362 recall@10: 0.0613 recall@20: 0.0985 ] [ndcg@5: 0.0424 ndcg@10: 0.0503 ndcg@20: 0.0628 ] 
2025-10-02 16:59:27,687 - Epoch  39 Validation set [recall@5: 0.0367 recall@10: 0.0622 recall@20: 0.1014 ] [ndcg@5: 0.0432 ndcg@10: 0.0510 ndcg@20: 0.0641 ] 
2025-10-02 16:59:41,993 - Epoch  42 Validation set [recall@5: 0.0371 recall@10: 0.0625 recall@20: 0.1021 ] [ndcg@5: 0.0436 ndcg@10: 0.0513 ndcg@20: 0.0647 ] 
2025-10-02 16:59:56,953 - Epoch  45 Validation set [recall@5: 0.0375 recall@10: 0.0641 recall@20: 0.1028 ] [ndcg@5: 0.0437 ndcg@10: 0.0520 ndcg@20: 0.0650 ] 
2025-10-02 17:00:10,953 - Epoch  48 Validation set [recall@5: 0.0379 recall@10: 0.0639 recall@20: 0.1049 ] [ndcg@5: 0.0442 ndcg@10: 0.0523 ndcg@20: 0.0661 ] 
2025-10-02 17:00:24,841 - Epoch  51 Validation set [recall@5: 0.0381 recall@10: 0.0642 recall@20: 0.1056 ] [ndcg@5: 0.0450 ndcg@10: 0.0528 ndcg@20: 0.0667 ] 
2025-10-02 17:00:37,832 - Epoch  54 Validation set [recall@5: 0.0380 recall@10: 0.0643 recall@20: 0.1058 ] [ndcg@5: 0.0450 ndcg@10: 0.0531 ndcg@20: 0.0670 ] 
2025-10-02 17:00:52,100 - Epoch  57 Validation set [recall@5: 0.0384 recall@10: 0.0658 recall@20: 0.1068 ] [ndcg@5: 0.0451 ndcg@10: 0.0538 ndcg@20: 0.0675 ] 
2025-10-02 17:01:05,153 - Epoch  60 Validation set [recall@5: 0.0388 recall@10: 0.0660 recall@20: 0.1072 ] [ndcg@5: 0.0452 ndcg@10: 0.0536 ndcg@20: 0.0676 ] 
2025-10-02 17:01:18,577 - Epoch  63 Validation set [recall@5: 0.0395 recall@10: 0.0657 recall@20: 0.1060 ] [ndcg@5: 0.0460 ndcg@10: 0.0541 ndcg@20: 0.0677 ] 
2025-10-02 17:01:32,263 - Epoch  66 Validation set [recall@5: 0.0394 recall@10: 0.0659 recall@20: 0.1083 ] [ndcg@5: 0.0462 ndcg@10: 0.0544 ndcg@20: 0.0687 ] 
2025-10-02 17:01:46,532 - Epoch  69 Validation set [recall@5: 0.0394 recall@10: 0.0671 recall@20: 0.1096 ] [ndcg@5: 0.0462 ndcg@10: 0.0551 ndcg@20: 0.0694 ] 
2025-10-02 17:02:00,343 - Epoch  72 Validation set [recall@5: 0.0402 recall@10: 0.0682 recall@20: 0.1103 ] [ndcg@5: 0.0473 ndcg@10: 0.0562 ndcg@20: 0.0703 ] 
2025-10-02 17:02:14,470 - Epoch  75 Validation set [recall@5: 0.0414 recall@10: 0.0682 recall@20: 0.1107 ] [ndcg@5: 0.0481 ndcg@10: 0.0564 ndcg@20: 0.0708 ] 
2025-10-02 17:02:28,008 - Epoch  78 Validation set [recall@5: 0.0405 recall@10: 0.0691 recall@20: 0.1109 ] [ndcg@5: 0.0475 ndcg@10: 0.0565 ndcg@20: 0.0707 ] 
2025-10-02 17:02:41,619 - Epoch  81 Validation set [recall@5: 0.0405 recall@10: 0.0697 recall@20: 0.1119 ] [ndcg@5: 0.0477 ndcg@10: 0.0572 ndcg@20: 0.0714 ] 
2025-10-02 17:02:55,577 - Epoch  84 Validation set [recall@5: 0.0407 recall@10: 0.0685 recall@20: 0.1120 ] [ndcg@5: 0.0481 ndcg@10: 0.0567 ndcg@20: 0.0713 ] 
2025-10-02 17:03:08,670 - Epoch  87 Validation set [recall@5: 0.0402 recall@10: 0.0681 recall@20: 0.1125 ] [ndcg@5: 0.0477 ndcg@10: 0.0565 ndcg@20: 0.0714 ] 
2025-10-02 17:03:22,551 - Epoch  90 Validation set [recall@5: 0.0403 recall@10: 0.0693 recall@20: 0.1134 ] [ndcg@5: 0.0478 ndcg@10: 0.0570 ndcg@20: 0.0718 ] 
2025-10-02 17:03:35,877 - Epoch  93 Validation set [recall@5: 0.0409 recall@10: 0.0688 recall@20: 0.1146 ] [ndcg@5: 0.0479 ndcg@10: 0.0569 ndcg@20: 0.0722 ] 
2025-10-02 17:03:50,659 - Epoch  96 Validation set [recall@5: 0.0415 recall@10: 0.0700 recall@20: 0.1133 ] [ndcg@5: 0.0482 ndcg@10: 0.0571 ndcg@20: 0.0716 ] 
2025-10-02 17:04:04,252 - Epoch  99 Validation set [recall@5: 0.0421 recall@10: 0.0712 recall@20: 0.1142 ] [ndcg@5: 0.0494 ndcg@10: 0.0584 ndcg@20: 0.0727 ] 
2025-10-02 17:04:17,425 - Epoch 102 Validation set [recall@5: 0.0422 recall@10: 0.0710 recall@20: 0.1155 ] [ndcg@5: 0.0491 ndcg@10: 0.0581 ndcg@20: 0.0730 ] 
2025-10-02 17:04:31,160 - Epoch 105 Validation set [recall@5: 0.0418 recall@10: 0.0701 recall@20: 0.1129 ] [ndcg@5: 0.0484 ndcg@10: 0.0572 ndcg@20: 0.0716 ] 
2025-10-02 17:04:44,706 - Epoch 108 Validation set [recall@5: 0.0421 recall@10: 0.0711 recall@20: 0.1135 ] [ndcg@5: 0.0486 ndcg@10: 0.0578 ndcg@20: 0.0721 ] 
2025-10-02 17:04:59,334 - Epoch 111 Validation set [recall@5: 0.0426 recall@10: 0.0712 recall@20: 0.1167 ] [ndcg@5: 0.0496 ndcg@10: 0.0587 ndcg@20: 0.0739 ] 
2025-10-02 17:05:14,182 - Epoch 114 Validation set [recall@5: 0.0429 recall@10: 0.0713 recall@20: 0.1169 ] [ndcg@5: 0.0497 ndcg@10: 0.0585 ndcg@20: 0.0738 ] 
2025-10-02 17:05:27,803 - Epoch 117 Validation set [recall@5: 0.0424 recall@10: 0.0717 recall@20: 0.1170 ] [ndcg@5: 0.0499 ndcg@10: 0.0591 ndcg@20: 0.0743 ] 
2025-10-02 17:05:42,299 - Epoch 120 Validation set [recall@5: 0.0438 recall@10: 0.0734 recall@20: 0.1192 ] [ndcg@5: 0.0509 ndcg@10: 0.0600 ndcg@20: 0.0755 ] 
2025-10-02 17:05:55,813 - Epoch 123 Validation set [recall@5: 0.0441 recall@10: 0.0732 recall@20: 0.1178 ] [ndcg@5: 0.0508 ndcg@10: 0.0597 ndcg@20: 0.0749 ] 
2025-10-02 17:06:09,896 - Epoch 126 Validation set [recall@5: 0.0437 recall@10: 0.0721 recall@20: 0.1174 ] [ndcg@5: 0.0499 ndcg@10: 0.0589 ndcg@20: 0.0742 ] 
2025-10-02 17:06:23,171 - Epoch 129 Validation set [recall@5: 0.0431 recall@10: 0.0728 recall@20: 0.1173 ] [ndcg@5: 0.0501 ndcg@10: 0.0594 ndcg@20: 0.0745 ] 
2025-10-02 17:06:36,974 - Epoch 132 Validation set [recall@5: 0.0433 recall@10: 0.0726 recall@20: 0.1177 ] [ndcg@5: 0.0503 ndcg@10: 0.0596 ndcg@20: 0.0748 ] 
2025-10-02 17:06:50,740 - Epoch 135 Validation set [recall@5: 0.0431 recall@10: 0.0720 recall@20: 0.1164 ] [ndcg@5: 0.0498 ndcg@10: 0.0589 ndcg@20: 0.0739 ] 
2025-10-02 17:06:52,761 - [recall@5: 0.0438 recall@10: 0.0734 recall@20: 0.1192 ] [ndcg@5: 0.0509 ndcg@10: 0.0600 ndcg@20: 0.0755 ] 
2025-10-02 17:06:54,754 - [recall@5: 0.0426 recall@10: 0.0720 recall@20: 0.1188 ] [ndcg@5: 0.0493 ndcg@10: 0.0586 ndcg@20: 0.0747 ] 
2025-10-02 17:06:54,765 - Save model parameters to ./encoder/checkpoint/lightgcn_rgcn/lightgcn_rgcn-yelp-2023.pth
2025-10-02 17:06:54,766 - Best Epoch 120. Final test result: {'recall': array([0.04263273, 0.07203949, 0.1188487 ]), 'ndcg': array([0.04927231, 0.058617  , 0.07465511])}.
