2025-10-01 22:25:36,576 - {'optimizer': {'name': 'adam', 'lr': 0.001, 'weight_decay': 0}, 'train': {'epoch': 3000, 'batch_size': 4096, 'save_model': True, 'loss': 'pairwise', 'test_step': 3, 'reproducible': True, 'seed': 2023, 'patience': 5}, 'test': {'metrics': ['recall', 'ndcg'], 'k': [5, 10, 20], 'batch_size': 1024}, 'data': {'type': 'general_agcf', 'name': 'yelp', 'mat_type': 'uai', 'pre_norm': True, 'user_num': 11091, 'item_num': 11010, 'user_item_num': 22101, 'attr_num': 2607}, 'model': {'name': 'lightgcn_rgcn', 'label': 'ori', 'keep_rate': 0.9, 'embedding_size': 64, 'use_unify_layer_num': True, 'layer_num': 4, 'reg_weight': 1e-06, 'amazon': {'keep_rate': 0.9, 'layer_num': 3, 'reg_weight': 1e-07, 'eps': 0.1}, 'yelp': {'keep_rate': 0.9, 'layer_num': 4, 'reg_weight': 1e-06, 'eps': 0.1}, 'steam': {'keep_rate': 0.8, 'layer_num': 3, 'reg_weight': 1e-07, 'eps': 0.2}, 'Office': {'keep_rate': 0.9, 'layer_num': 3, 'reg_weight': 1e-06, 'eps': 0.1}}}
2025-10-01 22:25:42,013 - Epoch   0 Validation set [recall@5: 0.0082 recall@10: 0.0136 recall@20: 0.0241 ] [ndcg@5: 0.0096 ndcg@10: 0.0115 ndcg@20: 0.0150 ] 
2025-10-01 22:25:51,369 - Epoch   3 Validation set [recall@5: 0.0189 recall@10: 0.0332 recall@20: 0.0517 ] [ndcg@5: 0.0216 ndcg@10: 0.0262 ndcg@20: 0.0322 ] 
2025-10-01 22:26:01,145 - Epoch   6 Validation set [recall@5: 0.0293 recall@10: 0.0482 recall@20: 0.0771 ] [ndcg@5: 0.0348 ndcg@10: 0.0404 ndcg@20: 0.0499 ] 
2025-10-01 22:26:12,193 - Epoch   9 Validation set [recall@5: 0.0303 recall@10: 0.0508 recall@20: 0.0816 ] [ndcg@5: 0.0359 ndcg@10: 0.0423 ndcg@20: 0.0524 ] 
2025-10-01 22:26:23,004 - Epoch  12 Validation set [recall@5: 0.0311 recall@10: 0.0525 recall@20: 0.0855 ] [ndcg@5: 0.0365 ndcg@10: 0.0432 ndcg@20: 0.0542 ] 
2025-10-01 22:26:33,474 - Epoch  15 Validation set [recall@5: 0.0323 recall@10: 0.0537 recall@20: 0.0887 ] [ndcg@5: 0.0374 ndcg@10: 0.0441 ndcg@20: 0.0557 ] 
2025-10-01 22:26:43,497 - Epoch  18 Validation set [recall@5: 0.0325 recall@10: 0.0546 recall@20: 0.0920 ] [ndcg@5: 0.0378 ndcg@10: 0.0448 ndcg@20: 0.0572 ] 
2025-10-01 22:26:54,211 - Epoch  21 Validation set [recall@5: 0.0334 recall@10: 0.0565 recall@20: 0.0931 ] [ndcg@5: 0.0388 ndcg@10: 0.0461 ndcg@20: 0.0584 ] 
2025-10-01 22:27:03,984 - Epoch  24 Validation set [recall@5: 0.0340 recall@10: 0.0575 recall@20: 0.0943 ] [ndcg@5: 0.0398 ndcg@10: 0.0472 ndcg@20: 0.0594 ] 
2025-10-01 22:27:13,504 - Epoch  27 Validation set [recall@5: 0.0347 recall@10: 0.0590 recall@20: 0.0961 ] [ndcg@5: 0.0407 ndcg@10: 0.0484 ndcg@20: 0.0609 ] 
2025-10-01 22:27:23,682 - Epoch  30 Validation set [recall@5: 0.0358 recall@10: 0.0596 recall@20: 0.0985 ] [ndcg@5: 0.0419 ndcg@10: 0.0493 ndcg@20: 0.0623 ] 
2025-10-01 22:27:34,499 - Epoch  33 Validation set [recall@5: 0.0368 recall@10: 0.0610 recall@20: 0.1015 ] [ndcg@5: 0.0430 ndcg@10: 0.0503 ndcg@20: 0.0640 ] 
2025-10-01 22:27:44,679 - Epoch  36 Validation set [recall@5: 0.0372 recall@10: 0.0619 recall@20: 0.1035 ] [ndcg@5: 0.0436 ndcg@10: 0.0512 ndcg@20: 0.0651 ] 
2025-10-01 22:27:54,240 - Epoch  39 Validation set [recall@5: 0.0378 recall@10: 0.0635 recall@20: 0.1058 ] [ndcg@5: 0.0439 ndcg@10: 0.0520 ndcg@20: 0.0662 ] 
2025-10-01 22:28:04,233 - Epoch  42 Validation set [recall@5: 0.0383 recall@10: 0.0648 recall@20: 0.1073 ] [ndcg@5: 0.0448 ndcg@10: 0.0532 ndcg@20: 0.0675 ] 
2025-10-01 22:28:14,066 - Epoch  45 Validation set [recall@5: 0.0394 recall@10: 0.0670 recall@20: 0.1091 ] [ndcg@5: 0.0460 ndcg@10: 0.0545 ndcg@20: 0.0686 ] 
2025-10-01 22:28:23,336 - Epoch  48 Validation set [recall@5: 0.0402 recall@10: 0.0681 recall@20: 0.1099 ] [ndcg@5: 0.0466 ndcg@10: 0.0552 ndcg@20: 0.0695 ] 
2025-10-01 22:28:32,088 - Epoch  51 Validation set [recall@5: 0.0407 recall@10: 0.0682 recall@20: 0.1115 ] [ndcg@5: 0.0474 ndcg@10: 0.0559 ndcg@20: 0.0705 ] 
2025-10-01 22:28:40,982 - Epoch  54 Validation set [recall@5: 0.0409 recall@10: 0.0688 recall@20: 0.1124 ] [ndcg@5: 0.0478 ndcg@10: 0.0564 ndcg@20: 0.0711 ] 
2025-10-01 22:28:50,203 - Epoch  57 Validation set [recall@5: 0.0412 recall@10: 0.0701 recall@20: 0.1129 ] [ndcg@5: 0.0483 ndcg@10: 0.0575 ndcg@20: 0.0719 ] 
2025-10-01 22:29:00,602 - Epoch  60 Validation set [recall@5: 0.0407 recall@10: 0.0703 recall@20: 0.1142 ] [ndcg@5: 0.0483 ndcg@10: 0.0577 ndcg@20: 0.0725 ] 
2025-10-01 22:29:10,928 - Epoch  63 Validation set [recall@5: 0.0420 recall@10: 0.0707 recall@20: 0.1153 ] [ndcg@5: 0.0493 ndcg@10: 0.0584 ndcg@20: 0.0733 ] 
2025-10-01 22:29:21,930 - Epoch  66 Validation set [recall@5: 0.0421 recall@10: 0.0704 recall@20: 0.1155 ] [ndcg@5: 0.0497 ndcg@10: 0.0585 ndcg@20: 0.0737 ] 
2025-10-01 22:29:33,012 - Epoch  69 Validation set [recall@5: 0.0425 recall@10: 0.0719 recall@20: 0.1162 ] [ndcg@5: 0.0503 ndcg@10: 0.0596 ndcg@20: 0.0744 ] 
2025-10-01 22:29:43,746 - Epoch  72 Validation set [recall@5: 0.0431 recall@10: 0.0725 recall@20: 0.1176 ] [ndcg@5: 0.0506 ndcg@10: 0.0599 ndcg@20: 0.0751 ] 
2025-10-01 22:29:54,853 - Epoch  75 Validation set [recall@5: 0.0446 recall@10: 0.0730 recall@20: 0.1173 ] [ndcg@5: 0.0521 ndcg@10: 0.0606 ndcg@20: 0.0755 ] 
2025-10-01 22:30:05,766 - Epoch  78 Validation set [recall@5: 0.0447 recall@10: 0.0727 recall@20: 0.1190 ] [ndcg@5: 0.0522 ndcg@10: 0.0609 ndcg@20: 0.0763 ] 
2025-10-01 22:30:18,789 - Epoch  81 Validation set [recall@5: 0.0446 recall@10: 0.0735 recall@20: 0.1197 ] [ndcg@5: 0.0525 ndcg@10: 0.0614 ndcg@20: 0.0769 ] 
2025-10-01 22:30:32,824 - Epoch  84 Validation set [recall@5: 0.0449 recall@10: 0.0737 recall@20: 0.1205 ] [ndcg@5: 0.0526 ndcg@10: 0.0615 ndcg@20: 0.0774 ] 
2025-10-01 22:30:47,067 - Epoch  87 Validation set [recall@5: 0.0448 recall@10: 0.0743 recall@20: 0.1206 ] [ndcg@5: 0.0523 ndcg@10: 0.0614 ndcg@20: 0.0771 ] 
2025-10-01 22:31:01,897 - Epoch  90 Validation set [recall@5: 0.0453 recall@10: 0.0746 recall@20: 0.1218 ] [ndcg@5: 0.0529 ndcg@10: 0.0618 ndcg@20: 0.0777 ] 
2025-10-01 22:31:18,624 - Epoch  93 Validation set [recall@5: 0.0454 recall@10: 0.0742 recall@20: 0.1235 ] [ndcg@5: 0.0529 ndcg@10: 0.0617 ndcg@20: 0.0782 ] 
2025-10-01 22:31:36,824 - Epoch  96 Validation set [recall@5: 0.0454 recall@10: 0.0750 recall@20: 0.1220 ] [ndcg@5: 0.0525 ndcg@10: 0.0616 ndcg@20: 0.0774 ] 
2025-10-01 22:31:56,366 - Epoch  99 Validation set [recall@5: 0.0454 recall@10: 0.0745 recall@20: 0.1222 ] [ndcg@5: 0.0529 ndcg@10: 0.0617 ndcg@20: 0.0778 ] 
2025-10-01 22:32:15,614 - Epoch 102 Validation set [recall@5: 0.0471 recall@10: 0.0755 recall@20: 0.1233 ] [ndcg@5: 0.0540 ndcg@10: 0.0625 ndcg@20: 0.0787 ] 
2025-10-01 22:32:33,716 - Epoch 105 Validation set [recall@5: 0.0466 recall@10: 0.0756 recall@20: 0.1232 ] [ndcg@5: 0.0536 ndcg@10: 0.0625 ndcg@20: 0.0785 ] 
2025-10-01 22:32:47,404 - Epoch 108 Validation set [recall@5: 0.0464 recall@10: 0.0760 recall@20: 0.1231 ] [ndcg@5: 0.0540 ndcg@10: 0.0631 ndcg@20: 0.0790 ] 
2025-10-01 22:32:49,348 - [recall@5: 0.0454 recall@10: 0.0742 recall@20: 0.1235 ] [ndcg@5: 0.0529 ndcg@10: 0.0617 ndcg@20: 0.0782 ] 
2025-10-01 22:32:51,413 - [recall@5: 0.0436 recall@10: 0.0753 recall@20: 0.1224 ] [ndcg@5: 0.0507 ndcg@10: 0.0609 ndcg@20: 0.0770 ] 
2025-10-01 22:32:51,424 - Save model parameters to ./encoder/checkpoint/lightgcn_rgcn/lightgcn_rgcn-yelp-2023.pth
2025-10-01 22:32:51,425 - Best Epoch 93. Final test result: {'recall': array([0.04360284, 0.07533664, 0.12237194]), 'ndcg': array([0.05072747, 0.06091055, 0.07702573])}.
