2025-09-29 17:57:05,650 - {'optimizer': {'name': 'adam', 'lr': 0.001, 'weight_decay': 0}, 'train': {'epoch': 3000, 'batch_size': 4096, 'save_model': True, 'loss': 'pairwise', 'test_step': 3, 'reproducible': True, 'seed': 2023, 'patience': 5}, 'test': {'metrics': ['recall', 'ndcg'], 'k': [5, 10, 20], 'batch_size': 1024}, 'data': {'type': 'general_agcf', 'name': 'yelp', 'mat_type': 'uai', 'pre_norm': True, 'user_num': 11091, 'item_num': 11010, 'user_item_num': 22101, 'attr_num': 2607}, 'model': {'name': 'lightgcn_rgcn', 'label': 'ori', 'keep_rate': 0.8, 'embedding_size': 64, 'use_unify_layer_num': True, 'layer_num': 3, 'reg_weight': 1e-07, 'amazon': {'keep_rate': 0.8, 'layer_num': 3, 'reg_weight': 1e-07, 'eps': 0.1}, 'yelp': {'keep_rate': 0.8, 'layer_num': 3, 'reg_weight': 1e-07, 'eps': 0.1}, 'steam': {'keep_rate': 0.8, 'layer_num': 3, 'reg_weight': 1e-07, 'eps': 0.2}, 'Office': {'keep_rate': 0.9, 'layer_num': 3, 'reg_weight': 1e-06, 'eps': 0.1}}}
2025-09-29 17:57:10,654 - Epoch   0 Validation set [recall@5: 0.0087 recall@10: 0.0148 recall@20: 0.0243 ] [ndcg@5: 0.0109 ndcg@10: 0.0127 ndcg@20: 0.0157 ] 
2025-09-29 17:57:20,491 - Epoch   3 Validation set [recall@5: 0.0199 recall@10: 0.0346 recall@20: 0.0543 ] [ndcg@5: 0.0232 ndcg@10: 0.0276 ndcg@20: 0.0339 ] 
2025-09-29 17:57:30,814 - Epoch   6 Validation set [recall@5: 0.0290 recall@10: 0.0474 recall@20: 0.0776 ] [ndcg@5: 0.0347 ndcg@10: 0.0400 ndcg@20: 0.0501 ] 
2025-09-29 17:57:40,267 - Epoch   9 Validation set [recall@5: 0.0298 recall@10: 0.0503 recall@20: 0.0824 ] [ndcg@5: 0.0352 ndcg@10: 0.0417 ndcg@20: 0.0524 ] 
2025-09-29 17:57:49,954 - Epoch  12 Validation set [recall@5: 0.0305 recall@10: 0.0514 recall@20: 0.0853 ] [ndcg@5: 0.0357 ndcg@10: 0.0422 ndcg@20: 0.0535 ] 
2025-09-29 17:58:00,311 - Epoch  15 Validation set [recall@5: 0.0312 recall@10: 0.0525 recall@20: 0.0872 ] [ndcg@5: 0.0361 ndcg@10: 0.0429 ndcg@20: 0.0544 ] 
2025-09-29 17:58:10,067 - Epoch  18 Validation set [recall@5: 0.0312 recall@10: 0.0534 recall@20: 0.0886 ] [ndcg@5: 0.0362 ndcg@10: 0.0434 ndcg@20: 0.0552 ] 
2025-09-29 17:58:20,207 - Epoch  21 Validation set [recall@5: 0.0320 recall@10: 0.0537 recall@20: 0.0900 ] [ndcg@5: 0.0369 ndcg@10: 0.0438 ndcg@20: 0.0559 ] 
2025-09-29 17:58:30,003 - Epoch  24 Validation set [recall@5: 0.0323 recall@10: 0.0546 recall@20: 0.0912 ] [ndcg@5: 0.0374 ndcg@10: 0.0445 ndcg@20: 0.0568 ] 
2025-09-29 17:58:39,061 - Epoch  27 Validation set [recall@5: 0.0329 recall@10: 0.0559 recall@20: 0.0928 ] [ndcg@5: 0.0382 ndcg@10: 0.0456 ndcg@20: 0.0579 ] 
2025-09-29 17:58:48,723 - Epoch  30 Validation set [recall@5: 0.0337 recall@10: 0.0565 recall@20: 0.0951 ] [ndcg@5: 0.0395 ndcg@10: 0.0466 ndcg@20: 0.0595 ] 
2025-09-29 17:58:59,011 - Epoch  33 Validation set [recall@5: 0.0347 recall@10: 0.0585 recall@20: 0.0981 ] [ndcg@5: 0.0409 ndcg@10: 0.0484 ndcg@20: 0.0616 ] 
2025-09-29 17:59:08,694 - Epoch  36 Validation set [recall@5: 0.0356 recall@10: 0.0594 recall@20: 0.0985 ] [ndcg@5: 0.0415 ndcg@10: 0.0490 ndcg@20: 0.0619 ] 
2025-09-29 17:59:18,651 - Epoch  39 Validation set [recall@5: 0.0365 recall@10: 0.0613 recall@20: 0.1009 ] [ndcg@5: 0.0421 ndcg@10: 0.0499 ndcg@20: 0.0631 ] 
2025-09-29 17:59:28,112 - Epoch  42 Validation set [recall@5: 0.0366 recall@10: 0.0625 recall@20: 0.1023 ] [ndcg@5: 0.0427 ndcg@10: 0.0509 ndcg@20: 0.0642 ] 
2025-09-29 17:59:37,763 - Epoch  45 Validation set [recall@5: 0.0384 recall@10: 0.0633 recall@20: 0.1035 ] [ndcg@5: 0.0440 ndcg@10: 0.0515 ndcg@20: 0.0652 ] 
2025-09-29 17:59:47,396 - Epoch  48 Validation set [recall@5: 0.0385 recall@10: 0.0644 recall@20: 0.1063 ] [ndcg@5: 0.0444 ndcg@10: 0.0524 ndcg@20: 0.0667 ] 
2025-09-29 17:59:57,056 - Epoch  51 Validation set [recall@5: 0.0383 recall@10: 0.0643 recall@20: 0.1074 ] [ndcg@5: 0.0449 ndcg@10: 0.0530 ndcg@20: 0.0676 ] 
2025-09-29 18:00:07,558 - Epoch  54 Validation set [recall@5: 0.0387 recall@10: 0.0659 recall@20: 0.1094 ] [ndcg@5: 0.0456 ndcg@10: 0.0542 ndcg@20: 0.0688 ] 
2025-09-29 18:00:17,846 - Epoch  57 Validation set [recall@5: 0.0397 recall@10: 0.0664 recall@20: 0.1108 ] [ndcg@5: 0.0468 ndcg@10: 0.0549 ndcg@20: 0.0699 ] 
2025-09-29 18:00:28,190 - Epoch  60 Validation set [recall@5: 0.0390 recall@10: 0.0674 recall@20: 0.1117 ] [ndcg@5: 0.0467 ndcg@10: 0.0556 ndcg@20: 0.0705 ] 
2025-09-29 18:00:38,579 - Epoch  63 Validation set [recall@5: 0.0401 recall@10: 0.0675 recall@20: 0.1127 ] [ndcg@5: 0.0474 ndcg@10: 0.0561 ndcg@20: 0.0714 ] 
2025-09-29 18:00:48,334 - Epoch  66 Validation set [recall@5: 0.0401 recall@10: 0.0685 recall@20: 0.1137 ] [ndcg@5: 0.0478 ndcg@10: 0.0567 ndcg@20: 0.0719 ] 
2025-09-29 18:00:57,552 - Epoch  69 Validation set [recall@5: 0.0406 recall@10: 0.0692 recall@20: 0.1139 ] [ndcg@5: 0.0483 ndcg@10: 0.0573 ndcg@20: 0.0723 ] 
2025-09-29 18:01:07,462 - Epoch  72 Validation set [recall@5: 0.0411 recall@10: 0.0703 recall@20: 0.1157 ] [ndcg@5: 0.0489 ndcg@10: 0.0581 ndcg@20: 0.0733 ] 
2025-09-29 18:01:16,813 - Epoch  75 Validation set [recall@5: 0.0414 recall@10: 0.0698 recall@20: 0.1169 ] [ndcg@5: 0.0493 ndcg@10: 0.0583 ndcg@20: 0.0741 ] 
2025-09-29 18:01:25,926 - Epoch  78 Validation set [recall@5: 0.0421 recall@10: 0.0715 recall@20: 0.1169 ] [ndcg@5: 0.0501 ndcg@10: 0.0594 ndcg@20: 0.0745 ] 
2025-09-29 18:01:36,274 - Epoch  81 Validation set [recall@5: 0.0423 recall@10: 0.0729 recall@20: 0.1189 ] [ndcg@5: 0.0505 ndcg@10: 0.0600 ndcg@20: 0.0755 ] 
2025-09-29 18:01:46,432 - Epoch  84 Validation set [recall@5: 0.0420 recall@10: 0.0721 recall@20: 0.1197 ] [ndcg@5: 0.0501 ndcg@10: 0.0595 ndcg@20: 0.0756 ] 
2025-09-29 18:01:56,141 - Epoch  87 Validation set [recall@5: 0.0429 recall@10: 0.0724 recall@20: 0.1198 ] [ndcg@5: 0.0507 ndcg@10: 0.0597 ndcg@20: 0.0757 ] 
2025-09-29 18:02:05,209 - Epoch  90 Validation set [recall@5: 0.0427 recall@10: 0.0724 recall@20: 0.1199 ] [ndcg@5: 0.0508 ndcg@10: 0.0599 ndcg@20: 0.0760 ] 
2025-09-29 18:02:14,382 - Epoch  93 Validation set [recall@5: 0.0437 recall@10: 0.0726 recall@20: 0.1201 ] [ndcg@5: 0.0514 ndcg@10: 0.0603 ndcg@20: 0.0764 ] 
2025-09-29 18:02:23,934 - Epoch  96 Validation set [recall@5: 0.0435 recall@10: 0.0726 recall@20: 0.1196 ] [ndcg@5: 0.0510 ndcg@10: 0.0601 ndcg@20: 0.0760 ] 
2025-09-29 18:02:33,091 - Epoch  99 Validation set [recall@5: 0.0447 recall@10: 0.0749 recall@20: 0.1203 ] [ndcg@5: 0.0520 ndcg@10: 0.0614 ndcg@20: 0.0767 ] 
2025-09-29 18:02:42,282 - Epoch 102 Validation set [recall@5: 0.0451 recall@10: 0.0738 recall@20: 0.1207 ] [ndcg@5: 0.0527 ndcg@10: 0.0615 ndcg@20: 0.0773 ] 
2025-09-29 18:02:51,738 - Epoch 105 Validation set [recall@5: 0.0455 recall@10: 0.0745 recall@20: 0.1212 ] [ndcg@5: 0.0532 ndcg@10: 0.0620 ndcg@20: 0.0778 ] 
2025-09-29 18:03:00,886 - Epoch 108 Validation set [recall@5: 0.0455 recall@10: 0.0751 recall@20: 0.1213 ] [ndcg@5: 0.0531 ndcg@10: 0.0623 ndcg@20: 0.0779 ] 
2025-09-29 18:03:10,175 - Epoch 111 Validation set [recall@5: 0.0447 recall@10: 0.0756 recall@20: 0.1224 ] [ndcg@5: 0.0527 ndcg@10: 0.0622 ndcg@20: 0.0780 ] 
2025-09-29 18:03:19,233 - Epoch 114 Validation set [recall@5: 0.0458 recall@10: 0.0752 recall@20: 0.1233 ] [ndcg@5: 0.0535 ndcg@10: 0.0625 ndcg@20: 0.0787 ] 
2025-09-29 18:03:29,971 - Epoch 117 Validation set [recall@5: 0.0464 recall@10: 0.0763 recall@20: 0.1233 ] [ndcg@5: 0.0542 ndcg@10: 0.0632 ndcg@20: 0.0790 ] 
2025-09-29 18:03:39,868 - Epoch 120 Validation set [recall@5: 0.0466 recall@10: 0.0768 recall@20: 0.1241 ] [ndcg@5: 0.0540 ndcg@10: 0.0634 ndcg@20: 0.0793 ] 
2025-09-29 18:03:49,188 - Epoch 123 Validation set [recall@5: 0.0467 recall@10: 0.0765 recall@20: 0.1241 ] [ndcg@5: 0.0546 ndcg@10: 0.0636 ndcg@20: 0.0796 ] 
2025-09-29 18:03:58,810 - Epoch 126 Validation set [recall@5: 0.0467 recall@10: 0.0765 recall@20: 0.1241 ] [ndcg@5: 0.0544 ndcg@10: 0.0636 ndcg@20: 0.0797 ] 
2025-09-29 18:04:09,511 - Epoch 129 Validation set [recall@5: 0.0464 recall@10: 0.0765 recall@20: 0.1246 ] [ndcg@5: 0.0543 ndcg@10: 0.0635 ndcg@20: 0.0797 ] 
2025-09-29 18:04:19,606 - Epoch 132 Validation set [recall@5: 0.0458 recall@10: 0.0770 recall@20: 0.1267 ] [ndcg@5: 0.0536 ndcg@10: 0.0634 ndcg@20: 0.0800 ] 
2025-09-29 18:04:29,833 - Epoch 135 Validation set [recall@5: 0.0467 recall@10: 0.0771 recall@20: 0.1263 ] [ndcg@5: 0.0545 ndcg@10: 0.0638 ndcg@20: 0.0804 ] 
2025-09-29 18:04:40,032 - Epoch 138 Validation set [recall@5: 0.0472 recall@10: 0.0767 recall@20: 0.1271 ] [ndcg@5: 0.0547 ndcg@10: 0.0638 ndcg@20: 0.0807 ] 
2025-09-29 18:04:49,485 - Epoch 141 Validation set [recall@5: 0.0468 recall@10: 0.0770 recall@20: 0.1272 ] [ndcg@5: 0.0546 ndcg@10: 0.0638 ndcg@20: 0.0806 ] 
2025-09-29 18:04:58,891 - Epoch 144 Validation set [recall@5: 0.0469 recall@10: 0.0780 recall@20: 0.1266 ] [ndcg@5: 0.0547 ndcg@10: 0.0642 ndcg@20: 0.0805 ] 
2025-09-29 18:05:08,265 - Epoch 147 Validation set [recall@5: 0.0468 recall@10: 0.0775 recall@20: 0.1259 ] [ndcg@5: 0.0546 ndcg@10: 0.0640 ndcg@20: 0.0803 ] 
2025-09-29 18:05:18,232 - Epoch 150 Validation set [recall@5: 0.0472 recall@10: 0.0773 recall@20: 0.1264 ] [ndcg@5: 0.0547 ndcg@10: 0.0637 ndcg@20: 0.0803 ] 
2025-09-29 18:05:28,001 - Epoch 153 Validation set [recall@5: 0.0469 recall@10: 0.0781 recall@20: 0.1264 ] [ndcg@5: 0.0545 ndcg@10: 0.0640 ndcg@20: 0.0803 ] 
2025-09-29 18:05:37,923 - Epoch 156 Validation set [recall@5: 0.0472 recall@10: 0.0775 recall@20: 0.1263 ] [ndcg@5: 0.0548 ndcg@10: 0.0640 ndcg@20: 0.0804 ] 
2025-09-29 18:05:39,378 - [recall@5: 0.0468 recall@10: 0.0770 recall@20: 0.1272 ] [ndcg@5: 0.0546 ndcg@10: 0.0638 ndcg@20: 0.0806 ] 
2025-09-29 18:05:40,850 - [recall@5: 0.0456 recall@10: 0.0774 recall@20: 0.1281 ] [ndcg@5: 0.0527 ndcg@10: 0.0631 ndcg@20: 0.0804 ] 
2025-09-29 18:05:40,858 - Save model parameters to ./encoder/checkpoint/lightgcn_rgcn/lightgcn_rgcn-yelp-2023.pth
2025-09-29 18:05:40,858 - Best Epoch 141. Final test result: {'recall': array([0.04558943, 0.07742245, 0.12808184]), 'ndcg': array([0.05265564, 0.06306507, 0.08037458])}.
