2025-09-29 19:20:33,668 - {'optimizer': {'name': 'adam', 'lr': 0.001, 'weight_decay': 0}, 'train': {'epoch': 3000, 'batch_size': 4096, 'save_model': True, 'loss': 'pairwise', 'test_step': 3, 'reproducible': True, 'seed': 2023, 'patience': 5}, 'test': {'metrics': ['recall', 'ndcg'], 'k': [5, 10, 20], 'batch_size': 1024}, 'data': {'type': 'general_agcf', 'name': 'yelp', 'mat_type': 'uai', 'pre_norm': True, 'user_num': 11091, 'item_num': 11010, 'user_item_num': 22101, 'attr_num': 2607}, 'model': {'name': 'lightgcn_rgcn', 'label': 'ori', 'keep_rate': 0.8, 'embedding_size': 64, 'use_unify_layer_num': True, 'layer_num': 3, 'reg_weight': 1e-07, 'amazon': {'keep_rate': 0.9, 'layer_num': 3, 'reg_weight': 1e-07, 'eps': 0.1}, 'yelp': {'keep_rate': 0.8, 'layer_num': 3, 'reg_weight': 1e-07, 'eps': 0.1}, 'steam': {'keep_rate': 0.8, 'layer_num': 3, 'reg_weight': 1e-07, 'eps': 0.2}, 'Office': {'keep_rate': 0.9, 'layer_num': 3, 'reg_weight': 1e-06, 'eps': 0.1}}}
2025-09-29 19:20:39,363 - Epoch   0 Validation set [recall@5: 0.0087 recall@10: 0.0148 recall@20: 0.0243 ] [ndcg@5: 0.0109 ndcg@10: 0.0127 ndcg@20: 0.0157 ] 
2025-09-29 19:20:48,957 - Epoch   3 Validation set [recall@5: 0.0199 recall@10: 0.0346 recall@20: 0.0540 ] [ndcg@5: 0.0230 ndcg@10: 0.0275 ndcg@20: 0.0338 ] 
2025-09-29 19:20:57,994 - Epoch   6 Validation set [recall@5: 0.0290 recall@10: 0.0477 recall@20: 0.0776 ] [ndcg@5: 0.0346 ndcg@10: 0.0401 ndcg@20: 0.0500 ] 
2025-09-29 19:21:06,748 - Epoch   9 Validation set [recall@5: 0.0297 recall@10: 0.0504 recall@20: 0.0822 ] [ndcg@5: 0.0352 ndcg@10: 0.0417 ndcg@20: 0.0523 ] 
2025-09-29 19:21:15,454 - Epoch  12 Validation set [recall@5: 0.0305 recall@10: 0.0518 recall@20: 0.0853 ] [ndcg@5: 0.0357 ndcg@10: 0.0424 ndcg@20: 0.0535 ] 
2025-09-29 19:21:24,368 - Epoch  15 Validation set [recall@5: 0.0311 recall@10: 0.0524 recall@20: 0.0872 ] [ndcg@5: 0.0361 ndcg@10: 0.0429 ndcg@20: 0.0544 ] 
2025-09-29 19:21:32,934 - Epoch  18 Validation set [recall@5: 0.0312 recall@10: 0.0535 recall@20: 0.0887 ] [ndcg@5: 0.0363 ndcg@10: 0.0436 ndcg@20: 0.0553 ] 
2025-09-29 19:21:41,646 - Epoch  21 Validation set [recall@5: 0.0321 recall@10: 0.0537 recall@20: 0.0900 ] [ndcg@5: 0.0370 ndcg@10: 0.0438 ndcg@20: 0.0559 ] 
2025-09-29 19:21:50,178 - Epoch  24 Validation set [recall@5: 0.0322 recall@10: 0.0548 recall@20: 0.0915 ] [ndcg@5: 0.0374 ndcg@10: 0.0446 ndcg@20: 0.0569 ] 
2025-09-29 19:21:58,761 - Epoch  27 Validation set [recall@5: 0.0329 recall@10: 0.0561 recall@20: 0.0927 ] [ndcg@5: 0.0383 ndcg@10: 0.0457 ndcg@20: 0.0580 ] 
2025-09-29 19:22:07,403 - Epoch  30 Validation set [recall@5: 0.0336 recall@10: 0.0564 recall@20: 0.0950 ] [ndcg@5: 0.0394 ndcg@10: 0.0466 ndcg@20: 0.0594 ] 
2025-09-29 19:22:16,383 - Epoch  33 Validation set [recall@5: 0.0348 recall@10: 0.0584 recall@20: 0.0980 ] [ndcg@5: 0.0409 ndcg@10: 0.0483 ndcg@20: 0.0615 ] 
2025-09-29 19:22:25,979 - Epoch  36 Validation set [recall@5: 0.0360 recall@10: 0.0598 recall@20: 0.0991 ] [ndcg@5: 0.0417 ndcg@10: 0.0492 ndcg@20: 0.0621 ] 
2025-09-29 19:22:34,727 - Epoch  39 Validation set [recall@5: 0.0368 recall@10: 0.0615 recall@20: 0.1011 ] [ndcg@5: 0.0422 ndcg@10: 0.0500 ndcg@20: 0.0632 ] 
2025-09-29 19:22:43,915 - Epoch  42 Validation set [recall@5: 0.0369 recall@10: 0.0628 recall@20: 0.1020 ] [ndcg@5: 0.0429 ndcg@10: 0.0512 ndcg@20: 0.0642 ] 
2025-09-29 19:22:53,529 - Epoch  45 Validation set [recall@5: 0.0383 recall@10: 0.0632 recall@20: 0.1036 ] [ndcg@5: 0.0439 ndcg@10: 0.0515 ndcg@20: 0.0653 ] 
2025-09-29 19:23:02,866 - Epoch  48 Validation set [recall@5: 0.0384 recall@10: 0.0641 recall@20: 0.1062 ] [ndcg@5: 0.0444 ndcg@10: 0.0523 ndcg@20: 0.0667 ] 
2025-09-29 19:23:11,623 - Epoch  51 Validation set [recall@5: 0.0381 recall@10: 0.0644 recall@20: 0.1073 ] [ndcg@5: 0.0450 ndcg@10: 0.0532 ndcg@20: 0.0677 ] 
2025-09-29 19:23:20,474 - Epoch  54 Validation set [recall@5: 0.0389 recall@10: 0.0660 recall@20: 0.1094 ] [ndcg@5: 0.0458 ndcg@10: 0.0543 ndcg@20: 0.0688 ] 
2025-09-29 19:23:29,528 - Epoch  57 Validation set [recall@5: 0.0398 recall@10: 0.0667 recall@20: 0.1108 ] [ndcg@5: 0.0469 ndcg@10: 0.0552 ndcg@20: 0.0700 ] 
2025-09-29 19:23:38,349 - Epoch  60 Validation set [recall@5: 0.0390 recall@10: 0.0675 recall@20: 0.1117 ] [ndcg@5: 0.0467 ndcg@10: 0.0558 ndcg@20: 0.0706 ] 
2025-09-29 19:23:47,198 - Epoch  63 Validation set [recall@5: 0.0402 recall@10: 0.0678 recall@20: 0.1127 ] [ndcg@5: 0.0476 ndcg@10: 0.0563 ndcg@20: 0.0715 ] 
2025-09-29 19:23:56,072 - Epoch  66 Validation set [recall@5: 0.0401 recall@10: 0.0687 recall@20: 0.1139 ] [ndcg@5: 0.0479 ndcg@10: 0.0569 ndcg@20: 0.0721 ] 
2025-09-29 19:24:04,789 - Epoch  69 Validation set [recall@5: 0.0408 recall@10: 0.0694 recall@20: 0.1139 ] [ndcg@5: 0.0485 ndcg@10: 0.0575 ndcg@20: 0.0724 ] 
2025-09-29 19:24:13,762 - Epoch  72 Validation set [recall@5: 0.0411 recall@10: 0.0706 recall@20: 0.1157 ] [ndcg@5: 0.0490 ndcg@10: 0.0583 ndcg@20: 0.0734 ] 
2025-09-29 19:24:23,712 - Epoch  75 Validation set [recall@5: 0.0415 recall@10: 0.0702 recall@20: 0.1168 ] [ndcg@5: 0.0494 ndcg@10: 0.0585 ndcg@20: 0.0741 ] 
2025-09-29 19:24:32,671 - Epoch  78 Validation set [recall@5: 0.0424 recall@10: 0.0717 recall@20: 0.1168 ] [ndcg@5: 0.0503 ndcg@10: 0.0595 ndcg@20: 0.0746 ] 
2025-09-29 19:24:41,743 - Epoch  81 Validation set [recall@5: 0.0424 recall@10: 0.0728 recall@20: 0.1188 ] [ndcg@5: 0.0505 ndcg@10: 0.0599 ndcg@20: 0.0754 ] 
2025-09-29 19:24:50,665 - Epoch  84 Validation set [recall@5: 0.0421 recall@10: 0.0720 recall@20: 0.1199 ] [ndcg@5: 0.0502 ndcg@10: 0.0596 ndcg@20: 0.0757 ] 
2025-09-29 19:24:59,449 - Epoch  87 Validation set [recall@5: 0.0428 recall@10: 0.0727 recall@20: 0.1200 ] [ndcg@5: 0.0507 ndcg@10: 0.0598 ndcg@20: 0.0757 ] 
2025-09-29 19:25:08,228 - Epoch  90 Validation set [recall@5: 0.0427 recall@10: 0.0722 recall@20: 0.1204 ] [ndcg@5: 0.0508 ndcg@10: 0.0599 ndcg@20: 0.0761 ] 
2025-09-29 19:25:16,953 - Epoch  93 Validation set [recall@5: 0.0440 recall@10: 0.0723 recall@20: 0.1204 ] [ndcg@5: 0.0515 ndcg@10: 0.0602 ndcg@20: 0.0765 ] 
2025-09-29 19:25:25,551 - Epoch  96 Validation set [recall@5: 0.0435 recall@10: 0.0730 recall@20: 0.1197 ] [ndcg@5: 0.0511 ndcg@10: 0.0602 ndcg@20: 0.0761 ] 
2025-09-29 19:25:34,237 - Epoch  99 Validation set [recall@5: 0.0444 recall@10: 0.0754 recall@20: 0.1210 ] [ndcg@5: 0.0519 ndcg@10: 0.0616 ndcg@20: 0.0769 ] 
2025-09-29 19:25:42,972 - Epoch 102 Validation set [recall@5: 0.0453 recall@10: 0.0741 recall@20: 0.1209 ] [ndcg@5: 0.0527 ndcg@10: 0.0616 ndcg@20: 0.0773 ] 
2025-09-29 19:25:51,624 - Epoch 105 Validation set [recall@5: 0.0457 recall@10: 0.0746 recall@20: 0.1212 ] [ndcg@5: 0.0532 ndcg@10: 0.0620 ndcg@20: 0.0778 ] 
2025-09-29 19:26:00,295 - Epoch 108 Validation set [recall@5: 0.0456 recall@10: 0.0749 recall@20: 0.1214 ] [ndcg@5: 0.0532 ndcg@10: 0.0623 ndcg@20: 0.0780 ] 
2025-09-29 19:26:09,836 - Epoch 111 Validation set [recall@5: 0.0448 recall@10: 0.0752 recall@20: 0.1220 ] [ndcg@5: 0.0528 ndcg@10: 0.0622 ndcg@20: 0.0780 ] 
2025-09-29 19:26:19,552 - Epoch 114 Validation set [recall@5: 0.0458 recall@10: 0.0751 recall@20: 0.1236 ] [ndcg@5: 0.0533 ndcg@10: 0.0623 ndcg@20: 0.0787 ] 
2025-09-29 19:26:28,578 - Epoch 117 Validation set [recall@5: 0.0460 recall@10: 0.0763 recall@20: 0.1233 ] [ndcg@5: 0.0540 ndcg@10: 0.0633 ndcg@20: 0.0791 ] 
2025-09-29 19:26:37,230 - Epoch 120 Validation set [recall@5: 0.0469 recall@10: 0.0768 recall@20: 0.1246 ] [ndcg@5: 0.0542 ndcg@10: 0.0634 ndcg@20: 0.0795 ] 
2025-09-29 19:26:46,033 - Epoch 123 Validation set [recall@5: 0.0468 recall@10: 0.0767 recall@20: 0.1241 ] [ndcg@5: 0.0546 ndcg@10: 0.0637 ndcg@20: 0.0797 ] 
2025-09-29 19:26:54,439 - Epoch 126 Validation set [recall@5: 0.0471 recall@10: 0.0763 recall@20: 0.1244 ] [ndcg@5: 0.0546 ndcg@10: 0.0636 ndcg@20: 0.0798 ] 
2025-09-29 19:27:02,443 - Epoch 129 Validation set [recall@5: 0.0464 recall@10: 0.0767 recall@20: 0.1246 ] [ndcg@5: 0.0541 ndcg@10: 0.0635 ndcg@20: 0.0797 ] 
2025-09-29 19:27:10,368 - Epoch 132 Validation set [recall@5: 0.0462 recall@10: 0.0769 recall@20: 0.1268 ] [ndcg@5: 0.0539 ndcg@10: 0.0634 ndcg@20: 0.0801 ] 
2025-09-29 19:27:18,357 - Epoch 135 Validation set [recall@5: 0.0471 recall@10: 0.0772 recall@20: 0.1259 ] [ndcg@5: 0.0546 ndcg@10: 0.0638 ndcg@20: 0.0803 ] 
2025-09-29 19:27:25,033 - Epoch 138 Validation set [recall@5: 0.0467 recall@10: 0.0773 recall@20: 0.1273 ] [ndcg@5: 0.0545 ndcg@10: 0.0640 ndcg@20: 0.0806 ] 
2025-09-29 19:27:31,587 - Epoch 141 Validation set [recall@5: 0.0468 recall@10: 0.0772 recall@20: 0.1266 ] [ndcg@5: 0.0545 ndcg@10: 0.0638 ndcg@20: 0.0804 ] 
2025-09-29 19:27:38,371 - Epoch 144 Validation set [recall@5: 0.0469 recall@10: 0.0779 recall@20: 0.1265 ] [ndcg@5: 0.0546 ndcg@10: 0.0641 ndcg@20: 0.0805 ] 
2025-09-29 19:27:46,452 - Epoch 147 Validation set [recall@5: 0.0470 recall@10: 0.0778 recall@20: 0.1264 ] [ndcg@5: 0.0546 ndcg@10: 0.0641 ndcg@20: 0.0804 ] 
2025-09-29 19:27:54,534 - Epoch 150 Validation set [recall@5: 0.0473 recall@10: 0.0777 recall@20: 0.1266 ] [ndcg@5: 0.0547 ndcg@10: 0.0639 ndcg@20: 0.0804 ] 
2025-09-29 19:28:02,746 - Epoch 153 Validation set [recall@5: 0.0469 recall@10: 0.0784 recall@20: 0.1262 ] [ndcg@5: 0.0545 ndcg@10: 0.0642 ndcg@20: 0.0802 ] 
2025-09-29 19:28:04,318 - [recall@5: 0.0467 recall@10: 0.0773 recall@20: 0.1273 ] [ndcg@5: 0.0545 ndcg@10: 0.0640 ndcg@20: 0.0806 ] 
2025-09-29 19:28:06,139 - [recall@5: 0.0457 recall@10: 0.0779 recall@20: 0.1282 ] [ndcg@5: 0.0529 ndcg@10: 0.0633 ndcg@20: 0.0805 ] 
2025-09-29 19:28:06,149 - Save model parameters to ./encoder/checkpoint/lightgcn_rgcn/lightgcn_rgcn-yelp-2023.pth
2025-09-29 19:28:06,149 - Best Epoch 138. Final test result: {'recall': array([0.04570639, 0.07788601, 0.12818234]), 'ndcg': array([0.05285749, 0.06328965, 0.08047112])}.
