2025-09-29 18:37:31,310 - {'optimizer': {'name': 'adam', 'lr': 0.001, 'weight_decay': 0}, 'train': {'epoch': 3000, 'batch_size': 4096, 'save_model': True, 'loss': 'pairwise', 'test_step': 3, 'reproducible': True, 'seed': 2023, 'patience': 5}, 'test': {'metrics': ['recall', 'ndcg'], 'k': [5, 10, 20], 'batch_size': 1024}, 'data': {'type': 'general_agcf', 'name': 'yelp', 'mat_type': 'uai', 'pre_norm': True, 'user_num': 11091, 'item_num': 11010, 'user_item_num': 22101, 'attr_num': 2607}, 'model': {'name': 'lightgcn_rgcn', 'label': 'ori', 'keep_rate': 0.8, 'embedding_size': 64, 'use_unify_layer_num': True, 'layer_num': 3, 'reg_weight': 1e-07, 'amazon': {'keep_rate': 0.8, 'layer_num': 3, 'reg_weight': 1e-07, 'eps': 0.1}, 'yelp': {'keep_rate': 0.8, 'layer_num': 3, 'reg_weight': 1e-07, 'eps': 0.1}, 'steam': {'keep_rate': 0.8, 'layer_num': 3, 'reg_weight': 1e-07, 'eps': 0.2}, 'Office': {'keep_rate': 0.9, 'layer_num': 3, 'reg_weight': 1e-06, 'eps': 0.1}}}
2025-09-29 18:37:36,839 - Epoch   0 Validation set [recall@5: 0.0087 recall@10: 0.0148 recall@20: 0.0243 ] [ndcg@5: 0.0109 ndcg@10: 0.0127 ndcg@20: 0.0157 ] 
2025-09-29 18:37:45,888 - Epoch   3 Validation set [recall@5: 0.0199 recall@10: 0.0347 recall@20: 0.0539 ] [ndcg@5: 0.0231 ndcg@10: 0.0276 ndcg@20: 0.0338 ] 
2025-09-29 18:37:54,831 - Epoch   6 Validation set [recall@5: 0.0290 recall@10: 0.0478 recall@20: 0.0776 ] [ndcg@5: 0.0346 ndcg@10: 0.0401 ndcg@20: 0.0500 ] 
2025-09-29 18:38:04,014 - Epoch   9 Validation set [recall@5: 0.0297 recall@10: 0.0505 recall@20: 0.0825 ] [ndcg@5: 0.0352 ndcg@10: 0.0418 ndcg@20: 0.0524 ] 
2025-09-29 18:38:13,191 - Epoch  12 Validation set [recall@5: 0.0304 recall@10: 0.0517 recall@20: 0.0853 ] [ndcg@5: 0.0357 ndcg@10: 0.0423 ndcg@20: 0.0535 ] 
2025-09-29 18:38:22,215 - Epoch  15 Validation set [recall@5: 0.0311 recall@10: 0.0526 recall@20: 0.0869 ] [ndcg@5: 0.0361 ndcg@10: 0.0429 ndcg@20: 0.0543 ] 
2025-09-29 18:38:30,602 - Epoch  18 Validation set [recall@5: 0.0311 recall@10: 0.0533 recall@20: 0.0888 ] [ndcg@5: 0.0363 ndcg@10: 0.0435 ndcg@20: 0.0553 ] 
2025-09-29 18:38:39,569 - Epoch  21 Validation set [recall@5: 0.0319 recall@10: 0.0538 recall@20: 0.0902 ] [ndcg@5: 0.0369 ndcg@10: 0.0438 ndcg@20: 0.0560 ] 
2025-09-29 18:38:48,683 - Epoch  24 Validation set [recall@5: 0.0324 recall@10: 0.0548 recall@20: 0.0917 ] [ndcg@5: 0.0374 ndcg@10: 0.0445 ndcg@20: 0.0570 ] 
2025-09-29 18:38:57,418 - Epoch  27 Validation set [recall@5: 0.0329 recall@10: 0.0562 recall@20: 0.0929 ] [ndcg@5: 0.0384 ndcg@10: 0.0458 ndcg@20: 0.0581 ] 
2025-09-29 18:39:07,169 - Epoch  30 Validation set [recall@5: 0.0339 recall@10: 0.0564 recall@20: 0.0955 ] [ndcg@5: 0.0397 ndcg@10: 0.0467 ndcg@20: 0.0598 ] 
2025-09-29 18:39:16,230 - Epoch  33 Validation set [recall@5: 0.0346 recall@10: 0.0585 recall@20: 0.0983 ] [ndcg@5: 0.0408 ndcg@10: 0.0484 ndcg@20: 0.0616 ] 
2025-09-29 18:39:25,848 - Epoch  36 Validation set [recall@5: 0.0356 recall@10: 0.0594 recall@20: 0.0985 ] [ndcg@5: 0.0415 ndcg@10: 0.0490 ndcg@20: 0.0619 ] 
2025-09-29 18:39:35,451 - Epoch  39 Validation set [recall@5: 0.0367 recall@10: 0.0613 recall@20: 0.1010 ] [ndcg@5: 0.0422 ndcg@10: 0.0499 ndcg@20: 0.0631 ] 
2025-09-29 18:39:44,282 - Epoch  42 Validation set [recall@5: 0.0367 recall@10: 0.0626 recall@20: 0.1023 ] [ndcg@5: 0.0427 ndcg@10: 0.0510 ndcg@20: 0.0642 ] 
2025-09-29 18:39:53,524 - Epoch  45 Validation set [recall@5: 0.0383 recall@10: 0.0634 recall@20: 0.1038 ] [ndcg@5: 0.0439 ndcg@10: 0.0515 ndcg@20: 0.0653 ] 
2025-09-29 18:40:02,671 - Epoch  48 Validation set [recall@5: 0.0385 recall@10: 0.0643 recall@20: 0.1062 ] [ndcg@5: 0.0444 ndcg@10: 0.0524 ndcg@20: 0.0667 ] 
2025-09-29 18:40:11,712 - Epoch  51 Validation set [recall@5: 0.0382 recall@10: 0.0642 recall@20: 0.1074 ] [ndcg@5: 0.0450 ndcg@10: 0.0531 ndcg@20: 0.0677 ] 
2025-09-29 18:40:21,433 - Epoch  54 Validation set [recall@5: 0.0388 recall@10: 0.0658 recall@20: 0.1096 ] [ndcg@5: 0.0458 ndcg@10: 0.0543 ndcg@20: 0.0689 ] 
2025-09-29 18:40:30,155 - Epoch  57 Validation set [recall@5: 0.0397 recall@10: 0.0664 recall@20: 0.1109 ] [ndcg@5: 0.0469 ndcg@10: 0.0550 ndcg@20: 0.0700 ] 
2025-09-29 18:40:39,389 - Epoch  60 Validation set [recall@5: 0.0391 recall@10: 0.0673 recall@20: 0.1116 ] [ndcg@5: 0.0468 ndcg@10: 0.0556 ndcg@20: 0.0706 ] 
2025-09-29 18:40:48,742 - Epoch  63 Validation set [recall@5: 0.0401 recall@10: 0.0676 recall@20: 0.1128 ] [ndcg@5: 0.0475 ndcg@10: 0.0562 ndcg@20: 0.0715 ] 
2025-09-29 18:40:57,261 - Epoch  66 Validation set [recall@5: 0.0399 recall@10: 0.0687 recall@20: 0.1142 ] [ndcg@5: 0.0477 ndcg@10: 0.0568 ndcg@20: 0.0721 ] 
2025-09-29 18:41:05,994 - Epoch  69 Validation set [recall@5: 0.0406 recall@10: 0.0691 recall@20: 0.1140 ] [ndcg@5: 0.0484 ndcg@10: 0.0574 ndcg@20: 0.0724 ] 
2025-09-29 18:41:15,295 - Epoch  72 Validation set [recall@5: 0.0412 recall@10: 0.0704 recall@20: 0.1156 ] [ndcg@5: 0.0490 ndcg@10: 0.0582 ndcg@20: 0.0734 ] 
2025-09-29 18:41:24,440 - Epoch  75 Validation set [recall@5: 0.0416 recall@10: 0.0701 recall@20: 0.1167 ] [ndcg@5: 0.0495 ndcg@10: 0.0585 ndcg@20: 0.0741 ] 
2025-09-29 18:41:33,245 - Epoch  78 Validation set [recall@5: 0.0422 recall@10: 0.0716 recall@20: 0.1169 ] [ndcg@5: 0.0503 ndcg@10: 0.0595 ndcg@20: 0.0746 ] 
2025-09-29 18:41:42,515 - Epoch  81 Validation set [recall@5: 0.0424 recall@10: 0.0725 recall@20: 0.1185 ] [ndcg@5: 0.0506 ndcg@10: 0.0599 ndcg@20: 0.0754 ] 
2025-09-29 18:41:51,527 - Epoch  84 Validation set [recall@5: 0.0422 recall@10: 0.0719 recall@20: 0.1202 ] [ndcg@5: 0.0502 ndcg@10: 0.0596 ndcg@20: 0.0757 ] 
2025-09-29 18:42:00,621 - Epoch  87 Validation set [recall@5: 0.0429 recall@10: 0.0725 recall@20: 0.1199 ] [ndcg@5: 0.0508 ndcg@10: 0.0597 ndcg@20: 0.0757 ] 
2025-09-29 18:42:09,812 - Epoch  90 Validation set [recall@5: 0.0429 recall@10: 0.0726 recall@20: 0.1199 ] [ndcg@5: 0.0509 ndcg@10: 0.0600 ndcg@20: 0.0759 ] 
2025-09-29 18:42:18,469 - Epoch  93 Validation set [recall@5: 0.0437 recall@10: 0.0725 recall@20: 0.1202 ] [ndcg@5: 0.0515 ndcg@10: 0.0603 ndcg@20: 0.0765 ] 
2025-09-29 18:42:28,555 - Epoch  96 Validation set [recall@5: 0.0438 recall@10: 0.0729 recall@20: 0.1197 ] [ndcg@5: 0.0512 ndcg@10: 0.0602 ndcg@20: 0.0761 ] 
2025-09-29 18:42:38,723 - Epoch  99 Validation set [recall@5: 0.0444 recall@10: 0.0752 recall@20: 0.1205 ] [ndcg@5: 0.0520 ndcg@10: 0.0616 ndcg@20: 0.0769 ] 
2025-09-29 18:42:48,327 - Epoch 102 Validation set [recall@5: 0.0451 recall@10: 0.0742 recall@20: 0.1212 ] [ndcg@5: 0.0526 ndcg@10: 0.0616 ndcg@20: 0.0774 ] 
2025-09-29 18:42:57,206 - Epoch 105 Validation set [recall@5: 0.0453 recall@10: 0.0745 recall@20: 0.1214 ] [ndcg@5: 0.0531 ndcg@10: 0.0620 ndcg@20: 0.0779 ] 
2025-09-29 18:43:06,151 - Epoch 108 Validation set [recall@5: 0.0457 recall@10: 0.0748 recall@20: 0.1215 ] [ndcg@5: 0.0532 ndcg@10: 0.0622 ndcg@20: 0.0780 ] 
2025-09-29 18:43:16,328 - Epoch 111 Validation set [recall@5: 0.0447 recall@10: 0.0751 recall@20: 0.1221 ] [ndcg@5: 0.0527 ndcg@10: 0.0621 ndcg@20: 0.0780 ] 
2025-09-29 18:43:26,791 - Epoch 114 Validation set [recall@5: 0.0458 recall@10: 0.0754 recall@20: 0.1236 ] [ndcg@5: 0.0534 ndcg@10: 0.0625 ndcg@20: 0.0787 ] 
2025-09-29 18:43:36,365 - Epoch 117 Validation set [recall@5: 0.0460 recall@10: 0.0765 recall@20: 0.1231 ] [ndcg@5: 0.0540 ndcg@10: 0.0632 ndcg@20: 0.0790 ] 
2025-09-29 18:43:45,547 - Epoch 120 Validation set [recall@5: 0.0470 recall@10: 0.0769 recall@20: 0.1242 ] [ndcg@5: 0.0542 ndcg@10: 0.0634 ndcg@20: 0.0794 ] 
2025-09-29 18:43:54,077 - Epoch 123 Validation set [recall@5: 0.0467 recall@10: 0.0765 recall@20: 0.1237 ] [ndcg@5: 0.0545 ndcg@10: 0.0636 ndcg@20: 0.0796 ] 
2025-09-29 18:44:03,854 - Epoch 126 Validation set [recall@5: 0.0470 recall@10: 0.0764 recall@20: 0.1243 ] [ndcg@5: 0.0545 ndcg@10: 0.0635 ndcg@20: 0.0797 ] 
2025-09-29 18:44:14,255 - Epoch 129 Validation set [recall@5: 0.0464 recall@10: 0.0766 recall@20: 0.1247 ] [ndcg@5: 0.0542 ndcg@10: 0.0634 ndcg@20: 0.0796 ] 
2025-09-29 18:44:22,828 - Epoch 132 Validation set [recall@5: 0.0461 recall@10: 0.0767 recall@20: 0.1264 ] [ndcg@5: 0.0537 ndcg@10: 0.0632 ndcg@20: 0.0798 ] 
2025-09-29 18:44:32,446 - Epoch 135 Validation set [recall@5: 0.0466 recall@10: 0.0773 recall@20: 0.1260 ] [ndcg@5: 0.0544 ndcg@10: 0.0638 ndcg@20: 0.0802 ] 
2025-09-29 18:44:41,529 - Epoch 138 Validation set [recall@5: 0.0470 recall@10: 0.0768 recall@20: 0.1268 ] [ndcg@5: 0.0546 ndcg@10: 0.0638 ndcg@20: 0.0805 ] 
2025-09-29 18:44:50,964 - Epoch 141 Validation set [recall@5: 0.0468 recall@10: 0.0770 recall@20: 0.1270 ] [ndcg@5: 0.0547 ndcg@10: 0.0638 ndcg@20: 0.0807 ] 
2025-09-29 18:45:00,087 - Epoch 144 Validation set [recall@5: 0.0471 recall@10: 0.0780 recall@20: 0.1266 ] [ndcg@5: 0.0548 ndcg@10: 0.0642 ndcg@20: 0.0806 ] 
2025-09-29 18:45:08,912 - Epoch 147 Validation set [recall@5: 0.0471 recall@10: 0.0777 recall@20: 0.1259 ] [ndcg@5: 0.0546 ndcg@10: 0.0640 ndcg@20: 0.0802 ] 
2025-09-29 18:45:18,212 - Epoch 150 Validation set [recall@5: 0.0472 recall@10: 0.0775 recall@20: 0.1265 ] [ndcg@5: 0.0546 ndcg@10: 0.0637 ndcg@20: 0.0802 ] 
2025-09-29 18:45:27,193 - Epoch 153 Validation set [recall@5: 0.0469 recall@10: 0.0784 recall@20: 0.1264 ] [ndcg@5: 0.0544 ndcg@10: 0.0641 ndcg@20: 0.0803 ] 
2025-09-29 18:45:37,230 - Epoch 156 Validation set [recall@5: 0.0472 recall@10: 0.0775 recall@20: 0.1259 ] [ndcg@5: 0.0548 ndcg@10: 0.0640 ndcg@20: 0.0803 ] 
2025-09-29 18:45:39,109 - [recall@5: 0.0468 recall@10: 0.0770 recall@20: 0.1270 ] [ndcg@5: 0.0547 ndcg@10: 0.0638 ndcg@20: 0.0807 ] 
2025-09-29 18:45:40,993 - [recall@5: 0.0457 recall@10: 0.0774 recall@20: 0.1283 ] [ndcg@5: 0.0527 ndcg@10: 0.0630 ndcg@20: 0.0804 ] 
2025-09-29 18:45:41,003 - Save model parameters to ./encoder/checkpoint/lightgcn_rgcn/lightgcn_rgcn-yelp-2023.pth
2025-09-29 18:45:41,004 - Best Epoch 141. Final test result: {'recall': array([0.04570461, 0.07738999, 0.12829866]), 'ndcg': array([0.05270143, 0.06303963, 0.08040951])}.
