2025-10-02 12:27:10,091 - {'optimizer': {'name': 'adam', 'lr': 0.001, 'weight_decay': 0}, 'train': {'epoch': 3000, 'batch_size': 4096, 'save_model': True, 'loss': 'pairwise', 'test_step': 3, 'reproducible': True, 'seed': 2023, 'patience': 5}, 'test': {'metrics': ['recall', 'ndcg'], 'k': [5, 10, 20], 'batch_size': 1024}, 'data': {'type': 'general_agcf', 'name': 'yelp', 'mat_type': 'uai', 'pre_norm': True, 'user_num': 11091, 'item_num': 11010, 'user_item_num': 22101, 'attr_num': 2607}, 'model': {'name': 'lightgcn_rgcn', 'label': 'ori', 'keep_rate': 0.9, 'embedding_size': 64, 'use_unify_layer_num': True, 'layer_num': 3, 'reg_weight': 1e-06, 'amazon': {'keep_rate': 0.9, 'layer_num': 3, 'reg_weight': 1e-07, 'eps': 0.1}, 'yelp': {'keep_rate': 0.9, 'layer_num': 3, 'reg_weight': 1e-06, 'eps': 0.1}, 'steam': {'keep_rate': 0.8, 'layer_num': 3, 'reg_weight': 1e-07, 'eps': 0.2}, 'Office': {'keep_rate': 0.9, 'layer_num': 3, 'reg_weight': 5e-06, 'eps': 0.1}}}
2025-10-02 12:27:16,184 - Epoch   0 Validation set [recall@5: 0.0086 recall@10: 0.0149 recall@20: 0.0241 ] [ndcg@5: 0.0107 ndcg@10: 0.0126 ndcg@20: 0.0156 ] 
2025-10-02 12:27:27,139 - Epoch   3 Validation set [recall@5: 0.0222 recall@10: 0.0384 recall@20: 0.0601 ] [ndcg@5: 0.0264 ndcg@10: 0.0311 ndcg@20: 0.0381 ] 
2025-10-02 12:27:36,805 - Epoch   6 Validation set [recall@5: 0.0297 recall@10: 0.0487 recall@20: 0.0794 ] [ndcg@5: 0.0352 ndcg@10: 0.0409 ndcg@20: 0.0509 ] 
2025-10-02 12:27:46,574 - Epoch   9 Validation set [recall@5: 0.0303 recall@10: 0.0509 recall@20: 0.0832 ] [ndcg@5: 0.0357 ndcg@10: 0.0422 ndcg@20: 0.0529 ] 
2025-10-02 12:27:56,403 - Epoch  12 Validation set [recall@5: 0.0309 recall@10: 0.0519 recall@20: 0.0859 ] [ndcg@5: 0.0362 ndcg@10: 0.0427 ndcg@20: 0.0539 ] 
2025-10-02 12:28:07,166 - Epoch  15 Validation set [recall@5: 0.0316 recall@10: 0.0532 recall@20: 0.0877 ] [ndcg@5: 0.0365 ndcg@10: 0.0435 ndcg@20: 0.0549 ] 
2025-10-02 12:28:17,696 - Epoch  18 Validation set [recall@5: 0.0318 recall@10: 0.0540 recall@20: 0.0903 ] [ndcg@5: 0.0369 ndcg@10: 0.0441 ndcg@20: 0.0561 ] 
2025-10-02 12:28:28,172 - Epoch  21 Validation set [recall@5: 0.0320 recall@10: 0.0549 recall@20: 0.0917 ] [ndcg@5: 0.0375 ndcg@10: 0.0448 ndcg@20: 0.0571 ] 
2025-10-02 12:28:37,620 - Epoch  24 Validation set [recall@5: 0.0328 recall@10: 0.0565 recall@20: 0.0933 ] [ndcg@5: 0.0384 ndcg@10: 0.0460 ndcg@20: 0.0584 ] 
2025-10-02 12:28:47,034 - Epoch  27 Validation set [recall@5: 0.0339 recall@10: 0.0577 recall@20: 0.0948 ] [ndcg@5: 0.0398 ndcg@10: 0.0473 ndcg@20: 0.0598 ] 
2025-10-02 12:28:56,288 - Epoch  30 Validation set [recall@5: 0.0347 recall@10: 0.0583 recall@20: 0.0976 ] [ndcg@5: 0.0410 ndcg@10: 0.0484 ndcg@20: 0.0615 ] 
2025-10-02 12:29:05,764 - Epoch  33 Validation set [recall@5: 0.0358 recall@10: 0.0603 recall@20: 0.1005 ] [ndcg@5: 0.0424 ndcg@10: 0.0500 ndcg@20: 0.0635 ] 
2025-10-02 12:29:15,606 - Epoch  36 Validation set [recall@5: 0.0369 recall@10: 0.0622 recall@20: 0.1023 ] [ndcg@5: 0.0430 ndcg@10: 0.0510 ndcg@20: 0.0643 ] 
2025-10-02 12:29:25,246 - Epoch  39 Validation set [recall@5: 0.0373 recall@10: 0.0635 recall@20: 0.1043 ] [ndcg@5: 0.0435 ndcg@10: 0.0519 ndcg@20: 0.0654 ] 
2025-10-02 12:29:34,655 - Epoch  42 Validation set [recall@5: 0.0377 recall@10: 0.0644 recall@20: 0.1061 ] [ndcg@5: 0.0443 ndcg@10: 0.0529 ndcg@20: 0.0669 ] 
2025-10-02 12:29:44,202 - Epoch  45 Validation set [recall@5: 0.0390 recall@10: 0.0655 recall@20: 0.1073 ] [ndcg@5: 0.0454 ndcg@10: 0.0537 ndcg@20: 0.0678 ] 
2025-10-02 12:29:53,862 - Epoch  48 Validation set [recall@5: 0.0395 recall@10: 0.0670 recall@20: 0.1089 ] [ndcg@5: 0.0460 ndcg@10: 0.0546 ndcg@20: 0.0690 ] 
2025-10-02 12:30:05,374 - Epoch  51 Validation set [recall@5: 0.0398 recall@10: 0.0673 recall@20: 0.1103 ] [ndcg@5: 0.0470 ndcg@10: 0.0556 ndcg@20: 0.0701 ] 
2025-10-02 12:30:15,679 - Epoch  54 Validation set [recall@5: 0.0398 recall@10: 0.0688 recall@20: 0.1126 ] [ndcg@5: 0.0473 ndcg@10: 0.0566 ndcg@20: 0.0713 ] 
2025-10-02 12:30:25,223 - Epoch  57 Validation set [recall@5: 0.0404 recall@10: 0.0686 recall@20: 0.1132 ] [ndcg@5: 0.0482 ndcg@10: 0.0570 ndcg@20: 0.0721 ] 
2025-10-02 12:30:34,865 - Epoch  60 Validation set [recall@5: 0.0408 recall@10: 0.0695 recall@20: 0.1142 ] [ndcg@5: 0.0482 ndcg@10: 0.0573 ndcg@20: 0.0724 ] 
2025-10-02 12:30:44,615 - Epoch  63 Validation set [recall@5: 0.0420 recall@10: 0.0698 recall@20: 0.1151 ] [ndcg@5: 0.0491 ndcg@10: 0.0579 ndcg@20: 0.0733 ] 
2025-10-02 12:30:54,389 - Epoch  66 Validation set [recall@5: 0.0422 recall@10: 0.0707 recall@20: 0.1161 ] [ndcg@5: 0.0495 ndcg@10: 0.0586 ndcg@20: 0.0738 ] 
2025-10-02 12:31:05,010 - Epoch  69 Validation set [recall@5: 0.0419 recall@10: 0.0724 recall@20: 0.1156 ] [ndcg@5: 0.0499 ndcg@10: 0.0596 ndcg@20: 0.0742 ] 
2025-10-02 12:31:14,484 - Epoch  72 Validation set [recall@5: 0.0426 recall@10: 0.0722 recall@20: 0.1176 ] [ndcg@5: 0.0505 ndcg@10: 0.0598 ndcg@20: 0.0752 ] 
2025-10-02 12:31:25,614 - Epoch  75 Validation set [recall@5: 0.0433 recall@10: 0.0733 recall@20: 0.1179 ] [ndcg@5: 0.0514 ndcg@10: 0.0608 ndcg@20: 0.0759 ] 
2025-10-02 12:31:37,313 - Epoch  78 Validation set [recall@5: 0.0437 recall@10: 0.0736 recall@20: 0.1186 ] [ndcg@5: 0.0518 ndcg@10: 0.0612 ndcg@20: 0.0763 ] 
2025-10-02 12:31:49,664 - Epoch  81 Validation set [recall@5: 0.0439 recall@10: 0.0740 recall@20: 0.1199 ] [ndcg@5: 0.0523 ndcg@10: 0.0617 ndcg@20: 0.0771 ] 
2025-10-02 12:32:01,697 - Epoch  84 Validation set [recall@5: 0.0442 recall@10: 0.0744 recall@20: 0.1216 ] [ndcg@5: 0.0521 ndcg@10: 0.0617 ndcg@20: 0.0777 ] 
2025-10-02 12:32:13,081 - Epoch  87 Validation set [recall@5: 0.0447 recall@10: 0.0742 recall@20: 0.1215 ] [ndcg@5: 0.0523 ndcg@10: 0.0614 ndcg@20: 0.0775 ] 
2025-10-02 12:32:25,439 - Epoch  90 Validation set [recall@5: 0.0450 recall@10: 0.0746 recall@20: 0.1223 ] [ndcg@5: 0.0526 ndcg@10: 0.0619 ndcg@20: 0.0779 ] 
2025-10-02 12:32:36,640 - Epoch  93 Validation set [recall@5: 0.0450 recall@10: 0.0752 recall@20: 0.1235 ] [ndcg@5: 0.0528 ndcg@10: 0.0621 ndcg@20: 0.0784 ] 
2025-10-02 12:32:48,699 - Epoch  96 Validation set [recall@5: 0.0449 recall@10: 0.0758 recall@20: 0.1230 ] [ndcg@5: 0.0526 ndcg@10: 0.0623 ndcg@20: 0.0782 ] 
2025-10-02 12:33:01,867 - Epoch  99 Validation set [recall@5: 0.0447 recall@10: 0.0757 recall@20: 0.1233 ] [ndcg@5: 0.0528 ndcg@10: 0.0625 ndcg@20: 0.0786 ] 
2025-10-02 12:33:13,379 - Epoch 102 Validation set [recall@5: 0.0459 recall@10: 0.0762 recall@20: 0.1235 ] [ndcg@5: 0.0537 ndcg@10: 0.0631 ndcg@20: 0.0790 ] 
2025-10-02 12:33:24,622 - Epoch 105 Validation set [recall@5: 0.0463 recall@10: 0.0770 recall@20: 0.1240 ] [ndcg@5: 0.0541 ndcg@10: 0.0634 ndcg@20: 0.0792 ] 
2025-10-02 12:33:36,416 - Epoch 108 Validation set [recall@5: 0.0461 recall@10: 0.0773 recall@20: 0.1238 ] [ndcg@5: 0.0541 ndcg@10: 0.0638 ndcg@20: 0.0796 ] 
2025-10-02 12:33:47,898 - Epoch 111 Validation set [recall@5: 0.0461 recall@10: 0.0765 recall@20: 0.1241 ] [ndcg@5: 0.0543 ndcg@10: 0.0634 ndcg@20: 0.0794 ] 
2025-10-02 12:33:59,151 - Epoch 114 Validation set [recall@5: 0.0470 recall@10: 0.0770 recall@20: 0.1265 ] [ndcg@5: 0.0549 ndcg@10: 0.0639 ndcg@20: 0.0806 ] 
2025-10-02 12:34:10,161 - Epoch 117 Validation set [recall@5: 0.0474 recall@10: 0.0774 recall@20: 0.1262 ] [ndcg@5: 0.0556 ndcg@10: 0.0644 ndcg@20: 0.0810 ] 
2025-10-02 12:34:21,583 - Epoch 120 Validation set [recall@5: 0.0469 recall@10: 0.0785 recall@20: 0.1268 ] [ndcg@5: 0.0551 ndcg@10: 0.0648 ndcg@20: 0.0811 ] 
2025-10-02 12:34:32,936 - Epoch 123 Validation set [recall@5: 0.0479 recall@10: 0.0790 recall@20: 0.1263 ] [ndcg@5: 0.0554 ndcg@10: 0.0650 ndcg@20: 0.0810 ] 
2025-10-02 12:34:44,403 - Epoch 126 Validation set [recall@5: 0.0465 recall@10: 0.0791 recall@20: 0.1272 ] [ndcg@5: 0.0549 ndcg@10: 0.0652 ndcg@20: 0.0814 ] 
2025-10-02 12:34:56,425 - Epoch 129 Validation set [recall@5: 0.0459 recall@10: 0.0790 recall@20: 0.1276 ] [ndcg@5: 0.0546 ndcg@10: 0.0650 ndcg@20: 0.0814 ] 
2025-10-02 12:35:07,756 - Epoch 132 Validation set [recall@5: 0.0468 recall@10: 0.0796 recall@20: 0.1280 ] [ndcg@5: 0.0548 ndcg@10: 0.0652 ndcg@20: 0.0815 ] 
2025-10-02 12:35:19,050 - Epoch 135 Validation set [recall@5: 0.0470 recall@10: 0.0790 recall@20: 0.1286 ] [ndcg@5: 0.0552 ndcg@10: 0.0652 ndcg@20: 0.0818 ] 
2025-10-02 12:35:30,953 - Epoch 138 Validation set [recall@5: 0.0469 recall@10: 0.0794 recall@20: 0.1282 ] [ndcg@5: 0.0556 ndcg@10: 0.0658 ndcg@20: 0.0821 ] 
2025-10-02 12:35:42,571 - Epoch 141 Validation set [recall@5: 0.0478 recall@10: 0.0806 recall@20: 0.1275 ] [ndcg@5: 0.0561 ndcg@10: 0.0663 ndcg@20: 0.0820 ] 
2025-10-02 12:35:55,402 - Epoch 144 Validation set [recall@5: 0.0472 recall@10: 0.0806 recall@20: 0.1282 ] [ndcg@5: 0.0559 ndcg@10: 0.0662 ndcg@20: 0.0822 ] 
2025-10-02 12:36:07,059 - Epoch 147 Validation set [recall@5: 0.0471 recall@10: 0.0803 recall@20: 0.1298 ] [ndcg@5: 0.0557 ndcg@10: 0.0657 ndcg@20: 0.0825 ] 
2025-10-02 12:36:18,698 - Epoch 150 Validation set [recall@5: 0.0471 recall@10: 0.0805 recall@20: 0.1297 ] [ndcg@5: 0.0555 ndcg@10: 0.0658 ndcg@20: 0.0824 ] 
2025-10-02 12:36:30,485 - Epoch 153 Validation set [recall@5: 0.0477 recall@10: 0.0794 recall@20: 0.1299 ] [ndcg@5: 0.0559 ndcg@10: 0.0656 ndcg@20: 0.0826 ] 
2025-10-02 12:36:40,548 - Epoch 156 Validation set [recall@5: 0.0477 recall@10: 0.0803 recall@20: 0.1287 ] [ndcg@5: 0.0561 ndcg@10: 0.0662 ndcg@20: 0.0822 ] 
2025-10-02 12:36:50,539 - Epoch 159 Validation set [recall@5: 0.0467 recall@10: 0.0807 recall@20: 0.1293 ] [ndcg@5: 0.0553 ndcg@10: 0.0659 ndcg@20: 0.0821 ] 
2025-10-02 12:37:01,034 - Epoch 162 Validation set [recall@5: 0.0470 recall@10: 0.0795 recall@20: 0.1292 ] [ndcg@5: 0.0550 ndcg@10: 0.0650 ndcg@20: 0.0817 ] 
2025-10-02 12:37:11,541 - Epoch 165 Validation set [recall@5: 0.0473 recall@10: 0.0797 recall@20: 0.1297 ] [ndcg@5: 0.0548 ndcg@10: 0.0650 ndcg@20: 0.0818 ] 
2025-10-02 12:37:21,663 - Epoch 168 Validation set [recall@5: 0.0475 recall@10: 0.0807 recall@20: 0.1298 ] [ndcg@5: 0.0553 ndcg@10: 0.0653 ndcg@20: 0.0818 ] 
2025-10-02 12:37:23,546 - [recall@5: 0.0477 recall@10: 0.0794 recall@20: 0.1299 ] [ndcg@5: 0.0559 ndcg@10: 0.0656 ndcg@20: 0.0826 ] 
2025-10-02 12:37:25,408 - [recall@5: 0.0457 recall@10: 0.0792 recall@20: 0.1300 ] [ndcg@5: 0.0535 ndcg@10: 0.0644 ndcg@20: 0.0818 ] 
2025-10-02 12:37:25,417 - Save model parameters to ./encoder/checkpoint/lightgcn_rgcn/lightgcn_rgcn-yelp-2023.pth
2025-10-02 12:37:25,418 - Best Epoch 153. Final test result: {'recall': array([0.04568262, 0.07917497, 0.12995768]), 'ndcg': array([0.05354436, 0.06442353, 0.08179461])}.
