2025-10-01 22:17:07,005 - {'optimizer': {'name': 'adam', 'lr': 0.001, 'weight_decay': 0}, 'train': {'epoch': 3000, 'batch_size': 4096, 'save_model': True, 'loss': 'pairwise', 'test_step': 3, 'reproducible': True, 'seed': 2023, 'patience': 5}, 'test': {'metrics': ['recall', 'ndcg'], 'k': [5, 10, 20], 'batch_size': 1024}, 'data': {'type': 'general_agcf', 'name': 'yelp', 'mat_type': 'uai', 'pre_norm': True, 'user_num': 11091, 'item_num': 11010, 'user_item_num': 22101, 'attr_num': 2607}, 'model': {'name': 'lightgcn_rgcn', 'label': 'ori', 'keep_rate': 0.9, 'embedding_size': 64, 'use_unify_layer_num': True, 'layer_num': 3, 'reg_weight': 1e-06, 'amazon': {'keep_rate': 0.9, 'layer_num': 3, 'reg_weight': 1e-07, 'eps': 0.1}, 'yelp': {'keep_rate': 0.9, 'layer_num': 3, 'reg_weight': 1e-06, 'eps': 0.1}, 'steam': {'keep_rate': 0.8, 'layer_num': 3, 'reg_weight': 1e-07, 'eps': 0.2}, 'Office': {'keep_rate': 0.9, 'layer_num': 3, 'reg_weight': 1e-06, 'eps': 0.1}}}
2025-10-01 22:17:12,854 - Epoch   0 Validation set [recall@5: 0.0086 recall@10: 0.0149 recall@20: 0.0241 ] [ndcg@5: 0.0107 ndcg@10: 0.0126 ndcg@20: 0.0156 ] 
2025-10-01 22:17:22,249 - Epoch   3 Validation set [recall@5: 0.0223 recall@10: 0.0384 recall@20: 0.0601 ] [ndcg@5: 0.0265 ndcg@10: 0.0311 ndcg@20: 0.0382 ] 
2025-10-01 22:17:31,335 - Epoch   6 Validation set [recall@5: 0.0298 recall@10: 0.0486 recall@20: 0.0796 ] [ndcg@5: 0.0352 ndcg@10: 0.0409 ndcg@20: 0.0510 ] 
2025-10-01 22:17:41,522 - Epoch   9 Validation set [recall@5: 0.0302 recall@10: 0.0509 recall@20: 0.0831 ] [ndcg@5: 0.0358 ndcg@10: 0.0423 ndcg@20: 0.0529 ] 
2025-10-01 22:17:50,748 - Epoch  12 Validation set [recall@5: 0.0307 recall@10: 0.0516 recall@20: 0.0857 ] [ndcg@5: 0.0361 ndcg@10: 0.0426 ndcg@20: 0.0539 ] 
2025-10-01 22:18:01,278 - Epoch  15 Validation set [recall@5: 0.0316 recall@10: 0.0530 recall@20: 0.0874 ] [ndcg@5: 0.0366 ndcg@10: 0.0433 ndcg@20: 0.0547 ] 
2025-10-01 22:18:11,333 - Epoch  18 Validation set [recall@5: 0.0320 recall@10: 0.0537 recall@20: 0.0903 ] [ndcg@5: 0.0372 ndcg@10: 0.0441 ndcg@20: 0.0562 ] 
2025-10-01 22:18:20,669 - Epoch  21 Validation set [recall@5: 0.0321 recall@10: 0.0549 recall@20: 0.0923 ] [ndcg@5: 0.0375 ndcg@10: 0.0448 ndcg@20: 0.0573 ] 
2025-10-01 22:18:31,921 - Epoch  24 Validation set [recall@5: 0.0328 recall@10: 0.0563 recall@20: 0.0931 ] [ndcg@5: 0.0385 ndcg@10: 0.0460 ndcg@20: 0.0584 ] 
2025-10-01 22:18:40,811 - Epoch  27 Validation set [recall@5: 0.0339 recall@10: 0.0578 recall@20: 0.0948 ] [ndcg@5: 0.0399 ndcg@10: 0.0475 ndcg@20: 0.0599 ] 
2025-10-01 22:18:48,804 - Epoch  30 Validation set [recall@5: 0.0344 recall@10: 0.0584 recall@20: 0.0978 ] [ndcg@5: 0.0407 ndcg@10: 0.0483 ndcg@20: 0.0615 ] 
2025-10-01 22:18:56,832 - Epoch  33 Validation set [recall@5: 0.0361 recall@10: 0.0604 recall@20: 0.1012 ] [ndcg@5: 0.0426 ndcg@10: 0.0501 ndcg@20: 0.0637 ] 
2025-10-01 22:19:05,241 - Epoch  36 Validation set [recall@5: 0.0370 recall@10: 0.0620 recall@20: 0.1024 ] [ndcg@5: 0.0432 ndcg@10: 0.0511 ndcg@20: 0.0644 ] 
2025-10-01 22:19:13,349 - Epoch  39 Validation set [recall@5: 0.0373 recall@10: 0.0632 recall@20: 0.1039 ] [ndcg@5: 0.0436 ndcg@10: 0.0519 ndcg@20: 0.0654 ] 
2025-10-01 22:19:22,539 - Epoch  42 Validation set [recall@5: 0.0378 recall@10: 0.0647 recall@20: 0.1062 ] [ndcg@5: 0.0445 ndcg@10: 0.0532 ndcg@20: 0.0671 ] 
2025-10-01 22:19:31,941 - Epoch  45 Validation set [recall@5: 0.0395 recall@10: 0.0657 recall@20: 0.1072 ] [ndcg@5: 0.0458 ndcg@10: 0.0539 ndcg@20: 0.0679 ] 
2025-10-01 22:19:40,911 - Epoch  48 Validation set [recall@5: 0.0397 recall@10: 0.0671 recall@20: 0.1089 ] [ndcg@5: 0.0461 ndcg@10: 0.0546 ndcg@20: 0.0690 ] 
2025-10-01 22:19:49,604 - Epoch  51 Validation set [recall@5: 0.0398 recall@10: 0.0675 recall@20: 0.1102 ] [ndcg@5: 0.0469 ndcg@10: 0.0556 ndcg@20: 0.0700 ] 
2025-10-01 22:19:58,455 - Epoch  54 Validation set [recall@5: 0.0401 recall@10: 0.0687 recall@20: 0.1127 ] [ndcg@5: 0.0476 ndcg@10: 0.0566 ndcg@20: 0.0713 ] 
2025-10-01 22:20:07,053 - Epoch  57 Validation set [recall@5: 0.0405 recall@10: 0.0690 recall@20: 0.1133 ] [ndcg@5: 0.0482 ndcg@10: 0.0571 ndcg@20: 0.0721 ] 
2025-10-01 22:20:15,516 - Epoch  60 Validation set [recall@5: 0.0409 recall@10: 0.0697 recall@20: 0.1146 ] [ndcg@5: 0.0484 ndcg@10: 0.0575 ndcg@20: 0.0726 ] 
2025-10-01 22:20:24,610 - Epoch  63 Validation set [recall@5: 0.0421 recall@10: 0.0700 recall@20: 0.1151 ] [ndcg@5: 0.0491 ndcg@10: 0.0580 ndcg@20: 0.0733 ] 
2025-10-01 22:20:33,573 - Epoch  66 Validation set [recall@5: 0.0422 recall@10: 0.0707 recall@20: 0.1162 ] [ndcg@5: 0.0496 ndcg@10: 0.0586 ndcg@20: 0.0739 ] 
2025-10-01 22:20:42,073 - Epoch  69 Validation set [recall@5: 0.0419 recall@10: 0.0725 recall@20: 0.1158 ] [ndcg@5: 0.0499 ndcg@10: 0.0597 ndcg@20: 0.0742 ] 
2025-10-01 22:20:51,701 - Epoch  72 Validation set [recall@5: 0.0425 recall@10: 0.0722 recall@20: 0.1172 ] [ndcg@5: 0.0504 ndcg@10: 0.0599 ndcg@20: 0.0751 ] 
2025-10-01 22:21:01,615 - Epoch  75 Validation set [recall@5: 0.0434 recall@10: 0.0733 recall@20: 0.1177 ] [ndcg@5: 0.0514 ndcg@10: 0.0608 ndcg@20: 0.0758 ] 
2025-10-01 22:21:11,065 - Epoch  78 Validation set [recall@5: 0.0438 recall@10: 0.0732 recall@20: 0.1187 ] [ndcg@5: 0.0518 ndcg@10: 0.0610 ndcg@20: 0.0763 ] 
2025-10-01 22:21:19,954 - Epoch  81 Validation set [recall@5: 0.0440 recall@10: 0.0740 recall@20: 0.1200 ] [ndcg@5: 0.0523 ndcg@10: 0.0617 ndcg@20: 0.0771 ] 
2025-10-01 22:21:28,892 - Epoch  84 Validation set [recall@5: 0.0443 recall@10: 0.0743 recall@20: 0.1215 ] [ndcg@5: 0.0522 ndcg@10: 0.0618 ndcg@20: 0.0777 ] 
2025-10-01 22:21:37,442 - Epoch  87 Validation set [recall@5: 0.0447 recall@10: 0.0743 recall@20: 0.1215 ] [ndcg@5: 0.0524 ndcg@10: 0.0615 ndcg@20: 0.0776 ] 
2025-10-01 22:21:45,886 - Epoch  90 Validation set [recall@5: 0.0450 recall@10: 0.0747 recall@20: 0.1223 ] [ndcg@5: 0.0527 ndcg@10: 0.0619 ndcg@20: 0.0780 ] 
2025-10-01 22:21:54,664 - Epoch  93 Validation set [recall@5: 0.0447 recall@10: 0.0755 recall@20: 0.1235 ] [ndcg@5: 0.0527 ndcg@10: 0.0622 ndcg@20: 0.0784 ] 
2025-10-01 22:22:03,100 - Epoch  96 Validation set [recall@5: 0.0449 recall@10: 0.0756 recall@20: 0.1233 ] [ndcg@5: 0.0525 ndcg@10: 0.0621 ndcg@20: 0.0782 ] 
2025-10-01 22:22:11,498 - Epoch  99 Validation set [recall@5: 0.0448 recall@10: 0.0758 recall@20: 0.1233 ] [ndcg@5: 0.0529 ndcg@10: 0.0626 ndcg@20: 0.0786 ] 
2025-10-01 22:22:20,243 - Epoch 102 Validation set [recall@5: 0.0459 recall@10: 0.0763 recall@20: 0.1237 ] [ndcg@5: 0.0536 ndcg@10: 0.0631 ndcg@20: 0.0790 ] 
2025-10-01 22:22:28,988 - Epoch 105 Validation set [recall@5: 0.0464 recall@10: 0.0773 recall@20: 0.1241 ] [ndcg@5: 0.0540 ndcg@10: 0.0635 ndcg@20: 0.0791 ] 
2025-10-01 22:22:37,598 - Epoch 108 Validation set [recall@5: 0.0461 recall@10: 0.0773 recall@20: 0.1236 ] [ndcg@5: 0.0541 ndcg@10: 0.0639 ndcg@20: 0.0796 ] 
2025-10-01 22:22:46,077 - Epoch 111 Validation set [recall@5: 0.0461 recall@10: 0.0766 recall@20: 0.1239 ] [ndcg@5: 0.0542 ndcg@10: 0.0634 ndcg@20: 0.0793 ] 
2025-10-01 22:22:54,446 - Epoch 114 Validation set [recall@5: 0.0470 recall@10: 0.0768 recall@20: 0.1265 ] [ndcg@5: 0.0549 ndcg@10: 0.0638 ndcg@20: 0.0805 ] 
2025-10-01 22:23:02,986 - Epoch 117 Validation set [recall@5: 0.0474 recall@10: 0.0775 recall@20: 0.1262 ] [ndcg@5: 0.0556 ndcg@10: 0.0645 ndcg@20: 0.0810 ] 
2025-10-01 22:23:11,250 - Epoch 120 Validation set [recall@5: 0.0470 recall@10: 0.0786 recall@20: 0.1268 ] [ndcg@5: 0.0552 ndcg@10: 0.0649 ndcg@20: 0.0812 ] 
2025-10-01 22:23:19,235 - Epoch 123 Validation set [recall@5: 0.0480 recall@10: 0.0790 recall@20: 0.1263 ] [ndcg@5: 0.0554 ndcg@10: 0.0649 ndcg@20: 0.0809 ] 
2025-10-01 22:23:28,821 - Epoch 126 Validation set [recall@5: 0.0466 recall@10: 0.0793 recall@20: 0.1275 ] [ndcg@5: 0.0550 ndcg@10: 0.0653 ndcg@20: 0.0815 ] 
2025-10-01 22:23:38,435 - Epoch 129 Validation set [recall@5: 0.0457 recall@10: 0.0789 recall@20: 0.1273 ] [ndcg@5: 0.0544 ndcg@10: 0.0649 ndcg@20: 0.0813 ] 
2025-10-01 22:23:47,821 - Epoch 132 Validation set [recall@5: 0.0467 recall@10: 0.0798 recall@20: 0.1280 ] [ndcg@5: 0.0548 ndcg@10: 0.0653 ndcg@20: 0.0815 ] 
2025-10-01 22:23:57,406 - Epoch 135 Validation set [recall@5: 0.0470 recall@10: 0.0789 recall@20: 0.1282 ] [ndcg@5: 0.0552 ndcg@10: 0.0652 ndcg@20: 0.0817 ] 
2025-10-01 22:24:06,550 - Epoch 138 Validation set [recall@5: 0.0468 recall@10: 0.0794 recall@20: 0.1279 ] [ndcg@5: 0.0557 ndcg@10: 0.0658 ndcg@20: 0.0821 ] 
2025-10-01 22:24:15,645 - Epoch 141 Validation set [recall@5: 0.0479 recall@10: 0.0805 recall@20: 0.1275 ] [ndcg@5: 0.0562 ndcg@10: 0.0662 ndcg@20: 0.0820 ] 
2025-10-01 22:24:24,428 - Epoch 144 Validation set [recall@5: 0.0473 recall@10: 0.0805 recall@20: 0.1282 ] [ndcg@5: 0.0561 ndcg@10: 0.0663 ndcg@20: 0.0824 ] 
2025-10-01 22:24:33,324 - Epoch 147 Validation set [recall@5: 0.0471 recall@10: 0.0804 recall@20: 0.1294 ] [ndcg@5: 0.0557 ndcg@10: 0.0658 ndcg@20: 0.0824 ] 
2025-10-01 22:24:42,688 - Epoch 150 Validation set [recall@5: 0.0473 recall@10: 0.0805 recall@20: 0.1300 ] [ndcg@5: 0.0556 ndcg@10: 0.0659 ndcg@20: 0.0825 ] 
2025-10-01 22:24:51,531 - Epoch 153 Validation set [recall@5: 0.0480 recall@10: 0.0796 recall@20: 0.1297 ] [ndcg@5: 0.0561 ndcg@10: 0.0657 ndcg@20: 0.0826 ] 
2025-10-01 22:25:00,863 - Epoch 156 Validation set [recall@5: 0.0478 recall@10: 0.0802 recall@20: 0.1282 ] [ndcg@5: 0.0561 ndcg@10: 0.0662 ndcg@20: 0.0821 ] 
2025-10-01 22:25:10,627 - Epoch 159 Validation set [recall@5: 0.0469 recall@10: 0.0802 recall@20: 0.1291 ] [ndcg@5: 0.0554 ndcg@10: 0.0657 ndcg@20: 0.0820 ] 
2025-10-01 22:25:20,541 - Epoch 162 Validation set [recall@5: 0.0468 recall@10: 0.0795 recall@20: 0.1291 ] [ndcg@5: 0.0549 ndcg@10: 0.0650 ndcg@20: 0.0816 ] 
2025-10-01 22:25:29,590 - Epoch 165 Validation set [recall@5: 0.0472 recall@10: 0.0795 recall@20: 0.1297 ] [ndcg@5: 0.0549 ndcg@10: 0.0649 ndcg@20: 0.0818 ] 
2025-10-01 22:25:31,478 - [recall@5: 0.0473 recall@10: 0.0805 recall@20: 0.1300 ] [ndcg@5: 0.0556 ndcg@10: 0.0659 ndcg@20: 0.0825 ] 
2025-10-01 22:25:33,321 - [recall@5: 0.0453 recall@10: 0.0785 recall@20: 0.1285 ] [ndcg@5: 0.0531 ndcg@10: 0.0641 ndcg@20: 0.0811 ] 
2025-10-01 22:25:33,329 - Save model parameters to ./encoder/checkpoint/lightgcn_rgcn/lightgcn_rgcn-yelp-2023.pth
2025-10-01 22:25:33,329 - Best Epoch 150. Final test result: {'recall': array([0.04531804, 0.07852454, 0.12849601]), 'ndcg': array([0.05306938, 0.06406377, 0.08108401])}.
