2025-09-29 19:13:08,301 - {'optimizer': {'name': 'adam', 'lr': 0.001, 'weight_decay': 0}, 'train': {'epoch': 3000, 'batch_size': 4096, 'save_model': True, 'loss': 'pairwise', 'test_step': 3, 'reproducible': True, 'seed': 2023, 'patience': 5}, 'test': {'metrics': ['recall', 'ndcg'], 'k': [5, 10, 20], 'batch_size': 1024}, 'data': {'type': 'general_agcf', 'name': 'yelp', 'mat_type': 'uai', 'pre_norm': True, 'user_num': 11091, 'item_num': 11010, 'user_item_num': 22101, 'attr_num': 2607}, 'model': {'name': 'lightgcn_rgcn', 'label': 'ori', 'keep_rate': 0.9, 'embedding_size': 64, 'use_unify_layer_num': True, 'layer_num': 3, 'reg_weight': 1e-07, 'amazon': {'keep_rate': 0.9, 'layer_num': 3, 'reg_weight': 1e-07, 'eps': 0.1}, 'yelp': {'keep_rate': 0.9, 'layer_num': 3, 'reg_weight': 1e-07, 'eps': 0.1}, 'steam': {'keep_rate': 0.8, 'layer_num': 3, 'reg_weight': 1e-07, 'eps': 0.2}, 'Office': {'keep_rate': 0.9, 'layer_num': 3, 'reg_weight': 1e-06, 'eps': 0.1}}}
2025-09-29 19:13:14,290 - Epoch   0 Validation set [recall@5: 0.0083 recall@10: 0.0152 recall@20: 0.0244 ] [ndcg@5: 0.0105 ndcg@10: 0.0127 ndcg@20: 0.0157 ] 
2025-09-29 19:13:23,110 - Epoch   3 Validation set [recall@5: 0.0228 recall@10: 0.0386 recall@20: 0.0604 ] [ndcg@5: 0.0266 ndcg@10: 0.0310 ndcg@20: 0.0382 ] 
2025-09-29 19:13:30,757 - Epoch   6 Validation set [recall@5: 0.0298 recall@10: 0.0488 recall@20: 0.0792 ] [ndcg@5: 0.0352 ndcg@10: 0.0409 ndcg@20: 0.0509 ] 
2025-09-29 19:13:38,406 - Epoch   9 Validation set [recall@5: 0.0300 recall@10: 0.0511 recall@20: 0.0827 ] [ndcg@5: 0.0357 ndcg@10: 0.0423 ndcg@20: 0.0528 ] 
2025-09-29 19:13:47,561 - Epoch  12 Validation set [recall@5: 0.0308 recall@10: 0.0517 recall@20: 0.0859 ] [ndcg@5: 0.0360 ndcg@10: 0.0426 ndcg@20: 0.0539 ] 
2025-09-29 19:13:57,720 - Epoch  15 Validation set [recall@5: 0.0312 recall@10: 0.0526 recall@20: 0.0882 ] [ndcg@5: 0.0363 ndcg@10: 0.0431 ndcg@20: 0.0549 ] 
2025-09-29 19:14:07,219 - Epoch  18 Validation set [recall@5: 0.0315 recall@10: 0.0537 recall@20: 0.0909 ] [ndcg@5: 0.0367 ndcg@10: 0.0440 ndcg@20: 0.0562 ] 
2025-09-29 19:14:16,916 - Epoch  21 Validation set [recall@5: 0.0323 recall@10: 0.0548 recall@20: 0.0931 ] [ndcg@5: 0.0375 ndcg@10: 0.0448 ndcg@20: 0.0576 ] 
2025-09-29 19:14:25,460 - Epoch  24 Validation set [recall@5: 0.0327 recall@10: 0.0565 recall@20: 0.0936 ] [ndcg@5: 0.0383 ndcg@10: 0.0460 ndcg@20: 0.0584 ] 
2025-09-29 19:14:34,707 - Epoch  27 Validation set [recall@5: 0.0337 recall@10: 0.0579 recall@20: 0.0956 ] [ndcg@5: 0.0396 ndcg@10: 0.0473 ndcg@20: 0.0600 ] 
2025-09-29 19:14:44,187 - Epoch  30 Validation set [recall@5: 0.0349 recall@10: 0.0583 recall@20: 0.0978 ] [ndcg@5: 0.0412 ndcg@10: 0.0485 ndcg@20: 0.0618 ] 
2025-09-29 19:14:53,001 - Epoch  33 Validation set [recall@5: 0.0366 recall@10: 0.0606 recall@20: 0.1024 ] [ndcg@5: 0.0428 ndcg@10: 0.0501 ndcg@20: 0.0641 ] 
2025-09-29 19:15:02,793 - Epoch  36 Validation set [recall@5: 0.0367 recall@10: 0.0625 recall@20: 0.1026 ] [ndcg@5: 0.0430 ndcg@10: 0.0512 ndcg@20: 0.0645 ] 
2025-09-29 19:15:12,387 - Epoch  39 Validation set [recall@5: 0.0371 recall@10: 0.0637 recall@20: 0.1056 ] [ndcg@5: 0.0437 ndcg@10: 0.0522 ndcg@20: 0.0662 ] 
2025-09-29 19:15:22,135 - Epoch  42 Validation set [recall@5: 0.0383 recall@10: 0.0657 recall@20: 0.1067 ] [ndcg@5: 0.0446 ndcg@10: 0.0536 ndcg@20: 0.0673 ] 
2025-09-29 19:15:31,075 - Epoch  45 Validation set [recall@5: 0.0404 recall@10: 0.0660 recall@20: 0.1077 ] [ndcg@5: 0.0465 ndcg@10: 0.0543 ndcg@20: 0.0685 ] 
2025-09-29 19:15:39,912 - Epoch  48 Validation set [recall@5: 0.0396 recall@10: 0.0673 recall@20: 0.1093 ] [ndcg@5: 0.0464 ndcg@10: 0.0552 ndcg@20: 0.0694 ] 
2025-09-29 19:15:48,464 - Epoch  51 Validation set [recall@5: 0.0400 recall@10: 0.0679 recall@20: 0.1108 ] [ndcg@5: 0.0472 ndcg@10: 0.0559 ndcg@20: 0.0703 ] 
2025-09-29 19:15:57,111 - Epoch  54 Validation set [recall@5: 0.0408 recall@10: 0.0687 recall@20: 0.1122 ] [ndcg@5: 0.0484 ndcg@10: 0.0569 ndcg@20: 0.0716 ] 
2025-09-29 19:16:06,263 - Epoch  57 Validation set [recall@5: 0.0412 recall@10: 0.0694 recall@20: 0.1139 ] [ndcg@5: 0.0487 ndcg@10: 0.0574 ndcg@20: 0.0725 ] 
2025-09-29 19:16:15,099 - Epoch  60 Validation set [recall@5: 0.0417 recall@10: 0.0698 recall@20: 0.1151 ] [ndcg@5: 0.0490 ndcg@10: 0.0578 ndcg@20: 0.0731 ] 
2025-09-29 19:16:23,736 - Epoch  63 Validation set [recall@5: 0.0420 recall@10: 0.0709 recall@20: 0.1156 ] [ndcg@5: 0.0493 ndcg@10: 0.0585 ndcg@20: 0.0736 ] 
2025-09-29 19:16:32,849 - Epoch  66 Validation set [recall@5: 0.0424 recall@10: 0.0713 recall@20: 0.1165 ] [ndcg@5: 0.0499 ndcg@10: 0.0591 ndcg@20: 0.0743 ] 
2025-09-29 19:16:41,639 - Epoch  69 Validation set [recall@5: 0.0429 recall@10: 0.0719 recall@20: 0.1167 ] [ndcg@5: 0.0508 ndcg@10: 0.0598 ndcg@20: 0.0748 ] 
2025-09-29 19:16:50,239 - Epoch  72 Validation set [recall@5: 0.0434 recall@10: 0.0728 recall@20: 0.1178 ] [ndcg@5: 0.0512 ndcg@10: 0.0603 ndcg@20: 0.0757 ] 
2025-09-29 19:16:59,560 - Epoch  75 Validation set [recall@5: 0.0437 recall@10: 0.0732 recall@20: 0.1198 ] [ndcg@5: 0.0519 ndcg@10: 0.0609 ndcg@20: 0.0767 ] 
2025-09-29 19:17:08,215 - Epoch  78 Validation set [recall@5: 0.0440 recall@10: 0.0745 recall@20: 0.1200 ] [ndcg@5: 0.0524 ndcg@10: 0.0619 ndcg@20: 0.0772 ] 
2025-09-29 19:17:16,856 - Epoch  81 Validation set [recall@5: 0.0443 recall@10: 0.0743 recall@20: 0.1209 ] [ndcg@5: 0.0525 ndcg@10: 0.0618 ndcg@20: 0.0775 ] 
2025-09-29 19:17:25,481 - Epoch  84 Validation set [recall@5: 0.0440 recall@10: 0.0739 recall@20: 0.1215 ] [ndcg@5: 0.0525 ndcg@10: 0.0616 ndcg@20: 0.0777 ] 
2025-09-29 19:17:33,949 - Epoch  87 Validation set [recall@5: 0.0444 recall@10: 0.0746 recall@20: 0.1216 ] [ndcg@5: 0.0525 ndcg@10: 0.0618 ndcg@20: 0.0776 ] 
2025-09-29 19:17:43,129 - Epoch  90 Validation set [recall@5: 0.0440 recall@10: 0.0751 recall@20: 0.1222 ] [ndcg@5: 0.0526 ndcg@10: 0.0623 ndcg@20: 0.0782 ] 
2025-09-29 19:17:52,974 - Epoch  93 Validation set [recall@5: 0.0444 recall@10: 0.0753 recall@20: 0.1236 ] [ndcg@5: 0.0524 ndcg@10: 0.0620 ndcg@20: 0.0783 ] 
2025-09-29 19:18:02,826 - Epoch  96 Validation set [recall@5: 0.0444 recall@10: 0.0750 recall@20: 0.1220 ] [ndcg@5: 0.0524 ndcg@10: 0.0619 ndcg@20: 0.0778 ] 
2025-09-29 19:18:12,243 - Epoch  99 Validation set [recall@5: 0.0451 recall@10: 0.0754 recall@20: 0.1232 ] [ndcg@5: 0.0532 ndcg@10: 0.0625 ndcg@20: 0.0785 ] 
2025-09-29 19:18:22,155 - Epoch 102 Validation set [recall@5: 0.0454 recall@10: 0.0755 recall@20: 0.1233 ] [ndcg@5: 0.0535 ndcg@10: 0.0627 ndcg@20: 0.0788 ] 
2025-09-29 19:18:30,839 - Epoch 105 Validation set [recall@5: 0.0457 recall@10: 0.0760 recall@20: 0.1228 ] [ndcg@5: 0.0538 ndcg@10: 0.0631 ndcg@20: 0.0789 ] 
2025-09-29 19:18:39,725 - Epoch 108 Validation set [recall@5: 0.0454 recall@10: 0.0765 recall@20: 0.1231 ] [ndcg@5: 0.0540 ndcg@10: 0.0632 ndcg@20: 0.0791 ] 
2025-09-29 19:18:41,216 - [recall@5: 0.0444 recall@10: 0.0753 recall@20: 0.1236 ] [ndcg@5: 0.0524 ndcg@10: 0.0620 ndcg@20: 0.0783 ] 
2025-09-29 19:18:42,689 - [recall@5: 0.0448 recall@10: 0.0751 recall@20: 0.1239 ] [ndcg@5: 0.0525 ndcg@10: 0.0620 ndcg@20: 0.0785 ] 
2025-09-29 19:18:42,698 - Save model parameters to ./encoder/checkpoint/lightgcn_rgcn/lightgcn_rgcn-yelp-2023.pth
2025-09-29 19:18:42,698 - Best Epoch 93. Final test result: {'recall': array([0.04483235, 0.07514402, 0.12390628]), 'ndcg': array([0.05248869, 0.06196652, 0.07853574])}.
