2025-10-02 15:56:09,536 - {'optimizer': {'name': 'adam', 'lr': 0.001, 'weight_decay': 0}, 'train': {'epoch': 3000, 'batch_size': 4096, 'save_model': True, 'loss': 'pairwise', 'test_step': 3, 'reproducible': True, 'seed': 2023, 'patience': 5}, 'test': {'metrics': ['recall', 'ndcg'], 'k': [5, 10, 20], 'batch_size': 1024}, 'data': {'type': 'general_agcf', 'name': 'yelp', 'mat_type': 'uai', 'pre_norm': True, 'user_num': 11091, 'item_num': 11010, 'user_item_num': 22101, 'attr_num': 2607}, 'model': {'name': 'lightgcn_rgcn', 'label': 'ori', 'keep_rate': 0.9, 'embedding_size': 64, 'use_unify_layer_num': True, 'layer_num': 3, 'reg_weight': 1e-06, 'amazon': {'keep_rate': 0.9, 'layer_num': 3, 'reg_weight': 1e-07, 'eps': 0.1}, 'yelp': {'keep_rate': 0.9, 'layer_num': 3, 'reg_weight': 1e-06, 'eps': 0.1}, 'steam': {'keep_rate': 0.8, 'layer_num': 3, 'reg_weight': 1e-07, 'eps': 0.2}, 'Office': {'keep_rate': 0.9, 'layer_num': 3, 'reg_weight': 5e-06, 'eps': 0.1}}}
2025-10-02 15:56:16,926 - Epoch   0 Validation set [recall@5: 0.0086 recall@10: 0.0149 recall@20: 0.0241 ] [ndcg@5: 0.0107 ndcg@10: 0.0126 ndcg@20: 0.0156 ] 
2025-10-02 15:56:28,529 - Epoch   3 Validation set [recall@5: 0.0222 recall@10: 0.0384 recall@20: 0.0600 ] [ndcg@5: 0.0264 ndcg@10: 0.0311 ndcg@20: 0.0381 ] 
2025-10-02 15:56:39,542 - Epoch   6 Validation set [recall@5: 0.0298 recall@10: 0.0487 recall@20: 0.0795 ] [ndcg@5: 0.0352 ndcg@10: 0.0409 ndcg@20: 0.0510 ] 
2025-10-02 15:56:51,825 - Epoch   9 Validation set [recall@5: 0.0304 recall@10: 0.0510 recall@20: 0.0832 ] [ndcg@5: 0.0358 ndcg@10: 0.0422 ndcg@20: 0.0529 ] 
2025-10-02 15:57:04,355 - Epoch  12 Validation set [recall@5: 0.0309 recall@10: 0.0517 recall@20: 0.0858 ] [ndcg@5: 0.0362 ndcg@10: 0.0427 ndcg@20: 0.0540 ] 
2025-10-02 15:57:16,419 - Epoch  15 Validation set [recall@5: 0.0317 recall@10: 0.0529 recall@20: 0.0878 ] [ndcg@5: 0.0367 ndcg@10: 0.0434 ndcg@20: 0.0550 ] 
2025-10-02 15:57:27,053 - Epoch  18 Validation set [recall@5: 0.0318 recall@10: 0.0538 recall@20: 0.0904 ] [ndcg@5: 0.0370 ndcg@10: 0.0441 ndcg@20: 0.0562 ] 
2025-10-02 15:57:38,000 - Epoch  21 Validation set [recall@5: 0.0321 recall@10: 0.0549 recall@20: 0.0921 ] [ndcg@5: 0.0375 ndcg@10: 0.0448 ndcg@20: 0.0572 ] 
2025-10-02 15:57:50,096 - Epoch  24 Validation set [recall@5: 0.0330 recall@10: 0.0564 recall@20: 0.0933 ] [ndcg@5: 0.0385 ndcg@10: 0.0460 ndcg@20: 0.0584 ] 
2025-10-02 15:58:01,314 - Epoch  27 Validation set [recall@5: 0.0339 recall@10: 0.0577 recall@20: 0.0946 ] [ndcg@5: 0.0398 ndcg@10: 0.0474 ndcg@20: 0.0598 ] 
2025-10-02 15:58:12,259 - Epoch  30 Validation set [recall@5: 0.0346 recall@10: 0.0584 recall@20: 0.0977 ] [ndcg@5: 0.0409 ndcg@10: 0.0484 ndcg@20: 0.0615 ] 
2025-10-02 15:58:23,292 - Epoch  33 Validation set [recall@5: 0.0360 recall@10: 0.0608 recall@20: 0.1009 ] [ndcg@5: 0.0425 ndcg@10: 0.0503 ndcg@20: 0.0637 ] 
2025-10-02 15:58:34,167 - Epoch  36 Validation set [recall@5: 0.0370 recall@10: 0.0621 recall@20: 0.1024 ] [ndcg@5: 0.0431 ndcg@10: 0.0510 ndcg@20: 0.0643 ] 
2025-10-02 15:58:45,309 - Epoch  39 Validation set [recall@5: 0.0374 recall@10: 0.0631 recall@20: 0.1040 ] [ndcg@5: 0.0437 ndcg@10: 0.0518 ndcg@20: 0.0654 ] 
2025-10-02 15:58:56,314 - Epoch  42 Validation set [recall@5: 0.0377 recall@10: 0.0648 recall@20: 0.1063 ] [ndcg@5: 0.0444 ndcg@10: 0.0532 ndcg@20: 0.0671 ] 
2025-10-02 15:59:07,290 - Epoch  45 Validation set [recall@5: 0.0394 recall@10: 0.0657 recall@20: 0.1072 ] [ndcg@5: 0.0458 ndcg@10: 0.0539 ndcg@20: 0.0679 ] 
2025-10-02 15:59:18,817 - Epoch  48 Validation set [recall@5: 0.0397 recall@10: 0.0669 recall@20: 0.1091 ] [ndcg@5: 0.0462 ndcg@10: 0.0546 ndcg@20: 0.0690 ] 
2025-10-02 15:59:30,340 - Epoch  51 Validation set [recall@5: 0.0398 recall@10: 0.0675 recall@20: 0.1104 ] [ndcg@5: 0.0470 ndcg@10: 0.0557 ndcg@20: 0.0701 ] 
2025-10-02 15:59:41,995 - Epoch  54 Validation set [recall@5: 0.0400 recall@10: 0.0687 recall@20: 0.1128 ] [ndcg@5: 0.0475 ndcg@10: 0.0566 ndcg@20: 0.0714 ] 
2025-10-02 15:59:52,920 - Epoch  57 Validation set [recall@5: 0.0405 recall@10: 0.0692 recall@20: 0.1133 ] [ndcg@5: 0.0482 ndcg@10: 0.0571 ndcg@20: 0.0721 ] 
2025-10-02 16:00:04,394 - Epoch  60 Validation set [recall@5: 0.0409 recall@10: 0.0696 recall@20: 0.1141 ] [ndcg@5: 0.0484 ndcg@10: 0.0574 ndcg@20: 0.0725 ] 
2025-10-02 16:00:15,389 - Epoch  63 Validation set [recall@5: 0.0423 recall@10: 0.0700 recall@20: 0.1151 ] [ndcg@5: 0.0492 ndcg@10: 0.0580 ndcg@20: 0.0733 ] 
2025-10-02 16:00:27,379 - Epoch  66 Validation set [recall@5: 0.0421 recall@10: 0.0706 recall@20: 0.1160 ] [ndcg@5: 0.0496 ndcg@10: 0.0586 ndcg@20: 0.0739 ] 
2025-10-02 16:00:39,857 - Epoch  69 Validation set [recall@5: 0.0417 recall@10: 0.0725 recall@20: 0.1160 ] [ndcg@5: 0.0498 ndcg@10: 0.0597 ndcg@20: 0.0743 ] 
2025-10-02 16:00:51,137 - Epoch  72 Validation set [recall@5: 0.0426 recall@10: 0.0722 recall@20: 0.1173 ] [ndcg@5: 0.0505 ndcg@10: 0.0599 ndcg@20: 0.0751 ] 
2025-10-02 16:01:03,026 - Epoch  75 Validation set [recall@5: 0.0432 recall@10: 0.0733 recall@20: 0.1177 ] [ndcg@5: 0.0513 ndcg@10: 0.0608 ndcg@20: 0.0758 ] 
2025-10-02 16:01:15,663 - Epoch  78 Validation set [recall@5: 0.0437 recall@10: 0.0734 recall@20: 0.1187 ] [ndcg@5: 0.0517 ndcg@10: 0.0611 ndcg@20: 0.0763 ] 
2025-10-02 16:01:28,161 - Epoch  81 Validation set [recall@5: 0.0440 recall@10: 0.0740 recall@20: 0.1201 ] [ndcg@5: 0.0524 ndcg@10: 0.0617 ndcg@20: 0.0772 ] 
2025-10-02 16:01:40,708 - Epoch  84 Validation set [recall@5: 0.0442 recall@10: 0.0742 recall@20: 0.1216 ] [ndcg@5: 0.0521 ndcg@10: 0.0617 ndcg@20: 0.0777 ] 
2025-10-02 16:01:53,019 - Epoch  87 Validation set [recall@5: 0.0448 recall@10: 0.0745 recall@20: 0.1215 ] [ndcg@5: 0.0523 ndcg@10: 0.0615 ndcg@20: 0.0776 ] 
2025-10-02 16:02:04,449 - Epoch  90 Validation set [recall@5: 0.0451 recall@10: 0.0747 recall@20: 0.1222 ] [ndcg@5: 0.0527 ndcg@10: 0.0619 ndcg@20: 0.0779 ] 
2025-10-02 16:02:15,420 - Epoch  93 Validation set [recall@5: 0.0448 recall@10: 0.0755 recall@20: 0.1237 ] [ndcg@5: 0.0527 ndcg@10: 0.0623 ndcg@20: 0.0785 ] 
2025-10-02 16:02:27,077 - Epoch  96 Validation set [recall@5: 0.0451 recall@10: 0.0758 recall@20: 0.1233 ] [ndcg@5: 0.0527 ndcg@10: 0.0623 ndcg@20: 0.0783 ] 
2025-10-02 16:02:37,914 - Epoch  99 Validation set [recall@5: 0.0450 recall@10: 0.0758 recall@20: 0.1236 ] [ndcg@5: 0.0529 ndcg@10: 0.0625 ndcg@20: 0.0787 ] 
2025-10-02 16:02:49,871 - Epoch 102 Validation set [recall@5: 0.0459 recall@10: 0.0762 recall@20: 0.1235 ] [ndcg@5: 0.0536 ndcg@10: 0.0631 ndcg@20: 0.0790 ] 
2025-10-02 16:03:02,524 - Epoch 105 Validation set [recall@5: 0.0463 recall@10: 0.0772 recall@20: 0.1239 ] [ndcg@5: 0.0540 ndcg@10: 0.0635 ndcg@20: 0.0791 ] 
2025-10-02 16:03:14,199 - Epoch 108 Validation set [recall@5: 0.0462 recall@10: 0.0773 recall@20: 0.1239 ] [ndcg@5: 0.0542 ndcg@10: 0.0638 ndcg@20: 0.0796 ] 
2025-10-02 16:03:26,876 - Epoch 111 Validation set [recall@5: 0.0462 recall@10: 0.0767 recall@20: 0.1241 ] [ndcg@5: 0.0543 ndcg@10: 0.0635 ndcg@20: 0.0795 ] 
2025-10-02 16:03:37,940 - Epoch 114 Validation set [recall@5: 0.0469 recall@10: 0.0770 recall@20: 0.1266 ] [ndcg@5: 0.0549 ndcg@10: 0.0639 ndcg@20: 0.0806 ] 
2025-10-02 16:03:49,134 - Epoch 117 Validation set [recall@5: 0.0472 recall@10: 0.0774 recall@20: 0.1261 ] [ndcg@5: 0.0555 ndcg@10: 0.0645 ndcg@20: 0.0810 ] 
2025-10-02 16:04:00,582 - Epoch 120 Validation set [recall@5: 0.0470 recall@10: 0.0785 recall@20: 0.1270 ] [ndcg@5: 0.0552 ndcg@10: 0.0648 ndcg@20: 0.0812 ] 
2025-10-02 16:04:12,071 - Epoch 123 Validation set [recall@5: 0.0480 recall@10: 0.0789 recall@20: 0.1263 ] [ndcg@5: 0.0555 ndcg@10: 0.0650 ndcg@20: 0.0810 ] 
2025-10-02 16:04:23,978 - Epoch 126 Validation set [recall@5: 0.0466 recall@10: 0.0792 recall@20: 0.1277 ] [ndcg@5: 0.0550 ndcg@10: 0.0652 ndcg@20: 0.0815 ] 
2025-10-02 16:04:36,196 - Epoch 129 Validation set [recall@5: 0.0460 recall@10: 0.0790 recall@20: 0.1274 ] [ndcg@5: 0.0546 ndcg@10: 0.0650 ndcg@20: 0.0813 ] 
2025-10-02 16:04:48,588 - Epoch 132 Validation set [recall@5: 0.0467 recall@10: 0.0796 recall@20: 0.1279 ] [ndcg@5: 0.0547 ndcg@10: 0.0652 ndcg@20: 0.0814 ] 
2025-10-02 16:05:00,624 - Epoch 135 Validation set [recall@5: 0.0470 recall@10: 0.0789 recall@20: 0.1284 ] [ndcg@5: 0.0552 ndcg@10: 0.0652 ndcg@20: 0.0818 ] 
2025-10-02 16:05:11,651 - Epoch 138 Validation set [recall@5: 0.0468 recall@10: 0.0793 recall@20: 0.1280 ] [ndcg@5: 0.0557 ndcg@10: 0.0658 ndcg@20: 0.0821 ] 
2025-10-02 16:05:22,650 - Epoch 141 Validation set [recall@5: 0.0479 recall@10: 0.0804 recall@20: 0.1275 ] [ndcg@5: 0.0562 ndcg@10: 0.0663 ndcg@20: 0.0821 ] 
2025-10-02 16:05:34,174 - Epoch 144 Validation set [recall@5: 0.0472 recall@10: 0.0806 recall@20: 0.1281 ] [ndcg@5: 0.0560 ndcg@10: 0.0662 ndcg@20: 0.0823 ] 
2025-10-02 16:05:45,878 - Epoch 147 Validation set [recall@5: 0.0472 recall@10: 0.0802 recall@20: 0.1295 ] [ndcg@5: 0.0558 ndcg@10: 0.0658 ndcg@20: 0.0825 ] 
2025-10-02 16:05:57,841 - Epoch 150 Validation set [recall@5: 0.0472 recall@10: 0.0806 recall@20: 0.1297 ] [ndcg@5: 0.0556 ndcg@10: 0.0659 ndcg@20: 0.0825 ] 
2025-10-02 16:06:10,718 - Epoch 153 Validation set [recall@5: 0.0478 recall@10: 0.0796 recall@20: 0.1298 ] [ndcg@5: 0.0560 ndcg@10: 0.0657 ndcg@20: 0.0826 ] 
2025-10-02 16:06:23,305 - Epoch 156 Validation set [recall@5: 0.0477 recall@10: 0.0801 recall@20: 0.1283 ] [ndcg@5: 0.0561 ndcg@10: 0.0662 ndcg@20: 0.0822 ] 
2025-10-02 16:06:35,030 - Epoch 159 Validation set [recall@5: 0.0468 recall@10: 0.0803 recall@20: 0.1293 ] [ndcg@5: 0.0553 ndcg@10: 0.0657 ndcg@20: 0.0821 ] 
2025-10-02 16:06:46,108 - Epoch 162 Validation set [recall@5: 0.0468 recall@10: 0.0795 recall@20: 0.1292 ] [ndcg@5: 0.0549 ndcg@10: 0.0650 ndcg@20: 0.0817 ] 
2025-10-02 16:06:57,192 - Epoch 165 Validation set [recall@5: 0.0472 recall@10: 0.0797 recall@20: 0.1297 ] [ndcg@5: 0.0549 ndcg@10: 0.0650 ndcg@20: 0.0818 ] 
2025-10-02 16:07:08,201 - Epoch 168 Validation set [recall@5: 0.0474 recall@10: 0.0805 recall@20: 0.1299 ] [ndcg@5: 0.0552 ndcg@10: 0.0652 ndcg@20: 0.0818 ] 
2025-10-02 16:07:20,772 - Epoch 171 Validation set [recall@5: 0.0475 recall@10: 0.0808 recall@20: 0.1304 ] [ndcg@5: 0.0552 ndcg@10: 0.0655 ndcg@20: 0.0822 ] 
2025-10-02 16:07:32,911 - Epoch 174 Validation set [recall@5: 0.0475 recall@10: 0.0807 recall@20: 0.1302 ] [ndcg@5: 0.0556 ndcg@10: 0.0660 ndcg@20: 0.0826 ] 
2025-10-02 16:07:45,150 - Epoch 177 Validation set [recall@5: 0.0475 recall@10: 0.0805 recall@20: 0.1290 ] [ndcg@5: 0.0550 ndcg@10: 0.0654 ndcg@20: 0.0817 ] 
2025-10-02 16:07:56,308 - Epoch 180 Validation set [recall@5: 0.0475 recall@10: 0.0810 recall@20: 0.1298 ] [ndcg@5: 0.0553 ndcg@10: 0.0658 ndcg@20: 0.0820 ] 
2025-10-02 16:08:07,894 - Epoch 183 Validation set [recall@5: 0.0476 recall@10: 0.0800 recall@20: 0.1298 ] [ndcg@5: 0.0556 ndcg@10: 0.0658 ndcg@20: 0.0823 ] 
2025-10-02 16:08:19,594 - Epoch 186 Validation set [recall@5: 0.0487 recall@10: 0.0797 recall@20: 0.1303 ] [ndcg@5: 0.0563 ndcg@10: 0.0658 ndcg@20: 0.0826 ] 
2025-10-02 16:08:21,460 - [recall@5: 0.0475 recall@10: 0.0808 recall@20: 0.1304 ] [ndcg@5: 0.0552 ndcg@10: 0.0655 ndcg@20: 0.0822 ] 
2025-10-02 16:08:23,402 - [recall@5: 0.0477 recall@10: 0.0805 recall@20: 0.1301 ] [ndcg@5: 0.0552 ndcg@10: 0.0657 ndcg@20: 0.0826 ] 
2025-10-02 16:08:23,413 - Save model parameters to ./encoder/checkpoint/lightgcn_rgcn/lightgcn_rgcn-yelp-2023.pth
2025-10-02 16:08:23,414 - Best Epoch 171. Final test result: {'recall': array([0.04768228, 0.08052594, 0.13007811]), 'ndcg': array([0.05516674, 0.06567854, 0.08256166])}.
