2025-09-30 00:15:26,680 - {'optimizer': {'name': 'adam', 'lr': 0.001, 'weight_decay': 0}, 'train': {'epoch': 3000, 'batch_size': 4096, 'save_model': True, 'loss': 'pairwise', 'test_step': 3, 'reproducible': True, 'seed': 2023, 'patience': 5}, 'test': {'metrics': ['recall', 'ndcg'], 'k': [5, 10, 20], 'batch_size': 1024}, 'data': {'type': 'general_agcf', 'name': 'yelp', 'mat_type': 'uai', 'pre_norm': True, 'user_num': 11091, 'item_num': 11010, 'user_item_num': 22101, 'attr_num': 2607}, 'model': {'name': 'lightgcn_rgcn', 'label': 'ori', 'keep_rate': 0.9, 'embedding_size': 64, 'use_unify_layer_num': True, 'layer_num': 3, 'reg_weight': 1e-07, 'amazon': {'keep_rate': 0.9, 'layer_num': 3, 'reg_weight': 1e-07, 'eps': 0.1}, 'yelp': {'keep_rate': 0.9, 'layer_num': 3, 'reg_weight': 1e-07, 'eps': 0.2}, 'steam': {'keep_rate': 0.8, 'layer_num': 3, 'reg_weight': 1e-07, 'eps': 0.2}, 'Office': {'keep_rate': 0.9, 'layer_num': 3, 'reg_weight': 1e-06, 'eps': 0.1}}}
2025-09-30 00:15:31,226 - Epoch   0 Validation set [recall@5: 0.0083 recall@10: 0.0152 recall@20: 0.0244 ] [ndcg@5: 0.0105 ndcg@10: 0.0127 ndcg@20: 0.0157 ] 
2025-09-30 00:15:39,466 - Epoch   3 Validation set [recall@5: 0.0228 recall@10: 0.0386 recall@20: 0.0604 ] [ndcg@5: 0.0265 ndcg@10: 0.0310 ndcg@20: 0.0382 ] 
2025-09-30 00:15:47,561 - Epoch   6 Validation set [recall@5: 0.0298 recall@10: 0.0489 recall@20: 0.0792 ] [ndcg@5: 0.0352 ndcg@10: 0.0410 ndcg@20: 0.0509 ] 
2025-09-30 00:15:55,726 - Epoch   9 Validation set [recall@5: 0.0300 recall@10: 0.0510 recall@20: 0.0827 ] [ndcg@5: 0.0357 ndcg@10: 0.0423 ndcg@20: 0.0528 ] 
2025-09-30 00:16:04,079 - Epoch  12 Validation set [recall@5: 0.0307 recall@10: 0.0516 recall@20: 0.0860 ] [ndcg@5: 0.0360 ndcg@10: 0.0426 ndcg@20: 0.0540 ] 
2025-09-30 00:16:12,237 - Epoch  15 Validation set [recall@5: 0.0314 recall@10: 0.0525 recall@20: 0.0880 ] [ndcg@5: 0.0364 ndcg@10: 0.0431 ndcg@20: 0.0548 ] 
2025-09-30 00:16:20,267 - Epoch  18 Validation set [recall@5: 0.0315 recall@10: 0.0535 recall@20: 0.0906 ] [ndcg@5: 0.0367 ndcg@10: 0.0440 ndcg@20: 0.0561 ] 
2025-09-30 00:16:28,315 - Epoch  21 Validation set [recall@5: 0.0322 recall@10: 0.0548 recall@20: 0.0928 ] [ndcg@5: 0.0375 ndcg@10: 0.0447 ndcg@20: 0.0575 ] 
2025-09-30 00:16:36,444 - Epoch  24 Validation set [recall@5: 0.0329 recall@10: 0.0564 recall@20: 0.0940 ] [ndcg@5: 0.0383 ndcg@10: 0.0459 ndcg@20: 0.0585 ] 
2025-09-30 00:16:44,479 - Epoch  27 Validation set [recall@5: 0.0338 recall@10: 0.0581 recall@20: 0.0964 ] [ndcg@5: 0.0398 ndcg@10: 0.0475 ndcg@20: 0.0604 ] 
2025-09-30 00:16:52,391 - Epoch  30 Validation set [recall@5: 0.0350 recall@10: 0.0583 recall@20: 0.0988 ] [ndcg@5: 0.0412 ndcg@10: 0.0486 ndcg@20: 0.0621 ] 
2025-09-30 00:17:00,585 - Epoch  33 Validation set [recall@5: 0.0367 recall@10: 0.0606 recall@20: 0.1024 ] [ndcg@5: 0.0428 ndcg@10: 0.0501 ndcg@20: 0.0640 ] 
2025-09-30 00:17:08,695 - Epoch  36 Validation set [recall@5: 0.0369 recall@10: 0.0621 recall@20: 0.1031 ] [ndcg@5: 0.0431 ndcg@10: 0.0512 ndcg@20: 0.0647 ] 
2025-09-30 00:17:17,062 - Epoch  39 Validation set [recall@5: 0.0374 recall@10: 0.0632 recall@20: 0.1052 ] [ndcg@5: 0.0440 ndcg@10: 0.0521 ndcg@20: 0.0661 ] 
2025-09-30 00:17:25,612 - Epoch  42 Validation set [recall@5: 0.0385 recall@10: 0.0654 recall@20: 0.1063 ] [ndcg@5: 0.0447 ndcg@10: 0.0534 ndcg@20: 0.0672 ] 
2025-09-30 00:17:34,806 - Epoch  45 Validation set [recall@5: 0.0402 recall@10: 0.0659 recall@20: 0.1077 ] [ndcg@5: 0.0465 ndcg@10: 0.0544 ndcg@20: 0.0685 ] 
2025-09-30 00:17:42,978 - Epoch  48 Validation set [recall@5: 0.0401 recall@10: 0.0675 recall@20: 0.1091 ] [ndcg@5: 0.0468 ndcg@10: 0.0555 ndcg@20: 0.0696 ] 
2025-09-30 00:17:51,057 - Epoch  51 Validation set [recall@5: 0.0404 recall@10: 0.0678 recall@20: 0.1108 ] [ndcg@5: 0.0475 ndcg@10: 0.0560 ndcg@20: 0.0705 ] 
2025-09-30 00:17:59,189 - Epoch  54 Validation set [recall@5: 0.0408 recall@10: 0.0688 recall@20: 0.1125 ] [ndcg@5: 0.0485 ndcg@10: 0.0570 ndcg@20: 0.0717 ] 
2025-09-30 00:18:07,298 - Epoch  57 Validation set [recall@5: 0.0409 recall@10: 0.0692 recall@20: 0.1139 ] [ndcg@5: 0.0486 ndcg@10: 0.0573 ndcg@20: 0.0725 ] 
2025-09-30 00:18:15,225 - Epoch  60 Validation set [recall@5: 0.0420 recall@10: 0.0704 recall@20: 0.1149 ] [ndcg@5: 0.0491 ndcg@10: 0.0580 ndcg@20: 0.0731 ] 
2025-09-30 00:18:22,498 - Epoch  63 Validation set [recall@5: 0.0421 recall@10: 0.0711 recall@20: 0.1156 ] [ndcg@5: 0.0494 ndcg@10: 0.0586 ndcg@20: 0.0737 ] 
2025-09-30 00:18:30,250 - Epoch  66 Validation set [recall@5: 0.0425 recall@10: 0.0717 recall@20: 0.1165 ] [ndcg@5: 0.0499 ndcg@10: 0.0592 ndcg@20: 0.0744 ] 
2025-09-30 00:18:38,297 - Epoch  69 Validation set [recall@5: 0.0428 recall@10: 0.0716 recall@20: 0.1169 ] [ndcg@5: 0.0508 ndcg@10: 0.0597 ndcg@20: 0.0750 ] 
2025-09-30 00:18:46,307 - Epoch  72 Validation set [recall@5: 0.0434 recall@10: 0.0726 recall@20: 0.1177 ] [ndcg@5: 0.0513 ndcg@10: 0.0603 ndcg@20: 0.0757 ] 
2025-09-30 00:18:54,469 - Epoch  75 Validation set [recall@5: 0.0439 recall@10: 0.0730 recall@20: 0.1199 ] [ndcg@5: 0.0519 ndcg@10: 0.0608 ndcg@20: 0.0767 ] 
2025-09-30 00:19:02,449 - Epoch  78 Validation set [recall@5: 0.0442 recall@10: 0.0744 recall@20: 0.1198 ] [ndcg@5: 0.0525 ndcg@10: 0.0619 ndcg@20: 0.0771 ] 
2025-09-30 00:19:10,483 - Epoch  81 Validation set [recall@5: 0.0444 recall@10: 0.0744 recall@20: 0.1209 ] [ndcg@5: 0.0526 ndcg@10: 0.0618 ndcg@20: 0.0774 ] 
2025-09-30 00:19:18,414 - Epoch  84 Validation set [recall@5: 0.0442 recall@10: 0.0740 recall@20: 0.1215 ] [ndcg@5: 0.0526 ndcg@10: 0.0616 ndcg@20: 0.0778 ] 
2025-09-30 00:19:26,311 - Epoch  87 Validation set [recall@5: 0.0449 recall@10: 0.0746 recall@20: 0.1217 ] [ndcg@5: 0.0528 ndcg@10: 0.0619 ndcg@20: 0.0776 ] 
2025-09-30 00:19:34,115 - Epoch  90 Validation set [recall@5: 0.0440 recall@10: 0.0749 recall@20: 0.1225 ] [ndcg@5: 0.0526 ndcg@10: 0.0622 ndcg@20: 0.0782 ] 
2025-09-30 00:19:42,328 - Epoch  93 Validation set [recall@5: 0.0445 recall@10: 0.0755 recall@20: 0.1235 ] [ndcg@5: 0.0525 ndcg@10: 0.0621 ndcg@20: 0.0784 ] 
2025-09-30 00:19:50,272 - Epoch  96 Validation set [recall@5: 0.0444 recall@10: 0.0750 recall@20: 0.1220 ] [ndcg@5: 0.0525 ndcg@10: 0.0619 ndcg@20: 0.0779 ] 
2025-09-30 00:19:58,143 - Epoch  99 Validation set [recall@5: 0.0450 recall@10: 0.0756 recall@20: 0.1230 ] [ndcg@5: 0.0531 ndcg@10: 0.0625 ndcg@20: 0.0784 ] 
2025-09-30 00:20:05,332 - Epoch 102 Validation set [recall@5: 0.0455 recall@10: 0.0754 recall@20: 0.1227 ] [ndcg@5: 0.0538 ndcg@10: 0.0628 ndcg@20: 0.0788 ] 
2025-09-30 00:20:13,154 - Epoch 105 Validation set [recall@5: 0.0457 recall@10: 0.0761 recall@20: 0.1228 ] [ndcg@5: 0.0538 ndcg@10: 0.0632 ndcg@20: 0.0788 ] 
2025-09-30 00:20:21,166 - Epoch 108 Validation set [recall@5: 0.0453 recall@10: 0.0763 recall@20: 0.1235 ] [ndcg@5: 0.0539 ndcg@10: 0.0632 ndcg@20: 0.0792 ] 
2025-09-30 00:20:22,655 - [recall@5: 0.0445 recall@10: 0.0755 recall@20: 0.1235 ] [ndcg@5: 0.0525 ndcg@10: 0.0621 ndcg@20: 0.0784 ] 
2025-09-30 00:20:24,153 - [recall@5: 0.0448 recall@10: 0.0754 recall@20: 0.1238 ] [ndcg@5: 0.0525 ndcg@10: 0.0621 ndcg@20: 0.0786 ] 
2025-09-30 00:20:24,162 - Save model parameters to ./encoder/checkpoint/lightgcn_rgcn/lightgcn_rgcn-yelp-2023.pth
2025-09-30 00:20:24,163 - Best Epoch 93. Final test result: {'recall': array([0.04475074, 0.07535574, 0.12381507]), 'ndcg': array([0.05247548, 0.06208278, 0.07855698])}.
