2025-10-01 23:09:35,649 - {'optimizer': {'name': 'adam', 'lr': 0.001, 'weight_decay': 0}, 'train': {'epoch': 3000, 'batch_size': 4096, 'save_model': True, 'loss': 'pairwise', 'test_step': 3, 'reproducible': True, 'seed': 2023, 'patience': 5}, 'test': {'metrics': ['recall', 'ndcg'], 'k': [5, 10, 20], 'batch_size': 1024}, 'data': {'type': 'general_agcf', 'name': 'yelp', 'mat_type': 'uai', 'pre_norm': True, 'user_num': 11091, 'item_num': 11010, 'user_item_num': 22101, 'attr_num': 2607}, 'model': {'name': 'lightgcn_rgcn', 'label': 'ori', 'keep_rate': 0.9, 'embedding_size': 64, 'use_unify_layer_num': True, 'layer_num': 7, 'reg_weight': 1e-06, 'amazon': {'keep_rate': 0.9, 'layer_num': 3, 'reg_weight': 1e-07, 'eps': 0.1}, 'yelp': {'keep_rate': 0.9, 'layer_num': 7, 'reg_weight': 1e-06, 'eps': 0.1}, 'steam': {'keep_rate': 0.8, 'layer_num': 3, 'reg_weight': 1e-07, 'eps': 0.2}, 'Office': {'keep_rate': 0.9, 'layer_num': 3, 'reg_weight': 1e-06, 'eps': 0.1}}}
2025-10-01 23:09:45,488 - Epoch   0 Validation set [recall@5: 0.0084 recall@10: 0.0136 recall@20: 0.0236 ] [ndcg@5: 0.0099 ndcg@10: 0.0115 ndcg@20: 0.0149 ] 
2025-10-01 23:10:04,953 - Epoch   3 Validation set [recall@5: 0.0109 recall@10: 0.0185 recall@20: 0.0305 ] [ndcg@5: 0.0125 ndcg@10: 0.0148 ndcg@20: 0.0190 ] 
2025-10-01 23:10:25,061 - Epoch   6 Validation set [recall@5: 0.0252 recall@10: 0.0418 recall@20: 0.0686 ] [ndcg@5: 0.0301 ndcg@10: 0.0350 ndcg@20: 0.0440 ] 
2025-10-01 23:10:43,576 - Epoch   9 Validation set [recall@5: 0.0296 recall@10: 0.0512 recall@20: 0.0818 ] [ndcg@5: 0.0352 ndcg@10: 0.0420 ndcg@20: 0.0522 ] 
2025-10-01 23:11:01,265 - Epoch  12 Validation set [recall@5: 0.0313 recall@10: 0.0534 recall@20: 0.0856 ] [ndcg@5: 0.0372 ndcg@10: 0.0439 ndcg@20: 0.0546 ] 
2025-10-01 23:11:19,765 - Epoch  15 Validation set [recall@5: 0.0327 recall@10: 0.0562 recall@20: 0.0890 ] [ndcg@5: 0.0382 ndcg@10: 0.0455 ndcg@20: 0.0564 ] 
2025-10-01 23:11:36,967 - Epoch  18 Validation set [recall@5: 0.0331 recall@10: 0.0562 recall@20: 0.0902 ] [ndcg@5: 0.0388 ndcg@10: 0.0461 ndcg@20: 0.0573 ] 
2025-10-01 23:11:53,267 - Epoch  21 Validation set [recall@5: 0.0345 recall@10: 0.0569 recall@20: 0.0932 ] [ndcg@5: 0.0404 ndcg@10: 0.0471 ndcg@20: 0.0592 ] 
2025-10-01 23:12:10,516 - Epoch  24 Validation set [recall@5: 0.0347 recall@10: 0.0586 recall@20: 0.0957 ] [ndcg@5: 0.0405 ndcg@10: 0.0480 ndcg@20: 0.0603 ] 
2025-10-01 23:12:28,482 - Epoch  27 Validation set [recall@5: 0.0360 recall@10: 0.0602 recall@20: 0.0970 ] [ndcg@5: 0.0420 ndcg@10: 0.0494 ndcg@20: 0.0616 ] 
2025-10-01 23:12:45,843 - Epoch  30 Validation set [recall@5: 0.0367 recall@10: 0.0603 recall@20: 0.0990 ] [ndcg@5: 0.0423 ndcg@10: 0.0493 ndcg@20: 0.0623 ] 
2025-10-01 23:13:02,677 - Epoch  33 Validation set [recall@5: 0.0371 recall@10: 0.0610 recall@20: 0.0996 ] [ndcg@5: 0.0430 ndcg@10: 0.0501 ndcg@20: 0.0631 ] 
2025-10-01 23:13:20,714 - Epoch  36 Validation set [recall@5: 0.0367 recall@10: 0.0620 recall@20: 0.1013 ] [ndcg@5: 0.0432 ndcg@10: 0.0511 ndcg@20: 0.0643 ] 
2025-10-01 23:13:36,574 - Epoch  39 Validation set [recall@5: 0.0377 recall@10: 0.0630 recall@20: 0.1037 ] [ndcg@5: 0.0438 ndcg@10: 0.0516 ndcg@20: 0.0652 ] 
2025-10-01 23:13:54,043 - Epoch  42 Validation set [recall@5: 0.0381 recall@10: 0.0637 recall@20: 0.1047 ] [ndcg@5: 0.0443 ndcg@10: 0.0523 ndcg@20: 0.0660 ] 
2025-10-01 23:14:11,614 - Epoch  45 Validation set [recall@5: 0.0384 recall@10: 0.0659 recall@20: 0.1059 ] [ndcg@5: 0.0446 ndcg@10: 0.0533 ndcg@20: 0.0668 ] 
2025-10-01 23:14:28,099 - Epoch  48 Validation set [recall@5: 0.0386 recall@10: 0.0654 recall@20: 0.1078 ] [ndcg@5: 0.0451 ndcg@10: 0.0535 ndcg@20: 0.0677 ] 
2025-10-01 23:14:44,450 - Epoch  51 Validation set [recall@5: 0.0384 recall@10: 0.0660 recall@20: 0.1081 ] [ndcg@5: 0.0454 ndcg@10: 0.0539 ndcg@20: 0.0681 ] 
2025-10-01 23:15:02,105 - Epoch  54 Validation set [recall@5: 0.0390 recall@10: 0.0666 recall@20: 0.1084 ] [ndcg@5: 0.0460 ndcg@10: 0.0546 ndcg@20: 0.0687 ] 
2025-10-01 23:15:19,735 - Epoch  57 Validation set [recall@5: 0.0399 recall@10: 0.0671 recall@20: 0.1106 ] [ndcg@5: 0.0465 ndcg@10: 0.0550 ndcg@20: 0.0697 ] 
2025-10-01 23:15:35,440 - Epoch  60 Validation set [recall@5: 0.0397 recall@10: 0.0679 recall@20: 0.1098 ] [ndcg@5: 0.0462 ndcg@10: 0.0551 ndcg@20: 0.0692 ] 
2025-10-01 23:15:52,689 - Epoch  63 Validation set [recall@5: 0.0404 recall@10: 0.0672 recall@20: 0.1092 ] [ndcg@5: 0.0471 ndcg@10: 0.0554 ndcg@20: 0.0696 ] 
2025-10-01 23:16:09,860 - Epoch  66 Validation set [recall@5: 0.0402 recall@10: 0.0672 recall@20: 0.1099 ] [ndcg@5: 0.0473 ndcg@10: 0.0556 ndcg@20: 0.0701 ] 
2025-10-01 23:16:27,536 - Epoch  69 Validation set [recall@5: 0.0407 recall@10: 0.0682 recall@20: 0.1117 ] [ndcg@5: 0.0474 ndcg@10: 0.0562 ndcg@20: 0.0707 ] 
2025-10-01 23:16:48,930 - Epoch  72 Validation set [recall@5: 0.0413 recall@10: 0.0703 recall@20: 0.1131 ] [ndcg@5: 0.0483 ndcg@10: 0.0575 ndcg@20: 0.0719 ] 
2025-10-01 23:17:10,317 - Epoch  75 Validation set [recall@5: 0.0420 recall@10: 0.0693 recall@20: 0.1131 ] [ndcg@5: 0.0491 ndcg@10: 0.0574 ndcg@20: 0.0722 ] 
2025-10-01 23:17:33,432 - Epoch  78 Validation set [recall@5: 0.0413 recall@10: 0.0702 recall@20: 0.1144 ] [ndcg@5: 0.0487 ndcg@10: 0.0580 ndcg@20: 0.0727 ] 
2025-10-01 23:17:54,721 - Epoch  81 Validation set [recall@5: 0.0418 recall@10: 0.0703 recall@20: 0.1148 ] [ndcg@5: 0.0495 ndcg@10: 0.0585 ndcg@20: 0.0733 ] 
2025-10-01 23:18:17,582 - Epoch  84 Validation set [recall@5: 0.0421 recall@10: 0.0696 recall@20: 0.1150 ] [ndcg@5: 0.0495 ndcg@10: 0.0581 ndcg@20: 0.0733 ] 
2025-10-01 23:18:39,208 - Epoch  87 Validation set [recall@5: 0.0412 recall@10: 0.0706 recall@20: 0.1151 ] [ndcg@5: 0.0490 ndcg@10: 0.0584 ndcg@20: 0.0733 ] 
2025-10-01 23:19:00,570 - Epoch  90 Validation set [recall@5: 0.0412 recall@10: 0.0707 recall@20: 0.1158 ] [ndcg@5: 0.0489 ndcg@10: 0.0583 ndcg@20: 0.0734 ] 
2025-10-01 23:19:20,930 - Epoch  93 Validation set [recall@5: 0.0418 recall@10: 0.0708 recall@20: 0.1170 ] [ndcg@5: 0.0491 ndcg@10: 0.0584 ndcg@20: 0.0738 ] 
2025-10-01 23:19:36,878 - Epoch  96 Validation set [recall@5: 0.0419 recall@10: 0.0714 recall@20: 0.1161 ] [ndcg@5: 0.0492 ndcg@10: 0.0584 ndcg@20: 0.0734 ] 
2025-10-01 23:19:53,290 - Epoch  99 Validation set [recall@5: 0.0430 recall@10: 0.0724 recall@20: 0.1170 ] [ndcg@5: 0.0505 ndcg@10: 0.0595 ndcg@20: 0.0744 ] 
2025-10-01 23:20:10,371 - Epoch 102 Validation set [recall@5: 0.0437 recall@10: 0.0731 recall@20: 0.1178 ] [ndcg@5: 0.0508 ndcg@10: 0.0599 ndcg@20: 0.0749 ] 
2025-10-01 23:20:26,640 - Epoch 105 Validation set [recall@5: 0.0433 recall@10: 0.0723 recall@20: 0.1164 ] [ndcg@5: 0.0501 ndcg@10: 0.0591 ndcg@20: 0.0739 ] 
2025-10-01 23:20:43,404 - Epoch 108 Validation set [recall@5: 0.0434 recall@10: 0.0735 recall@20: 0.1172 ] [ndcg@5: 0.0500 ndcg@10: 0.0597 ndcg@20: 0.0743 ] 
2025-10-01 23:20:59,893 - Epoch 111 Validation set [recall@5: 0.0438 recall@10: 0.0726 recall@20: 0.1176 ] [ndcg@5: 0.0507 ndcg@10: 0.0597 ndcg@20: 0.0749 ] 
2025-10-01 23:21:17,244 - Epoch 114 Validation set [recall@5: 0.0438 recall@10: 0.0735 recall@20: 0.1195 ] [ndcg@5: 0.0509 ndcg@10: 0.0602 ndcg@20: 0.0757 ] 
2025-10-01 23:21:39,083 - Epoch 117 Validation set [recall@5: 0.0442 recall@10: 0.0728 recall@20: 0.1189 ] [ndcg@5: 0.0511 ndcg@10: 0.0600 ndcg@20: 0.0756 ] 
2025-10-01 23:22:00,360 - Epoch 120 Validation set [recall@5: 0.0446 recall@10: 0.0745 recall@20: 0.1216 ] [ndcg@5: 0.0515 ndcg@10: 0.0609 ndcg@20: 0.0768 ] 
2025-10-01 23:22:23,396 - Epoch 123 Validation set [recall@5: 0.0451 recall@10: 0.0742 recall@20: 0.1212 ] [ndcg@5: 0.0518 ndcg@10: 0.0608 ndcg@20: 0.0766 ] 
2025-10-01 23:22:45,842 - Epoch 126 Validation set [recall@5: 0.0456 recall@10: 0.0750 recall@20: 0.1212 ] [ndcg@5: 0.0522 ndcg@10: 0.0611 ndcg@20: 0.0768 ] 
2025-10-01 23:23:07,664 - Epoch 129 Validation set [recall@5: 0.0445 recall@10: 0.0742 recall@20: 0.1194 ] [ndcg@5: 0.0512 ndcg@10: 0.0606 ndcg@20: 0.0760 ] 
2025-10-01 23:23:28,992 - Epoch 132 Validation set [recall@5: 0.0444 recall@10: 0.0741 recall@20: 0.1200 ] [ndcg@5: 0.0515 ndcg@10: 0.0608 ndcg@20: 0.0763 ] 
2025-10-01 23:23:49,878 - Epoch 135 Validation set [recall@5: 0.0449 recall@10: 0.0749 recall@20: 0.1190 ] [ndcg@5: 0.0516 ndcg@10: 0.0609 ndcg@20: 0.0758 ] 
2025-10-01 23:23:52,388 - [recall@5: 0.0446 recall@10: 0.0745 recall@20: 0.1216 ] [ndcg@5: 0.0515 ndcg@10: 0.0609 ndcg@20: 0.0768 ] 
2025-10-01 23:23:54,619 - [recall@5: 0.0437 recall@10: 0.0734 recall@20: 0.1209 ] [ndcg@5: 0.0500 ndcg@10: 0.0594 ndcg@20: 0.0757 ] 
2025-10-01 23:23:54,631 - Save model parameters to ./encoder/checkpoint/lightgcn_rgcn/lightgcn_rgcn-yelp-2023.pth
2025-10-01 23:23:54,632 - Best Epoch 120. Final test result: {'recall': array([0.04368232, 0.07343729, 0.12089162]), 'ndcg': array([0.05004337, 0.05940188, 0.07567746])}.
