2025-09-30 02:20:34,144 - {'optimizer': {'name': 'adam', 'lr': 0.001, 'weight_decay': 0}, 'train': {'epoch': 3000, 'batch_size': 4096, 'save_model': True, 'loss': 'pairwise', 'test_step': 3, 'reproducible': True, 'seed': 2023, 'patience': 5}, 'test': {'metrics': ['recall', 'ndcg'], 'k': [5, 10, 20], 'batch_size': 1024}, 'data': {'type': 'general_agcf', 'name': 'yelp', 'mat_type': 'uai', 'pre_norm': True, 'user_num': 11091, 'item_num': 11010, 'user_item_num': 22101, 'attr_num': 2607}, 'model': {'name': 'lightgcn_rgcn', 'label': 'ori', 'keep_rate': 0.9, 'embedding_size': 64, 'use_unify_layer_num': True, 'layer_num': 3, 'reg_weight': 1e-06, 'amazon': {'keep_rate': 0.9, 'layer_num': 3, 'reg_weight': 1e-07, 'eps': 0.1}, 'yelp': {'keep_rate': 0.9, 'layer_num': 3, 'reg_weight': 1e-06, 'eps': 0.1}, 'steam': {'keep_rate': 0.8, 'layer_num': 3, 'reg_weight': 1e-07, 'eps': 0.2}, 'Office': {'keep_rate': 0.9, 'layer_num': 3, 'reg_weight': 1e-06, 'eps': 0.1}}}
2025-09-30 02:20:39,034 - Epoch   0 Validation set [recall@5: 0.0086 recall@10: 0.0149 recall@20: 0.0241 ] [ndcg@5: 0.0107 ndcg@10: 0.0126 ndcg@20: 0.0156 ] 
2025-09-30 02:20:46,867 - Epoch   3 Validation set [recall@5: 0.0223 recall@10: 0.0384 recall@20: 0.0600 ] [ndcg@5: 0.0264 ndcg@10: 0.0311 ndcg@20: 0.0381 ] 
2025-09-30 02:20:54,518 - Epoch   6 Validation set [recall@5: 0.0298 recall@10: 0.0487 recall@20: 0.0797 ] [ndcg@5: 0.0352 ndcg@10: 0.0409 ndcg@20: 0.0510 ] 
2025-09-30 02:21:02,423 - Epoch   9 Validation set [recall@5: 0.0304 recall@10: 0.0508 recall@20: 0.0833 ] [ndcg@5: 0.0358 ndcg@10: 0.0422 ndcg@20: 0.0529 ] 
2025-09-30 02:21:10,322 - Epoch  12 Validation set [recall@5: 0.0308 recall@10: 0.0516 recall@20: 0.0859 ] [ndcg@5: 0.0362 ndcg@10: 0.0426 ndcg@20: 0.0539 ] 
2025-09-30 02:21:18,195 - Epoch  15 Validation set [recall@5: 0.0317 recall@10: 0.0530 recall@20: 0.0876 ] [ndcg@5: 0.0366 ndcg@10: 0.0434 ndcg@20: 0.0548 ] 
2025-09-30 02:21:26,043 - Epoch  18 Validation set [recall@5: 0.0319 recall@10: 0.0538 recall@20: 0.0899 ] [ndcg@5: 0.0370 ndcg@10: 0.0441 ndcg@20: 0.0560 ] 
2025-09-30 02:21:33,940 - Epoch  21 Validation set [recall@5: 0.0321 recall@10: 0.0548 recall@20: 0.0921 ] [ndcg@5: 0.0375 ndcg@10: 0.0448 ndcg@20: 0.0572 ] 
2025-09-30 02:21:41,754 - Epoch  24 Validation set [recall@5: 0.0330 recall@10: 0.0562 recall@20: 0.0932 ] [ndcg@5: 0.0386 ndcg@10: 0.0460 ndcg@20: 0.0584 ] 
2025-09-30 02:21:49,525 - Epoch  27 Validation set [recall@5: 0.0340 recall@10: 0.0577 recall@20: 0.0946 ] [ndcg@5: 0.0399 ndcg@10: 0.0474 ndcg@20: 0.0598 ] 
2025-09-30 02:21:57,414 - Epoch  30 Validation set [recall@5: 0.0345 recall@10: 0.0583 recall@20: 0.0977 ] [ndcg@5: 0.0409 ndcg@10: 0.0484 ndcg@20: 0.0616 ] 
2025-09-30 02:22:05,352 - Epoch  33 Validation set [recall@5: 0.0361 recall@10: 0.0603 recall@20: 0.1009 ] [ndcg@5: 0.0426 ndcg@10: 0.0501 ndcg@20: 0.0636 ] 
2025-09-30 02:22:13,210 - Epoch  36 Validation set [recall@5: 0.0370 recall@10: 0.0620 recall@20: 0.1021 ] [ndcg@5: 0.0431 ndcg@10: 0.0511 ndcg@20: 0.0643 ] 
2025-09-30 02:22:21,056 - Epoch  39 Validation set [recall@5: 0.0374 recall@10: 0.0631 recall@20: 0.1040 ] [ndcg@5: 0.0437 ndcg@10: 0.0518 ndcg@20: 0.0654 ] 
2025-09-30 02:22:28,932 - Epoch  42 Validation set [recall@5: 0.0378 recall@10: 0.0645 recall@20: 0.1063 ] [ndcg@5: 0.0445 ndcg@10: 0.0531 ndcg@20: 0.0671 ] 
2025-09-30 02:22:36,888 - Epoch  45 Validation set [recall@5: 0.0394 recall@10: 0.0656 recall@20: 0.1071 ] [ndcg@5: 0.0458 ndcg@10: 0.0538 ndcg@20: 0.0679 ] 
2025-09-30 02:22:45,247 - Epoch  48 Validation set [recall@5: 0.0397 recall@10: 0.0671 recall@20: 0.1088 ] [ndcg@5: 0.0461 ndcg@10: 0.0546 ndcg@20: 0.0689 ] 
2025-09-30 02:22:54,071 - Epoch  51 Validation set [recall@5: 0.0400 recall@10: 0.0674 recall@20: 0.1105 ] [ndcg@5: 0.0471 ndcg@10: 0.0557 ndcg@20: 0.0701 ] 
2025-09-30 02:23:02,552 - Epoch  54 Validation set [recall@5: 0.0401 recall@10: 0.0686 recall@20: 0.1128 ] [ndcg@5: 0.0476 ndcg@10: 0.0566 ndcg@20: 0.0714 ] 
2025-09-30 02:23:10,554 - Epoch  57 Validation set [recall@5: 0.0404 recall@10: 0.0690 recall@20: 0.1134 ] [ndcg@5: 0.0481 ndcg@10: 0.0571 ndcg@20: 0.0721 ] 
2025-09-30 02:23:18,276 - Epoch  60 Validation set [recall@5: 0.0408 recall@10: 0.0696 recall@20: 0.1144 ] [ndcg@5: 0.0483 ndcg@10: 0.0574 ndcg@20: 0.0725 ] 
2025-09-30 02:23:26,165 - Epoch  63 Validation set [recall@5: 0.0422 recall@10: 0.0700 recall@20: 0.1151 ] [ndcg@5: 0.0492 ndcg@10: 0.0580 ndcg@20: 0.0733 ] 
2025-09-30 02:23:34,165 - Epoch  66 Validation set [recall@5: 0.0422 recall@10: 0.0707 recall@20: 0.1158 ] [ndcg@5: 0.0495 ndcg@10: 0.0586 ndcg@20: 0.0738 ] 
2025-09-30 02:23:41,994 - Epoch  69 Validation set [recall@5: 0.0419 recall@10: 0.0726 recall@20: 0.1160 ] [ndcg@5: 0.0499 ndcg@10: 0.0597 ndcg@20: 0.0743 ] 
2025-09-30 02:23:49,854 - Epoch  72 Validation set [recall@5: 0.0426 recall@10: 0.0723 recall@20: 0.1173 ] [ndcg@5: 0.0505 ndcg@10: 0.0599 ndcg@20: 0.0751 ] 
2025-09-30 02:23:57,739 - Epoch  75 Validation set [recall@5: 0.0433 recall@10: 0.0733 recall@20: 0.1179 ] [ndcg@5: 0.0514 ndcg@10: 0.0608 ndcg@20: 0.0758 ] 
2025-09-30 02:24:05,525 - Epoch  78 Validation set [recall@5: 0.0437 recall@10: 0.0735 recall@20: 0.1187 ] [ndcg@5: 0.0518 ndcg@10: 0.0612 ndcg@20: 0.0764 ] 
2025-09-30 02:24:13,543 - Epoch  81 Validation set [recall@5: 0.0440 recall@10: 0.0740 recall@20: 0.1199 ] [ndcg@5: 0.0523 ndcg@10: 0.0617 ndcg@20: 0.0771 ] 
2025-09-30 02:24:21,629 - Epoch  84 Validation set [recall@5: 0.0442 recall@10: 0.0745 recall@20: 0.1214 ] [ndcg@5: 0.0521 ndcg@10: 0.0617 ndcg@20: 0.0776 ] 
2025-09-30 02:24:29,456 - Epoch  87 Validation set [recall@5: 0.0449 recall@10: 0.0743 recall@20: 0.1216 ] [ndcg@5: 0.0524 ndcg@10: 0.0614 ndcg@20: 0.0776 ] 
2025-09-30 02:24:37,294 - Epoch  90 Validation set [recall@5: 0.0451 recall@10: 0.0746 recall@20: 0.1222 ] [ndcg@5: 0.0527 ndcg@10: 0.0619 ndcg@20: 0.0779 ] 
2025-09-30 02:24:45,134 - Epoch  93 Validation set [recall@5: 0.0447 recall@10: 0.0754 recall@20: 0.1234 ] [ndcg@5: 0.0527 ndcg@10: 0.0622 ndcg@20: 0.0784 ] 
2025-09-30 02:24:52,865 - Epoch  96 Validation set [recall@5: 0.0447 recall@10: 0.0757 recall@20: 0.1231 ] [ndcg@5: 0.0525 ndcg@10: 0.0622 ndcg@20: 0.0782 ] 
2025-09-30 02:25:00,752 - Epoch  99 Validation set [recall@5: 0.0449 recall@10: 0.0757 recall@20: 0.1232 ] [ndcg@5: 0.0529 ndcg@10: 0.0625 ndcg@20: 0.0786 ] 
2025-09-30 02:25:08,864 - Epoch 102 Validation set [recall@5: 0.0459 recall@10: 0.0762 recall@20: 0.1236 ] [ndcg@5: 0.0536 ndcg@10: 0.0631 ndcg@20: 0.0790 ] 
2025-09-30 02:25:17,470 - Epoch 105 Validation set [recall@5: 0.0464 recall@10: 0.0773 recall@20: 0.1243 ] [ndcg@5: 0.0541 ndcg@10: 0.0635 ndcg@20: 0.0793 ] 
2025-09-30 02:25:25,747 - Epoch 108 Validation set [recall@5: 0.0461 recall@10: 0.0773 recall@20: 0.1238 ] [ndcg@5: 0.0543 ndcg@10: 0.0639 ndcg@20: 0.0797 ] 
2025-09-30 02:25:33,638 - Epoch 111 Validation set [recall@5: 0.0461 recall@10: 0.0766 recall@20: 0.1241 ] [ndcg@5: 0.0543 ndcg@10: 0.0634 ndcg@20: 0.0794 ] 
2025-09-30 02:25:41,445 - Epoch 114 Validation set [recall@5: 0.0470 recall@10: 0.0770 recall@20: 0.1264 ] [ndcg@5: 0.0548 ndcg@10: 0.0639 ndcg@20: 0.0805 ] 
2025-09-30 02:25:49,281 - Epoch 117 Validation set [recall@5: 0.0474 recall@10: 0.0776 recall@20: 0.1262 ] [ndcg@5: 0.0556 ndcg@10: 0.0645 ndcg@20: 0.0811 ] 
2025-09-30 02:25:57,080 - Epoch 120 Validation set [recall@5: 0.0469 recall@10: 0.0785 recall@20: 0.1267 ] [ndcg@5: 0.0551 ndcg@10: 0.0648 ndcg@20: 0.0811 ] 
2025-09-30 02:26:04,985 - Epoch 123 Validation set [recall@5: 0.0480 recall@10: 0.0790 recall@20: 0.1262 ] [ndcg@5: 0.0555 ndcg@10: 0.0650 ndcg@20: 0.0810 ] 
2025-09-30 02:26:12,948 - Epoch 126 Validation set [recall@5: 0.0465 recall@10: 0.0794 recall@20: 0.1276 ] [ndcg@5: 0.0549 ndcg@10: 0.0653 ndcg@20: 0.0815 ] 
2025-09-30 02:26:20,705 - Epoch 129 Validation set [recall@5: 0.0458 recall@10: 0.0789 recall@20: 0.1275 ] [ndcg@5: 0.0545 ndcg@10: 0.0649 ndcg@20: 0.0813 ] 
2025-09-30 02:26:28,381 - Epoch 132 Validation set [recall@5: 0.0468 recall@10: 0.0796 recall@20: 0.1281 ] [ndcg@5: 0.0548 ndcg@10: 0.0652 ndcg@20: 0.0815 ] 
2025-09-30 02:26:36,171 - Epoch 135 Validation set [recall@5: 0.0469 recall@10: 0.0789 recall@20: 0.1283 ] [ndcg@5: 0.0552 ndcg@10: 0.0652 ndcg@20: 0.0817 ] 
2025-09-30 02:26:44,008 - Epoch 138 Validation set [recall@5: 0.0469 recall@10: 0.0794 recall@20: 0.1279 ] [ndcg@5: 0.0558 ndcg@10: 0.0659 ndcg@20: 0.0821 ] 
2025-09-30 02:26:51,855 - Epoch 141 Validation set [recall@5: 0.0480 recall@10: 0.0805 recall@20: 0.1274 ] [ndcg@5: 0.0563 ndcg@10: 0.0663 ndcg@20: 0.0821 ] 
2025-09-30 02:26:59,823 - Epoch 144 Validation set [recall@5: 0.0471 recall@10: 0.0805 recall@20: 0.1284 ] [ndcg@5: 0.0560 ndcg@10: 0.0662 ndcg@20: 0.0823 ] 
2025-09-30 02:27:07,553 - Epoch 147 Validation set [recall@5: 0.0471 recall@10: 0.0802 recall@20: 0.1295 ] [ndcg@5: 0.0558 ndcg@10: 0.0658 ndcg@20: 0.0825 ] 
2025-09-30 02:27:15,278 - Epoch 150 Validation set [recall@5: 0.0471 recall@10: 0.0804 recall@20: 0.1298 ] [ndcg@5: 0.0556 ndcg@10: 0.0658 ndcg@20: 0.0824 ] 
2025-09-30 02:27:22,980 - Epoch 153 Validation set [recall@5: 0.0478 recall@10: 0.0796 recall@20: 0.1296 ] [ndcg@5: 0.0560 ndcg@10: 0.0657 ndcg@20: 0.0826 ] 
2025-09-30 02:27:30,714 - Epoch 156 Validation set [recall@5: 0.0477 recall@10: 0.0801 recall@20: 0.1284 ] [ndcg@5: 0.0562 ndcg@10: 0.0662 ndcg@20: 0.0822 ] 
2025-09-30 02:27:38,416 - Epoch 159 Validation set [recall@5: 0.0469 recall@10: 0.0803 recall@20: 0.1292 ] [ndcg@5: 0.0555 ndcg@10: 0.0658 ndcg@20: 0.0821 ] 
2025-09-30 02:27:46,123 - Epoch 162 Validation set [recall@5: 0.0468 recall@10: 0.0794 recall@20: 0.1293 ] [ndcg@5: 0.0548 ndcg@10: 0.0649 ndcg@20: 0.0816 ] 
2025-09-30 02:27:53,863 - Epoch 165 Validation set [recall@5: 0.0472 recall@10: 0.0795 recall@20: 0.1298 ] [ndcg@5: 0.0548 ndcg@10: 0.0649 ndcg@20: 0.0818 ] 
2025-09-30 02:28:01,565 - Epoch 168 Validation set [recall@5: 0.0473 recall@10: 0.0805 recall@20: 0.1298 ] [ndcg@5: 0.0551 ndcg@10: 0.0652 ndcg@20: 0.0817 ] 
2025-09-30 02:28:09,281 - Epoch 171 Validation set [recall@5: 0.0477 recall@10: 0.0809 recall@20: 0.1307 ] [ndcg@5: 0.0552 ndcg@10: 0.0655 ndcg@20: 0.0822 ] 
2025-09-30 02:28:17,127 - Epoch 174 Validation set [recall@5: 0.0475 recall@10: 0.0807 recall@20: 0.1300 ] [ndcg@5: 0.0556 ndcg@10: 0.0660 ndcg@20: 0.0825 ] 
2025-09-30 02:28:24,820 - Epoch 177 Validation set [recall@5: 0.0477 recall@10: 0.0806 recall@20: 0.1285 ] [ndcg@5: 0.0552 ndcg@10: 0.0655 ndcg@20: 0.0816 ] 
2025-09-30 02:28:32,614 - Epoch 180 Validation set [recall@5: 0.0473 recall@10: 0.0809 recall@20: 0.1297 ] [ndcg@5: 0.0553 ndcg@10: 0.0659 ndcg@20: 0.0820 ] 
2025-09-30 02:28:40,400 - Epoch 183 Validation set [recall@5: 0.0478 recall@10: 0.0800 recall@20: 0.1298 ] [ndcg@5: 0.0557 ndcg@10: 0.0658 ndcg@20: 0.0823 ] 
2025-09-30 02:28:48,133 - Epoch 186 Validation set [recall@5: 0.0487 recall@10: 0.0796 recall@20: 0.1304 ] [ndcg@5: 0.0564 ndcg@10: 0.0658 ndcg@20: 0.0827 ] 
2025-09-30 02:28:49,549 - [recall@5: 0.0477 recall@10: 0.0809 recall@20: 0.1307 ] [ndcg@5: 0.0552 ndcg@10: 0.0655 ndcg@20: 0.0822 ] 
2025-09-30 02:28:50,974 - [recall@5: 0.0477 recall@10: 0.0805 recall@20: 0.1301 ] [ndcg@5: 0.0552 ndcg@10: 0.0657 ndcg@20: 0.0826 ] 
2025-09-30 02:28:50,983 - Save model parameters to ./encoder/checkpoint/lightgcn_rgcn/lightgcn_rgcn-yelp-2023.pth
2025-09-30 02:28:50,983 - Best Epoch 171. Final test result: {'recall': array([0.04766474, 0.08049883, 0.13007182]), 'ndcg': array([0.05523613, 0.06571839, 0.08263878])}.
