2025-10-01 22:32:54,917 - {'optimizer': {'name': 'adam', 'lr': 0.001, 'weight_decay': 0}, 'train': {'epoch': 3000, 'batch_size': 4096, 'save_model': True, 'loss': 'pairwise', 'test_step': 3, 'reproducible': True, 'seed': 2023, 'patience': 5}, 'test': {'metrics': ['recall', 'ndcg'], 'k': [5, 10, 20], 'batch_size': 1024}, 'data': {'type': 'general_agcf', 'name': 'yelp', 'mat_type': 'uai', 'pre_norm': True, 'user_num': 11091, 'item_num': 11010, 'user_item_num': 22101, 'attr_num': 2607}, 'model': {'name': 'lightgcn_rgcn', 'label': 'ori', 'keep_rate': 0.95, 'embedding_size': 64, 'use_unify_layer_num': True, 'layer_num': 5, 'reg_weight': 1e-06, 'amazon': {'keep_rate': 0.9, 'layer_num': 3, 'reg_weight': 1e-07, 'eps': 0.1}, 'yelp': {'keep_rate': 0.95, 'layer_num': 5, 'reg_weight': 1e-06, 'eps': 0.1}, 'steam': {'keep_rate': 0.8, 'layer_num': 3, 'reg_weight': 1e-07, 'eps': 0.2}, 'Office': {'keep_rate': 0.9, 'layer_num': 3, 'reg_weight': 1e-06, 'eps': 0.1}}}
2025-10-01 22:33:01,926 - Epoch   0 Validation set [recall@5: 0.0082 recall@10: 0.0136 recall@20: 0.0237 ] [ndcg@5: 0.0098 ndcg@10: 0.0117 ndcg@20: 0.0150 ] 
2025-10-01 22:33:16,803 - Epoch   3 Validation set [recall@5: 0.0188 recall@10: 0.0342 recall@20: 0.0540 ] [ndcg@5: 0.0233 ndcg@10: 0.0279 ndcg@20: 0.0344 ] 
2025-10-01 22:33:33,102 - Epoch   6 Validation set [recall@5: 0.0297 recall@10: 0.0490 recall@20: 0.0781 ] [ndcg@5: 0.0349 ndcg@10: 0.0407 ndcg@20: 0.0504 ] 
2025-10-01 22:33:51,172 - Epoch   9 Validation set [recall@5: 0.0313 recall@10: 0.0527 recall@20: 0.0849 ] [ndcg@5: 0.0367 ndcg@10: 0.0434 ndcg@20: 0.0542 ] 
2025-10-01 22:34:10,937 - Epoch  12 Validation set [recall@5: 0.0321 recall@10: 0.0540 recall@20: 0.0881 ] [ndcg@5: 0.0377 ndcg@10: 0.0443 ndcg@20: 0.0557 ] 
2025-10-01 22:34:30,024 - Epoch  15 Validation set [recall@5: 0.0335 recall@10: 0.0565 recall@20: 0.0913 ] [ndcg@5: 0.0389 ndcg@10: 0.0461 ndcg@20: 0.0577 ] 
2025-10-01 22:34:49,497 - Epoch  18 Validation set [recall@5: 0.0341 recall@10: 0.0570 recall@20: 0.0939 ] [ndcg@5: 0.0397 ndcg@10: 0.0470 ndcg@20: 0.0593 ] 
2025-10-01 22:35:08,064 - Epoch  21 Validation set [recall@5: 0.0350 recall@10: 0.0582 recall@20: 0.0970 ] [ndcg@5: 0.0409 ndcg@10: 0.0481 ndcg@20: 0.0611 ] 
2025-10-01 22:35:26,434 - Epoch  24 Validation set [recall@5: 0.0355 recall@10: 0.0598 recall@20: 0.0988 ] [ndcg@5: 0.0413 ndcg@10: 0.0489 ndcg@20: 0.0619 ] 
2025-10-01 22:35:45,299 - Epoch  27 Validation set [recall@5: 0.0367 recall@10: 0.0620 recall@20: 0.1001 ] [ndcg@5: 0.0424 ndcg@10: 0.0503 ndcg@20: 0.0631 ] 
2025-10-01 22:36:04,164 - Epoch  30 Validation set [recall@5: 0.0376 recall@10: 0.0628 recall@20: 0.1020 ] [ndcg@5: 0.0434 ndcg@10: 0.0513 ndcg@20: 0.0645 ] 
2025-10-01 22:36:22,750 - Epoch  33 Validation set [recall@5: 0.0382 recall@10: 0.0640 recall@20: 0.1048 ] [ndcg@5: 0.0441 ndcg@10: 0.0522 ndcg@20: 0.0659 ] 
2025-10-01 22:36:42,411 - Epoch  36 Validation set [recall@5: 0.0384 recall@10: 0.0653 recall@20: 0.1069 ] [ndcg@5: 0.0450 ndcg@10: 0.0534 ndcg@20: 0.0674 ] 
2025-10-01 22:37:02,800 - Epoch  39 Validation set [recall@5: 0.0387 recall@10: 0.0662 recall@20: 0.1088 ] [ndcg@5: 0.0453 ndcg@10: 0.0540 ndcg@20: 0.0684 ] 
2025-10-01 22:37:21,340 - Epoch  42 Validation set [recall@5: 0.0394 recall@10: 0.0673 recall@20: 0.1095 ] [ndcg@5: 0.0461 ndcg@10: 0.0550 ndcg@20: 0.0692 ] 
2025-10-01 22:37:40,668 - Epoch  45 Validation set [recall@5: 0.0402 recall@10: 0.0690 recall@20: 0.1116 ] [ndcg@5: 0.0467 ndcg@10: 0.0559 ndcg@20: 0.0702 ] 
2025-10-01 22:38:00,078 - Epoch  48 Validation set [recall@5: 0.0407 recall@10: 0.0691 recall@20: 0.1117 ] [ndcg@5: 0.0473 ndcg@10: 0.0563 ndcg@20: 0.0708 ] 
2025-10-01 22:38:20,105 - Epoch  51 Validation set [recall@5: 0.0404 recall@10: 0.0694 recall@20: 0.1129 ] [ndcg@5: 0.0481 ndcg@10: 0.0570 ndcg@20: 0.0718 ] 
2025-10-01 22:38:39,220 - Epoch  54 Validation set [recall@5: 0.0407 recall@10: 0.0706 recall@20: 0.1145 ] [ndcg@5: 0.0483 ndcg@10: 0.0578 ndcg@20: 0.0726 ] 
2025-10-01 22:38:57,823 - Epoch  57 Validation set [recall@5: 0.0419 recall@10: 0.0711 recall@20: 0.1150 ] [ndcg@5: 0.0491 ndcg@10: 0.0582 ndcg@20: 0.0730 ] 
2025-10-01 22:39:16,792 - Epoch  60 Validation set [recall@5: 0.0419 recall@10: 0.0710 recall@20: 0.1140 ] [ndcg@5: 0.0490 ndcg@10: 0.0583 ndcg@20: 0.0728 ] 
2025-10-01 22:39:35,997 - Epoch  63 Validation set [recall@5: 0.0427 recall@10: 0.0715 recall@20: 0.1159 ] [ndcg@5: 0.0497 ndcg@10: 0.0588 ndcg@20: 0.0738 ] 
2025-10-01 22:39:54,549 - Epoch  66 Validation set [recall@5: 0.0421 recall@10: 0.0717 recall@20: 0.1177 ] [ndcg@5: 0.0499 ndcg@10: 0.0591 ndcg@20: 0.0747 ] 
2025-10-01 22:40:13,446 - Epoch  69 Validation set [recall@5: 0.0428 recall@10: 0.0722 recall@20: 0.1177 ] [ndcg@5: 0.0504 ndcg@10: 0.0597 ndcg@20: 0.0748 ] 
2025-10-01 22:40:33,007 - Epoch  72 Validation set [recall@5: 0.0431 recall@10: 0.0724 recall@20: 0.1185 ] [ndcg@5: 0.0509 ndcg@10: 0.0600 ndcg@20: 0.0756 ] 
2025-10-01 22:40:51,940 - Epoch  75 Validation set [recall@5: 0.0447 recall@10: 0.0729 recall@20: 0.1180 ] [ndcg@5: 0.0519 ndcg@10: 0.0605 ndcg@20: 0.0758 ] 
2025-10-01 22:41:10,619 - Epoch  78 Validation set [recall@5: 0.0447 recall@10: 0.0743 recall@20: 0.1194 ] [ndcg@5: 0.0522 ndcg@10: 0.0614 ndcg@20: 0.0763 ] 
2025-10-01 22:41:29,653 - Epoch  81 Validation set [recall@5: 0.0444 recall@10: 0.0747 recall@20: 0.1203 ] [ndcg@5: 0.0524 ndcg@10: 0.0620 ndcg@20: 0.0770 ] 
2025-10-01 22:41:50,008 - Epoch  84 Validation set [recall@5: 0.0441 recall@10: 0.0747 recall@20: 0.1195 ] [ndcg@5: 0.0524 ndcg@10: 0.0618 ndcg@20: 0.0770 ] 
2025-10-01 22:42:09,760 - Epoch  87 Validation set [recall@5: 0.0441 recall@10: 0.0751 recall@20: 0.1205 ] [ndcg@5: 0.0517 ndcg@10: 0.0614 ndcg@20: 0.0768 ] 
2025-10-01 22:42:29,997 - Epoch  90 Validation set [recall@5: 0.0443 recall@10: 0.0755 recall@20: 0.1222 ] [ndcg@5: 0.0521 ndcg@10: 0.0619 ndcg@20: 0.0776 ] 
2025-10-01 22:42:47,564 - Epoch  93 Validation set [recall@5: 0.0445 recall@10: 0.0751 recall@20: 0.1221 ] [ndcg@5: 0.0525 ndcg@10: 0.0620 ndcg@20: 0.0777 ] 
2025-10-01 22:43:05,664 - Epoch  96 Validation set [recall@5: 0.0452 recall@10: 0.0754 recall@20: 0.1221 ] [ndcg@5: 0.0522 ndcg@10: 0.0616 ndcg@20: 0.0772 ] 
2025-10-01 22:43:24,055 - Epoch  99 Validation set [recall@5: 0.0457 recall@10: 0.0762 recall@20: 0.1218 ] [ndcg@5: 0.0533 ndcg@10: 0.0624 ndcg@20: 0.0778 ] 
2025-10-01 22:43:42,741 - Epoch 102 Validation set [recall@5: 0.0457 recall@10: 0.0758 recall@20: 0.1234 ] [ndcg@5: 0.0535 ndcg@10: 0.0627 ndcg@20: 0.0786 ] 
2025-10-01 22:44:02,506 - Epoch 105 Validation set [recall@5: 0.0461 recall@10: 0.0755 recall@20: 0.1221 ] [ndcg@5: 0.0533 ndcg@10: 0.0623 ndcg@20: 0.0779 ] 
2025-10-01 22:44:21,877 - Epoch 108 Validation set [recall@5: 0.0465 recall@10: 0.0763 recall@20: 0.1222 ] [ndcg@5: 0.0540 ndcg@10: 0.0631 ndcg@20: 0.0786 ] 
2025-10-01 22:44:40,673 - Epoch 111 Validation set [recall@5: 0.0463 recall@10: 0.0761 recall@20: 0.1236 ] [ndcg@5: 0.0538 ndcg@10: 0.0628 ndcg@20: 0.0789 ] 
2025-10-01 22:44:58,942 - Epoch 114 Validation set [recall@5: 0.0464 recall@10: 0.0768 recall@20: 0.1241 ] [ndcg@5: 0.0542 ndcg@10: 0.0633 ndcg@20: 0.0794 ] 
2025-10-01 22:45:18,070 - Epoch 117 Validation set [recall@5: 0.0463 recall@10: 0.0765 recall@20: 0.1243 ] [ndcg@5: 0.0541 ndcg@10: 0.0634 ndcg@20: 0.0797 ] 
2025-10-01 22:45:35,643 - Epoch 120 Validation set [recall@5: 0.0467 recall@10: 0.0790 recall@20: 0.1255 ] [ndcg@5: 0.0544 ndcg@10: 0.0644 ndcg@20: 0.0801 ] 
2025-10-01 22:45:49,930 - Epoch 123 Validation set [recall@5: 0.0483 recall@10: 0.0794 recall@20: 0.1251 ] [ndcg@5: 0.0550 ndcg@10: 0.0646 ndcg@20: 0.0801 ] 
2025-10-01 22:46:03,716 - Epoch 126 Validation set [recall@5: 0.0472 recall@10: 0.0788 recall@20: 0.1266 ] [ndcg@5: 0.0549 ndcg@10: 0.0648 ndcg@20: 0.0809 ] 
2025-10-01 22:46:18,472 - Epoch 129 Validation set [recall@5: 0.0471 recall@10: 0.0790 recall@20: 0.1268 ] [ndcg@5: 0.0545 ndcg@10: 0.0646 ndcg@20: 0.0806 ] 
2025-10-01 22:46:32,865 - Epoch 132 Validation set [recall@5: 0.0472 recall@10: 0.0780 recall@20: 0.1269 ] [ndcg@5: 0.0547 ndcg@10: 0.0643 ndcg@20: 0.0808 ] 
2025-10-01 22:46:47,226 - Epoch 135 Validation set [recall@5: 0.0473 recall@10: 0.0782 recall@20: 0.1267 ] [ndcg@5: 0.0551 ndcg@10: 0.0647 ndcg@20: 0.0810 ] 
2025-10-01 22:47:01,565 - Epoch 138 Validation set [recall@5: 0.0478 recall@10: 0.0792 recall@20: 0.1275 ] [ndcg@5: 0.0558 ndcg@10: 0.0654 ndcg@20: 0.0818 ] 
2025-10-01 22:47:15,911 - Epoch 141 Validation set [recall@5: 0.0483 recall@10: 0.0791 recall@20: 0.1275 ] [ndcg@5: 0.0560 ndcg@10: 0.0655 ndcg@20: 0.0817 ] 
2025-10-01 22:47:29,924 - Epoch 144 Validation set [recall@5: 0.0481 recall@10: 0.0800 recall@20: 0.1272 ] [ndcg@5: 0.0562 ndcg@10: 0.0658 ndcg@20: 0.0816 ] 
2025-10-01 22:47:43,287 - Epoch 147 Validation set [recall@5: 0.0475 recall@10: 0.0801 recall@20: 0.1284 ] [ndcg@5: 0.0555 ndcg@10: 0.0655 ndcg@20: 0.0817 ] 
2025-10-01 22:47:57,603 - Epoch 150 Validation set [recall@5: 0.0469 recall@10: 0.0805 recall@20: 0.1279 ] [ndcg@5: 0.0551 ndcg@10: 0.0657 ndcg@20: 0.0816 ] 
2025-10-01 22:48:10,806 - Epoch 153 Validation set [recall@5: 0.0480 recall@10: 0.0809 recall@20: 0.1300 ] [ndcg@5: 0.0561 ndcg@10: 0.0661 ndcg@20: 0.0826 ] 
2025-10-01 22:48:24,032 - Epoch 156 Validation set [recall@5: 0.0467 recall@10: 0.0805 recall@20: 0.1280 ] [ndcg@5: 0.0554 ndcg@10: 0.0660 ndcg@20: 0.0818 ] 
2025-10-01 22:48:38,987 - Epoch 159 Validation set [recall@5: 0.0471 recall@10: 0.0793 recall@20: 0.1285 ] [ndcg@5: 0.0551 ndcg@10: 0.0651 ndcg@20: 0.0816 ] 
2025-10-01 22:48:53,958 - Epoch 162 Validation set [recall@5: 0.0474 recall@10: 0.0787 recall@20: 0.1281 ] [ndcg@5: 0.0549 ndcg@10: 0.0646 ndcg@20: 0.0812 ] 
2025-10-01 22:49:08,056 - Epoch 165 Validation set [recall@5: 0.0473 recall@10: 0.0799 recall@20: 0.1276 ] [ndcg@5: 0.0547 ndcg@10: 0.0649 ndcg@20: 0.0810 ] 
2025-10-01 22:49:21,899 - Epoch 168 Validation set [recall@5: 0.0482 recall@10: 0.0792 recall@20: 0.1284 ] [ndcg@5: 0.0557 ndcg@10: 0.0651 ndcg@20: 0.0817 ] 
2025-10-01 22:49:23,894 - [recall@5: 0.0480 recall@10: 0.0809 recall@20: 0.1300 ] [ndcg@5: 0.0561 ndcg@10: 0.0661 ndcg@20: 0.0826 ] 
2025-10-01 22:49:25,842 - [recall@5: 0.0462 recall@10: 0.0795 recall@20: 0.1294 ] [ndcg@5: 0.0541 ndcg@10: 0.0650 ndcg@20: 0.0819 ] 
2025-10-01 22:49:25,852 - Save model parameters to ./encoder/checkpoint/lightgcn_rgcn/lightgcn_rgcn-yelp-2023.pth
2025-10-01 22:49:25,853 - Best Epoch 153. Final test result: {'recall': array([0.04622612, 0.07946538, 0.12943817]), 'ndcg': array([0.05413471, 0.06495335, 0.08192006])}.
