2025-10-02 16:30:07,225 - {'optimizer': {'name': 'adam', 'lr': 0.001, 'weight_decay': 0}, 'train': {'epoch': 3000, 'batch_size': 4096, 'save_model': True, 'loss': 'pairwise', 'test_step': 3, 'reproducible': True, 'seed': 2023, 'patience': 5}, 'test': {'metrics': ['recall', 'ndcg'], 'k': [5, 10, 20], 'batch_size': 1024}, 'data': {'type': 'general_agcf', 'name': 'yelp', 'mat_type': 'uai', 'pre_norm': True, 'user_num': 11091, 'item_num': 11010, 'user_item_num': 22101, 'attr_num': 2607}, 'model': {'name': 'lightgcn_rgcn', 'label': 'ori', 'keep_rate': 0.9, 'embedding_size': 64, 'use_unify_layer_num': True, 'layer_num': 6, 'reg_weight': 1e-06, 'amazon': {'keep_rate': 0.9, 'layer_num': 3, 'reg_weight': 1e-07, 'eps': 0.1}, 'yelp': {'keep_rate': 0.9, 'layer_num': 6, 'reg_weight': 1e-06, 'eps': 0.1}, 'steam': {'keep_rate': 0.8, 'layer_num': 3, 'reg_weight': 1e-07, 'eps': 0.2}, 'Office': {'keep_rate': 0.9, 'layer_num': 3, 'reg_weight': 5e-06, 'eps': 0.1}}}
2025-10-02 16:30:15,594 - Epoch   0 Validation set [recall@5: 0.0082 recall@10: 0.0136 recall@20: 0.0234 ] [ndcg@5: 0.0097 ndcg@10: 0.0115 ndcg@20: 0.0148 ] 
2025-10-02 16:30:28,467 - Epoch   3 Validation set [recall@5: 0.0131 recall@10: 0.0232 recall@20: 0.0381 ] [ndcg@5: 0.0152 ndcg@10: 0.0186 ndcg@20: 0.0237 ] 
2025-10-02 16:30:41,979 - Epoch   6 Validation set [recall@5: 0.0275 recall@10: 0.0448 recall@20: 0.0731 ] [ndcg@5: 0.0324 ndcg@10: 0.0376 ndcg@20: 0.0471 ] 
2025-10-02 16:30:57,094 - Epoch   9 Validation set [recall@5: 0.0299 recall@10: 0.0515 recall@20: 0.0829 ] [ndcg@5: 0.0358 ndcg@10: 0.0424 ndcg@20: 0.0530 ] 
2025-10-02 16:31:09,780 - Epoch  12 Validation set [recall@5: 0.0315 recall@10: 0.0538 recall@20: 0.0858 ] [ndcg@5: 0.0373 ndcg@10: 0.0441 ndcg@20: 0.0547 ] 
2025-10-02 16:31:22,704 - Epoch  15 Validation set [recall@5: 0.0328 recall@10: 0.0556 recall@20: 0.0901 ] [ndcg@5: 0.0383 ndcg@10: 0.0453 ndcg@20: 0.0568 ] 
2025-10-02 16:31:35,593 - Epoch  18 Validation set [recall@5: 0.0331 recall@10: 0.0565 recall@20: 0.0916 ] [ndcg@5: 0.0387 ndcg@10: 0.0462 ndcg@20: 0.0578 ] 
2025-10-02 16:31:48,851 - Epoch  21 Validation set [recall@5: 0.0344 recall@10: 0.0573 recall@20: 0.0948 ] [ndcg@5: 0.0403 ndcg@10: 0.0473 ndcg@20: 0.0598 ] 
2025-10-02 16:32:03,389 - Epoch  24 Validation set [recall@5: 0.0349 recall@10: 0.0588 recall@20: 0.0966 ] [ndcg@5: 0.0406 ndcg@10: 0.0483 ndcg@20: 0.0607 ] 
2025-10-02 16:32:17,428 - Epoch  27 Validation set [recall@5: 0.0361 recall@10: 0.0610 recall@20: 0.0986 ] [ndcg@5: 0.0420 ndcg@10: 0.0498 ndcg@20: 0.0622 ] 
2025-10-02 16:32:30,445 - Epoch  30 Validation set [recall@5: 0.0368 recall@10: 0.0612 recall@20: 0.1007 ] [ndcg@5: 0.0427 ndcg@10: 0.0501 ndcg@20: 0.0634 ] 
2025-10-02 16:32:43,962 - Epoch  33 Validation set [recall@5: 0.0374 recall@10: 0.0621 recall@20: 0.1025 ] [ndcg@5: 0.0433 ndcg@10: 0.0509 ndcg@20: 0.0645 ] 
2025-10-02 16:32:56,807 - Epoch  36 Validation set [recall@5: 0.0367 recall@10: 0.0632 recall@20: 0.1035 ] [ndcg@5: 0.0434 ndcg@10: 0.0518 ndcg@20: 0.0652 ] 
2025-10-02 16:33:09,690 - Epoch  39 Validation set [recall@5: 0.0380 recall@10: 0.0643 recall@20: 0.1056 ] [ndcg@5: 0.0444 ndcg@10: 0.0525 ndcg@20: 0.0663 ] 
2025-10-02 16:33:22,392 - Epoch  42 Validation set [recall@5: 0.0389 recall@10: 0.0652 recall@20: 0.1068 ] [ndcg@5: 0.0451 ndcg@10: 0.0534 ndcg@20: 0.0673 ] 
2025-10-02 16:33:36,444 - Epoch  45 Validation set [recall@5: 0.0393 recall@10: 0.0665 recall@20: 0.1079 ] [ndcg@5: 0.0455 ndcg@10: 0.0540 ndcg@20: 0.0679 ] 
2025-10-02 16:33:49,772 - Epoch  48 Validation set [recall@5: 0.0397 recall@10: 0.0671 recall@20: 0.1100 ] [ndcg@5: 0.0459 ndcg@10: 0.0544 ndcg@20: 0.0689 ] 
2025-10-02 16:34:03,085 - Epoch  51 Validation set [recall@5: 0.0394 recall@10: 0.0669 recall@20: 0.1099 ] [ndcg@5: 0.0464 ndcg@10: 0.0550 ndcg@20: 0.0694 ] 
2025-10-02 16:34:16,516 - Epoch  54 Validation set [recall@5: 0.0397 recall@10: 0.0683 recall@20: 0.1114 ] [ndcg@5: 0.0467 ndcg@10: 0.0558 ndcg@20: 0.0703 ] 
2025-10-02 16:34:29,579 - Epoch  57 Validation set [recall@5: 0.0410 recall@10: 0.0680 recall@20: 0.1117 ] [ndcg@5: 0.0478 ndcg@10: 0.0561 ndcg@20: 0.0709 ] 
2025-10-02 16:34:42,850 - Epoch  60 Validation set [recall@5: 0.0407 recall@10: 0.0694 recall@20: 0.1122 ] [ndcg@5: 0.0477 ndcg@10: 0.0567 ndcg@20: 0.0711 ] 
2025-10-02 16:34:56,299 - Epoch  63 Validation set [recall@5: 0.0418 recall@10: 0.0696 recall@20: 0.1118 ] [ndcg@5: 0.0485 ndcg@10: 0.0572 ndcg@20: 0.0714 ] 
2025-10-02 16:35:10,833 - Epoch  66 Validation set [recall@5: 0.0418 recall@10: 0.0690 recall@20: 0.1134 ] [ndcg@5: 0.0488 ndcg@10: 0.0572 ndcg@20: 0.0721 ] 
2025-10-02 16:35:24,541 - Epoch  69 Validation set [recall@5: 0.0408 recall@10: 0.0697 recall@20: 0.1136 ] [ndcg@5: 0.0484 ndcg@10: 0.0575 ndcg@20: 0.0722 ] 
2025-10-02 16:35:38,064 - Epoch  72 Validation set [recall@5: 0.0418 recall@10: 0.0712 recall@20: 0.1149 ] [ndcg@5: 0.0492 ndcg@10: 0.0586 ndcg@20: 0.0731 ] 
2025-10-02 16:35:52,139 - Epoch  75 Validation set [recall@5: 0.0431 recall@10: 0.0711 recall@20: 0.1159 ] [ndcg@5: 0.0505 ndcg@10: 0.0590 ndcg@20: 0.0741 ] 
2025-10-02 16:36:06,810 - Epoch  78 Validation set [recall@5: 0.0426 recall@10: 0.0717 recall@20: 0.1162 ] [ndcg@5: 0.0501 ndcg@10: 0.0593 ndcg@20: 0.0741 ] 
2025-10-02 16:36:21,699 - Epoch  81 Validation set [recall@5: 0.0435 recall@10: 0.0724 recall@20: 0.1168 ] [ndcg@5: 0.0510 ndcg@10: 0.0601 ndcg@20: 0.0749 ] 
2025-10-02 16:36:35,645 - Epoch  84 Validation set [recall@5: 0.0431 recall@10: 0.0712 recall@20: 0.1167 ] [ndcg@5: 0.0507 ndcg@10: 0.0594 ndcg@20: 0.0747 ] 
2025-10-02 16:36:48,788 - Epoch  87 Validation set [recall@5: 0.0429 recall@10: 0.0732 recall@20: 0.1170 ] [ndcg@5: 0.0504 ndcg@10: 0.0602 ndcg@20: 0.0748 ] 
2025-10-02 16:37:02,189 - Epoch  90 Validation set [recall@5: 0.0431 recall@10: 0.0722 recall@20: 0.1186 ] [ndcg@5: 0.0506 ndcg@10: 0.0598 ndcg@20: 0.0753 ] 
2025-10-02 16:37:15,390 - Epoch  93 Validation set [recall@5: 0.0433 recall@10: 0.0723 recall@20: 0.1188 ] [ndcg@5: 0.0506 ndcg@10: 0.0596 ndcg@20: 0.0752 ] 
2025-10-02 16:37:28,880 - Epoch  96 Validation set [recall@5: 0.0426 recall@10: 0.0723 recall@20: 0.1183 ] [ndcg@5: 0.0500 ndcg@10: 0.0594 ndcg@20: 0.0748 ] 
2025-10-02 16:37:42,277 - Epoch  99 Validation set [recall@5: 0.0445 recall@10: 0.0744 recall@20: 0.1186 ] [ndcg@5: 0.0517 ndcg@10: 0.0610 ndcg@20: 0.0756 ] 
2025-10-02 16:37:55,786 - Epoch 102 Validation set [recall@5: 0.0443 recall@10: 0.0741 recall@20: 0.1201 ] [ndcg@5: 0.0517 ndcg@10: 0.0609 ndcg@20: 0.0763 ] 
2025-10-02 16:38:09,932 - Epoch 105 Validation set [recall@5: 0.0444 recall@10: 0.0744 recall@20: 0.1199 ] [ndcg@5: 0.0514 ndcg@10: 0.0607 ndcg@20: 0.0759 ] 
2025-10-02 16:38:23,633 - Epoch 108 Validation set [recall@5: 0.0447 recall@10: 0.0752 recall@20: 0.1190 ] [ndcg@5: 0.0518 ndcg@10: 0.0613 ndcg@20: 0.0761 ] 
2025-10-02 16:38:37,827 - Epoch 111 Validation set [recall@5: 0.0454 recall@10: 0.0742 recall@20: 0.1199 ] [ndcg@5: 0.0522 ndcg@10: 0.0611 ndcg@20: 0.0764 ] 
2025-10-02 16:38:52,141 - Epoch 114 Validation set [recall@5: 0.0450 recall@10: 0.0744 recall@20: 0.1217 ] [ndcg@5: 0.0523 ndcg@10: 0.0613 ndcg@20: 0.0772 ] 
2025-10-02 16:39:05,790 - Epoch 117 Validation set [recall@5: 0.0451 recall@10: 0.0749 recall@20: 0.1214 ] [ndcg@5: 0.0520 ndcg@10: 0.0615 ndcg@20: 0.0771 ] 
2025-10-02 16:39:19,493 - Epoch 120 Validation set [recall@5: 0.0452 recall@10: 0.0760 recall@20: 0.1224 ] [ndcg@5: 0.0524 ndcg@10: 0.0620 ndcg@20: 0.0778 ] 
2025-10-02 16:39:33,421 - Epoch 123 Validation set [recall@5: 0.0465 recall@10: 0.0761 recall@20: 0.1227 ] [ndcg@5: 0.0528 ndcg@10: 0.0620 ndcg@20: 0.0778 ] 
2025-10-02 16:39:47,450 - Epoch 126 Validation set [recall@5: 0.0459 recall@10: 0.0773 recall@20: 0.1231 ] [ndcg@5: 0.0529 ndcg@10: 0.0628 ndcg@20: 0.0783 ] 
2025-10-02 16:40:00,638 - Epoch 129 Validation set [recall@5: 0.0455 recall@10: 0.0754 recall@20: 0.1226 ] [ndcg@5: 0.0524 ndcg@10: 0.0618 ndcg@20: 0.0778 ] 
2025-10-02 16:40:15,686 - Epoch 132 Validation set [recall@5: 0.0450 recall@10: 0.0759 recall@20: 0.1230 ] [ndcg@5: 0.0523 ndcg@10: 0.0620 ndcg@20: 0.0778 ] 
2025-10-02 16:40:29,110 - Epoch 135 Validation set [recall@5: 0.0460 recall@10: 0.0761 recall@20: 0.1229 ] [ndcg@5: 0.0530 ndcg@10: 0.0624 ndcg@20: 0.0782 ] 
2025-10-02 16:40:43,644 - Epoch 138 Validation set [recall@5: 0.0463 recall@10: 0.0767 recall@20: 0.1233 ] [ndcg@5: 0.0536 ndcg@10: 0.0631 ndcg@20: 0.0788 ] 
2025-10-02 16:40:57,404 - Epoch 141 Validation set [recall@5: 0.0465 recall@10: 0.0777 recall@20: 0.1239 ] [ndcg@5: 0.0538 ndcg@10: 0.0635 ndcg@20: 0.0790 ] 
2025-10-02 16:41:11,631 - Epoch 144 Validation set [recall@5: 0.0453 recall@10: 0.0771 recall@20: 0.1226 ] [ndcg@5: 0.0532 ndcg@10: 0.0630 ndcg@20: 0.0784 ] 
2025-10-02 16:41:26,802 - Epoch 147 Validation set [recall@5: 0.0456 recall@10: 0.0771 recall@20: 0.1232 ] [ndcg@5: 0.0529 ndcg@10: 0.0628 ndcg@20: 0.0783 ] 
2025-10-02 16:41:41,286 - Epoch 150 Validation set [recall@5: 0.0452 recall@10: 0.0772 recall@20: 0.1246 ] [ndcg@5: 0.0525 ndcg@10: 0.0626 ndcg@20: 0.0786 ] 
2025-10-02 16:41:55,303 - Epoch 153 Validation set [recall@5: 0.0458 recall@10: 0.0782 recall@20: 0.1248 ] [ndcg@5: 0.0537 ndcg@10: 0.0639 ndcg@20: 0.0795 ] 
2025-10-02 16:42:09,605 - Epoch 156 Validation set [recall@5: 0.0456 recall@10: 0.0774 recall@20: 0.1239 ] [ndcg@5: 0.0535 ndcg@10: 0.0634 ndcg@20: 0.0789 ] 
2025-10-02 16:42:23,111 - Epoch 159 Validation set [recall@5: 0.0458 recall@10: 0.0769 recall@20: 0.1238 ] [ndcg@5: 0.0534 ndcg@10: 0.0631 ndcg@20: 0.0789 ] 
2025-10-02 16:42:35,958 - Epoch 162 Validation set [recall@5: 0.0452 recall@10: 0.0769 recall@20: 0.1239 ] [ndcg@5: 0.0525 ndcg@10: 0.0626 ndcg@20: 0.0784 ] 
2025-10-02 16:42:48,940 - Epoch 165 Validation set [recall@5: 0.0457 recall@10: 0.0772 recall@20: 0.1251 ] [ndcg@5: 0.0530 ndcg@10: 0.0630 ndcg@20: 0.0791 ] 
2025-10-02 16:43:02,012 - Epoch 168 Validation set [recall@5: 0.0467 recall@10: 0.0763 recall@20: 0.1250 ] [ndcg@5: 0.0541 ndcg@10: 0.0630 ndcg@20: 0.0794 ] 
2025-10-02 16:43:15,874 - Epoch 171 Validation set [recall@5: 0.0462 recall@10: 0.0777 recall@20: 0.1266 ] [ndcg@5: 0.0537 ndcg@10: 0.0634 ndcg@20: 0.0799 ] 
2025-10-02 16:43:30,615 - Epoch 174 Validation set [recall@5: 0.0456 recall@10: 0.0773 recall@20: 0.1250 ] [ndcg@5: 0.0535 ndcg@10: 0.0634 ndcg@20: 0.0794 ] 
2025-10-02 16:43:44,368 - Epoch 177 Validation set [recall@5: 0.0456 recall@10: 0.0773 recall@20: 0.1245 ] [ndcg@5: 0.0531 ndcg@10: 0.0632 ndcg@20: 0.0790 ] 
2025-10-02 16:43:58,693 - Epoch 180 Validation set [recall@5: 0.0451 recall@10: 0.0774 recall@20: 0.1236 ] [ndcg@5: 0.0528 ndcg@10: 0.0632 ndcg@20: 0.0787 ] 
2025-10-02 16:44:13,589 - Epoch 183 Validation set [recall@5: 0.0460 recall@10: 0.0775 recall@20: 0.1250 ] [ndcg@5: 0.0534 ndcg@10: 0.0634 ndcg@20: 0.0792 ] 
2025-10-02 16:44:27,323 - Epoch 186 Validation set [recall@5: 0.0459 recall@10: 0.0773 recall@20: 0.1250 ] [ndcg@5: 0.0537 ndcg@10: 0.0635 ndcg@20: 0.0795 ] 
2025-10-02 16:44:29,651 - [recall@5: 0.0462 recall@10: 0.0777 recall@20: 0.1266 ] [ndcg@5: 0.0537 ndcg@10: 0.0634 ndcg@20: 0.0799 ] 
2025-10-02 16:44:31,624 - [recall@5: 0.0451 recall@10: 0.0765 recall@20: 0.1259 ] [ndcg@5: 0.0530 ndcg@10: 0.0629 ndcg@20: 0.0800 ] 
2025-10-02 16:44:31,634 - Save model parameters to ./encoder/checkpoint/lightgcn_rgcn/lightgcn_rgcn-yelp-2023.pth
2025-10-02 16:44:31,635 - Best Epoch 171. Final test result: {'recall': array([0.04506991, 0.07652747, 0.12593559]), 'ndcg': array([0.05301264, 0.06291293, 0.07995583])}.
