2025-10-01 23:26:29,740 - {'optimizer': {'name': 'adam', 'lr': 0.001, 'weight_decay': 0}, 'train': {'epoch': 400, 'batch_size': 4096, 'save_model': True, 'loss': 'pairwise', 'test_step': 3, 'reproducible': True, 'seed': 2023, 'patience': 5}, 'test': {'metrics': ['recall', 'ndcg'], 'k': [5, 10, 20], 'batch_size': 1024}, 'data': {'type': 'general_agcf', 'name': 'yelp', 'mat_type': 'uai', 'pre_norm': True, 'user_num': 11091, 'item_num': 11010, 'user_item_num': 22101, 'attr_num': 2607}, 'model': {'name': 'lightgcn_rgcn', 'label': 'ori', 'keep_rate': 0.9, 'embedding_size': 64, 'use_unify_layer_num': True, 'layer_num': 3, 'reg_weight': 1e-07, 'amazon': {'keep_rate': 0.9, 'layer_num': 3, 'reg_weight': 1e-07, 'eps': 0.1}, 'yelp': {'keep_rate': 0.9, 'layer_num': 3, 'reg_weight': 1e-07, 'eps': 0.1, 'temperature': 0.1}, 'steam': {'keep_rate': 0.8, 'layer_num': 3, 'reg_weight': 1e-07, 'eps': 0.2}, 'Office': {'keep_rate': 0.9, 'layer_num': 3, 'reg_weight': 5e-06, 'eps': 0.1}, 'temperature': 0.1, 'eps': 0.1}}
2025-10-01 23:26:35,186 - Epoch   0 Validation set [recall@5: 0.0083 recall@10: 0.0152 recall@20: 0.0244 ] [ndcg@5: 0.0105 ndcg@10: 0.0127 ndcg@20: 0.0157 ] 
2025-10-01 23:26:44,678 - Epoch   3 Validation set [recall@5: 0.0229 recall@10: 0.0386 recall@20: 0.0604 ] [ndcg@5: 0.0266 ndcg@10: 0.0310 ndcg@20: 0.0382 ] 
2025-10-01 23:26:54,536 - Epoch   6 Validation set [recall@5: 0.0298 recall@10: 0.0488 recall@20: 0.0791 ] [ndcg@5: 0.0352 ndcg@10: 0.0410 ndcg@20: 0.0509 ] 
2025-10-01 23:27:04,724 - Epoch   9 Validation set [recall@5: 0.0298 recall@10: 0.0510 recall@20: 0.0829 ] [ndcg@5: 0.0356 ndcg@10: 0.0423 ndcg@20: 0.0529 ] 
2025-10-01 23:27:15,593 - Epoch  12 Validation set [recall@5: 0.0307 recall@10: 0.0516 recall@20: 0.0858 ] [ndcg@5: 0.0361 ndcg@10: 0.0426 ndcg@20: 0.0539 ] 
2025-10-01 23:27:26,902 - Epoch  15 Validation set [recall@5: 0.0314 recall@10: 0.0524 recall@20: 0.0880 ] [ndcg@5: 0.0365 ndcg@10: 0.0431 ndcg@20: 0.0549 ] 
2025-10-01 23:27:38,386 - Epoch  18 Validation set [recall@5: 0.0314 recall@10: 0.0537 recall@20: 0.0907 ] [ndcg@5: 0.0366 ndcg@10: 0.0439 ndcg@20: 0.0561 ] 
2025-10-01 23:27:49,649 - Epoch  21 Validation set [recall@5: 0.0322 recall@10: 0.0549 recall@20: 0.0930 ] [ndcg@5: 0.0375 ndcg@10: 0.0448 ndcg@20: 0.0576 ] 
2025-10-01 23:28:00,888 - Epoch  24 Validation set [recall@5: 0.0326 recall@10: 0.0562 recall@20: 0.0939 ] [ndcg@5: 0.0382 ndcg@10: 0.0458 ndcg@20: 0.0585 ] 
2025-10-01 23:28:10,008 - Epoch  27 Validation set [recall@5: 0.0339 recall@10: 0.0579 recall@20: 0.0958 ] [ndcg@5: 0.0397 ndcg@10: 0.0474 ndcg@20: 0.0601 ] 
2025-10-01 23:28:19,583 - Epoch  30 Validation set [recall@5: 0.0351 recall@10: 0.0585 recall@20: 0.0984 ] [ndcg@5: 0.0413 ndcg@10: 0.0486 ndcg@20: 0.0620 ] 
2025-10-01 23:28:28,460 - Epoch  33 Validation set [recall@5: 0.0365 recall@10: 0.0607 recall@20: 0.1021 ] [ndcg@5: 0.0427 ndcg@10: 0.0502 ndcg@20: 0.0640 ] 
2025-10-01 23:28:38,756 - Epoch  36 Validation set [recall@5: 0.0369 recall@10: 0.0624 recall@20: 0.1027 ] [ndcg@5: 0.0432 ndcg@10: 0.0513 ndcg@20: 0.0646 ] 
2025-10-01 23:28:48,914 - Epoch  39 Validation set [recall@5: 0.0372 recall@10: 0.0633 recall@20: 0.1056 ] [ndcg@5: 0.0439 ndcg@10: 0.0521 ndcg@20: 0.0662 ] 
2025-10-01 23:28:59,108 - Epoch  42 Validation set [recall@5: 0.0384 recall@10: 0.0655 recall@20: 0.1063 ] [ndcg@5: 0.0447 ndcg@10: 0.0535 ndcg@20: 0.0673 ] 
2025-10-01 23:29:08,532 - Epoch  45 Validation set [recall@5: 0.0401 recall@10: 0.0659 recall@20: 0.1075 ] [ndcg@5: 0.0463 ndcg@10: 0.0542 ndcg@20: 0.0684 ] 
2025-10-01 23:29:17,585 - Epoch  48 Validation set [recall@5: 0.0395 recall@10: 0.0673 recall@20: 0.1091 ] [ndcg@5: 0.0465 ndcg@10: 0.0553 ndcg@20: 0.0695 ] 
2025-10-01 23:29:26,370 - Epoch  51 Validation set [recall@5: 0.0401 recall@10: 0.0676 recall@20: 0.1111 ] [ndcg@5: 0.0473 ndcg@10: 0.0558 ndcg@20: 0.0705 ] 
2025-10-01 23:29:36,364 - Epoch  54 Validation set [recall@5: 0.0407 recall@10: 0.0688 recall@20: 0.1124 ] [ndcg@5: 0.0484 ndcg@10: 0.0570 ndcg@20: 0.0717 ] 
2025-10-01 23:29:49,186 - Epoch  57 Validation set [recall@5: 0.0411 recall@10: 0.0693 recall@20: 0.1141 ] [ndcg@5: 0.0486 ndcg@10: 0.0574 ndcg@20: 0.0725 ] 
2025-10-01 23:30:05,464 - Epoch  60 Validation set [recall@5: 0.0417 recall@10: 0.0698 recall@20: 0.1153 ] [ndcg@5: 0.0490 ndcg@10: 0.0578 ndcg@20: 0.0732 ] 
2025-10-01 23:30:22,822 - Epoch  63 Validation set [recall@5: 0.0420 recall@10: 0.0711 recall@20: 0.1154 ] [ndcg@5: 0.0493 ndcg@10: 0.0586 ndcg@20: 0.0735 ] 
2025-10-01 23:30:38,680 - Epoch  66 Validation set [recall@5: 0.0427 recall@10: 0.0713 recall@20: 0.1163 ] [ndcg@5: 0.0500 ndcg@10: 0.0591 ndcg@20: 0.0743 ] 
2025-10-01 23:30:51,964 - Epoch  69 Validation set [recall@5: 0.0429 recall@10: 0.0717 recall@20: 0.1164 ] [ndcg@5: 0.0508 ndcg@10: 0.0597 ndcg@20: 0.0747 ] 
2025-10-01 23:31:04,577 - Epoch  72 Validation set [recall@5: 0.0436 recall@10: 0.0725 recall@20: 0.1178 ] [ndcg@5: 0.0513 ndcg@10: 0.0602 ndcg@20: 0.0756 ] 
2025-10-01 23:31:18,671 - Epoch  75 Validation set [recall@5: 0.0437 recall@10: 0.0731 recall@20: 0.1200 ] [ndcg@5: 0.0518 ndcg@10: 0.0609 ndcg@20: 0.0767 ] 
2025-10-01 23:31:31,912 - Epoch  78 Validation set [recall@5: 0.0441 recall@10: 0.0745 recall@20: 0.1200 ] [ndcg@5: 0.0525 ndcg@10: 0.0619 ndcg@20: 0.0771 ] 
2025-10-01 23:31:44,190 - Epoch  81 Validation set [recall@5: 0.0444 recall@10: 0.0743 recall@20: 0.1207 ] [ndcg@5: 0.0525 ndcg@10: 0.0617 ndcg@20: 0.0774 ] 
2025-10-01 23:31:57,650 - Epoch  84 Validation set [recall@5: 0.0439 recall@10: 0.0741 recall@20: 0.1214 ] [ndcg@5: 0.0524 ndcg@10: 0.0616 ndcg@20: 0.0776 ] 
2025-10-01 23:32:10,981 - Epoch  87 Validation set [recall@5: 0.0444 recall@10: 0.0745 recall@20: 0.1214 ] [ndcg@5: 0.0524 ndcg@10: 0.0617 ndcg@20: 0.0775 ] 
2025-10-01 23:32:27,570 - Epoch  90 Validation set [recall@5: 0.0442 recall@10: 0.0753 recall@20: 0.1226 ] [ndcg@5: 0.0525 ndcg@10: 0.0622 ndcg@20: 0.0782 ] 
2025-10-01 23:32:44,107 - Epoch  93 Validation set [recall@5: 0.0445 recall@10: 0.0756 recall@20: 0.1235 ] [ndcg@5: 0.0525 ndcg@10: 0.0622 ndcg@20: 0.0783 ] 
2025-10-01 23:33:03,916 - Epoch  96 Validation set [recall@5: 0.0444 recall@10: 0.0751 recall@20: 0.1217 ] [ndcg@5: 0.0525 ndcg@10: 0.0619 ndcg@20: 0.0777 ] 
2025-10-01 23:33:24,890 - Epoch  99 Validation set [recall@5: 0.0451 recall@10: 0.0756 recall@20: 0.1230 ] [ndcg@5: 0.0532 ndcg@10: 0.0626 ndcg@20: 0.0785 ] 
2025-10-01 23:33:45,925 - Epoch 102 Validation set [recall@5: 0.0455 recall@10: 0.0754 recall@20: 0.1230 ] [ndcg@5: 0.0537 ndcg@10: 0.0628 ndcg@20: 0.0789 ] 
2025-10-01 23:34:05,357 - Epoch 105 Validation set [recall@5: 0.0456 recall@10: 0.0756 recall@20: 0.1229 ] [ndcg@5: 0.0539 ndcg@10: 0.0630 ndcg@20: 0.0790 ] 
2025-10-01 23:34:26,287 - Epoch 108 Validation set [recall@5: 0.0451 recall@10: 0.0764 recall@20: 0.1228 ] [ndcg@5: 0.0539 ndcg@10: 0.0632 ndcg@20: 0.0790 ] 
2025-10-01 23:34:28,624 - [recall@5: 0.0449 recall@10: 0.0753 recall@20: 0.1236 ] [ndcg@5: 0.0525 ndcg@10: 0.0620 ndcg@20: 0.0784 ] 
2025-10-01 23:34:37,124 - Epoch   0 Validation set [recall@5: 0.0074 recall@10: 0.0134 recall@20: 0.0233 ] [ndcg@5: 0.0099 ndcg@10: 0.0116 ndcg@20: 0.0148 ] 
2025-10-01 23:34:57,396 - Epoch   3 Validation set [recall@5: 0.0256 recall@10: 0.0423 recall@20: 0.0677 ] [ndcg@5: 0.0308 ndcg@10: 0.0354 ndcg@20: 0.0438 ] 
2025-10-01 23:35:18,065 - Epoch   6 Validation set [recall@5: 0.0299 recall@10: 0.0511 recall@20: 0.0823 ] [ndcg@5: 0.0356 ndcg@10: 0.0421 ndcg@20: 0.0525 ] 
2025-10-01 23:35:40,026 - Epoch   9 Validation set [recall@5: 0.0303 recall@10: 0.0531 recall@20: 0.0867 ] [ndcg@5: 0.0363 ndcg@10: 0.0436 ndcg@20: 0.0548 ] 
2025-10-01 23:35:59,803 - Epoch  12 Validation set [recall@5: 0.0322 recall@10: 0.0544 recall@20: 0.0887 ] [ndcg@5: 0.0378 ndcg@10: 0.0446 ndcg@20: 0.0560 ] 
2025-10-01 23:36:20,962 - Epoch  15 Validation set [recall@5: 0.0322 recall@10: 0.0560 recall@20: 0.0901 ] [ndcg@5: 0.0378 ndcg@10: 0.0454 ndcg@20: 0.0567 ] 
2025-10-01 23:36:37,082 - Epoch  18 Validation set [recall@5: 0.0327 recall@10: 0.0562 recall@20: 0.0911 ] [ndcg@5: 0.0383 ndcg@10: 0.0458 ndcg@20: 0.0575 ] 
2025-10-01 23:36:54,190 - Epoch  21 Validation set [recall@5: 0.0328 recall@10: 0.0576 recall@20: 0.0920 ] [ndcg@5: 0.0382 ndcg@10: 0.0465 ndcg@20: 0.0578 ] 
2025-10-01 23:37:06,923 - Epoch  24 Validation set [recall@5: 0.0333 recall@10: 0.0576 recall@20: 0.0938 ] [ndcg@5: 0.0386 ndcg@10: 0.0466 ndcg@20: 0.0586 ] 
2025-10-01 23:37:20,140 - Epoch  27 Validation set [recall@5: 0.0336 recall@10: 0.0578 recall@20: 0.0944 ] [ndcg@5: 0.0391 ndcg@10: 0.0469 ndcg@20: 0.0592 ] 
2025-10-01 23:37:32,068 - Epoch  30 Validation set [recall@5: 0.0347 recall@10: 0.0588 recall@20: 0.0954 ] [ndcg@5: 0.0402 ndcg@10: 0.0480 ndcg@20: 0.0602 ] 
2025-10-01 23:37:45,672 - Epoch  33 Validation set [recall@5: 0.0355 recall@10: 0.0598 recall@20: 0.0976 ] [ndcg@5: 0.0413 ndcg@10: 0.0491 ndcg@20: 0.0617 ] 
2025-10-01 23:37:58,046 - Epoch  36 Validation set [recall@5: 0.0358 recall@10: 0.0595 recall@20: 0.0994 ] [ndcg@5: 0.0416 ndcg@10: 0.0489 ndcg@20: 0.0624 ] 
2025-10-01 23:38:10,872 - Epoch  39 Validation set [recall@5: 0.0355 recall@10: 0.0609 recall@20: 0.0997 ] [ndcg@5: 0.0417 ndcg@10: 0.0498 ndcg@20: 0.0629 ] 
2025-10-01 23:38:23,848 - Epoch  42 Validation set [recall@5: 0.0362 recall@10: 0.0607 recall@20: 0.0996 ] [ndcg@5: 0.0419 ndcg@10: 0.0496 ndcg@20: 0.0628 ] 
2025-10-01 23:38:35,612 - Epoch  45 Validation set [recall@5: 0.0368 recall@10: 0.0623 recall@20: 0.1002 ] [ndcg@5: 0.0431 ndcg@10: 0.0509 ndcg@20: 0.0637 ] 
2025-10-01 23:38:48,444 - Epoch  48 Validation set [recall@5: 0.0364 recall@10: 0.0625 recall@20: 0.1012 ] [ndcg@5: 0.0428 ndcg@10: 0.0510 ndcg@20: 0.0641 ] 
2025-10-01 23:39:00,480 - Epoch  51 Validation set [recall@5: 0.0368 recall@10: 0.0627 recall@20: 0.1027 ] [ndcg@5: 0.0430 ndcg@10: 0.0512 ndcg@20: 0.0648 ] 
2025-10-01 23:39:13,120 - Epoch  54 Validation set [recall@5: 0.0371 recall@10: 0.0635 recall@20: 0.1030 ] [ndcg@5: 0.0429 ndcg@10: 0.0512 ndcg@20: 0.0647 ] 
2025-10-01 23:39:25,559 - Epoch  57 Validation set [recall@5: 0.0372 recall@10: 0.0634 recall@20: 0.1042 ] [ndcg@5: 0.0434 ndcg@10: 0.0517 ndcg@20: 0.0655 ] 
2025-10-01 23:39:39,194 - Epoch  60 Validation set [recall@5: 0.0376 recall@10: 0.0635 recall@20: 0.1045 ] [ndcg@5: 0.0438 ndcg@10: 0.0519 ndcg@20: 0.0658 ] 
2025-10-01 23:39:51,518 - Epoch  63 Validation set [recall@5: 0.0379 recall@10: 0.0647 recall@20: 0.1049 ] [ndcg@5: 0.0444 ndcg@10: 0.0529 ndcg@20: 0.0664 ] 
2025-10-01 23:40:04,146 - Epoch  66 Validation set [recall@5: 0.0375 recall@10: 0.0651 recall@20: 0.1057 ] [ndcg@5: 0.0444 ndcg@10: 0.0533 ndcg@20: 0.0669 ] 
2025-10-01 23:40:17,398 - Epoch  69 Validation set [recall@5: 0.0375 recall@10: 0.0648 recall@20: 0.1061 ] [ndcg@5: 0.0442 ndcg@10: 0.0530 ndcg@20: 0.0671 ] 
2025-10-01 23:40:30,700 - Epoch  72 Validation set [recall@5: 0.0380 recall@10: 0.0643 recall@20: 0.1066 ] [ndcg@5: 0.0450 ndcg@10: 0.0533 ndcg@20: 0.0675 ] 
2025-10-01 23:40:44,196 - Epoch  75 Validation set [recall@5: 0.0384 recall@10: 0.0642 recall@20: 0.1064 ] [ndcg@5: 0.0458 ndcg@10: 0.0538 ndcg@20: 0.0678 ] 
2025-10-01 23:40:57,874 - Epoch  78 Validation set [recall@5: 0.0385 recall@10: 0.0651 recall@20: 0.1066 ] [ndcg@5: 0.0455 ndcg@10: 0.0539 ndcg@20: 0.0679 ] 
2025-10-01 23:41:11,797 - Epoch  81 Validation set [recall@5: 0.0380 recall@10: 0.0651 recall@20: 0.1073 ] [ndcg@5: 0.0454 ndcg@10: 0.0539 ndcg@20: 0.0681 ] 
2025-10-01 23:41:27,491 - Epoch  84 Validation set [recall@5: 0.0379 recall@10: 0.0659 recall@20: 0.1082 ] [ndcg@5: 0.0455 ndcg@10: 0.0543 ndcg@20: 0.0685 ] 
2025-10-01 23:41:43,608 - Epoch  87 Validation set [recall@5: 0.0384 recall@10: 0.0657 recall@20: 0.1082 ] [ndcg@5: 0.0456 ndcg@10: 0.0542 ndcg@20: 0.0685 ] 
2025-10-01 23:41:58,347 - Epoch  90 Validation set [recall@5: 0.0386 recall@10: 0.0661 recall@20: 0.1077 ] [ndcg@5: 0.0462 ndcg@10: 0.0548 ndcg@20: 0.0689 ] 
2025-10-01 23:42:15,763 - Epoch  93 Validation set [recall@5: 0.0389 recall@10: 0.0660 recall@20: 0.1092 ] [ndcg@5: 0.0461 ndcg@10: 0.0545 ndcg@20: 0.0692 ] 
2025-10-01 23:42:31,442 - Epoch  96 Validation set [recall@5: 0.0389 recall@10: 0.0663 recall@20: 0.1095 ] [ndcg@5: 0.0459 ndcg@10: 0.0545 ndcg@20: 0.0691 ] 
2025-10-01 23:42:45,561 - Epoch  99 Validation set [recall@5: 0.0393 recall@10: 0.0658 recall@20: 0.1091 ] [ndcg@5: 0.0465 ndcg@10: 0.0546 ndcg@20: 0.0693 ] 
2025-10-01 23:43:01,394 - Epoch 102 Validation set [recall@5: 0.0395 recall@10: 0.0671 recall@20: 0.1096 ] [ndcg@5: 0.0468 ndcg@10: 0.0554 ndcg@20: 0.0696 ] 
2025-10-01 23:43:19,200 - Epoch 105 Validation set [recall@5: 0.0398 recall@10: 0.0671 recall@20: 0.1109 ] [ndcg@5: 0.0472 ndcg@10: 0.0556 ndcg@20: 0.0702 ] 
2025-10-01 23:43:35,510 - Epoch 108 Validation set [recall@5: 0.0400 recall@10: 0.0673 recall@20: 0.1115 ] [ndcg@5: 0.0469 ndcg@10: 0.0554 ndcg@20: 0.0701 ] 
2025-10-01 23:43:52,118 - Epoch 111 Validation set [recall@5: 0.0403 recall@10: 0.0673 recall@20: 0.1108 ] [ndcg@5: 0.0470 ndcg@10: 0.0554 ndcg@20: 0.0699 ] 
2025-10-01 23:44:07,735 - Epoch 114 Validation set [recall@5: 0.0393 recall@10: 0.0670 recall@20: 0.1108 ] [ndcg@5: 0.0463 ndcg@10: 0.0549 ndcg@20: 0.0697 ] 
2025-10-01 23:44:22,838 - Epoch 117 Validation set [recall@5: 0.0393 recall@10: 0.0667 recall@20: 0.1108 ] [ndcg@5: 0.0466 ndcg@10: 0.0551 ndcg@20: 0.0699 ] 
2025-10-01 23:44:38,405 - Epoch 120 Validation set [recall@5: 0.0401 recall@10: 0.0672 recall@20: 0.1112 ] [ndcg@5: 0.0468 ndcg@10: 0.0553 ndcg@20: 0.0700 ] 
2025-10-01 23:44:54,715 - Epoch 123 Validation set [recall@5: 0.0404 recall@10: 0.0684 recall@20: 0.1111 ] [ndcg@5: 0.0474 ndcg@10: 0.0560 ndcg@20: 0.0704 ] 
2025-10-01 23:44:56,962 - [recall@5: 0.0387 recall@10: 0.0648 recall@20: 0.1067 ] [ndcg@5: 0.0448 ndcg@10: 0.0531 ndcg@20: 0.0673 ] 
2025-10-01 23:45:04,223 - Epoch   0 Validation set [recall@5: 0.0098 recall@10: 0.0143 recall@20: 0.0258 ] [ndcg@5: 0.0123 ndcg@10: 0.0130 ndcg@20: 0.0169 ] 
2025-10-01 23:45:21,549 - Epoch   3 Validation set [recall@5: 0.0252 recall@10: 0.0412 recall@20: 0.0667 ] [ndcg@5: 0.0298 ndcg@10: 0.0343 ndcg@20: 0.0427 ] 
2025-10-01 23:45:38,309 - Epoch   6 Validation set [recall@5: 0.0302 recall@10: 0.0503 recall@20: 0.0817 ] [ndcg@5: 0.0358 ndcg@10: 0.0418 ndcg@20: 0.0522 ] 
2025-10-01 23:45:55,148 - Epoch   9 Validation set [recall@5: 0.0309 recall@10: 0.0523 recall@20: 0.0860 ] [ndcg@5: 0.0366 ndcg@10: 0.0432 ndcg@20: 0.0544 ] 
2025-10-01 23:46:11,023 - Epoch  12 Validation set [recall@5: 0.0315 recall@10: 0.0533 recall@20: 0.0878 ] [ndcg@5: 0.0370 ndcg@10: 0.0439 ndcg@20: 0.0553 ] 
2025-10-01 23:46:26,871 - Epoch  15 Validation set [recall@5: 0.0318 recall@10: 0.0541 recall@20: 0.0905 ] [ndcg@5: 0.0374 ndcg@10: 0.0445 ndcg@20: 0.0565 ] 
2025-10-01 23:46:43,703 - Epoch  18 Validation set [recall@5: 0.0324 recall@10: 0.0558 recall@20: 0.0919 ] [ndcg@5: 0.0382 ndcg@10: 0.0457 ndcg@20: 0.0577 ] 
2025-10-01 23:46:59,380 - Epoch  21 Validation set [recall@5: 0.0332 recall@10: 0.0570 recall@20: 0.0947 ] [ndcg@5: 0.0388 ndcg@10: 0.0466 ndcg@20: 0.0591 ] 
2025-10-01 23:47:16,469 - Epoch  24 Validation set [recall@5: 0.0346 recall@10: 0.0584 recall@20: 0.0967 ] [ndcg@5: 0.0401 ndcg@10: 0.0478 ndcg@20: 0.0606 ] 
2025-10-01 23:47:31,994 - Epoch  27 Validation set [recall@5: 0.0349 recall@10: 0.0600 recall@20: 0.0988 ] [ndcg@5: 0.0412 ndcg@10: 0.0492 ndcg@20: 0.0622 ] 
2025-10-01 23:47:47,734 - Epoch  30 Validation set [recall@5: 0.0361 recall@10: 0.0606 recall@20: 0.0995 ] [ndcg@5: 0.0423 ndcg@10: 0.0500 ndcg@20: 0.0630 ] 
2025-10-01 23:48:02,960 - Epoch  33 Validation set [recall@5: 0.0366 recall@10: 0.0620 recall@20: 0.1012 ] [ndcg@5: 0.0432 ndcg@10: 0.0512 ndcg@20: 0.0643 ] 
2025-10-01 23:48:19,887 - Epoch  36 Validation set [recall@5: 0.0367 recall@10: 0.0630 recall@20: 0.1057 ] [ndcg@5: 0.0440 ndcg@10: 0.0521 ndcg@20: 0.0665 ] 
2025-10-01 23:48:37,020 - Epoch  39 Validation set [recall@5: 0.0379 recall@10: 0.0643 recall@20: 0.1066 ] [ndcg@5: 0.0451 ndcg@10: 0.0530 ndcg@20: 0.0672 ] 
2025-10-01 23:48:54,321 - Epoch  42 Validation set [recall@5: 0.0382 recall@10: 0.0651 recall@20: 0.1076 ] [ndcg@5: 0.0452 ndcg@10: 0.0537 ndcg@20: 0.0680 ] 
2025-10-01 23:49:09,977 - Epoch  45 Validation set [recall@5: 0.0393 recall@10: 0.0662 recall@20: 0.1087 ] [ndcg@5: 0.0465 ndcg@10: 0.0549 ndcg@20: 0.0692 ] 
2025-10-01 23:49:26,553 - Epoch  48 Validation set [recall@5: 0.0400 recall@10: 0.0671 recall@20: 0.1101 ] [ndcg@5: 0.0472 ndcg@10: 0.0555 ndcg@20: 0.0701 ] 
2025-10-01 23:49:42,103 - Epoch  51 Validation set [recall@5: 0.0405 recall@10: 0.0679 recall@20: 0.1123 ] [ndcg@5: 0.0477 ndcg@10: 0.0563 ndcg@20: 0.0713 ] 
2025-10-01 23:49:56,125 - Epoch  54 Validation set [recall@5: 0.0408 recall@10: 0.0692 recall@20: 0.1138 ] [ndcg@5: 0.0480 ndcg@10: 0.0568 ndcg@20: 0.0721 ] 
2025-10-01 23:50:13,514 - Epoch  57 Validation set [recall@5: 0.0406 recall@10: 0.0699 recall@20: 0.1143 ] [ndcg@5: 0.0483 ndcg@10: 0.0577 ndcg@20: 0.0726 ] 
2025-10-01 23:50:30,240 - Epoch  60 Validation set [recall@5: 0.0416 recall@10: 0.0708 recall@20: 0.1151 ] [ndcg@5: 0.0490 ndcg@10: 0.0583 ndcg@20: 0.0732 ] 
2025-10-01 23:50:46,362 - Epoch  63 Validation set [recall@5: 0.0424 recall@10: 0.0720 recall@20: 0.1158 ] [ndcg@5: 0.0499 ndcg@10: 0.0591 ndcg@20: 0.0739 ] 
2025-10-01 23:51:01,422 - Epoch  66 Validation set [recall@5: 0.0422 recall@10: 0.0733 recall@20: 0.1178 ] [ndcg@5: 0.0503 ndcg@10: 0.0600 ndcg@20: 0.0750 ] 
2025-10-01 23:51:17,917 - Epoch  69 Validation set [recall@5: 0.0423 recall@10: 0.0729 recall@20: 0.1184 ] [ndcg@5: 0.0508 ndcg@10: 0.0605 ndcg@20: 0.0759 ] 
2025-10-01 23:51:34,088 - Epoch  72 Validation set [recall@5: 0.0429 recall@10: 0.0740 recall@20: 0.1197 ] [ndcg@5: 0.0511 ndcg@10: 0.0609 ndcg@20: 0.0763 ] 
2025-10-01 23:51:50,401 - Epoch  75 Validation set [recall@5: 0.0436 recall@10: 0.0725 recall@20: 0.1213 ] [ndcg@5: 0.0518 ndcg@10: 0.0605 ndcg@20: 0.0771 ] 
2025-10-01 23:52:06,135 - Epoch  78 Validation set [recall@5: 0.0435 recall@10: 0.0727 recall@20: 0.1205 ] [ndcg@5: 0.0519 ndcg@10: 0.0606 ndcg@20: 0.0769 ] 
2025-10-01 23:52:21,580 - Epoch  81 Validation set [recall@5: 0.0438 recall@10: 0.0728 recall@20: 0.1208 ] [ndcg@5: 0.0518 ndcg@10: 0.0607 ndcg@20: 0.0770 ] 
2025-10-01 23:52:38,017 - Epoch  84 Validation set [recall@5: 0.0437 recall@10: 0.0742 recall@20: 0.1216 ] [ndcg@5: 0.0522 ndcg@10: 0.0616 ndcg@20: 0.0777 ] 
2025-10-01 23:52:53,204 - Epoch  87 Validation set [recall@5: 0.0431 recall@10: 0.0743 recall@20: 0.1230 ] [ndcg@5: 0.0515 ndcg@10: 0.0612 ndcg@20: 0.0778 ] 
2025-10-01 23:53:08,989 - Epoch  90 Validation set [recall@5: 0.0442 recall@10: 0.0750 recall@20: 0.1228 ] [ndcg@5: 0.0525 ndcg@10: 0.0619 ndcg@20: 0.0780 ] 
2025-10-01 23:53:25,096 - Epoch  93 Validation set [recall@5: 0.0444 recall@10: 0.0746 recall@20: 0.1239 ] [ndcg@5: 0.0521 ndcg@10: 0.0614 ndcg@20: 0.0781 ] 
2025-10-01 23:53:40,221 - Epoch  96 Validation set [recall@5: 0.0448 recall@10: 0.0750 recall@20: 0.1235 ] [ndcg@5: 0.0527 ndcg@10: 0.0622 ndcg@20: 0.0784 ] 
2025-10-01 23:53:54,744 - Epoch  99 Validation set [recall@5: 0.0460 recall@10: 0.0760 recall@20: 0.1245 ] [ndcg@5: 0.0538 ndcg@10: 0.0627 ndcg@20: 0.0791 ] 
2025-10-01 23:54:11,761 - Epoch 102 Validation set [recall@5: 0.0454 recall@10: 0.0767 recall@20: 0.1247 ] [ndcg@5: 0.0541 ndcg@10: 0.0637 ndcg@20: 0.0797 ] 
2025-10-01 23:54:28,414 - Epoch 105 Validation set [recall@5: 0.0461 recall@10: 0.0765 recall@20: 0.1250 ] [ndcg@5: 0.0545 ndcg@10: 0.0637 ndcg@20: 0.0800 ] 
2025-10-01 23:54:43,802 - Epoch 108 Validation set [recall@5: 0.0459 recall@10: 0.0775 recall@20: 0.1261 ] [ndcg@5: 0.0546 ndcg@10: 0.0641 ndcg@20: 0.0806 ] 
2025-10-01 23:54:59,139 - Epoch 111 Validation set [recall@5: 0.0462 recall@10: 0.0774 recall@20: 0.1264 ] [ndcg@5: 0.0549 ndcg@10: 0.0645 ndcg@20: 0.0808 ] 
2025-10-01 23:55:16,688 - Epoch 114 Validation set [recall@5: 0.0462 recall@10: 0.0780 recall@20: 0.1267 ] [ndcg@5: 0.0554 ndcg@10: 0.0651 ndcg@20: 0.0814 ] 
2025-10-01 23:55:33,032 - Epoch 117 Validation set [recall@5: 0.0461 recall@10: 0.0778 recall@20: 0.1269 ] [ndcg@5: 0.0553 ndcg@10: 0.0649 ndcg@20: 0.0813 ] 
2025-10-01 23:55:49,906 - Epoch 120 Validation set [recall@5: 0.0466 recall@10: 0.0772 recall@20: 0.1258 ] [ndcg@5: 0.0555 ndcg@10: 0.0647 ndcg@20: 0.0810 ] 
2025-10-01 23:56:05,807 - Epoch 123 Validation set [recall@5: 0.0467 recall@10: 0.0783 recall@20: 0.1263 ] [ndcg@5: 0.0556 ndcg@10: 0.0650 ndcg@20: 0.0810 ] 
2025-10-01 23:56:22,392 - Epoch 126 Validation set [recall@5: 0.0470 recall@10: 0.0778 recall@20: 0.1262 ] [ndcg@5: 0.0560 ndcg@10: 0.0651 ndcg@20: 0.0812 ] 
2025-10-01 23:56:38,035 - Epoch 129 Validation set [recall@5: 0.0477 recall@10: 0.0781 recall@20: 0.1272 ] [ndcg@5: 0.0566 ndcg@10: 0.0654 ndcg@20: 0.0817 ] 
2025-10-01 23:56:54,389 - Epoch 132 Validation set [recall@5: 0.0469 recall@10: 0.0788 recall@20: 0.1281 ] [ndcg@5: 0.0559 ndcg@10: 0.0655 ndcg@20: 0.0819 ] 
2025-10-01 23:57:09,715 - Epoch 135 Validation set [recall@5: 0.0472 recall@10: 0.0776 recall@20: 0.1286 ] [ndcg@5: 0.0561 ndcg@10: 0.0651 ndcg@20: 0.0821 ] 
2025-10-01 23:57:26,836 - Epoch 138 Validation set [recall@5: 0.0470 recall@10: 0.0781 recall@20: 0.1280 ] [ndcg@5: 0.0564 ndcg@10: 0.0655 ndcg@20: 0.0822 ] 
2025-10-01 23:57:40,957 - Epoch 141 Validation set [recall@5: 0.0468 recall@10: 0.0786 recall@20: 0.1286 ] [ndcg@5: 0.0561 ndcg@10: 0.0659 ndcg@20: 0.0826 ] 
2025-10-01 23:57:56,666 - Epoch 144 Validation set [recall@5: 0.0467 recall@10: 0.0791 recall@20: 0.1281 ] [ndcg@5: 0.0562 ndcg@10: 0.0662 ndcg@20: 0.0824 ] 
2025-10-01 23:58:13,177 - Epoch 147 Validation set [recall@5: 0.0473 recall@10: 0.0792 recall@20: 0.1304 ] [ndcg@5: 0.0562 ndcg@10: 0.0661 ndcg@20: 0.0832 ] 
2025-10-01 23:58:29,469 - Epoch 150 Validation set [recall@5: 0.0474 recall@10: 0.0793 recall@20: 0.1298 ] [ndcg@5: 0.0565 ndcg@10: 0.0660 ndcg@20: 0.0829 ] 
2025-10-01 23:58:45,793 - Epoch 153 Validation set [recall@5: 0.0468 recall@10: 0.0801 recall@20: 0.1299 ] [ndcg@5: 0.0559 ndcg@10: 0.0659 ndcg@20: 0.0826 ] 
2025-10-01 23:59:01,585 - Epoch 156 Validation set [recall@5: 0.0470 recall@10: 0.0803 recall@20: 0.1288 ] [ndcg@5: 0.0562 ndcg@10: 0.0663 ndcg@20: 0.0826 ] 
2025-10-01 23:59:18,183 - Epoch 159 Validation set [recall@5: 0.0472 recall@10: 0.0798 recall@20: 0.1299 ] [ndcg@5: 0.0562 ndcg@10: 0.0661 ndcg@20: 0.0828 ] 
2025-10-01 23:59:33,694 - Epoch 162 Validation set [recall@5: 0.0470 recall@10: 0.0795 recall@20: 0.1296 ] [ndcg@5: 0.0566 ndcg@10: 0.0661 ndcg@20: 0.0830 ] 
2025-10-01 23:59:35,644 - [recall@5: 0.0463 recall@10: 0.0789 recall@20: 0.1302 ] [ndcg@5: 0.0533 ndcg@10: 0.0638 ndcg@20: 0.0811 ] 
2025-10-01 23:59:42,023 - Epoch   0 Validation set [recall@5: 0.0074 recall@10: 0.0136 recall@20: 0.0227 ] [ndcg@5: 0.0101 ndcg@10: 0.0119 ndcg@20: 0.0149 ] 
2025-10-01 23:59:57,316 - Epoch   3 Validation set [recall@5: 0.0220 recall@10: 0.0367 recall@20: 0.0570 ] [ndcg@5: 0.0262 ndcg@10: 0.0299 ndcg@20: 0.0365 ] 
2025-10-02 00:00:13,764 - Epoch   6 Validation set [recall@5: 0.0292 recall@10: 0.0510 recall@20: 0.0822 ] [ndcg@5: 0.0351 ndcg@10: 0.0418 ndcg@20: 0.0521 ] 
2025-10-02 00:00:28,218 - Epoch   9 Validation set [recall@5: 0.0310 recall@10: 0.0530 recall@20: 0.0864 ] [ndcg@5: 0.0366 ndcg@10: 0.0434 ndcg@20: 0.0545 ] 
2025-10-02 00:00:45,375 - Epoch  12 Validation set [recall@5: 0.0313 recall@10: 0.0533 recall@20: 0.0878 ] [ndcg@5: 0.0369 ndcg@10: 0.0437 ndcg@20: 0.0553 ] 
2025-10-02 00:01:00,626 - Epoch  15 Validation set [recall@5: 0.0319 recall@10: 0.0540 recall@20: 0.0895 ] [ndcg@5: 0.0372 ndcg@10: 0.0441 ndcg@20: 0.0560 ] 
2025-10-02 00:01:17,101 - Epoch  18 Validation set [recall@5: 0.0320 recall@10: 0.0541 recall@20: 0.0896 ] [ndcg@5: 0.0374 ndcg@10: 0.0442 ndcg@20: 0.0561 ] 
2025-10-02 00:01:33,094 - Epoch  21 Validation set [recall@5: 0.0315 recall@10: 0.0553 recall@20: 0.0898 ] [ndcg@5: 0.0371 ndcg@10: 0.0448 ndcg@20: 0.0563 ] 
2025-10-02 00:01:48,505 - Epoch  24 Validation set [recall@5: 0.0319 recall@10: 0.0556 recall@20: 0.0913 ] [ndcg@5: 0.0376 ndcg@10: 0.0450 ndcg@20: 0.0570 ] 
2025-10-02 00:02:04,524 - Epoch  27 Validation set [recall@5: 0.0321 recall@10: 0.0566 recall@20: 0.0919 ] [ndcg@5: 0.0379 ndcg@10: 0.0456 ndcg@20: 0.0574 ] 
2025-10-02 00:02:19,915 - Epoch  30 Validation set [recall@5: 0.0331 recall@10: 0.0574 recall@20: 0.0925 ] [ndcg@5: 0.0385 ndcg@10: 0.0463 ndcg@20: 0.0581 ] 
2025-10-02 00:02:35,927 - Epoch  33 Validation set [recall@5: 0.0335 recall@10: 0.0570 recall@20: 0.0929 ] [ndcg@5: 0.0390 ndcg@10: 0.0464 ndcg@20: 0.0585 ] 
2025-10-02 00:02:51,975 - Epoch  36 Validation set [recall@5: 0.0337 recall@10: 0.0574 recall@20: 0.0944 ] [ndcg@5: 0.0396 ndcg@10: 0.0471 ndcg@20: 0.0594 ] 
2025-10-02 00:03:07,493 - Epoch  39 Validation set [recall@5: 0.0340 recall@10: 0.0571 recall@20: 0.0942 ] [ndcg@5: 0.0399 ndcg@10: 0.0471 ndcg@20: 0.0595 ] 
2025-10-02 00:03:21,857 - Epoch  42 Validation set [recall@5: 0.0340 recall@10: 0.0578 recall@20: 0.0946 ] [ndcg@5: 0.0402 ndcg@10: 0.0477 ndcg@20: 0.0600 ] 
2025-10-02 00:03:35,294 - Epoch  45 Validation set [recall@5: 0.0335 recall@10: 0.0586 recall@20: 0.0936 ] [ndcg@5: 0.0398 ndcg@10: 0.0479 ndcg@20: 0.0596 ] 
2025-10-02 00:03:48,513 - Epoch  48 Validation set [recall@5: 0.0341 recall@10: 0.0581 recall@20: 0.0951 ] [ndcg@5: 0.0406 ndcg@10: 0.0480 ndcg@20: 0.0603 ] 
2025-10-02 00:04:03,560 - Epoch  51 Validation set [recall@5: 0.0345 recall@10: 0.0585 recall@20: 0.0956 ] [ndcg@5: 0.0409 ndcg@10: 0.0483 ndcg@20: 0.0607 ] 
2025-10-02 00:04:20,642 - Epoch  54 Validation set [recall@5: 0.0341 recall@10: 0.0581 recall@20: 0.0955 ] [ndcg@5: 0.0408 ndcg@10: 0.0483 ndcg@20: 0.0608 ] 
2025-10-02 00:04:37,986 - Epoch  57 Validation set [recall@5: 0.0346 recall@10: 0.0588 recall@20: 0.0961 ] [ndcg@5: 0.0410 ndcg@10: 0.0485 ndcg@20: 0.0610 ] 
2025-10-02 00:04:55,316 - Epoch  60 Validation set [recall@5: 0.0349 recall@10: 0.0584 recall@20: 0.0961 ] [ndcg@5: 0.0409 ndcg@10: 0.0484 ndcg@20: 0.0610 ] 
2025-10-02 00:05:11,865 - Epoch  63 Validation set [recall@5: 0.0348 recall@10: 0.0587 recall@20: 0.0967 ] [ndcg@5: 0.0410 ndcg@10: 0.0486 ndcg@20: 0.0613 ] 
2025-10-02 00:05:28,716 - Epoch  66 Validation set [recall@5: 0.0342 recall@10: 0.0600 recall@20: 0.0967 ] [ndcg@5: 0.0409 ndcg@10: 0.0492 ndcg@20: 0.0615 ] 
2025-10-02 00:05:46,174 - Epoch  69 Validation set [recall@5: 0.0351 recall@10: 0.0596 recall@20: 0.0976 ] [ndcg@5: 0.0414 ndcg@10: 0.0492 ndcg@20: 0.0619 ] 
2025-10-02 00:06:02,295 - Epoch  72 Validation set [recall@5: 0.0348 recall@10: 0.0594 recall@20: 0.0972 ] [ndcg@5: 0.0411 ndcg@10: 0.0489 ndcg@20: 0.0615 ] 
2025-10-02 00:06:19,265 - Epoch  75 Validation set [recall@5: 0.0346 recall@10: 0.0591 recall@20: 0.0961 ] [ndcg@5: 0.0410 ndcg@10: 0.0488 ndcg@20: 0.0611 ] 
2025-10-02 00:06:37,013 - Epoch  78 Validation set [recall@5: 0.0351 recall@10: 0.0589 recall@20: 0.0967 ] [ndcg@5: 0.0416 ndcg@10: 0.0490 ndcg@20: 0.0616 ] 
2025-10-02 00:06:53,021 - Epoch  81 Validation set [recall@5: 0.0350 recall@10: 0.0600 recall@20: 0.0974 ] [ndcg@5: 0.0419 ndcg@10: 0.0498 ndcg@20: 0.0623 ] 
2025-10-02 00:07:09,981 - Epoch  84 Validation set [recall@5: 0.0355 recall@10: 0.0600 recall@20: 0.0976 ] [ndcg@5: 0.0418 ndcg@10: 0.0496 ndcg@20: 0.0622 ] 
2025-10-02 00:07:12,397 - [recall@5: 0.0326 recall@10: 0.0579 recall@20: 0.0936 ] [ndcg@5: 0.0390 ndcg@10: 0.0472 ndcg@20: 0.0593 ] 
2025-10-02 00:07:20,074 - Epoch   0 Validation set [recall@5: 0.0090 recall@10: 0.0144 recall@20: 0.0251 ] [ndcg@5: 0.0112 ndcg@10: 0.0126 ndcg@20: 0.0161 ] 
2025-10-02 00:07:35,778 - Epoch   3 Validation set [recall@5: 0.0252 recall@10: 0.0426 recall@20: 0.0670 ] [ndcg@5: 0.0307 ndcg@10: 0.0356 ndcg@20: 0.0436 ] 
2025-10-02 00:07:49,583 - Epoch   6 Validation set [recall@5: 0.0308 recall@10: 0.0513 recall@20: 0.0832 ] [ndcg@5: 0.0365 ndcg@10: 0.0429 ndcg@20: 0.0533 ] 
2025-10-02 00:08:05,571 - Epoch   9 Validation set [recall@5: 0.0317 recall@10: 0.0532 recall@20: 0.0850 ] [ndcg@5: 0.0369 ndcg@10: 0.0436 ndcg@20: 0.0542 ] 
2025-10-02 00:08:20,722 - Epoch  12 Validation set [recall@5: 0.0318 recall@10: 0.0543 recall@20: 0.0889 ] [ndcg@5: 0.0373 ndcg@10: 0.0443 ndcg@20: 0.0559 ] 
2025-10-02 00:08:37,088 - Epoch  15 Validation set [recall@5: 0.0329 recall@10: 0.0552 recall@20: 0.0918 ] [ndcg@5: 0.0381 ndcg@10: 0.0450 ndcg@20: 0.0572 ] 
2025-10-02 00:08:53,392 - Epoch  18 Validation set [recall@5: 0.0334 recall@10: 0.0555 recall@20: 0.0943 ] [ndcg@5: 0.0385 ndcg@10: 0.0453 ndcg@20: 0.0582 ] 
2025-10-02 00:09:10,261 - Epoch  21 Validation set [recall@5: 0.0339 recall@10: 0.0571 recall@20: 0.0968 ] [ndcg@5: 0.0394 ndcg@10: 0.0467 ndcg@20: 0.0599 ] 
2025-10-02 00:09:26,677 - Epoch  24 Validation set [recall@5: 0.0340 recall@10: 0.0577 recall@20: 0.0974 ] [ndcg@5: 0.0403 ndcg@10: 0.0476 ndcg@20: 0.0611 ] 
2025-10-02 00:09:42,966 - Epoch  27 Validation set [recall@5: 0.0354 recall@10: 0.0596 recall@20: 0.1008 ] [ndcg@5: 0.0414 ndcg@10: 0.0488 ndcg@20: 0.0627 ] 
2025-10-02 00:09:59,470 - Epoch  30 Validation set [recall@5: 0.0360 recall@10: 0.0614 recall@20: 0.1017 ] [ndcg@5: 0.0423 ndcg@10: 0.0502 ndcg@20: 0.0638 ] 
2025-10-02 00:10:14,808 - Epoch  33 Validation set [recall@5: 0.0380 recall@10: 0.0638 recall@20: 0.1045 ] [ndcg@5: 0.0446 ndcg@10: 0.0526 ndcg@20: 0.0663 ] 
2025-10-02 00:10:30,756 - Epoch  36 Validation set [recall@5: 0.0388 recall@10: 0.0655 recall@20: 0.1058 ] [ndcg@5: 0.0459 ndcg@10: 0.0540 ndcg@20: 0.0677 ] 
2025-10-02 00:10:47,427 - Epoch  39 Validation set [recall@5: 0.0397 recall@10: 0.0660 recall@20: 0.1092 ] [ndcg@5: 0.0468 ndcg@10: 0.0548 ndcg@20: 0.0694 ] 
2025-10-02 00:11:03,690 - Epoch  42 Validation set [recall@5: 0.0398 recall@10: 0.0675 recall@20: 0.1117 ] [ndcg@5: 0.0468 ndcg@10: 0.0556 ndcg@20: 0.0705 ] 
2025-10-02 00:11:19,173 - Epoch  45 Validation set [recall@5: 0.0399 recall@10: 0.0683 recall@20: 0.1123 ] [ndcg@5: 0.0476 ndcg@10: 0.0567 ndcg@20: 0.0715 ] 
2025-10-02 00:11:36,504 - Epoch  48 Validation set [recall@5: 0.0409 recall@10: 0.0694 recall@20: 0.1129 ] [ndcg@5: 0.0485 ndcg@10: 0.0573 ndcg@20: 0.0719 ] 
2025-10-02 00:11:52,343 - Epoch  51 Validation set [recall@5: 0.0408 recall@10: 0.0695 recall@20: 0.1151 ] [ndcg@5: 0.0492 ndcg@10: 0.0581 ndcg@20: 0.0734 ] 
2025-10-02 00:12:08,867 - Epoch  54 Validation set [recall@5: 0.0421 recall@10: 0.0705 recall@20: 0.1159 ] [ndcg@5: 0.0502 ndcg@10: 0.0589 ndcg@20: 0.0742 ] 
2025-10-02 00:12:25,202 - Epoch  57 Validation set [recall@5: 0.0424 recall@10: 0.0713 recall@20: 0.1157 ] [ndcg@5: 0.0503 ndcg@10: 0.0596 ndcg@20: 0.0745 ] 
2025-10-02 00:12:42,104 - Epoch  60 Validation set [recall@5: 0.0432 recall@10: 0.0721 recall@20: 0.1183 ] [ndcg@5: 0.0511 ndcg@10: 0.0601 ndcg@20: 0.0753 ] 
2025-10-02 00:12:57,973 - Epoch  63 Validation set [recall@5: 0.0434 recall@10: 0.0733 recall@20: 0.1187 ] [ndcg@5: 0.0515 ndcg@10: 0.0606 ndcg@20: 0.0758 ] 
2025-10-02 00:13:13,703 - Epoch  66 Validation set [recall@5: 0.0437 recall@10: 0.0735 recall@20: 0.1199 ] [ndcg@5: 0.0517 ndcg@10: 0.0609 ndcg@20: 0.0764 ] 
2025-10-02 00:13:30,446 - Epoch  69 Validation set [recall@5: 0.0442 recall@10: 0.0737 recall@20: 0.1204 ] [ndcg@5: 0.0519 ndcg@10: 0.0610 ndcg@20: 0.0767 ] 
2025-10-02 00:13:46,715 - Epoch  72 Validation set [recall@5: 0.0438 recall@10: 0.0741 recall@20: 0.1208 ] [ndcg@5: 0.0516 ndcg@10: 0.0610 ndcg@20: 0.0768 ] 
2025-10-02 00:14:02,185 - Epoch  75 Validation set [recall@5: 0.0441 recall@10: 0.0748 recall@20: 0.1218 ] [ndcg@5: 0.0521 ndcg@10: 0.0614 ndcg@20: 0.0773 ] 
2025-10-02 00:14:19,513 - Epoch  78 Validation set [recall@5: 0.0440 recall@10: 0.0750 recall@20: 0.1223 ] [ndcg@5: 0.0526 ndcg@10: 0.0622 ndcg@20: 0.0780 ] 
2025-10-02 00:14:36,199 - Epoch  81 Validation set [recall@5: 0.0445 recall@10: 0.0752 recall@20: 0.1224 ] [ndcg@5: 0.0525 ndcg@10: 0.0620 ndcg@20: 0.0780 ] 
2025-10-02 00:14:52,119 - Epoch  84 Validation set [recall@5: 0.0445 recall@10: 0.0744 recall@20: 0.1223 ] [ndcg@5: 0.0524 ndcg@10: 0.0615 ndcg@20: 0.0778 ] 
2025-10-02 00:15:08,689 - Epoch  87 Validation set [recall@5: 0.0451 recall@10: 0.0747 recall@20: 0.1229 ] [ndcg@5: 0.0530 ndcg@10: 0.0622 ndcg@20: 0.0785 ] 
2025-10-02 00:15:24,021 - Epoch  90 Validation set [recall@5: 0.0448 recall@10: 0.0748 recall@20: 0.1238 ] [ndcg@5: 0.0532 ndcg@10: 0.0625 ndcg@20: 0.0789 ] 
2025-10-02 00:15:39,795 - Epoch  93 Validation set [recall@5: 0.0458 recall@10: 0.0752 recall@20: 0.1247 ] [ndcg@5: 0.0537 ndcg@10: 0.0629 ndcg@20: 0.0795 ] 
2025-10-02 00:15:54,968 - Epoch  96 Validation set [recall@5: 0.0452 recall@10: 0.0758 recall@20: 0.1240 ] [ndcg@5: 0.0536 ndcg@10: 0.0631 ndcg@20: 0.0794 ] 
2025-10-02 00:16:12,410 - Epoch  99 Validation set [recall@5: 0.0461 recall@10: 0.0769 recall@20: 0.1242 ] [ndcg@5: 0.0545 ndcg@10: 0.0639 ndcg@20: 0.0798 ] 
2025-10-02 00:16:27,734 - Epoch 102 Validation set [recall@5: 0.0461 recall@10: 0.0768 recall@20: 0.1233 ] [ndcg@5: 0.0546 ndcg@10: 0.0639 ndcg@20: 0.0796 ] 
2025-10-02 00:16:43,964 - Epoch 105 Validation set [recall@5: 0.0464 recall@10: 0.0770 recall@20: 0.1243 ] [ndcg@5: 0.0549 ndcg@10: 0.0642 ndcg@20: 0.0799 ] 
2025-10-02 00:16:59,247 - Epoch 108 Validation set [recall@5: 0.0463 recall@10: 0.0767 recall@20: 0.1242 ] [ndcg@5: 0.0551 ndcg@10: 0.0642 ndcg@20: 0.0801 ] 
2025-10-02 00:17:01,678 - [recall@5: 0.0447 recall@10: 0.0744 recall@20: 0.1241 ] [ndcg@5: 0.0519 ndcg@10: 0.0610 ndcg@20: 0.0779 ] 
2025-10-02 00:17:08,891 - Epoch   0 Validation set [recall@5: 0.0091 recall@10: 0.0145 recall@20: 0.0250 ] [ndcg@5: 0.0111 ndcg@10: 0.0124 ndcg@20: 0.0158 ] 
2025-10-02 00:17:24,207 - Epoch   3 Validation set [recall@5: 0.0259 recall@10: 0.0429 recall@20: 0.0707 ] [ndcg@5: 0.0314 ndcg@10: 0.0361 ndcg@20: 0.0451 ] 
2025-10-02 00:17:39,199 - Epoch   6 Validation set [recall@5: 0.0294 recall@10: 0.0493 recall@20: 0.0814 ] [ndcg@5: 0.0350 ndcg@10: 0.0412 ndcg@20: 0.0519 ] 
2025-10-02 00:17:53,895 - Epoch   9 Validation set [recall@5: 0.0306 recall@10: 0.0510 recall@20: 0.0844 ] [ndcg@5: 0.0359 ndcg@10: 0.0424 ndcg@20: 0.0535 ] 
2025-10-02 00:18:10,181 - Epoch  12 Validation set [recall@5: 0.0316 recall@10: 0.0521 recall@20: 0.0872 ] [ndcg@5: 0.0370 ndcg@10: 0.0435 ndcg@20: 0.0552 ] 
2025-10-02 00:18:26,345 - Epoch  15 Validation set [recall@5: 0.0318 recall@10: 0.0537 recall@20: 0.0898 ] [ndcg@5: 0.0376 ndcg@10: 0.0445 ndcg@20: 0.0566 ] 
2025-10-02 00:18:42,231 - Epoch  18 Validation set [recall@5: 0.0324 recall@10: 0.0560 recall@20: 0.0916 ] [ndcg@5: 0.0381 ndcg@10: 0.0458 ndcg@20: 0.0576 ] 
2025-10-02 00:18:57,292 - Epoch  21 Validation set [recall@5: 0.0325 recall@10: 0.0569 recall@20: 0.0947 ] [ndcg@5: 0.0385 ndcg@10: 0.0466 ndcg@20: 0.0591 ] 
2025-10-02 00:19:13,699 - Epoch  24 Validation set [recall@5: 0.0335 recall@10: 0.0576 recall@20: 0.0952 ] [ndcg@5: 0.0396 ndcg@10: 0.0474 ndcg@20: 0.0599 ] 
2025-10-02 00:19:29,526 - Epoch  27 Validation set [recall@5: 0.0345 recall@10: 0.0584 recall@20: 0.0960 ] [ndcg@5: 0.0403 ndcg@10: 0.0480 ndcg@20: 0.0605 ] 
2025-10-02 00:19:46,073 - Epoch  30 Validation set [recall@5: 0.0351 recall@10: 0.0595 recall@20: 0.0975 ] [ndcg@5: 0.0407 ndcg@10: 0.0486 ndcg@20: 0.0612 ] 
2025-10-02 00:20:01,031 - Epoch  33 Validation set [recall@5: 0.0352 recall@10: 0.0607 recall@20: 0.0999 ] [ndcg@5: 0.0411 ndcg@10: 0.0495 ndcg@20: 0.0624 ] 
2025-10-02 00:20:16,603 - Epoch  36 Validation set [recall@5: 0.0353 recall@10: 0.0613 recall@20: 0.1010 ] [ndcg@5: 0.0416 ndcg@10: 0.0501 ndcg@20: 0.0633 ] 
2025-10-02 00:20:31,859 - Epoch  39 Validation set [recall@5: 0.0359 recall@10: 0.0619 recall@20: 0.1017 ] [ndcg@5: 0.0423 ndcg@10: 0.0508 ndcg@20: 0.0639 ] 
2025-10-02 00:20:47,856 - Epoch  42 Validation set [recall@5: 0.0359 recall@10: 0.0631 recall@20: 0.1016 ] [ndcg@5: 0.0427 ndcg@10: 0.0516 ndcg@20: 0.0644 ] 
2025-10-02 00:21:04,027 - Epoch  45 Validation set [recall@5: 0.0361 recall@10: 0.0631 recall@20: 0.1037 ] [ndcg@5: 0.0427 ndcg@10: 0.0515 ndcg@20: 0.0652 ] 
2025-10-02 00:21:17,978 - Epoch  48 Validation set [recall@5: 0.0367 recall@10: 0.0630 recall@20: 0.1036 ] [ndcg@5: 0.0432 ndcg@10: 0.0518 ndcg@20: 0.0655 ] 
2025-10-02 00:21:33,612 - Epoch  51 Validation set [recall@5: 0.0370 recall@10: 0.0640 recall@20: 0.1042 ] [ndcg@5: 0.0437 ndcg@10: 0.0524 ndcg@20: 0.0659 ] 
2025-10-02 00:21:49,196 - Epoch  54 Validation set [recall@5: 0.0374 recall@10: 0.0642 recall@20: 0.1049 ] [ndcg@5: 0.0439 ndcg@10: 0.0527 ndcg@20: 0.0664 ] 
2025-10-02 00:22:05,062 - Epoch  57 Validation set [recall@5: 0.0373 recall@10: 0.0657 recall@20: 0.1061 ] [ndcg@5: 0.0440 ndcg@10: 0.0535 ndcg@20: 0.0671 ] 
2025-10-02 00:22:20,123 - Epoch  60 Validation set [recall@5: 0.0382 recall@10: 0.0656 recall@20: 0.1066 ] [ndcg@5: 0.0451 ndcg@10: 0.0539 ndcg@20: 0.0676 ] 
2025-10-02 00:22:35,959 - Epoch  63 Validation set [recall@5: 0.0382 recall@10: 0.0658 recall@20: 0.1072 ] [ndcg@5: 0.0452 ndcg@10: 0.0539 ndcg@20: 0.0678 ] 
2025-10-02 00:22:52,326 - Epoch  66 Validation set [recall@5: 0.0383 recall@10: 0.0646 recall@20: 0.1071 ] [ndcg@5: 0.0459 ndcg@10: 0.0539 ndcg@20: 0.0682 ] 
2025-10-02 00:23:08,604 - Epoch  69 Validation set [recall@5: 0.0379 recall@10: 0.0649 recall@20: 0.1074 ] [ndcg@5: 0.0454 ndcg@10: 0.0537 ndcg@20: 0.0680 ] 
2025-10-02 00:23:25,257 - Epoch  72 Validation set [recall@5: 0.0388 recall@10: 0.0658 recall@20: 0.1081 ] [ndcg@5: 0.0463 ndcg@10: 0.0546 ndcg@20: 0.0687 ] 
2025-10-02 00:23:42,272 - Epoch  75 Validation set [recall@5: 0.0383 recall@10: 0.0656 recall@20: 0.1102 ] [ndcg@5: 0.0460 ndcg@10: 0.0545 ndcg@20: 0.0694 ] 
2025-10-02 00:23:57,522 - Epoch  78 Validation set [recall@5: 0.0386 recall@10: 0.0669 recall@20: 0.1099 ] [ndcg@5: 0.0456 ndcg@10: 0.0548 ndcg@20: 0.0693 ] 
2025-10-02 00:24:13,527 - Epoch  81 Validation set [recall@5: 0.0389 recall@10: 0.0666 recall@20: 0.1103 ] [ndcg@5: 0.0461 ndcg@10: 0.0550 ndcg@20: 0.0696 ] 
2025-10-02 00:24:30,158 - Epoch  84 Validation set [recall@5: 0.0388 recall@10: 0.0665 recall@20: 0.1101 ] [ndcg@5: 0.0461 ndcg@10: 0.0549 ndcg@20: 0.0696 ] 
2025-10-02 00:24:45,288 - Epoch  87 Validation set [recall@5: 0.0385 recall@10: 0.0674 recall@20: 0.1104 ] [ndcg@5: 0.0464 ndcg@10: 0.0554 ndcg@20: 0.0698 ] 
2025-10-02 00:25:00,866 - Epoch  90 Validation set [recall@5: 0.0394 recall@10: 0.0676 recall@20: 0.1105 ] [ndcg@5: 0.0471 ndcg@10: 0.0559 ndcg@20: 0.0703 ] 
2025-10-02 00:25:16,963 - Epoch  93 Validation set [recall@5: 0.0397 recall@10: 0.0672 recall@20: 0.1113 ] [ndcg@5: 0.0473 ndcg@10: 0.0556 ndcg@20: 0.0706 ] 
2025-10-02 00:25:32,406 - Epoch  96 Validation set [recall@5: 0.0402 recall@10: 0.0684 recall@20: 0.1113 ] [ndcg@5: 0.0473 ndcg@10: 0.0561 ndcg@20: 0.0706 ] 
2025-10-02 00:25:48,478 - Epoch  99 Validation set [recall@5: 0.0399 recall@10: 0.0681 recall@20: 0.1109 ] [ndcg@5: 0.0470 ndcg@10: 0.0559 ndcg@20: 0.0703 ] 
2025-10-02 00:26:04,122 - Epoch 102 Validation set [recall@5: 0.0400 recall@10: 0.0677 recall@20: 0.1110 ] [ndcg@5: 0.0475 ndcg@10: 0.0561 ndcg@20: 0.0707 ] 
2025-10-02 00:26:19,941 - Epoch 105 Validation set [recall@5: 0.0402 recall@10: 0.0687 recall@20: 0.1113 ] [ndcg@5: 0.0475 ndcg@10: 0.0565 ndcg@20: 0.0708 ] 
2025-10-02 00:26:35,689 - Epoch 108 Validation set [recall@5: 0.0406 recall@10: 0.0688 recall@20: 0.1134 ] [ndcg@5: 0.0476 ndcg@10: 0.0563 ndcg@20: 0.0713 ] 
2025-10-02 00:26:49,543 - Epoch 111 Validation set [recall@5: 0.0406 recall@10: 0.0691 recall@20: 0.1112 ] [ndcg@5: 0.0478 ndcg@10: 0.0566 ndcg@20: 0.0708 ] 
2025-10-02 00:27:04,089 - Epoch 114 Validation set [recall@5: 0.0403 recall@10: 0.0685 recall@20: 0.1116 ] [ndcg@5: 0.0476 ndcg@10: 0.0565 ndcg@20: 0.0710 ] 
2025-10-02 00:27:19,673 - Epoch 117 Validation set [recall@5: 0.0406 recall@10: 0.0687 recall@20: 0.1118 ] [ndcg@5: 0.0483 ndcg@10: 0.0568 ndcg@20: 0.0713 ] 
2025-10-02 00:27:35,562 - Epoch 120 Validation set [recall@5: 0.0406 recall@10: 0.0694 recall@20: 0.1120 ] [ndcg@5: 0.0480 ndcg@10: 0.0570 ndcg@20: 0.0712 ] 
2025-10-02 00:27:50,180 - Epoch 123 Validation set [recall@5: 0.0409 recall@10: 0.0691 recall@20: 0.1126 ] [ndcg@5: 0.0482 ndcg@10: 0.0568 ndcg@20: 0.0714 ] 
2025-10-02 00:27:51,750 - [recall@5: 0.0389 recall@10: 0.0663 recall@20: 0.1087 ] [ndcg@5: 0.0453 ndcg@10: 0.0540 ndcg@20: 0.0684 ] 
2025-10-02 00:27:57,852 - Epoch   0 Validation set [recall@5: 0.0087 recall@10: 0.0144 recall@20: 0.0244 ] [ndcg@5: 0.0108 ndcg@10: 0.0124 ndcg@20: 0.0158 ] 
2025-10-02 00:28:14,387 - Epoch   3 Validation set [recall@5: 0.0259 recall@10: 0.0448 recall@20: 0.0719 ] [ndcg@5: 0.0319 ndcg@10: 0.0374 ndcg@20: 0.0463 ] 
2025-10-02 00:28:30,693 - Epoch   6 Validation set [recall@5: 0.0299 recall@10: 0.0503 recall@20: 0.0818 ] [ndcg@5: 0.0355 ndcg@10: 0.0417 ndcg@20: 0.0523 ] 
2025-10-02 00:28:46,071 - Epoch   9 Validation set [recall@5: 0.0314 recall@10: 0.0523 recall@20: 0.0851 ] [ndcg@5: 0.0367 ndcg@10: 0.0431 ndcg@20: 0.0540 ] 
2025-10-02 00:29:00,717 - Epoch  12 Validation set [recall@5: 0.0320 recall@10: 0.0535 recall@20: 0.0881 ] [ndcg@5: 0.0373 ndcg@10: 0.0439 ndcg@20: 0.0554 ] 
2025-10-02 00:29:16,695 - Epoch  15 Validation set [recall@5: 0.0326 recall@10: 0.0542 recall@20: 0.0904 ] [ndcg@5: 0.0379 ndcg@10: 0.0444 ndcg@20: 0.0565 ] 
2025-10-02 00:29:32,419 - Epoch  18 Validation set [recall@5: 0.0323 recall@10: 0.0568 recall@20: 0.0930 ] [ndcg@5: 0.0381 ndcg@10: 0.0458 ndcg@20: 0.0578 ] 
2025-10-02 00:29:48,793 - Epoch  21 Validation set [recall@5: 0.0341 recall@10: 0.0569 recall@20: 0.0951 ] [ndcg@5: 0.0397 ndcg@10: 0.0467 ndcg@20: 0.0594 ] 
2025-10-02 00:30:04,025 - Epoch  24 Validation set [recall@5: 0.0339 recall@10: 0.0579 recall@20: 0.0950 ] [ndcg@5: 0.0401 ndcg@10: 0.0476 ndcg@20: 0.0601 ] 
2025-10-02 00:30:20,303 - Epoch  27 Validation set [recall@5: 0.0352 recall@10: 0.0589 recall@20: 0.0988 ] [ndcg@5: 0.0415 ndcg@10: 0.0488 ndcg@20: 0.0621 ] 
2025-10-02 00:30:35,182 - Epoch  30 Validation set [recall@5: 0.0365 recall@10: 0.0612 recall@20: 0.1016 ] [ndcg@5: 0.0427 ndcg@10: 0.0502 ndcg@20: 0.0639 ] 
2025-10-02 00:30:50,756 - Epoch  33 Validation set [recall@5: 0.0372 recall@10: 0.0623 recall@20: 0.1045 ] [ndcg@5: 0.0438 ndcg@10: 0.0513 ndcg@20: 0.0654 ] 
2025-10-02 00:31:06,614 - Epoch  36 Validation set [recall@5: 0.0385 recall@10: 0.0644 recall@20: 0.1071 ] [ndcg@5: 0.0445 ndcg@10: 0.0526 ndcg@20: 0.0670 ] 
2025-10-02 00:31:21,748 - Epoch  39 Validation set [recall@5: 0.0393 recall@10: 0.0652 recall@20: 0.1094 ] [ndcg@5: 0.0458 ndcg@10: 0.0535 ndcg@20: 0.0685 ] 
2025-10-02 00:31:37,734 - Epoch  42 Validation set [recall@5: 0.0393 recall@10: 0.0666 recall@20: 0.1101 ] [ndcg@5: 0.0468 ndcg@10: 0.0549 ndcg@20: 0.0695 ] 
2025-10-02 00:31:53,507 - Epoch  45 Validation set [recall@5: 0.0401 recall@10: 0.0681 recall@20: 0.1111 ] [ndcg@5: 0.0475 ndcg@10: 0.0560 ndcg@20: 0.0704 ] 
2025-10-02 00:32:09,918 - Epoch  48 Validation set [recall@5: 0.0398 recall@10: 0.0685 recall@20: 0.1124 ] [ndcg@5: 0.0478 ndcg@10: 0.0565 ndcg@20: 0.0716 ] 
2025-10-02 00:32:26,030 - Epoch  51 Validation set [recall@5: 0.0407 recall@10: 0.0692 recall@20: 0.1142 ] [ndcg@5: 0.0486 ndcg@10: 0.0574 ndcg@20: 0.0726 ] 
2025-10-02 00:32:41,782 - Epoch  54 Validation set [recall@5: 0.0411 recall@10: 0.0709 recall@20: 0.1160 ] [ndcg@5: 0.0494 ndcg@10: 0.0587 ndcg@20: 0.0737 ] 
2025-10-02 00:32:57,446 - Epoch  57 Validation set [recall@5: 0.0428 recall@10: 0.0704 recall@20: 0.1156 ] [ndcg@5: 0.0508 ndcg@10: 0.0591 ndcg@20: 0.0743 ] 
2025-10-02 00:33:14,374 - Epoch  60 Validation set [recall@5: 0.0430 recall@10: 0.0710 recall@20: 0.1167 ] [ndcg@5: 0.0514 ndcg@10: 0.0598 ndcg@20: 0.0752 ] 
2025-10-02 00:33:30,428 - Epoch  63 Validation set [recall@5: 0.0432 recall@10: 0.0721 recall@20: 0.1175 ] [ndcg@5: 0.0512 ndcg@10: 0.0603 ndcg@20: 0.0755 ] 
2025-10-02 00:33:46,386 - Epoch  66 Validation set [recall@5: 0.0425 recall@10: 0.0725 recall@20: 0.1196 ] [ndcg@5: 0.0507 ndcg@10: 0.0601 ndcg@20: 0.0759 ] 
2025-10-02 00:34:01,784 - Epoch  69 Validation set [recall@5: 0.0444 recall@10: 0.0726 recall@20: 0.1191 ] [ndcg@5: 0.0524 ndcg@10: 0.0608 ndcg@20: 0.0765 ] 
2025-10-02 00:34:17,155 - Epoch  72 Validation set [recall@5: 0.0443 recall@10: 0.0739 recall@20: 0.1203 ] [ndcg@5: 0.0523 ndcg@10: 0.0615 ndcg@20: 0.0770 ] 
2025-10-02 00:34:32,275 - Epoch  75 Validation set [recall@5: 0.0455 recall@10: 0.0743 recall@20: 0.1204 ] [ndcg@5: 0.0533 ndcg@10: 0.0620 ndcg@20: 0.0775 ] 
2025-10-02 00:34:47,709 - Epoch  78 Validation set [recall@5: 0.0452 recall@10: 0.0746 recall@20: 0.1206 ] [ndcg@5: 0.0532 ndcg@10: 0.0622 ndcg@20: 0.0776 ] 
