2026-06-13 23:07:38,737 - {'optimizer': {'name': 'adam', 'lr': 0.001, 'weight_decay': 0}, 'train': {'epoch': 3000, 'batch_size': 4096, 'save_model': True, 'loss': 'pairwise', 'test_step': 3, 'reproducible': True, 'seed': 2023, 'patience': 5}, 'test': {'metrics': ['recall', 'ndcg'], 'k': [5, 10, 20], 'batch_size': 1024}, 'data': {'type': 'general_agcf', 'name': 'yelp', 'mat_type': 'uai', 'pre_norm': True, 'user_num': 11091, 'item_num': 11010, 'user_item_num': 22101, 'attr_num': 2607}, 'model': {'name': 'lightgcn_rgcn', 'label': 'ori', 'keep_rate': 0.9, 'embedding_size': 64, 'use_unify_layer_num': True, 'layer_num': 3, 'reg_weight': 1e-06, 'amazon': {'keep_rate': 0.9, 'layer_num': 3, 'reg_weight': 1e-07, 'eps': 0.1}, 'yelp': {'keep_rate': 0.9, 'layer_num': 3, 'reg_weight': 1e-06, 'eps': 0.1}, 'steam': {'keep_rate': 0.8, 'layer_num': 3, 'reg_weight': 1e-07, 'eps': 0.2}, 'Office': {'keep_rate': 0.9, 'layer_num': 3, 'reg_weight': 5e-06, 'eps': 0.1}}}
2026-06-13 23:07:44,218 - Epoch   0 Validation set [recall@5: 0.0086 recall@10: 0.0149 recall@20: 0.0241 ] [ndcg@5: 0.0107 ndcg@10: 0.0126 ndcg@20: 0.0156 ] 
2026-06-13 23:07:53,495 - Epoch   3 Validation set [recall@5: 0.0224 recall@10: 0.0384 recall@20: 0.0597 ] [ndcg@5: 0.0265 ndcg@10: 0.0311 ndcg@20: 0.0381 ] 
2026-06-13 23:08:02,146 - Epoch   6 Validation set [recall@5: 0.0298 recall@10: 0.0487 recall@20: 0.0796 ] [ndcg@5: 0.0352 ndcg@10: 0.0409 ndcg@20: 0.0510 ] 
2026-06-13 23:08:11,324 - Epoch   9 Validation set [recall@5: 0.0303 recall@10: 0.0509 recall@20: 0.0831 ] [ndcg@5: 0.0357 ndcg@10: 0.0422 ndcg@20: 0.0529 ] 
2026-06-13 23:08:20,764 - Epoch  12 Validation set [recall@5: 0.0307 recall@10: 0.0518 recall@20: 0.0858 ] [ndcg@5: 0.0361 ndcg@10: 0.0426 ndcg@20: 0.0539 ] 
2026-06-13 23:08:29,633 - Epoch  15 Validation set [recall@5: 0.0316 recall@10: 0.0530 recall@20: 0.0875 ] [ndcg@5: 0.0366 ndcg@10: 0.0434 ndcg@20: 0.0548 ] 
2026-06-13 23:08:38,154 - Epoch  18 Validation set [recall@5: 0.0318 recall@10: 0.0537 recall@20: 0.0900 ] [ndcg@5: 0.0369 ndcg@10: 0.0440 ndcg@20: 0.0560 ] 
2026-06-13 23:08:46,716 - Epoch  21 Validation set [recall@5: 0.0321 recall@10: 0.0548 recall@20: 0.0922 ] [ndcg@5: 0.0375 ndcg@10: 0.0447 ndcg@20: 0.0572 ] 
2026-06-13 23:08:54,999 - Epoch  24 Validation set [recall@5: 0.0330 recall@10: 0.0564 recall@20: 0.0936 ] [ndcg@5: 0.0386 ndcg@10: 0.0461 ndcg@20: 0.0585 ] 
2026-06-13 23:09:03,467 - Epoch  27 Validation set [recall@5: 0.0339 recall@10: 0.0577 recall@20: 0.0946 ] [ndcg@5: 0.0398 ndcg@10: 0.0474 ndcg@20: 0.0598 ] 
2026-06-13 23:09:12,349 - Epoch  30 Validation set [recall@5: 0.0345 recall@10: 0.0583 recall@20: 0.0977 ] [ndcg@5: 0.0408 ndcg@10: 0.0483 ndcg@20: 0.0615 ] 
2026-06-13 23:09:22,030 - Epoch  33 Validation set [recall@5: 0.0360 recall@10: 0.0604 recall@20: 0.1011 ] [ndcg@5: 0.0424 ndcg@10: 0.0501 ndcg@20: 0.0636 ] 
2026-06-13 23:09:31,645 - Epoch  36 Validation set [recall@5: 0.0368 recall@10: 0.0621 recall@20: 0.1022 ] [ndcg@5: 0.0429 ndcg@10: 0.0509 ndcg@20: 0.0642 ] 
2026-06-13 23:09:40,384 - Epoch  39 Validation set [recall@5: 0.0375 recall@10: 0.0633 recall@20: 0.1038 ] [ndcg@5: 0.0438 ndcg@10: 0.0519 ndcg@20: 0.0654 ] 
2026-06-13 23:09:49,334 - Epoch  42 Validation set [recall@5: 0.0376 recall@10: 0.0646 recall@20: 0.1065 ] [ndcg@5: 0.0444 ndcg@10: 0.0531 ndcg@20: 0.0671 ] 
2026-06-13 23:09:57,522 - Epoch  45 Validation set [recall@5: 0.0394 recall@10: 0.0658 recall@20: 0.1071 ] [ndcg@5: 0.0456 ndcg@10: 0.0538 ndcg@20: 0.0677 ] 
2026-06-13 23:10:06,389 - Epoch  48 Validation set [recall@5: 0.0395 recall@10: 0.0668 recall@20: 0.1091 ] [ndcg@5: 0.0460 ndcg@10: 0.0545 ndcg@20: 0.0690 ] 
2026-06-13 23:10:15,494 - Epoch  51 Validation set [recall@5: 0.0399 recall@10: 0.0673 recall@20: 0.1102 ] [ndcg@5: 0.0471 ndcg@10: 0.0556 ndcg@20: 0.0701 ] 
2026-06-13 23:10:23,686 - Epoch  54 Validation set [recall@5: 0.0401 recall@10: 0.0688 recall@20: 0.1124 ] [ndcg@5: 0.0476 ndcg@10: 0.0567 ndcg@20: 0.0713 ] 
2026-06-13 23:10:31,889 - Epoch  57 Validation set [recall@5: 0.0406 recall@10: 0.0691 recall@20: 0.1135 ] [ndcg@5: 0.0483 ndcg@10: 0.0572 ndcg@20: 0.0722 ] 
2026-06-13 23:10:40,090 - Epoch  60 Validation set [recall@5: 0.0407 recall@10: 0.0696 recall@20: 0.1143 ] [ndcg@5: 0.0483 ndcg@10: 0.0574 ndcg@20: 0.0725 ] 
2026-06-13 23:10:49,361 - Epoch  63 Validation set [recall@5: 0.0422 recall@10: 0.0700 recall@20: 0.1151 ] [ndcg@5: 0.0492 ndcg@10: 0.0580 ndcg@20: 0.0734 ] 
2026-06-13 23:10:57,677 - Epoch  66 Validation set [recall@5: 0.0424 recall@10: 0.0709 recall@20: 0.1160 ] [ndcg@5: 0.0497 ndcg@10: 0.0587 ndcg@20: 0.0739 ] 
2026-06-13 23:11:05,810 - Epoch  69 Validation set [recall@5: 0.0418 recall@10: 0.0724 recall@20: 0.1156 ] [ndcg@5: 0.0499 ndcg@10: 0.0596 ndcg@20: 0.0742 ] 
2026-06-13 23:11:13,986 - Epoch  72 Validation set [recall@5: 0.0425 recall@10: 0.0722 recall@20: 0.1173 ] [ndcg@5: 0.0504 ndcg@10: 0.0598 ndcg@20: 0.0751 ] 
2026-06-13 23:11:22,312 - Epoch  75 Validation set [recall@5: 0.0433 recall@10: 0.0732 recall@20: 0.1178 ] [ndcg@5: 0.0514 ndcg@10: 0.0607 ndcg@20: 0.0758 ] 
2026-06-13 23:11:30,657 - Epoch  78 Validation set [recall@5: 0.0437 recall@10: 0.0734 recall@20: 0.1188 ] [ndcg@5: 0.0518 ndcg@10: 0.0611 ndcg@20: 0.0763 ] 
2026-06-13 23:11:39,255 - Epoch  81 Validation set [recall@5: 0.0441 recall@10: 0.0739 recall@20: 0.1199 ] [ndcg@5: 0.0523 ndcg@10: 0.0616 ndcg@20: 0.0771 ] 
2026-06-13 23:11:48,197 - Epoch  84 Validation set [recall@5: 0.0443 recall@10: 0.0743 recall@20: 0.1212 ] [ndcg@5: 0.0522 ndcg@10: 0.0617 ndcg@20: 0.0776 ] 
2026-06-13 23:11:56,660 - Epoch  87 Validation set [recall@5: 0.0449 recall@10: 0.0743 recall@20: 0.1213 ] [ndcg@5: 0.0523 ndcg@10: 0.0614 ndcg@20: 0.0775 ] 
2026-06-13 23:12:05,918 - Epoch  90 Validation set [recall@5: 0.0451 recall@10: 0.0746 recall@20: 0.1223 ] [ndcg@5: 0.0527 ndcg@10: 0.0618 ndcg@20: 0.0779 ] 
2026-06-13 23:12:14,909 - Epoch  93 Validation set [recall@5: 0.0449 recall@10: 0.0755 recall@20: 0.1234 ] [ndcg@5: 0.0528 ndcg@10: 0.0622 ndcg@20: 0.0784 ] 
2026-06-13 23:12:23,252 - Epoch  96 Validation set [recall@5: 0.0448 recall@10: 0.0757 recall@20: 0.1231 ] [ndcg@5: 0.0525 ndcg@10: 0.0622 ndcg@20: 0.0782 ] 
2026-06-13 23:12:32,432 - Epoch  99 Validation set [recall@5: 0.0449 recall@10: 0.0755 recall@20: 0.1232 ] [ndcg@5: 0.0528 ndcg@10: 0.0624 ndcg@20: 0.0786 ] 
2026-06-13 23:12:40,543 - Epoch 102 Validation set [recall@5: 0.0458 recall@10: 0.0761 recall@20: 0.1236 ] [ndcg@5: 0.0537 ndcg@10: 0.0631 ndcg@20: 0.0791 ] 
2026-06-13 23:12:48,980 - Epoch 105 Validation set [recall@5: 0.0464 recall@10: 0.0770 recall@20: 0.1240 ] [ndcg@5: 0.0541 ndcg@10: 0.0634 ndcg@20: 0.0792 ] 
2026-06-13 23:12:57,036 - Epoch 108 Validation set [recall@5: 0.0461 recall@10: 0.0773 recall@20: 0.1237 ] [ndcg@5: 0.0541 ndcg@10: 0.0638 ndcg@20: 0.0796 ] 
2026-06-13 23:13:05,092 - Epoch 111 Validation set [recall@5: 0.0461 recall@10: 0.0767 recall@20: 0.1239 ] [ndcg@5: 0.0543 ndcg@10: 0.0635 ndcg@20: 0.0794 ] 
2026-06-13 23:13:14,318 - Epoch 114 Validation set [recall@5: 0.0471 recall@10: 0.0767 recall@20: 0.1266 ] [ndcg@5: 0.0549 ndcg@10: 0.0638 ndcg@20: 0.0806 ] 
2026-06-13 23:13:22,499 - Epoch 117 Validation set [recall@5: 0.0474 recall@10: 0.0775 recall@20: 0.1262 ] [ndcg@5: 0.0556 ndcg@10: 0.0645 ndcg@20: 0.0810 ] 
2026-06-13 23:13:30,583 - Epoch 120 Validation set [recall@5: 0.0469 recall@10: 0.0785 recall@20: 0.1269 ] [ndcg@5: 0.0551 ndcg@10: 0.0648 ndcg@20: 0.0812 ] 
2026-06-13 23:13:39,477 - Epoch 123 Validation set [recall@5: 0.0478 recall@10: 0.0791 recall@20: 0.1263 ] [ndcg@5: 0.0553 ndcg@10: 0.0650 ndcg@20: 0.0809 ] 
2026-06-13 23:13:47,528 - Epoch 126 Validation set [recall@5: 0.0465 recall@10: 0.0794 recall@20: 0.1272 ] [ndcg@5: 0.0550 ndcg@10: 0.0653 ndcg@20: 0.0814 ] 
2026-06-13 23:13:55,674 - Epoch 129 Validation set [recall@5: 0.0458 recall@10: 0.0790 recall@20: 0.1276 ] [ndcg@5: 0.0546 ndcg@10: 0.0650 ndcg@20: 0.0814 ] 
2026-06-13 23:14:04,831 - Epoch 132 Validation set [recall@5: 0.0466 recall@10: 0.0796 recall@20: 0.1280 ] [ndcg@5: 0.0547 ndcg@10: 0.0652 ndcg@20: 0.0814 ] 
2026-06-13 23:14:13,240 - Epoch 135 Validation set [recall@5: 0.0470 recall@10: 0.0791 recall@20: 0.1283 ] [ndcg@5: 0.0552 ndcg@10: 0.0652 ndcg@20: 0.0817 ] 
2026-06-13 23:14:22,401 - Epoch 138 Validation set [recall@5: 0.0466 recall@10: 0.0796 recall@20: 0.1278 ] [ndcg@5: 0.0556 ndcg@10: 0.0659 ndcg@20: 0.0820 ] 
2026-06-13 23:14:32,074 - Epoch 141 Validation set [recall@5: 0.0478 recall@10: 0.0803 recall@20: 0.1276 ] [ndcg@5: 0.0561 ndcg@10: 0.0662 ndcg@20: 0.0821 ] 
2026-06-13 23:14:41,014 - Epoch 144 Validation set [recall@5: 0.0472 recall@10: 0.0804 recall@20: 0.1284 ] [ndcg@5: 0.0561 ndcg@10: 0.0662 ndcg@20: 0.0824 ] 
2026-06-13 23:14:49,973 - Epoch 147 Validation set [recall@5: 0.0471 recall@10: 0.0804 recall@20: 0.1294 ] [ndcg@5: 0.0558 ndcg@10: 0.0658 ndcg@20: 0.0824 ] 
2026-06-13 23:14:58,394 - Epoch 150 Validation set [recall@5: 0.0473 recall@10: 0.0807 recall@20: 0.1298 ] [ndcg@5: 0.0557 ndcg@10: 0.0660 ndcg@20: 0.0825 ] 
2026-06-13 23:15:06,452 - Epoch 153 Validation set [recall@5: 0.0479 recall@10: 0.0795 recall@20: 0.1298 ] [ndcg@5: 0.0560 ndcg@10: 0.0657 ndcg@20: 0.0826 ] 
2026-06-13 23:15:14,714 - Epoch 156 Validation set [recall@5: 0.0477 recall@10: 0.0802 recall@20: 0.1284 ] [ndcg@5: 0.0561 ndcg@10: 0.0662 ndcg@20: 0.0822 ] 
2026-06-13 23:15:22,876 - Epoch 159 Validation set [recall@5: 0.0468 recall@10: 0.0802 recall@20: 0.1293 ] [ndcg@5: 0.0554 ndcg@10: 0.0658 ndcg@20: 0.0822 ] 
2026-06-13 23:15:30,785 - Epoch 162 Validation set [recall@5: 0.0469 recall@10: 0.0795 recall@20: 0.1292 ] [ndcg@5: 0.0549 ndcg@10: 0.0649 ndcg@20: 0.0816 ] 
2026-06-13 23:15:39,086 - Epoch 165 Validation set [recall@5: 0.0472 recall@10: 0.0794 recall@20: 0.1298 ] [ndcg@5: 0.0548 ndcg@10: 0.0648 ndcg@20: 0.0818 ] 
2026-06-13 23:15:40,723 - [recall@5: 0.0473 recall@10: 0.0807 recall@20: 0.1298 ] [ndcg@5: 0.0557 ndcg@10: 0.0660 ndcg@20: 0.0825 ] 
2026-06-13 23:15:42,366 - [recall@5: 0.0453 recall@10: 0.0785 recall@20: 0.1282 ] [ndcg@5: 0.0530 ndcg@10: 0.0641 ndcg@20: 0.0810 ] 
2026-06-13 23:15:42,376 - Save model parameters to ./encoder/checkpoint/lightgcn_rgcn/lightgcn_rgcn-yelp-2023.pth
2026-06-13 23:15:42,376 - Best Epoch 150. Final test result: {'recall': array([0.04529909, 0.07849665, 0.12817064]), 'ndcg': array([0.05301371, 0.06406492, 0.08099571])}.
