2025-09-29 20:24:16,044 - {'optimizer': {'name': 'adam', 'lr': 0.001, 'weight_decay': 0}, 'train': {'epoch': 3000, 'batch_size': 4096, 'save_model': True, 'loss': 'pairwise', 'test_step': 3, 'reproducible': True, 'seed': 2023, 'patience': 5}, 'test': {'metrics': ['recall', 'ndcg'], 'k': [5, 10, 20], 'batch_size': 1024}, 'data': {'type': 'general_agcf', 'name': 'yelp', 'mat_type': 'uai', 'pre_norm': True, 'user_num': 11091, 'item_num': 11010, 'user_item_num': 22101, 'attr_num': 2607}, 'model': {'name': 'lightgcn_rgcn', 'label': 'ori', 'keep_rate': 0.9, 'embedding_size': 64, 'use_unify_layer_num': True, 'layer_num': 3, 'reg_weight': 1e-07, 'amazon': {'keep_rate': 0.9, 'layer_num': 3, 'reg_weight': 1e-07, 'eps': 0.1}, 'yelp': {'keep_rate': 0.9, 'layer_num': 3, 'reg_weight': 1e-07, 'eps': 0.2}, 'steam': {'keep_rate': 0.8, 'layer_num': 3, 'reg_weight': 1e-07, 'eps': 0.2}, 'Office': {'keep_rate': 0.9, 'layer_num': 3, 'reg_weight': 1e-06, 'eps': 0.1}}}
2025-09-29 20:24:21,690 - Epoch   0 Validation set [recall@5: 0.0083 recall@10: 0.0152 recall@20: 0.0244 ] [ndcg@5: 0.0105 ndcg@10: 0.0127 ndcg@20: 0.0157 ] 
2025-09-29 20:24:30,602 - Epoch   3 Validation set [recall@5: 0.0228 recall@10: 0.0385 recall@20: 0.0604 ] [ndcg@5: 0.0266 ndcg@10: 0.0310 ndcg@20: 0.0382 ] 
2025-09-29 20:24:39,468 - Epoch   6 Validation set [recall@5: 0.0297 recall@10: 0.0488 recall@20: 0.0793 ] [ndcg@5: 0.0351 ndcg@10: 0.0409 ndcg@20: 0.0509 ] 
2025-09-29 20:24:48,740 - Epoch   9 Validation set [recall@5: 0.0299 recall@10: 0.0509 recall@20: 0.0831 ] [ndcg@5: 0.0357 ndcg@10: 0.0422 ndcg@20: 0.0529 ] 
2025-09-29 20:24:57,566 - Epoch  12 Validation set [recall@5: 0.0307 recall@10: 0.0518 recall@20: 0.0862 ] [ndcg@5: 0.0360 ndcg@10: 0.0426 ndcg@20: 0.0540 ] 
2025-09-29 20:25:06,880 - Epoch  15 Validation set [recall@5: 0.0314 recall@10: 0.0527 recall@20: 0.0883 ] [ndcg@5: 0.0364 ndcg@10: 0.0432 ndcg@20: 0.0549 ] 
2025-09-29 20:25:15,810 - Epoch  18 Validation set [recall@5: 0.0314 recall@10: 0.0536 recall@20: 0.0907 ] [ndcg@5: 0.0366 ndcg@10: 0.0439 ndcg@20: 0.0561 ] 
2025-09-29 20:25:24,981 - Epoch  21 Validation set [recall@5: 0.0321 recall@10: 0.0548 recall@20: 0.0932 ] [ndcg@5: 0.0375 ndcg@10: 0.0448 ndcg@20: 0.0576 ] 
2025-09-29 20:25:34,618 - Epoch  24 Validation set [recall@5: 0.0326 recall@10: 0.0566 recall@20: 0.0938 ] [ndcg@5: 0.0381 ndcg@10: 0.0459 ndcg@20: 0.0584 ] 
2025-09-29 20:25:44,319 - Epoch  27 Validation set [recall@5: 0.0341 recall@10: 0.0584 recall@20: 0.0964 ] [ndcg@5: 0.0400 ndcg@10: 0.0477 ndcg@20: 0.0605 ] 
2025-09-29 20:25:53,659 - Epoch  30 Validation set [recall@5: 0.0350 recall@10: 0.0583 recall@20: 0.0988 ] [ndcg@5: 0.0413 ndcg@10: 0.0486 ndcg@20: 0.0621 ] 
2025-09-29 20:26:02,872 - Epoch  33 Validation set [recall@5: 0.0367 recall@10: 0.0607 recall@20: 0.1022 ] [ndcg@5: 0.0429 ndcg@10: 0.0502 ndcg@20: 0.0640 ] 
2025-09-29 20:26:12,749 - Epoch  36 Validation set [recall@5: 0.0368 recall@10: 0.0622 recall@20: 0.1029 ] [ndcg@5: 0.0431 ndcg@10: 0.0512 ndcg@20: 0.0646 ] 
2025-09-29 20:26:21,929 - Epoch  39 Validation set [recall@5: 0.0372 recall@10: 0.0635 recall@20: 0.1058 ] [ndcg@5: 0.0439 ndcg@10: 0.0522 ndcg@20: 0.0663 ] 
2025-09-29 20:26:30,779 - Epoch  42 Validation set [recall@5: 0.0384 recall@10: 0.0653 recall@20: 0.1063 ] [ndcg@5: 0.0446 ndcg@10: 0.0534 ndcg@20: 0.0672 ] 
2025-09-29 20:26:40,598 - Epoch  45 Validation set [recall@5: 0.0404 recall@10: 0.0658 recall@20: 0.1078 ] [ndcg@5: 0.0465 ndcg@10: 0.0543 ndcg@20: 0.0685 ] 
2025-09-29 20:26:50,356 - Epoch  48 Validation set [recall@5: 0.0399 recall@10: 0.0674 recall@20: 0.1092 ] [ndcg@5: 0.0467 ndcg@10: 0.0554 ndcg@20: 0.0696 ] 
2025-09-29 20:27:00,201 - Epoch  51 Validation set [recall@5: 0.0401 recall@10: 0.0678 recall@20: 0.1104 ] [ndcg@5: 0.0474 ndcg@10: 0.0560 ndcg@20: 0.0703 ] 
2025-09-29 20:27:09,993 - Epoch  54 Validation set [recall@5: 0.0404 recall@10: 0.0687 recall@20: 0.1128 ] [ndcg@5: 0.0482 ndcg@10: 0.0569 ndcg@20: 0.0717 ] 
2025-09-29 20:27:19,973 - Epoch  57 Validation set [recall@5: 0.0410 recall@10: 0.0694 recall@20: 0.1140 ] [ndcg@5: 0.0486 ndcg@10: 0.0574 ndcg@20: 0.0725 ] 
2025-09-29 20:27:29,353 - Epoch  60 Validation set [recall@5: 0.0417 recall@10: 0.0701 recall@20: 0.1152 ] [ndcg@5: 0.0491 ndcg@10: 0.0580 ndcg@20: 0.0732 ] 
2025-09-29 20:27:39,341 - Epoch  63 Validation set [recall@5: 0.0421 recall@10: 0.0708 recall@20: 0.1154 ] [ndcg@5: 0.0495 ndcg@10: 0.0585 ndcg@20: 0.0736 ] 
2025-09-29 20:27:48,407 - Epoch  66 Validation set [recall@5: 0.0424 recall@10: 0.0717 recall@20: 0.1162 ] [ndcg@5: 0.0499 ndcg@10: 0.0593 ndcg@20: 0.0744 ] 
2025-09-29 20:27:57,268 - Epoch  69 Validation set [recall@5: 0.0429 recall@10: 0.0720 recall@20: 0.1164 ] [ndcg@5: 0.0508 ndcg@10: 0.0598 ndcg@20: 0.0748 ] 
2025-09-29 20:28:05,879 - Epoch  72 Validation set [recall@5: 0.0435 recall@10: 0.0727 recall@20: 0.1176 ] [ndcg@5: 0.0514 ndcg@10: 0.0604 ndcg@20: 0.0757 ] 
2025-09-29 20:28:14,137 - Epoch  75 Validation set [recall@5: 0.0437 recall@10: 0.0733 recall@20: 0.1199 ] [ndcg@5: 0.0518 ndcg@10: 0.0609 ndcg@20: 0.0767 ] 
2025-09-29 20:28:21,914 - Epoch  78 Validation set [recall@5: 0.0437 recall@10: 0.0743 recall@20: 0.1197 ] [ndcg@5: 0.0523 ndcg@10: 0.0618 ndcg@20: 0.0771 ] 
2025-09-29 20:28:29,761 - Epoch  81 Validation set [recall@5: 0.0444 recall@10: 0.0742 recall@20: 0.1208 ] [ndcg@5: 0.0526 ndcg@10: 0.0617 ndcg@20: 0.0774 ] 
2025-09-29 20:28:37,575 - Epoch  84 Validation set [recall@5: 0.0440 recall@10: 0.0739 recall@20: 0.1214 ] [ndcg@5: 0.0525 ndcg@10: 0.0616 ndcg@20: 0.0777 ] 
2025-09-29 20:28:45,348 - Epoch  87 Validation set [recall@5: 0.0446 recall@10: 0.0747 recall@20: 0.1215 ] [ndcg@5: 0.0526 ndcg@10: 0.0618 ndcg@20: 0.0775 ] 
2025-09-29 20:28:53,228 - Epoch  90 Validation set [recall@5: 0.0442 recall@10: 0.0752 recall@20: 0.1225 ] [ndcg@5: 0.0527 ndcg@10: 0.0623 ndcg@20: 0.0782 ] 
2025-09-29 20:29:01,794 - Epoch  93 Validation set [recall@5: 0.0445 recall@10: 0.0752 recall@20: 0.1237 ] [ndcg@5: 0.0526 ndcg@10: 0.0622 ndcg@20: 0.0785 ] 
2025-09-29 20:29:09,608 - Epoch  96 Validation set [recall@5: 0.0443 recall@10: 0.0749 recall@20: 0.1220 ] [ndcg@5: 0.0524 ndcg@10: 0.0618 ndcg@20: 0.0778 ] 
2025-09-29 20:29:17,396 - Epoch  99 Validation set [recall@5: 0.0450 recall@10: 0.0756 recall@20: 0.1227 ] [ndcg@5: 0.0530 ndcg@10: 0.0624 ndcg@20: 0.0783 ] 
2025-09-29 20:29:25,290 - Epoch 102 Validation set [recall@5: 0.0455 recall@10: 0.0751 recall@20: 0.1231 ] [ndcg@5: 0.0537 ndcg@10: 0.0626 ndcg@20: 0.0789 ] 
2025-09-29 20:29:33,109 - Epoch 105 Validation set [recall@5: 0.0458 recall@10: 0.0758 recall@20: 0.1230 ] [ndcg@5: 0.0541 ndcg@10: 0.0632 ndcg@20: 0.0791 ] 
2025-09-29 20:29:40,945 - Epoch 108 Validation set [recall@5: 0.0453 recall@10: 0.0765 recall@20: 0.1233 ] [ndcg@5: 0.0540 ndcg@10: 0.0633 ndcg@20: 0.0791 ] 
2025-09-29 20:29:42,439 - [recall@5: 0.0445 recall@10: 0.0752 recall@20: 0.1237 ] [ndcg@5: 0.0526 ndcg@10: 0.0622 ndcg@20: 0.0785 ] 
2025-09-29 20:29:43,966 - [recall@5: 0.0450 recall@10: 0.0757 recall@20: 0.1240 ] [ndcg@5: 0.0526 ndcg@10: 0.0623 ndcg@20: 0.0786 ] 
2025-09-29 20:29:43,974 - Save model parameters to ./encoder/checkpoint/lightgcn_rgcn/lightgcn_rgcn-yelp-2023.pth
2025-09-29 20:29:43,975 - Best Epoch 93. Final test result: {'recall': array([0.04499846, 0.07574191, 0.12396972]), 'ndcg': array([0.05255592, 0.06228115, 0.07861474])}.
