2025-10-02 15:47:19,138 - {'optimizer': {'name': 'adam', 'lr': 0.001, 'weight_decay': 0}, 'train': {'epoch': 3000, 'batch_size': 4096, 'save_model': True, 'loss': 'pairwise', 'test_step': 3, 'reproducible': True, 'seed': 2023, 'patience': 5}, 'test': {'metrics': ['recall', 'ndcg'], 'k': [5, 10, 20], 'batch_size': 1024}, 'data': {'type': 'general_agcf', 'name': 'yelp', 'mat_type': 'uai', 'pre_norm': True, 'user_num': 11091, 'item_num': 11010, 'user_item_num': 22101, 'attr_num': 2607}, 'model': {'name': 'lightgcn_rgcn', 'label': 'ori', 'keep_rate': 0.9, 'embedding_size': 64, 'use_unify_layer_num': True, 'layer_num': 2, 'reg_weight': 1e-06, 'amazon': {'keep_rate': 0.9, 'layer_num': 3, 'reg_weight': 1e-07, 'eps': 0.1}, 'yelp': {'keep_rate': 0.9, 'layer_num': 2, 'reg_weight': 1e-06, 'eps': 0.1}, 'steam': {'keep_rate': 0.8, 'layer_num': 3, 'reg_weight': 1e-07, 'eps': 0.2}, 'Office': {'keep_rate': 0.9, 'layer_num': 3, 'reg_weight': 5e-06, 'eps': 0.1}}}
2025-10-02 15:47:26,260 - Epoch   0 Validation set [recall@5: 0.0108 recall@10: 0.0178 recall@20: 0.0275 ] [ndcg@5: 0.0129 ndcg@10: 0.0148 ndcg@20: 0.0180 ] 
2025-10-02 15:47:37,902 - Epoch   3 Validation set [recall@5: 0.0260 recall@10: 0.0448 recall@20: 0.0727 ] [ndcg@5: 0.0316 ndcg@10: 0.0371 ndcg@20: 0.0464 ] 
2025-10-02 15:47:47,752 - Epoch   6 Validation set [recall@5: 0.0304 recall@10: 0.0510 recall@20: 0.0820 ] [ndcg@5: 0.0360 ndcg@10: 0.0425 ndcg@20: 0.0526 ] 
2025-10-02 15:47:58,575 - Epoch   9 Validation set [recall@5: 0.0307 recall@10: 0.0512 recall@20: 0.0855 ] [ndcg@5: 0.0364 ndcg@10: 0.0428 ndcg@20: 0.0543 ] 
2025-10-02 15:48:09,318 - Epoch  12 Validation set [recall@5: 0.0311 recall@10: 0.0525 recall@20: 0.0866 ] [ndcg@5: 0.0365 ndcg@10: 0.0431 ndcg@20: 0.0546 ] 
2025-10-02 15:48:19,806 - Epoch  15 Validation set [recall@5: 0.0317 recall@10: 0.0540 recall@20: 0.0876 ] [ndcg@5: 0.0366 ndcg@10: 0.0438 ndcg@20: 0.0550 ] 
2025-10-02 15:48:30,908 - Epoch  18 Validation set [recall@5: 0.0314 recall@10: 0.0537 recall@20: 0.0896 ] [ndcg@5: 0.0364 ndcg@10: 0.0437 ndcg@20: 0.0558 ] 
2025-10-02 15:48:42,455 - Epoch  21 Validation set [recall@5: 0.0320 recall@10: 0.0551 recall@20: 0.0911 ] [ndcg@5: 0.0370 ndcg@10: 0.0445 ndcg@20: 0.0566 ] 
2025-10-02 15:48:53,648 - Epoch  24 Validation set [recall@5: 0.0323 recall@10: 0.0554 recall@20: 0.0921 ] [ndcg@5: 0.0376 ndcg@10: 0.0451 ndcg@20: 0.0576 ] 
2025-10-02 15:49:04,803 - Epoch  27 Validation set [recall@5: 0.0337 recall@10: 0.0568 recall@20: 0.0937 ] [ndcg@5: 0.0388 ndcg@10: 0.0462 ndcg@20: 0.0587 ] 
2025-10-02 15:49:15,094 - Epoch  30 Validation set [recall@5: 0.0347 recall@10: 0.0577 recall@20: 0.0964 ] [ndcg@5: 0.0402 ndcg@10: 0.0475 ndcg@20: 0.0603 ] 
2025-10-02 15:49:26,639 - Epoch  33 Validation set [recall@5: 0.0348 recall@10: 0.0593 recall@20: 0.0998 ] [ndcg@5: 0.0413 ndcg@10: 0.0490 ndcg@20: 0.0626 ] 
2025-10-02 15:49:37,453 - Epoch  36 Validation set [recall@5: 0.0364 recall@10: 0.0603 recall@20: 0.0998 ] [ndcg@5: 0.0422 ndcg@10: 0.0496 ndcg@20: 0.0629 ] 
2025-10-02 15:49:48,845 - Epoch  39 Validation set [recall@5: 0.0357 recall@10: 0.0614 recall@20: 0.1017 ] [ndcg@5: 0.0423 ndcg@10: 0.0504 ndcg@20: 0.0638 ] 
2025-10-02 15:50:00,168 - Epoch  42 Validation set [recall@5: 0.0366 recall@10: 0.0630 recall@20: 0.1044 ] [ndcg@5: 0.0434 ndcg@10: 0.0518 ndcg@20: 0.0656 ] 
2025-10-02 15:50:12,190 - Epoch  45 Validation set [recall@5: 0.0381 recall@10: 0.0641 recall@20: 0.1050 ] [ndcg@5: 0.0445 ndcg@10: 0.0527 ndcg@20: 0.0664 ] 
2025-10-02 15:50:23,104 - Epoch  48 Validation set [recall@5: 0.0379 recall@10: 0.0647 recall@20: 0.1074 ] [ndcg@5: 0.0445 ndcg@10: 0.0530 ndcg@20: 0.0673 ] 
2025-10-02 15:50:34,251 - Epoch  51 Validation set [recall@5: 0.0383 recall@10: 0.0649 recall@20: 0.1075 ] [ndcg@5: 0.0458 ndcg@10: 0.0542 ndcg@20: 0.0685 ] 
2025-10-02 15:50:45,262 - Epoch  54 Validation set [recall@5: 0.0389 recall@10: 0.0660 recall@20: 0.1092 ] [ndcg@5: 0.0463 ndcg@10: 0.0548 ndcg@20: 0.0693 ] 
2025-10-02 15:50:56,142 - Epoch  57 Validation set [recall@5: 0.0383 recall@10: 0.0667 recall@20: 0.1096 ] [ndcg@5: 0.0466 ndcg@10: 0.0555 ndcg@20: 0.0701 ] 
2025-10-02 15:51:06,129 - Epoch  60 Validation set [recall@5: 0.0384 recall@10: 0.0668 recall@20: 0.1100 ] [ndcg@5: 0.0462 ndcg@10: 0.0553 ndcg@20: 0.0699 ] 
2025-10-02 15:51:17,405 - Epoch  63 Validation set [recall@5: 0.0392 recall@10: 0.0675 recall@20: 0.1110 ] [ndcg@5: 0.0466 ndcg@10: 0.0557 ndcg@20: 0.0706 ] 
2025-10-02 15:51:28,589 - Epoch  66 Validation set [recall@5: 0.0395 recall@10: 0.0677 recall@20: 0.1120 ] [ndcg@5: 0.0473 ndcg@10: 0.0563 ndcg@20: 0.0713 ] 
2025-10-02 15:51:38,754 - Epoch  69 Validation set [recall@5: 0.0399 recall@10: 0.0676 recall@20: 0.1128 ] [ndcg@5: 0.0479 ndcg@10: 0.0566 ndcg@20: 0.0719 ] 
2025-10-02 15:51:48,830 - Epoch  72 Validation set [recall@5: 0.0400 recall@10: 0.0689 recall@20: 0.1144 ] [ndcg@5: 0.0480 ndcg@10: 0.0573 ndcg@20: 0.0728 ] 
2025-10-02 15:51:59,521 - Epoch  75 Validation set [recall@5: 0.0409 recall@10: 0.0693 recall@20: 0.1155 ] [ndcg@5: 0.0489 ndcg@10: 0.0578 ndcg@20: 0.0735 ] 
2025-10-02 15:52:10,303 - Epoch  78 Validation set [recall@5: 0.0407 recall@10: 0.0707 recall@20: 0.1161 ] [ndcg@5: 0.0495 ndcg@10: 0.0589 ndcg@20: 0.0744 ] 
2025-10-02 15:52:21,363 - Epoch  81 Validation set [recall@5: 0.0419 recall@10: 0.0705 recall@20: 0.1175 ] [ndcg@5: 0.0499 ndcg@10: 0.0589 ndcg@20: 0.0749 ] 
2025-10-02 15:52:32,581 - Epoch  84 Validation set [recall@5: 0.0421 recall@10: 0.0706 recall@20: 0.1180 ] [ndcg@5: 0.0502 ndcg@10: 0.0593 ndcg@20: 0.0755 ] 
2025-10-02 15:52:44,429 - Epoch  87 Validation set [recall@5: 0.0424 recall@10: 0.0715 recall@20: 0.1180 ] [ndcg@5: 0.0504 ndcg@10: 0.0596 ndcg@20: 0.0755 ] 
2025-10-02 15:52:56,003 - Epoch  90 Validation set [recall@5: 0.0423 recall@10: 0.0723 recall@20: 0.1192 ] [ndcg@5: 0.0508 ndcg@10: 0.0602 ndcg@20: 0.0760 ] 
2025-10-02 15:53:07,098 - Epoch  93 Validation set [recall@5: 0.0426 recall@10: 0.0726 recall@20: 0.1185 ] [ndcg@5: 0.0511 ndcg@10: 0.0605 ndcg@20: 0.0761 ] 
2025-10-02 15:53:17,389 - Epoch  96 Validation set [recall@5: 0.0431 recall@10: 0.0729 recall@20: 0.1197 ] [ndcg@5: 0.0511 ndcg@10: 0.0603 ndcg@20: 0.0762 ] 
2025-10-02 15:53:28,419 - Epoch  99 Validation set [recall@5: 0.0436 recall@10: 0.0739 recall@20: 0.1203 ] [ndcg@5: 0.0517 ndcg@10: 0.0612 ndcg@20: 0.0771 ] 
2025-10-02 15:53:40,080 - Epoch 102 Validation set [recall@5: 0.0439 recall@10: 0.0748 recall@20: 0.1207 ] [ndcg@5: 0.0524 ndcg@10: 0.0621 ndcg@20: 0.0778 ] 
2025-10-02 15:53:51,114 - Epoch 105 Validation set [recall@5: 0.0446 recall@10: 0.0757 recall@20: 0.1213 ] [ndcg@5: 0.0528 ndcg@10: 0.0626 ndcg@20: 0.0780 ] 
2025-10-02 15:54:02,947 - Epoch 108 Validation set [recall@5: 0.0441 recall@10: 0.0755 recall@20: 0.1219 ] [ndcg@5: 0.0528 ndcg@10: 0.0626 ndcg@20: 0.0784 ] 
2025-10-02 15:54:14,856 - Epoch 111 Validation set [recall@5: 0.0450 recall@10: 0.0748 recall@20: 0.1231 ] [ndcg@5: 0.0533 ndcg@10: 0.0623 ndcg@20: 0.0786 ] 
2025-10-02 15:54:26,271 - Epoch 114 Validation set [recall@5: 0.0446 recall@10: 0.0755 recall@20: 0.1237 ] [ndcg@5: 0.0532 ndcg@10: 0.0629 ndcg@20: 0.0793 ] 
2025-10-02 15:54:37,527 - Epoch 117 Validation set [recall@5: 0.0455 recall@10: 0.0769 recall@20: 0.1243 ] [ndcg@5: 0.0540 ndcg@10: 0.0636 ndcg@20: 0.0796 ] 
2025-10-02 15:54:47,288 - Epoch 120 Validation set [recall@5: 0.0460 recall@10: 0.0771 recall@20: 0.1250 ] [ndcg@5: 0.0541 ndcg@10: 0.0638 ndcg@20: 0.0800 ] 
2025-10-02 15:54:57,276 - Epoch 123 Validation set [recall@5: 0.0462 recall@10: 0.0785 recall@20: 0.1247 ] [ndcg@5: 0.0542 ndcg@10: 0.0644 ndcg@20: 0.0799 ] 
2025-10-02 15:55:07,251 - Epoch 126 Validation set [recall@5: 0.0453 recall@10: 0.0784 recall@20: 0.1276 ] [ndcg@5: 0.0539 ndcg@10: 0.0647 ndcg@20: 0.0811 ] 
2025-10-02 15:55:18,407 - Epoch 129 Validation set [recall@5: 0.0454 recall@10: 0.0771 recall@20: 0.1264 ] [ndcg@5: 0.0539 ndcg@10: 0.0638 ndcg@20: 0.0805 ] 
2025-10-02 15:55:28,730 - Epoch 132 Validation set [recall@5: 0.0451 recall@10: 0.0773 recall@20: 0.1262 ] [ndcg@5: 0.0540 ndcg@10: 0.0641 ndcg@20: 0.0806 ] 
2025-10-02 15:55:39,496 - Epoch 135 Validation set [recall@5: 0.0456 recall@10: 0.0777 recall@20: 0.1264 ] [ndcg@5: 0.0545 ndcg@10: 0.0645 ndcg@20: 0.0808 ] 
2025-10-02 15:55:50,373 - Epoch 138 Validation set [recall@5: 0.0468 recall@10: 0.0775 recall@20: 0.1271 ] [ndcg@5: 0.0552 ndcg@10: 0.0646 ndcg@20: 0.0813 ] 
2025-10-02 15:56:01,257 - Epoch 141 Validation set [recall@5: 0.0463 recall@10: 0.0779 recall@20: 0.1271 ] [ndcg@5: 0.0549 ndcg@10: 0.0647 ndcg@20: 0.0811 ] 
2025-10-02 15:56:03,562 - [recall@5: 0.0453 recall@10: 0.0784 recall@20: 0.1276 ] [ndcg@5: 0.0539 ndcg@10: 0.0647 ndcg@20: 0.0811 ] 
2025-10-02 15:56:05,863 - [recall@5: 0.0443 recall@10: 0.0757 recall@20: 0.1252 ] [ndcg@5: 0.0517 ndcg@10: 0.0619 ndcg@20: 0.0787 ] 
2025-10-02 15:56:05,877 - Save model parameters to ./encoder/checkpoint/lightgcn_rgcn/lightgcn_rgcn-yelp-2023.pth
2025-10-02 15:56:05,878 - Best Epoch 126. Final test result: {'recall': array([0.04434277, 0.07567306, 0.12521736]), 'ndcg': array([0.05165603, 0.06190596, 0.07867097])}.
