2025-10-01 17:09:07,062 - Epoch   0 Validation set [recall@5: 0.0081 recall@10: 0.0143 recall@20: 0.0247 ] [ndcg@5: 0.0103 ndcg@10: 0.0123 ndcg@20: 0.0156 ] 
2025-10-01 17:09:19,207 - Epoch   3 Validation set [recall@5: 0.0222 recall@10: 0.0393 recall@20: 0.0629 ] [ndcg@5: 0.0274 ndcg@10: 0.0323 ndcg@20: 0.0400 ] 
2025-10-01 17:09:30,791 - Epoch   6 Validation set [recall@5: 0.0296 recall@10: 0.0491 recall@20: 0.0799 ] [ndcg@5: 0.0354 ndcg@10: 0.0413 ndcg@20: 0.0515 ] 
2025-10-01 17:09:42,981 - Epoch   9 Validation set [recall@5: 0.0312 recall@10: 0.0514 recall@20: 0.0847 ] [ndcg@5: 0.0367 ndcg@10: 0.0428 ndcg@20: 0.0539 ] 
2025-10-01 17:09:54,534 - Epoch  12 Validation set [recall@5: 0.0312 recall@10: 0.0525 recall@20: 0.0868 ] [ndcg@5: 0.0369 ndcg@10: 0.0434 ndcg@20: 0.0548 ] 
2025-10-01 17:10:06,528 - Epoch  15 Validation set [recall@5: 0.0316 recall@10: 0.0528 recall@20: 0.0878 ] [ndcg@5: 0.0374 ndcg@10: 0.0441 ndcg@20: 0.0556 ] 
2025-10-01 17:10:18,598 - Epoch  18 Validation set [recall@5: 0.0318 recall@10: 0.0535 recall@20: 0.0898 ] [ndcg@5: 0.0374 ndcg@10: 0.0441 ndcg@20: 0.0562 ] 
2025-10-01 17:10:30,594 - Epoch  21 Validation set [recall@5: 0.0325 recall@10: 0.0550 recall@20: 0.0911 ] [ndcg@5: 0.0380 ndcg@10: 0.0450 ndcg@20: 0.0570 ] 
2025-10-01 17:10:42,231 - Epoch  24 Validation set [recall@5: 0.0328 recall@10: 0.0559 recall@20: 0.0915 ] [ndcg@5: 0.0385 ndcg@10: 0.0457 ndcg@20: 0.0574 ] 
2025-10-01 17:10:54,117 - Epoch  27 Validation set [recall@5: 0.0331 recall@10: 0.0563 recall@20: 0.0916 ] [ndcg@5: 0.0389 ndcg@10: 0.0462 ndcg@20: 0.0578 ] 
2025-10-01 17:11:06,602 - Epoch  30 Validation set [recall@5: 0.0335 recall@10: 0.0572 recall@20: 0.0917 ] [ndcg@5: 0.0392 ndcg@10: 0.0469 ndcg@20: 0.0581 ] 
2025-10-01 17:11:18,657 - Epoch  33 Validation set [recall@5: 0.0340 recall@10: 0.0568 recall@20: 0.0926 ] [ndcg@5: 0.0395 ndcg@10: 0.0467 ndcg@20: 0.0585 ] 
2025-10-01 17:11:31,459 - Epoch  36 Validation set [recall@5: 0.0343 recall@10: 0.0579 recall@20: 0.0928 ] [ndcg@5: 0.0399 ndcg@10: 0.0473 ndcg@20: 0.0588 ] 
2025-10-01 17:11:44,344 - Epoch  39 Validation set [recall@5: 0.0341 recall@10: 0.0576 recall@20: 0.0929 ] [ndcg@5: 0.0400 ndcg@10: 0.0473 ndcg@20: 0.0590 ] 
2025-10-01 17:11:56,804 - Epoch  42 Validation set [recall@5: 0.0339 recall@10: 0.0579 recall@20: 0.0944 ] [ndcg@5: 0.0399 ndcg@10: 0.0475 ndcg@20: 0.0597 ] 
2025-10-01 17:12:08,642 - Epoch  45 Validation set [recall@5: 0.0347 recall@10: 0.0579 recall@20: 0.0939 ] [ndcg@5: 0.0403 ndcg@10: 0.0475 ndcg@20: 0.0595 ] 
2025-10-01 17:12:20,221 - Epoch  48 Validation set [recall@5: 0.0345 recall@10: 0.0579 recall@20: 0.0955 ] [ndcg@5: 0.0404 ndcg@10: 0.0478 ndcg@20: 0.0603 ] 
2025-10-01 17:12:32,501 - Epoch  51 Validation set [recall@5: 0.0341 recall@10: 0.0575 recall@20: 0.0955 ] [ndcg@5: 0.0400 ndcg@10: 0.0475 ndcg@20: 0.0603 ] 
2025-10-01 17:12:44,255 - Epoch  54 Validation set [recall@5: 0.0343 recall@10: 0.0587 recall@20: 0.0958 ] [ndcg@5: 0.0406 ndcg@10: 0.0484 ndcg@20: 0.0607 ] 
2025-10-01 17:12:56,187 - Epoch  57 Validation set [recall@5: 0.0345 recall@10: 0.0589 recall@20: 0.0961 ] [ndcg@5: 0.0410 ndcg@10: 0.0488 ndcg@20: 0.0611 ] 
2025-10-01 17:13:07,774 - Epoch  60 Validation set [recall@5: 0.0347 recall@10: 0.0586 recall@20: 0.0957 ] [ndcg@5: 0.0411 ndcg@10: 0.0486 ndcg@20: 0.0610 ] 
2025-10-01 17:13:19,530 - Epoch  63 Validation set [recall@5: 0.0350 recall@10: 0.0588 recall@20: 0.0961 ] [ndcg@5: 0.0411 ndcg@10: 0.0485 ndcg@20: 0.0610 ] 
2025-10-01 17:13:30,881 - Epoch  66 Validation set [recall@5: 0.0347 recall@10: 0.0592 recall@20: 0.0977 ] [ndcg@5: 0.0409 ndcg@10: 0.0486 ndcg@20: 0.0616 ] 
2025-10-01 17:13:42,840 - Epoch  69 Validation set [recall@5: 0.0349 recall@10: 0.0592 recall@20: 0.0967 ] [ndcg@5: 0.0414 ndcg@10: 0.0491 ndcg@20: 0.0616 ] 
2025-10-01 17:13:54,223 - Epoch  72 Validation set [recall@5: 0.0351 recall@10: 0.0595 recall@20: 0.0958 ] [ndcg@5: 0.0415 ndcg@10: 0.0491 ndcg@20: 0.0612 ] 
2025-10-01 17:14:06,681 - Epoch  75 Validation set [recall@5: 0.0348 recall@10: 0.0593 recall@20: 0.0969 ] [ndcg@5: 0.0410 ndcg@10: 0.0489 ndcg@20: 0.0614 ] 
2025-10-01 17:14:19,837 - Epoch  78 Validation set [recall@5: 0.0350 recall@10: 0.0596 recall@20: 0.0977 ] [ndcg@5: 0.0415 ndcg@10: 0.0492 ndcg@20: 0.0619 ] 
2025-10-01 17:14:32,023 - Epoch  81 Validation set [recall@5: 0.0355 recall@10: 0.0608 recall@20: 0.0978 ] [ndcg@5: 0.0417 ndcg@10: 0.0496 ndcg@20: 0.0619 ] 
2025-10-01 17:14:44,317 - Epoch  84 Validation set [recall@5: 0.0353 recall@10: 0.0601 recall@20: 0.0968 ] [ndcg@5: 0.0418 ndcg@10: 0.0495 ndcg@20: 0.0617 ] 
2025-10-01 17:14:55,726 - Epoch  87 Validation set [recall@5: 0.0350 recall@10: 0.0596 recall@20: 0.0978 ] [ndcg@5: 0.0416 ndcg@10: 0.0494 ndcg@20: 0.0621 ] 
2025-10-01 17:15:07,890 - Epoch  90 Validation set [recall@5: 0.0353 recall@10: 0.0600 recall@20: 0.0986 ] [ndcg@5: 0.0418 ndcg@10: 0.0496 ndcg@20: 0.0625 ] 
2025-10-01 17:15:19,075 - Epoch  93 Validation set [recall@5: 0.0357 recall@10: 0.0598 recall@20: 0.0988 ] [ndcg@5: 0.0421 ndcg@10: 0.0496 ndcg@20: 0.0625 ] 
2025-10-01 17:15:31,319 - Epoch  96 Validation set [recall@5: 0.0353 recall@10: 0.0602 recall@20: 0.0995 ] [ndcg@5: 0.0418 ndcg@10: 0.0498 ndcg@20: 0.0629 ] 
2025-10-01 17:15:42,981 - Epoch  99 Validation set [recall@5: 0.0354 recall@10: 0.0604 recall@20: 0.0983 ] [ndcg@5: 0.0420 ndcg@10: 0.0499 ndcg@20: 0.0626 ] 
2025-10-01 17:15:54,574 - Epoch 102 Validation set [recall@5: 0.0353 recall@10: 0.0607 recall@20: 0.0985 ] [ndcg@5: 0.0417 ndcg@10: 0.0499 ndcg@20: 0.0624 ] 
2025-10-01 17:16:07,625 - Epoch 105 Validation set [recall@5: 0.0354 recall@10: 0.0612 recall@20: 0.1001 ] [ndcg@5: 0.0416 ndcg@10: 0.0499 ndcg@20: 0.0627 ] 
2025-10-01 17:16:19,907 - Epoch 108 Validation set [recall@5: 0.0363 recall@10: 0.0608 recall@20: 0.0988 ] [ndcg@5: 0.0425 ndcg@10: 0.0500 ndcg@20: 0.0626 ] 
2025-10-01 17:16:31,670 - Epoch 111 Validation set [recall@5: 0.0357 recall@10: 0.0613 recall@20: 0.0993 ] [ndcg@5: 0.0418 ndcg@10: 0.0500 ndcg@20: 0.0626 ] 
2025-10-01 17:16:44,133 - Epoch 114 Validation set [recall@5: 0.0353 recall@10: 0.0613 recall@20: 0.0988 ] [ndcg@5: 0.0418 ndcg@10: 0.0502 ndcg@20: 0.0627 ] 
2025-10-01 17:16:56,672 - Epoch 117 Validation set [recall@5: 0.0356 recall@10: 0.0619 recall@20: 0.0995 ] [ndcg@5: 0.0419 ndcg@10: 0.0501 ndcg@20: 0.0627 ] 
2025-10-01 17:17:09,189 - Epoch 120 Validation set [recall@5: 0.0351 recall@10: 0.0619 recall@20: 0.0999 ] [ndcg@5: 0.0413 ndcg@10: 0.0500 ndcg@20: 0.0627 ] 
2025-10-01 17:17:10,769 - [recall@5: 0.0344 recall@10: 0.0589 recall@20: 0.0958 ] [ndcg@5: 0.0400 ndcg@10: 0.0479 ndcg@20: 0.0606 ] 
2025-10-01 17:17:16,767 - Epoch   0 Validation set [recall@5: 0.0094 recall@10: 0.0145 recall@20: 0.0258 ] [ndcg@5: 0.0110 ndcg@10: 0.0122 ndcg@20: 0.0161 ] 
2025-10-01 17:17:29,243 - Epoch   3 Validation set [recall@5: 0.0249 recall@10: 0.0420 recall@20: 0.0660 ] [ndcg@5: 0.0297 ndcg@10: 0.0345 ndcg@20: 0.0424 ] 
2025-10-01 17:17:41,075 - Epoch   6 Validation set [recall@5: 0.0297 recall@10: 0.0496 recall@20: 0.0811 ] [ndcg@5: 0.0353 ndcg@10: 0.0412 ndcg@20: 0.0518 ] 
2025-10-01 17:17:53,646 - Epoch   9 Validation set [recall@5: 0.0308 recall@10: 0.0519 recall@20: 0.0846 ] [ndcg@5: 0.0363 ndcg@10: 0.0428 ndcg@20: 0.0536 ] 
2025-10-01 17:18:06,452 - Epoch  12 Validation set [recall@5: 0.0319 recall@10: 0.0539 recall@20: 0.0866 ] [ndcg@5: 0.0374 ndcg@10: 0.0441 ndcg@20: 0.0550 ] 
2025-10-01 17:18:19,842 - Epoch  15 Validation set [recall@5: 0.0322 recall@10: 0.0547 recall@20: 0.0899 ] [ndcg@5: 0.0375 ndcg@10: 0.0445 ndcg@20: 0.0561 ] 
2025-10-01 17:18:31,294 - Epoch  18 Validation set [recall@5: 0.0331 recall@10: 0.0561 recall@20: 0.0919 ] [ndcg@5: 0.0384 ndcg@10: 0.0457 ndcg@20: 0.0576 ] 
2025-10-01 17:18:41,961 - Epoch  21 Validation set [recall@5: 0.0337 recall@10: 0.0560 recall@20: 0.0940 ] [ndcg@5: 0.0391 ndcg@10: 0.0461 ndcg@20: 0.0588 ] 
2025-10-01 17:18:53,185 - Epoch  24 Validation set [recall@5: 0.0339 recall@10: 0.0575 recall@20: 0.0962 ] [ndcg@5: 0.0392 ndcg@10: 0.0471 ndcg@20: 0.0600 ] 
2025-10-01 17:19:05,182 - Epoch  27 Validation set [recall@5: 0.0349 recall@10: 0.0601 recall@20: 0.0972 ] [ndcg@5: 0.0406 ndcg@10: 0.0489 ndcg@20: 0.0614 ] 
2025-10-01 17:19:18,063 - Epoch  30 Validation set [recall@5: 0.0361 recall@10: 0.0605 recall@20: 0.0999 ] [ndcg@5: 0.0420 ndcg@10: 0.0497 ndcg@20: 0.0629 ] 
2025-10-01 17:19:29,914 - Epoch  33 Validation set [recall@5: 0.0364 recall@10: 0.0626 recall@20: 0.1022 ] [ndcg@5: 0.0428 ndcg@10: 0.0511 ndcg@20: 0.0645 ] 
2025-10-01 17:19:42,740 - Epoch  36 Validation set [recall@5: 0.0377 recall@10: 0.0644 recall@20: 0.1057 ] [ndcg@5: 0.0441 ndcg@10: 0.0525 ndcg@20: 0.0662 ] 
2025-10-01 17:19:55,823 - Epoch  39 Validation set [recall@5: 0.0381 recall@10: 0.0646 recall@20: 0.1070 ] [ndcg@5: 0.0445 ndcg@10: 0.0529 ndcg@20: 0.0672 ] 
2025-10-01 17:20:07,234 - Epoch  42 Validation set [recall@5: 0.0391 recall@10: 0.0663 recall@20: 0.1084 ] [ndcg@5: 0.0461 ndcg@10: 0.0547 ndcg@20: 0.0688 ] 
2025-10-01 17:20:19,395 - Epoch  45 Validation set [recall@5: 0.0390 recall@10: 0.0676 recall@20: 0.1107 ] [ndcg@5: 0.0465 ndcg@10: 0.0555 ndcg@20: 0.0698 ] 
2025-10-01 17:20:32,355 - Epoch  48 Validation set [recall@5: 0.0401 recall@10: 0.0692 recall@20: 0.1108 ] [ndcg@5: 0.0476 ndcg@10: 0.0568 ndcg@20: 0.0706 ] 
2025-10-01 17:20:44,585 - Epoch  51 Validation set [recall@5: 0.0409 recall@10: 0.0700 recall@20: 0.1123 ] [ndcg@5: 0.0481 ndcg@10: 0.0573 ndcg@20: 0.0716 ] 
2025-10-01 17:20:57,759 - Epoch  54 Validation set [recall@5: 0.0410 recall@10: 0.0703 recall@20: 0.1138 ] [ndcg@5: 0.0487 ndcg@10: 0.0578 ndcg@20: 0.0725 ] 
2025-10-01 17:21:10,051 - Epoch  57 Validation set [recall@5: 0.0416 recall@10: 0.0710 recall@20: 0.1144 ] [ndcg@5: 0.0491 ndcg@10: 0.0583 ndcg@20: 0.0729 ] 
2025-10-01 17:21:22,766 - Epoch  60 Validation set [recall@5: 0.0428 recall@10: 0.0720 recall@20: 0.1164 ] [ndcg@5: 0.0504 ndcg@10: 0.0594 ndcg@20: 0.0744 ] 
2025-10-01 17:21:35,250 - Epoch  63 Validation set [recall@5: 0.0435 recall@10: 0.0732 recall@20: 0.1179 ] [ndcg@5: 0.0512 ndcg@10: 0.0603 ndcg@20: 0.0753 ] 
2025-10-01 17:21:46,898 - Epoch  66 Validation set [recall@5: 0.0438 recall@10: 0.0738 recall@20: 0.1181 ] [ndcg@5: 0.0517 ndcg@10: 0.0609 ndcg@20: 0.0757 ] 
2025-10-01 17:21:58,366 - Epoch  69 Validation set [recall@5: 0.0439 recall@10: 0.0743 recall@20: 0.1194 ] [ndcg@5: 0.0517 ndcg@10: 0.0611 ndcg@20: 0.0763 ] 
2025-10-01 17:22:10,705 - Epoch  72 Validation set [recall@5: 0.0435 recall@10: 0.0738 recall@20: 0.1204 ] [ndcg@5: 0.0519 ndcg@10: 0.0613 ndcg@20: 0.0770 ] 
2025-10-01 17:22:23,200 - Epoch  75 Validation set [recall@5: 0.0438 recall@10: 0.0733 recall@20: 0.1208 ] [ndcg@5: 0.0521 ndcg@10: 0.0610 ndcg@20: 0.0771 ] 
2025-10-01 17:22:35,979 - Epoch  78 Validation set [recall@5: 0.0442 recall@10: 0.0735 recall@20: 0.1211 ] [ndcg@5: 0.0527 ndcg@10: 0.0616 ndcg@20: 0.0776 ] 
2025-10-01 17:22:48,433 - Epoch  81 Validation set [recall@5: 0.0438 recall@10: 0.0734 recall@20: 0.1217 ] [ndcg@5: 0.0525 ndcg@10: 0.0616 ndcg@20: 0.0778 ] 
2025-10-01 17:22:59,717 - Epoch  84 Validation set [recall@5: 0.0444 recall@10: 0.0746 recall@20: 0.1211 ] [ndcg@5: 0.0526 ndcg@10: 0.0621 ndcg@20: 0.0776 ] 
2025-10-01 17:23:12,519 - Epoch  87 Validation set [recall@5: 0.0438 recall@10: 0.0741 recall@20: 0.1215 ] [ndcg@5: 0.0527 ndcg@10: 0.0620 ndcg@20: 0.0781 ] 
2025-10-01 17:23:24,524 - Epoch  90 Validation set [recall@5: 0.0448 recall@10: 0.0746 recall@20: 0.1217 ] [ndcg@5: 0.0532 ndcg@10: 0.0621 ndcg@20: 0.0779 ] 
2025-10-01 17:23:36,899 - Epoch  93 Validation set [recall@5: 0.0445 recall@10: 0.0745 recall@20: 0.1224 ] [ndcg@5: 0.0528 ndcg@10: 0.0619 ndcg@20: 0.0781 ] 
2025-10-01 17:23:48,950 - Epoch  96 Validation set [recall@5: 0.0451 recall@10: 0.0749 recall@20: 0.1232 ] [ndcg@5: 0.0535 ndcg@10: 0.0624 ndcg@20: 0.0786 ] 
2025-10-01 17:24:01,097 - Epoch  99 Validation set [recall@5: 0.0444 recall@10: 0.0741 recall@20: 0.1225 ] [ndcg@5: 0.0528 ndcg@10: 0.0618 ndcg@20: 0.0781 ] 
2025-10-01 17:24:13,226 - Epoch 102 Validation set [recall@5: 0.0451 recall@10: 0.0745 recall@20: 0.1235 ] [ndcg@5: 0.0533 ndcg@10: 0.0625 ndcg@20: 0.0789 ] 
2025-10-01 17:24:25,207 - Epoch 105 Validation set [recall@5: 0.0444 recall@10: 0.0747 recall@20: 0.1227 ] [ndcg@5: 0.0534 ndcg@10: 0.0624 ndcg@20: 0.0787 ] 
2025-10-01 17:24:36,350 - Epoch 108 Validation set [recall@5: 0.0451 recall@10: 0.0752 recall@20: 0.1219 ] [ndcg@5: 0.0537 ndcg@10: 0.0629 ndcg@20: 0.0785 ] 
2025-10-01 17:24:48,119 - Epoch 111 Validation set [recall@5: 0.0452 recall@10: 0.0761 recall@20: 0.1223 ] [ndcg@5: 0.0533 ndcg@10: 0.0627 ndcg@20: 0.0783 ] 
2025-10-01 17:24:59,423 - Epoch 114 Validation set [recall@5: 0.0462 recall@10: 0.0753 recall@20: 0.1233 ] [ndcg@5: 0.0543 ndcg@10: 0.0629 ndcg@20: 0.0789 ] 
2025-10-01 17:25:11,852 - Epoch 117 Validation set [recall@5: 0.0463 recall@10: 0.0757 recall@20: 0.1238 ] [ndcg@5: 0.0546 ndcg@10: 0.0634 ndcg@20: 0.0795 ] 
2025-10-01 17:25:24,325 - Epoch 120 Validation set [recall@5: 0.0471 recall@10: 0.0758 recall@20: 0.1244 ] [ndcg@5: 0.0554 ndcg@10: 0.0638 ndcg@20: 0.0800 ] 
2025-10-01 17:25:35,678 - Epoch 123 Validation set [recall@5: 0.0469 recall@10: 0.0774 recall@20: 0.1245 ] [ndcg@5: 0.0553 ndcg@10: 0.0643 ndcg@20: 0.0800 ] 
2025-10-01 17:25:48,526 - Epoch 126 Validation set [recall@5: 0.0466 recall@10: 0.0777 recall@20: 0.1245 ] [ndcg@5: 0.0552 ndcg@10: 0.0644 ndcg@20: 0.0802 ] 
2025-10-01 17:26:00,964 - Epoch 129 Validation set [recall@5: 0.0461 recall@10: 0.0775 recall@20: 0.1241 ] [ndcg@5: 0.0544 ndcg@10: 0.0640 ndcg@20: 0.0796 ] 
2025-10-01 17:26:12,712 - Epoch 132 Validation set [recall@5: 0.0460 recall@10: 0.0767 recall@20: 0.1237 ] [ndcg@5: 0.0542 ndcg@10: 0.0634 ndcg@20: 0.0792 ] 
2025-10-01 17:26:25,088 - Epoch 135 Validation set [recall@5: 0.0457 recall@10: 0.0773 recall@20: 0.1255 ] [ndcg@5: 0.0546 ndcg@10: 0.0643 ndcg@20: 0.0804 ] 
2025-10-01 17:26:36,579 - Epoch 138 Validation set [recall@5: 0.0458 recall@10: 0.0776 recall@20: 0.1268 ] [ndcg@5: 0.0540 ndcg@10: 0.0639 ndcg@20: 0.0804 ] 
2025-10-01 17:26:46,901 - Epoch 141 Validation set [recall@5: 0.0458 recall@10: 0.0777 recall@20: 0.1257 ] [ndcg@5: 0.0540 ndcg@10: 0.0639 ndcg@20: 0.0800 ] 
2025-10-01 17:26:58,790 - Epoch 144 Validation set [recall@5: 0.0464 recall@10: 0.0762 recall@20: 0.1245 ] [ndcg@5: 0.0541 ndcg@10: 0.0630 ndcg@20: 0.0793 ] 
2025-10-01 17:27:11,125 - Epoch 147 Validation set [recall@5: 0.0454 recall@10: 0.0768 recall@20: 0.1253 ] [ndcg@5: 0.0532 ndcg@10: 0.0630 ndcg@20: 0.0792 ] 
2025-10-01 17:27:22,939 - Epoch 150 Validation set [recall@5: 0.0454 recall@10: 0.0767 recall@20: 0.1239 ] [ndcg@5: 0.0533 ndcg@10: 0.0627 ndcg@20: 0.0787 ] 
2025-10-01 17:27:34,371 - Epoch 153 Validation set [recall@5: 0.0455 recall@10: 0.0764 recall@20: 0.1253 ] [ndcg@5: 0.0530 ndcg@10: 0.0625 ndcg@20: 0.0789 ] 
2025-10-01 17:27:36,260 - [recall@5: 0.0443 recall@10: 0.0747 recall@20: 0.1261 ] [ndcg@5: 0.0518 ndcg@10: 0.0616 ndcg@20: 0.0793 ] 
2025-10-01 17:27:41,943 - Epoch   0 Validation set [recall@5: 0.0086 recall@10: 0.0144 recall@20: 0.0247 ] [ndcg@5: 0.0106 ndcg@10: 0.0123 ndcg@20: 0.0155 ] 
2025-10-01 17:27:53,704 - Epoch   3 Validation set [recall@5: 0.0243 recall@10: 0.0421 recall@20: 0.0677 ] [ndcg@5: 0.0290 ndcg@10: 0.0343 ndcg@20: 0.0426 ] 
2025-10-01 17:28:05,274 - Epoch   6 Validation set [recall@5: 0.0306 recall@10: 0.0515 recall@20: 0.0828 ] [ndcg@5: 0.0359 ndcg@10: 0.0424 ndcg@20: 0.0527 ] 
2025-10-01 17:28:17,893 - Epoch   9 Validation set [recall@5: 0.0316 recall@10: 0.0532 recall@20: 0.0862 ] [ndcg@5: 0.0372 ndcg@10: 0.0438 ndcg@20: 0.0547 ] 
2025-10-01 17:28:30,483 - Epoch  12 Validation set [recall@5: 0.0321 recall@10: 0.0534 recall@20: 0.0887 ] [ndcg@5: 0.0374 ndcg@10: 0.0440 ndcg@20: 0.0557 ] 
2025-10-01 17:28:43,523 - Epoch  15 Validation set [recall@5: 0.0328 recall@10: 0.0546 recall@20: 0.0891 ] [ndcg@5: 0.0379 ndcg@10: 0.0448 ndcg@20: 0.0562 ] 
2025-10-01 17:28:56,506 - Epoch  18 Validation set [recall@5: 0.0328 recall@10: 0.0558 recall@20: 0.0905 ] [ndcg@5: 0.0385 ndcg@10: 0.0457 ndcg@20: 0.0573 ] 
2025-10-01 17:29:08,502 - Epoch  21 Validation set [recall@5: 0.0334 recall@10: 0.0574 recall@20: 0.0926 ] [ndcg@5: 0.0389 ndcg@10: 0.0467 ndcg@20: 0.0583 ] 
2025-10-01 17:29:20,857 - Epoch  24 Validation set [recall@5: 0.0342 recall@10: 0.0579 recall@20: 0.0946 ] [ndcg@5: 0.0398 ndcg@10: 0.0476 ndcg@20: 0.0597 ] 
2025-10-01 17:29:32,391 - Epoch  27 Validation set [recall@5: 0.0345 recall@10: 0.0583 recall@20: 0.0955 ] [ndcg@5: 0.0405 ndcg@10: 0.0482 ndcg@20: 0.0605 ] 
2025-10-01 17:29:43,198 - Epoch  30 Validation set [recall@5: 0.0345 recall@10: 0.0592 recall@20: 0.0974 ] [ndcg@5: 0.0407 ndcg@10: 0.0486 ndcg@20: 0.0613 ] 
2025-10-01 17:29:55,332 - Epoch  33 Validation set [recall@5: 0.0355 recall@10: 0.0595 recall@20: 0.0972 ] [ndcg@5: 0.0415 ndcg@10: 0.0492 ndcg@20: 0.0618 ] 
2025-10-01 17:30:07,867 - Epoch  36 Validation set [recall@5: 0.0355 recall@10: 0.0598 recall@20: 0.0991 ] [ndcg@5: 0.0419 ndcg@10: 0.0495 ndcg@20: 0.0627 ] 
2025-10-01 17:30:19,218 - Epoch  39 Validation set [recall@5: 0.0364 recall@10: 0.0612 recall@20: 0.1005 ] [ndcg@5: 0.0428 ndcg@10: 0.0505 ndcg@20: 0.0639 ] 
2025-10-01 17:30:30,329 - Epoch  42 Validation set [recall@5: 0.0367 recall@10: 0.0609 recall@20: 0.1020 ] [ndcg@5: 0.0434 ndcg@10: 0.0509 ndcg@20: 0.0648 ] 
2025-10-01 17:30:42,226 - Epoch  45 Validation set [recall@5: 0.0376 recall@10: 0.0622 recall@20: 0.1038 ] [ndcg@5: 0.0438 ndcg@10: 0.0514 ndcg@20: 0.0654 ] 
2025-10-01 17:30:53,255 - Epoch  48 Validation set [recall@5: 0.0374 recall@10: 0.0632 recall@20: 0.1040 ] [ndcg@5: 0.0441 ndcg@10: 0.0520 ndcg@20: 0.0657 ] 
2025-10-01 17:31:05,253 - Epoch  51 Validation set [recall@5: 0.0370 recall@10: 0.0631 recall@20: 0.1054 ] [ndcg@5: 0.0441 ndcg@10: 0.0522 ndcg@20: 0.0664 ] 
2025-10-01 17:31:17,521 - Epoch  54 Validation set [recall@5: 0.0373 recall@10: 0.0645 recall@20: 0.1046 ] [ndcg@5: 0.0440 ndcg@10: 0.0526 ndcg@20: 0.0661 ] 
2025-10-01 17:31:29,021 - Epoch  57 Validation set [recall@5: 0.0380 recall@10: 0.0652 recall@20: 0.1055 ] [ndcg@5: 0.0448 ndcg@10: 0.0532 ndcg@20: 0.0668 ] 
2025-10-01 17:31:40,605 - Epoch  60 Validation set [recall@5: 0.0380 recall@10: 0.0647 recall@20: 0.1064 ] [ndcg@5: 0.0453 ndcg@10: 0.0536 ndcg@20: 0.0676 ] 
2025-10-01 17:31:51,936 - Epoch  63 Validation set [recall@5: 0.0390 recall@10: 0.0669 recall@20: 0.1082 ] [ndcg@5: 0.0458 ndcg@10: 0.0546 ndcg@20: 0.0685 ] 
2025-10-01 17:32:03,339 - Epoch  66 Validation set [recall@5: 0.0391 recall@10: 0.0667 recall@20: 0.1071 ] [ndcg@5: 0.0458 ndcg@10: 0.0545 ndcg@20: 0.0681 ] 
2025-10-01 17:32:14,538 - Epoch  69 Validation set [recall@5: 0.0392 recall@10: 0.0665 recall@20: 0.1082 ] [ndcg@5: 0.0460 ndcg@10: 0.0545 ndcg@20: 0.0685 ] 
2025-10-01 17:32:26,216 - Epoch  72 Validation set [recall@5: 0.0394 recall@10: 0.0663 recall@20: 0.1078 ] [ndcg@5: 0.0465 ndcg@10: 0.0546 ndcg@20: 0.0686 ] 
2025-10-01 17:32:38,759 - Epoch  75 Validation set [recall@5: 0.0392 recall@10: 0.0666 recall@20: 0.1090 ] [ndcg@5: 0.0467 ndcg@10: 0.0550 ndcg@20: 0.0693 ] 
2025-10-01 17:32:50,539 - Epoch  78 Validation set [recall@5: 0.0393 recall@10: 0.0664 recall@20: 0.1091 ] [ndcg@5: 0.0468 ndcg@10: 0.0552 ndcg@20: 0.0695 ] 
2025-10-01 17:33:01,054 - Epoch  81 Validation set [recall@5: 0.0397 recall@10: 0.0672 recall@20: 0.1093 ] [ndcg@5: 0.0470 ndcg@10: 0.0555 ndcg@20: 0.0696 ] 
2025-10-01 17:33:10,512 - Epoch  84 Validation set [recall@5: 0.0408 recall@10: 0.0666 recall@20: 0.1096 ] [ndcg@5: 0.0477 ndcg@10: 0.0555 ndcg@20: 0.0697 ] 
2025-10-01 17:33:20,526 - Epoch  87 Validation set [recall@5: 0.0405 recall@10: 0.0678 recall@20: 0.1104 ] [ndcg@5: 0.0476 ndcg@10: 0.0559 ndcg@20: 0.0701 ] 
2025-10-01 17:33:32,892 - Epoch  90 Validation set [recall@5: 0.0405 recall@10: 0.0682 recall@20: 0.1108 ] [ndcg@5: 0.0474 ndcg@10: 0.0559 ndcg@20: 0.0702 ] 
2025-10-01 17:33:45,646 - Epoch  93 Validation set [recall@5: 0.0407 recall@10: 0.0677 recall@20: 0.1106 ] [ndcg@5: 0.0479 ndcg@10: 0.0558 ndcg@20: 0.0702 ] 
2025-10-01 17:33:58,430 - Epoch  96 Validation set [recall@5: 0.0404 recall@10: 0.0680 recall@20: 0.1101 ] [ndcg@5: 0.0479 ndcg@10: 0.0562 ndcg@20: 0.0702 ] 
2025-10-01 17:34:11,377 - Epoch  99 Validation set [recall@5: 0.0408 recall@10: 0.0676 recall@20: 0.1105 ] [ndcg@5: 0.0481 ndcg@10: 0.0560 ndcg@20: 0.0704 ] 
2025-10-01 17:34:23,938 - Epoch 102 Validation set [recall@5: 0.0408 recall@10: 0.0672 recall@20: 0.1108 ] [ndcg@5: 0.0484 ndcg@10: 0.0562 ndcg@20: 0.0709 ] 
2025-10-01 17:34:35,730 - Epoch 105 Validation set [recall@5: 0.0406 recall@10: 0.0685 recall@20: 0.1112 ] [ndcg@5: 0.0481 ndcg@10: 0.0564 ndcg@20: 0.0709 ] 
2025-10-01 17:34:47,252 - Epoch 108 Validation set [recall@5: 0.0404 recall@10: 0.0681 recall@20: 0.1117 ] [ndcg@5: 0.0478 ndcg@10: 0.0564 ndcg@20: 0.0711 ] 
2025-10-01 17:34:59,572 - Epoch 111 Validation set [recall@5: 0.0405 recall@10: 0.0680 recall@20: 0.1114 ] [ndcg@5: 0.0478 ndcg@10: 0.0561 ndcg@20: 0.0709 ] 
2025-10-01 17:35:12,184 - Epoch 114 Validation set [recall@5: 0.0406 recall@10: 0.0688 recall@20: 0.1124 ] [ndcg@5: 0.0482 ndcg@10: 0.0568 ndcg@20: 0.0714 ] 
2025-10-01 17:35:25,087 - Epoch 117 Validation set [recall@5: 0.0409 recall@10: 0.0687 recall@20: 0.1130 ] [ndcg@5: 0.0478 ndcg@10: 0.0564 ndcg@20: 0.0713 ] 
2025-10-01 17:35:37,548 - Epoch 120 Validation set [recall@5: 0.0419 recall@10: 0.0682 recall@20: 0.1127 ] [ndcg@5: 0.0490 ndcg@10: 0.0569 ndcg@20: 0.0719 ] 
2025-10-01 17:35:50,529 - Epoch 123 Validation set [recall@5: 0.0416 recall@10: 0.0687 recall@20: 0.1134 ] [ndcg@5: 0.0488 ndcg@10: 0.0570 ndcg@20: 0.0720 ] 
2025-10-01 17:36:03,890 - Epoch 126 Validation set [recall@5: 0.0411 recall@10: 0.0683 recall@20: 0.1136 ] [ndcg@5: 0.0485 ndcg@10: 0.0568 ndcg@20: 0.0721 ] 
2025-10-01 17:36:17,077 - Epoch 129 Validation set [recall@5: 0.0410 recall@10: 0.0688 recall@20: 0.1133 ] [ndcg@5: 0.0482 ndcg@10: 0.0570 ndcg@20: 0.0720 ] 
2025-10-01 17:36:28,574 - Epoch 132 Validation set [recall@5: 0.0414 recall@10: 0.0694 recall@20: 0.1126 ] [ndcg@5: 0.0487 ndcg@10: 0.0574 ndcg@20: 0.0721 ] 
2025-10-01 17:36:41,900 - Epoch 135 Validation set [recall@5: 0.0414 recall@10: 0.0696 recall@20: 0.1138 ] [ndcg@5: 0.0485 ndcg@10: 0.0572 ndcg@20: 0.0722 ] 
2025-10-01 17:36:54,064 - Epoch 138 Validation set [recall@5: 0.0411 recall@10: 0.0690 recall@20: 0.1142 ] [ndcg@5: 0.0485 ndcg@10: 0.0571 ndcg@20: 0.0724 ] 
2025-10-01 17:37:07,755 - Epoch 141 Validation set [recall@5: 0.0411 recall@10: 0.0688 recall@20: 0.1147 ] [ndcg@5: 0.0487 ndcg@10: 0.0571 ndcg@20: 0.0725 ] 
2025-10-01 17:37:20,791 - Epoch 144 Validation set [recall@5: 0.0413 recall@10: 0.0693 recall@20: 0.1143 ] [ndcg@5: 0.0487 ndcg@10: 0.0571 ndcg@20: 0.0722 ] 
2025-10-01 17:37:32,216 - Epoch 147 Validation set [recall@5: 0.0415 recall@10: 0.0696 recall@20: 0.1148 ] [ndcg@5: 0.0485 ndcg@10: 0.0571 ndcg@20: 0.0722 ] 
2025-10-01 17:37:44,510 - Epoch 150 Validation set [recall@5: 0.0418 recall@10: 0.0694 recall@20: 0.1153 ] [ndcg@5: 0.0489 ndcg@10: 0.0572 ndcg@20: 0.0726 ] 
2025-10-01 17:37:57,087 - Epoch 153 Validation set [recall@5: 0.0420 recall@10: 0.0693 recall@20: 0.1136 ] [ndcg@5: 0.0486 ndcg@10: 0.0569 ndcg@20: 0.0717 ] 
2025-10-01 17:38:09,437 - Epoch 156 Validation set [recall@5: 0.0423 recall@10: 0.0702 recall@20: 0.1144 ] [ndcg@5: 0.0491 ndcg@10: 0.0575 ndcg@20: 0.0724 ] 
2025-10-01 17:38:21,735 - Epoch 159 Validation set [recall@5: 0.0417 recall@10: 0.0689 recall@20: 0.1135 ] [ndcg@5: 0.0490 ndcg@10: 0.0572 ndcg@20: 0.0721 ] 
2025-10-01 17:38:34,338 - Epoch 162 Validation set [recall@5: 0.0403 recall@10: 0.0690 recall@20: 0.1123 ] [ndcg@5: 0.0482 ndcg@10: 0.0570 ndcg@20: 0.0717 ] 
2025-10-01 17:38:46,538 - Epoch 165 Validation set [recall@5: 0.0411 recall@10: 0.0691 recall@20: 0.1130 ] [ndcg@5: 0.0484 ndcg@10: 0.0570 ndcg@20: 0.0718 ] 
2025-10-01 17:38:48,132 - [recall@5: 0.0393 recall@10: 0.0684 recall@20: 0.1108 ] [ndcg@5: 0.0462 ndcg@10: 0.0554 ndcg@20: 0.0697 ] 
2025-10-01 17:38:53,418 - Epoch   0 Validation set [recall@5: 0.0087 recall@10: 0.0140 recall@20: 0.0237 ] [ndcg@5: 0.0109 ndcg@10: 0.0123 ndcg@20: 0.0154 ] 
2025-10-01 17:39:05,290 - Epoch   3 Validation set [recall@5: 0.0238 recall@10: 0.0407 recall@20: 0.0651 ] [ndcg@5: 0.0286 ndcg@10: 0.0334 ndcg@20: 0.0415 ] 
2025-10-01 17:39:16,991 - Epoch   6 Validation set [recall@5: 0.0299 recall@10: 0.0500 recall@20: 0.0811 ] [ndcg@5: 0.0354 ndcg@10: 0.0413 ndcg@20: 0.0519 ] 
2025-10-01 17:39:28,666 - Epoch   9 Validation set [recall@5: 0.0307 recall@10: 0.0521 recall@20: 0.0851 ] [ndcg@5: 0.0365 ndcg@10: 0.0430 ndcg@20: 0.0541 ] 
2025-10-01 17:39:41,411 - Epoch  12 Validation set [recall@5: 0.0317 recall@10: 0.0541 recall@20: 0.0873 ] [ndcg@5: 0.0373 ndcg@10: 0.0443 ndcg@20: 0.0554 ] 
2025-10-01 17:39:53,811 - Epoch  15 Validation set [recall@5: 0.0324 recall@10: 0.0552 recall@20: 0.0890 ] [ndcg@5: 0.0377 ndcg@10: 0.0451 ndcg@20: 0.0563 ] 
2025-10-01 17:40:05,409 - Epoch  18 Validation set [recall@5: 0.0336 recall@10: 0.0570 recall@20: 0.0920 ] [ndcg@5: 0.0387 ndcg@10: 0.0460 ndcg@20: 0.0578 ] 
2025-10-01 17:40:17,460 - Epoch  21 Validation set [recall@5: 0.0338 recall@10: 0.0578 recall@20: 0.0945 ] [ndcg@5: 0.0394 ndcg@10: 0.0472 ndcg@20: 0.0594 ] 
2025-10-01 17:40:30,485 - Epoch  24 Validation set [recall@5: 0.0342 recall@10: 0.0587 recall@20: 0.0969 ] [ndcg@5: 0.0403 ndcg@10: 0.0481 ndcg@20: 0.0608 ] 
2025-10-01 17:40:42,747 - Epoch  27 Validation set [recall@5: 0.0348 recall@10: 0.0593 recall@20: 0.1004 ] [ndcg@5: 0.0411 ndcg@10: 0.0491 ndcg@20: 0.0627 ] 
2025-10-01 17:40:55,678 - Epoch  30 Validation set [recall@5: 0.0362 recall@10: 0.0616 recall@20: 0.1028 ] [ndcg@5: 0.0425 ndcg@10: 0.0505 ndcg@20: 0.0642 ] 
2025-10-01 17:41:07,315 - Epoch  33 Validation set [recall@5: 0.0363 recall@10: 0.0634 recall@20: 0.1042 ] [ndcg@5: 0.0434 ndcg@10: 0.0522 ndcg@20: 0.0658 ] 
2025-10-01 17:41:20,719 - Epoch  36 Validation set [recall@5: 0.0374 recall@10: 0.0639 recall@20: 0.1072 ] [ndcg@5: 0.0449 ndcg@10: 0.0530 ndcg@20: 0.0675 ] 
2025-10-01 17:41:33,095 - Epoch  39 Validation set [recall@5: 0.0385 recall@10: 0.0650 recall@20: 0.1066 ] [ndcg@5: 0.0457 ndcg@10: 0.0539 ndcg@20: 0.0679 ] 
2025-10-01 17:41:44,921 - Epoch  42 Validation set [recall@5: 0.0387 recall@10: 0.0658 recall@20: 0.1087 ] [ndcg@5: 0.0461 ndcg@10: 0.0546 ndcg@20: 0.0690 ] 
2025-10-01 17:41:56,530 - Epoch  45 Validation set [recall@5: 0.0397 recall@10: 0.0659 recall@20: 0.1100 ] [ndcg@5: 0.0468 ndcg@10: 0.0548 ndcg@20: 0.0697 ] 
2025-10-01 17:42:08,487 - Epoch  48 Validation set [recall@5: 0.0403 recall@10: 0.0668 recall@20: 0.1115 ] [ndcg@5: 0.0478 ndcg@10: 0.0557 ndcg@20: 0.0707 ] 
2025-10-01 17:42:20,139 - Epoch  51 Validation set [recall@5: 0.0405 recall@10: 0.0681 recall@20: 0.1117 ] [ndcg@5: 0.0482 ndcg@10: 0.0566 ndcg@20: 0.0714 ] 
2025-10-01 17:42:30,817 - Epoch  54 Validation set [recall@5: 0.0397 recall@10: 0.0687 recall@20: 0.1136 ] [ndcg@5: 0.0478 ndcg@10: 0.0569 ndcg@20: 0.0720 ] 
2025-10-01 17:42:43,027 - Epoch  57 Validation set [recall@5: 0.0407 recall@10: 0.0694 recall@20: 0.1149 ] [ndcg@5: 0.0485 ndcg@10: 0.0574 ndcg@20: 0.0728 ] 
2025-10-01 17:42:54,607 - Epoch  60 Validation set [recall@5: 0.0419 recall@10: 0.0708 recall@20: 0.1152 ] [ndcg@5: 0.0497 ndcg@10: 0.0585 ndcg@20: 0.0735 ] 
2025-10-01 17:43:06,201 - Epoch  63 Validation set [recall@5: 0.0419 recall@10: 0.0707 recall@20: 0.1160 ] [ndcg@5: 0.0503 ndcg@10: 0.0592 ndcg@20: 0.0745 ] 
2025-10-01 17:43:17,937 - Epoch  66 Validation set [recall@5: 0.0424 recall@10: 0.0722 recall@20: 0.1174 ] [ndcg@5: 0.0510 ndcg@10: 0.0600 ndcg@20: 0.0752 ] 
2025-10-01 17:43:29,526 - Epoch  69 Validation set [recall@5: 0.0425 recall@10: 0.0725 recall@20: 0.1178 ] [ndcg@5: 0.0509 ndcg@10: 0.0604 ndcg@20: 0.0756 ] 
2025-10-01 17:43:42,093 - Epoch  72 Validation set [recall@5: 0.0437 recall@10: 0.0735 recall@20: 0.1183 ] [ndcg@5: 0.0520 ndcg@10: 0.0613 ndcg@20: 0.0764 ] 
2025-10-01 17:43:54,092 - Epoch  75 Validation set [recall@5: 0.0441 recall@10: 0.0733 recall@20: 0.1192 ] [ndcg@5: 0.0525 ndcg@10: 0.0616 ndcg@20: 0.0771 ] 
2025-10-01 17:44:06,461 - Epoch  78 Validation set [recall@5: 0.0446 recall@10: 0.0753 recall@20: 0.1212 ] [ndcg@5: 0.0527 ndcg@10: 0.0623 ndcg@20: 0.0780 ] 
2025-10-01 17:44:19,184 - Epoch  81 Validation set [recall@5: 0.0450 recall@10: 0.0752 recall@20: 0.1212 ] [ndcg@5: 0.0527 ndcg@10: 0.0621 ndcg@20: 0.0775 ] 
2025-10-01 17:44:30,652 - Epoch  84 Validation set [recall@5: 0.0450 recall@10: 0.0754 recall@20: 0.1229 ] [ndcg@5: 0.0535 ndcg@10: 0.0628 ndcg@20: 0.0788 ] 
2025-10-01 17:44:42,874 - Epoch  87 Validation set [recall@5: 0.0459 recall@10: 0.0759 recall@20: 0.1225 ] [ndcg@5: 0.0540 ndcg@10: 0.0632 ndcg@20: 0.0789 ] 
2025-10-01 17:44:55,357 - Epoch  90 Validation set [recall@5: 0.0453 recall@10: 0.0758 recall@20: 0.1242 ] [ndcg@5: 0.0537 ndcg@10: 0.0632 ndcg@20: 0.0794 ] 
2025-10-01 17:45:07,380 - Epoch  93 Validation set [recall@5: 0.0455 recall@10: 0.0765 recall@20: 0.1251 ] [ndcg@5: 0.0538 ndcg@10: 0.0633 ndcg@20: 0.0795 ] 
2025-10-01 17:45:18,876 - Epoch  96 Validation set [recall@5: 0.0460 recall@10: 0.0774 recall@20: 0.1248 ] [ndcg@5: 0.0543 ndcg@10: 0.0641 ndcg@20: 0.0799 ] 
2025-10-01 17:45:30,712 - Epoch  99 Validation set [recall@5: 0.0464 recall@10: 0.0774 recall@20: 0.1250 ] [ndcg@5: 0.0550 ndcg@10: 0.0647 ndcg@20: 0.0805 ] 
2025-10-01 17:45:43,171 - Epoch 102 Validation set [recall@5: 0.0471 recall@10: 0.0777 recall@20: 0.1248 ] [ndcg@5: 0.0553 ndcg@10: 0.0648 ndcg@20: 0.0805 ] 
2025-10-01 17:45:54,540 - Epoch 105 Validation set [recall@5: 0.0475 recall@10: 0.0793 recall@20: 0.1254 ] [ndcg@5: 0.0558 ndcg@10: 0.0654 ndcg@20: 0.0807 ] 
2025-10-01 17:46:06,240 - Epoch 108 Validation set [recall@5: 0.0479 recall@10: 0.0780 recall@20: 0.1253 ] [ndcg@5: 0.0558 ndcg@10: 0.0649 ndcg@20: 0.0807 ] 
2025-10-01 17:46:17,613 - Epoch 111 Validation set [recall@5: 0.0469 recall@10: 0.0777 recall@20: 0.1270 ] [ndcg@5: 0.0558 ndcg@10: 0.0652 ndcg@20: 0.0816 ] 
2025-10-01 17:46:29,133 - Epoch 114 Validation set [recall@5: 0.0474 recall@10: 0.0789 recall@20: 0.1267 ] [ndcg@5: 0.0560 ndcg@10: 0.0656 ndcg@20: 0.0815 ] 
2025-10-01 17:46:40,437 - Epoch 117 Validation set [recall@5: 0.0474 recall@10: 0.0787 recall@20: 0.1275 ] [ndcg@5: 0.0560 ndcg@10: 0.0656 ndcg@20: 0.0820 ] 
2025-10-01 17:46:52,269 - Epoch 120 Validation set [recall@5: 0.0474 recall@10: 0.0787 recall@20: 0.1278 ] [ndcg@5: 0.0555 ndcg@10: 0.0654 ndcg@20: 0.0817 ] 
2025-10-01 17:47:04,250 - Epoch 123 Validation set [recall@5: 0.0472 recall@10: 0.0796 recall@20: 0.1276 ] [ndcg@5: 0.0559 ndcg@10: 0.0659 ndcg@20: 0.0818 ] 
2025-10-01 17:47:17,090 - Epoch 126 Validation set [recall@5: 0.0476 recall@10: 0.0792 recall@20: 0.1275 ] [ndcg@5: 0.0560 ndcg@10: 0.0656 ndcg@20: 0.0817 ] 
2025-10-01 17:47:29,312 - Epoch 129 Validation set [recall@5: 0.0474 recall@10: 0.0801 recall@20: 0.1271 ] [ndcg@5: 0.0554 ndcg@10: 0.0656 ndcg@20: 0.0813 ] 
2025-10-01 17:47:41,166 - Epoch 132 Validation set [recall@5: 0.0472 recall@10: 0.0793 recall@20: 0.1281 ] [ndcg@5: 0.0554 ndcg@10: 0.0654 ndcg@20: 0.0816 ] 
2025-10-01 17:47:53,893 - Epoch 135 Validation set [recall@5: 0.0477 recall@10: 0.0781 recall@20: 0.1280 ] [ndcg@5: 0.0557 ndcg@10: 0.0651 ndcg@20: 0.0817 ] 
2025-10-01 17:48:05,673 - Epoch 138 Validation set [recall@5: 0.0486 recall@10: 0.0781 recall@20: 0.1291 ] [ndcg@5: 0.0565 ndcg@10: 0.0650 ndcg@20: 0.0822 ] 
2025-10-01 17:48:17,261 - Epoch 141 Validation set [recall@5: 0.0482 recall@10: 0.0789 recall@20: 0.1286 ] [ndcg@5: 0.0567 ndcg@10: 0.0657 ndcg@20: 0.0822 ] 
2025-10-01 17:48:29,434 - Epoch 144 Validation set [recall@5: 0.0489 recall@10: 0.0788 recall@20: 0.1284 ] [ndcg@5: 0.0572 ndcg@10: 0.0659 ndcg@20: 0.0824 ] 
2025-10-01 17:48:41,728 - Epoch 147 Validation set [recall@5: 0.0486 recall@10: 0.0796 recall@20: 0.1284 ] [ndcg@5: 0.0564 ndcg@10: 0.0658 ndcg@20: 0.0822 ] 
2025-10-01 17:48:53,686 - Epoch 150 Validation set [recall@5: 0.0481 recall@10: 0.0796 recall@20: 0.1301 ] [ndcg@5: 0.0569 ndcg@10: 0.0663 ndcg@20: 0.0833 ] 
2025-10-01 17:49:06,667 - Epoch 153 Validation set [recall@5: 0.0487 recall@10: 0.0800 recall@20: 0.1296 ] [ndcg@5: 0.0570 ndcg@10: 0.0664 ndcg@20: 0.0830 ] 
2025-10-01 17:49:19,176 - Epoch 156 Validation set [recall@5: 0.0472 recall@10: 0.0799 recall@20: 0.1300 ] [ndcg@5: 0.0563 ndcg@10: 0.0661 ndcg@20: 0.0829 ] 
2025-10-01 17:49:30,903 - Epoch 159 Validation set [recall@5: 0.0478 recall@10: 0.0799 recall@20: 0.1306 ] [ndcg@5: 0.0568 ndcg@10: 0.0664 ndcg@20: 0.0833 ] 
2025-10-01 17:49:42,904 - Epoch 162 Validation set [recall@5: 0.0477 recall@10: 0.0800 recall@20: 0.1326 ] [ndcg@5: 0.0564 ndcg@10: 0.0661 ndcg@20: 0.0837 ] 
2025-10-01 17:49:54,482 - Epoch 165 Validation set [recall@5: 0.0481 recall@10: 0.0805 recall@20: 0.1319 ] [ndcg@5: 0.0570 ndcg@10: 0.0667 ndcg@20: 0.0838 ] 
2025-10-01 17:50:06,415 - Epoch 168 Validation set [recall@5: 0.0482 recall@10: 0.0805 recall@20: 0.1310 ] [ndcg@5: 0.0575 ndcg@10: 0.0674 ndcg@20: 0.0840 ] 
2025-10-01 17:50:17,679 - Epoch 171 Validation set [recall@5: 0.0481 recall@10: 0.0816 recall@20: 0.1312 ] [ndcg@5: 0.0573 ndcg@10: 0.0674 ndcg@20: 0.0840 ] 
2025-10-01 17:50:29,327 - Epoch 174 Validation set [recall@5: 0.0489 recall@10: 0.0813 recall@20: 0.1317 ] [ndcg@5: 0.0582 ndcg@10: 0.0678 ndcg@20: 0.0845 ] 
2025-10-01 17:50:41,276 - Epoch 177 Validation set [recall@5: 0.0485 recall@10: 0.0811 recall@20: 0.1306 ] [ndcg@5: 0.0574 ndcg@10: 0.0671 ndcg@20: 0.0837 ] 
2025-10-01 17:50:43,168 - [recall@5: 0.0486 recall@10: 0.0806 recall@20: 0.1321 ] [ndcg@5: 0.0556 ndcg@10: 0.0659 ndcg@20: 0.0835 ] 
2025-10-01 17:50:48,975 - Epoch   0 Validation set [recall@5: 0.0073 recall@10: 0.0125 recall@20: 0.0214 ] [ndcg@5: 0.0098 ndcg@10: 0.0112 ndcg@20: 0.0141 ] 
2025-10-01 17:51:01,802 - Epoch   3 Validation set [recall@5: 0.0253 recall@10: 0.0445 recall@20: 0.0715 ] [ndcg@5: 0.0317 ndcg@10: 0.0372 ndcg@20: 0.0461 ] 
2025-10-01 17:51:14,444 - Epoch   6 Validation set [recall@5: 0.0305 recall@10: 0.0501 recall@20: 0.0834 ] [ndcg@5: 0.0363 ndcg@10: 0.0420 ndcg@20: 0.0531 ] 
2025-10-01 17:51:27,278 - Epoch   9 Validation set [recall@5: 0.0309 recall@10: 0.0518 recall@20: 0.0861 ] [ndcg@5: 0.0369 ndcg@10: 0.0431 ndcg@20: 0.0545 ] 
2025-10-01 17:51:38,683 - Epoch  12 Validation set [recall@5: 0.0324 recall@10: 0.0530 recall@20: 0.0875 ] [ndcg@5: 0.0378 ndcg@10: 0.0438 ndcg@20: 0.0553 ] 
2025-10-01 17:51:50,953 - Epoch  15 Validation set [recall@5: 0.0323 recall@10: 0.0530 recall@20: 0.0899 ] [ndcg@5: 0.0377 ndcg@10: 0.0439 ndcg@20: 0.0562 ] 
2025-10-01 17:52:03,276 - Epoch  18 Validation set [recall@5: 0.0325 recall@10: 0.0550 recall@20: 0.0912 ] [ndcg@5: 0.0376 ndcg@10: 0.0448 ndcg@20: 0.0569 ] 
2025-10-01 17:52:15,014 - Epoch  21 Validation set [recall@5: 0.0336 recall@10: 0.0562 recall@20: 0.0911 ] [ndcg@5: 0.0387 ndcg@10: 0.0458 ndcg@20: 0.0574 ] 
2025-10-01 17:52:26,872 - Epoch  24 Validation set [recall@5: 0.0337 recall@10: 0.0561 recall@20: 0.0918 ] [ndcg@5: 0.0392 ndcg@10: 0.0462 ndcg@20: 0.0581 ] 
2025-10-01 17:52:39,252 - Epoch  27 Validation set [recall@5: 0.0339 recall@10: 0.0575 recall@20: 0.0929 ] [ndcg@5: 0.0395 ndcg@10: 0.0470 ndcg@20: 0.0588 ] 
2025-10-01 17:52:51,154 - Epoch  30 Validation set [recall@5: 0.0345 recall@10: 0.0572 recall@20: 0.0931 ] [ndcg@5: 0.0397 ndcg@10: 0.0468 ndcg@20: 0.0588 ] 
2025-10-01 17:53:03,620 - Epoch  33 Validation set [recall@5: 0.0341 recall@10: 0.0574 recall@20: 0.0925 ] [ndcg@5: 0.0400 ndcg@10: 0.0473 ndcg@20: 0.0590 ] 
2025-10-01 17:53:16,194 - Epoch  36 Validation set [recall@5: 0.0342 recall@10: 0.0580 recall@20: 0.0930 ] [ndcg@5: 0.0402 ndcg@10: 0.0477 ndcg@20: 0.0594 ] 
2025-10-01 17:53:28,102 - Epoch  39 Validation set [recall@5: 0.0348 recall@10: 0.0583 recall@20: 0.0930 ] [ndcg@5: 0.0406 ndcg@10: 0.0481 ndcg@20: 0.0596 ] 
2025-10-01 17:53:39,655 - Epoch  42 Validation set [recall@5: 0.0341 recall@10: 0.0584 recall@20: 0.0949 ] [ndcg@5: 0.0403 ndcg@10: 0.0480 ndcg@20: 0.0602 ] 
2025-10-01 17:53:52,070 - Epoch  45 Validation set [recall@5: 0.0348 recall@10: 0.0582 recall@20: 0.0953 ] [ndcg@5: 0.0410 ndcg@10: 0.0481 ndcg@20: 0.0605 ] 
2025-10-01 17:54:03,444 - Epoch  48 Validation set [recall@5: 0.0348 recall@10: 0.0591 recall@20: 0.0958 ] [ndcg@5: 0.0411 ndcg@10: 0.0486 ndcg@20: 0.0608 ] 
2025-10-01 17:54:15,517 - Epoch  51 Validation set [recall@5: 0.0347 recall@10: 0.0600 recall@20: 0.0967 ] [ndcg@5: 0.0408 ndcg@10: 0.0490 ndcg@20: 0.0612 ] 
2025-10-01 17:54:28,417 - Epoch  54 Validation set [recall@5: 0.0349 recall@10: 0.0610 recall@20: 0.0974 ] [ndcg@5: 0.0413 ndcg@10: 0.0497 ndcg@20: 0.0619 ] 
2025-10-01 17:54:40,823 - Epoch  57 Validation set [recall@5: 0.0349 recall@10: 0.0611 recall@20: 0.0970 ] [ndcg@5: 0.0413 ndcg@10: 0.0498 ndcg@20: 0.0617 ] 
2025-10-01 17:54:53,560 - Epoch  60 Validation set [recall@5: 0.0353 recall@10: 0.0606 recall@20: 0.0979 ] [ndcg@5: 0.0414 ndcg@10: 0.0494 ndcg@20: 0.0618 ] 
2025-10-01 17:55:04,864 - Epoch  63 Validation set [recall@5: 0.0352 recall@10: 0.0609 recall@20: 0.0990 ] [ndcg@5: 0.0411 ndcg@10: 0.0494 ndcg@20: 0.0621 ] 
2025-10-01 17:55:17,342 - Epoch  66 Validation set [recall@5: 0.0351 recall@10: 0.0611 recall@20: 0.0986 ] [ndcg@5: 0.0413 ndcg@10: 0.0497 ndcg@20: 0.0622 ] 
2025-10-01 17:55:29,431 - Epoch  69 Validation set [recall@5: 0.0353 recall@10: 0.0613 recall@20: 0.0986 ] [ndcg@5: 0.0415 ndcg@10: 0.0499 ndcg@20: 0.0624 ] 
2025-10-01 17:55:41,004 - Epoch  72 Validation set [recall@5: 0.0356 recall@10: 0.0613 recall@20: 0.0998 ] [ndcg@5: 0.0418 ndcg@10: 0.0501 ndcg@20: 0.0630 ] 
2025-10-01 17:55:53,309 - Epoch  75 Validation set [recall@5: 0.0358 recall@10: 0.0609 recall@20: 0.1000 ] [ndcg@5: 0.0420 ndcg@10: 0.0500 ndcg@20: 0.0631 ] 
2025-10-01 17:56:05,425 - Epoch  78 Validation set [recall@5: 0.0359 recall@10: 0.0615 recall@20: 0.0991 ] [ndcg@5: 0.0423 ndcg@10: 0.0504 ndcg@20: 0.0630 ] 
2025-10-01 17:56:18,236 - Epoch  81 Validation set [recall@5: 0.0362 recall@10: 0.0607 recall@20: 0.1003 ] [ndcg@5: 0.0426 ndcg@10: 0.0502 ndcg@20: 0.0634 ] 
2025-10-01 17:56:30,729 - Epoch  84 Validation set [recall@5: 0.0366 recall@10: 0.0604 recall@20: 0.1008 ] [ndcg@5: 0.0428 ndcg@10: 0.0500 ndcg@20: 0.0636 ] 
2025-10-01 17:56:42,566 - Epoch  87 Validation set [recall@5: 0.0363 recall@10: 0.0611 recall@20: 0.0991 ] [ndcg@5: 0.0424 ndcg@10: 0.0501 ndcg@20: 0.0629 ] 
2025-10-01 17:56:55,354 - Epoch  90 Validation set [recall@5: 0.0360 recall@10: 0.0613 recall@20: 0.0997 ] [ndcg@5: 0.0424 ndcg@10: 0.0504 ndcg@20: 0.0631 ] 
2025-10-01 17:57:07,601 - Epoch  93 Validation set [recall@5: 0.0357 recall@10: 0.0609 recall@20: 0.0992 ] [ndcg@5: 0.0426 ndcg@10: 0.0504 ndcg@20: 0.0631 ] 
2025-10-01 17:57:19,395 - Epoch  96 Validation set [recall@5: 0.0361 recall@10: 0.0607 recall@20: 0.1004 ] [ndcg@5: 0.0426 ndcg@10: 0.0503 ndcg@20: 0.0635 ] 
2025-10-01 17:57:30,901 - Epoch  99 Validation set [recall@5: 0.0360 recall@10: 0.0616 recall@20: 0.1010 ] [ndcg@5: 0.0426 ndcg@10: 0.0507 ndcg@20: 0.0638 ] 
2025-10-01 17:57:43,791 - Epoch 102 Validation set [recall@5: 0.0363 recall@10: 0.0621 recall@20: 0.1024 ] [ndcg@5: 0.0426 ndcg@10: 0.0508 ndcg@20: 0.0643 ] 
2025-10-01 17:57:55,805 - Epoch 105 Validation set [recall@5: 0.0363 recall@10: 0.0621 recall@20: 0.1020 ] [ndcg@5: 0.0427 ndcg@10: 0.0508 ndcg@20: 0.0642 ] 
2025-10-01 17:58:08,403 - Epoch 108 Validation set [recall@5: 0.0359 recall@10: 0.0619 recall@20: 0.1021 ] [ndcg@5: 0.0427 ndcg@10: 0.0508 ndcg@20: 0.0642 ] 
2025-10-01 17:58:21,230 - Epoch 111 Validation set [recall@5: 0.0362 recall@10: 0.0616 recall@20: 0.1018 ] [ndcg@5: 0.0426 ndcg@10: 0.0505 ndcg@20: 0.0639 ] 
2025-10-01 17:58:32,981 - Epoch 114 Validation set [recall@5: 0.0367 recall@10: 0.0619 recall@20: 0.1019 ] [ndcg@5: 0.0430 ndcg@10: 0.0508 ndcg@20: 0.0641 ] 
2025-10-01 17:58:45,003 - Epoch 117 Validation set [recall@5: 0.0368 recall@10: 0.0616 recall@20: 0.1021 ] [ndcg@5: 0.0432 ndcg@10: 0.0508 ndcg@20: 0.0643 ] 
2025-10-01 17:58:46,802 - [recall@5: 0.0344 recall@10: 0.0599 recall@20: 0.0979 ] [ndcg@5: 0.0406 ndcg@10: 0.0489 ndcg@20: 0.0619 ] 
2025-10-01 17:58:50,752 - Epoch   0 Validation set [recall@5: 0.0096 recall@10: 0.0137 recall@20: 0.0249 ] [ndcg@5: 0.0112 ndcg@10: 0.0120 ndcg@20: 0.0158 ] 
2025-10-01 17:59:00,713 - Epoch   3 Validation set [recall@5: 0.0256 recall@10: 0.0432 recall@20: 0.0708 ] [ndcg@5: 0.0311 ndcg@10: 0.0361 ndcg@20: 0.0452 ] 
2025-10-01 17:59:10,188 - Epoch   6 Validation set [recall@5: 0.0302 recall@10: 0.0501 recall@20: 0.0809 ] [ndcg@5: 0.0359 ndcg@10: 0.0419 ndcg@20: 0.0521 ] 
2025-10-01 17:59:20,322 - Epoch   9 Validation set [recall@5: 0.0303 recall@10: 0.0528 recall@20: 0.0850 ] [ndcg@5: 0.0364 ndcg@10: 0.0433 ndcg@20: 0.0541 ] 
2025-10-01 17:59:30,018 - Epoch  12 Validation set [recall@5: 0.0318 recall@10: 0.0533 recall@20: 0.0878 ] [ndcg@5: 0.0372 ndcg@10: 0.0438 ndcg@20: 0.0553 ] 
2025-10-01 17:59:39,892 - Epoch  15 Validation set [recall@5: 0.0320 recall@10: 0.0535 recall@20: 0.0903 ] [ndcg@5: 0.0378 ndcg@10: 0.0444 ndcg@20: 0.0567 ] 
2025-10-01 17:59:49,570 - Epoch  18 Validation set [recall@5: 0.0329 recall@10: 0.0554 recall@20: 0.0927 ] [ndcg@5: 0.0389 ndcg@10: 0.0457 ndcg@20: 0.0582 ] 
2025-10-01 17:59:59,373 - Epoch  21 Validation set [recall@5: 0.0339 recall@10: 0.0571 recall@20: 0.0956 ] [ndcg@5: 0.0397 ndcg@10: 0.0468 ndcg@20: 0.0598 ] 
2025-10-01 18:00:09,117 - Epoch  24 Validation set [recall@5: 0.0346 recall@10: 0.0589 recall@20: 0.0978 ] [ndcg@5: 0.0401 ndcg@10: 0.0478 ndcg@20: 0.0610 ] 
2025-10-01 18:00:19,505 - Epoch  27 Validation set [recall@5: 0.0358 recall@10: 0.0613 recall@20: 0.1009 ] [ndcg@5: 0.0414 ndcg@10: 0.0495 ndcg@20: 0.0631 ] 
2025-10-01 18:00:29,249 - Epoch  30 Validation set [recall@5: 0.0370 recall@10: 0.0631 recall@20: 0.1039 ] [ndcg@5: 0.0429 ndcg@10: 0.0511 ndcg@20: 0.0649 ] 
2025-10-01 18:00:39,248 - Epoch  33 Validation set [recall@5: 0.0366 recall@10: 0.0643 recall@20: 0.1051 ] [ndcg@5: 0.0433 ndcg@10: 0.0521 ndcg@20: 0.0659 ] 
2025-10-01 18:00:48,913 - Epoch  36 Validation set [recall@5: 0.0381 recall@10: 0.0648 recall@20: 0.1072 ] [ndcg@5: 0.0446 ndcg@10: 0.0528 ndcg@20: 0.0672 ] 
2025-10-01 18:00:58,940 - Epoch  39 Validation set [recall@5: 0.0392 recall@10: 0.0658 recall@20: 0.1105 ] [ndcg@5: 0.0460 ndcg@10: 0.0540 ndcg@20: 0.0691 ] 
2025-10-01 18:01:08,506 - Epoch  42 Validation set [recall@5: 0.0403 recall@10: 0.0664 recall@20: 0.1113 ] [ndcg@5: 0.0472 ndcg@10: 0.0550 ndcg@20: 0.0701 ] 
2025-10-01 18:01:18,493 - Epoch  45 Validation set [recall@5: 0.0403 recall@10: 0.0681 recall@20: 0.1120 ] [ndcg@5: 0.0475 ndcg@10: 0.0561 ndcg@20: 0.0708 ] 
2025-10-01 18:01:28,319 - Epoch  48 Validation set [recall@5: 0.0405 recall@10: 0.0672 recall@20: 0.1124 ] [ndcg@5: 0.0481 ndcg@10: 0.0563 ndcg@20: 0.0714 ] 
2025-10-01 18:01:38,204 - Epoch  51 Validation set [recall@5: 0.0408 recall@10: 0.0690 recall@20: 0.1135 ] [ndcg@5: 0.0488 ndcg@10: 0.0574 ndcg@20: 0.0723 ] 
2025-10-01 18:01:48,207 - Epoch  54 Validation set [recall@5: 0.0416 recall@10: 0.0702 recall@20: 0.1154 ] [ndcg@5: 0.0489 ndcg@10: 0.0579 ndcg@20: 0.0730 ] 
2025-10-01 18:01:58,073 - Epoch  57 Validation set [recall@5: 0.0430 recall@10: 0.0713 recall@20: 0.1165 ] [ndcg@5: 0.0502 ndcg@10: 0.0590 ndcg@20: 0.0741 ] 
2025-10-01 18:02:08,177 - Epoch  60 Validation set [recall@5: 0.0434 recall@10: 0.0716 recall@20: 0.1173 ] [ndcg@5: 0.0509 ndcg@10: 0.0596 ndcg@20: 0.0748 ] 
2025-10-01 18:02:17,890 - Epoch  63 Validation set [recall@5: 0.0425 recall@10: 0.0728 recall@20: 0.1181 ] [ndcg@5: 0.0505 ndcg@10: 0.0600 ndcg@20: 0.0751 ] 
2025-10-01 18:02:27,714 - Epoch  66 Validation set [recall@5: 0.0434 recall@10: 0.0716 recall@20: 0.1172 ] [ndcg@5: 0.0515 ndcg@10: 0.0599 ndcg@20: 0.0753 ] 
2025-10-01 18:02:36,653 - Epoch  69 Validation set [recall@5: 0.0437 recall@10: 0.0729 recall@20: 0.1173 ] [ndcg@5: 0.0515 ndcg@10: 0.0605 ndcg@20: 0.0754 ] 
2025-10-01 18:02:47,190 - Epoch  72 Validation set [recall@5: 0.0434 recall@10: 0.0736 recall@20: 0.1189 ] [ndcg@5: 0.0516 ndcg@10: 0.0610 ndcg@20: 0.0760 ] 
2025-10-01 18:02:57,147 - Epoch  75 Validation set [recall@5: 0.0452 recall@10: 0.0740 recall@20: 0.1196 ] [ndcg@5: 0.0522 ndcg@10: 0.0609 ndcg@20: 0.0763 ] 
2025-10-01 18:03:07,437 - Epoch  78 Validation set [recall@5: 0.0441 recall@10: 0.0736 recall@20: 0.1193 ] [ndcg@5: 0.0516 ndcg@10: 0.0607 ndcg@20: 0.0760 ] 
2025-10-01 18:03:17,280 - Epoch  81 Validation set [recall@5: 0.0440 recall@10: 0.0735 recall@20: 0.1200 ] [ndcg@5: 0.0515 ndcg@10: 0.0607 ndcg@20: 0.0764 ] 
2025-10-01 18:03:27,389 - Epoch  84 Validation set [recall@5: 0.0441 recall@10: 0.0746 recall@20: 0.1208 ] [ndcg@5: 0.0514 ndcg@10: 0.0610 ndcg@20: 0.0767 ] 
2025-10-01 18:03:36,925 - Epoch  87 Validation set [recall@5: 0.0437 recall@10: 0.0730 recall@20: 0.1202 ] [ndcg@5: 0.0507 ndcg@10: 0.0600 ndcg@20: 0.0759 ] 
2025-10-01 18:03:47,197 - Epoch  90 Validation set [recall@5: 0.0437 recall@10: 0.0732 recall@20: 0.1205 ] [ndcg@5: 0.0512 ndcg@10: 0.0605 ndcg@20: 0.0764 ] 
2025-10-01 18:03:56,794 - Epoch  93 Validation set [recall@5: 0.0437 recall@10: 0.0732 recall@20: 0.1220 ] [ndcg@5: 0.0514 ndcg@10: 0.0606 ndcg@20: 0.0771 ] 
2025-10-01 18:04:07,040 - Epoch  96 Validation set [recall@5: 0.0434 recall@10: 0.0755 recall@20: 0.1213 ] [ndcg@5: 0.0518 ndcg@10: 0.0619 ndcg@20: 0.0772 ] 
2025-10-01 18:04:16,652 - Epoch  99 Validation set [recall@5: 0.0440 recall@10: 0.0752 recall@20: 0.1207 ] [ndcg@5: 0.0518 ndcg@10: 0.0616 ndcg@20: 0.0769 ] 
2025-10-01 18:04:26,675 - Epoch 102 Validation set [recall@5: 0.0444 recall@10: 0.0738 recall@20: 0.1210 ] [ndcg@5: 0.0529 ndcg@10: 0.0617 ndcg@20: 0.0775 ] 
2025-10-01 18:04:36,444 - Epoch 105 Validation set [recall@5: 0.0447 recall@10: 0.0740 recall@20: 0.1201 ] [ndcg@5: 0.0527 ndcg@10: 0.0615 ndcg@20: 0.0770 ] 
2025-10-01 18:04:46,601 - Epoch 108 Validation set [recall@5: 0.0437 recall@10: 0.0744 recall@20: 0.1209 ] [ndcg@5: 0.0515 ndcg@10: 0.0610 ndcg@20: 0.0769 ] 
2025-10-01 18:04:48,619 - [recall@5: 0.0437 recall@10: 0.0727 recall@20: 0.1214 ] [ndcg@5: 0.0507 ndcg@10: 0.0599 ndcg@20: 0.0764 ] 
2025-10-01 18:04:52,442 - Epoch   0 Validation set [recall@5: 0.0087 recall@10: 0.0140 recall@20: 0.0242 ] [ndcg@5: 0.0105 ndcg@10: 0.0120 ndcg@20: 0.0153 ] 
2025-10-01 18:05:02,603 - Epoch   3 Validation set [recall@5: 0.0254 recall@10: 0.0440 recall@20: 0.0705 ] [ndcg@5: 0.0306 ndcg@10: 0.0360 ndcg@20: 0.0448 ] 
2025-10-01 18:05:12,305 - Epoch   6 Validation set [recall@5: 0.0292 recall@10: 0.0503 recall@20: 0.0818 ] [ndcg@5: 0.0348 ndcg@10: 0.0416 ndcg@20: 0.0520 ] 
2025-10-01 18:05:22,504 - Epoch   9 Validation set [recall@5: 0.0305 recall@10: 0.0529 recall@20: 0.0862 ] [ndcg@5: 0.0359 ndcg@10: 0.0431 ndcg@20: 0.0541 ] 
2025-10-01 18:05:32,376 - Epoch  12 Validation set [recall@5: 0.0314 recall@10: 0.0552 recall@20: 0.0892 ] [ndcg@5: 0.0370 ndcg@10: 0.0447 ndcg@20: 0.0559 ] 
2025-10-01 18:05:42,302 - Epoch  15 Validation set [recall@5: 0.0330 recall@10: 0.0562 recall@20: 0.0908 ] [ndcg@5: 0.0386 ndcg@10: 0.0457 ndcg@20: 0.0572 ] 
2025-10-01 18:05:51,866 - Epoch  18 Validation set [recall@5: 0.0334 recall@10: 0.0569 recall@20: 0.0934 ] [ndcg@5: 0.0391 ndcg@10: 0.0466 ndcg@20: 0.0587 ] 
2025-10-01 18:06:02,235 - Epoch  21 Validation set [recall@5: 0.0338 recall@10: 0.0579 recall@20: 0.0935 ] [ndcg@5: 0.0395 ndcg@10: 0.0473 ndcg@20: 0.0593 ] 
2025-10-01 18:06:11,901 - Epoch  24 Validation set [recall@5: 0.0340 recall@10: 0.0585 recall@20: 0.0964 ] [ndcg@5: 0.0398 ndcg@10: 0.0478 ndcg@20: 0.0605 ] 
2025-10-01 18:06:21,812 - Epoch  27 Validation set [recall@5: 0.0348 recall@10: 0.0594 recall@20: 0.0971 ] [ndcg@5: 0.0407 ndcg@10: 0.0487 ndcg@20: 0.0611 ] 
2025-10-01 18:06:31,414 - Epoch  30 Validation set [recall@5: 0.0351 recall@10: 0.0603 recall@20: 0.0985 ] [ndcg@5: 0.0413 ndcg@10: 0.0497 ndcg@20: 0.0624 ] 
2025-10-01 18:06:41,390 - Epoch  33 Validation set [recall@5: 0.0350 recall@10: 0.0609 recall@20: 0.1004 ] [ndcg@5: 0.0420 ndcg@10: 0.0503 ndcg@20: 0.0635 ] 
2025-10-01 18:06:51,048 - Epoch  36 Validation set [recall@5: 0.0352 recall@10: 0.0611 recall@20: 0.1010 ] [ndcg@5: 0.0423 ndcg@10: 0.0506 ndcg@20: 0.0639 ] 
2025-10-01 18:07:01,125 - Epoch  39 Validation set [recall@5: 0.0355 recall@10: 0.0625 recall@20: 0.1028 ] [ndcg@5: 0.0425 ndcg@10: 0.0511 ndcg@20: 0.0647 ] 
2025-10-01 18:07:10,517 - Epoch  42 Validation set [recall@5: 0.0365 recall@10: 0.0630 recall@20: 0.1032 ] [ndcg@5: 0.0434 ndcg@10: 0.0519 ndcg@20: 0.0655 ] 
2025-10-01 18:07:20,059 - Epoch  45 Validation set [recall@5: 0.0365 recall@10: 0.0629 recall@20: 0.1047 ] [ndcg@5: 0.0438 ndcg@10: 0.0520 ndcg@20: 0.0661 ] 
2025-10-01 18:07:30,016 - Epoch  48 Validation set [recall@5: 0.0376 recall@10: 0.0652 recall@20: 0.1052 ] [ndcg@5: 0.0442 ndcg@10: 0.0530 ndcg@20: 0.0665 ] 
2025-10-01 18:07:39,516 - Epoch  51 Validation set [recall@5: 0.0379 recall@10: 0.0659 recall@20: 0.1065 ] [ndcg@5: 0.0443 ndcg@10: 0.0534 ndcg@20: 0.0671 ] 
2025-10-01 18:07:49,534 - Epoch  54 Validation set [recall@5: 0.0376 recall@10: 0.0660 recall@20: 0.1065 ] [ndcg@5: 0.0447 ndcg@10: 0.0540 ndcg@20: 0.0675 ] 
2025-10-01 18:07:59,525 - Epoch  57 Validation set [recall@5: 0.0383 recall@10: 0.0670 recall@20: 0.1085 ] [ndcg@5: 0.0451 ndcg@10: 0.0545 ndcg@20: 0.0683 ] 
2025-10-01 18:08:09,714 - Epoch  60 Validation set [recall@5: 0.0391 recall@10: 0.0673 recall@20: 0.1093 ] [ndcg@5: 0.0457 ndcg@10: 0.0546 ndcg@20: 0.0688 ] 
2025-10-01 18:08:20,117 - Epoch  63 Validation set [recall@5: 0.0391 recall@10: 0.0669 recall@20: 0.1099 ] [ndcg@5: 0.0462 ndcg@10: 0.0548 ndcg@20: 0.0694 ] 
2025-10-01 18:08:30,583 - Epoch  66 Validation set [recall@5: 0.0385 recall@10: 0.0668 recall@20: 0.1098 ] [ndcg@5: 0.0461 ndcg@10: 0.0550 ndcg@20: 0.0696 ] 
2025-10-01 18:08:40,446 - Epoch  69 Validation set [recall@5: 0.0396 recall@10: 0.0669 recall@20: 0.1106 ] [ndcg@5: 0.0473 ndcg@10: 0.0557 ndcg@20: 0.0703 ] 
2025-10-01 18:08:50,735 - Epoch  72 Validation set [recall@5: 0.0388 recall@10: 0.0668 recall@20: 0.1109 ] [ndcg@5: 0.0468 ndcg@10: 0.0552 ndcg@20: 0.0701 ] 
2025-10-01 18:09:00,562 - Epoch  75 Validation set [recall@5: 0.0397 recall@10: 0.0669 recall@20: 0.1116 ] [ndcg@5: 0.0473 ndcg@10: 0.0555 ndcg@20: 0.0706 ] 
2025-10-01 18:09:10,696 - Epoch  78 Validation set [recall@5: 0.0398 recall@10: 0.0682 recall@20: 0.1106 ] [ndcg@5: 0.0474 ndcg@10: 0.0561 ndcg@20: 0.0704 ] 
2025-10-01 18:09:20,535 - Epoch  81 Validation set [recall@5: 0.0398 recall@10: 0.0676 recall@20: 0.1104 ] [ndcg@5: 0.0472 ndcg@10: 0.0557 ndcg@20: 0.0702 ] 
2025-10-01 18:09:30,999 - Epoch  84 Validation set [recall@5: 0.0401 recall@10: 0.0679 recall@20: 0.1111 ] [ndcg@5: 0.0475 ndcg@10: 0.0560 ndcg@20: 0.0706 ] 
2025-10-01 18:09:40,959 - Epoch  87 Validation set [recall@5: 0.0406 recall@10: 0.0690 recall@20: 0.1116 ] [ndcg@5: 0.0474 ndcg@10: 0.0564 ndcg@20: 0.0707 ] 
2025-10-01 18:09:50,825 - Epoch  90 Validation set [recall@5: 0.0400 recall@10: 0.0688 recall@20: 0.1126 ] [ndcg@5: 0.0476 ndcg@10: 0.0566 ndcg@20: 0.0713 ] 
2025-10-01 18:10:00,703 - Epoch  93 Validation set [recall@5: 0.0404 recall@10: 0.0678 recall@20: 0.1117 ] [ndcg@5: 0.0477 ndcg@10: 0.0562 ndcg@20: 0.0710 ] 
2025-10-01 18:10:10,898 - Epoch  96 Validation set [recall@5: 0.0401 recall@10: 0.0688 recall@20: 0.1120 ] [ndcg@5: 0.0477 ndcg@10: 0.0568 ndcg@20: 0.0714 ] 
2025-10-01 18:10:20,592 - Epoch  99 Validation set [recall@5: 0.0401 recall@10: 0.0684 recall@20: 0.1128 ] [ndcg@5: 0.0477 ndcg@10: 0.0566 ndcg@20: 0.0717 ] 
2025-10-01 18:10:30,948 - Epoch 102 Validation set [recall@5: 0.0415 recall@10: 0.0698 recall@20: 0.1130 ] [ndcg@5: 0.0486 ndcg@10: 0.0573 ndcg@20: 0.0719 ] 
2025-10-01 18:10:41,168 - Epoch 105 Validation set [recall@5: 0.0413 recall@10: 0.0695 recall@20: 0.1139 ] [ndcg@5: 0.0483 ndcg@10: 0.0572 ndcg@20: 0.0721 ] 
2025-10-01 18:10:51,310 - Epoch 108 Validation set [recall@5: 0.0417 recall@10: 0.0687 recall@20: 0.1125 ] [ndcg@5: 0.0491 ndcg@10: 0.0572 ndcg@20: 0.0722 ] 
2025-10-01 18:11:01,790 - Epoch 111 Validation set [recall@5: 0.0416 recall@10: 0.0700 recall@20: 0.1134 ] [ndcg@5: 0.0489 ndcg@10: 0.0577 ndcg@20: 0.0725 ] 
2025-10-01 18:11:11,726 - Epoch 114 Validation set [recall@5: 0.0414 recall@10: 0.0703 recall@20: 0.1140 ] [ndcg@5: 0.0485 ndcg@10: 0.0576 ndcg@20: 0.0725 ] 
2025-10-01 18:11:22,160 - Epoch 117 Validation set [recall@5: 0.0414 recall@10: 0.0703 recall@20: 0.1140 ] [ndcg@5: 0.0489 ndcg@10: 0.0580 ndcg@20: 0.0728 ] 
2025-10-01 18:11:32,013 - Epoch 120 Validation set [recall@5: 0.0421 recall@10: 0.0704 recall@20: 0.1139 ] [ndcg@5: 0.0490 ndcg@10: 0.0581 ndcg@20: 0.0727 ] 
2025-10-01 18:11:41,985 - Epoch 123 Validation set [recall@5: 0.0417 recall@10: 0.0692 recall@20: 0.1150 ] [ndcg@5: 0.0489 ndcg@10: 0.0575 ndcg@20: 0.0729 ] 
2025-10-01 18:11:51,726 - Epoch 126 Validation set [recall@5: 0.0427 recall@10: 0.0713 recall@20: 0.1149 ] [ndcg@5: 0.0495 ndcg@10: 0.0583 ndcg@20: 0.0730 ] 
2025-10-01 18:12:02,220 - Epoch 129 Validation set [recall@5: 0.0416 recall@10: 0.0718 recall@20: 0.1154 ] [ndcg@5: 0.0488 ndcg@10: 0.0585 ndcg@20: 0.0731 ] 
2025-10-01 18:12:11,951 - Epoch 132 Validation set [recall@5: 0.0431 recall@10: 0.0726 recall@20: 0.1162 ] [ndcg@5: 0.0498 ndcg@10: 0.0591 ndcg@20: 0.0738 ] 
2025-10-01 18:12:22,246 - Epoch 135 Validation set [recall@5: 0.0423 recall@10: 0.0714 recall@20: 0.1155 ] [ndcg@5: 0.0494 ndcg@10: 0.0588 ndcg@20: 0.0736 ] 
2025-10-01 18:12:32,351 - Epoch 138 Validation set [recall@5: 0.0420 recall@10: 0.0721 recall@20: 0.1154 ] [ndcg@5: 0.0493 ndcg@10: 0.0589 ndcg@20: 0.0733 ] 
2025-10-01 18:12:42,585 - Epoch 141 Validation set [recall@5: 0.0429 recall@10: 0.0716 recall@20: 0.1163 ] [ndcg@5: 0.0499 ndcg@10: 0.0589 ndcg@20: 0.0737 ] 
2025-10-01 18:12:51,477 - Epoch 144 Validation set [recall@5: 0.0427 recall@10: 0.0710 recall@20: 0.1158 ] [ndcg@5: 0.0503 ndcg@10: 0.0589 ndcg@20: 0.0738 ] 
2025-10-01 18:13:01,512 - Epoch 147 Validation set [recall@5: 0.0423 recall@10: 0.0708 recall@20: 0.1164 ] [ndcg@5: 0.0498 ndcg@10: 0.0588 ndcg@20: 0.0739 ] 
2025-10-01 18:13:11,262 - Epoch 150 Validation set [recall@5: 0.0423 recall@10: 0.0716 recall@20: 0.1163 ] [ndcg@5: 0.0499 ndcg@10: 0.0588 ndcg@20: 0.0738 ] 
2025-10-01 18:13:21,305 - Epoch 153 Validation set [recall@5: 0.0426 recall@10: 0.0713 recall@20: 0.1160 ] [ndcg@5: 0.0497 ndcg@10: 0.0584 ndcg@20: 0.0735 ] 
2025-10-01 18:13:31,105 - Epoch 156 Validation set [recall@5: 0.0429 recall@10: 0.0714 recall@20: 0.1171 ] [ndcg@5: 0.0500 ndcg@10: 0.0588 ndcg@20: 0.0741 ] 
2025-10-01 18:13:41,287 - Epoch 159 Validation set [recall@5: 0.0425 recall@10: 0.0718 recall@20: 0.1159 ] [ndcg@5: 0.0497 ndcg@10: 0.0587 ndcg@20: 0.0734 ] 
2025-10-01 18:13:50,944 - Epoch 162 Validation set [recall@5: 0.0421 recall@10: 0.0721 recall@20: 0.1174 ] [ndcg@5: 0.0497 ndcg@10: 0.0590 ndcg@20: 0.0743 ] 
2025-10-01 18:14:01,154 - Epoch 165 Validation set [recall@5: 0.0425 recall@10: 0.0716 recall@20: 0.1177 ] [ndcg@5: 0.0502 ndcg@10: 0.0591 ndcg@20: 0.0745 ] 
2025-10-01 18:14:10,820 - Epoch 168 Validation set [recall@5: 0.0425 recall@10: 0.0715 recall@20: 0.1176 ] [ndcg@5: 0.0498 ndcg@10: 0.0591 ndcg@20: 0.0745 ] 
2025-10-01 18:14:20,952 - Epoch 171 Validation set [recall@5: 0.0419 recall@10: 0.0710 recall@20: 0.1154 ] [ndcg@5: 0.0492 ndcg@10: 0.0585 ndcg@20: 0.0735 ] 
2025-10-01 18:14:30,770 - Epoch 174 Validation set [recall@5: 0.0425 recall@10: 0.0723 recall@20: 0.1163 ] [ndcg@5: 0.0498 ndcg@10: 0.0592 ndcg@20: 0.0739 ] 
2025-10-01 18:14:41,001 - Epoch 177 Validation set [recall@5: 0.0420 recall@10: 0.0715 recall@20: 0.1156 ] [ndcg@5: 0.0496 ndcg@10: 0.0590 ndcg@20: 0.0738 ] 
2025-10-01 18:14:50,646 - Epoch 180 Validation set [recall@5: 0.0429 recall@10: 0.0728 recall@20: 0.1158 ] [ndcg@5: 0.0500 ndcg@10: 0.0593 ndcg@20: 0.0738 ] 
2025-10-01 18:14:52,588 - [recall@5: 0.0412 recall@10: 0.0685 recall@20: 0.1125 ] [ndcg@5: 0.0481 ndcg@10: 0.0564 ndcg@20: 0.0714 ] 
2025-10-01 18:14:57,250 - Epoch   0 Validation set [recall@5: 0.0081 recall@10: 0.0151 recall@20: 0.0242 ] [ndcg@5: 0.0102 ndcg@10: 0.0126 ndcg@20: 0.0154 ] 
2025-10-01 18:15:07,236 - Epoch   3 Validation set [recall@5: 0.0251 recall@10: 0.0422 recall@20: 0.0682 ] [ndcg@5: 0.0298 ndcg@10: 0.0347 ndcg@20: 0.0433 ] 
2025-10-01 18:15:17,512 - Epoch   6 Validation set [recall@5: 0.0306 recall@10: 0.0507 recall@20: 0.0843 ] [ndcg@5: 0.0359 ndcg@10: 0.0422 ndcg@20: 0.0534 ] 
2025-10-01 18:15:27,348 - Epoch   9 Validation set [recall@5: 0.0313 recall@10: 0.0522 recall@20: 0.0873 ] [ndcg@5: 0.0370 ndcg@10: 0.0435 ndcg@20: 0.0551 ] 
2025-10-01 18:15:37,327 - Epoch  12 Validation set [recall@5: 0.0326 recall@10: 0.0538 recall@20: 0.0889 ] [ndcg@5: 0.0380 ndcg@10: 0.0444 ndcg@20: 0.0561 ] 
2025-10-01 18:15:47,207 - Epoch  15 Validation set [recall@5: 0.0333 recall@10: 0.0541 recall@20: 0.0910 ] [ndcg@5: 0.0386 ndcg@10: 0.0448 ndcg@20: 0.0571 ] 
2025-10-01 18:15:57,494 - Epoch  18 Validation set [recall@5: 0.0333 recall@10: 0.0553 recall@20: 0.0930 ] [ndcg@5: 0.0386 ndcg@10: 0.0454 ndcg@20: 0.0581 ] 
2025-10-01 18:16:06,917 - Epoch  21 Validation set [recall@5: 0.0337 recall@10: 0.0571 recall@20: 0.0952 ] [ndcg@5: 0.0398 ndcg@10: 0.0471 ndcg@20: 0.0600 ] 
2025-10-01 18:16:16,614 - Epoch  24 Validation set [recall@5: 0.0350 recall@10: 0.0574 recall@20: 0.0981 ] [ndcg@5: 0.0411 ndcg@10: 0.0480 ndcg@20: 0.0617 ] 
2025-10-01 18:16:26,355 - Epoch  27 Validation set [recall@5: 0.0360 recall@10: 0.0594 recall@20: 0.1011 ] [ndcg@5: 0.0425 ndcg@10: 0.0496 ndcg@20: 0.0636 ] 
2025-10-01 18:16:36,393 - Epoch  30 Validation set [recall@5: 0.0366 recall@10: 0.0615 recall@20: 0.1012 ] [ndcg@5: 0.0432 ndcg@10: 0.0508 ndcg@20: 0.0642 ] 
2025-10-01 18:16:46,100 - Epoch  33 Validation set [recall@5: 0.0378 recall@10: 0.0629 recall@20: 0.1050 ] [ndcg@5: 0.0443 ndcg@10: 0.0520 ndcg@20: 0.0661 ] 
2025-10-01 18:16:56,338 - Epoch  36 Validation set [recall@5: 0.0384 recall@10: 0.0647 recall@20: 0.1071 ] [ndcg@5: 0.0448 ndcg@10: 0.0529 ndcg@20: 0.0671 ] 
2025-10-01 18:17:06,058 - Epoch  39 Validation set [recall@5: 0.0389 recall@10: 0.0659 recall@20: 0.1091 ] [ndcg@5: 0.0461 ndcg@10: 0.0542 ndcg@20: 0.0687 ] 
2025-10-01 18:17:16,271 - Epoch  42 Validation set [recall@5: 0.0402 recall@10: 0.0659 recall@20: 0.1109 ] [ndcg@5: 0.0479 ndcg@10: 0.0555 ndcg@20: 0.0704 ] 
2025-10-01 18:17:26,089 - Epoch  45 Validation set [recall@5: 0.0402 recall@10: 0.0675 recall@20: 0.1127 ] [ndcg@5: 0.0479 ndcg@10: 0.0562 ndcg@20: 0.0712 ] 
2025-10-01 18:17:36,243 - Epoch  48 Validation set [recall@5: 0.0414 recall@10: 0.0689 recall@20: 0.1151 ] [ndcg@5: 0.0491 ndcg@10: 0.0575 ndcg@20: 0.0728 ] 
2025-10-01 18:17:46,093 - Epoch  51 Validation set [recall@5: 0.0413 recall@10: 0.0707 recall@20: 0.1159 ] [ndcg@5: 0.0492 ndcg@10: 0.0582 ndcg@20: 0.0734 ] 
2025-10-01 18:17:56,237 - Epoch  54 Validation set [recall@5: 0.0416 recall@10: 0.0710 recall@20: 0.1169 ] [ndcg@5: 0.0494 ndcg@10: 0.0589 ndcg@20: 0.0742 ] 
2025-10-01 18:18:05,930 - Epoch  57 Validation set [recall@5: 0.0420 recall@10: 0.0708 recall@20: 0.1169 ] [ndcg@5: 0.0498 ndcg@10: 0.0588 ndcg@20: 0.0744 ] 
2025-10-01 18:18:16,004 - Epoch  60 Validation set [recall@5: 0.0424 recall@10: 0.0725 recall@20: 0.1172 ] [ndcg@5: 0.0502 ndcg@10: 0.0599 ndcg@20: 0.0750 ] 
2025-10-01 18:18:25,562 - Epoch  63 Validation set [recall@5: 0.0431 recall@10: 0.0728 recall@20: 0.1202 ] [ndcg@5: 0.0507 ndcg@10: 0.0601 ndcg@20: 0.0759 ] 
2025-10-01 18:18:35,795 - Epoch  66 Validation set [recall@5: 0.0433 recall@10: 0.0737 recall@20: 0.1202 ] [ndcg@5: 0.0510 ndcg@10: 0.0606 ndcg@20: 0.0762 ] 
2025-10-01 18:18:45,723 - Epoch  69 Validation set [recall@5: 0.0430 recall@10: 0.0747 recall@20: 0.1205 ] [ndcg@5: 0.0513 ndcg@10: 0.0616 ndcg@20: 0.0770 ] 
2025-10-01 18:18:55,929 - Epoch  72 Validation set [recall@5: 0.0443 recall@10: 0.0746 recall@20: 0.1211 ] [ndcg@5: 0.0521 ndcg@10: 0.0620 ndcg@20: 0.0775 ] 
2025-10-01 18:19:05,670 - Epoch  75 Validation set [recall@5: 0.0456 recall@10: 0.0754 recall@20: 0.1210 ] [ndcg@5: 0.0534 ndcg@10: 0.0628 ndcg@20: 0.0781 ] 
2025-10-01 18:19:15,541 - Epoch  78 Validation set [recall@5: 0.0456 recall@10: 0.0760 recall@20: 0.1235 ] [ndcg@5: 0.0537 ndcg@10: 0.0631 ndcg@20: 0.0789 ] 
2025-10-01 18:19:25,174 - Epoch  81 Validation set [recall@5: 0.0463 recall@10: 0.0766 recall@20: 0.1233 ] [ndcg@5: 0.0542 ndcg@10: 0.0634 ndcg@20: 0.0791 ] 
2025-10-01 18:19:35,323 - Epoch  84 Validation set [recall@5: 0.0463 recall@10: 0.0766 recall@20: 0.1239 ] [ndcg@5: 0.0540 ndcg@10: 0.0633 ndcg@20: 0.0790 ] 
2025-10-01 18:19:45,117 - Epoch  87 Validation set [recall@5: 0.0463 recall@10: 0.0782 recall@20: 0.1235 ] [ndcg@5: 0.0540 ndcg@10: 0.0641 ndcg@20: 0.0793 ] 
2025-10-01 18:19:55,234 - Epoch  90 Validation set [recall@5: 0.0468 recall@10: 0.0772 recall@20: 0.1247 ] [ndcg@5: 0.0541 ndcg@10: 0.0637 ndcg@20: 0.0796 ] 
2025-10-01 18:20:05,005 - Epoch  93 Validation set [recall@5: 0.0459 recall@10: 0.0772 recall@20: 0.1258 ] [ndcg@5: 0.0539 ndcg@10: 0.0638 ndcg@20: 0.0800 ] 
2025-10-01 18:20:15,434 - Epoch  96 Validation set [recall@5: 0.0463 recall@10: 0.0780 recall@20: 0.1257 ] [ndcg@5: 0.0544 ndcg@10: 0.0643 ndcg@20: 0.0804 ] 
2025-10-01 18:20:25,426 - Epoch  99 Validation set [recall@5: 0.0458 recall@10: 0.0777 recall@20: 0.1259 ] [ndcg@5: 0.0544 ndcg@10: 0.0645 ndcg@20: 0.0807 ] 
2025-10-01 18:20:35,309 - Epoch 102 Validation set [recall@5: 0.0460 recall@10: 0.0775 recall@20: 0.1257 ] [ndcg@5: 0.0545 ndcg@10: 0.0643 ndcg@20: 0.0806 ] 
2025-10-01 18:20:45,073 - Epoch 105 Validation set [recall@5: 0.0470 recall@10: 0.0781 recall@20: 0.1262 ] [ndcg@5: 0.0550 ndcg@10: 0.0647 ndcg@20: 0.0807 ] 
2025-10-01 18:20:55,247 - Epoch 108 Validation set [recall@5: 0.0473 recall@10: 0.0791 recall@20: 0.1275 ] [ndcg@5: 0.0554 ndcg@10: 0.0653 ndcg@20: 0.0815 ] 
2025-10-01 18:21:04,845 - Epoch 111 Validation set [recall@5: 0.0471 recall@10: 0.0781 recall@20: 0.1281 ] [ndcg@5: 0.0554 ndcg@10: 0.0649 ndcg@20: 0.0817 ] 
2025-10-01 18:21:14,860 - Epoch 114 Validation set [recall@5: 0.0475 recall@10: 0.0791 recall@20: 0.1271 ] [ndcg@5: 0.0559 ndcg@10: 0.0657 ndcg@20: 0.0818 ] 
2025-10-01 18:21:24,717 - Epoch 117 Validation set [recall@5: 0.0482 recall@10: 0.0774 recall@20: 0.1291 ] [ndcg@5: 0.0567 ndcg@10: 0.0652 ndcg@20: 0.0826 ] 
2025-10-01 18:21:34,506 - Epoch 120 Validation set [recall@5: 0.0485 recall@10: 0.0791 recall@20: 0.1265 ] [ndcg@5: 0.0568 ndcg@10: 0.0659 ndcg@20: 0.0818 ] 
2025-10-01 18:21:44,130 - Epoch 123 Validation set [recall@5: 0.0479 recall@10: 0.0788 recall@20: 0.1281 ] [ndcg@5: 0.0561 ndcg@10: 0.0655 ndcg@20: 0.0820 ] 
2025-10-01 18:21:54,239 - Epoch 126 Validation set [recall@5: 0.0481 recall@10: 0.0787 recall@20: 0.1276 ] [ndcg@5: 0.0565 ndcg@10: 0.0656 ndcg@20: 0.0819 ] 
2025-10-01 18:22:03,855 - Epoch 129 Validation set [recall@5: 0.0484 recall@10: 0.0797 recall@20: 0.1289 ] [ndcg@5: 0.0569 ndcg@10: 0.0665 ndcg@20: 0.0829 ] 
2025-10-01 18:22:14,052 - Epoch 132 Validation set [recall@5: 0.0484 recall@10: 0.0793 recall@20: 0.1295 ] [ndcg@5: 0.0570 ndcg@10: 0.0661 ndcg@20: 0.0829 ] 
2025-10-01 18:22:24,177 - Epoch 135 Validation set [recall@5: 0.0479 recall@10: 0.0802 recall@20: 0.1297 ] [ndcg@5: 0.0569 ndcg@10: 0.0666 ndcg@20: 0.0832 ] 
2025-10-01 18:22:34,599 - Epoch 138 Validation set [recall@5: 0.0475 recall@10: 0.0793 recall@20: 0.1286 ] [ndcg@5: 0.0571 ndcg@10: 0.0665 ndcg@20: 0.0829 ] 
2025-10-01 18:22:44,401 - Epoch 141 Validation set [recall@5: 0.0480 recall@10: 0.0793 recall@20: 0.1305 ] [ndcg@5: 0.0574 ndcg@10: 0.0667 ndcg@20: 0.0838 ] 
2025-10-01 18:22:54,752 - Epoch 144 Validation set [recall@5: 0.0485 recall@10: 0.0798 recall@20: 0.1311 ] [ndcg@5: 0.0576 ndcg@10: 0.0669 ndcg@20: 0.0840 ] 
2025-10-01 18:23:04,355 - Epoch 147 Validation set [recall@5: 0.0493 recall@10: 0.0800 recall@20: 0.1301 ] [ndcg@5: 0.0580 ndcg@10: 0.0669 ndcg@20: 0.0837 ] 
2025-10-01 18:23:14,316 - Epoch 150 Validation set [recall@5: 0.0481 recall@10: 0.0799 recall@20: 0.1290 ] [ndcg@5: 0.0575 ndcg@10: 0.0670 ndcg@20: 0.0834 ] 
2025-10-01 18:23:23,964 - Epoch 153 Validation set [recall@5: 0.0475 recall@10: 0.0797 recall@20: 0.1306 ] [ndcg@5: 0.0571 ndcg@10: 0.0667 ndcg@20: 0.0836 ] 
2025-10-01 18:23:33,829 - Epoch 156 Validation set [recall@5: 0.0479 recall@10: 0.0803 recall@20: 0.1304 ] [ndcg@5: 0.0578 ndcg@10: 0.0675 ndcg@20: 0.0842 ] 
2025-10-01 18:23:43,905 - Epoch 159 Validation set [recall@5: 0.0487 recall@10: 0.0800 recall@20: 0.1304 ] [ndcg@5: 0.0580 ndcg@10: 0.0670 ndcg@20: 0.0839 ] 
2025-10-01 18:23:45,857 - [recall@5: 0.0477 recall@10: 0.0803 recall@20: 0.1297 ] [ndcg@5: 0.0544 ndcg@10: 0.0646 ndcg@20: 0.0818 ] 
2025-10-01 18:23:50,623 - Epoch   0 Validation set [recall@5: 0.0073 recall@10: 0.0138 recall@20: 0.0236 ] [ndcg@5: 0.0098 ndcg@10: 0.0118 ndcg@20: 0.0149 ] 
2025-10-01 18:24:00,225 - Epoch   3 Validation set [recall@5: 0.0276 recall@10: 0.0454 recall@20: 0.0730 ] [ndcg@5: 0.0331 ndcg@10: 0.0383 ndcg@20: 0.0475 ] 
2025-10-01 18:24:10,334 - Epoch   6 Validation set [recall@5: 0.0299 recall@10: 0.0509 recall@20: 0.0814 ] [ndcg@5: 0.0357 ndcg@10: 0.0423 ndcg@20: 0.0525 ] 
2025-10-01 18:24:19,614 - Epoch   9 Validation set [recall@5: 0.0312 recall@10: 0.0524 recall@20: 0.0855 ] [ndcg@5: 0.0369 ndcg@10: 0.0433 ndcg@20: 0.0544 ] 
2025-10-01 18:24:30,194 - Epoch  12 Validation set [recall@5: 0.0318 recall@10: 0.0534 recall@20: 0.0880 ] [ndcg@5: 0.0374 ndcg@10: 0.0441 ndcg@20: 0.0556 ] 
2025-10-01 18:24:40,172 - Epoch  15 Validation set [recall@5: 0.0326 recall@10: 0.0534 recall@20: 0.0891 ] [ndcg@5: 0.0381 ndcg@10: 0.0444 ndcg@20: 0.0562 ] 
2025-10-01 18:24:50,288 - Epoch  18 Validation set [recall@5: 0.0326 recall@10: 0.0558 recall@20: 0.0919 ] [ndcg@5: 0.0384 ndcg@10: 0.0457 ndcg@20: 0.0577 ] 
2025-10-01 18:24:59,972 - Epoch  21 Validation set [recall@5: 0.0329 recall@10: 0.0561 recall@20: 0.0924 ] [ndcg@5: 0.0387 ndcg@10: 0.0460 ndcg@20: 0.0581 ] 
2025-10-01 18:25:10,122 - Epoch  24 Validation set [recall@5: 0.0332 recall@10: 0.0566 recall@20: 0.0929 ] [ndcg@5: 0.0391 ndcg@10: 0.0464 ndcg@20: 0.0585 ] 
2025-10-01 18:25:19,825 - Epoch  27 Validation set [recall@5: 0.0348 recall@10: 0.0577 recall@20: 0.0949 ] [ndcg@5: 0.0402 ndcg@10: 0.0472 ndcg@20: 0.0596 ] 
2025-10-01 18:25:30,117 - Epoch  30 Validation set [recall@5: 0.0347 recall@10: 0.0581 recall@20: 0.0940 ] [ndcg@5: 0.0408 ndcg@10: 0.0480 ndcg@20: 0.0598 ] 
2025-10-01 18:25:39,790 - Epoch  33 Validation set [recall@5: 0.0345 recall@10: 0.0584 recall@20: 0.0950 ] [ndcg@5: 0.0408 ndcg@10: 0.0482 ndcg@20: 0.0604 ] 
2025-10-01 18:25:49,816 - Epoch  36 Validation set [recall@5: 0.0346 recall@10: 0.0582 recall@20: 0.0955 ] [ndcg@5: 0.0411 ndcg@10: 0.0482 ndcg@20: 0.0607 ] 
2025-10-01 18:25:59,410 - Epoch  39 Validation set [recall@5: 0.0346 recall@10: 0.0586 recall@20: 0.0959 ] [ndcg@5: 0.0409 ndcg@10: 0.0484 ndcg@20: 0.0609 ] 
2025-10-01 18:26:09,199 - Epoch  42 Validation set [recall@5: 0.0347 recall@10: 0.0599 recall@20: 0.0972 ] [ndcg@5: 0.0412 ndcg@10: 0.0492 ndcg@20: 0.0615 ] 
2025-10-01 18:26:19,597 - Epoch  45 Validation set [recall@5: 0.0354 recall@10: 0.0594 recall@20: 0.0978 ] [ndcg@5: 0.0415 ndcg@10: 0.0489 ndcg@20: 0.0618 ] 
2025-10-01 18:26:29,605 - Epoch  48 Validation set [recall@5: 0.0347 recall@10: 0.0600 recall@20: 0.0978 ] [ndcg@5: 0.0413 ndcg@10: 0.0492 ndcg@20: 0.0620 ] 
2025-10-01 18:26:40,105 - Epoch  51 Validation set [recall@5: 0.0354 recall@10: 0.0601 recall@20: 0.0997 ] [ndcg@5: 0.0421 ndcg@10: 0.0498 ndcg@20: 0.0629 ] 
2025-10-01 18:26:50,207 - Epoch  54 Validation set [recall@5: 0.0359 recall@10: 0.0607 recall@20: 0.0984 ] [ndcg@5: 0.0423 ndcg@10: 0.0501 ndcg@20: 0.0627 ] 
2025-10-01 18:27:00,511 - Epoch  57 Validation set [recall@5: 0.0354 recall@10: 0.0607 recall@20: 0.0993 ] [ndcg@5: 0.0420 ndcg@10: 0.0498 ndcg@20: 0.0627 ] 
2025-10-01 18:27:10,254 - Epoch  60 Validation set [recall@5: 0.0359 recall@10: 0.0615 recall@20: 0.0990 ] [ndcg@5: 0.0423 ndcg@10: 0.0504 ndcg@20: 0.0629 ] 
2025-10-01 18:27:20,743 - Epoch  63 Validation set [recall@5: 0.0359 recall@10: 0.0615 recall@20: 0.1006 ] [ndcg@5: 0.0422 ndcg@10: 0.0504 ndcg@20: 0.0634 ] 
2025-10-01 18:27:30,755 - Epoch  66 Validation set [recall@5: 0.0364 recall@10: 0.0623 recall@20: 0.1000 ] [ndcg@5: 0.0428 ndcg@10: 0.0511 ndcg@20: 0.0636 ] 
2025-10-01 18:27:40,954 - Epoch  69 Validation set [recall@5: 0.0373 recall@10: 0.0617 recall@20: 0.1005 ] [ndcg@5: 0.0432 ndcg@10: 0.0508 ndcg@20: 0.0637 ] 
2025-10-01 18:27:50,905 - Epoch  72 Validation set [recall@5: 0.0366 recall@10: 0.0620 recall@20: 0.1013 ] [ndcg@5: 0.0428 ndcg@10: 0.0510 ndcg@20: 0.0640 ] 
2025-10-01 18:28:01,231 - Epoch  75 Validation set [recall@5: 0.0359 recall@10: 0.0617 recall@20: 0.1028 ] [ndcg@5: 0.0426 ndcg@10: 0.0508 ndcg@20: 0.0644 ] 
2025-10-01 18:28:11,081 - Epoch  78 Validation set [recall@5: 0.0364 recall@10: 0.0618 recall@20: 0.1020 ] [ndcg@5: 0.0428 ndcg@10: 0.0509 ndcg@20: 0.0643 ] 
2025-10-01 18:28:21,637 - Epoch  81 Validation set [recall@5: 0.0362 recall@10: 0.0623 recall@20: 0.1025 ] [ndcg@5: 0.0430 ndcg@10: 0.0510 ndcg@20: 0.0645 ] 
2025-10-01 18:28:32,100 - Epoch  84 Validation set [recall@5: 0.0365 recall@10: 0.0636 recall@20: 0.1023 ] [ndcg@5: 0.0429 ndcg@10: 0.0514 ndcg@20: 0.0644 ] 
2025-10-01 18:28:42,235 - Epoch  87 Validation set [recall@5: 0.0362 recall@10: 0.0638 recall@20: 0.1040 ] [ndcg@5: 0.0427 ndcg@10: 0.0517 ndcg@20: 0.0651 ] 
2025-10-01 18:28:52,443 - Epoch  90 Validation set [recall@5: 0.0362 recall@10: 0.0624 recall@20: 0.1036 ] [ndcg@5: 0.0425 ndcg@10: 0.0511 ndcg@20: 0.0648 ] 
2025-10-01 18:29:02,744 - Epoch  93 Validation set [recall@5: 0.0363 recall@10: 0.0635 recall@20: 0.1029 ] [ndcg@5: 0.0431 ndcg@10: 0.0519 ndcg@20: 0.0650 ] 
2025-10-01 18:29:13,203 - Epoch  96 Validation set [recall@5: 0.0366 recall@10: 0.0626 recall@20: 0.1010 ] [ndcg@5: 0.0434 ndcg@10: 0.0515 ndcg@20: 0.0645 ] 
2025-10-01 18:29:23,276 - Epoch  99 Validation set [recall@5: 0.0368 recall@10: 0.0638 recall@20: 0.1016 ] [ndcg@5: 0.0432 ndcg@10: 0.0517 ndcg@20: 0.0644 ] 
2025-10-01 18:29:33,797 - Epoch 102 Validation set [recall@5: 0.0369 recall@10: 0.0637 recall@20: 0.1021 ] [ndcg@5: 0.0439 ndcg@10: 0.0520 ndcg@20: 0.0650 ] 
2025-10-01 18:29:35,778 - [recall@5: 0.0351 recall@10: 0.0616 recall@20: 0.0993 ] [ndcg@5: 0.0410 ndcg@10: 0.0497 ndcg@20: 0.0625 ] 
