2025-10-01 22:49:29,609 - {'optimizer': {'name': 'adam', 'lr': 0.001, 'weight_decay': 0}, 'train': {'epoch': 3000, 'batch_size': 4096, 'save_model': True, 'loss': 'pairwise', 'test_step': 3, 'reproducible': True, 'seed': 2023, 'patience': 5}, 'test': {'metrics': ['recall', 'ndcg'], 'k': [5, 10, 20], 'batch_size': 1024}, 'data': {'type': 'general_agcf', 'name': 'yelp', 'mat_type': 'uai', 'pre_norm': True, 'user_num': 11091, 'item_num': 11010, 'user_item_num': 22101, 'attr_num': 2607}, 'model': {'name': 'lightgcn_rgcn', 'label': 'ori', 'keep_rate': 0.9, 'embedding_size': 64, 'use_unify_layer_num': True, 'layer_num': 6, 'reg_weight': 1e-06, 'amazon': {'keep_rate': 0.9, 'layer_num': 3, 'reg_weight': 1e-07, 'eps': 0.1}, 'yelp': {'keep_rate': 0.9, 'layer_num': 6, 'reg_weight': 1e-06, 'eps': 0.1}, 'steam': {'keep_rate': 0.8, 'layer_num': 3, 'reg_weight': 1e-07, 'eps': 0.2}, 'Office': {'keep_rate': 0.9, 'layer_num': 3, 'reg_weight': 1e-06, 'eps': 0.1}}}
2025-10-01 22:49:36,920 - Epoch   0 Validation set [recall@5: 0.0082 recall@10: 0.0136 recall@20: 0.0234 ] [ndcg@5: 0.0097 ndcg@10: 0.0115 ndcg@20: 0.0148 ] 
2025-10-01 22:49:52,598 - Epoch   3 Validation set [recall@5: 0.0131 recall@10: 0.0230 recall@20: 0.0379 ] [ndcg@5: 0.0151 ndcg@10: 0.0185 ndcg@20: 0.0236 ] 
2025-10-01 22:50:08,513 - Epoch   6 Validation set [recall@5: 0.0274 recall@10: 0.0451 recall@20: 0.0733 ] [ndcg@5: 0.0324 ndcg@10: 0.0377 ndcg@20: 0.0472 ] 
2025-10-01 22:50:24,645 - Epoch   9 Validation set [recall@5: 0.0298 recall@10: 0.0516 recall@20: 0.0829 ] [ndcg@5: 0.0358 ndcg@10: 0.0425 ndcg@20: 0.0530 ] 
2025-10-01 22:50:43,297 - Epoch  12 Validation set [recall@5: 0.0316 recall@10: 0.0536 recall@20: 0.0859 ] [ndcg@5: 0.0373 ndcg@10: 0.0440 ndcg@20: 0.0547 ] 
2025-10-01 22:51:04,501 - Epoch  15 Validation set [recall@5: 0.0327 recall@10: 0.0556 recall@20: 0.0903 ] [ndcg@5: 0.0382 ndcg@10: 0.0454 ndcg@20: 0.0569 ] 
2025-10-01 22:51:24,969 - Epoch  18 Validation set [recall@5: 0.0330 recall@10: 0.0565 recall@20: 0.0916 ] [ndcg@5: 0.0386 ndcg@10: 0.0462 ndcg@20: 0.0578 ] 
2025-10-01 22:51:44,480 - Epoch  21 Validation set [recall@5: 0.0344 recall@10: 0.0574 recall@20: 0.0945 ] [ndcg@5: 0.0404 ndcg@10: 0.0475 ndcg@20: 0.0598 ] 
2025-10-01 22:52:04,899 - Epoch  24 Validation set [recall@5: 0.0350 recall@10: 0.0589 recall@20: 0.0965 ] [ndcg@5: 0.0407 ndcg@10: 0.0483 ndcg@20: 0.0606 ] 
2025-10-01 22:52:24,876 - Epoch  27 Validation set [recall@5: 0.0362 recall@10: 0.0610 recall@20: 0.0984 ] [ndcg@5: 0.0420 ndcg@10: 0.0498 ndcg@20: 0.0622 ] 
2025-10-01 22:52:44,081 - Epoch  30 Validation set [recall@5: 0.0367 recall@10: 0.0612 recall@20: 0.1009 ] [ndcg@5: 0.0428 ndcg@10: 0.0502 ndcg@20: 0.0636 ] 
2025-10-01 22:53:05,595 - Epoch  33 Validation set [recall@5: 0.0374 recall@10: 0.0622 recall@20: 0.1025 ] [ndcg@5: 0.0434 ndcg@10: 0.0509 ndcg@20: 0.0645 ] 
2025-10-01 22:53:26,067 - Epoch  36 Validation set [recall@5: 0.0368 recall@10: 0.0632 recall@20: 0.1034 ] [ndcg@5: 0.0434 ndcg@10: 0.0518 ndcg@20: 0.0652 ] 
2025-10-01 22:53:46,438 - Epoch  39 Validation set [recall@5: 0.0379 recall@10: 0.0643 recall@20: 0.1056 ] [ndcg@5: 0.0443 ndcg@10: 0.0525 ndcg@20: 0.0663 ] 
2025-10-01 22:54:07,384 - Epoch  42 Validation set [recall@5: 0.0388 recall@10: 0.0651 recall@20: 0.1066 ] [ndcg@5: 0.0451 ndcg@10: 0.0534 ndcg@20: 0.0673 ] 
2025-10-01 22:54:28,316 - Epoch  45 Validation set [recall@5: 0.0393 recall@10: 0.0667 recall@20: 0.1079 ] [ndcg@5: 0.0455 ndcg@10: 0.0541 ndcg@20: 0.0679 ] 
2025-10-01 22:54:49,080 - Epoch  48 Validation set [recall@5: 0.0397 recall@10: 0.0673 recall@20: 0.1101 ] [ndcg@5: 0.0459 ndcg@10: 0.0545 ndcg@20: 0.0690 ] 
2025-10-01 22:55:09,832 - Epoch  51 Validation set [recall@5: 0.0395 recall@10: 0.0667 recall@20: 0.1097 ] [ndcg@5: 0.0465 ndcg@10: 0.0549 ndcg@20: 0.0694 ] 
2025-10-01 22:55:32,247 - Epoch  54 Validation set [recall@5: 0.0397 recall@10: 0.0683 recall@20: 0.1114 ] [ndcg@5: 0.0468 ndcg@10: 0.0559 ndcg@20: 0.0703 ] 
2025-10-01 22:55:51,762 - Epoch  57 Validation set [recall@5: 0.0410 recall@10: 0.0681 recall@20: 0.1118 ] [ndcg@5: 0.0477 ndcg@10: 0.0561 ndcg@20: 0.0709 ] 
2025-10-01 22:56:12,112 - Epoch  60 Validation set [recall@5: 0.0408 recall@10: 0.0691 recall@20: 0.1120 ] [ndcg@5: 0.0478 ndcg@10: 0.0566 ndcg@20: 0.0711 ] 
2025-10-01 22:56:33,191 - Epoch  63 Validation set [recall@5: 0.0417 recall@10: 0.0698 recall@20: 0.1118 ] [ndcg@5: 0.0484 ndcg@10: 0.0572 ndcg@20: 0.0713 ] 
2025-10-01 22:56:54,174 - Epoch  66 Validation set [recall@5: 0.0417 recall@10: 0.0689 recall@20: 0.1136 ] [ndcg@5: 0.0487 ndcg@10: 0.0572 ndcg@20: 0.0722 ] 
2025-10-01 22:57:15,175 - Epoch  69 Validation set [recall@5: 0.0410 recall@10: 0.0697 recall@20: 0.1135 ] [ndcg@5: 0.0484 ndcg@10: 0.0575 ndcg@20: 0.0722 ] 
2025-10-01 22:57:34,901 - Epoch  72 Validation set [recall@5: 0.0418 recall@10: 0.0711 recall@20: 0.1149 ] [ndcg@5: 0.0493 ndcg@10: 0.0586 ndcg@20: 0.0732 ] 
2025-10-01 22:57:55,978 - Epoch  75 Validation set [recall@5: 0.0432 recall@10: 0.0711 recall@20: 0.1159 ] [ndcg@5: 0.0505 ndcg@10: 0.0591 ndcg@20: 0.0741 ] 
2025-10-01 22:58:15,570 - Epoch  78 Validation set [recall@5: 0.0426 recall@10: 0.0718 recall@20: 0.1163 ] [ndcg@5: 0.0500 ndcg@10: 0.0593 ndcg@20: 0.0741 ] 
2025-10-01 22:58:36,696 - Epoch  81 Validation set [recall@5: 0.0434 recall@10: 0.0724 recall@20: 0.1168 ] [ndcg@5: 0.0509 ndcg@10: 0.0601 ndcg@20: 0.0749 ] 
2025-10-01 22:58:57,858 - Epoch  84 Validation set [recall@5: 0.0432 recall@10: 0.0710 recall@20: 0.1168 ] [ndcg@5: 0.0508 ndcg@10: 0.0594 ndcg@20: 0.0747 ] 
2025-10-01 22:59:18,506 - Epoch  87 Validation set [recall@5: 0.0428 recall@10: 0.0731 recall@20: 0.1172 ] [ndcg@5: 0.0504 ndcg@10: 0.0601 ndcg@20: 0.0748 ] 
2025-10-01 22:59:40,112 - Epoch  90 Validation set [recall@5: 0.0431 recall@10: 0.0721 recall@20: 0.1185 ] [ndcg@5: 0.0507 ndcg@10: 0.0598 ndcg@20: 0.0753 ] 
2025-10-01 23:00:00,532 - Epoch  93 Validation set [recall@5: 0.0433 recall@10: 0.0722 recall@20: 0.1188 ] [ndcg@5: 0.0505 ndcg@10: 0.0596 ndcg@20: 0.0752 ] 
2025-10-01 23:00:21,776 - Epoch  96 Validation set [recall@5: 0.0427 recall@10: 0.0723 recall@20: 0.1184 ] [ndcg@5: 0.0500 ndcg@10: 0.0594 ndcg@20: 0.0749 ] 
2025-10-01 23:00:41,938 - Epoch  99 Validation set [recall@5: 0.0445 recall@10: 0.0744 recall@20: 0.1188 ] [ndcg@5: 0.0517 ndcg@10: 0.0610 ndcg@20: 0.0756 ] 
2025-10-01 23:01:00,806 - Epoch 102 Validation set [recall@5: 0.0443 recall@10: 0.0741 recall@20: 0.1201 ] [ndcg@5: 0.0518 ndcg@10: 0.0610 ndcg@20: 0.0763 ] 
2025-10-01 23:01:20,469 - Epoch 105 Validation set [recall@5: 0.0443 recall@10: 0.0744 recall@20: 0.1199 ] [ndcg@5: 0.0514 ndcg@10: 0.0607 ndcg@20: 0.0759 ] 
2025-10-01 23:01:38,269 - Epoch 108 Validation set [recall@5: 0.0448 recall@10: 0.0750 recall@20: 0.1192 ] [ndcg@5: 0.0518 ndcg@10: 0.0612 ndcg@20: 0.0761 ] 
2025-10-01 23:01:56,153 - Epoch 111 Validation set [recall@5: 0.0454 recall@10: 0.0742 recall@20: 0.1199 ] [ndcg@5: 0.0522 ndcg@10: 0.0611 ndcg@20: 0.0764 ] 
2025-10-01 23:02:14,924 - Epoch 114 Validation set [recall@5: 0.0449 recall@10: 0.0744 recall@20: 0.1217 ] [ndcg@5: 0.0523 ndcg@10: 0.0613 ndcg@20: 0.0772 ] 
2025-10-01 23:02:34,806 - Epoch 117 Validation set [recall@5: 0.0452 recall@10: 0.0750 recall@20: 0.1213 ] [ndcg@5: 0.0520 ndcg@10: 0.0615 ndcg@20: 0.0771 ] 
2025-10-01 23:02:52,864 - Epoch 120 Validation set [recall@5: 0.0453 recall@10: 0.0759 recall@20: 0.1223 ] [ndcg@5: 0.0524 ndcg@10: 0.0620 ndcg@20: 0.0777 ] 
2025-10-01 23:03:09,779 - Epoch 123 Validation set [recall@5: 0.0465 recall@10: 0.0760 recall@20: 0.1227 ] [ndcg@5: 0.0529 ndcg@10: 0.0620 ndcg@20: 0.0778 ] 
2025-10-01 23:03:27,567 - Epoch 126 Validation set [recall@5: 0.0459 recall@10: 0.0772 recall@20: 0.1232 ] [ndcg@5: 0.0529 ndcg@10: 0.0627 ndcg@20: 0.0783 ] 
2025-10-01 23:03:46,058 - Epoch 129 Validation set [recall@5: 0.0454 recall@10: 0.0755 recall@20: 0.1228 ] [ndcg@5: 0.0524 ndcg@10: 0.0618 ndcg@20: 0.0779 ] 
2025-10-01 23:04:04,225 - Epoch 132 Validation set [recall@5: 0.0449 recall@10: 0.0760 recall@20: 0.1231 ] [ndcg@5: 0.0523 ndcg@10: 0.0619 ndcg@20: 0.0778 ] 
2025-10-01 23:04:22,274 - Epoch 135 Validation set [recall@5: 0.0460 recall@10: 0.0761 recall@20: 0.1229 ] [ndcg@5: 0.0529 ndcg@10: 0.0624 ndcg@20: 0.0782 ] 
2025-10-01 23:04:39,921 - Epoch 138 Validation set [recall@5: 0.0464 recall@10: 0.0766 recall@20: 0.1234 ] [ndcg@5: 0.0536 ndcg@10: 0.0630 ndcg@20: 0.0788 ] 
2025-10-01 23:04:57,988 - Epoch 141 Validation set [recall@5: 0.0466 recall@10: 0.0777 recall@20: 0.1237 ] [ndcg@5: 0.0539 ndcg@10: 0.0635 ndcg@20: 0.0790 ] 
2025-10-01 23:05:16,057 - Epoch 144 Validation set [recall@5: 0.0452 recall@10: 0.0772 recall@20: 0.1225 ] [ndcg@5: 0.0531 ndcg@10: 0.0630 ndcg@20: 0.0784 ] 
2025-10-01 23:05:34,059 - Epoch 147 Validation set [recall@5: 0.0457 recall@10: 0.0771 recall@20: 0.1230 ] [ndcg@5: 0.0529 ndcg@10: 0.0628 ndcg@20: 0.0783 ] 
2025-10-01 23:05:52,378 - Epoch 150 Validation set [recall@5: 0.0453 recall@10: 0.0771 recall@20: 0.1244 ] [ndcg@5: 0.0525 ndcg@10: 0.0626 ndcg@20: 0.0785 ] 
2025-10-01 23:06:10,305 - Epoch 153 Validation set [recall@5: 0.0457 recall@10: 0.0784 recall@20: 0.1248 ] [ndcg@5: 0.0536 ndcg@10: 0.0639 ndcg@20: 0.0795 ] 
2025-10-01 23:06:28,217 - Epoch 156 Validation set [recall@5: 0.0456 recall@10: 0.0775 recall@20: 0.1239 ] [ndcg@5: 0.0535 ndcg@10: 0.0634 ndcg@20: 0.0789 ] 
2025-10-01 23:06:45,643 - Epoch 159 Validation set [recall@5: 0.0456 recall@10: 0.0769 recall@20: 0.1236 ] [ndcg@5: 0.0533 ndcg@10: 0.0631 ndcg@20: 0.0788 ] 
2025-10-01 23:07:03,900 - Epoch 162 Validation set [recall@5: 0.0453 recall@10: 0.0768 recall@20: 0.1239 ] [ndcg@5: 0.0525 ndcg@10: 0.0626 ndcg@20: 0.0784 ] 
2025-10-01 23:07:22,728 - Epoch 165 Validation set [recall@5: 0.0456 recall@10: 0.0771 recall@20: 0.1250 ] [ndcg@5: 0.0528 ndcg@10: 0.0629 ndcg@20: 0.0790 ] 
2025-10-01 23:07:39,872 - Epoch 168 Validation set [recall@5: 0.0467 recall@10: 0.0763 recall@20: 0.1251 ] [ndcg@5: 0.0542 ndcg@10: 0.0630 ndcg@20: 0.0795 ] 
2025-10-01 23:07:57,713 - Epoch 171 Validation set [recall@5: 0.0462 recall@10: 0.0778 recall@20: 0.1265 ] [ndcg@5: 0.0537 ndcg@10: 0.0635 ndcg@20: 0.0799 ] 
2025-10-01 23:08:16,381 - Epoch 174 Validation set [recall@5: 0.0456 recall@10: 0.0772 recall@20: 0.1252 ] [ndcg@5: 0.0535 ndcg@10: 0.0634 ndcg@20: 0.0794 ] 
2025-10-01 23:08:35,097 - Epoch 177 Validation set [recall@5: 0.0456 recall@10: 0.0772 recall@20: 0.1245 ] [ndcg@5: 0.0530 ndcg@10: 0.0631 ndcg@20: 0.0790 ] 
2025-10-01 23:08:52,135 - Epoch 180 Validation set [recall@5: 0.0451 recall@10: 0.0774 recall@20: 0.1237 ] [ndcg@5: 0.0528 ndcg@10: 0.0632 ndcg@20: 0.0787 ] 
2025-10-01 23:09:09,578 - Epoch 183 Validation set [recall@5: 0.0461 recall@10: 0.0775 recall@20: 0.1249 ] [ndcg@5: 0.0535 ndcg@10: 0.0634 ndcg@20: 0.0792 ] 
2025-10-01 23:09:28,058 - Epoch 186 Validation set [recall@5: 0.0461 recall@10: 0.0771 recall@20: 0.1252 ] [ndcg@5: 0.0537 ndcg@10: 0.0635 ndcg@20: 0.0795 ] 
2025-10-01 23:09:30,346 - [recall@5: 0.0462 recall@10: 0.0778 recall@20: 0.1265 ] [ndcg@5: 0.0537 ndcg@10: 0.0635 ndcg@20: 0.0799 ] 
2025-10-01 23:09:32,184 - [recall@5: 0.0450 recall@10: 0.0768 recall@20: 0.1259 ] [ndcg@5: 0.0530 ndcg@10: 0.0630 ndcg@20: 0.0800 ] 
2025-10-01 23:09:32,193 - Save model parameters to ./encoder/checkpoint/lightgcn_rgcn/lightgcn_rgcn-yelp-2023.pth
2025-10-01 23:09:32,193 - Best Epoch 171. Final test result: {'recall': array([0.04502017, 0.07681352, 0.1258628 ]), 'ndcg': array([0.05296392, 0.06301222, 0.07995769])}.
