2025-10-01 15:49:45,388 - {'optimizer': {'name': 'adam', 'lr': 0.001, 'weight_decay': 0}, 'train': {'epoch': 400, 'batch_size': 4096, 'save_model': True, 'loss': 'pairwise', 'test_step': 3, 'reproducible': True, 'seed': 2024, 'patience': 5}, 'test': {'metrics': ['recall', 'ndcg'], 'k': [5, 10, 20], 'batch_size': 1024}, 'data': {'type': 'general_agcf', 'name': 'yelp', 'mat_type': 'uai', 'pre_norm': True, 'user_num': 11091, 'item_num': 11010, 'user_item_num': 22101, 'attr_num': 2607}, 'model': {'name': 'lightgcn_rgcn', 'label': 'ori', 'keep_rate': 0.9, 'embedding_size': 64, 'use_unify_layer_num': True, 'layer_num': 3, 'reg_weight': 1e-07, 'amazon': {'keep_rate': 0.9, 'layer_num': 3, 'reg_weight': 1e-07, 'eps': 0.1}, 'yelp': {'keep_rate': 0.9, 'layer_num': 3, 'reg_weight': 1e-07, 'eps': 0.1, 'temperature': 0.1}, 'steam': {'keep_rate': 0.8, 'layer_num': 3, 'reg_weight': 1e-07, 'eps': 0.2}, 'Office': {'keep_rate': 0.9, 'layer_num': 3, 'reg_weight': 1e-06, 'eps': 0.1}, 'temperature': 0.1, 'eps': 0.1}}
2025-10-01 15:49:54,110 - Epoch   0 Validation set [recall@5: 0.0087 recall@10: 0.0161 recall@20: 0.0244 ] [ndcg@5: 0.0110 ndcg@10: 0.0134 ndcg@20: 0.0159 ] 
2025-10-01 15:50:10,983 - Epoch   3 Validation set [recall@5: 0.0226 recall@10: 0.0400 recall@20: 0.0653 ] [ndcg@5: 0.0275 ndcg@10: 0.0327 ndcg@20: 0.0410 ] 
2025-10-01 15:50:26,926 - Epoch   6 Validation set [recall@5: 0.0298 recall@10: 0.0504 recall@20: 0.0828 ] [ndcg@5: 0.0354 ndcg@10: 0.0419 ndcg@20: 0.0526 ] 
2025-10-01 15:50:45,013 - Epoch   9 Validation set [recall@5: 0.0311 recall@10: 0.0524 recall@20: 0.0863 ] [ndcg@5: 0.0366 ndcg@10: 0.0433 ndcg@20: 0.0545 ] 
2025-10-01 15:51:01,907 - Epoch  12 Validation set [recall@5: 0.0311 recall@10: 0.0534 recall@20: 0.0886 ] [ndcg@5: 0.0370 ndcg@10: 0.0440 ndcg@20: 0.0557 ] 
2025-10-01 15:51:18,125 - Epoch  15 Validation set [recall@5: 0.0315 recall@10: 0.0550 recall@20: 0.0904 ] [ndcg@5: 0.0371 ndcg@10: 0.0448 ndcg@20: 0.0566 ] 
2025-10-01 15:51:34,777 - Epoch  18 Validation set [recall@5: 0.0324 recall@10: 0.0569 recall@20: 0.0938 ] [ndcg@5: 0.0378 ndcg@10: 0.0458 ndcg@20: 0.0581 ] 
2025-10-01 15:51:51,996 - Epoch  21 Validation set [recall@5: 0.0333 recall@10: 0.0574 recall@20: 0.0945 ] [ndcg@5: 0.0384 ndcg@10: 0.0465 ndcg@20: 0.0590 ] 
2025-10-01 15:52:09,579 - Epoch  24 Validation set [recall@5: 0.0340 recall@10: 0.0587 recall@20: 0.0961 ] [ndcg@5: 0.0393 ndcg@10: 0.0475 ndcg@20: 0.0602 ] 
2025-10-01 15:52:26,130 - Epoch  27 Validation set [recall@5: 0.0354 recall@10: 0.0602 recall@20: 0.0985 ] [ndcg@5: 0.0413 ndcg@10: 0.0491 ndcg@20: 0.0620 ] 
2025-10-01 15:52:43,659 - Epoch  30 Validation set [recall@5: 0.0364 recall@10: 0.0615 recall@20: 0.1009 ] [ndcg@5: 0.0425 ndcg@10: 0.0503 ndcg@20: 0.0637 ] 
2025-10-01 15:53:00,021 - Epoch  33 Validation set [recall@5: 0.0372 recall@10: 0.0625 recall@20: 0.1023 ] [ndcg@5: 0.0431 ndcg@10: 0.0510 ndcg@20: 0.0645 ] 
2025-10-01 15:53:16,566 - Epoch  36 Validation set [recall@5: 0.0383 recall@10: 0.0631 recall@20: 0.1040 ] [ndcg@5: 0.0446 ndcg@10: 0.0522 ndcg@20: 0.0659 ] 
2025-10-01 15:53:32,947 - Epoch  39 Validation set [recall@5: 0.0386 recall@10: 0.0633 recall@20: 0.1065 ] [ndcg@5: 0.0455 ndcg@10: 0.0529 ndcg@20: 0.0674 ] 
2025-10-01 15:53:48,862 - Epoch  42 Validation set [recall@5: 0.0386 recall@10: 0.0646 recall@20: 0.1077 ] [ndcg@5: 0.0456 ndcg@10: 0.0537 ndcg@20: 0.0682 ] 
2025-10-01 15:54:04,602 - Epoch  45 Validation set [recall@5: 0.0403 recall@10: 0.0662 recall@20: 0.1095 ] [ndcg@5: 0.0472 ndcg@10: 0.0551 ndcg@20: 0.0695 ] 
2025-10-01 15:54:20,897 - Epoch  48 Validation set [recall@5: 0.0400 recall@10: 0.0673 recall@20: 0.1107 ] [ndcg@5: 0.0473 ndcg@10: 0.0557 ndcg@20: 0.0702 ] 
2025-10-01 15:54:37,429 - Epoch  51 Validation set [recall@5: 0.0403 recall@10: 0.0679 recall@20: 0.1125 ] [ndcg@5: 0.0482 ndcg@10: 0.0567 ndcg@20: 0.0715 ] 
2025-10-01 15:54:54,526 - Epoch  54 Validation set [recall@5: 0.0407 recall@10: 0.0685 recall@20: 0.1135 ] [ndcg@5: 0.0487 ndcg@10: 0.0572 ndcg@20: 0.0723 ] 
2025-10-01 15:55:10,593 - Epoch  57 Validation set [recall@5: 0.0425 recall@10: 0.0699 recall@20: 0.1151 ] [ndcg@5: 0.0496 ndcg@10: 0.0580 ndcg@20: 0.0732 ] 
2025-10-01 15:55:26,459 - Epoch  60 Validation set [recall@5: 0.0426 recall@10: 0.0708 recall@20: 0.1151 ] [ndcg@5: 0.0502 ndcg@10: 0.0589 ndcg@20: 0.0738 ] 
2025-10-01 15:55:42,710 - Epoch  63 Validation set [recall@5: 0.0436 recall@10: 0.0708 recall@20: 0.1183 ] [ndcg@5: 0.0507 ndcg@10: 0.0591 ndcg@20: 0.0750 ] 
2025-10-01 15:55:58,784 - Epoch  66 Validation set [recall@5: 0.0429 recall@10: 0.0707 recall@20: 0.1189 ] [ndcg@5: 0.0506 ndcg@10: 0.0590 ndcg@20: 0.0754 ] 
2025-10-01 15:56:15,744 - Epoch  69 Validation set [recall@5: 0.0446 recall@10: 0.0728 recall@20: 0.1197 ] [ndcg@5: 0.0515 ndcg@10: 0.0603 ndcg@20: 0.0762 ] 
2025-10-01 15:56:31,846 - Epoch  72 Validation set [recall@5: 0.0434 recall@10: 0.0723 recall@20: 0.1207 ] [ndcg@5: 0.0511 ndcg@10: 0.0600 ndcg@20: 0.0764 ] 
2025-10-01 15:56:49,163 - Epoch  75 Validation set [recall@5: 0.0433 recall@10: 0.0735 recall@20: 0.1201 ] [ndcg@5: 0.0513 ndcg@10: 0.0605 ndcg@20: 0.0763 ] 
2025-10-01 15:57:05,966 - Epoch  78 Validation set [recall@5: 0.0439 recall@10: 0.0736 recall@20: 0.1205 ] [ndcg@5: 0.0516 ndcg@10: 0.0607 ndcg@20: 0.0765 ] 
2025-10-01 15:57:22,711 - Epoch  81 Validation set [recall@5: 0.0443 recall@10: 0.0731 recall@20: 0.1209 ] [ndcg@5: 0.0520 ndcg@10: 0.0608 ndcg@20: 0.0768 ] 
2025-10-01 15:57:39,044 - Epoch  84 Validation set [recall@5: 0.0442 recall@10: 0.0737 recall@20: 0.1219 ] [ndcg@5: 0.0525 ndcg@10: 0.0614 ndcg@20: 0.0777 ] 
2025-10-01 15:57:55,576 - Epoch  87 Validation set [recall@5: 0.0445 recall@10: 0.0753 recall@20: 0.1231 ] [ndcg@5: 0.0528 ndcg@10: 0.0621 ndcg@20: 0.0783 ] 
2025-10-01 15:58:11,382 - Epoch  90 Validation set [recall@5: 0.0448 recall@10: 0.0752 recall@20: 0.1234 ] [ndcg@5: 0.0528 ndcg@10: 0.0621 ndcg@20: 0.0783 ] 
2025-10-01 15:58:28,382 - Epoch  93 Validation set [recall@5: 0.0457 recall@10: 0.0765 recall@20: 0.1246 ] [ndcg@5: 0.0533 ndcg@10: 0.0630 ndcg@20: 0.0792 ] 
2025-10-01 15:58:45,869 - Epoch  96 Validation set [recall@5: 0.0453 recall@10: 0.0768 recall@20: 0.1244 ] [ndcg@5: 0.0534 ndcg@10: 0.0632 ndcg@20: 0.0794 ] 
2025-10-01 15:59:01,401 - Epoch  99 Validation set [recall@5: 0.0453 recall@10: 0.0767 recall@20: 0.1249 ] [ndcg@5: 0.0535 ndcg@10: 0.0633 ndcg@20: 0.0796 ] 
2025-10-01 15:59:18,803 - Epoch 102 Validation set [recall@5: 0.0449 recall@10: 0.0761 recall@20: 0.1257 ] [ndcg@5: 0.0532 ndcg@10: 0.0631 ndcg@20: 0.0800 ] 
2025-10-01 15:59:35,863 - Epoch 105 Validation set [recall@5: 0.0453 recall@10: 0.0771 recall@20: 0.1249 ] [ndcg@5: 0.0539 ndcg@10: 0.0638 ndcg@20: 0.0802 ] 
2025-10-01 15:59:52,193 - Epoch 108 Validation set [recall@5: 0.0464 recall@10: 0.0769 recall@20: 0.1247 ] [ndcg@5: 0.0542 ndcg@10: 0.0639 ndcg@20: 0.0799 ] 
2025-10-01 16:00:08,068 - Epoch 111 Validation set [recall@5: 0.0460 recall@10: 0.0775 recall@20: 0.1251 ] [ndcg@5: 0.0547 ndcg@10: 0.0645 ndcg@20: 0.0806 ] 
2025-10-01 16:00:25,569 - Epoch 114 Validation set [recall@5: 0.0465 recall@10: 0.0781 recall@20: 0.1258 ] [ndcg@5: 0.0549 ndcg@10: 0.0646 ndcg@20: 0.0806 ] 
2025-10-01 16:00:41,565 - Epoch 117 Validation set [recall@5: 0.0470 recall@10: 0.0770 recall@20: 0.1259 ] [ndcg@5: 0.0552 ndcg@10: 0.0643 ndcg@20: 0.0808 ] 
2025-10-01 16:00:58,040 - Epoch 120 Validation set [recall@5: 0.0467 recall@10: 0.0777 recall@20: 0.1247 ] [ndcg@5: 0.0551 ndcg@10: 0.0645 ndcg@20: 0.0804 ] 
2025-10-01 16:01:14,417 - Epoch 123 Validation set [recall@5: 0.0464 recall@10: 0.0767 recall@20: 0.1240 ] [ndcg@5: 0.0546 ndcg@10: 0.0638 ndcg@20: 0.0798 ] 
2025-10-01 16:01:30,809 - Epoch 126 Validation set [recall@5: 0.0468 recall@10: 0.0772 recall@20: 0.1249 ] [ndcg@5: 0.0551 ndcg@10: 0.0644 ndcg@20: 0.0803 ] 
2025-10-01 16:01:48,399 - Epoch 129 Validation set [recall@5: 0.0460 recall@10: 0.0764 recall@20: 0.1254 ] [ndcg@5: 0.0548 ndcg@10: 0.0640 ndcg@20: 0.0804 ] 
2025-10-01 16:02:05,241 - Epoch 132 Validation set [recall@5: 0.0471 recall@10: 0.0774 recall@20: 0.1258 ] [ndcg@5: 0.0553 ndcg@10: 0.0645 ndcg@20: 0.0807 ] 
2025-10-01 16:02:07,310 - [recall@5: 0.0453 recall@10: 0.0763 recall@20: 0.1257 ] [ndcg@5: 0.0528 ndcg@10: 0.0625 ndcg@20: 0.0794 ] 
2025-10-01 16:02:14,660 - Epoch   0 Validation set [recall@5: 0.0088 recall@10: 0.0151 recall@20: 0.0248 ] [ndcg@5: 0.0112 ndcg@10: 0.0130 ndcg@20: 0.0161 ] 
2025-10-01 16:02:31,317 - Epoch   3 Validation set [recall@5: 0.0249 recall@10: 0.0425 recall@20: 0.0684 ] [ndcg@5: 0.0302 ndcg@10: 0.0352 ndcg@20: 0.0438 ] 
2025-10-01 16:02:47,306 - Epoch   6 Validation set [recall@5: 0.0300 recall@10: 0.0503 recall@20: 0.0813 ] [ndcg@5: 0.0355 ndcg@10: 0.0416 ndcg@20: 0.0519 ] 
2025-10-01 16:03:03,824 - Epoch   9 Validation set [recall@5: 0.0311 recall@10: 0.0524 recall@20: 0.0847 ] [ndcg@5: 0.0367 ndcg@10: 0.0433 ndcg@20: 0.0541 ] 
2025-10-01 16:03:20,030 - Epoch  12 Validation set [recall@5: 0.0316 recall@10: 0.0530 recall@20: 0.0867 ] [ndcg@5: 0.0374 ndcg@10: 0.0438 ndcg@20: 0.0551 ] 
2025-10-01 16:03:36,160 - Epoch  15 Validation set [recall@5: 0.0314 recall@10: 0.0545 recall@20: 0.0894 ] [ndcg@5: 0.0373 ndcg@10: 0.0447 ndcg@20: 0.0564 ] 
2025-10-01 16:03:53,312 - Epoch  18 Validation set [recall@5: 0.0324 recall@10: 0.0559 recall@20: 0.0909 ] [ndcg@5: 0.0381 ndcg@10: 0.0453 ndcg@20: 0.0571 ] 
2025-10-01 16:04:09,693 - Epoch  21 Validation set [recall@5: 0.0334 recall@10: 0.0561 recall@20: 0.0924 ] [ndcg@5: 0.0387 ndcg@10: 0.0459 ndcg@20: 0.0581 ] 
2025-10-01 16:04:26,824 - Epoch  24 Validation set [recall@5: 0.0338 recall@10: 0.0568 recall@20: 0.0929 ] [ndcg@5: 0.0392 ndcg@10: 0.0465 ndcg@20: 0.0587 ] 
2025-10-01 16:04:43,098 - Epoch  27 Validation set [recall@5: 0.0338 recall@10: 0.0582 recall@20: 0.0947 ] [ndcg@5: 0.0394 ndcg@10: 0.0473 ndcg@20: 0.0596 ] 
2025-10-01 16:04:54,931 - Epoch  30 Validation set [recall@5: 0.0344 recall@10: 0.0592 recall@20: 0.0951 ] [ndcg@5: 0.0404 ndcg@10: 0.0483 ndcg@20: 0.0604 ] 
2025-10-01 16:05:07,393 - Epoch  33 Validation set [recall@5: 0.0350 recall@10: 0.0595 recall@20: 0.0957 ] [ndcg@5: 0.0412 ndcg@10: 0.0489 ndcg@20: 0.0609 ] 
2025-10-01 16:05:19,639 - Epoch  36 Validation set [recall@5: 0.0353 recall@10: 0.0601 recall@20: 0.0968 ] [ndcg@5: 0.0416 ndcg@10: 0.0494 ndcg@20: 0.0617 ] 
2025-10-01 16:05:31,926 - Epoch  39 Validation set [recall@5: 0.0356 recall@10: 0.0603 recall@20: 0.0980 ] [ndcg@5: 0.0418 ndcg@10: 0.0496 ndcg@20: 0.0621 ] 
2025-10-01 16:05:44,250 - Epoch  42 Validation set [recall@5: 0.0354 recall@10: 0.0614 recall@20: 0.1011 ] [ndcg@5: 0.0421 ndcg@10: 0.0502 ndcg@20: 0.0635 ] 
2025-10-01 16:05:56,862 - Epoch  45 Validation set [recall@5: 0.0367 recall@10: 0.0616 recall@20: 0.1006 ] [ndcg@5: 0.0436 ndcg@10: 0.0509 ndcg@20: 0.0641 ] 
2025-10-01 16:06:08,850 - Epoch  48 Validation set [recall@5: 0.0367 recall@10: 0.0628 recall@20: 0.1030 ] [ndcg@5: 0.0433 ndcg@10: 0.0514 ndcg@20: 0.0649 ] 
2025-10-01 16:06:21,560 - Epoch  51 Validation set [recall@5: 0.0371 recall@10: 0.0636 recall@20: 0.1034 ] [ndcg@5: 0.0440 ndcg@10: 0.0520 ndcg@20: 0.0654 ] 
2025-10-01 16:06:34,233 - Epoch  54 Validation set [recall@5: 0.0376 recall@10: 0.0633 recall@20: 0.1042 ] [ndcg@5: 0.0442 ndcg@10: 0.0520 ndcg@20: 0.0657 ] 
2025-10-01 16:06:46,628 - Epoch  57 Validation set [recall@5: 0.0372 recall@10: 0.0632 recall@20: 0.1045 ] [ndcg@5: 0.0442 ndcg@10: 0.0524 ndcg@20: 0.0663 ] 
2025-10-01 16:06:59,293 - Epoch  60 Validation set [recall@5: 0.0375 recall@10: 0.0631 recall@20: 0.1047 ] [ndcg@5: 0.0445 ndcg@10: 0.0524 ndcg@20: 0.0665 ] 
2025-10-01 16:07:11,811 - Epoch  63 Validation set [recall@5: 0.0375 recall@10: 0.0634 recall@20: 0.1053 ] [ndcg@5: 0.0446 ndcg@10: 0.0527 ndcg@20: 0.0668 ] 
2025-10-01 16:07:24,375 - Epoch  66 Validation set [recall@5: 0.0377 recall@10: 0.0641 recall@20: 0.1056 ] [ndcg@5: 0.0451 ndcg@10: 0.0534 ndcg@20: 0.0672 ] 
2025-10-01 16:07:36,261 - Epoch  69 Validation set [recall@5: 0.0374 recall@10: 0.0645 recall@20: 0.1072 ] [ndcg@5: 0.0446 ndcg@10: 0.0531 ndcg@20: 0.0676 ] 
2025-10-01 16:07:48,903 - Epoch  72 Validation set [recall@5: 0.0373 recall@10: 0.0636 recall@20: 0.1065 ] [ndcg@5: 0.0447 ndcg@10: 0.0529 ndcg@20: 0.0674 ] 
2025-10-01 16:08:01,391 - Epoch  75 Validation set [recall@5: 0.0378 recall@10: 0.0649 recall@20: 0.1071 ] [ndcg@5: 0.0453 ndcg@10: 0.0538 ndcg@20: 0.0680 ] 
2025-10-01 16:08:14,534 - Epoch  78 Validation set [recall@5: 0.0383 recall@10: 0.0647 recall@20: 0.1084 ] [ndcg@5: 0.0456 ndcg@10: 0.0539 ndcg@20: 0.0684 ] 
2025-10-01 16:08:26,269 - Epoch  81 Validation set [recall@5: 0.0387 recall@10: 0.0659 recall@20: 0.1084 ] [ndcg@5: 0.0456 ndcg@10: 0.0542 ndcg@20: 0.0685 ] 
2025-10-01 16:08:39,116 - Epoch  84 Validation set [recall@5: 0.0387 recall@10: 0.0660 recall@20: 0.1079 ] [ndcg@5: 0.0454 ndcg@10: 0.0540 ndcg@20: 0.0682 ] 
2025-10-01 16:08:51,403 - Epoch  87 Validation set [recall@5: 0.0383 recall@10: 0.0658 recall@20: 0.1088 ] [ndcg@5: 0.0455 ndcg@10: 0.0542 ndcg@20: 0.0686 ] 
2025-10-01 16:09:03,762 - Epoch  90 Validation set [recall@5: 0.0383 recall@10: 0.0659 recall@20: 0.1084 ] [ndcg@5: 0.0456 ndcg@10: 0.0542 ndcg@20: 0.0686 ] 
2025-10-01 16:09:16,021 - Epoch  93 Validation set [recall@5: 0.0382 recall@10: 0.0669 recall@20: 0.1089 ] [ndcg@5: 0.0458 ndcg@10: 0.0550 ndcg@20: 0.0691 ] 
2025-10-01 16:09:30,230 - Epoch  96 Validation set [recall@5: 0.0391 recall@10: 0.0673 recall@20: 0.1093 ] [ndcg@5: 0.0461 ndcg@10: 0.0550 ndcg@20: 0.0691 ] 
2025-10-01 16:09:43,169 - Epoch  99 Validation set [recall@5: 0.0385 recall@10: 0.0672 recall@20: 0.1095 ] [ndcg@5: 0.0459 ndcg@10: 0.0550 ndcg@20: 0.0691 ] 
2025-10-01 16:09:56,402 - Epoch 102 Validation set [recall@5: 0.0387 recall@10: 0.0675 recall@20: 0.1089 ] [ndcg@5: 0.0459 ndcg@10: 0.0552 ndcg@20: 0.0691 ] 
2025-10-01 16:10:09,669 - Epoch 105 Validation set [recall@5: 0.0391 recall@10: 0.0668 recall@20: 0.1091 ] [ndcg@5: 0.0466 ndcg@10: 0.0552 ndcg@20: 0.0693 ] 
2025-10-01 16:10:22,283 - Epoch 108 Validation set [recall@5: 0.0385 recall@10: 0.0676 recall@20: 0.1092 ] [ndcg@5: 0.0459 ndcg@10: 0.0553 ndcg@20: 0.0691 ] 
2025-10-01 16:10:34,815 - Epoch 111 Validation set [recall@5: 0.0391 recall@10: 0.0669 recall@20: 0.1099 ] [ndcg@5: 0.0463 ndcg@10: 0.0552 ndcg@20: 0.0696 ] 
2025-10-01 16:10:46,743 - Epoch 114 Validation set [recall@5: 0.0387 recall@10: 0.0670 recall@20: 0.1106 ] [ndcg@5: 0.0459 ndcg@10: 0.0550 ndcg@20: 0.0696 ] 
2025-10-01 16:10:59,564 - Epoch 117 Validation set [recall@5: 0.0392 recall@10: 0.0670 recall@20: 0.1103 ] [ndcg@5: 0.0463 ndcg@10: 0.0551 ndcg@20: 0.0697 ] 
2025-10-01 16:11:12,131 - Epoch 120 Validation set [recall@5: 0.0398 recall@10: 0.0674 recall@20: 0.1107 ] [ndcg@5: 0.0472 ndcg@10: 0.0557 ndcg@20: 0.0702 ] 
2025-10-01 16:11:25,250 - Epoch 123 Validation set [recall@5: 0.0395 recall@10: 0.0674 recall@20: 0.1101 ] [ndcg@5: 0.0467 ndcg@10: 0.0553 ndcg@20: 0.0697 ] 
2025-10-01 16:11:37,803 - Epoch 126 Validation set [recall@5: 0.0395 recall@10: 0.0673 recall@20: 0.1102 ] [ndcg@5: 0.0469 ndcg@10: 0.0553 ndcg@20: 0.0699 ] 
2025-10-01 16:11:50,757 - Epoch 129 Validation set [recall@5: 0.0390 recall@10: 0.0673 recall@20: 0.1101 ] [ndcg@5: 0.0465 ndcg@10: 0.0553 ndcg@20: 0.0698 ] 
2025-10-01 16:12:03,868 - Epoch 132 Validation set [recall@5: 0.0395 recall@10: 0.0673 recall@20: 0.1109 ] [ndcg@5: 0.0467 ndcg@10: 0.0553 ndcg@20: 0.0700 ] 
2025-10-01 16:12:17,203 - Epoch 135 Validation set [recall@5: 0.0388 recall@10: 0.0680 recall@20: 0.1113 ] [ndcg@5: 0.0464 ndcg@10: 0.0555 ndcg@20: 0.0702 ] 
2025-10-01 16:12:30,678 - Epoch 138 Validation set [recall@5: 0.0397 recall@10: 0.0672 recall@20: 0.1110 ] [ndcg@5: 0.0471 ndcg@10: 0.0555 ndcg@20: 0.0703 ] 
2025-10-01 16:12:43,709 - Epoch 141 Validation set [recall@5: 0.0407 recall@10: 0.0683 recall@20: 0.1113 ] [ndcg@5: 0.0474 ndcg@10: 0.0560 ndcg@20: 0.0705 ] 
2025-10-01 16:12:56,235 - Epoch 144 Validation set [recall@5: 0.0407 recall@10: 0.0684 recall@20: 0.1122 ] [ndcg@5: 0.0476 ndcg@10: 0.0562 ndcg@20: 0.0709 ] 
2025-10-01 16:13:09,588 - Epoch 147 Validation set [recall@5: 0.0405 recall@10: 0.0684 recall@20: 0.1116 ] [ndcg@5: 0.0475 ndcg@10: 0.0561 ndcg@20: 0.0708 ] 
2025-10-01 16:13:22,955 - Epoch 150 Validation set [recall@5: 0.0406 recall@10: 0.0681 recall@20: 0.1117 ] [ndcg@5: 0.0476 ndcg@10: 0.0562 ndcg@20: 0.0709 ] 
2025-10-01 16:13:36,253 - Epoch 153 Validation set [recall@5: 0.0407 recall@10: 0.0687 recall@20: 0.1121 ] [ndcg@5: 0.0478 ndcg@10: 0.0565 ndcg@20: 0.0712 ] 
2025-10-01 16:13:48,447 - Epoch 156 Validation set [recall@5: 0.0406 recall@10: 0.0678 recall@20: 0.1112 ] [ndcg@5: 0.0474 ndcg@10: 0.0562 ndcg@20: 0.0707 ] 
2025-10-01 16:14:00,591 - Epoch 159 Validation set [recall@5: 0.0408 recall@10: 0.0677 recall@20: 0.1109 ] [ndcg@5: 0.0477 ndcg@10: 0.0561 ndcg@20: 0.0706 ] 
2025-10-01 16:14:02,620 - [recall@5: 0.0389 recall@10: 0.0657 recall@20: 0.1074 ] [ndcg@5: 0.0453 ndcg@10: 0.0539 ndcg@20: 0.0682 ] 
2025-10-01 16:14:08,453 - Epoch   0 Validation set [recall@5: 0.0085 recall@10: 0.0137 recall@20: 0.0244 ] [ndcg@5: 0.0107 ndcg@10: 0.0121 ndcg@20: 0.0156 ] 
2025-10-01 16:14:22,008 - Epoch   3 Validation set [recall@5: 0.0221 recall@10: 0.0379 recall@20: 0.0618 ] [ndcg@5: 0.0269 ndcg@10: 0.0312 ndcg@20: 0.0389 ] 
2025-10-01 16:14:35,396 - Epoch   6 Validation set [recall@5: 0.0298 recall@10: 0.0494 recall@20: 0.0793 ] [ndcg@5: 0.0358 ndcg@10: 0.0417 ndcg@20: 0.0516 ] 
2025-10-01 16:14:49,687 - Epoch   9 Validation set [recall@5: 0.0308 recall@10: 0.0528 recall@20: 0.0841 ] [ndcg@5: 0.0364 ndcg@10: 0.0432 ndcg@20: 0.0536 ] 
2025-10-01 16:15:03,125 - Epoch  12 Validation set [recall@5: 0.0318 recall@10: 0.0543 recall@20: 0.0866 ] [ndcg@5: 0.0373 ndcg@10: 0.0442 ndcg@20: 0.0549 ] 
2025-10-01 16:15:14,928 - Epoch  15 Validation set [recall@5: 0.0329 recall@10: 0.0563 recall@20: 0.0892 ] [ndcg@5: 0.0380 ndcg@10: 0.0453 ndcg@20: 0.0563 ] 
2025-10-01 16:15:28,964 - Epoch  18 Validation set [recall@5: 0.0332 recall@10: 0.0567 recall@20: 0.0916 ] [ndcg@5: 0.0385 ndcg@10: 0.0459 ndcg@20: 0.0574 ] 
2025-10-01 16:15:41,146 - Epoch  21 Validation set [recall@5: 0.0332 recall@10: 0.0580 recall@20: 0.0943 ] [ndcg@5: 0.0387 ndcg@10: 0.0467 ndcg@20: 0.0588 ] 
2025-10-01 16:15:53,732 - Epoch  24 Validation set [recall@5: 0.0345 recall@10: 0.0584 recall@20: 0.0953 ] [ndcg@5: 0.0398 ndcg@10: 0.0474 ndcg@20: 0.0597 ] 
2025-10-01 16:16:06,493 - Epoch  27 Validation set [recall@5: 0.0359 recall@10: 0.0587 recall@20: 0.0973 ] [ndcg@5: 0.0412 ndcg@10: 0.0481 ndcg@20: 0.0611 ] 
2025-10-01 16:16:18,652 - Epoch  30 Validation set [recall@5: 0.0365 recall@10: 0.0600 recall@20: 0.0996 ] [ndcg@5: 0.0423 ndcg@10: 0.0494 ndcg@20: 0.0626 ] 
2025-10-01 16:16:33,411 - Epoch  33 Validation set [recall@5: 0.0368 recall@10: 0.0609 recall@20: 0.0999 ] [ndcg@5: 0.0429 ndcg@10: 0.0504 ndcg@20: 0.0635 ] 
2025-10-01 16:16:50,163 - Epoch  36 Validation set [recall@5: 0.0369 recall@10: 0.0623 recall@20: 0.1019 ] [ndcg@5: 0.0435 ndcg@10: 0.0514 ndcg@20: 0.0646 ] 
2025-10-01 16:17:07,620 - Epoch  39 Validation set [recall@5: 0.0372 recall@10: 0.0636 recall@20: 0.1040 ] [ndcg@5: 0.0439 ndcg@10: 0.0522 ndcg@20: 0.0657 ] 
2025-10-01 16:17:24,427 - Epoch  42 Validation set [recall@5: 0.0378 recall@10: 0.0646 recall@20: 0.1066 ] [ndcg@5: 0.0447 ndcg@10: 0.0531 ndcg@20: 0.0671 ] 
2025-10-01 16:17:38,004 - Epoch  45 Validation set [recall@5: 0.0390 recall@10: 0.0660 recall@20: 0.1081 ] [ndcg@5: 0.0454 ndcg@10: 0.0541 ndcg@20: 0.0682 ] 
2025-10-01 16:17:51,828 - Epoch  48 Validation set [recall@5: 0.0397 recall@10: 0.0664 recall@20: 0.1086 ] [ndcg@5: 0.0464 ndcg@10: 0.0550 ndcg@20: 0.0691 ] 
2025-10-01 16:18:04,572 - Epoch  51 Validation set [recall@5: 0.0409 recall@10: 0.0678 recall@20: 0.1106 ] [ndcg@5: 0.0476 ndcg@10: 0.0559 ndcg@20: 0.0703 ] 
2025-10-01 16:18:17,765 - Epoch  54 Validation set [recall@5: 0.0407 recall@10: 0.0679 recall@20: 0.1122 ] [ndcg@5: 0.0477 ndcg@10: 0.0562 ndcg@20: 0.0711 ] 
2025-10-01 16:18:30,314 - Epoch  57 Validation set [recall@5: 0.0414 recall@10: 0.0693 recall@20: 0.1146 ] [ndcg@5: 0.0481 ndcg@10: 0.0569 ndcg@20: 0.0721 ] 
2025-10-01 16:18:42,752 - Epoch  60 Validation set [recall@5: 0.0414 recall@10: 0.0704 recall@20: 0.1158 ] [ndcg@5: 0.0483 ndcg@10: 0.0575 ndcg@20: 0.0727 ] 
2025-10-01 16:18:56,330 - Epoch  63 Validation set [recall@5: 0.0421 recall@10: 0.0705 recall@20: 0.1161 ] [ndcg@5: 0.0490 ndcg@10: 0.0578 ndcg@20: 0.0731 ] 
2025-10-01 16:19:09,565 - Epoch  66 Validation set [recall@5: 0.0430 recall@10: 0.0708 recall@20: 0.1162 ] [ndcg@5: 0.0496 ndcg@10: 0.0581 ndcg@20: 0.0736 ] 
2025-10-01 16:19:22,259 - Epoch  69 Validation set [recall@5: 0.0428 recall@10: 0.0720 recall@20: 0.1177 ] [ndcg@5: 0.0499 ndcg@10: 0.0590 ndcg@20: 0.0744 ] 
2025-10-01 16:19:34,924 - Epoch  72 Validation set [recall@5: 0.0428 recall@10: 0.0724 recall@20: 0.1184 ] [ndcg@5: 0.0501 ndcg@10: 0.0596 ndcg@20: 0.0750 ] 
2025-10-01 16:19:47,284 - Epoch  75 Validation set [recall@5: 0.0440 recall@10: 0.0736 recall@20: 0.1180 ] [ndcg@5: 0.0510 ndcg@10: 0.0603 ndcg@20: 0.0752 ] 
2025-10-01 16:19:59,999 - Epoch  78 Validation set [recall@5: 0.0446 recall@10: 0.0739 recall@20: 0.1197 ] [ndcg@5: 0.0513 ndcg@10: 0.0606 ndcg@20: 0.0761 ] 
2025-10-01 16:20:12,437 - Epoch  81 Validation set [recall@5: 0.0451 recall@10: 0.0732 recall@20: 0.1200 ] [ndcg@5: 0.0521 ndcg@10: 0.0609 ndcg@20: 0.0767 ] 
2025-10-01 16:20:25,546 - Epoch  84 Validation set [recall@5: 0.0457 recall@10: 0.0750 recall@20: 0.1198 ] [ndcg@5: 0.0525 ndcg@10: 0.0617 ndcg@20: 0.0767 ] 
2025-10-01 16:20:37,627 - Epoch  87 Validation set [recall@5: 0.0458 recall@10: 0.0750 recall@20: 0.1203 ] [ndcg@5: 0.0526 ndcg@10: 0.0617 ndcg@20: 0.0769 ] 
2025-10-01 16:20:50,041 - Epoch  90 Validation set [recall@5: 0.0451 recall@10: 0.0759 recall@20: 0.1214 ] [ndcg@5: 0.0525 ndcg@10: 0.0624 ndcg@20: 0.0778 ] 
2025-10-01 16:21:03,088 - Epoch  93 Validation set [recall@5: 0.0450 recall@10: 0.0751 recall@20: 0.1231 ] [ndcg@5: 0.0530 ndcg@10: 0.0625 ndcg@20: 0.0787 ] 
2025-10-01 16:21:16,814 - Epoch  96 Validation set [recall@5: 0.0455 recall@10: 0.0762 recall@20: 0.1240 ] [ndcg@5: 0.0536 ndcg@10: 0.0631 ndcg@20: 0.0791 ] 
2025-10-01 16:21:29,504 - Epoch  99 Validation set [recall@5: 0.0463 recall@10: 0.0763 recall@20: 0.1256 ] [ndcg@5: 0.0545 ndcg@10: 0.0637 ndcg@20: 0.0801 ] 
2025-10-01 16:21:42,088 - Epoch 102 Validation set [recall@5: 0.0459 recall@10: 0.0761 recall@20: 0.1250 ] [ndcg@5: 0.0543 ndcg@10: 0.0635 ndcg@20: 0.0799 ] 
2025-10-01 16:21:54,526 - Epoch 105 Validation set [recall@5: 0.0459 recall@10: 0.0773 recall@20: 0.1252 ] [ndcg@5: 0.0543 ndcg@10: 0.0641 ndcg@20: 0.0800 ] 
2025-10-01 16:22:08,323 - Epoch 108 Validation set [recall@5: 0.0468 recall@10: 0.0772 recall@20: 0.1257 ] [ndcg@5: 0.0553 ndcg@10: 0.0643 ndcg@20: 0.0804 ] 
2025-10-01 16:22:25,601 - Epoch 111 Validation set [recall@5: 0.0467 recall@10: 0.0771 recall@20: 0.1265 ] [ndcg@5: 0.0552 ndcg@10: 0.0645 ndcg@20: 0.0811 ] 
2025-10-01 16:22:42,178 - Epoch 114 Validation set [recall@5: 0.0472 recall@10: 0.0775 recall@20: 0.1256 ] [ndcg@5: 0.0554 ndcg@10: 0.0646 ndcg@20: 0.0807 ] 
2025-10-01 16:22:59,890 - Epoch 117 Validation set [recall@5: 0.0471 recall@10: 0.0782 recall@20: 0.1271 ] [ndcg@5: 0.0557 ndcg@10: 0.0652 ndcg@20: 0.0816 ] 
2025-10-01 16:23:16,128 - Epoch 120 Validation set [recall@5: 0.0464 recall@10: 0.0783 recall@20: 0.1260 ] [ndcg@5: 0.0553 ndcg@10: 0.0651 ndcg@20: 0.0811 ] 
2025-10-01 16:23:32,756 - Epoch 123 Validation set [recall@5: 0.0477 recall@10: 0.0784 recall@20: 0.1282 ] [ndcg@5: 0.0562 ndcg@10: 0.0655 ndcg@20: 0.0822 ] 
2025-10-01 16:23:48,966 - Epoch 126 Validation set [recall@5: 0.0473 recall@10: 0.0788 recall@20: 0.1281 ] [ndcg@5: 0.0562 ndcg@10: 0.0657 ndcg@20: 0.0823 ] 
2025-10-01 16:24:05,337 - Epoch 129 Validation set [recall@5: 0.0477 recall@10: 0.0785 recall@20: 0.1284 ] [ndcg@5: 0.0562 ndcg@10: 0.0654 ndcg@20: 0.0822 ] 
2025-10-01 16:24:21,552 - Epoch 132 Validation set [recall@5: 0.0476 recall@10: 0.0781 recall@20: 0.1291 ] [ndcg@5: 0.0563 ndcg@10: 0.0654 ndcg@20: 0.0824 ] 
2025-10-01 16:24:37,969 - Epoch 135 Validation set [recall@5: 0.0482 recall@10: 0.0790 recall@20: 0.1284 ] [ndcg@5: 0.0569 ndcg@10: 0.0659 ndcg@20: 0.0825 ] 
2025-10-01 16:24:54,023 - Epoch 138 Validation set [recall@5: 0.0484 recall@10: 0.0799 recall@20: 0.1283 ] [ndcg@5: 0.0573 ndcg@10: 0.0667 ndcg@20: 0.0829 ] 
2025-10-01 16:25:11,535 - Epoch 141 Validation set [recall@5: 0.0482 recall@10: 0.0790 recall@20: 0.1288 ] [ndcg@5: 0.0571 ndcg@10: 0.0662 ndcg@20: 0.0830 ] 
2025-10-01 16:25:27,441 - Epoch 144 Validation set [recall@5: 0.0478 recall@10: 0.0789 recall@20: 0.1301 ] [ndcg@5: 0.0569 ndcg@10: 0.0661 ndcg@20: 0.0832 ] 
2025-10-01 16:25:44,540 - Epoch 147 Validation set [recall@5: 0.0477 recall@10: 0.0792 recall@20: 0.1299 ] [ndcg@5: 0.0568 ndcg@10: 0.0660 ndcg@20: 0.0830 ] 
2025-10-01 16:26:01,317 - Epoch 150 Validation set [recall@5: 0.0479 recall@10: 0.0803 recall@20: 0.1294 ] [ndcg@5: 0.0567 ndcg@10: 0.0665 ndcg@20: 0.0829 ] 
2025-10-01 16:26:17,965 - Epoch 153 Validation set [recall@5: 0.0480 recall@10: 0.0803 recall@20: 0.1309 ] [ndcg@5: 0.0570 ndcg@10: 0.0667 ndcg@20: 0.0836 ] 
2025-10-01 16:26:34,972 - Epoch 156 Validation set [recall@5: 0.0473 recall@10: 0.0803 recall@20: 0.1305 ] [ndcg@5: 0.0560 ndcg@10: 0.0663 ndcg@20: 0.0831 ] 
2025-10-01 16:26:51,142 - Epoch 159 Validation set [recall@5: 0.0479 recall@10: 0.0812 recall@20: 0.1301 ] [ndcg@5: 0.0568 ndcg@10: 0.0670 ndcg@20: 0.0833 ] 
2025-10-01 16:27:07,290 - Epoch 162 Validation set [recall@5: 0.0478 recall@10: 0.0820 recall@20: 0.1316 ] [ndcg@5: 0.0567 ndcg@10: 0.0672 ndcg@20: 0.0838 ] 
2025-10-01 16:27:24,087 - Epoch 165 Validation set [recall@5: 0.0483 recall@10: 0.0817 recall@20: 0.1311 ] [ndcg@5: 0.0571 ndcg@10: 0.0673 ndcg@20: 0.0838 ] 
2025-10-01 16:27:41,291 - Epoch 168 Validation set [recall@5: 0.0488 recall@10: 0.0819 recall@20: 0.1309 ] [ndcg@5: 0.0572 ndcg@10: 0.0673 ndcg@20: 0.0837 ] 
