2025-10-01 22:50:30,878 - {'optimizer': {'name': 'adam', 'lr': 0.001, 'weight_decay': 0}, 'train': {'epoch': 400, 'batch_size': 4096, 'save_model': True, 'loss': 'pairwise', 'test_step': 3, 'reproducible': True, 'seed': 2024, 'patience': 5}, 'test': {'metrics': ['recall', 'ndcg'], 'k': [5, 10, 20], 'batch_size': 1024}, 'data': {'type': 'general_agcf', 'name': 'yelp', 'mat_type': 'uai', 'pre_norm': True, 'user_num': 11091, 'item_num': 11010, 'user_item_num': 22101, 'attr_num': 2607}, 'model': {'name': 'lightgcn_rgcn', 'label': 'ori', 'keep_rate': 0.9, 'embedding_size': 64, 'use_unify_layer_num': True, 'layer_num': 3, 'reg_weight': 1e-07, 'amazon': {'keep_rate': 0.9, 'layer_num': 3, 'reg_weight': 1e-07, 'eps': 0.1}, 'yelp': {'keep_rate': 0.9, 'layer_num': 3, 'reg_weight': 1e-07, 'eps': 0.1, 'temperature': 0.1}, 'steam': {'keep_rate': 0.8, 'layer_num': 3, 'reg_weight': 1e-07, 'eps': 0.2}, 'Office': {'keep_rate': 0.9, 'layer_num': 3, 'reg_weight': 1e-06, 'eps': 0.1}, 'temperature': 0.1, 'eps': 0.1}}
2025-10-01 22:50:38,310 - Epoch   0 Validation set [recall@5: 0.0087 recall@10: 0.0161 recall@20: 0.0244 ] [ndcg@5: 0.0110 ndcg@10: 0.0134 ndcg@20: 0.0159 ] 
2025-10-01 22:50:54,675 - Epoch   3 Validation set [recall@5: 0.0228 recall@10: 0.0400 recall@20: 0.0655 ] [ndcg@5: 0.0277 ndcg@10: 0.0328 ndcg@20: 0.0412 ] 
2025-10-01 22:51:11,254 - Epoch   6 Validation set [recall@5: 0.0297 recall@10: 0.0505 recall@20: 0.0825 ] [ndcg@5: 0.0354 ndcg@10: 0.0419 ndcg@20: 0.0526 ] 
2025-10-01 22:51:28,140 - Epoch   9 Validation set [recall@5: 0.0312 recall@10: 0.0525 recall@20: 0.0860 ] [ndcg@5: 0.0367 ndcg@10: 0.0433 ndcg@20: 0.0544 ] 
2025-10-01 22:51:44,027 - Epoch  12 Validation set [recall@5: 0.0311 recall@10: 0.0531 recall@20: 0.0888 ] [ndcg@5: 0.0370 ndcg@10: 0.0439 ndcg@20: 0.0558 ] 
2025-10-01 22:52:00,686 - Epoch  15 Validation set [recall@5: 0.0315 recall@10: 0.0550 recall@20: 0.0901 ] [ndcg@5: 0.0371 ndcg@10: 0.0448 ndcg@20: 0.0566 ] 
2025-10-01 22:52:16,463 - Epoch  18 Validation set [recall@5: 0.0326 recall@10: 0.0566 recall@20: 0.0940 ] [ndcg@5: 0.0379 ndcg@10: 0.0456 ndcg@20: 0.0581 ] 
2025-10-01 22:52:32,085 - Epoch  21 Validation set [recall@5: 0.0334 recall@10: 0.0575 recall@20: 0.0948 ] [ndcg@5: 0.0385 ndcg@10: 0.0466 ndcg@20: 0.0591 ] 
2025-10-01 22:52:47,115 - Epoch  24 Validation set [recall@5: 0.0343 recall@10: 0.0587 recall@20: 0.0964 ] [ndcg@5: 0.0395 ndcg@10: 0.0475 ndcg@20: 0.0603 ] 
2025-10-01 22:53:02,100 - Epoch  27 Validation set [recall@5: 0.0355 recall@10: 0.0600 recall@20: 0.0983 ] [ndcg@5: 0.0414 ndcg@10: 0.0490 ndcg@20: 0.0619 ] 
2025-10-01 22:53:18,302 - Epoch  30 Validation set [recall@5: 0.0365 recall@10: 0.0614 recall@20: 0.1007 ] [ndcg@5: 0.0425 ndcg@10: 0.0502 ndcg@20: 0.0635 ] 
2025-10-01 22:53:34,480 - Epoch  33 Validation set [recall@5: 0.0370 recall@10: 0.0625 recall@20: 0.1023 ] [ndcg@5: 0.0431 ndcg@10: 0.0510 ndcg@20: 0.0645 ] 
2025-10-01 22:53:48,887 - Epoch  36 Validation set [recall@5: 0.0382 recall@10: 0.0634 recall@20: 0.1037 ] [ndcg@5: 0.0445 ndcg@10: 0.0523 ndcg@20: 0.0658 ] 
2025-10-01 22:54:05,376 - Epoch  39 Validation set [recall@5: 0.0386 recall@10: 0.0638 recall@20: 0.1067 ] [ndcg@5: 0.0455 ndcg@10: 0.0531 ndcg@20: 0.0674 ] 
2025-10-01 22:54:20,865 - Epoch  42 Validation set [recall@5: 0.0386 recall@10: 0.0649 recall@20: 0.1077 ] [ndcg@5: 0.0455 ndcg@10: 0.0538 ndcg@20: 0.0682 ] 
2025-10-01 22:54:35,946 - Epoch  45 Validation set [recall@5: 0.0403 recall@10: 0.0657 recall@20: 0.1098 ] [ndcg@5: 0.0472 ndcg@10: 0.0549 ndcg@20: 0.0696 ] 
2025-10-01 22:54:51,134 - Epoch  48 Validation set [recall@5: 0.0400 recall@10: 0.0671 recall@20: 0.1108 ] [ndcg@5: 0.0474 ndcg@10: 0.0557 ndcg@20: 0.0703 ] 
2025-10-01 22:55:07,389 - Epoch  51 Validation set [recall@5: 0.0404 recall@10: 0.0676 recall@20: 0.1125 ] [ndcg@5: 0.0484 ndcg@10: 0.0567 ndcg@20: 0.0716 ] 
2025-10-01 22:55:23,240 - Epoch  54 Validation set [recall@5: 0.0406 recall@10: 0.0686 recall@20: 0.1137 ] [ndcg@5: 0.0487 ndcg@10: 0.0573 ndcg@20: 0.0725 ] 
2025-10-01 22:55:38,250 - Epoch  57 Validation set [recall@5: 0.0422 recall@10: 0.0700 recall@20: 0.1146 ] [ndcg@5: 0.0494 ndcg@10: 0.0580 ndcg@20: 0.0730 ] 
2025-10-01 22:55:53,997 - Epoch  60 Validation set [recall@5: 0.0428 recall@10: 0.0705 recall@20: 0.1145 ] [ndcg@5: 0.0504 ndcg@10: 0.0588 ndcg@20: 0.0737 ] 
2025-10-01 22:56:09,524 - Epoch  63 Validation set [recall@5: 0.0436 recall@10: 0.0709 recall@20: 0.1186 ] [ndcg@5: 0.0508 ndcg@10: 0.0591 ndcg@20: 0.0752 ] 
2025-10-01 22:56:25,414 - Epoch  66 Validation set [recall@5: 0.0429 recall@10: 0.0707 recall@20: 0.1186 ] [ndcg@5: 0.0505 ndcg@10: 0.0589 ndcg@20: 0.0752 ] 
2025-10-01 22:56:39,847 - Epoch  69 Validation set [recall@5: 0.0447 recall@10: 0.0730 recall@20: 0.1197 ] [ndcg@5: 0.0517 ndcg@10: 0.0604 ndcg@20: 0.0763 ] 
2025-10-01 22:56:55,011 - Epoch  72 Validation set [recall@5: 0.0436 recall@10: 0.0725 recall@20: 0.1207 ] [ndcg@5: 0.0512 ndcg@10: 0.0601 ndcg@20: 0.0764 ] 
2025-10-01 22:57:11,301 - Epoch  75 Validation set [recall@5: 0.0430 recall@10: 0.0734 recall@20: 0.1202 ] [ndcg@5: 0.0512 ndcg@10: 0.0605 ndcg@20: 0.0764 ] 
2025-10-01 22:57:26,413 - Epoch  78 Validation set [recall@5: 0.0439 recall@10: 0.0735 recall@20: 0.1208 ] [ndcg@5: 0.0516 ndcg@10: 0.0606 ndcg@20: 0.0766 ] 
2025-10-01 22:57:42,580 - Epoch  81 Validation set [recall@5: 0.0443 recall@10: 0.0733 recall@20: 0.1210 ] [ndcg@5: 0.0521 ndcg@10: 0.0610 ndcg@20: 0.0770 ] 
2025-10-01 22:57:58,684 - Epoch  84 Validation set [recall@5: 0.0440 recall@10: 0.0739 recall@20: 0.1222 ] [ndcg@5: 0.0524 ndcg@10: 0.0615 ndcg@20: 0.0778 ] 
2025-10-01 22:58:14,876 - Epoch  87 Validation set [recall@5: 0.0443 recall@10: 0.0758 recall@20: 0.1230 ] [ndcg@5: 0.0529 ndcg@10: 0.0625 ndcg@20: 0.0784 ] 
2025-10-01 22:58:29,875 - Epoch  90 Validation set [recall@5: 0.0450 recall@10: 0.0752 recall@20: 0.1236 ] [ndcg@5: 0.0529 ndcg@10: 0.0622 ndcg@20: 0.0785 ] 
2025-10-01 22:58:45,855 - Epoch  93 Validation set [recall@5: 0.0461 recall@10: 0.0766 recall@20: 0.1240 ] [ndcg@5: 0.0536 ndcg@10: 0.0631 ndcg@20: 0.0791 ] 
2025-10-01 22:59:01,109 - Epoch  96 Validation set [recall@5: 0.0453 recall@10: 0.0772 recall@20: 0.1249 ] [ndcg@5: 0.0534 ndcg@10: 0.0634 ndcg@20: 0.0796 ] 
2025-10-01 22:59:17,189 - Epoch  99 Validation set [recall@5: 0.0451 recall@10: 0.0768 recall@20: 0.1252 ] [ndcg@5: 0.0536 ndcg@10: 0.0636 ndcg@20: 0.0799 ] 
2025-10-01 22:59:32,697 - Epoch 102 Validation set [recall@5: 0.0447 recall@10: 0.0760 recall@20: 0.1258 ] [ndcg@5: 0.0531 ndcg@10: 0.0631 ndcg@20: 0.0800 ] 
2025-10-01 22:59:48,181 - Epoch 105 Validation set [recall@5: 0.0452 recall@10: 0.0774 recall@20: 0.1248 ] [ndcg@5: 0.0539 ndcg@10: 0.0639 ndcg@20: 0.0802 ] 
2025-10-01 23:00:04,264 - Epoch 108 Validation set [recall@5: 0.0464 recall@10: 0.0773 recall@20: 0.1249 ] [ndcg@5: 0.0543 ndcg@10: 0.0641 ndcg@20: 0.0801 ] 
2025-10-01 23:00:20,833 - Epoch 111 Validation set [recall@5: 0.0459 recall@10: 0.0773 recall@20: 0.1252 ] [ndcg@5: 0.0546 ndcg@10: 0.0644 ndcg@20: 0.0806 ] 
2025-10-01 23:00:36,123 - Epoch 114 Validation set [recall@5: 0.0466 recall@10: 0.0784 recall@20: 0.1253 ] [ndcg@5: 0.0550 ndcg@10: 0.0648 ndcg@20: 0.0805 ] 
2025-10-01 23:00:51,037 - Epoch 117 Validation set [recall@5: 0.0468 recall@10: 0.0769 recall@20: 0.1256 ] [ndcg@5: 0.0550 ndcg@10: 0.0642 ndcg@20: 0.0806 ] 
2025-10-01 23:00:53,189 - [recall@5: 0.0443 recall@10: 0.0749 recall@20: 0.1234 ] [ndcg@5: 0.0517 ndcg@10: 0.0615 ndcg@20: 0.0782 ] 
2025-10-01 23:01:00,604 - Epoch   0 Validation set [recall@5: 0.0088 recall@10: 0.0151 recall@20: 0.0248 ] [ndcg@5: 0.0112 ndcg@10: 0.0130 ndcg@20: 0.0161 ] 
2025-10-01 23:01:17,019 - Epoch   3 Validation set [recall@5: 0.0249 recall@10: 0.0425 recall@20: 0.0684 ] [ndcg@5: 0.0302 ndcg@10: 0.0352 ndcg@20: 0.0438 ] 
2025-10-01 23:01:30,269 - Epoch   6 Validation set [recall@5: 0.0300 recall@10: 0.0503 recall@20: 0.0814 ] [ndcg@5: 0.0355 ndcg@10: 0.0416 ndcg@20: 0.0519 ] 
2025-10-01 23:01:43,779 - Epoch   9 Validation set [recall@5: 0.0310 recall@10: 0.0524 recall@20: 0.0846 ] [ndcg@5: 0.0366 ndcg@10: 0.0433 ndcg@20: 0.0540 ] 
2025-10-01 23:01:57,186 - Epoch  12 Validation set [recall@5: 0.0316 recall@10: 0.0530 recall@20: 0.0869 ] [ndcg@5: 0.0374 ndcg@10: 0.0438 ndcg@20: 0.0551 ] 
2025-10-01 23:02:12,047 - Epoch  15 Validation set [recall@5: 0.0314 recall@10: 0.0544 recall@20: 0.0894 ] [ndcg@5: 0.0373 ndcg@10: 0.0447 ndcg@20: 0.0564 ] 
2025-10-01 23:02:24,981 - Epoch  18 Validation set [recall@5: 0.0325 recall@10: 0.0559 recall@20: 0.0909 ] [ndcg@5: 0.0381 ndcg@10: 0.0453 ndcg@20: 0.0572 ] 
2025-10-01 23:02:37,994 - Epoch  21 Validation set [recall@5: 0.0334 recall@10: 0.0561 recall@20: 0.0925 ] [ndcg@5: 0.0387 ndcg@10: 0.0459 ndcg@20: 0.0582 ] 
2025-10-01 23:02:51,408 - Epoch  24 Validation set [recall@5: 0.0338 recall@10: 0.0569 recall@20: 0.0932 ] [ndcg@5: 0.0392 ndcg@10: 0.0466 ndcg@20: 0.0587 ] 
2025-10-01 23:03:05,740 - Epoch  27 Validation set [recall@5: 0.0339 recall@10: 0.0580 recall@20: 0.0948 ] [ndcg@5: 0.0395 ndcg@10: 0.0473 ndcg@20: 0.0596 ] 
2025-10-01 23:03:19,960 - Epoch  30 Validation set [recall@5: 0.0343 recall@10: 0.0592 recall@20: 0.0952 ] [ndcg@5: 0.0404 ndcg@10: 0.0483 ndcg@20: 0.0604 ] 
2025-10-01 23:03:33,544 - Epoch  33 Validation set [recall@5: 0.0350 recall@10: 0.0595 recall@20: 0.0958 ] [ndcg@5: 0.0412 ndcg@10: 0.0489 ndcg@20: 0.0609 ] 
2025-10-01 23:03:47,946 - Epoch  36 Validation set [recall@5: 0.0353 recall@10: 0.0601 recall@20: 0.0968 ] [ndcg@5: 0.0416 ndcg@10: 0.0494 ndcg@20: 0.0616 ] 
2025-10-01 23:04:01,537 - Epoch  39 Validation set [recall@5: 0.0356 recall@10: 0.0600 recall@20: 0.0979 ] [ndcg@5: 0.0419 ndcg@10: 0.0495 ndcg@20: 0.0621 ] 
2025-10-01 23:04:15,888 - Epoch  42 Validation set [recall@5: 0.0354 recall@10: 0.0614 recall@20: 0.1011 ] [ndcg@5: 0.0421 ndcg@10: 0.0503 ndcg@20: 0.0636 ] 
2025-10-01 23:04:29,714 - Epoch  45 Validation set [recall@5: 0.0366 recall@10: 0.0616 recall@20: 0.1006 ] [ndcg@5: 0.0435 ndcg@10: 0.0508 ndcg@20: 0.0640 ] 
2025-10-01 23:04:43,722 - Epoch  48 Validation set [recall@5: 0.0366 recall@10: 0.0629 recall@20: 0.1028 ] [ndcg@5: 0.0433 ndcg@10: 0.0514 ndcg@20: 0.0649 ] 
2025-10-01 23:04:57,845 - Epoch  51 Validation set [recall@5: 0.0371 recall@10: 0.0636 recall@20: 0.1031 ] [ndcg@5: 0.0440 ndcg@10: 0.0520 ndcg@20: 0.0654 ] 
2025-10-01 23:05:12,554 - Epoch  54 Validation set [recall@5: 0.0375 recall@10: 0.0632 recall@20: 0.1041 ] [ndcg@5: 0.0441 ndcg@10: 0.0519 ndcg@20: 0.0657 ] 
2025-10-01 23:05:25,776 - Epoch  57 Validation set [recall@5: 0.0372 recall@10: 0.0633 recall@20: 0.1045 ] [ndcg@5: 0.0442 ndcg@10: 0.0524 ndcg@20: 0.0663 ] 
2025-10-01 23:05:39,890 - Epoch  60 Validation set [recall@5: 0.0375 recall@10: 0.0630 recall@20: 0.1044 ] [ndcg@5: 0.0445 ndcg@10: 0.0524 ndcg@20: 0.0664 ] 
2025-10-01 23:05:53,121 - Epoch  63 Validation set [recall@5: 0.0373 recall@10: 0.0636 recall@20: 0.1054 ] [ndcg@5: 0.0445 ndcg@10: 0.0527 ndcg@20: 0.0668 ] 
2025-10-01 23:06:08,228 - Epoch  66 Validation set [recall@5: 0.0377 recall@10: 0.0641 recall@20: 0.1056 ] [ndcg@5: 0.0451 ndcg@10: 0.0533 ndcg@20: 0.0672 ] 
2025-10-01 23:06:21,042 - Epoch  69 Validation set [recall@5: 0.0374 recall@10: 0.0647 recall@20: 0.1075 ] [ndcg@5: 0.0446 ndcg@10: 0.0533 ndcg@20: 0.0677 ] 
2025-10-01 23:06:35,357 - Epoch  72 Validation set [recall@5: 0.0375 recall@10: 0.0640 recall@20: 0.1065 ] [ndcg@5: 0.0448 ndcg@10: 0.0532 ndcg@20: 0.0675 ] 
2025-10-01 23:06:48,979 - Epoch  75 Validation set [recall@5: 0.0379 recall@10: 0.0649 recall@20: 0.1071 ] [ndcg@5: 0.0454 ndcg@10: 0.0539 ndcg@20: 0.0681 ] 
2025-10-01 23:07:03,414 - Epoch  78 Validation set [recall@5: 0.0384 recall@10: 0.0649 recall@20: 0.1088 ] [ndcg@5: 0.0457 ndcg@10: 0.0540 ndcg@20: 0.0686 ] 
2025-10-01 23:07:18,396 - Epoch  81 Validation set [recall@5: 0.0386 recall@10: 0.0660 recall@20: 0.1082 ] [ndcg@5: 0.0456 ndcg@10: 0.0543 ndcg@20: 0.0685 ] 
2025-10-01 23:07:32,005 - Epoch  84 Validation set [recall@5: 0.0388 recall@10: 0.0660 recall@20: 0.1078 ] [ndcg@5: 0.0455 ndcg@10: 0.0541 ndcg@20: 0.0681 ] 
2025-10-01 23:07:46,668 - Epoch  87 Validation set [recall@5: 0.0382 recall@10: 0.0661 recall@20: 0.1087 ] [ndcg@5: 0.0455 ndcg@10: 0.0542 ndcg@20: 0.0686 ] 
2025-10-01 23:08:00,356 - Epoch  90 Validation set [recall@5: 0.0384 recall@10: 0.0660 recall@20: 0.1084 ] [ndcg@5: 0.0457 ndcg@10: 0.0543 ndcg@20: 0.0687 ] 
2025-10-01 23:08:14,239 - Epoch  93 Validation set [recall@5: 0.0385 recall@10: 0.0670 recall@20: 0.1089 ] [ndcg@5: 0.0459 ndcg@10: 0.0551 ndcg@20: 0.0691 ] 
2025-10-01 23:08:26,726 - Epoch  96 Validation set [recall@5: 0.0390 recall@10: 0.0673 recall@20: 0.1092 ] [ndcg@5: 0.0461 ndcg@10: 0.0550 ndcg@20: 0.0691 ] 
2025-10-01 23:08:40,324 - Epoch  99 Validation set [recall@5: 0.0385 recall@10: 0.0670 recall@20: 0.1096 ] [ndcg@5: 0.0458 ndcg@10: 0.0549 ndcg@20: 0.0692 ] 
2025-10-01 23:08:53,768 - Epoch 102 Validation set [recall@5: 0.0387 recall@10: 0.0675 recall@20: 0.1089 ] [ndcg@5: 0.0459 ndcg@10: 0.0552 ndcg@20: 0.0691 ] 
2025-10-01 23:09:08,772 - Epoch 105 Validation set [recall@5: 0.0391 recall@10: 0.0668 recall@20: 0.1090 ] [ndcg@5: 0.0466 ndcg@10: 0.0551 ndcg@20: 0.0692 ] 
2025-10-01 23:09:21,976 - Epoch 108 Validation set [recall@5: 0.0385 recall@10: 0.0672 recall@20: 0.1090 ] [ndcg@5: 0.0460 ndcg@10: 0.0552 ndcg@20: 0.0691 ] 
2025-10-01 23:09:35,288 - Epoch 111 Validation set [recall@5: 0.0390 recall@10: 0.0670 recall@20: 0.1100 ] [ndcg@5: 0.0462 ndcg@10: 0.0551 ndcg@20: 0.0696 ] 
2025-10-01 23:09:47,807 - Epoch 114 Validation set [recall@5: 0.0387 recall@10: 0.0670 recall@20: 0.1104 ] [ndcg@5: 0.0459 ndcg@10: 0.0549 ndcg@20: 0.0695 ] 
2025-10-01 23:10:01,997 - Epoch 117 Validation set [recall@5: 0.0391 recall@10: 0.0671 recall@20: 0.1104 ] [ndcg@5: 0.0463 ndcg@10: 0.0551 ndcg@20: 0.0697 ] 
2025-10-01 23:10:16,154 - Epoch 120 Validation set [recall@5: 0.0397 recall@10: 0.0674 recall@20: 0.1108 ] [ndcg@5: 0.0471 ndcg@10: 0.0556 ndcg@20: 0.0702 ] 
2025-10-01 23:10:29,828 - Epoch 123 Validation set [recall@5: 0.0393 recall@10: 0.0672 recall@20: 0.1099 ] [ndcg@5: 0.0465 ndcg@10: 0.0552 ndcg@20: 0.0696 ] 
2025-10-01 23:10:42,187 - Epoch 126 Validation set [recall@5: 0.0395 recall@10: 0.0672 recall@20: 0.1103 ] [ndcg@5: 0.0469 ndcg@10: 0.0553 ndcg@20: 0.0699 ] 
2025-10-01 23:10:55,016 - Epoch 129 Validation set [recall@5: 0.0390 recall@10: 0.0671 recall@20: 0.1101 ] [ndcg@5: 0.0465 ndcg@10: 0.0552 ndcg@20: 0.0698 ] 
2025-10-01 23:11:07,402 - Epoch 132 Validation set [recall@5: 0.0396 recall@10: 0.0672 recall@20: 0.1110 ] [ndcg@5: 0.0468 ndcg@10: 0.0553 ndcg@20: 0.0700 ] 
2025-10-01 23:11:20,262 - Epoch 135 Validation set [recall@5: 0.0389 recall@10: 0.0680 recall@20: 0.1113 ] [ndcg@5: 0.0464 ndcg@10: 0.0555 ndcg@20: 0.0701 ] 
2025-10-01 23:11:32,277 - Epoch 138 Validation set [recall@5: 0.0395 recall@10: 0.0672 recall@20: 0.1110 ] [ndcg@5: 0.0471 ndcg@10: 0.0555 ndcg@20: 0.0703 ] 
2025-10-01 23:11:45,145 - Epoch 141 Validation set [recall@5: 0.0407 recall@10: 0.0679 recall@20: 0.1111 ] [ndcg@5: 0.0475 ndcg@10: 0.0559 ndcg@20: 0.0704 ] 
2025-10-01 23:11:57,421 - Epoch 144 Validation set [recall@5: 0.0406 recall@10: 0.0683 recall@20: 0.1122 ] [ndcg@5: 0.0476 ndcg@10: 0.0562 ndcg@20: 0.0709 ] 
2025-10-01 23:12:10,055 - Epoch 147 Validation set [recall@5: 0.0405 recall@10: 0.0684 recall@20: 0.1115 ] [ndcg@5: 0.0476 ndcg@10: 0.0561 ndcg@20: 0.0708 ] 
2025-10-01 23:12:22,023 - Epoch 150 Validation set [recall@5: 0.0409 recall@10: 0.0679 recall@20: 0.1118 ] [ndcg@5: 0.0478 ndcg@10: 0.0562 ndcg@20: 0.0710 ] 
2025-10-01 23:12:33,956 - Epoch 153 Validation set [recall@5: 0.0406 recall@10: 0.0689 recall@20: 0.1123 ] [ndcg@5: 0.0478 ndcg@10: 0.0566 ndcg@20: 0.0713 ] 
2025-10-01 23:12:46,216 - Epoch 156 Validation set [recall@5: 0.0407 recall@10: 0.0679 recall@20: 0.1114 ] [ndcg@5: 0.0475 ndcg@10: 0.0562 ndcg@20: 0.0707 ] 
2025-10-01 23:12:58,390 - Epoch 159 Validation set [recall@5: 0.0409 recall@10: 0.0677 recall@20: 0.1109 ] [ndcg@5: 0.0477 ndcg@10: 0.0561 ndcg@20: 0.0706 ] 
2025-10-01 23:13:10,527 - Epoch 162 Validation set [recall@5: 0.0409 recall@10: 0.0685 recall@20: 0.1126 ] [ndcg@5: 0.0480 ndcg@10: 0.0564 ndcg@20: 0.0713 ] 
2025-10-01 23:13:22,479 - Epoch 165 Validation set [recall@5: 0.0405 recall@10: 0.0683 recall@20: 0.1127 ] [ndcg@5: 0.0477 ndcg@10: 0.0564 ndcg@20: 0.0712 ] 
2025-10-01 23:13:34,903 - Epoch 168 Validation set [recall@5: 0.0402 recall@10: 0.0679 recall@20: 0.1125 ] [ndcg@5: 0.0474 ndcg@10: 0.0561 ndcg@20: 0.0710 ] 
2025-10-01 23:13:46,855 - Epoch 171 Validation set [recall@5: 0.0403 recall@10: 0.0681 recall@20: 0.1127 ] [ndcg@5: 0.0477 ndcg@10: 0.0563 ndcg@20: 0.0713 ] 
2025-10-01 23:13:58,980 - Epoch 174 Validation set [recall@5: 0.0408 recall@10: 0.0673 recall@20: 0.1126 ] [ndcg@5: 0.0476 ndcg@10: 0.0559 ndcg@20: 0.0711 ] 
2025-10-01 23:14:11,768 - Epoch 177 Validation set [recall@5: 0.0405 recall@10: 0.0682 recall@20: 0.1134 ] [ndcg@5: 0.0483 ndcg@10: 0.0569 ndcg@20: 0.0720 ] 
2025-10-01 23:14:24,580 - Epoch 180 Validation set [recall@5: 0.0404 recall@10: 0.0679 recall@20: 0.1135 ] [ndcg@5: 0.0478 ndcg@10: 0.0565 ndcg@20: 0.0718 ] 
2025-10-01 23:14:36,669 - Epoch 183 Validation set [recall@5: 0.0408 recall@10: 0.0678 recall@20: 0.1124 ] [ndcg@5: 0.0482 ndcg@10: 0.0566 ndcg@20: 0.0716 ] 
2025-10-01 23:14:48,489 - Epoch 186 Validation set [recall@5: 0.0404 recall@10: 0.0685 recall@20: 0.1121 ] [ndcg@5: 0.0478 ndcg@10: 0.0565 ndcg@20: 0.0713 ] 
2025-10-01 23:15:01,093 - Epoch 189 Validation set [recall@5: 0.0404 recall@10: 0.0688 recall@20: 0.1133 ] [ndcg@5: 0.0478 ndcg@10: 0.0566 ndcg@20: 0.0717 ] 
2025-10-01 23:15:12,444 - Epoch 192 Validation set [recall@5: 0.0409 recall@10: 0.0682 recall@20: 0.1134 ] [ndcg@5: 0.0479 ndcg@10: 0.0564 ndcg@20: 0.0716 ] 
2025-10-01 23:15:24,652 - Epoch 195 Validation set [recall@5: 0.0403 recall@10: 0.0687 recall@20: 0.1129 ] [ndcg@5: 0.0481 ndcg@10: 0.0569 ndcg@20: 0.0718 ] 
2025-10-01 23:15:26,171 - [recall@5: 0.0390 recall@10: 0.0665 recall@20: 0.1082 ] [ndcg@5: 0.0458 ndcg@10: 0.0546 ndcg@20: 0.0689 ] 
2025-10-01 23:15:30,907 - Epoch   0 Validation set [recall@5: 0.0085 recall@10: 0.0137 recall@20: 0.0244 ] [ndcg@5: 0.0107 ndcg@10: 0.0121 ndcg@20: 0.0156 ] 
2025-10-01 23:15:42,745 - Epoch   3 Validation set [recall@5: 0.0222 recall@10: 0.0381 recall@20: 0.0618 ] [ndcg@5: 0.0270 ndcg@10: 0.0313 ndcg@20: 0.0391 ] 
2025-10-01 23:15:54,400 - Epoch   6 Validation set [recall@5: 0.0297 recall@10: 0.0493 recall@20: 0.0793 ] [ndcg@5: 0.0358 ndcg@10: 0.0416 ndcg@20: 0.0515 ] 
2025-10-01 23:16:07,575 - Epoch   9 Validation set [recall@5: 0.0309 recall@10: 0.0529 recall@20: 0.0840 ] [ndcg@5: 0.0365 ndcg@10: 0.0433 ndcg@20: 0.0536 ] 
2025-10-01 23:16:20,051 - Epoch  12 Validation set [recall@5: 0.0319 recall@10: 0.0545 recall@20: 0.0866 ] [ndcg@5: 0.0373 ndcg@10: 0.0443 ndcg@20: 0.0549 ] 
2025-10-01 23:16:35,002 - Epoch  15 Validation set [recall@5: 0.0325 recall@10: 0.0562 recall@20: 0.0891 ] [ndcg@5: 0.0378 ndcg@10: 0.0452 ndcg@20: 0.0561 ] 
2025-10-01 23:16:49,500 - Epoch  18 Validation set [recall@5: 0.0331 recall@10: 0.0567 recall@20: 0.0917 ] [ndcg@5: 0.0385 ndcg@10: 0.0459 ndcg@20: 0.0575 ] 
2025-10-01 23:17:04,421 - Epoch  21 Validation set [recall@5: 0.0334 recall@10: 0.0579 recall@20: 0.0942 ] [ndcg@5: 0.0388 ndcg@10: 0.0466 ndcg@20: 0.0587 ] 
2025-10-01 23:17:19,098 - Epoch  24 Validation set [recall@5: 0.0345 recall@10: 0.0584 recall@20: 0.0953 ] [ndcg@5: 0.0399 ndcg@10: 0.0474 ndcg@20: 0.0597 ] 
2025-10-01 23:17:34,615 - Epoch  27 Validation set [recall@5: 0.0359 recall@10: 0.0589 recall@20: 0.0971 ] [ndcg@5: 0.0413 ndcg@10: 0.0482 ndcg@20: 0.0611 ] 
2025-10-01 23:17:49,119 - Epoch  30 Validation set [recall@5: 0.0367 recall@10: 0.0599 recall@20: 0.0993 ] [ndcg@5: 0.0425 ndcg@10: 0.0494 ndcg@20: 0.0626 ] 
2025-10-01 23:18:04,082 - Epoch  33 Validation set [recall@5: 0.0370 recall@10: 0.0610 recall@20: 0.0997 ] [ndcg@5: 0.0431 ndcg@10: 0.0505 ndcg@20: 0.0634 ] 
2025-10-01 23:18:19,355 - Epoch  36 Validation set [recall@5: 0.0368 recall@10: 0.0623 recall@20: 0.1019 ] [ndcg@5: 0.0435 ndcg@10: 0.0515 ndcg@20: 0.0647 ] 
2025-10-01 23:18:36,098 - Epoch  39 Validation set [recall@5: 0.0372 recall@10: 0.0633 recall@20: 0.1036 ] [ndcg@5: 0.0439 ndcg@10: 0.0521 ndcg@20: 0.0656 ] 
2025-10-01 23:18:51,364 - Epoch  42 Validation set [recall@5: 0.0377 recall@10: 0.0646 recall@20: 0.1065 ] [ndcg@5: 0.0446 ndcg@10: 0.0531 ndcg@20: 0.0670 ] 
2025-10-01 23:19:06,859 - Epoch  45 Validation set [recall@5: 0.0390 recall@10: 0.0658 recall@20: 0.1080 ] [ndcg@5: 0.0455 ndcg@10: 0.0540 ndcg@20: 0.0682 ] 
2025-10-01 23:19:21,459 - Epoch  48 Validation set [recall@5: 0.0398 recall@10: 0.0664 recall@20: 0.1085 ] [ndcg@5: 0.0464 ndcg@10: 0.0549 ndcg@20: 0.0690 ] 
2025-10-01 23:19:32,734 - Epoch  51 Validation set [recall@5: 0.0410 recall@10: 0.0680 recall@20: 0.1108 ] [ndcg@5: 0.0478 ndcg@10: 0.0560 ndcg@20: 0.0705 ] 
2025-10-01 23:19:45,007 - Epoch  54 Validation set [recall@5: 0.0407 recall@10: 0.0682 recall@20: 0.1123 ] [ndcg@5: 0.0476 ndcg@10: 0.0563 ndcg@20: 0.0711 ] 
2025-10-01 23:19:57,472 - Epoch  57 Validation set [recall@5: 0.0414 recall@10: 0.0693 recall@20: 0.1144 ] [ndcg@5: 0.0482 ndcg@10: 0.0569 ndcg@20: 0.0720 ] 
2025-10-01 23:20:10,771 - Epoch  60 Validation set [recall@5: 0.0413 recall@10: 0.0703 recall@20: 0.1155 ] [ndcg@5: 0.0483 ndcg@10: 0.0575 ndcg@20: 0.0726 ] 
2025-10-01 23:20:22,682 - Epoch  63 Validation set [recall@5: 0.0422 recall@10: 0.0706 recall@20: 0.1162 ] [ndcg@5: 0.0489 ndcg@10: 0.0577 ndcg@20: 0.0731 ] 
2025-10-01 23:20:34,268 - Epoch  66 Validation set [recall@5: 0.0430 recall@10: 0.0708 recall@20: 0.1159 ] [ndcg@5: 0.0495 ndcg@10: 0.0581 ndcg@20: 0.0735 ] 
2025-10-01 23:20:46,114 - Epoch  69 Validation set [recall@5: 0.0429 recall@10: 0.0721 recall@20: 0.1175 ] [ndcg@5: 0.0500 ndcg@10: 0.0591 ndcg@20: 0.0744 ] 
2025-10-01 23:20:59,078 - Epoch  72 Validation set [recall@5: 0.0429 recall@10: 0.0725 recall@20: 0.1186 ] [ndcg@5: 0.0501 ndcg@10: 0.0596 ndcg@20: 0.0750 ] 
2025-10-01 23:21:12,189 - Epoch  75 Validation set [recall@5: 0.0439 recall@10: 0.0732 recall@20: 0.1181 ] [ndcg@5: 0.0509 ndcg@10: 0.0600 ndcg@20: 0.0752 ] 
2025-10-01 23:21:27,546 - Epoch  78 Validation set [recall@5: 0.0447 recall@10: 0.0739 recall@20: 0.1196 ] [ndcg@5: 0.0515 ndcg@10: 0.0607 ndcg@20: 0.0762 ] 
2025-10-01 23:21:43,609 - Epoch  81 Validation set [recall@5: 0.0451 recall@10: 0.0734 recall@20: 0.1199 ] [ndcg@5: 0.0522 ndcg@10: 0.0610 ndcg@20: 0.0767 ] 
2025-10-01 23:21:58,837 - Epoch  84 Validation set [recall@5: 0.0457 recall@10: 0.0750 recall@20: 0.1199 ] [ndcg@5: 0.0525 ndcg@10: 0.0617 ndcg@20: 0.0767 ] 
2025-10-01 23:22:15,419 - Epoch  87 Validation set [recall@5: 0.0454 recall@10: 0.0749 recall@20: 0.1204 ] [ndcg@5: 0.0524 ndcg@10: 0.0617 ndcg@20: 0.0770 ] 
2025-10-01 23:22:30,499 - Epoch  90 Validation set [recall@5: 0.0451 recall@10: 0.0760 recall@20: 0.1218 ] [ndcg@5: 0.0526 ndcg@10: 0.0624 ndcg@20: 0.0779 ] 
2025-10-01 23:22:46,368 - Epoch  93 Validation set [recall@5: 0.0450 recall@10: 0.0754 recall@20: 0.1233 ] [ndcg@5: 0.0531 ndcg@10: 0.0627 ndcg@20: 0.0787 ] 
2025-10-01 23:23:01,826 - Epoch  96 Validation set [recall@5: 0.0455 recall@10: 0.0764 recall@20: 0.1240 ] [ndcg@5: 0.0537 ndcg@10: 0.0632 ndcg@20: 0.0792 ] 
2025-10-01 23:23:18,210 - Epoch  99 Validation set [recall@5: 0.0463 recall@10: 0.0762 recall@20: 0.1256 ] [ndcg@5: 0.0545 ndcg@10: 0.0637 ndcg@20: 0.0801 ] 
2025-10-01 23:23:32,623 - Epoch 102 Validation set [recall@5: 0.0457 recall@10: 0.0763 recall@20: 0.1249 ] [ndcg@5: 0.0542 ndcg@10: 0.0635 ndcg@20: 0.0799 ] 
2025-10-01 23:23:47,004 - Epoch 105 Validation set [recall@5: 0.0459 recall@10: 0.0773 recall@20: 0.1252 ] [ndcg@5: 0.0543 ndcg@10: 0.0641 ndcg@20: 0.0800 ] 
2025-10-01 23:24:00,457 - Epoch 108 Validation set [recall@5: 0.0466 recall@10: 0.0769 recall@20: 0.1254 ] [ndcg@5: 0.0552 ndcg@10: 0.0642 ndcg@20: 0.0803 ] 
2025-10-01 23:24:16,453 - Epoch 111 Validation set [recall@5: 0.0464 recall@10: 0.0772 recall@20: 0.1266 ] [ndcg@5: 0.0551 ndcg@10: 0.0645 ndcg@20: 0.0811 ] 
2025-10-01 23:24:32,020 - Epoch 114 Validation set [recall@5: 0.0473 recall@10: 0.0775 recall@20: 0.1257 ] [ndcg@5: 0.0555 ndcg@10: 0.0646 ndcg@20: 0.0808 ] 
2025-10-01 23:24:48,090 - Epoch 117 Validation set [recall@5: 0.0470 recall@10: 0.0780 recall@20: 0.1272 ] [ndcg@5: 0.0557 ndcg@10: 0.0651 ndcg@20: 0.0816 ] 
2025-10-01 23:25:03,190 - Epoch 120 Validation set [recall@5: 0.0464 recall@10: 0.0783 recall@20: 0.1263 ] [ndcg@5: 0.0553 ndcg@10: 0.0651 ndcg@20: 0.0812 ] 
2025-10-01 23:25:18,783 - Epoch 123 Validation set [recall@5: 0.0479 recall@10: 0.0783 recall@20: 0.1282 ] [ndcg@5: 0.0563 ndcg@10: 0.0655 ndcg@20: 0.0822 ] 
2025-10-01 23:25:34,600 - Epoch 126 Validation set [recall@5: 0.0473 recall@10: 0.0789 recall@20: 0.1279 ] [ndcg@5: 0.0562 ndcg@10: 0.0657 ndcg@20: 0.0822 ] 
2025-10-01 23:25:49,878 - Epoch 129 Validation set [recall@5: 0.0477 recall@10: 0.0787 recall@20: 0.1286 ] [ndcg@5: 0.0562 ndcg@10: 0.0654 ndcg@20: 0.0823 ] 
2025-10-01 23:26:03,745 - Epoch 132 Validation set [recall@5: 0.0476 recall@10: 0.0782 recall@20: 0.1290 ] [ndcg@5: 0.0564 ndcg@10: 0.0655 ndcg@20: 0.0825 ] 
