2025-09-29 14:59:32,483 - {'optimizer': {'name': 'adam', 'lr': 0.001, 'weight_decay': 0}, 'train': {'epoch': 3000, 'batch_size': 4096, 'save_model': True, 'loss': 'pairwise', 'test_step': 3, 'reproducible': True, 'seed': 2023, 'patience': 5}, 'test': {'metrics': ['recall', 'ndcg'], 'k': [5, 10, 20], 'batch_size': 1024}, 'data': {'type': 'general_cf', 'name': 'amazon', 'user_num': 11000, 'item_num': 9332}, 'model': {'name': 'lightgcn_plus', 'keep_rate': 0.8, 'embedding_size': 64, 'layer_num': 3, 'reg_weight': 1e-07, 'kd_weight': 0.01, 'kd_temperature': 0.2, 'amazon': {'layer_num': 3, 'reg_weight': 1e-07, 'kd_weight': 0.01, 'kd_temperature': 0.2}, 'yelp': {'layer_num': 3, 'reg_weight': 1e-07, 'kd_weight': 0.01, 'kd_temperature': 0.2}, 'steam': {'layer_num': 3, 'reg_weight': 1e-08, 'kd_weight': 0.001, 'kd_temperature': 0.1}}}
2025-09-29 14:59:36,539 - Epoch   0 Validation set [recall@5: 0.0298 recall@10: 0.0510 recall@20: 0.0831 ] [ndcg@5: 0.0295 ndcg@10: 0.0371 ndcg@20: 0.0475 ] 
2025-09-29 14:59:41,855 - Epoch   3 Validation set [recall@5: 0.0291 recall@10: 0.0485 recall@20: 0.0763 ] [ndcg@5: 0.0293 ndcg@10: 0.0361 ndcg@20: 0.0453 ] 
2025-09-29 14:59:46,965 - Epoch   6 Validation set [recall@5: 0.0357 recall@10: 0.0573 recall@20: 0.0892 ] [ndcg@5: 0.0360 ndcg@10: 0.0434 ndcg@20: 0.0539 ] 
2025-09-29 14:59:52,086 - Epoch   9 Validation set [recall@5: 0.0403 recall@10: 0.0643 recall@20: 0.1001 ] [ndcg@5: 0.0407 ndcg@10: 0.0487 ndcg@20: 0.0604 ] 
2025-09-29 14:59:57,370 - Epoch  12 Validation set [recall@5: 0.0431 recall@10: 0.0696 recall@20: 0.1066 ] [ndcg@5: 0.0436 ndcg@10: 0.0526 ndcg@20: 0.0647 ] 
2025-09-29 15:00:02,668 - Epoch  15 Validation set [recall@5: 0.0466 recall@10: 0.0738 recall@20: 0.1123 ] [ndcg@5: 0.0463 ndcg@10: 0.0557 ndcg@20: 0.0683 ] 
2025-09-29 15:00:07,784 - Epoch  18 Validation set [recall@5: 0.0483 recall@10: 0.0778 recall@20: 0.1182 ] [ndcg@5: 0.0480 ndcg@10: 0.0582 ndcg@20: 0.0713 ] 
2025-09-29 15:00:13,059 - Epoch  21 Validation set [recall@5: 0.0493 recall@10: 0.0801 recall@20: 0.1206 ] [ndcg@5: 0.0494 ndcg@10: 0.0601 ndcg@20: 0.0733 ] 
2025-09-29 15:00:18,466 - Epoch  24 Validation set [recall@5: 0.0518 recall@10: 0.0813 recall@20: 0.1250 ] [ndcg@5: 0.0519 ndcg@10: 0.0618 ndcg@20: 0.0761 ] 
2025-09-29 15:00:23,393 - Epoch  27 Validation set [recall@5: 0.0531 recall@10: 0.0823 recall@20: 0.1279 ] [ndcg@5: 0.0529 ndcg@10: 0.0627 ndcg@20: 0.0776 ] 
2025-09-29 15:00:28,740 - Epoch  30 Validation set [recall@5: 0.0533 recall@10: 0.0854 recall@20: 0.1304 ] [ndcg@5: 0.0532 ndcg@10: 0.0640 ndcg@20: 0.0789 ] 
2025-09-29 15:00:34,266 - Epoch  33 Validation set [recall@5: 0.0546 recall@10: 0.0860 recall@20: 0.1333 ] [ndcg@5: 0.0544 ndcg@10: 0.0650 ndcg@20: 0.0807 ] 
2025-09-29 15:00:39,761 - Epoch  36 Validation set [recall@5: 0.0553 recall@10: 0.0875 recall@20: 0.1348 ] [ndcg@5: 0.0553 ndcg@10: 0.0661 ndcg@20: 0.0817 ] 
2025-09-29 15:00:45,283 - Epoch  39 Validation set [recall@5: 0.0560 recall@10: 0.0890 recall@20: 0.1379 ] [ndcg@5: 0.0560 ndcg@10: 0.0671 ndcg@20: 0.0832 ] 
2025-09-29 15:00:50,625 - Epoch  42 Validation set [recall@5: 0.0570 recall@10: 0.0905 recall@20: 0.1398 ] [ndcg@5: 0.0566 ndcg@10: 0.0681 ndcg@20: 0.0842 ] 
2025-09-29 15:00:55,905 - Epoch  45 Validation set [recall@5: 0.0586 recall@10: 0.0911 recall@20: 0.1426 ] [ndcg@5: 0.0579 ndcg@10: 0.0691 ndcg@20: 0.0859 ] 
2025-09-29 15:01:01,230 - Epoch  48 Validation set [recall@5: 0.0595 recall@10: 0.0928 recall@20: 0.1430 ] [ndcg@5: 0.0588 ndcg@10: 0.0700 ndcg@20: 0.0863 ] 
2025-09-29 15:01:06,548 - Epoch  51 Validation set [recall@5: 0.0589 recall@10: 0.0933 recall@20: 0.1441 ] [ndcg@5: 0.0586 ndcg@10: 0.0704 ndcg@20: 0.0869 ] 
2025-09-29 15:01:11,782 - Epoch  54 Validation set [recall@5: 0.0597 recall@10: 0.0941 recall@20: 0.1460 ] [ndcg@5: 0.0593 ndcg@10: 0.0711 ndcg@20: 0.0879 ] 
2025-09-29 15:01:17,086 - Epoch  57 Validation set [recall@5: 0.0611 recall@10: 0.0957 recall@20: 0.1470 ] [ndcg@5: 0.0600 ndcg@10: 0.0719 ndcg@20: 0.0885 ] 
2025-09-29 15:01:22,371 - Epoch  60 Validation set [recall@5: 0.0623 recall@10: 0.0967 recall@20: 0.1494 ] [ndcg@5: 0.0608 ndcg@10: 0.0726 ndcg@20: 0.0897 ] 
2025-09-29 15:01:28,007 - Epoch  63 Validation set [recall@5: 0.0630 recall@10: 0.0966 recall@20: 0.1505 ] [ndcg@5: 0.0615 ndcg@10: 0.0730 ndcg@20: 0.0904 ] 
2025-09-29 15:01:33,606 - Epoch  66 Validation set [recall@5: 0.0634 recall@10: 0.0969 recall@20: 0.1507 ] [ndcg@5: 0.0617 ndcg@10: 0.0733 ndcg@20: 0.0908 ] 
2025-09-29 15:01:39,651 - Epoch  69 Validation set [recall@5: 0.0633 recall@10: 0.0980 recall@20: 0.1508 ] [ndcg@5: 0.0619 ndcg@10: 0.0738 ndcg@20: 0.0910 ] 
2025-09-29 15:01:45,687 - Epoch  72 Validation set [recall@5: 0.0636 recall@10: 0.0981 recall@20: 0.1515 ] [ndcg@5: 0.0619 ndcg@10: 0.0738 ndcg@20: 0.0913 ] 
2025-09-29 15:01:51,760 - Epoch  75 Validation set [recall@5: 0.0646 recall@10: 0.0988 recall@20: 0.1530 ] [ndcg@5: 0.0625 ndcg@10: 0.0742 ndcg@20: 0.0918 ] 
2025-09-29 15:01:57,917 - Epoch  78 Validation set [recall@5: 0.0639 recall@10: 0.0996 recall@20: 0.1542 ] [ndcg@5: 0.0625 ndcg@10: 0.0749 ndcg@20: 0.0926 ] 
2025-09-29 15:02:04,045 - Epoch  81 Validation set [recall@5: 0.0642 recall@10: 0.1000 recall@20: 0.1531 ] [ndcg@5: 0.0626 ndcg@10: 0.0750 ndcg@20: 0.0923 ] 
2025-09-29 15:02:10,301 - Epoch  84 Validation set [recall@5: 0.0649 recall@10: 0.1000 recall@20: 0.1544 ] [ndcg@5: 0.0633 ndcg@10: 0.0754 ndcg@20: 0.0931 ] 
2025-09-29 15:02:16,372 - Epoch  87 Validation set [recall@5: 0.0650 recall@10: 0.1008 recall@20: 0.1563 ] [ndcg@5: 0.0635 ndcg@10: 0.0759 ndcg@20: 0.0938 ] 
2025-09-29 15:02:22,578 - Epoch  90 Validation set [recall@5: 0.0651 recall@10: 0.1014 recall@20: 0.1560 ] [ndcg@5: 0.0636 ndcg@10: 0.0762 ndcg@20: 0.0939 ] 
2025-09-29 15:02:28,581 - Epoch  93 Validation set [recall@5: 0.0653 recall@10: 0.1019 recall@20: 0.1560 ] [ndcg@5: 0.0639 ndcg@10: 0.0766 ndcg@20: 0.0941 ] 
2025-09-29 15:02:34,764 - Epoch  96 Validation set [recall@5: 0.0654 recall@10: 0.1025 recall@20: 0.1563 ] [ndcg@5: 0.0640 ndcg@10: 0.0770 ndcg@20: 0.0942 ] 
2025-09-29 15:02:40,842 - Epoch  99 Validation set [recall@5: 0.0662 recall@10: 0.1029 recall@20: 0.1561 ] [ndcg@5: 0.0644 ndcg@10: 0.0770 ndcg@20: 0.0943 ] 
2025-09-29 15:02:47,172 - Epoch 102 Validation set [recall@5: 0.0664 recall@10: 0.1046 recall@20: 0.1576 ] [ndcg@5: 0.0645 ndcg@10: 0.0778 ndcg@20: 0.0950 ] 
2025-09-29 15:02:53,809 - Epoch 105 Validation set [recall@5: 0.0672 recall@10: 0.1045 recall@20: 0.1567 ] [ndcg@5: 0.0655 ndcg@10: 0.0783 ndcg@20: 0.0952 ] 
2025-09-29 15:02:59,473 - Epoch 108 Validation set [recall@5: 0.0666 recall@10: 0.1053 recall@20: 0.1573 ] [ndcg@5: 0.0651 ndcg@10: 0.0786 ndcg@20: 0.0955 ] 
2025-09-29 15:03:05,576 - Epoch 111 Validation set [recall@5: 0.0672 recall@10: 0.1059 recall@20: 0.1581 ] [ndcg@5: 0.0655 ndcg@10: 0.0788 ndcg@20: 0.0957 ] 
2025-09-29 15:03:11,353 - Epoch 114 Validation set [recall@5: 0.0668 recall@10: 0.1055 recall@20: 0.1582 ] [ndcg@5: 0.0652 ndcg@10: 0.0788 ndcg@20: 0.0959 ] 
2025-09-29 15:03:16,855 - Epoch 117 Validation set [recall@5: 0.0669 recall@10: 0.1071 recall@20: 0.1591 ] [ndcg@5: 0.0654 ndcg@10: 0.0795 ndcg@20: 0.0964 ] 
2025-09-29 15:03:22,712 - Epoch 120 Validation set [recall@5: 0.0677 recall@10: 0.1068 recall@20: 0.1597 ] [ndcg@5: 0.0659 ndcg@10: 0.0794 ndcg@20: 0.0965 ] 
2025-09-29 15:03:28,232 - Epoch 123 Validation set [recall@5: 0.0680 recall@10: 0.1059 recall@20: 0.1599 ] [ndcg@5: 0.0661 ndcg@10: 0.0792 ndcg@20: 0.0967 ] 
2025-09-29 15:03:33,982 - Epoch 126 Validation set [recall@5: 0.0679 recall@10: 0.1063 recall@20: 0.1595 ] [ndcg@5: 0.0666 ndcg@10: 0.0798 ndcg@20: 0.0970 ] 
2025-09-29 15:03:39,684 - Epoch 129 Validation set [recall@5: 0.0683 recall@10: 0.1067 recall@20: 0.1590 ] [ndcg@5: 0.0668 ndcg@10: 0.0800 ndcg@20: 0.0970 ] 
2025-09-29 15:03:45,690 - Epoch 132 Validation set [recall@5: 0.0688 recall@10: 0.1066 recall@20: 0.1594 ] [ndcg@5: 0.0669 ndcg@10: 0.0799 ndcg@20: 0.0971 ] 
2025-09-29 15:03:51,555 - Epoch 135 Validation set [recall@5: 0.0686 recall@10: 0.1072 recall@20: 0.1585 ] [ndcg@5: 0.0669 ndcg@10: 0.0804 ndcg@20: 0.0971 ] 
2025-09-29 15:03:57,544 - Epoch 138 Validation set [recall@5: 0.0683 recall@10: 0.1067 recall@20: 0.1591 ] [ndcg@5: 0.0670 ndcg@10: 0.0803 ndcg@20: 0.0974 ] 
2025-09-29 15:03:59,279 - [recall@5: 0.0680 recall@10: 0.1059 recall@20: 0.1599 ] [ndcg@5: 0.0661 ndcg@10: 0.0792 ndcg@20: 0.0967 ] 
2025-09-29 15:04:01,047 - [recall@5: 0.0666 recall@10: 0.1039 recall@20: 0.1564 ] [ndcg@5: 0.0664 ndcg@10: 0.0793 ndcg@20: 0.0965 ] 
2025-09-29 15:04:01,062 - Save model parameters to ./encoder/checkpoint/lightgcn_plus/lightgcn_plus-amazon-2023.pth
2025-09-29 15:04:01,063 - Best Epoch 123. Final test result: {'recall': array([0.06659283, 0.1038638 , 0.15637891]), 'ndcg': array([0.06640299, 0.07932327, 0.09651065])}.
