2025-09-29 12:00:00,259 - {'optimizer': {'name': 'adam', 'lr': 0.001, 'weight_decay': 0}, 'train': {'epoch': 3000, 'batch_size': 4096, 'save_model': True, 'loss': 'pairwise', 'test_step': 3, 'reproducible': True, 'seed': 2023, 'patience': 5}, 'test': {'metrics': ['recall', 'ndcg'], 'k': [5, 10, 20], 'batch_size': 1024}, 'data': {'type': 'general_cf', 'name': 'amazon', 'user_num': 11000, 'item_num': 9332}, 'model': {'name': 'lightgcn_plus', 'keep_rate': 0.8, 'embedding_size': 64, 'layer_num': 3, 'reg_weight': 1e-07, 'kd_weight': 0.01, 'kd_temperature': 0.2, 'amazon': {'layer_num': 3, 'reg_weight': 1e-07, 'kd_weight': 0.01, 'kd_temperature': 0.2}, 'yelp': {'layer_num': 3, 'reg_weight': 1e-07, 'kd_weight': 0.01, 'kd_temperature': 0.2}, 'steam': {'layer_num': 3, 'reg_weight': 1e-08, 'kd_weight': 0.001, 'kd_temperature': 0.1}}}
2025-09-29 12:00:06,777 - Epoch   0 Validation set [recall@5: 0.0298 recall@10: 0.0509 recall@20: 0.0832 ] [ndcg@5: 0.0295 ndcg@10: 0.0371 ndcg@20: 0.0475 ] 
2025-09-29 12:00:19,423 - Epoch   3 Validation set [recall@5: 0.0291 recall@10: 0.0485 recall@20: 0.0763 ] [ndcg@5: 0.0293 ndcg@10: 0.0360 ndcg@20: 0.0452 ] 
2025-09-29 12:00:32,991 - Epoch   6 Validation set [recall@5: 0.0356 recall@10: 0.0573 recall@20: 0.0894 ] [ndcg@5: 0.0360 ndcg@10: 0.0435 ndcg@20: 0.0539 ] 
2025-09-29 12:00:44,791 - Epoch   9 Validation set [recall@5: 0.0403 recall@10: 0.0641 recall@20: 0.1002 ] [ndcg@5: 0.0407 ndcg@10: 0.0486 ndcg@20: 0.0603 ] 
2025-09-29 12:00:56,035 - Epoch  12 Validation set [recall@5: 0.0431 recall@10: 0.0697 recall@20: 0.1067 ] [ndcg@5: 0.0436 ndcg@10: 0.0527 ndcg@20: 0.0647 ] 
2025-09-29 12:01:07,065 - Epoch  15 Validation set [recall@5: 0.0465 recall@10: 0.0742 recall@20: 0.1125 ] [ndcg@5: 0.0462 ndcg@10: 0.0558 ndcg@20: 0.0683 ] 
2025-09-29 12:01:18,750 - Epoch  18 Validation set [recall@5: 0.0483 recall@10: 0.0776 recall@20: 0.1175 ] [ndcg@5: 0.0480 ndcg@10: 0.0581 ndcg@20: 0.0711 ] 
2025-09-29 12:01:30,102 - Epoch  21 Validation set [recall@5: 0.0496 recall@10: 0.0799 recall@20: 0.1206 ] [ndcg@5: 0.0494 ndcg@10: 0.0599 ndcg@20: 0.0732 ] 
2025-09-29 12:01:43,595 - Epoch  24 Validation set [recall@5: 0.0517 recall@10: 0.0816 recall@20: 0.1251 ] [ndcg@5: 0.0518 ndcg@10: 0.0619 ndcg@20: 0.0761 ] 
2025-09-29 12:01:55,211 - Epoch  27 Validation set [recall@5: 0.0530 recall@10: 0.0827 recall@20: 0.1289 ] [ndcg@5: 0.0527 ndcg@10: 0.0626 ndcg@20: 0.0778 ] 
2025-09-29 12:02:05,034 - Epoch  30 Validation set [recall@5: 0.0533 recall@10: 0.0852 recall@20: 0.1303 ] [ndcg@5: 0.0532 ndcg@10: 0.0639 ndcg@20: 0.0789 ] 
2025-09-29 12:02:17,956 - Epoch  33 Validation set [recall@5: 0.0548 recall@10: 0.0863 recall@20: 0.1332 ] [ndcg@5: 0.0545 ndcg@10: 0.0650 ndcg@20: 0.0805 ] 
2025-09-29 12:02:31,857 - Epoch  36 Validation set [recall@5: 0.0550 recall@10: 0.0877 recall@20: 0.1342 ] [ndcg@5: 0.0552 ndcg@10: 0.0662 ndcg@20: 0.0815 ] 
2025-09-29 12:02:46,294 - Epoch  39 Validation set [recall@5: 0.0559 recall@10: 0.0893 recall@20: 0.1369 ] [ndcg@5: 0.0559 ndcg@10: 0.0671 ndcg@20: 0.0828 ] 
2025-09-29 12:02:58,845 - Epoch  42 Validation set [recall@5: 0.0571 recall@10: 0.0903 recall@20: 0.1395 ] [ndcg@5: 0.0567 ndcg@10: 0.0679 ndcg@20: 0.0840 ] 
2025-09-29 12:03:10,389 - Epoch  45 Validation set [recall@5: 0.0583 recall@10: 0.0910 recall@20: 0.1420 ] [ndcg@5: 0.0577 ndcg@10: 0.0690 ndcg@20: 0.0856 ] 
2025-09-29 12:03:25,112 - Epoch  48 Validation set [recall@5: 0.0594 recall@10: 0.0925 recall@20: 0.1422 ] [ndcg@5: 0.0588 ndcg@10: 0.0700 ndcg@20: 0.0863 ] 
2025-09-29 12:03:39,753 - Epoch  51 Validation set [recall@5: 0.0583 recall@10: 0.0938 recall@20: 0.1437 ] [ndcg@5: 0.0582 ndcg@10: 0.0705 ndcg@20: 0.0867 ] 
2025-09-29 12:03:51,856 - Epoch  54 Validation set [recall@5: 0.0591 recall@10: 0.0943 recall@20: 0.1460 ] [ndcg@5: 0.0590 ndcg@10: 0.0711 ndcg@20: 0.0879 ] 
2025-09-29 12:04:07,624 - Epoch  57 Validation set [recall@5: 0.0609 recall@10: 0.0961 recall@20: 0.1469 ] [ndcg@5: 0.0598 ndcg@10: 0.0720 ndcg@20: 0.0885 ] 
2025-09-29 12:04:22,995 - Epoch  60 Validation set [recall@5: 0.0617 recall@10: 0.0973 recall@20: 0.1492 ] [ndcg@5: 0.0604 ndcg@10: 0.0727 ndcg@20: 0.0896 ] 
2025-09-29 12:04:34,068 - Epoch  63 Validation set [recall@5: 0.0618 recall@10: 0.0976 recall@20: 0.1505 ] [ndcg@5: 0.0607 ndcg@10: 0.0731 ndcg@20: 0.0903 ] 
2025-09-29 12:04:47,186 - Epoch  66 Validation set [recall@5: 0.0626 recall@10: 0.0977 recall@20: 0.1508 ] [ndcg@5: 0.0611 ndcg@10: 0.0733 ndcg@20: 0.0906 ] 
2025-09-29 12:04:59,827 - Epoch  69 Validation set [recall@5: 0.0629 recall@10: 0.0985 recall@20: 0.1509 ] [ndcg@5: 0.0616 ndcg@10: 0.0739 ndcg@20: 0.0910 ] 
2025-09-29 12:05:13,734 - Epoch  72 Validation set [recall@5: 0.0632 recall@10: 0.0986 recall@20: 0.1514 ] [ndcg@5: 0.0615 ndcg@10: 0.0737 ndcg@20: 0.0911 ] 
2025-09-29 12:05:26,686 - Epoch  75 Validation set [recall@5: 0.0643 recall@10: 0.0989 recall@20: 0.1521 ] [ndcg@5: 0.0624 ndcg@10: 0.0743 ndcg@20: 0.0916 ] 
2025-09-29 12:05:35,988 - Epoch  78 Validation set [recall@5: 0.0641 recall@10: 0.0995 recall@20: 0.1542 ] [ndcg@5: 0.0624 ndcg@10: 0.0746 ndcg@20: 0.0924 ] 
2025-09-29 12:05:48,530 - Epoch  81 Validation set [recall@5: 0.0638 recall@10: 0.1002 recall@20: 0.1536 ] [ndcg@5: 0.0624 ndcg@10: 0.0749 ndcg@20: 0.0924 ] 
2025-09-29 12:06:01,633 - Epoch  84 Validation set [recall@5: 0.0645 recall@10: 0.1009 recall@20: 0.1540 ] [ndcg@5: 0.0628 ndcg@10: 0.0754 ndcg@20: 0.0927 ] 
2025-09-29 12:06:13,186 - Epoch  87 Validation set [recall@5: 0.0646 recall@10: 0.1009 recall@20: 0.1565 ] [ndcg@5: 0.0631 ndcg@10: 0.0757 ndcg@20: 0.0937 ] 
2025-09-29 12:06:23,903 - Epoch  90 Validation set [recall@5: 0.0650 recall@10: 0.1019 recall@20: 0.1561 ] [ndcg@5: 0.0634 ndcg@10: 0.0763 ndcg@20: 0.0939 ] 
2025-09-29 12:06:34,838 - Epoch  93 Validation set [recall@5: 0.0651 recall@10: 0.1020 recall@20: 0.1565 ] [ndcg@5: 0.0633 ndcg@10: 0.0764 ndcg@20: 0.0940 ] 
2025-09-29 12:06:45,519 - Epoch  96 Validation set [recall@5: 0.0650 recall@10: 0.1028 recall@20: 0.1569 ] [ndcg@5: 0.0635 ndcg@10: 0.0769 ndcg@20: 0.0943 ] 
2025-09-29 12:06:58,335 - Epoch  99 Validation set [recall@5: 0.0655 recall@10: 0.1033 recall@20: 0.1572 ] [ndcg@5: 0.0640 ndcg@10: 0.0773 ndcg@20: 0.0946 ] 
2025-09-29 12:07:09,906 - Epoch 102 Validation set [recall@5: 0.0669 recall@10: 0.1056 recall@20: 0.1576 ] [ndcg@5: 0.0646 ndcg@10: 0.0782 ndcg@20: 0.0951 ] 
2025-09-29 12:07:22,796 - Epoch 105 Validation set [recall@5: 0.0673 recall@10: 0.1051 recall@20: 0.1581 ] [ndcg@5: 0.0655 ndcg@10: 0.0786 ndcg@20: 0.0958 ] 
2025-09-29 12:07:37,129 - Epoch 108 Validation set [recall@5: 0.0672 recall@10: 0.1052 recall@20: 0.1587 ] [ndcg@5: 0.0653 ndcg@10: 0.0786 ndcg@20: 0.0960 ] 
2025-09-29 12:07:49,648 - Epoch 111 Validation set [recall@5: 0.0670 recall@10: 0.1050 recall@20: 0.1588 ] [ndcg@5: 0.0653 ndcg@10: 0.0786 ndcg@20: 0.0960 ] 
2025-09-29 12:08:03,645 - Epoch 114 Validation set [recall@5: 0.0671 recall@10: 0.1053 recall@20: 0.1595 ] [ndcg@5: 0.0653 ndcg@10: 0.0787 ndcg@20: 0.0964 ] 
2025-09-29 12:08:15,588 - Epoch 117 Validation set [recall@5: 0.0672 recall@10: 0.1069 recall@20: 0.1588 ] [ndcg@5: 0.0656 ndcg@10: 0.0796 ndcg@20: 0.0964 ] 
2025-09-29 12:08:27,527 - Epoch 120 Validation set [recall@5: 0.0678 recall@10: 0.1067 recall@20: 0.1598 ] [ndcg@5: 0.0659 ndcg@10: 0.0794 ndcg@20: 0.0966 ] 
2025-09-29 12:08:39,761 - Epoch 123 Validation set [recall@5: 0.0681 recall@10: 0.1066 recall@20: 0.1593 ] [ndcg@5: 0.0661 ndcg@10: 0.0794 ndcg@20: 0.0966 ] 
2025-09-29 12:08:52,920 - Epoch 126 Validation set [recall@5: 0.0678 recall@10: 0.1068 recall@20: 0.1598 ] [ndcg@5: 0.0665 ndcg@10: 0.0799 ndcg@20: 0.0971 ] 
2025-09-29 12:09:04,126 - Epoch 129 Validation set [recall@5: 0.0680 recall@10: 0.1066 recall@20: 0.1600 ] [ndcg@5: 0.0664 ndcg@10: 0.0798 ndcg@20: 0.0972 ] 
2025-09-29 12:09:16,424 - Epoch 132 Validation set [recall@5: 0.0684 recall@10: 0.1070 recall@20: 0.1596 ] [ndcg@5: 0.0668 ndcg@10: 0.0801 ndcg@20: 0.0973 ] 
2025-09-29 12:09:27,911 - Epoch 135 Validation set [recall@5: 0.0680 recall@10: 0.1062 recall@20: 0.1600 ] [ndcg@5: 0.0667 ndcg@10: 0.0799 ndcg@20: 0.0975 ] 
2025-09-29 12:09:41,606 - Epoch 138 Validation set [recall@5: 0.0682 recall@10: 0.1073 recall@20: 0.1602 ] [ndcg@5: 0.0668 ndcg@10: 0.0802 ndcg@20: 0.0975 ] 
2025-09-29 12:09:54,694 - Epoch 141 Validation set [recall@5: 0.0680 recall@10: 0.1074 recall@20: 0.1606 ] [ndcg@5: 0.0665 ndcg@10: 0.0802 ndcg@20: 0.0975 ] 
2025-09-29 12:10:07,488 - Epoch 144 Validation set [recall@5: 0.0682 recall@10: 0.1074 recall@20: 0.1609 ] [ndcg@5: 0.0667 ndcg@10: 0.0802 ndcg@20: 0.0976 ] 
2025-09-29 12:10:19,288 - Epoch 147 Validation set [recall@5: 0.0682 recall@10: 0.1070 recall@20: 0.1604 ] [ndcg@5: 0.0665 ndcg@10: 0.0800 ndcg@20: 0.0974 ] 
2025-09-29 12:10:31,837 - Epoch 150 Validation set [recall@5: 0.0687 recall@10: 0.1075 recall@20: 0.1597 ] [ndcg@5: 0.0671 ndcg@10: 0.0805 ndcg@20: 0.0975 ] 
2025-09-29 12:10:45,867 - Epoch 153 Validation set [recall@5: 0.0697 recall@10: 0.1075 recall@20: 0.1607 ] [ndcg@5: 0.0673 ndcg@10: 0.0805 ndcg@20: 0.0978 ] 
2025-09-29 12:10:59,322 - Epoch 156 Validation set [recall@5: 0.0688 recall@10: 0.1072 recall@20: 0.1600 ] [ndcg@5: 0.0668 ndcg@10: 0.0803 ndcg@20: 0.0975 ] 
2025-09-29 12:11:10,979 - Epoch 159 Validation set [recall@5: 0.0691 recall@10: 0.1073 recall@20: 0.1608 ] [ndcg@5: 0.0670 ndcg@10: 0.0802 ndcg@20: 0.0976 ] 
2025-09-29 12:11:12,357 - [recall@5: 0.0682 recall@10: 0.1074 recall@20: 0.1609 ] [ndcg@5: 0.0667 ndcg@10: 0.0802 ndcg@20: 0.0976 ] 
2025-09-29 12:11:13,641 - [recall@5: 0.0667 recall@10: 0.1062 recall@20: 0.1574 ] [ndcg@5: 0.0671 ndcg@10: 0.0807 ndcg@20: 0.0974 ] 
2025-09-29 12:11:13,652 - Save model parameters to ./encoder/checkpoint/lightgcn_plus/lightgcn_plus-amazon-2023.pth
2025-09-29 12:11:13,652 - Best Epoch 144. Final test result: {'recall': array([0.06673363, 0.10616458, 0.15742179]), 'ndcg': array([0.06711372, 0.08074354, 0.09742584])}.
