2025-09-29 14:53:07,280 - {'optimizer': {'name': 'adam', 'lr': 0.001, 'weight_decay': 0}, 'train': {'epoch': 3000, 'batch_size': 4096, 'save_model': True, 'loss': 'pairwise', 'test_step': 3, 'reproducible': True, 'seed': 2023, 'patience': 5}, 'test': {'metrics': ['recall', 'ndcg'], 'k': [5, 10, 20], 'batch_size': 1024}, 'data': {'type': 'general_cf', 'name': 'Office', 'user_num': 6338, 'item_num': 4461}, 'model': {'name': 'lightgcn_plus', 'keep_rate': 0.8, 'embedding_size': 64, 'layer_num': 3, 'reg_weight': 1e-07, 'kd_weight': 0.01, 'kd_temperature': 0.2, 'amazon': {'layer_num': 3, 'reg_weight': 1e-07, 'kd_weight': 0.01, 'kd_temperature': 0.2}, 'yelp': {'layer_num': 3, 'reg_weight': 1e-07, 'kd_weight': 0.01, 'kd_temperature': 0.2}, 'steam': {'layer_num': 3, 'reg_weight': 1e-08, 'kd_weight': 0.001, 'kd_temperature': 0.1}}}
2025-09-29 14:53:09,855 - Epoch   0 Validation set [recall@5: 0.0036 recall@10: 0.0059 recall@20: 0.0103 ] [ndcg@5: 0.0030 ndcg@10: 0.0040 ndcg@20: 0.0054 ] 
2025-09-29 14:53:12,315 - Epoch   3 Validation set [recall@5: 0.0091 recall@10: 0.0137 recall@20: 0.0225 ] [ndcg@5: 0.0084 ndcg@10: 0.0102 ndcg@20: 0.0131 ] 
2025-09-29 14:53:14,642 - Epoch   6 Validation set [recall@5: 0.0182 recall@10: 0.0290 recall@20: 0.0437 ] [ndcg@5: 0.0162 ndcg@10: 0.0207 ndcg@20: 0.0255 ] 
2025-09-29 14:53:17,130 - Epoch   9 Validation set [recall@5: 0.0263 recall@10: 0.0404 recall@20: 0.0635 ] [ndcg@5: 0.0229 ndcg@10: 0.0287 ndcg@20: 0.0363 ] 
2025-09-29 14:53:19,523 - Epoch  12 Validation set [recall@5: 0.0272 recall@10: 0.0434 recall@20: 0.0704 ] [ndcg@5: 0.0234 ndcg@10: 0.0300 ndcg@20: 0.0389 ] 
2025-09-29 14:53:21,951 - Epoch  15 Validation set [recall@5: 0.0275 recall@10: 0.0454 recall@20: 0.0738 ] [ndcg@5: 0.0237 ndcg@10: 0.0309 ndcg@20: 0.0402 ] 
2025-09-29 14:53:24,308 - Epoch  18 Validation set [recall@5: 0.0288 recall@10: 0.0476 recall@20: 0.0774 ] [ndcg@5: 0.0251 ndcg@10: 0.0328 ndcg@20: 0.0425 ] 
2025-09-29 14:53:26,594 - Epoch  21 Validation set [recall@5: 0.0311 recall@10: 0.0498 recall@20: 0.0803 ] [ndcg@5: 0.0273 ndcg@10: 0.0349 ndcg@20: 0.0449 ] 
2025-09-29 14:53:28,925 - Epoch  24 Validation set [recall@5: 0.0320 recall@10: 0.0517 recall@20: 0.0813 ] [ndcg@5: 0.0282 ndcg@10: 0.0363 ndcg@20: 0.0461 ] 
2025-09-29 14:53:31,246 - Epoch  27 Validation set [recall@5: 0.0343 recall@10: 0.0518 recall@20: 0.0821 ] [ndcg@5: 0.0299 ndcg@10: 0.0371 ndcg@20: 0.0471 ] 
2025-09-29 14:53:33,597 - Epoch  30 Validation set [recall@5: 0.0344 recall@10: 0.0530 recall@20: 0.0814 ] [ndcg@5: 0.0302 ndcg@10: 0.0377 ndcg@20: 0.0471 ] 
2025-09-29 14:53:36,004 - Epoch  33 Validation set [recall@5: 0.0348 recall@10: 0.0527 recall@20: 0.0822 ] [ndcg@5: 0.0307 ndcg@10: 0.0380 ndcg@20: 0.0478 ] 
2025-09-29 14:53:38,345 - Epoch  36 Validation set [recall@5: 0.0350 recall@10: 0.0526 recall@20: 0.0827 ] [ndcg@5: 0.0309 ndcg@10: 0.0381 ndcg@20: 0.0480 ] 
2025-09-29 14:53:40,685 - Epoch  39 Validation set [recall@5: 0.0348 recall@10: 0.0532 recall@20: 0.0835 ] [ndcg@5: 0.0306 ndcg@10: 0.0382 ndcg@20: 0.0482 ] 
2025-09-29 14:53:43,055 - Epoch  42 Validation set [recall@5: 0.0347 recall@10: 0.0534 recall@20: 0.0835 ] [ndcg@5: 0.0303 ndcg@10: 0.0380 ndcg@20: 0.0479 ] 
2025-09-29 14:53:45,440 - Epoch  45 Validation set [recall@5: 0.0351 recall@10: 0.0539 recall@20: 0.0830 ] [ndcg@5: 0.0306 ndcg@10: 0.0383 ndcg@20: 0.0478 ] 
2025-09-29 14:53:47,869 - Epoch  48 Validation set [recall@5: 0.0344 recall@10: 0.0532 recall@20: 0.0830 ] [ndcg@5: 0.0302 ndcg@10: 0.0379 ndcg@20: 0.0477 ] 
2025-09-29 14:53:50,296 - Epoch  51 Validation set [recall@5: 0.0344 recall@10: 0.0534 recall@20: 0.0825 ] [ndcg@5: 0.0300 ndcg@10: 0.0378 ndcg@20: 0.0474 ] 
2025-09-29 14:53:52,634 - Epoch  54 Validation set [recall@5: 0.0344 recall@10: 0.0525 recall@20: 0.0816 ] [ndcg@5: 0.0299 ndcg@10: 0.0372 ndcg@20: 0.0469 ] 
2025-09-29 14:53:53,447 - [recall@5: 0.0348 recall@10: 0.0532 recall@20: 0.0835 ] [ndcg@5: 0.0306 ndcg@10: 0.0382 ndcg@20: 0.0482 ] 
2025-09-29 14:53:54,262 - [recall@5: 0.0314 recall@10: 0.0515 recall@20: 0.0799 ] [ndcg@5: 0.0302 ndcg@10: 0.0389 ndcg@20: 0.0493 ] 
2025-09-29 14:53:54,273 - Save model parameters to ./encoder/checkpoint/lightgcn_plus/lightgcn_plus-Office-2023.pth
2025-09-29 14:53:54,274 - Best Epoch 39. Final test result: {'recall': array([0.03137255, 0.05146283, 0.07994694]), 'ndcg': array([0.03015607, 0.03890533, 0.04932843])}.
