2025-09-29 15:09:19,957 - {'optimizer': {'name': 'adam', 'lr': 0.001, 'weight_decay': 0}, 'train': {'epoch': 3000, 'batch_size': 4096, 'save_model': True, 'loss': 'pairwise', 'test_step': 3, 'reproducible': True, 'seed': 2023, 'patience': 5}, 'test': {'metrics': ['recall', 'ndcg'], 'k': [5, 10, 20], 'batch_size': 1024}, 'data': {'type': 'general_cf', 'name': 'yelp', 'user_num': 11091, 'item_num': 11010}, 'model': {'name': 'lightgcn_plus', 'keep_rate': 0.8, 'embedding_size': 64, 'layer_num': 3, 'reg_weight': 1e-07, 'kd_weight': 0.01, 'kd_temperature': 0.2, 'amazon': {'layer_num': 3, 'reg_weight': 1e-07, 'kd_weight': 0.01, 'kd_temperature': 0.2}, 'yelp': {'layer_num': 3, 'reg_weight': 1e-07, 'kd_weight': 0.01, 'kd_temperature': 0.2}, 'steam': {'layer_num': 3, 'reg_weight': 1e-08, 'kd_weight': 0.001, 'kd_temperature': 0.1}}}
2025-09-29 15:09:25,030 - Epoch   0 Validation set [recall@5: 0.0258 recall@10: 0.0445 recall@20: 0.0725 ] [ndcg@5: 0.0314 ndcg@10: 0.0372 ndcg@20: 0.0464 ] 
2025-09-29 15:09:32,844 - Epoch   3 Validation set [recall@5: 0.0309 recall@10: 0.0510 recall@20: 0.0836 ] [ndcg@5: 0.0370 ndcg@10: 0.0428 ndcg@20: 0.0536 ] 
2025-09-29 15:09:40,472 - Epoch   6 Validation set [recall@5: 0.0331 recall@10: 0.0547 recall@20: 0.0895 ] [ndcg@5: 0.0394 ndcg@10: 0.0458 ndcg@20: 0.0575 ] 
2025-09-29 15:09:48,420 - Epoch   9 Validation set [recall@5: 0.0340 recall@10: 0.0570 recall@20: 0.0926 ] [ndcg@5: 0.0404 ndcg@10: 0.0474 ndcg@20: 0.0594 ] 
2025-09-29 15:09:56,093 - Epoch  12 Validation set [recall@5: 0.0353 recall@10: 0.0594 recall@20: 0.0968 ] [ndcg@5: 0.0416 ndcg@10: 0.0489 ndcg@20: 0.0616 ] 
2025-09-29 15:10:03,660 - Epoch  15 Validation set [recall@5: 0.0366 recall@10: 0.0618 recall@20: 0.1007 ] [ndcg@5: 0.0430 ndcg@10: 0.0508 ndcg@20: 0.0640 ] 
2025-09-29 15:10:11,204 - Epoch  18 Validation set [recall@5: 0.0375 recall@10: 0.0633 recall@20: 0.1050 ] [ndcg@5: 0.0444 ndcg@10: 0.0524 ndcg@20: 0.0665 ] 
2025-09-29 15:10:18,805 - Epoch  21 Validation set [recall@5: 0.0391 recall@10: 0.0642 recall@20: 0.1076 ] [ndcg@5: 0.0462 ndcg@10: 0.0537 ndcg@20: 0.0685 ] 
2025-09-29 15:10:26,313 - Epoch  24 Validation set [recall@5: 0.0402 recall@10: 0.0660 recall@20: 0.1104 ] [ndcg@5: 0.0477 ndcg@10: 0.0554 ndcg@20: 0.0704 ] 
2025-09-29 15:10:34,076 - Epoch  27 Validation set [recall@5: 0.0408 recall@10: 0.0684 recall@20: 0.1119 ] [ndcg@5: 0.0484 ndcg@10: 0.0568 ndcg@20: 0.0715 ] 
2025-09-29 15:10:41,668 - Epoch  30 Validation set [recall@5: 0.0417 recall@10: 0.0694 recall@20: 0.1148 ] [ndcg@5: 0.0494 ndcg@10: 0.0579 ndcg@20: 0.0732 ] 
2025-09-29 15:10:49,156 - Epoch  33 Validation set [recall@5: 0.0421 recall@10: 0.0707 recall@20: 0.1177 ] [ndcg@5: 0.0502 ndcg@10: 0.0591 ndcg@20: 0.0749 ] 
2025-09-29 15:10:56,954 - Epoch  36 Validation set [recall@5: 0.0436 recall@10: 0.0727 recall@20: 0.1197 ] [ndcg@5: 0.0514 ndcg@10: 0.0605 ndcg@20: 0.0762 ] 
2025-09-29 15:11:04,400 - Epoch  39 Validation set [recall@5: 0.0444 recall@10: 0.0734 recall@20: 0.1200 ] [ndcg@5: 0.0522 ndcg@10: 0.0612 ndcg@20: 0.0768 ] 
2025-09-29 15:11:12,098 - Epoch  42 Validation set [recall@5: 0.0446 recall@10: 0.0752 recall@20: 0.1216 ] [ndcg@5: 0.0532 ndcg@10: 0.0627 ndcg@20: 0.0781 ] 
2025-09-29 15:11:19,898 - Epoch  45 Validation set [recall@5: 0.0448 recall@10: 0.0754 recall@20: 0.1230 ] [ndcg@5: 0.0534 ndcg@10: 0.0629 ndcg@20: 0.0788 ] 
2025-09-29 15:11:27,510 - Epoch  48 Validation set [recall@5: 0.0458 recall@10: 0.0758 recall@20: 0.1239 ] [ndcg@5: 0.0541 ndcg@10: 0.0633 ndcg@20: 0.0793 ] 
2025-09-29 15:11:34,988 - Epoch  51 Validation set [recall@5: 0.0463 recall@10: 0.0759 recall@20: 0.1253 ] [ndcg@5: 0.0549 ndcg@10: 0.0640 ndcg@20: 0.0804 ] 
2025-09-29 15:11:42,603 - Epoch  54 Validation set [recall@5: 0.0464 recall@10: 0.0768 recall@20: 0.1244 ] [ndcg@5: 0.0553 ndcg@10: 0.0646 ndcg@20: 0.0804 ] 
2025-09-29 15:11:50,396 - Epoch  57 Validation set [recall@5: 0.0472 recall@10: 0.0773 recall@20: 0.1245 ] [ndcg@5: 0.0553 ndcg@10: 0.0645 ndcg@20: 0.0802 ] 
2025-09-29 15:11:57,810 - Epoch  60 Validation set [recall@5: 0.0472 recall@10: 0.0768 recall@20: 0.1249 ] [ndcg@5: 0.0554 ndcg@10: 0.0645 ndcg@20: 0.0805 ] 
2025-09-29 15:12:05,257 - Epoch  63 Validation set [recall@5: 0.0472 recall@10: 0.0777 recall@20: 0.1265 ] [ndcg@5: 0.0555 ndcg@10: 0.0648 ndcg@20: 0.0812 ] 
2025-09-29 15:12:12,826 - Epoch  66 Validation set [recall@5: 0.0466 recall@10: 0.0785 recall@20: 0.1254 ] [ndcg@5: 0.0552 ndcg@10: 0.0652 ndcg@20: 0.0810 ] 
2025-09-29 15:12:20,464 - Epoch  69 Validation set [recall@5: 0.0468 recall@10: 0.0787 recall@20: 0.1256 ] [ndcg@5: 0.0553 ndcg@10: 0.0653 ndcg@20: 0.0810 ] 
2025-09-29 15:12:28,170 - Epoch  72 Validation set [recall@5: 0.0467 recall@10: 0.0779 recall@20: 0.1263 ] [ndcg@5: 0.0551 ndcg@10: 0.0649 ndcg@20: 0.0812 ] 
2025-09-29 15:12:35,570 - Epoch  75 Validation set [recall@5: 0.0465 recall@10: 0.0785 recall@20: 0.1266 ] [ndcg@5: 0.0552 ndcg@10: 0.0653 ndcg@20: 0.0815 ] 
2025-09-29 15:12:43,195 - Epoch  78 Validation set [recall@5: 0.0468 recall@10: 0.0782 recall@20: 0.1279 ] [ndcg@5: 0.0554 ndcg@10: 0.0651 ndcg@20: 0.0818 ] 
2025-09-29 15:12:50,984 - Epoch  81 Validation set [recall@5: 0.0464 recall@10: 0.0782 recall@20: 0.1271 ] [ndcg@5: 0.0553 ndcg@10: 0.0652 ndcg@20: 0.0815 ] 
2025-09-29 15:12:58,804 - Epoch  84 Validation set [recall@5: 0.0465 recall@10: 0.0772 recall@20: 0.1275 ] [ndcg@5: 0.0554 ndcg@10: 0.0651 ndcg@20: 0.0820 ] 
2025-09-29 15:13:06,542 - Epoch  87 Validation set [recall@5: 0.0474 recall@10: 0.0783 recall@20: 0.1264 ] [ndcg@5: 0.0562 ndcg@10: 0.0655 ndcg@20: 0.0817 ] 
2025-09-29 15:13:14,137 - Epoch  90 Validation set [recall@5: 0.0468 recall@10: 0.0781 recall@20: 0.1268 ] [ndcg@5: 0.0556 ndcg@10: 0.0652 ndcg@20: 0.0816 ] 
2025-09-29 15:13:21,633 - Epoch  93 Validation set [recall@5: 0.0473 recall@10: 0.0780 recall@20: 0.1269 ] [ndcg@5: 0.0556 ndcg@10: 0.0649 ndcg@20: 0.0814 ] 
2025-09-29 15:13:23,617 - [recall@5: 0.0468 recall@10: 0.0782 recall@20: 0.1279 ] [ndcg@5: 0.0554 ndcg@10: 0.0651 ndcg@20: 0.0818 ] 
2025-09-29 15:13:25,660 - [recall@5: 0.0453 recall@10: 0.0786 recall@20: 0.1267 ] [ndcg@5: 0.0532 ndcg@10: 0.0636 ndcg@20: 0.0798 ] 
2025-09-29 15:13:25,675 - Save model parameters to ./encoder/checkpoint/lightgcn_plus/lightgcn_plus-yelp-2023.pth
2025-09-29 15:13:25,676 - Best Epoch 78. Final test result: {'recall': array([0.04528565, 0.07857692, 0.12666315]), 'ndcg': array([0.05321692, 0.06355904, 0.07980063])}.
