2025-09-29 14:17:50,666 - {'optimizer': {'name': 'adam', 'lr': 0.001, 'weight_decay': 0}, 'train': {'epoch': 3000, 'batch_size': 4096, 'save_model': True, 'loss': 'pairwise', 'test_step': 3, 'reproducible': True, 'seed': 2023, 'patience': 5}, 'test': {'metrics': ['recall', 'ndcg'], 'k': [5, 10, 20], 'batch_size': 1024}, 'data': {'type': 'general_cf', 'name': 'yelp', 'user_num': 11091, 'item_num': 11010}, 'model': {'name': 'lightgcn_plus', 'keep_rate': 0.8, 'embedding_size': 64, 'layer_num': 3, 'reg_weight': 1e-07, 'kd_weight': 0.01, 'kd_temperature': 0.2, 'amazon': {'layer_num': 3, 'reg_weight': 1e-07, 'kd_weight': 0.01, 'kd_temperature': 0.2}, 'yelp': {'layer_num': 3, 'reg_weight': 1e-07, 'kd_weight': 0.01, 'kd_temperature': 0.2}, 'steam': {'layer_num': 3, 'reg_weight': 1e-08, 'kd_weight': 0.001, 'kd_temperature': 0.1}}}
2025-09-29 14:17:59,541 - Epoch   0 Validation set [recall@5: 0.0258 recall@10: 0.0446 recall@20: 0.0725 ] [ndcg@5: 0.0314 ndcg@10: 0.0372 ndcg@20: 0.0464 ] 
2025-09-29 14:18:16,174 - Epoch   3 Validation set [recall@5: 0.0308 recall@10: 0.0511 recall@20: 0.0837 ] [ndcg@5: 0.0369 ndcg@10: 0.0428 ndcg@20: 0.0536 ] 
2025-09-29 14:18:35,751 - Epoch   6 Validation set [recall@5: 0.0331 recall@10: 0.0547 recall@20: 0.0895 ] [ndcg@5: 0.0394 ndcg@10: 0.0458 ndcg@20: 0.0575 ] 
2025-09-29 14:18:51,991 - Epoch   9 Validation set [recall@5: 0.0340 recall@10: 0.0570 recall@20: 0.0927 ] [ndcg@5: 0.0404 ndcg@10: 0.0473 ndcg@20: 0.0594 ] 
2025-09-29 14:19:11,255 - Epoch  12 Validation set [recall@5: 0.0353 recall@10: 0.0593 recall@20: 0.0967 ] [ndcg@5: 0.0416 ndcg@10: 0.0489 ndcg@20: 0.0615 ] 
2025-09-29 14:19:24,174 - Epoch  15 Validation set [recall@5: 0.0365 recall@10: 0.0619 recall@20: 0.1007 ] [ndcg@5: 0.0430 ndcg@10: 0.0509 ndcg@20: 0.0640 ] 
2025-09-29 14:19:38,350 - Epoch  18 Validation set [recall@5: 0.0375 recall@10: 0.0633 recall@20: 0.1052 ] [ndcg@5: 0.0444 ndcg@10: 0.0524 ndcg@20: 0.0666 ] 
2025-09-29 14:19:51,912 - Epoch  21 Validation set [recall@5: 0.0393 recall@10: 0.0640 recall@20: 0.1074 ] [ndcg@5: 0.0463 ndcg@10: 0.0536 ndcg@20: 0.0685 ] 
2025-09-29 14:20:05,363 - Epoch  24 Validation set [recall@5: 0.0402 recall@10: 0.0659 recall@20: 0.1105 ] [ndcg@5: 0.0476 ndcg@10: 0.0553 ndcg@20: 0.0703 ] 
2025-09-29 14:20:18,638 - Epoch  27 Validation set [recall@5: 0.0410 recall@10: 0.0683 recall@20: 0.1118 ] [ndcg@5: 0.0484 ndcg@10: 0.0568 ndcg@20: 0.0715 ] 
2025-09-29 14:20:29,426 - Epoch  30 Validation set [recall@5: 0.0420 recall@10: 0.0696 recall@20: 0.1147 ] [ndcg@5: 0.0496 ndcg@10: 0.0581 ndcg@20: 0.0732 ] 
2025-09-29 14:20:44,076 - Epoch  33 Validation set [recall@5: 0.0426 recall@10: 0.0709 recall@20: 0.1175 ] [ndcg@5: 0.0505 ndcg@10: 0.0593 ndcg@20: 0.0749 ] 
2025-09-29 14:21:05,016 - Epoch  36 Validation set [recall@5: 0.0438 recall@10: 0.0728 recall@20: 0.1198 ] [ndcg@5: 0.0516 ndcg@10: 0.0606 ndcg@20: 0.0763 ] 
2025-09-29 14:21:27,756 - Epoch  39 Validation set [recall@5: 0.0443 recall@10: 0.0733 recall@20: 0.1206 ] [ndcg@5: 0.0521 ndcg@10: 0.0611 ndcg@20: 0.0770 ] 
2025-09-29 14:21:47,865 - Epoch  42 Validation set [recall@5: 0.0448 recall@10: 0.0746 recall@20: 0.1213 ] [ndcg@5: 0.0532 ndcg@10: 0.0624 ndcg@20: 0.0779 ] 
2025-09-29 14:22:05,080 - Epoch  45 Validation set [recall@5: 0.0455 recall@10: 0.0752 recall@20: 0.1228 ] [ndcg@5: 0.0539 ndcg@10: 0.0629 ndcg@20: 0.0788 ] 
2025-09-29 14:22:18,334 - Epoch  48 Validation set [recall@5: 0.0463 recall@10: 0.0755 recall@20: 0.1235 ] [ndcg@5: 0.0544 ndcg@10: 0.0633 ndcg@20: 0.0794 ] 
2025-09-29 14:22:32,490 - Epoch  51 Validation set [recall@5: 0.0466 recall@10: 0.0753 recall@20: 0.1253 ] [ndcg@5: 0.0551 ndcg@10: 0.0638 ndcg@20: 0.0804 ] 
2025-09-29 14:22:46,621 - Epoch  54 Validation set [recall@5: 0.0468 recall@10: 0.0762 recall@20: 0.1244 ] [ndcg@5: 0.0557 ndcg@10: 0.0645 ndcg@20: 0.0805 ] 
2025-09-29 14:23:02,640 - Epoch  57 Validation set [recall@5: 0.0477 recall@10: 0.0767 recall@20: 0.1242 ] [ndcg@5: 0.0558 ndcg@10: 0.0645 ndcg@20: 0.0803 ] 
2025-09-29 14:23:18,963 - Epoch  60 Validation set [recall@5: 0.0467 recall@10: 0.0766 recall@20: 0.1255 ] [ndcg@5: 0.0551 ndcg@10: 0.0643 ndcg@20: 0.0805 ] 
2025-09-29 14:23:38,093 - Epoch  63 Validation set [recall@5: 0.0472 recall@10: 0.0773 recall@20: 0.1266 ] [ndcg@5: 0.0554 ndcg@10: 0.0646 ndcg@20: 0.0811 ] 
2025-09-29 14:24:00,701 - Epoch  66 Validation set [recall@5: 0.0469 recall@10: 0.0777 recall@20: 0.1253 ] [ndcg@5: 0.0556 ndcg@10: 0.0651 ndcg@20: 0.0811 ] 
2025-09-29 14:24:19,202 - Epoch  69 Validation set [recall@5: 0.0474 recall@10: 0.0779 recall@20: 0.1256 ] [ndcg@5: 0.0559 ndcg@10: 0.0653 ndcg@20: 0.0813 ] 
2025-09-29 14:24:41,109 - Epoch  72 Validation set [recall@5: 0.0472 recall@10: 0.0780 recall@20: 0.1262 ] [ndcg@5: 0.0558 ndcg@10: 0.0652 ndcg@20: 0.0814 ] 
2025-09-29 14:24:57,101 - Epoch  75 Validation set [recall@5: 0.0473 recall@10: 0.0785 recall@20: 0.1269 ] [ndcg@5: 0.0559 ndcg@10: 0.0654 ndcg@20: 0.0817 ] 
2025-09-29 14:25:09,692 - Epoch  78 Validation set [recall@5: 0.0467 recall@10: 0.0780 recall@20: 0.1272 ] [ndcg@5: 0.0555 ndcg@10: 0.0651 ndcg@20: 0.0817 ] 
2025-09-29 14:25:22,308 - Epoch  81 Validation set [recall@5: 0.0471 recall@10: 0.0786 recall@20: 0.1273 ] [ndcg@5: 0.0557 ndcg@10: 0.0654 ndcg@20: 0.0816 ] 
2025-09-29 14:25:42,598 - Epoch  84 Validation set [recall@5: 0.0467 recall@10: 0.0776 recall@20: 0.1281 ] [ndcg@5: 0.0557 ndcg@10: 0.0653 ndcg@20: 0.0821 ] 
2025-09-29 14:25:58,379 - Epoch  87 Validation set [recall@5: 0.0464 recall@10: 0.0775 recall@20: 0.1271 ] [ndcg@5: 0.0555 ndcg@10: 0.0651 ndcg@20: 0.0816 ] 
2025-09-29 14:26:15,625 - Epoch  90 Validation set [recall@5: 0.0464 recall@10: 0.0784 recall@20: 0.1269 ] [ndcg@5: 0.0553 ndcg@10: 0.0653 ndcg@20: 0.0815 ] 
2025-09-29 14:26:35,212 - Epoch  93 Validation set [recall@5: 0.0470 recall@10: 0.0782 recall@20: 0.1263 ] [ndcg@5: 0.0559 ndcg@10: 0.0652 ndcg@20: 0.0813 ] 
2025-09-29 14:27:00,014 - Epoch  96 Validation set [recall@5: 0.0467 recall@10: 0.0775 recall@20: 0.1262 ] [ndcg@5: 0.0556 ndcg@10: 0.0651 ndcg@20: 0.0813 ] 
2025-09-29 14:27:22,471 - Epoch  99 Validation set [recall@5: 0.0467 recall@10: 0.0776 recall@20: 0.1259 ] [ndcg@5: 0.0556 ndcg@10: 0.0650 ndcg@20: 0.0811 ] 
2025-09-29 14:27:24,205 - [recall@5: 0.0467 recall@10: 0.0776 recall@20: 0.1281 ] [ndcg@5: 0.0557 ndcg@10: 0.0653 ndcg@20: 0.0821 ] 
2025-09-29 14:27:25,743 - [recall@5: 0.0459 recall@10: 0.0787 recall@20: 0.1283 ] [ndcg@5: 0.0535 ndcg@10: 0.0636 ndcg@20: 0.0804 ] 
2025-09-29 14:27:25,755 - Save model parameters to ./encoder/checkpoint/lightgcn_plus/lightgcn_plus-yelp-2023.pth
2025-09-29 14:27:25,755 - Best Epoch 84. Final test result: {'recall': array([0.04587391, 0.07865043, 0.12827343]), 'ndcg': array([0.05346933, 0.06363671, 0.08041653])}.
