2025-09-29 15:04:04,159 - {'optimizer': {'name': 'adam', 'lr': 0.001, 'weight_decay': 0}, 'train': {'epoch': 3000, 'batch_size': 4096, 'save_model': True, 'loss': 'pairwise', 'log_loss': False, 'test_step': 3, 'reproducible': True, 'seed': 2023, 'patience': 5}, 'test': {'metrics': ['recall', 'ndcg'], 'k': [5, 10, 20], 'batch_size': 1024}, 'data': {'type': 'general_cf', 'name': 'amazon', 'user_num': 11000, 'item_num': 9332}, 'model': {'name': 'lightgcn_gene', 'keep_rate': 0.8, 'embedding_size': 64, 'layer_num': 2, 'reg_weight': 1e-07, 'mask_ratio': 0.15, 'recon_weight': 0.1, 're_temperature': 0.5, 'amazon': {'layer_num': 2, 'reg_weight': 1e-07, 'mask_ratio': 0.15, 'recon_weight': 0.1, 're_temperature': 0.5}, 'yelp': {'layer_num': 2, 'reg_weight': 1e-07, 'mask_ratio': 0.05, 'recon_weight': 0.01, 're_temperature': 0.1}, 'steam': {'layer_num': 2, 'reg_weight': 1e-06, 'mask_ratio': 0.15, 'recon_weight': 0.1, 're_temperature': 0.5}}}
2025-09-29 15:04:08,182 - Epoch   0 Validation set [recall@5: 0.0188 recall@10: 0.0314 recall@20: 0.0506 ] [ndcg@5: 0.0194 ndcg@10: 0.0237 ndcg@20: 0.0298 ] 
2025-09-29 15:04:12,960 - Epoch   3 Validation set [recall@5: 0.0226 recall@10: 0.0364 recall@20: 0.0598 ] [ndcg@5: 0.0229 ndcg@10: 0.0278 ndcg@20: 0.0354 ] 
2025-09-29 15:04:18,177 - Epoch   6 Validation set [recall@5: 0.0271 recall@10: 0.0427 recall@20: 0.0701 ] [ndcg@5: 0.0273 ndcg@10: 0.0326 ndcg@20: 0.0415 ] 
2025-09-29 15:04:23,471 - Epoch   9 Validation set [recall@5: 0.0311 recall@10: 0.0504 recall@20: 0.0791 ] [ndcg@5: 0.0317 ndcg@10: 0.0382 ndcg@20: 0.0476 ] 
2025-09-29 15:04:28,546 - Epoch  12 Validation set [recall@5: 0.0343 recall@10: 0.0543 recall@20: 0.0869 ] [ndcg@5: 0.0343 ndcg@10: 0.0410 ndcg@20: 0.0515 ] 
2025-09-29 15:04:33,244 - Epoch  15 Validation set [recall@5: 0.0362 recall@10: 0.0581 recall@20: 0.0914 ] [ndcg@5: 0.0361 ndcg@10: 0.0436 ndcg@20: 0.0544 ] 
2025-09-29 15:04:38,323 - Epoch  18 Validation set [recall@5: 0.0375 recall@10: 0.0615 recall@20: 0.0955 ] [ndcg@5: 0.0375 ndcg@10: 0.0458 ndcg@20: 0.0569 ] 
2025-09-29 15:04:43,484 - Epoch  21 Validation set [recall@5: 0.0396 recall@10: 0.0642 recall@20: 0.1008 ] [ndcg@5: 0.0397 ndcg@10: 0.0481 ndcg@20: 0.0599 ] 
2025-09-29 15:04:48,275 - Epoch  24 Validation set [recall@5: 0.0414 recall@10: 0.0665 recall@20: 0.1045 ] [ndcg@5: 0.0417 ndcg@10: 0.0501 ndcg@20: 0.0624 ] 
2025-09-29 15:04:53,488 - Epoch  27 Validation set [recall@5: 0.0430 recall@10: 0.0690 recall@20: 0.1079 ] [ndcg@5: 0.0428 ndcg@10: 0.0515 ndcg@20: 0.0642 ] 
2025-09-29 15:04:58,373 - Epoch  30 Validation set [recall@5: 0.0441 recall@10: 0.0700 recall@20: 0.1106 ] [ndcg@5: 0.0440 ndcg@10: 0.0528 ndcg@20: 0.0659 ] 
2025-09-29 15:05:03,336 - Epoch  33 Validation set [recall@5: 0.0454 recall@10: 0.0717 recall@20: 0.1125 ] [ndcg@5: 0.0451 ndcg@10: 0.0539 ndcg@20: 0.0673 ] 
2025-09-29 15:05:08,177 - Epoch  36 Validation set [recall@5: 0.0454 recall@10: 0.0728 recall@20: 0.1143 ] [ndcg@5: 0.0452 ndcg@10: 0.0547 ndcg@20: 0.0682 ] 
2025-09-29 15:05:13,024 - Epoch  39 Validation set [recall@5: 0.0470 recall@10: 0.0752 recall@20: 0.1170 ] [ndcg@5: 0.0469 ndcg@10: 0.0565 ndcg@20: 0.0700 ] 
2025-09-29 15:05:17,738 - Epoch  42 Validation set [recall@5: 0.0486 recall@10: 0.0768 recall@20: 0.1192 ] [ndcg@5: 0.0483 ndcg@10: 0.0577 ndcg@20: 0.0714 ] 
2025-09-29 15:05:22,671 - Epoch  45 Validation set [recall@5: 0.0486 recall@10: 0.0777 recall@20: 0.1204 ] [ndcg@5: 0.0486 ndcg@10: 0.0587 ndcg@20: 0.0724 ] 
2025-09-29 15:05:27,714 - Epoch  48 Validation set [recall@5: 0.0498 recall@10: 0.0793 recall@20: 0.1216 ] [ndcg@5: 0.0495 ndcg@10: 0.0595 ndcg@20: 0.0733 ] 
2025-09-29 15:05:32,927 - Epoch  51 Validation set [recall@5: 0.0503 recall@10: 0.0799 recall@20: 0.1245 ] [ndcg@5: 0.0499 ndcg@10: 0.0598 ndcg@20: 0.0744 ] 
2025-09-29 15:05:37,799 - Epoch  54 Validation set [recall@5: 0.0509 recall@10: 0.0811 recall@20: 0.1268 ] [ndcg@5: 0.0507 ndcg@10: 0.0608 ndcg@20: 0.0758 ] 
2025-09-29 15:05:42,954 - Epoch  57 Validation set [recall@5: 0.0526 recall@10: 0.0820 recall@20: 0.1274 ] [ndcg@5: 0.0518 ndcg@10: 0.0617 ndcg@20: 0.0765 ] 
2025-09-29 15:05:47,801 - Epoch  60 Validation set [recall@5: 0.0522 recall@10: 0.0828 recall@20: 0.1276 ] [ndcg@5: 0.0515 ndcg@10: 0.0620 ndcg@20: 0.0767 ] 
2025-09-29 15:05:52,499 - Epoch  63 Validation set [recall@5: 0.0530 recall@10: 0.0833 recall@20: 0.1298 ] [ndcg@5: 0.0519 ndcg@10: 0.0623 ndcg@20: 0.0776 ] 
2025-09-29 15:05:57,408 - Epoch  66 Validation set [recall@5: 0.0536 recall@10: 0.0843 recall@20: 0.1312 ] [ndcg@5: 0.0528 ndcg@10: 0.0634 ndcg@20: 0.0787 ] 
2025-09-29 15:06:02,380 - Epoch  69 Validation set [recall@5: 0.0542 recall@10: 0.0860 recall@20: 0.1322 ] [ndcg@5: 0.0537 ndcg@10: 0.0647 ndcg@20: 0.0798 ] 
2025-09-29 15:06:07,500 - Epoch  72 Validation set [recall@5: 0.0553 recall@10: 0.0868 recall@20: 0.1350 ] [ndcg@5: 0.0544 ndcg@10: 0.0652 ndcg@20: 0.0808 ] 
2025-09-29 15:06:12,406 - Epoch  75 Validation set [recall@5: 0.0556 recall@10: 0.0879 recall@20: 0.1364 ] [ndcg@5: 0.0547 ndcg@10: 0.0660 ndcg@20: 0.0818 ] 
2025-09-29 15:06:17,329 - Epoch  78 Validation set [recall@5: 0.0564 recall@10: 0.0884 recall@20: 0.1370 ] [ndcg@5: 0.0556 ndcg@10: 0.0666 ndcg@20: 0.0823 ] 
2025-09-29 15:06:22,215 - Epoch  81 Validation set [recall@5: 0.0577 recall@10: 0.0893 recall@20: 0.1386 ] [ndcg@5: 0.0565 ndcg@10: 0.0674 ndcg@20: 0.0834 ] 
2025-09-29 15:06:26,881 - Epoch  84 Validation set [recall@5: 0.0569 recall@10: 0.0899 recall@20: 0.1393 ] [ndcg@5: 0.0563 ndcg@10: 0.0678 ndcg@20: 0.0838 ] 
2025-09-29 15:06:31,635 - Epoch  87 Validation set [recall@5: 0.0580 recall@10: 0.0902 recall@20: 0.1401 ] [ndcg@5: 0.0569 ndcg@10: 0.0681 ndcg@20: 0.0842 ] 
2025-09-29 15:06:35,560 - Epoch  90 Validation set [recall@5: 0.0581 recall@10: 0.0909 recall@20: 0.1405 ] [ndcg@5: 0.0574 ndcg@10: 0.0685 ndcg@20: 0.0847 ] 
2025-09-29 15:06:40,213 - Epoch  93 Validation set [recall@5: 0.0584 recall@10: 0.0914 recall@20: 0.1415 ] [ndcg@5: 0.0580 ndcg@10: 0.0691 ndcg@20: 0.0854 ] 
2025-09-29 15:06:45,204 - Epoch  96 Validation set [recall@5: 0.0593 recall@10: 0.0916 recall@20: 0.1413 ] [ndcg@5: 0.0586 ndcg@10: 0.0694 ndcg@20: 0.0857 ] 
2025-09-29 15:06:50,267 - Epoch  99 Validation set [recall@5: 0.0596 recall@10: 0.0932 recall@20: 0.1434 ] [ndcg@5: 0.0588 ndcg@10: 0.0702 ndcg@20: 0.0866 ] 
2025-09-29 15:06:55,263 - Epoch 102 Validation set [recall@5: 0.0608 recall@10: 0.0943 recall@20: 0.1438 ] [ndcg@5: 0.0594 ndcg@10: 0.0708 ndcg@20: 0.0869 ] 
2025-09-29 15:07:00,704 - Epoch 105 Validation set [recall@5: 0.0613 recall@10: 0.0949 recall@20: 0.1444 ] [ndcg@5: 0.0599 ndcg@10: 0.0711 ndcg@20: 0.0874 ] 
2025-09-29 15:07:05,913 - Epoch 108 Validation set [recall@5: 0.0618 recall@10: 0.0960 recall@20: 0.1453 ] [ndcg@5: 0.0602 ndcg@10: 0.0719 ndcg@20: 0.0880 ] 
2025-09-29 15:07:11,063 - Epoch 111 Validation set [recall@5: 0.0624 recall@10: 0.0963 recall@20: 0.1465 ] [ndcg@5: 0.0607 ndcg@10: 0.0724 ndcg@20: 0.0888 ] 
2025-09-29 15:07:16,079 - Epoch 114 Validation set [recall@5: 0.0626 recall@10: 0.0966 recall@20: 0.1477 ] [ndcg@5: 0.0612 ndcg@10: 0.0727 ndcg@20: 0.0893 ] 
2025-09-29 15:07:21,035 - Epoch 117 Validation set [recall@5: 0.0617 recall@10: 0.0973 recall@20: 0.1477 ] [ndcg@5: 0.0605 ndcg@10: 0.0728 ndcg@20: 0.0891 ] 
2025-09-29 15:07:25,154 - Epoch 120 Validation set [recall@5: 0.0613 recall@10: 0.0978 recall@20: 0.1485 ] [ndcg@5: 0.0607 ndcg@10: 0.0733 ndcg@20: 0.0897 ] 
2025-09-29 15:07:29,194 - Epoch 123 Validation set [recall@5: 0.0620 recall@10: 0.0974 recall@20: 0.1491 ] [ndcg@5: 0.0607 ndcg@10: 0.0730 ndcg@20: 0.0898 ] 
2025-09-29 15:07:33,163 - Epoch 126 Validation set [recall@5: 0.0625 recall@10: 0.0984 recall@20: 0.1498 ] [ndcg@5: 0.0615 ndcg@10: 0.0738 ndcg@20: 0.0905 ] 
2025-09-29 15:07:37,879 - Epoch 129 Validation set [recall@5: 0.0631 recall@10: 0.0981 recall@20: 0.1505 ] [ndcg@5: 0.0619 ndcg@10: 0.0739 ndcg@20: 0.0909 ] 
2025-09-29 15:07:42,883 - Epoch 132 Validation set [recall@5: 0.0632 recall@10: 0.0988 recall@20: 0.1511 ] [ndcg@5: 0.0615 ndcg@10: 0.0739 ndcg@20: 0.0909 ] 
2025-09-29 15:07:47,889 - Epoch 135 Validation set [recall@5: 0.0637 recall@10: 0.0992 recall@20: 0.1507 ] [ndcg@5: 0.0621 ndcg@10: 0.0744 ndcg@20: 0.0910 ] 
2025-09-29 15:07:52,793 - Epoch 138 Validation set [recall@5: 0.0641 recall@10: 0.1003 recall@20: 0.1503 ] [ndcg@5: 0.0626 ndcg@10: 0.0750 ndcg@20: 0.0912 ] 
2025-09-29 15:07:57,857 - Epoch 141 Validation set [recall@5: 0.0635 recall@10: 0.1003 recall@20: 0.1512 ] [ndcg@5: 0.0623 ndcg@10: 0.0751 ndcg@20: 0.0916 ] 
2025-09-29 15:08:03,069 - Epoch 144 Validation set [recall@5: 0.0638 recall@10: 0.1010 recall@20: 0.1524 ] [ndcg@5: 0.0628 ndcg@10: 0.0756 ndcg@20: 0.0922 ] 
2025-09-29 15:08:08,083 - Epoch 147 Validation set [recall@5: 0.0644 recall@10: 0.1020 recall@20: 0.1527 ] [ndcg@5: 0.0628 ndcg@10: 0.0759 ndcg@20: 0.0923 ] 
2025-09-29 15:08:12,994 - Epoch 150 Validation set [recall@5: 0.0644 recall@10: 0.1019 recall@20: 0.1526 ] [ndcg@5: 0.0632 ndcg@10: 0.0763 ndcg@20: 0.0928 ] 
2025-09-29 15:08:17,719 - Epoch 153 Validation set [recall@5: 0.0644 recall@10: 0.1030 recall@20: 0.1516 ] [ndcg@5: 0.0631 ndcg@10: 0.0768 ndcg@20: 0.0929 ] 
2025-09-29 15:08:22,446 - Epoch 156 Validation set [recall@5: 0.0653 recall@10: 0.1038 recall@20: 0.1532 ] [ndcg@5: 0.0637 ndcg@10: 0.0773 ndcg@20: 0.0936 ] 
2025-09-29 15:08:27,219 - Epoch 159 Validation set [recall@5: 0.0660 recall@10: 0.1032 recall@20: 0.1535 ] [ndcg@5: 0.0643 ndcg@10: 0.0772 ndcg@20: 0.0938 ] 
2025-09-29 15:08:31,869 - Epoch 162 Validation set [recall@5: 0.0664 recall@10: 0.1034 recall@20: 0.1530 ] [ndcg@5: 0.0645 ndcg@10: 0.0772 ndcg@20: 0.0936 ] 
2025-09-29 15:08:36,602 - Epoch 165 Validation set [recall@5: 0.0666 recall@10: 0.1039 recall@20: 0.1538 ] [ndcg@5: 0.0650 ndcg@10: 0.0779 ndcg@20: 0.0943 ] 
2025-09-29 15:08:41,351 - Epoch 168 Validation set [recall@5: 0.0670 recall@10: 0.1043 recall@20: 0.1547 ] [ndcg@5: 0.0650 ndcg@10: 0.0779 ndcg@20: 0.0944 ] 
2025-09-29 15:08:45,922 - Epoch 171 Validation set [recall@5: 0.0670 recall@10: 0.1054 recall@20: 0.1544 ] [ndcg@5: 0.0653 ndcg@10: 0.0786 ndcg@20: 0.0946 ] 
2025-09-29 15:08:50,545 - Epoch 174 Validation set [recall@5: 0.0670 recall@10: 0.1057 recall@20: 0.1542 ] [ndcg@5: 0.0653 ndcg@10: 0.0786 ndcg@20: 0.0946 ] 
2025-09-29 15:08:55,727 - Epoch 177 Validation set [recall@5: 0.0667 recall@10: 0.1046 recall@20: 0.1550 ] [ndcg@5: 0.0653 ndcg@10: 0.0783 ndcg@20: 0.0948 ] 
2025-09-29 15:09:01,127 - Epoch 180 Validation set [recall@5: 0.0665 recall@10: 0.1053 recall@20: 0.1561 ] [ndcg@5: 0.0653 ndcg@10: 0.0787 ndcg@20: 0.0951 ] 
2025-09-29 15:09:06,150 - Epoch 183 Validation set [recall@5: 0.0667 recall@10: 0.1054 recall@20: 0.1565 ] [ndcg@5: 0.0657 ndcg@10: 0.0791 ndcg@20: 0.0958 ] 
2025-09-29 15:09:10,831 - Epoch 186 Validation set [recall@5: 0.0680 recall@10: 0.1055 recall@20: 0.1570 ] [ndcg@5: 0.0663 ndcg@10: 0.0792 ndcg@20: 0.0961 ] 
2025-09-29 15:09:15,539 - Epoch 189 Validation set [recall@5: 0.0683 recall@10: 0.1064 recall@20: 0.1566 ] [ndcg@5: 0.0664 ndcg@10: 0.0795 ndcg@20: 0.0959 ] 
2025-09-29 15:09:20,069 - Epoch 192 Validation set [recall@5: 0.0684 recall@10: 0.1067 recall@20: 0.1576 ] [ndcg@5: 0.0663 ndcg@10: 0.0798 ndcg@20: 0.0963 ] 
2025-09-29 15:09:24,948 - Epoch 195 Validation set [recall@5: 0.0683 recall@10: 0.1070 recall@20: 0.1576 ] [ndcg@5: 0.0666 ndcg@10: 0.0801 ndcg@20: 0.0967 ] 
2025-09-29 15:09:30,155 - Epoch 198 Validation set [recall@5: 0.0685 recall@10: 0.1073 recall@20: 0.1582 ] [ndcg@5: 0.0669 ndcg@10: 0.0803 ndcg@20: 0.0969 ] 
2025-09-29 15:09:35,000 - Epoch 201 Validation set [recall@5: 0.0683 recall@10: 0.1083 recall@20: 0.1584 ] [ndcg@5: 0.0666 ndcg@10: 0.0804 ndcg@20: 0.0969 ] 
2025-09-29 15:09:40,107 - Epoch 204 Validation set [recall@5: 0.0681 recall@10: 0.1068 recall@20: 0.1588 ] [ndcg@5: 0.0668 ndcg@10: 0.0804 ndcg@20: 0.0976 ] 
2025-09-29 15:09:45,161 - Epoch 207 Validation set [recall@5: 0.0690 recall@10: 0.1073 recall@20: 0.1594 ] [ndcg@5: 0.0673 ndcg@10: 0.0805 ndcg@20: 0.0977 ] 
2025-09-29 15:09:50,140 - Epoch 210 Validation set [recall@5: 0.0687 recall@10: 0.1076 recall@20: 0.1601 ] [ndcg@5: 0.0673 ndcg@10: 0.0808 ndcg@20: 0.0981 ] 
2025-09-29 15:09:55,279 - Epoch 213 Validation set [recall@5: 0.0683 recall@10: 0.1073 recall@20: 0.1602 ] [ndcg@5: 0.0678 ndcg@10: 0.0812 ndcg@20: 0.0985 ] 
2025-09-29 15:10:00,138 - Epoch 216 Validation set [recall@5: 0.0694 recall@10: 0.1079 recall@20: 0.1609 ] [ndcg@5: 0.0677 ndcg@10: 0.0810 ndcg@20: 0.0984 ] 
2025-09-29 15:10:05,101 - Epoch 219 Validation set [recall@5: 0.0689 recall@10: 0.1073 recall@20: 0.1608 ] [ndcg@5: 0.0676 ndcg@10: 0.0809 ndcg@20: 0.0984 ] 
2025-09-29 15:10:10,093 - Epoch 222 Validation set [recall@5: 0.0684 recall@10: 0.1074 recall@20: 0.1609 ] [ndcg@5: 0.0673 ndcg@10: 0.0809 ndcg@20: 0.0985 ] 
2025-09-29 15:10:15,146 - Epoch 225 Validation set [recall@5: 0.0679 recall@10: 0.1077 recall@20: 0.1602 ] [ndcg@5: 0.0671 ndcg@10: 0.0811 ndcg@20: 0.0983 ] 
2025-09-29 15:10:20,028 - Epoch 228 Validation set [recall@5: 0.0688 recall@10: 0.1078 recall@20: 0.1607 ] [ndcg@5: 0.0677 ndcg@10: 0.0813 ndcg@20: 0.0986 ] 
2025-09-29 15:10:25,098 - Epoch 231 Validation set [recall@5: 0.0699 recall@10: 0.1085 recall@20: 0.1608 ] [ndcg@5: 0.0682 ndcg@10: 0.0818 ndcg@20: 0.0989 ] 
2025-09-29 15:10:30,094 - Epoch 234 Validation set [recall@5: 0.0693 recall@10: 0.1084 recall@20: 0.1618 ] [ndcg@5: 0.0683 ndcg@10: 0.0820 ndcg@20: 0.0993 ] 
2025-09-29 15:10:35,007 - Epoch 237 Validation set [recall@5: 0.0698 recall@10: 0.1089 recall@20: 0.1615 ] [ndcg@5: 0.0688 ndcg@10: 0.0823 ndcg@20: 0.0995 ] 
2025-09-29 15:10:40,165 - Epoch 240 Validation set [recall@5: 0.0694 recall@10: 0.1089 recall@20: 0.1627 ] [ndcg@5: 0.0684 ndcg@10: 0.0821 ndcg@20: 0.0997 ] 
2025-09-29 15:10:45,158 - Epoch 243 Validation set [recall@5: 0.0702 recall@10: 0.1081 recall@20: 0.1625 ] [ndcg@5: 0.0689 ndcg@10: 0.0821 ndcg@20: 0.0998 ] 
2025-09-29 15:10:49,887 - Epoch 246 Validation set [recall@5: 0.0700 recall@10: 0.1088 recall@20: 0.1619 ] [ndcg@5: 0.0690 ndcg@10: 0.0823 ndcg@20: 0.0998 ] 
2025-09-29 15:10:55,451 - Epoch 249 Validation set [recall@5: 0.0701 recall@10: 0.1092 recall@20: 0.1630 ] [ndcg@5: 0.0691 ndcg@10: 0.0828 ndcg@20: 0.1003 ] 
2025-09-29 15:11:00,383 - Epoch 252 Validation set [recall@5: 0.0704 recall@10: 0.1097 recall@20: 0.1633 ] [ndcg@5: 0.0689 ndcg@10: 0.0825 ndcg@20: 0.1000 ] 
2025-09-29 15:11:05,312 - Epoch 255 Validation set [recall@5: 0.0701 recall@10: 0.1091 recall@20: 0.1634 ] [ndcg@5: 0.0690 ndcg@10: 0.0824 ndcg@20: 0.1003 ] 
2025-09-29 15:11:10,437 - Epoch 258 Validation set [recall@5: 0.0700 recall@10: 0.1083 recall@20: 0.1638 ] [ndcg@5: 0.0692 ndcg@10: 0.0823 ndcg@20: 0.1006 ] 
2025-09-29 15:11:15,360 - Epoch 261 Validation set [recall@5: 0.0706 recall@10: 0.1095 recall@20: 0.1640 ] [ndcg@5: 0.0692 ndcg@10: 0.0826 ndcg@20: 0.1004 ] 
2025-09-29 15:11:20,349 - Epoch 264 Validation set [recall@5: 0.0709 recall@10: 0.1094 recall@20: 0.1642 ] [ndcg@5: 0.0695 ndcg@10: 0.0827 ndcg@20: 0.1007 ] 
2025-09-29 15:11:25,578 - Epoch 267 Validation set [recall@5: 0.0704 recall@10: 0.1104 recall@20: 0.1646 ] [ndcg@5: 0.0690 ndcg@10: 0.0830 ndcg@20: 0.1007 ] 
2025-09-29 15:11:30,603 - Epoch 270 Validation set [recall@5: 0.0707 recall@10: 0.1093 recall@20: 0.1652 ] [ndcg@5: 0.0695 ndcg@10: 0.0829 ndcg@20: 0.1011 ] 
2025-09-29 15:11:35,569 - Epoch 273 Validation set [recall@5: 0.0710 recall@10: 0.1097 recall@20: 0.1659 ] [ndcg@5: 0.0699 ndcg@10: 0.0833 ndcg@20: 0.1016 ] 
2025-09-29 15:11:40,904 - Epoch 276 Validation set [recall@5: 0.0710 recall@10: 0.1093 recall@20: 0.1652 ] [ndcg@5: 0.0700 ndcg@10: 0.0832 ndcg@20: 0.1014 ] 
2025-09-29 15:11:45,788 - Epoch 279 Validation set [recall@5: 0.0706 recall@10: 0.1085 recall@20: 0.1649 ] [ndcg@5: 0.0700 ndcg@10: 0.0830 ndcg@20: 0.1012 ] 
2025-09-29 15:11:50,749 - Epoch 282 Validation set [recall@5: 0.0710 recall@10: 0.1088 recall@20: 0.1656 ] [ndcg@5: 0.0700 ndcg@10: 0.0829 ndcg@20: 0.1013 ] 
2025-09-29 15:11:56,099 - Epoch 285 Validation set [recall@5: 0.0704 recall@10: 0.1088 recall@20: 0.1658 ] [ndcg@5: 0.0698 ndcg@10: 0.0831 ndcg@20: 0.1015 ] 
2025-09-29 15:12:00,943 - Epoch 288 Validation set [recall@5: 0.0707 recall@10: 0.1085 recall@20: 0.1665 ] [ndcg@5: 0.0700 ndcg@10: 0.0830 ndcg@20: 0.1019 ] 
2025-09-29 15:12:05,821 - Epoch 291 Validation set [recall@5: 0.0709 recall@10: 0.1095 recall@20: 0.1654 ] [ndcg@5: 0.0701 ndcg@10: 0.0837 ndcg@20: 0.1017 ] 
2025-09-29 15:12:10,922 - Epoch 294 Validation set [recall@5: 0.0713 recall@10: 0.1091 recall@20: 0.1658 ] [ndcg@5: 0.0704 ndcg@10: 0.0835 ndcg@20: 0.1018 ] 
2025-09-29 15:12:15,783 - Epoch 297 Validation set [recall@5: 0.0715 recall@10: 0.1083 recall@20: 0.1659 ] [ndcg@5: 0.0706 ndcg@10: 0.0832 ndcg@20: 0.1019 ] 
2025-09-29 15:12:20,799 - Epoch 300 Validation set [recall@5: 0.0724 recall@10: 0.1088 recall@20: 0.1662 ] [ndcg@5: 0.0713 ndcg@10: 0.0837 ndcg@20: 0.1024 ] 
2025-09-29 15:12:25,948 - Epoch 303 Validation set [recall@5: 0.0718 recall@10: 0.1092 recall@20: 0.1664 ] [ndcg@5: 0.0706 ndcg@10: 0.0834 ndcg@20: 0.1020 ] 
2025-09-29 15:12:27,626 - [recall@5: 0.0707 recall@10: 0.1085 recall@20: 0.1665 ] [ndcg@5: 0.0700 ndcg@10: 0.0830 ndcg@20: 0.1019 ] 
2025-09-29 15:12:29,162 - [recall@5: 0.0712 recall@10: 0.1088 recall@20: 0.1615 ] [ndcg@5: 0.0716 ndcg@10: 0.0842 ndcg@20: 0.1013 ] 
2025-09-29 15:12:29,174 - Save model parameters to ./encoder/checkpoint/lightgcn_gene/lightgcn_gene-amazon-2023.pth
2025-09-29 15:12:29,174 - Best Epoch 288. Final test result: {'recall': array([0.07118092, 0.10880331, 0.16145835]), 'ndcg': array([0.07157125, 0.08419477, 0.10126373])}.
