2025-09-29 12:11:16,141 - {'optimizer': {'name': 'adam', 'lr': 0.001, 'weight_decay': 0}, 'train': {'epoch': 3000, 'batch_size': 4096, 'save_model': True, 'loss': 'pairwise', 'log_loss': False, 'test_step': 3, 'reproducible': True, 'seed': 2023, 'patience': 5}, 'test': {'metrics': ['recall', 'ndcg'], 'k': [5, 10, 20], 'batch_size': 1024}, 'data': {'type': 'general_cf', 'name': 'amazon', 'user_num': 11000, 'item_num': 9332}, 'model': {'name': 'lightgcn_gene', 'keep_rate': 0.8, 'embedding_size': 64, 'layer_num': 2, 'reg_weight': 1e-07, 'mask_ratio': 0.15, 'recon_weight': 0.1, 're_temperature': 0.5, 'amazon': {'layer_num': 2, 'reg_weight': 1e-07, 'mask_ratio': 0.15, 'recon_weight': 0.1, 're_temperature': 0.5}, 'yelp': {'layer_num': 2, 'reg_weight': 1e-07, 'mask_ratio': 0.05, 'recon_weight': 0.01, 're_temperature': 0.1}, 'steam': {'layer_num': 2, 'reg_weight': 1e-06, 'mask_ratio': 0.15, 'recon_weight': 0.1, 're_temperature': 0.5}}}
2025-09-29 12:11:22,402 - Epoch   0 Validation set [recall@5: 0.0188 recall@10: 0.0314 recall@20: 0.0506 ] [ndcg@5: 0.0194 ndcg@10: 0.0237 ndcg@20: 0.0298 ] 
2025-09-29 12:11:34,855 - Epoch   3 Validation set [recall@5: 0.0226 recall@10: 0.0364 recall@20: 0.0598 ] [ndcg@5: 0.0229 ndcg@10: 0.0278 ndcg@20: 0.0354 ] 
2025-09-29 12:11:45,918 - Epoch   6 Validation set [recall@5: 0.0272 recall@10: 0.0427 recall@20: 0.0701 ] [ndcg@5: 0.0274 ndcg@10: 0.0326 ndcg@20: 0.0415 ] 
2025-09-29 12:11:57,266 - Epoch   9 Validation set [recall@5: 0.0312 recall@10: 0.0503 recall@20: 0.0792 ] [ndcg@5: 0.0318 ndcg@10: 0.0382 ndcg@20: 0.0477 ] 
2025-09-29 12:12:09,181 - Epoch  12 Validation set [recall@5: 0.0342 recall@10: 0.0544 recall@20: 0.0869 ] [ndcg@5: 0.0342 ndcg@10: 0.0410 ndcg@20: 0.0516 ] 
2025-09-29 12:12:22,731 - Epoch  15 Validation set [recall@5: 0.0362 recall@10: 0.0580 recall@20: 0.0913 ] [ndcg@5: 0.0361 ndcg@10: 0.0436 ndcg@20: 0.0544 ] 
2025-09-29 12:12:34,780 - Epoch  18 Validation set [recall@5: 0.0376 recall@10: 0.0616 recall@20: 0.0953 ] [ndcg@5: 0.0376 ndcg@10: 0.0459 ndcg@20: 0.0569 ] 
2025-09-29 12:12:45,628 - Epoch  21 Validation set [recall@5: 0.0396 recall@10: 0.0642 recall@20: 0.1008 ] [ndcg@5: 0.0396 ndcg@10: 0.0480 ndcg@20: 0.0599 ] 
2025-09-29 12:12:58,903 - Epoch  24 Validation set [recall@5: 0.0414 recall@10: 0.0664 recall@20: 0.1044 ] [ndcg@5: 0.0416 ndcg@10: 0.0500 ndcg@20: 0.0624 ] 
2025-09-29 12:13:11,507 - Epoch  27 Validation set [recall@5: 0.0430 recall@10: 0.0694 recall@20: 0.1079 ] [ndcg@5: 0.0427 ndcg@10: 0.0516 ndcg@20: 0.0642 ] 
2025-09-29 12:13:22,261 - Epoch  30 Validation set [recall@5: 0.0440 recall@10: 0.0700 recall@20: 0.1105 ] [ndcg@5: 0.0439 ndcg@10: 0.0527 ndcg@20: 0.0658 ] 
2025-09-29 12:13:35,024 - Epoch  33 Validation set [recall@5: 0.0453 recall@10: 0.0715 recall@20: 0.1125 ] [ndcg@5: 0.0452 ndcg@10: 0.0539 ndcg@20: 0.0672 ] 
2025-09-29 12:13:47,802 - Epoch  36 Validation set [recall@5: 0.0454 recall@10: 0.0730 recall@20: 0.1143 ] [ndcg@5: 0.0452 ndcg@10: 0.0548 ndcg@20: 0.0682 ] 
2025-09-29 12:14:00,650 - Epoch  39 Validation set [recall@5: 0.0470 recall@10: 0.0751 recall@20: 0.1172 ] [ndcg@5: 0.0469 ndcg@10: 0.0565 ndcg@20: 0.0701 ] 
2025-09-29 12:14:14,075 - Epoch  42 Validation set [recall@5: 0.0486 recall@10: 0.0768 recall@20: 0.1192 ] [ndcg@5: 0.0483 ndcg@10: 0.0578 ndcg@20: 0.0715 ] 
2025-09-29 12:14:26,593 - Epoch  45 Validation set [recall@5: 0.0486 recall@10: 0.0778 recall@20: 0.1201 ] [ndcg@5: 0.0487 ndcg@10: 0.0588 ndcg@20: 0.0724 ] 
2025-09-29 12:14:39,939 - Epoch  48 Validation set [recall@5: 0.0499 recall@10: 0.0792 recall@20: 0.1219 ] [ndcg@5: 0.0496 ndcg@10: 0.0594 ndcg@20: 0.0734 ] 
2025-09-29 12:14:53,766 - Epoch  51 Validation set [recall@5: 0.0504 recall@10: 0.0799 recall@20: 0.1247 ] [ndcg@5: 0.0500 ndcg@10: 0.0598 ndcg@20: 0.0745 ] 
2025-09-29 12:15:04,892 - Epoch  54 Validation set [recall@5: 0.0512 recall@10: 0.0806 recall@20: 0.1266 ] [ndcg@5: 0.0510 ndcg@10: 0.0608 ndcg@20: 0.0758 ] 
2025-09-29 12:15:16,293 - Epoch  57 Validation set [recall@5: 0.0528 recall@10: 0.0820 recall@20: 0.1273 ] [ndcg@5: 0.0519 ndcg@10: 0.0617 ndcg@20: 0.0765 ] 
2025-09-29 12:15:27,926 - Epoch  60 Validation set [recall@5: 0.0524 recall@10: 0.0831 recall@20: 0.1277 ] [ndcg@5: 0.0516 ndcg@10: 0.0621 ndcg@20: 0.0767 ] 
2025-09-29 12:15:39,850 - Epoch  63 Validation set [recall@5: 0.0529 recall@10: 0.0834 recall@20: 0.1305 ] [ndcg@5: 0.0519 ndcg@10: 0.0624 ndcg@20: 0.0778 ] 
2025-09-29 12:15:51,281 - Epoch  66 Validation set [recall@5: 0.0535 recall@10: 0.0841 recall@20: 0.1313 ] [ndcg@5: 0.0528 ndcg@10: 0.0633 ndcg@20: 0.0787 ] 
2025-09-29 12:16:02,305 - Epoch  69 Validation set [recall@5: 0.0538 recall@10: 0.0853 recall@20: 0.1324 ] [ndcg@5: 0.0536 ndcg@10: 0.0645 ndcg@20: 0.0798 ] 
2025-09-29 12:16:14,481 - Epoch  72 Validation set [recall@5: 0.0551 recall@10: 0.0867 recall@20: 0.1345 ] [ndcg@5: 0.0543 ndcg@10: 0.0651 ndcg@20: 0.0807 ] 
2025-09-29 12:16:23,980 - Epoch  75 Validation set [recall@5: 0.0557 recall@10: 0.0875 recall@20: 0.1368 ] [ndcg@5: 0.0548 ndcg@10: 0.0659 ndcg@20: 0.0819 ] 
2025-09-29 12:16:35,677 - Epoch  78 Validation set [recall@5: 0.0563 recall@10: 0.0887 recall@20: 0.1371 ] [ndcg@5: 0.0557 ndcg@10: 0.0668 ndcg@20: 0.0825 ] 
2025-09-29 12:16:50,509 - Epoch  81 Validation set [recall@5: 0.0575 recall@10: 0.0892 recall@20: 0.1390 ] [ndcg@5: 0.0565 ndcg@10: 0.0674 ndcg@20: 0.0835 ] 
2025-09-29 12:17:01,899 - Epoch  84 Validation set [recall@5: 0.0571 recall@10: 0.0901 recall@20: 0.1392 ] [ndcg@5: 0.0564 ndcg@10: 0.0680 ndcg@20: 0.0839 ] 
2025-09-29 12:17:15,537 - Epoch  87 Validation set [recall@5: 0.0579 recall@10: 0.0901 recall@20: 0.1400 ] [ndcg@5: 0.0568 ndcg@10: 0.0679 ndcg@20: 0.0841 ] 
2025-09-29 12:17:28,988 - Epoch  90 Validation set [recall@5: 0.0576 recall@10: 0.0911 recall@20: 0.1409 ] [ndcg@5: 0.0573 ndcg@10: 0.0688 ndcg@20: 0.0850 ] 
2025-09-29 12:17:39,275 - Epoch  93 Validation set [recall@5: 0.0582 recall@10: 0.0919 recall@20: 0.1418 ] [ndcg@5: 0.0579 ndcg@10: 0.0693 ndcg@20: 0.0855 ] 
2025-09-29 12:17:51,415 - Epoch  96 Validation set [recall@5: 0.0594 recall@10: 0.0911 recall@20: 0.1416 ] [ndcg@5: 0.0586 ndcg@10: 0.0691 ndcg@20: 0.0857 ] 
2025-09-29 12:18:04,976 - Epoch  99 Validation set [recall@5: 0.0599 recall@10: 0.0931 recall@20: 0.1432 ] [ndcg@5: 0.0590 ndcg@10: 0.0702 ndcg@20: 0.0866 ] 
2025-09-29 12:18:16,414 - Epoch 102 Validation set [recall@5: 0.0609 recall@10: 0.0940 recall@20: 0.1443 ] [ndcg@5: 0.0595 ndcg@10: 0.0707 ndcg@20: 0.0871 ] 
2025-09-29 12:18:29,760 - Epoch 105 Validation set [recall@5: 0.0610 recall@10: 0.0952 recall@20: 0.1443 ] [ndcg@5: 0.0598 ndcg@10: 0.0713 ndcg@20: 0.0874 ] 
2025-09-29 12:18:42,279 - Epoch 108 Validation set [recall@5: 0.0621 recall@10: 0.0960 recall@20: 0.1450 ] [ndcg@5: 0.0603 ndcg@10: 0.0719 ndcg@20: 0.0879 ] 
2025-09-29 12:18:54,942 - Epoch 111 Validation set [recall@5: 0.0622 recall@10: 0.0965 recall@20: 0.1470 ] [ndcg@5: 0.0607 ndcg@10: 0.0724 ndcg@20: 0.0889 ] 
2025-09-29 12:19:08,321 - Epoch 114 Validation set [recall@5: 0.0620 recall@10: 0.0967 recall@20: 0.1473 ] [ndcg@5: 0.0610 ndcg@10: 0.0728 ndcg@20: 0.0892 ] 
2025-09-29 12:19:20,438 - Epoch 117 Validation set [recall@5: 0.0618 recall@10: 0.0972 recall@20: 0.1480 ] [ndcg@5: 0.0606 ndcg@10: 0.0729 ndcg@20: 0.0894 ] 
2025-09-29 12:19:31,121 - Epoch 120 Validation set [recall@5: 0.0615 recall@10: 0.0973 recall@20: 0.1482 ] [ndcg@5: 0.0609 ndcg@10: 0.0732 ndcg@20: 0.0897 ] 
2025-09-29 12:19:44,785 - Epoch 123 Validation set [recall@5: 0.0617 recall@10: 0.0977 recall@20: 0.1483 ] [ndcg@5: 0.0607 ndcg@10: 0.0733 ndcg@20: 0.0898 ] 
2025-09-29 12:19:56,156 - Epoch 126 Validation set [recall@5: 0.0623 recall@10: 0.0981 recall@20: 0.1497 ] [ndcg@5: 0.0614 ndcg@10: 0.0737 ndcg@20: 0.0905 ] 
2025-09-29 12:20:07,337 - Epoch 129 Validation set [recall@5: 0.0631 recall@10: 0.0983 recall@20: 0.1499 ] [ndcg@5: 0.0620 ndcg@10: 0.0741 ndcg@20: 0.0908 ] 
2025-09-29 12:20:18,653 - Epoch 132 Validation set [recall@5: 0.0629 recall@10: 0.0987 recall@20: 0.1507 ] [ndcg@5: 0.0617 ndcg@10: 0.0742 ndcg@20: 0.0910 ] 
2025-09-29 12:20:30,769 - Epoch 135 Validation set [recall@5: 0.0633 recall@10: 0.0994 recall@20: 0.1505 ] [ndcg@5: 0.0620 ndcg@10: 0.0745 ndcg@20: 0.0911 ] 
2025-09-29 12:20:43,170 - Epoch 138 Validation set [recall@5: 0.0639 recall@10: 0.0999 recall@20: 0.1497 ] [ndcg@5: 0.0627 ndcg@10: 0.0749 ndcg@20: 0.0912 ] 
2025-09-29 12:20:54,445 - Epoch 141 Validation set [recall@5: 0.0633 recall@10: 0.1005 recall@20: 0.1510 ] [ndcg@5: 0.0623 ndcg@10: 0.0752 ndcg@20: 0.0917 ] 
2025-09-29 12:21:06,016 - Epoch 144 Validation set [recall@5: 0.0636 recall@10: 0.0999 recall@20: 0.1518 ] [ndcg@5: 0.0628 ndcg@10: 0.0754 ndcg@20: 0.0922 ] 
2025-09-29 12:21:18,621 - Epoch 147 Validation set [recall@5: 0.0647 recall@10: 0.1021 recall@20: 0.1517 ] [ndcg@5: 0.0631 ndcg@10: 0.0761 ndcg@20: 0.0922 ] 
2025-09-29 12:21:31,294 - Epoch 150 Validation set [recall@5: 0.0648 recall@10: 0.1019 recall@20: 0.1520 ] [ndcg@5: 0.0634 ndcg@10: 0.0763 ndcg@20: 0.0926 ] 
2025-09-29 12:21:43,232 - Epoch 153 Validation set [recall@5: 0.0644 recall@10: 0.1030 recall@20: 0.1520 ] [ndcg@5: 0.0630 ndcg@10: 0.0767 ndcg@20: 0.0928 ] 
2025-09-29 12:21:58,554 - Epoch 156 Validation set [recall@5: 0.0650 recall@10: 0.1032 recall@20: 0.1531 ] [ndcg@5: 0.0636 ndcg@10: 0.0771 ndcg@20: 0.0935 ] 
2025-09-29 12:22:13,912 - Epoch 159 Validation set [recall@5: 0.0660 recall@10: 0.1030 recall@20: 0.1531 ] [ndcg@5: 0.0644 ndcg@10: 0.0773 ndcg@20: 0.0938 ] 
2025-09-29 12:22:28,175 - Epoch 162 Validation set [recall@5: 0.0660 recall@10: 0.1033 recall@20: 0.1536 ] [ndcg@5: 0.0644 ndcg@10: 0.0773 ndcg@20: 0.0937 ] 
2025-09-29 12:22:43,335 - Epoch 165 Validation set [recall@5: 0.0659 recall@10: 0.1036 recall@20: 0.1542 ] [ndcg@5: 0.0644 ndcg@10: 0.0776 ndcg@20: 0.0942 ] 
2025-09-29 12:22:57,585 - Epoch 168 Validation set [recall@5: 0.0664 recall@10: 0.1040 recall@20: 0.1547 ] [ndcg@5: 0.0646 ndcg@10: 0.0777 ndcg@20: 0.0943 ] 
2025-09-29 12:23:08,131 - Epoch 171 Validation set [recall@5: 0.0664 recall@10: 0.1038 recall@20: 0.1549 ] [ndcg@5: 0.0647 ndcg@10: 0.0779 ndcg@20: 0.0946 ] 
2025-09-29 12:23:23,426 - Epoch 174 Validation set [recall@5: 0.0666 recall@10: 0.1047 recall@20: 0.1545 ] [ndcg@5: 0.0652 ndcg@10: 0.0784 ndcg@20: 0.0948 ] 
2025-09-29 12:23:37,739 - Epoch 177 Validation set [recall@5: 0.0668 recall@10: 0.1042 recall@20: 0.1549 ] [ndcg@5: 0.0656 ndcg@10: 0.0785 ndcg@20: 0.0951 ] 
2025-09-29 12:23:49,374 - Epoch 180 Validation set [recall@5: 0.0664 recall@10: 0.1048 recall@20: 0.1560 ] [ndcg@5: 0.0654 ndcg@10: 0.0788 ndcg@20: 0.0954 ] 
2025-09-29 12:24:04,064 - Epoch 183 Validation set [recall@5: 0.0664 recall@10: 0.1051 recall@20: 0.1567 ] [ndcg@5: 0.0654 ndcg@10: 0.0788 ndcg@20: 0.0956 ] 
2025-09-29 12:24:18,322 - Epoch 186 Validation set [recall@5: 0.0674 recall@10: 0.1056 recall@20: 0.1565 ] [ndcg@5: 0.0661 ndcg@10: 0.0794 ndcg@20: 0.0961 ] 
2025-09-29 12:24:35,459 - Epoch 189 Validation set [recall@5: 0.0679 recall@10: 0.1065 recall@20: 0.1573 ] [ndcg@5: 0.0664 ndcg@10: 0.0797 ndcg@20: 0.0963 ] 
2025-09-29 12:24:50,628 - Epoch 192 Validation set [recall@5: 0.0679 recall@10: 0.1070 recall@20: 0.1576 ] [ndcg@5: 0.0661 ndcg@10: 0.0798 ndcg@20: 0.0963 ] 
2025-09-29 12:25:04,674 - Epoch 195 Validation set [recall@5: 0.0677 recall@10: 0.1068 recall@20: 0.1592 ] [ndcg@5: 0.0666 ndcg@10: 0.0802 ndcg@20: 0.0973 ] 
2025-09-29 12:25:17,601 - Epoch 198 Validation set [recall@5: 0.0678 recall@10: 0.1069 recall@20: 0.1586 ] [ndcg@5: 0.0666 ndcg@10: 0.0801 ndcg@20: 0.0970 ] 
2025-09-29 12:25:27,145 - Epoch 201 Validation set [recall@5: 0.0682 recall@10: 0.1074 recall@20: 0.1589 ] [ndcg@5: 0.0668 ndcg@10: 0.0803 ndcg@20: 0.0973 ] 
2025-09-29 12:25:39,825 - Epoch 204 Validation set [recall@5: 0.0676 recall@10: 0.1069 recall@20: 0.1591 ] [ndcg@5: 0.0667 ndcg@10: 0.0805 ndcg@20: 0.0978 ] 
2025-09-29 12:25:51,715 - Epoch 207 Validation set [recall@5: 0.0685 recall@10: 0.1076 recall@20: 0.1597 ] [ndcg@5: 0.0670 ndcg@10: 0.0806 ndcg@20: 0.0978 ] 
2025-09-29 12:26:01,839 - Epoch 210 Validation set [recall@5: 0.0685 recall@10: 0.1079 recall@20: 0.1601 ] [ndcg@5: 0.0673 ndcg@10: 0.0809 ndcg@20: 0.0982 ] 
2025-09-29 12:26:14,684 - Epoch 213 Validation set [recall@5: 0.0682 recall@10: 0.1080 recall@20: 0.1604 ] [ndcg@5: 0.0675 ndcg@10: 0.0813 ndcg@20: 0.0984 ] 
2025-09-29 12:26:28,208 - Epoch 216 Validation set [recall@5: 0.0692 recall@10: 0.1076 recall@20: 0.1605 ] [ndcg@5: 0.0679 ndcg@10: 0.0811 ndcg@20: 0.0984 ] 
2025-09-29 12:26:43,469 - Epoch 219 Validation set [recall@5: 0.0685 recall@10: 0.1080 recall@20: 0.1608 ] [ndcg@5: 0.0673 ndcg@10: 0.0810 ndcg@20: 0.0984 ] 
2025-09-29 12:26:57,835 - Epoch 222 Validation set [recall@5: 0.0681 recall@10: 0.1077 recall@20: 0.1610 ] [ndcg@5: 0.0671 ndcg@10: 0.0811 ndcg@20: 0.0985 ] 
2025-09-29 12:27:08,107 - Epoch 225 Validation set [recall@5: 0.0679 recall@10: 0.1081 recall@20: 0.1611 ] [ndcg@5: 0.0671 ndcg@10: 0.0811 ndcg@20: 0.0985 ] 
2025-09-29 12:27:22,294 - Epoch 228 Validation set [recall@5: 0.0687 recall@10: 0.1080 recall@20: 0.1613 ] [ndcg@5: 0.0679 ndcg@10: 0.0816 ndcg@20: 0.0989 ] 
2025-09-29 12:27:35,932 - Epoch 231 Validation set [recall@5: 0.0688 recall@10: 0.1090 recall@20: 0.1620 ] [ndcg@5: 0.0678 ndcg@10: 0.0820 ndcg@20: 0.0992 ] 
2025-09-29 12:27:47,736 - Epoch 234 Validation set [recall@5: 0.0696 recall@10: 0.1087 recall@20: 0.1617 ] [ndcg@5: 0.0683 ndcg@10: 0.0820 ndcg@20: 0.0992 ] 
2025-09-29 12:28:01,038 - Epoch 237 Validation set [recall@5: 0.0696 recall@10: 0.1095 recall@20: 0.1613 ] [ndcg@5: 0.0685 ndcg@10: 0.0823 ndcg@20: 0.0991 ] 
2025-09-29 12:28:15,616 - Epoch 240 Validation set [recall@5: 0.0694 recall@10: 0.1091 recall@20: 0.1616 ] [ndcg@5: 0.0685 ndcg@10: 0.0823 ndcg@20: 0.0995 ] 
2025-09-29 12:28:28,199 - Epoch 243 Validation set [recall@5: 0.0697 recall@10: 0.1086 recall@20: 0.1621 ] [ndcg@5: 0.0686 ndcg@10: 0.0822 ndcg@20: 0.0997 ] 
2025-09-29 12:28:41,423 - Epoch 246 Validation set [recall@5: 0.0703 recall@10: 0.1085 recall@20: 0.1623 ] [ndcg@5: 0.0689 ndcg@10: 0.0820 ndcg@20: 0.0997 ] 
2025-09-29 12:28:56,346 - Epoch 249 Validation set [recall@5: 0.0701 recall@10: 0.1088 recall@20: 0.1639 ] [ndcg@5: 0.0688 ndcg@10: 0.0823 ndcg@20: 0.1002 ] 
2025-09-29 12:29:07,963 - Epoch 252 Validation set [recall@5: 0.0704 recall@10: 0.1092 recall@20: 0.1628 ] [ndcg@5: 0.0688 ndcg@10: 0.0822 ndcg@20: 0.0997 ] 
2025-09-29 12:29:21,604 - Epoch 255 Validation set [recall@5: 0.0700 recall@10: 0.1087 recall@20: 0.1631 ] [ndcg@5: 0.0687 ndcg@10: 0.0821 ndcg@20: 0.0999 ] 
2025-09-29 12:29:34,725 - Epoch 258 Validation set [recall@5: 0.0701 recall@10: 0.1089 recall@20: 0.1637 ] [ndcg@5: 0.0693 ndcg@10: 0.0826 ndcg@20: 0.1005 ] 
2025-09-29 12:29:46,535 - Epoch 261 Validation set [recall@5: 0.0695 recall@10: 0.1089 recall@20: 0.1649 ] [ndcg@5: 0.0689 ndcg@10: 0.0826 ndcg@20: 0.1008 ] 
2025-09-29 12:29:58,192 - Epoch 264 Validation set [recall@5: 0.0700 recall@10: 0.1100 recall@20: 0.1647 ] [ndcg@5: 0.0696 ndcg@10: 0.0834 ndcg@20: 0.1012 ] 
2025-09-29 12:30:08,284 - Epoch 267 Validation set [recall@5: 0.0706 recall@10: 0.1104 recall@20: 0.1649 ] [ndcg@5: 0.0693 ndcg@10: 0.0833 ndcg@20: 0.1009 ] 
2025-09-29 12:30:20,743 - Epoch 270 Validation set [recall@5: 0.0710 recall@10: 0.1095 recall@20: 0.1658 ] [ndcg@5: 0.0696 ndcg@10: 0.0830 ndcg@20: 0.1013 ] 
2025-09-29 12:30:31,689 - Epoch 273 Validation set [recall@5: 0.0708 recall@10: 0.1098 recall@20: 0.1657 ] [ndcg@5: 0.0697 ndcg@10: 0.0833 ndcg@20: 0.1015 ] 
2025-09-29 12:30:43,327 - Epoch 276 Validation set [recall@5: 0.0706 recall@10: 0.1094 recall@20: 0.1655 ] [ndcg@5: 0.0697 ndcg@10: 0.0832 ndcg@20: 0.1013 ] 
2025-09-29 12:30:54,579 - Epoch 279 Validation set [recall@5: 0.0710 recall@10: 0.1080 recall@20: 0.1663 ] [ndcg@5: 0.0700 ndcg@10: 0.0827 ndcg@20: 0.1015 ] 
2025-09-29 12:31:06,896 - Epoch 282 Validation set [recall@5: 0.0712 recall@10: 0.1093 recall@20: 0.1665 ] [ndcg@5: 0.0700 ndcg@10: 0.0831 ndcg@20: 0.1017 ] 
2025-09-29 12:31:17,950 - Epoch 285 Validation set [recall@5: 0.0720 recall@10: 0.1098 recall@20: 0.1660 ] [ndcg@5: 0.0704 ndcg@10: 0.0834 ndcg@20: 0.1016 ] 
2025-09-29 12:31:31,993 - Epoch 288 Validation set [recall@5: 0.0710 recall@10: 0.1093 recall@20: 0.1664 ] [ndcg@5: 0.0697 ndcg@10: 0.0830 ndcg@20: 0.1016 ] 
2025-09-29 12:31:44,799 - Epoch 291 Validation set [recall@5: 0.0711 recall@10: 0.1101 recall@20: 0.1667 ] [ndcg@5: 0.0700 ndcg@10: 0.0836 ndcg@20: 0.1020 ] 
2025-09-29 12:31:57,662 - Epoch 294 Validation set [recall@5: 0.0708 recall@10: 0.1097 recall@20: 0.1670 ] [ndcg@5: 0.0702 ndcg@10: 0.0838 ndcg@20: 0.1023 ] 
2025-09-29 12:32:10,668 - Epoch 297 Validation set [recall@5: 0.0713 recall@10: 0.1090 recall@20: 0.1663 ] [ndcg@5: 0.0703 ndcg@10: 0.0834 ndcg@20: 0.1020 ] 
2025-09-29 12:32:24,742 - Epoch 300 Validation set [recall@5: 0.0721 recall@10: 0.1094 recall@20: 0.1667 ] [ndcg@5: 0.0707 ndcg@10: 0.0835 ndcg@20: 0.1022 ] 
2025-09-29 12:32:37,442 - Epoch 303 Validation set [recall@5: 0.0719 recall@10: 0.1102 recall@20: 0.1674 ] [ndcg@5: 0.0704 ndcg@10: 0.0837 ndcg@20: 0.1022 ] 
2025-09-29 12:32:51,543 - Epoch 306 Validation set [recall@5: 0.0720 recall@10: 0.1100 recall@20: 0.1665 ] [ndcg@5: 0.0708 ndcg@10: 0.0839 ndcg@20: 0.1023 ] 
2025-09-29 12:33:05,388 - Epoch 309 Validation set [recall@5: 0.0717 recall@10: 0.1100 recall@20: 0.1669 ] [ndcg@5: 0.0706 ndcg@10: 0.0840 ndcg@20: 0.1024 ] 
2025-09-29 12:33:18,632 - Epoch 312 Validation set [recall@5: 0.0719 recall@10: 0.1106 recall@20: 0.1655 ] [ndcg@5: 0.0704 ndcg@10: 0.0839 ndcg@20: 0.1018 ] 
2025-09-29 12:33:31,975 - Epoch 315 Validation set [recall@5: 0.0721 recall@10: 0.1109 recall@20: 0.1661 ] [ndcg@5: 0.0705 ndcg@10: 0.0839 ndcg@20: 0.1018 ] 
2025-09-29 12:33:45,687 - Epoch 318 Validation set [recall@5: 0.0719 recall@10: 0.1106 recall@20: 0.1653 ] [ndcg@5: 0.0707 ndcg@10: 0.0839 ndcg@20: 0.1018 ] 
2025-09-29 12:33:47,085 - [recall@5: 0.0719 recall@10: 0.1102 recall@20: 0.1674 ] [ndcg@5: 0.0704 ndcg@10: 0.0837 ndcg@20: 0.1022 ] 
2025-09-29 12:33:48,493 - [recall@5: 0.0707 recall@10: 0.1077 recall@20: 0.1628 ] [ndcg@5: 0.0710 ndcg@10: 0.0834 ndcg@20: 0.1013 ] 
2025-09-29 12:33:48,504 - Save model parameters to ./encoder/checkpoint/lightgcn_gene/lightgcn_gene-amazon-2023.pth
2025-09-29 12:33:48,505 - Best Epoch 303. Final test result: {'recall': array([0.07071359, 0.10772153, 0.16277462]), 'ndcg': array([0.07097258, 0.08341746, 0.10125916])}.
