2025-09-29 14:53:56,780 - {'optimizer': {'name': 'adam', 'lr': 0.001, 'weight_decay': 0}, 'train': {'epoch': 3000, 'batch_size': 4096, 'save_model': True, 'loss': 'pairwise', 'log_loss': False, 'test_step': 3, 'reproducible': True, 'seed': 2023, 'patience': 5}, 'test': {'metrics': ['recall', 'ndcg'], 'k': [5, 10, 20], 'batch_size': 1024}, 'data': {'type': 'general_cf', 'name': 'Office', 'user_num': 6338, 'item_num': 4461}, 'model': {'name': 'lightgcn_gene', 'keep_rate': 0.8, 'embedding_size': 64, 'layer_num': 3, 'reg_weight': 1e-07, 'mask_ratio': 0.1, 'recon_weight': 0.1, 're_temperature': 0.2, 'amazon': {'layer_num': 2, 'reg_weight': 1e-07, 'mask_ratio': 0.15, 'recon_weight': 0.1, 're_temperature': 0.5}, 'yelp': {'layer_num': 2, 'reg_weight': 1e-07, 'mask_ratio': 0.05, 'recon_weight': 0.01, 're_temperature': 0.1}, 'steam': {'layer_num': 2, 'reg_weight': 1e-06, 'mask_ratio': 0.15, 'recon_weight': 0.1, 're_temperature': 0.5}}}
2025-09-29 14:53:58,652 - Epoch   0 Validation set [recall@5: 0.0039 recall@10: 0.0074 recall@20: 0.0130 ] [ndcg@5: 0.0033 ndcg@10: 0.0048 ndcg@20: 0.0066 ] 
2025-09-29 14:54:00,372 - Epoch   3 Validation set [recall@5: 0.0222 recall@10: 0.0376 recall@20: 0.0616 ] [ndcg@5: 0.0180 ndcg@10: 0.0243 ndcg@20: 0.0322 ] 
2025-09-29 14:54:01,968 - Epoch   6 Validation set [recall@5: 0.0213 recall@10: 0.0373 recall@20: 0.0588 ] [ndcg@5: 0.0175 ndcg@10: 0.0241 ndcg@20: 0.0311 ] 
2025-09-29 14:54:03,566 - Epoch   9 Validation set [recall@5: 0.0211 recall@10: 0.0381 recall@20: 0.0616 ] [ndcg@5: 0.0178 ndcg@10: 0.0248 ndcg@20: 0.0325 ] 
2025-09-29 14:54:05,094 - Epoch  12 Validation set [recall@5: 0.0232 recall@10: 0.0412 recall@20: 0.0671 ] [ndcg@5: 0.0195 ndcg@10: 0.0270 ndcg@20: 0.0355 ] 
2025-09-29 14:54:06,600 - Epoch  15 Validation set [recall@5: 0.0259 recall@10: 0.0432 recall@20: 0.0710 ] [ndcg@5: 0.0215 ndcg@10: 0.0287 ndcg@20: 0.0378 ] 
2025-09-29 14:54:08,065 - Epoch  18 Validation set [recall@5: 0.0276 recall@10: 0.0442 recall@20: 0.0741 ] [ndcg@5: 0.0231 ndcg@10: 0.0299 ndcg@20: 0.0398 ] 
2025-09-29 14:54:09,599 - Epoch  21 Validation set [recall@5: 0.0292 recall@10: 0.0459 recall@20: 0.0773 ] [ndcg@5: 0.0246 ndcg@10: 0.0313 ndcg@20: 0.0416 ] 
2025-09-29 14:54:11,138 - Epoch  24 Validation set [recall@5: 0.0302 recall@10: 0.0479 recall@20: 0.0810 ] [ndcg@5: 0.0254 ndcg@10: 0.0324 ndcg@20: 0.0433 ] 
2025-09-29 14:54:12,631 - Epoch  27 Validation set [recall@5: 0.0309 recall@10: 0.0500 recall@20: 0.0826 ] [ndcg@5: 0.0262 ndcg@10: 0.0338 ndcg@20: 0.0446 ] 
2025-09-29 14:54:14,143 - Epoch  30 Validation set [recall@5: 0.0320 recall@10: 0.0525 recall@20: 0.0840 ] [ndcg@5: 0.0273 ndcg@10: 0.0355 ndcg@20: 0.0459 ] 
2025-09-29 14:54:15,815 - Epoch  33 Validation set [recall@5: 0.0338 recall@10: 0.0528 recall@20: 0.0855 ] [ndcg@5: 0.0285 ndcg@10: 0.0361 ndcg@20: 0.0469 ] 
2025-09-29 14:54:17,566 - Epoch  36 Validation set [recall@5: 0.0349 recall@10: 0.0560 recall@20: 0.0866 ] [ndcg@5: 0.0297 ndcg@10: 0.0381 ndcg@20: 0.0481 ] 
2025-09-29 14:54:19,293 - Epoch  39 Validation set [recall@5: 0.0351 recall@10: 0.0562 recall@20: 0.0874 ] [ndcg@5: 0.0301 ndcg@10: 0.0386 ndcg@20: 0.0488 ] 
2025-09-29 14:54:20,980 - Epoch  42 Validation set [recall@5: 0.0358 recall@10: 0.0578 recall@20: 0.0885 ] [ndcg@5: 0.0305 ndcg@10: 0.0393 ndcg@20: 0.0494 ] 
2025-09-29 14:54:22,754 - Epoch  45 Validation set [recall@5: 0.0364 recall@10: 0.0586 recall@20: 0.0887 ] [ndcg@5: 0.0309 ndcg@10: 0.0398 ndcg@20: 0.0498 ] 
2025-09-29 14:54:24,474 - Epoch  48 Validation set [recall@5: 0.0367 recall@10: 0.0591 recall@20: 0.0900 ] [ndcg@5: 0.0312 ndcg@10: 0.0402 ndcg@20: 0.0504 ] 
2025-09-29 14:54:26,202 - Epoch  51 Validation set [recall@5: 0.0371 recall@10: 0.0602 recall@20: 0.0908 ] [ndcg@5: 0.0321 ndcg@10: 0.0413 ndcg@20: 0.0514 ] 
2025-09-29 14:54:27,930 - Epoch  54 Validation set [recall@5: 0.0370 recall@10: 0.0601 recall@20: 0.0922 ] [ndcg@5: 0.0322 ndcg@10: 0.0416 ndcg@20: 0.0522 ] 
2025-09-29 14:54:29,603 - Epoch  57 Validation set [recall@5: 0.0372 recall@10: 0.0602 recall@20: 0.0933 ] [ndcg@5: 0.0326 ndcg@10: 0.0419 ndcg@20: 0.0528 ] 
2025-09-29 14:54:31,143 - Epoch  60 Validation set [recall@5: 0.0379 recall@10: 0.0598 recall@20: 0.0931 ] [ndcg@5: 0.0333 ndcg@10: 0.0421 ndcg@20: 0.0531 ] 
2025-09-29 14:54:32,670 - Epoch  63 Validation set [recall@5: 0.0383 recall@10: 0.0603 recall@20: 0.0935 ] [ndcg@5: 0.0336 ndcg@10: 0.0425 ndcg@20: 0.0535 ] 
2025-09-29 14:54:34,186 - Epoch  66 Validation set [recall@5: 0.0384 recall@10: 0.0605 recall@20: 0.0942 ] [ndcg@5: 0.0339 ndcg@10: 0.0429 ndcg@20: 0.0540 ] 
2025-09-29 14:54:35,754 - Epoch  69 Validation set [recall@5: 0.0384 recall@10: 0.0612 recall@20: 0.0946 ] [ndcg@5: 0.0341 ndcg@10: 0.0433 ndcg@20: 0.0543 ] 
2025-09-29 14:54:37,263 - Epoch  72 Validation set [recall@5: 0.0386 recall@10: 0.0612 recall@20: 0.0943 ] [ndcg@5: 0.0339 ndcg@10: 0.0431 ndcg@20: 0.0541 ] 
2025-09-29 14:54:38,925 - Epoch  75 Validation set [recall@5: 0.0394 recall@10: 0.0608 recall@20: 0.0952 ] [ndcg@5: 0.0345 ndcg@10: 0.0432 ndcg@20: 0.0545 ] 
2025-09-29 14:54:40,653 - Epoch  78 Validation set [recall@5: 0.0394 recall@10: 0.0613 recall@20: 0.0955 ] [ndcg@5: 0.0343 ndcg@10: 0.0432 ndcg@20: 0.0545 ] 
2025-09-29 14:54:42,389 - Epoch  81 Validation set [recall@5: 0.0397 recall@10: 0.0612 recall@20: 0.0952 ] [ndcg@5: 0.0345 ndcg@10: 0.0433 ndcg@20: 0.0545 ] 
2025-09-29 14:54:44,116 - Epoch  84 Validation set [recall@5: 0.0400 recall@10: 0.0616 recall@20: 0.0941 ] [ndcg@5: 0.0349 ndcg@10: 0.0436 ndcg@20: 0.0544 ] 
2025-09-29 14:54:45,838 - Epoch  87 Validation set [recall@5: 0.0397 recall@10: 0.0616 recall@20: 0.0942 ] [ndcg@5: 0.0347 ndcg@10: 0.0436 ndcg@20: 0.0544 ] 
2025-09-29 14:54:47,715 - Epoch  90 Validation set [recall@5: 0.0404 recall@10: 0.0614 recall@20: 0.0939 ] [ndcg@5: 0.0350 ndcg@10: 0.0436 ndcg@20: 0.0544 ] 
2025-09-29 14:54:49,794 - Epoch  93 Validation set [recall@5: 0.0407 recall@10: 0.0609 recall@20: 0.0941 ] [ndcg@5: 0.0352 ndcg@10: 0.0435 ndcg@20: 0.0545 ] 
2025-09-29 14:54:50,618 - [recall@5: 0.0394 recall@10: 0.0613 recall@20: 0.0955 ] [ndcg@5: 0.0343 ndcg@10: 0.0432 ndcg@20: 0.0545 ] 
2025-09-29 14:54:51,431 - [recall@5: 0.0354 recall@10: 0.0574 recall@20: 0.0874 ] [ndcg@5: 0.0341 ndcg@10: 0.0436 ndcg@20: 0.0547 ] 
2025-09-29 14:54:51,442 - Save model parameters to ./encoder/checkpoint/lightgcn_gene/lightgcn_gene-Office-2023.pth
2025-09-29 14:54:51,443 - Best Epoch 78. Final test result: {'recall': array([0.03540392, 0.05737743, 0.08738867]), 'ndcg': array([0.03408631, 0.04358236, 0.05466864])}.
