2025-09-29 15:13:28,814 - {'optimizer': {'name': 'adam', 'lr': 0.001, 'weight_decay': 0}, 'train': {'epoch': 3000, 'batch_size': 4096, 'save_model': True, 'loss': 'pairwise', 'log_loss': False, 'test_step': 3, 'reproducible': True, 'seed': 2023, 'patience': 5}, 'test': {'metrics': ['recall', 'ndcg'], 'k': [5, 10, 20], 'batch_size': 1024}, 'data': {'type': 'general_cf', 'name': 'yelp', 'user_num': 11091, 'item_num': 11010}, 'model': {'name': 'lightgcn_gene', 'keep_rate': 0.8, 'embedding_size': 64, 'layer_num': 2, 'reg_weight': 1e-07, 'mask_ratio': 0.05, 'recon_weight': 0.01, 're_temperature': 0.1, 'amazon': {'layer_num': 2, 'reg_weight': 1e-07, 'mask_ratio': 0.15, 'recon_weight': 0.1, 're_temperature': 0.5}, 'yelp': {'layer_num': 2, 'reg_weight': 1e-07, 'mask_ratio': 0.05, 'recon_weight': 0.01, 're_temperature': 0.1}, 'steam': {'layer_num': 2, 'reg_weight': 1e-06, 'mask_ratio': 0.15, 'recon_weight': 0.1, 're_temperature': 0.5}}}
2025-09-29 15:13:33,189 - Epoch   0 Validation set [recall@5: 0.0300 recall@10: 0.0505 recall@20: 0.0817 ] [ndcg@5: 0.0368 ndcg@10: 0.0428 ndcg@20: 0.0533 ] 
2025-09-29 15:13:39,867 - Epoch   3 Validation set [recall@5: 0.0309 recall@10: 0.0527 recall@20: 0.0862 ] [ndcg@5: 0.0377 ndcg@10: 0.0443 ndcg@20: 0.0554 ] 
2025-09-29 15:13:46,585 - Epoch   6 Validation set [recall@5: 0.0317 recall@10: 0.0541 recall@20: 0.0872 ] [ndcg@5: 0.0382 ndcg@10: 0.0451 ndcg@20: 0.0562 ] 
2025-09-29 15:13:53,454 - Epoch   9 Validation set [recall@5: 0.0326 recall@10: 0.0540 recall@20: 0.0889 ] [ndcg@5: 0.0388 ndcg@10: 0.0452 ndcg@20: 0.0570 ] 
2025-09-29 15:14:00,402 - Epoch  12 Validation set [recall@5: 0.0331 recall@10: 0.0555 recall@20: 0.0908 ] [ndcg@5: 0.0390 ndcg@10: 0.0460 ndcg@20: 0.0578 ] 
2025-09-29 15:14:06,887 - Epoch  15 Validation set [recall@5: 0.0337 recall@10: 0.0569 recall@20: 0.0926 ] [ndcg@5: 0.0397 ndcg@10: 0.0469 ndcg@20: 0.0589 ] 
2025-09-29 15:14:13,476 - Epoch  18 Validation set [recall@5: 0.0338 recall@10: 0.0572 recall@20: 0.0931 ] [ndcg@5: 0.0403 ndcg@10: 0.0475 ndcg@20: 0.0597 ] 
2025-09-29 15:14:20,012 - Epoch  21 Validation set [recall@5: 0.0336 recall@10: 0.0585 recall@20: 0.0945 ] [ndcg@5: 0.0404 ndcg@10: 0.0483 ndcg@20: 0.0604 ] 
2025-09-29 15:14:26,135 - Epoch  24 Validation set [recall@5: 0.0343 recall@10: 0.0593 recall@20: 0.0957 ] [ndcg@5: 0.0412 ndcg@10: 0.0491 ndcg@20: 0.0613 ] 
2025-09-29 15:14:31,846 - Epoch  27 Validation set [recall@5: 0.0345 recall@10: 0.0595 recall@20: 0.0975 ] [ndcg@5: 0.0418 ndcg@10: 0.0497 ndcg@20: 0.0624 ] 
2025-09-29 15:14:37,955 - Epoch  30 Validation set [recall@5: 0.0352 recall@10: 0.0605 recall@20: 0.0990 ] [ndcg@5: 0.0424 ndcg@10: 0.0502 ndcg@20: 0.0632 ] 
2025-09-29 15:14:44,809 - Epoch  33 Validation set [recall@5: 0.0363 recall@10: 0.0609 recall@20: 0.1003 ] [ndcg@5: 0.0430 ndcg@10: 0.0506 ndcg@20: 0.0638 ] 
2025-09-29 15:14:51,418 - Epoch  36 Validation set [recall@5: 0.0366 recall@10: 0.0614 recall@20: 0.1012 ] [ndcg@5: 0.0437 ndcg@10: 0.0513 ndcg@20: 0.0647 ] 
2025-09-29 15:14:57,905 - Epoch  39 Validation set [recall@5: 0.0377 recall@10: 0.0621 recall@20: 0.1025 ] [ndcg@5: 0.0440 ndcg@10: 0.0515 ndcg@20: 0.0652 ] 
2025-09-29 15:15:03,392 - Epoch  42 Validation set [recall@5: 0.0378 recall@10: 0.0629 recall@20: 0.1044 ] [ndcg@5: 0.0443 ndcg@10: 0.0521 ndcg@20: 0.0662 ] 
2025-09-29 15:15:08,965 - Epoch  45 Validation set [recall@5: 0.0379 recall@10: 0.0635 recall@20: 0.1056 ] [ndcg@5: 0.0443 ndcg@10: 0.0524 ndcg@20: 0.0666 ] 
2025-09-29 15:15:15,507 - Epoch  48 Validation set [recall@5: 0.0379 recall@10: 0.0635 recall@20: 0.1051 ] [ndcg@5: 0.0444 ndcg@10: 0.0526 ndcg@20: 0.0667 ] 
2025-09-29 15:15:22,493 - Epoch  51 Validation set [recall@5: 0.0388 recall@10: 0.0638 recall@20: 0.1061 ] [ndcg@5: 0.0452 ndcg@10: 0.0530 ndcg@20: 0.0674 ] 
2025-09-29 15:15:28,225 - Epoch  54 Validation set [recall@5: 0.0389 recall@10: 0.0643 recall@20: 0.1077 ] [ndcg@5: 0.0452 ndcg@10: 0.0533 ndcg@20: 0.0679 ] 
2025-09-29 15:15:34,571 - Epoch  57 Validation set [recall@5: 0.0392 recall@10: 0.0650 recall@20: 0.1073 ] [ndcg@5: 0.0458 ndcg@10: 0.0539 ndcg@20: 0.0682 ] 
2025-09-29 15:15:41,289 - Epoch  60 Validation set [recall@5: 0.0392 recall@10: 0.0662 recall@20: 0.1089 ] [ndcg@5: 0.0460 ndcg@10: 0.0547 ndcg@20: 0.0692 ] 
2025-09-29 15:15:49,217 - Epoch  63 Validation set [recall@5: 0.0404 recall@10: 0.0659 recall@20: 0.1092 ] [ndcg@5: 0.0467 ndcg@10: 0.0546 ndcg@20: 0.0693 ] 
2025-09-29 15:15:54,910 - Epoch  66 Validation set [recall@5: 0.0399 recall@10: 0.0663 recall@20: 0.1105 ] [ndcg@5: 0.0468 ndcg@10: 0.0551 ndcg@20: 0.0701 ] 
2025-09-29 15:16:00,725 - Epoch  69 Validation set [recall@5: 0.0407 recall@10: 0.0671 recall@20: 0.1107 ] [ndcg@5: 0.0477 ndcg@10: 0.0559 ndcg@20: 0.0706 ] 
2025-09-29 15:16:06,739 - Epoch  72 Validation set [recall@5: 0.0409 recall@10: 0.0681 recall@20: 0.1125 ] [ndcg@5: 0.0479 ndcg@10: 0.0563 ndcg@20: 0.0714 ] 
2025-09-29 15:16:12,380 - Epoch  75 Validation set [recall@5: 0.0412 recall@10: 0.0688 recall@20: 0.1133 ] [ndcg@5: 0.0481 ndcg@10: 0.0567 ndcg@20: 0.0719 ] 
2025-09-29 15:16:18,105 - Epoch  78 Validation set [recall@5: 0.0417 recall@10: 0.0696 recall@20: 0.1143 ] [ndcg@5: 0.0487 ndcg@10: 0.0572 ndcg@20: 0.0724 ] 
2025-09-29 15:16:24,090 - Epoch  81 Validation set [recall@5: 0.0413 recall@10: 0.0710 recall@20: 0.1141 ] [ndcg@5: 0.0486 ndcg@10: 0.0581 ndcg@20: 0.0726 ] 
2025-09-29 15:16:30,828 - Epoch  84 Validation set [recall@5: 0.0424 recall@10: 0.0716 recall@20: 0.1140 ] [ndcg@5: 0.0494 ndcg@10: 0.0585 ndcg@20: 0.0730 ] 
2025-09-29 15:16:37,489 - Epoch  87 Validation set [recall@5: 0.0424 recall@10: 0.0712 recall@20: 0.1147 ] [ndcg@5: 0.0501 ndcg@10: 0.0590 ndcg@20: 0.0738 ] 
2025-09-29 15:16:44,216 - Epoch  90 Validation set [recall@5: 0.0434 recall@10: 0.0719 recall@20: 0.1141 ] [ndcg@5: 0.0507 ndcg@10: 0.0594 ndcg@20: 0.0738 ] 
2025-09-29 15:16:51,078 - Epoch  93 Validation set [recall@5: 0.0433 recall@10: 0.0722 recall@20: 0.1147 ] [ndcg@5: 0.0507 ndcg@10: 0.0598 ndcg@20: 0.0744 ] 
2025-09-29 15:16:58,178 - Epoch  96 Validation set [recall@5: 0.0424 recall@10: 0.0722 recall@20: 0.1156 ] [ndcg@5: 0.0508 ndcg@10: 0.0599 ndcg@20: 0.0746 ] 
2025-09-29 15:17:05,095 - Epoch  99 Validation set [recall@5: 0.0432 recall@10: 0.0727 recall@20: 0.1165 ] [ndcg@5: 0.0514 ndcg@10: 0.0602 ndcg@20: 0.0750 ] 
2025-09-29 15:17:11,334 - Epoch 102 Validation set [recall@5: 0.0433 recall@10: 0.0726 recall@20: 0.1183 ] [ndcg@5: 0.0518 ndcg@10: 0.0606 ndcg@20: 0.0760 ] 
2025-09-29 15:17:16,720 - Epoch 105 Validation set [recall@5: 0.0435 recall@10: 0.0728 recall@20: 0.1196 ] [ndcg@5: 0.0520 ndcg@10: 0.0609 ndcg@20: 0.0766 ] 
2025-09-29 15:17:23,946 - Epoch 108 Validation set [recall@5: 0.0436 recall@10: 0.0738 recall@20: 0.1191 ] [ndcg@5: 0.0519 ndcg@10: 0.0612 ndcg@20: 0.0764 ] 
2025-09-29 15:17:30,662 - Epoch 111 Validation set [recall@5: 0.0435 recall@10: 0.0735 recall@20: 0.1192 ] [ndcg@5: 0.0521 ndcg@10: 0.0614 ndcg@20: 0.0767 ] 
2025-09-29 15:17:37,529 - Epoch 114 Validation set [recall@5: 0.0440 recall@10: 0.0739 recall@20: 0.1190 ] [ndcg@5: 0.0526 ndcg@10: 0.0617 ndcg@20: 0.0769 ] 
2025-09-29 15:17:44,187 - Epoch 117 Validation set [recall@5: 0.0435 recall@10: 0.0735 recall@20: 0.1186 ] [ndcg@5: 0.0521 ndcg@10: 0.0614 ndcg@20: 0.0767 ] 
2025-09-29 15:17:50,697 - Epoch 120 Validation set [recall@5: 0.0444 recall@10: 0.0745 recall@20: 0.1194 ] [ndcg@5: 0.0526 ndcg@10: 0.0620 ndcg@20: 0.0771 ] 
2025-09-29 15:17:52,700 - [recall@5: 0.0435 recall@10: 0.0728 recall@20: 0.1196 ] [ndcg@5: 0.0520 ndcg@10: 0.0609 ndcg@20: 0.0766 ] 
2025-09-29 15:17:54,711 - [recall@5: 0.0416 recall@10: 0.0707 recall@20: 0.1175 ] [ndcg@5: 0.0490 ndcg@10: 0.0584 ndcg@20: 0.0743 ] 
2025-09-29 15:17:54,725 - Save model parameters to ./encoder/checkpoint/lightgcn_gene/lightgcn_gene-yelp-2023.pth
2025-09-29 15:17:54,725 - Best Epoch 105. Final test result: {'recall': array([0.04156089, 0.07070615, 0.11748129]), 'ndcg': array([0.04900033, 0.05844894, 0.0743165 ])}.
