2025-09-29 16:15:43,321 - {'optimizer': {'name': 'adam', 'lr': 0.001, 'weight_decay': 0}, 'train': {'epoch': 3000, 'batch_size': 4096, 'save_model': True, 'loss': 'pairwise', 'test_step': 3, 'reproducible': True, 'seed': 2023, 'patience': 5}, 'test': {'metrics': ['recall', 'ndcg'], 'k': [5, 10, 20], 'batch_size': 1024}, 'data': {'type': 'general_agcf', 'name': 'amazon', 'mat_type': 'uai', 'pre_norm': True, 'user_num': 11000, 'item_num': 9332, 'user_item_num': 20332, 'attr_num': 1978}, 'model': {'name': 'simgcl_rgcn', 'label': 'ori', 'keep_rate': 0.9, 'embedding_size': 64, 'use_unify_layer_num': True, 'layer_num': 3, 'reg_weight': 1e-05, 'cl_weight': 0.1, 'amazon': {'keep_rate': 0.9, 'layer_num': 3, 'reg_weight': 1e-05, 'eps': 0.1, 'temperature': 0.2}, 'yelp': {'keep_rate': 0.95, 'layer_num': 3, 'reg_weight': 5e-06, 'eps': 0.9, 'temperature': 0.2}, 'steam': {'layer_num': 2, 'reg_weight': 1e-06, 'eps': 0.2, 'temperature': 0.2}, 'Office': {'layer_num': 3, 'reg_weight': 1e-05, 'eps': 0.9, 'temperature': 0.2, 'cl_weight': 0.01}}}
2025-09-29 16:15:51,347 - Epoch   0 Validation set [recall@5: 0.0206 recall@10: 0.0296 recall@20: 0.0418 ] [ndcg@5: 0.0206 ndcg@10: 0.0235 ndcg@20: 0.0274 ] 
2025-09-29 16:16:06,621 - Epoch   3 Validation set [recall@5: 0.0622 recall@10: 0.0948 recall@20: 0.1330 ] [ndcg@5: 0.0613 ndcg@10: 0.0724 ndcg@20: 0.0848 ] 
2025-09-29 16:16:22,557 - Epoch   6 Validation set [recall@5: 0.0633 recall@10: 0.0963 recall@20: 0.1408 ] [ndcg@5: 0.0619 ndcg@10: 0.0733 ndcg@20: 0.0876 ] 
2025-09-29 16:16:37,698 - Epoch   9 Validation set [recall@5: 0.0693 recall@10: 0.1078 recall@20: 0.1561 ] [ndcg@5: 0.0692 ndcg@10: 0.0825 ndcg@20: 0.0981 ] 
2025-09-29 16:16:56,174 - Epoch  12 Validation set [recall@5: 0.0739 recall@10: 0.1139 recall@20: 0.1662 ] [ndcg@5: 0.0736 ndcg@10: 0.0875 ndcg@20: 0.1043 ] 
2025-09-29 16:17:13,458 - Epoch  15 Validation set [recall@5: 0.0770 recall@10: 0.1182 recall@20: 0.1717 ] [ndcg@5: 0.0764 ndcg@10: 0.0908 ndcg@20: 0.1081 ] 
2025-09-29 16:17:29,049 - Epoch  18 Validation set [recall@5: 0.0798 recall@10: 0.1220 recall@20: 0.1767 ] [ndcg@5: 0.0787 ndcg@10: 0.0933 ndcg@20: 0.1110 ] 
2025-09-29 16:17:45,329 - Epoch  21 Validation set [recall@5: 0.0815 recall@10: 0.1246 recall@20: 0.1797 ] [ndcg@5: 0.0801 ndcg@10: 0.0950 ndcg@20: 0.1127 ] 
2025-09-29 16:18:01,030 - Epoch  24 Validation set [recall@5: 0.0827 recall@10: 0.1265 recall@20: 0.1814 ] [ndcg@5: 0.0812 ndcg@10: 0.0963 ndcg@20: 0.1142 ] 
2025-09-29 16:18:16,510 - Epoch  27 Validation set [recall@5: 0.0829 recall@10: 0.1277 recall@20: 0.1818 ] [ndcg@5: 0.0815 ndcg@10: 0.0968 ndcg@20: 0.1145 ] 
2025-09-29 16:18:33,631 - Epoch  30 Validation set [recall@5: 0.0834 recall@10: 0.1285 recall@20: 0.1819 ] [ndcg@5: 0.0817 ndcg@10: 0.0973 ndcg@20: 0.1147 ] 
2025-09-29 16:18:49,018 - Epoch  33 Validation set [recall@5: 0.0837 recall@10: 0.1285 recall@20: 0.1827 ] [ndcg@5: 0.0815 ndcg@10: 0.0970 ndcg@20: 0.1148 ] 
2025-09-29 16:19:04,048 - Epoch  36 Validation set [recall@5: 0.0840 recall@10: 0.1283 recall@20: 0.1831 ] [ndcg@5: 0.0817 ndcg@10: 0.0971 ndcg@20: 0.1150 ] 
2025-09-29 16:19:20,838 - Epoch  39 Validation set [recall@5: 0.0838 recall@10: 0.1279 recall@20: 0.1840 ] [ndcg@5: 0.0819 ndcg@10: 0.0972 ndcg@20: 0.1155 ] 
2025-09-29 16:19:38,080 - Epoch  42 Validation set [recall@5: 0.0838 recall@10: 0.1290 recall@20: 0.1847 ] [ndcg@5: 0.0820 ndcg@10: 0.0977 ndcg@20: 0.1159 ] 
2025-09-29 16:19:54,654 - Epoch  45 Validation set [recall@5: 0.0835 recall@10: 0.1287 recall@20: 0.1854 ] [ndcg@5: 0.0819 ndcg@10: 0.0977 ndcg@20: 0.1163 ] 
2025-09-29 16:20:11,611 - Epoch  48 Validation set [recall@5: 0.0838 recall@10: 0.1288 recall@20: 0.1850 ] [ndcg@5: 0.0822 ndcg@10: 0.0979 ndcg@20: 0.1162 ] 
2025-09-29 16:20:26,928 - Epoch  51 Validation set [recall@5: 0.0848 recall@10: 0.1300 recall@20: 0.1847 ] [ndcg@5: 0.0830 ndcg@10: 0.0986 ndcg@20: 0.1165 ] 
2025-09-29 16:20:41,993 - Epoch  54 Validation set [recall@5: 0.0839 recall@10: 0.1296 recall@20: 0.1856 ] [ndcg@5: 0.0831 ndcg@10: 0.0988 ndcg@20: 0.1171 ] 
2025-09-29 16:20:58,253 - Epoch  57 Validation set [recall@5: 0.0843 recall@10: 0.1299 recall@20: 0.1850 ] [ndcg@5: 0.0830 ndcg@10: 0.0988 ndcg@20: 0.1168 ] 
2025-09-29 16:21:15,461 - Epoch  60 Validation set [recall@5: 0.0847 recall@10: 0.1303 recall@20: 0.1849 ] [ndcg@5: 0.0832 ndcg@10: 0.0991 ndcg@20: 0.1169 ] 
2025-09-29 16:21:31,815 - Epoch  63 Validation set [recall@5: 0.0859 recall@10: 0.1300 recall@20: 0.1850 ] [ndcg@5: 0.0838 ndcg@10: 0.0988 ndcg@20: 0.1169 ] 
2025-09-29 16:21:47,218 - Epoch  66 Validation set [recall@5: 0.0841 recall@10: 0.1301 recall@20: 0.1847 ] [ndcg@5: 0.0827 ndcg@10: 0.0985 ndcg@20: 0.1165 ] 
2025-09-29 16:22:02,123 - Epoch  69 Validation set [recall@5: 0.0840 recall@10: 0.1289 recall@20: 0.1860 ] [ndcg@5: 0.0826 ndcg@10: 0.0980 ndcg@20: 0.1168 ] 
2025-09-29 16:22:17,497 - Epoch  72 Validation set [recall@5: 0.0838 recall@10: 0.1297 recall@20: 0.1858 ] [ndcg@5: 0.0830 ndcg@10: 0.0988 ndcg@20: 0.1172 ] 
2025-09-29 16:22:32,791 - Epoch  75 Validation set [recall@5: 0.0845 recall@10: 0.1300 recall@20: 0.1861 ] [ndcg@5: 0.0832 ndcg@10: 0.0990 ndcg@20: 0.1173 ] 
2025-09-29 16:22:49,976 - Epoch  78 Validation set [recall@5: 0.0848 recall@10: 0.1303 recall@20: 0.1872 ] [ndcg@5: 0.0833 ndcg@10: 0.0990 ndcg@20: 0.1175 ] 
2025-09-29 16:23:07,233 - Epoch  81 Validation set [recall@5: 0.0852 recall@10: 0.1302 recall@20: 0.1877 ] [ndcg@5: 0.0834 ndcg@10: 0.0988 ndcg@20: 0.1176 ] 
2025-09-29 16:23:22,401 - Epoch  84 Validation set [recall@5: 0.0849 recall@10: 0.1307 recall@20: 0.1869 ] [ndcg@5: 0.0836 ndcg@10: 0.0991 ndcg@20: 0.1175 ] 
2025-09-29 16:23:37,726 - Epoch  87 Validation set [recall@5: 0.0843 recall@10: 0.1298 recall@20: 0.1875 ] [ndcg@5: 0.0835 ndcg@10: 0.0990 ndcg@20: 0.1179 ] 
2025-09-29 16:23:54,005 - Epoch  90 Validation set [recall@5: 0.0849 recall@10: 0.1292 recall@20: 0.1864 ] [ndcg@5: 0.0840 ndcg@10: 0.0989 ndcg@20: 0.1177 ] 
2025-09-29 16:24:10,080 - Epoch  93 Validation set [recall@5: 0.0843 recall@10: 0.1303 recall@20: 0.1870 ] [ndcg@5: 0.0836 ndcg@10: 0.0993 ndcg@20: 0.1178 ] 
2025-09-29 16:24:26,532 - Epoch  96 Validation set [recall@5: 0.0845 recall@10: 0.1290 recall@20: 0.1873 ] [ndcg@5: 0.0837 ndcg@10: 0.0988 ndcg@20: 0.1178 ] 
2025-09-29 16:24:28,421 - [recall@5: 0.0852 recall@10: 0.1302 recall@20: 0.1877 ] [ndcg@5: 0.0834 ndcg@10: 0.0988 ndcg@20: 0.1176 ] 
2025-09-29 16:24:30,196 - [recall@5: 0.0820 recall@10: 0.1254 recall@20: 0.1819 ] [ndcg@5: 0.0819 ndcg@10: 0.0969 ndcg@20: 0.1153 ] 
2025-09-29 16:24:30,206 - Save model parameters to ./encoder/checkpoint/simgcl_rgcn/simgcl_rgcn-amazon-2023.pth
2025-09-29 16:24:30,206 - Best Epoch 81. Final test result: {'recall': array([0.08202007, 0.12538086, 0.18191448]), 'ndcg': array([0.08188216, 0.09690612, 0.11525841])}.
