2025-09-28 21:27:49,199 - {'optimizer': {'name': 'adam', 'lr': 0.001, 'weight_decay': 0}, 'train': {'epoch': 3000, 'batch_size': 4096, 'save_model': True, 'loss': 'pairwise', 'test_step': 1, 'reproducible': True, 'seed': 2023, 'patience': 5}, 'test': {'metrics': ['recall', 'ndcg'], 'k': [5, 10, 20], 'batch_size': 1024}, 'data': {'type': 'general_agcf', 'name': 'amazon', 'mat_type': 'uai', 'pre_norm': True, 'user_num': 11000, 'item_num': 9332, 'user_item_num': 20332, 'attr_num': 1978}, 'model': {'name': 'simgcl_rgcn', 'label': 'ori', 'keep_rate': 0.9, 'embedding_size': 64, 'use_unify_layer_num': True, 'layer_num': 3, 'reg_weight': 1e-07, 'cl_weight': 0.1, 'amazon': {'keep_rate': 0.9, 'layer_num': 3, 'reg_weight': 1e-07, 'eps': 0.1, 'temperature': 0.2}, 'yelp': {'keep_rate': 0.9, 'layer_num': 3, 'reg_weight': 1e-06, 'eps': 0.9, 'temperature': 0.2}, 'steam': {'layer_num': 2, 'reg_weight': 1e-06, 'eps': 0.2, 'temperature': 0.5}, 'Office': {'layer_num': 3, 'reg_weight': 1e-05, 'eps': 0.9, 'temperature': 0.2, 'cl_weight': 0.01}}}
2025-09-28 21:28:02,236 - Epoch   0 Validation set [recall@5: 0.0199 recall@10: 0.0284 recall@20: 0.0403 ] [ndcg@5: 0.0199 ndcg@10: 0.0225 ndcg@20: 0.0263 ] 
2025-09-28 21:28:19,573 - Epoch   1 Validation set [recall@5: 0.0417 recall@10: 0.0590 recall@20: 0.0815 ] [ndcg@5: 0.0423 ndcg@10: 0.0476 ndcg@20: 0.0547 ] 
2025-09-28 21:28:41,936 - Epoch   2 Validation set [recall@5: 0.0555 recall@10: 0.0813 recall@20: 0.1150 ] [ndcg@5: 0.0549 ndcg@10: 0.0634 ndcg@20: 0.0742 ] 
2025-09-28 21:29:00,521 - Epoch   3 Validation set [recall@5: 0.0608 recall@10: 0.0929 recall@20: 0.1318 ] [ndcg@5: 0.0597 ndcg@10: 0.0706 ndcg@20: 0.0832 ] 
2025-09-28 21:29:20,397 - Epoch   4 Validation set [recall@5: 0.0603 recall@10: 0.0931 recall@20: 0.1343 ] [ndcg@5: 0.0585 ndcg@10: 0.0698 ndcg@20: 0.0832 ] 
2025-09-28 21:29:52,156 - Epoch   5 Validation set [recall@5: 0.0609 recall@10: 0.0946 recall@20: 0.1363 ] [ndcg@5: 0.0594 ndcg@10: 0.0711 ndcg@20: 0.0846 ] 
2025-09-28 21:30:13,935 - Epoch   6 Validation set [recall@5: 0.0637 recall@10: 0.0970 recall@20: 0.1418 ] [ndcg@5: 0.0623 ndcg@10: 0.0737 ndcg@20: 0.0883 ] 
2025-09-28 21:30:43,678 - Epoch   7 Validation set [recall@5: 0.0662 recall@10: 0.1007 recall@20: 0.1462 ] [ndcg@5: 0.0653 ndcg@10: 0.0770 ndcg@20: 0.0919 ] 
2025-09-28 21:31:19,942 - Epoch   8 Validation set [recall@5: 0.0683 recall@10: 0.1052 recall@20: 0.1519 ] [ndcg@5: 0.0679 ndcg@10: 0.0807 ndcg@20: 0.0958 ] 
2025-09-28 21:31:46,855 - Epoch   9 Validation set [recall@5: 0.0712 recall@10: 0.1084 recall@20: 0.1560 ] [ndcg@5: 0.0706 ndcg@10: 0.0834 ndcg@20: 0.0988 ] 
2025-09-28 21:32:06,047 - Epoch  10 Validation set [recall@5: 0.0738 recall@10: 0.1106 recall@20: 0.1592 ] [ndcg@5: 0.0728 ndcg@10: 0.0854 ndcg@20: 0.1012 ] 
2025-09-28 21:32:17,246 - Epoch  11 Validation set [recall@5: 0.0743 recall@10: 0.1133 recall@20: 0.1625 ] [ndcg@5: 0.0740 ndcg@10: 0.0874 ndcg@20: 0.1034 ] 
2025-09-28 21:32:28,441 - Epoch  12 Validation set [recall@5: 0.0755 recall@10: 0.1149 recall@20: 0.1647 ] [ndcg@5: 0.0752 ndcg@10: 0.0887 ndcg@20: 0.1049 ] 
2025-09-28 21:32:41,688 - Epoch  13 Validation set [recall@5: 0.0768 recall@10: 0.1165 recall@20: 0.1670 ] [ndcg@5: 0.0764 ndcg@10: 0.0900 ndcg@20: 0.1065 ] 
2025-09-28 21:32:57,302 - Epoch  14 Validation set [recall@5: 0.0785 recall@10: 0.1186 recall@20: 0.1682 ] [ndcg@5: 0.0774 ndcg@10: 0.0913 ndcg@20: 0.1075 ] 
2025-09-28 21:33:16,009 - Epoch  15 Validation set [recall@5: 0.0795 recall@10: 0.1208 recall@20: 0.1696 ] [ndcg@5: 0.0785 ndcg@10: 0.0928 ndcg@20: 0.1087 ] 
2025-09-28 21:33:30,240 - Epoch  16 Validation set [recall@5: 0.0806 recall@10: 0.1218 recall@20: 0.1711 ] [ndcg@5: 0.0796 ndcg@10: 0.0938 ndcg@20: 0.1098 ] 
2025-09-28 21:33:44,143 - Epoch  17 Validation set [recall@5: 0.0808 recall@10: 0.1230 recall@20: 0.1729 ] [ndcg@5: 0.0800 ndcg@10: 0.0946 ndcg@20: 0.1107 ] 
2025-09-28 21:33:58,586 - Epoch  18 Validation set [recall@5: 0.0819 recall@10: 0.1243 recall@20: 0.1740 ] [ndcg@5: 0.0809 ndcg@10: 0.0955 ndcg@20: 0.1116 ] 
2025-09-28 21:34:17,679 - Epoch  19 Validation set [recall@5: 0.0829 recall@10: 0.1250 recall@20: 0.1740 ] [ndcg@5: 0.0817 ndcg@10: 0.0961 ndcg@20: 0.1120 ] 
2025-09-28 21:34:49,101 - Epoch  20 Validation set [recall@5: 0.0837 recall@10: 0.1247 recall@20: 0.1751 ] [ndcg@5: 0.0825 ndcg@10: 0.0963 ndcg@20: 0.1128 ] 
2025-09-28 21:35:13,606 - Epoch  21 Validation set [recall@5: 0.0839 recall@10: 0.1257 recall@20: 0.1750 ] [ndcg@5: 0.0827 ndcg@10: 0.0969 ndcg@20: 0.1130 ] 
2025-09-28 21:35:46,331 - Epoch  22 Validation set [recall@5: 0.0840 recall@10: 0.1267 recall@20: 0.1755 ] [ndcg@5: 0.0832 ndcg@10: 0.0977 ndcg@20: 0.1136 ] 
2025-09-28 21:36:19,399 - Epoch  23 Validation set [recall@5: 0.0843 recall@10: 0.1272 recall@20: 0.1757 ] [ndcg@5: 0.0834 ndcg@10: 0.0980 ndcg@20: 0.1138 ] 
2025-09-28 21:36:56,264 - Epoch  24 Validation set [recall@5: 0.0845 recall@10: 0.1270 recall@20: 0.1755 ] [ndcg@5: 0.0836 ndcg@10: 0.0981 ndcg@20: 0.1139 ] 
2025-09-28 21:37:12,167 - Epoch  25 Validation set [recall@5: 0.0854 recall@10: 0.1270 recall@20: 0.1759 ] [ndcg@5: 0.0842 ndcg@10: 0.0983 ndcg@20: 0.1141 ] 
2025-09-28 21:37:22,915 - Epoch  26 Validation set [recall@5: 0.0855 recall@10: 0.1275 recall@20: 0.1762 ] [ndcg@5: 0.0843 ndcg@10: 0.0985 ndcg@20: 0.1143 ] 
2025-09-28 21:37:44,564 - Epoch  27 Validation set [recall@5: 0.0857 recall@10: 0.1282 recall@20: 0.1761 ] [ndcg@5: 0.0844 ndcg@10: 0.0989 ndcg@20: 0.1144 ] 
2025-09-28 21:38:12,616 - Epoch  28 Validation set [recall@5: 0.0848 recall@10: 0.1280 recall@20: 0.1758 ] [ndcg@5: 0.0838 ndcg@10: 0.0985 ndcg@20: 0.1142 ] 
2025-09-28 21:38:34,020 - Epoch  29 Validation set [recall@5: 0.0855 recall@10: 0.1282 recall@20: 0.1766 ] [ndcg@5: 0.0841 ndcg@10: 0.0984 ndcg@20: 0.1143 ] 
2025-09-28 21:39:09,429 - Epoch  30 Validation set [recall@5: 0.0860 recall@10: 0.1281 recall@20: 0.1771 ] [ndcg@5: 0.0841 ndcg@10: 0.0982 ndcg@20: 0.1142 ] 
2025-09-28 21:39:56,728 - Epoch  31 Validation set [recall@5: 0.0863 recall@10: 0.1282 recall@20: 0.1762 ] [ndcg@5: 0.0842 ndcg@10: 0.0983 ndcg@20: 0.1140 ] 
2025-09-28 21:40:49,669 - Epoch  32 Validation set [recall@5: 0.0862 recall@10: 0.1280 recall@20: 0.1763 ] [ndcg@5: 0.0842 ndcg@10: 0.0983 ndcg@20: 0.1141 ] 
2025-09-28 21:41:37,651 - Epoch  33 Validation set [recall@5: 0.0862 recall@10: 0.1280 recall@20: 0.1760 ] [ndcg@5: 0.0843 ndcg@10: 0.0983 ndcg@20: 0.1140 ] 
2025-09-28 21:42:21,064 - Epoch  34 Validation set [recall@5: 0.0858 recall@10: 0.1280 recall@20: 0.1759 ] [ndcg@5: 0.0841 ndcg@10: 0.0984 ndcg@20: 0.1140 ] 
2025-09-28 21:42:57,089 - Epoch  35 Validation set [recall@5: 0.0855 recall@10: 0.1284 recall@20: 0.1750 ] [ndcg@5: 0.0839 ndcg@10: 0.0984 ndcg@20: 0.1136 ] 
2025-09-28 21:42:58,426 - [recall@5: 0.0860 recall@10: 0.1281 recall@20: 0.1771 ] [ndcg@5: 0.0841 ndcg@10: 0.0982 ndcg@20: 0.1142 ] 
2025-09-28 21:42:59,911 - [recall@5: 0.0823 recall@10: 0.1220 recall@20: 0.1732 ] [ndcg@5: 0.0825 ndcg@10: 0.0956 ndcg@20: 0.1122 ] 
2025-09-28 21:42:59,918 - Save model parameters to ./encoder/checkpoint/simgcl_rgcn/simgcl_rgcn-amazon-2023.pth
2025-09-28 21:42:59,919 - Best Epoch 30. Final test result: {'recall': array([0.08230677, 0.12202204, 0.17322192]), 'ndcg': array([0.08248274, 0.09560255, 0.11216836])}.
