2025-09-28 15:33:03,314 - {'optimizer': {'name': 'adam', 'lr': 0.001, 'weight_decay': 0}, 'train': {'epoch': 3000, 'batch_size': 8192, 'save_model': True, 'loss': 'pairwise', 'test_step': 3, 'reproducible': True, 'seed': 2023, 'patience': 5}, 'test': {'metrics': ['recall', 'ndcg'], 'k': [5, 10, 20], 'batch_size': 1024}, 'data': {'type': 'general_agcf', 'name': 'amazon', 'mat_type': 'uai', 'pre_norm': True, 'user_num': 11000, 'item_num': 9332, 'user_item_num': 20332, 'attr_num': 1978}, 'model': {'name': 'simgcl_rgcn', 'label': 'ori', 'keep_rate': 1, 'embedding_size': 64, 'use_unify_layer_num': True, 'layer_num': 3, 'reg_weight': 1e-07, 'cl_weight': 0.1, 'amazon': {'keep_rate': 0.9, 'layer_num': 3, 'reg_weight': 1e-07, 'eps': 0.9, 'temperature': 0.2}, 'yelp': {'keep_rate': 1, 'layer_num': 2, 'reg_weight': 1e-06, 'eps': 0.9, 'temperature': 0.2}, 'steam': {'layer_num': 2, 'reg_weight': 1e-06, 'eps': 0.2, 'temperature': 0.5}, 'Office': {'layer_num': 3, 'reg_weight': 1e-05, 'eps': 0.9, 'temperature': 0.2, 'cl_weight': 0.01}}}
2025-09-28 15:33:08,346 - Epoch   0 Validation set [recall@5: 0.0084 recall@10: 0.0133 recall@20: 0.0213 ] [ndcg@5: 0.0089 ndcg@10: 0.0107 ndcg@20: 0.0133 ] 
2025-09-28 15:33:16,814 - Epoch   3 Validation set [recall@5: 0.0590 recall@10: 0.0868 recall@20: 0.1222 ] [ndcg@5: 0.0581 ndcg@10: 0.0674 ndcg@20: 0.0788 ] 
2025-09-28 15:33:25,300 - Epoch   6 Validation set [recall@5: 0.0612 recall@10: 0.0948 recall@20: 0.1385 ] [ndcg@5: 0.0614 ndcg@10: 0.0728 ndcg@20: 0.0869 ] 
2025-09-28 15:33:34,088 - Epoch   9 Validation set [recall@5: 0.0609 recall@10: 0.0961 recall@20: 0.1420 ] [ndcg@5: 0.0607 ndcg@10: 0.0729 ndcg@20: 0.0878 ] 
2025-09-28 15:33:42,830 - Epoch  12 Validation set [recall@5: 0.0648 recall@10: 0.1028 recall@20: 0.1499 ] [ndcg@5: 0.0645 ndcg@10: 0.0775 ndcg@20: 0.0928 ] 
2025-09-28 15:33:51,444 - Epoch  15 Validation set [recall@5: 0.0688 recall@10: 0.1069 recall@20: 0.1558 ] [ndcg@5: 0.0686 ndcg@10: 0.0817 ndcg@20: 0.0975 ] 
2025-09-28 15:33:59,969 - Epoch  18 Validation set [recall@5: 0.0714 recall@10: 0.1095 recall@20: 0.1619 ] [ndcg@5: 0.0713 ndcg@10: 0.0843 ndcg@20: 0.1012 ] 
2025-09-28 15:34:08,626 - Epoch  21 Validation set [recall@5: 0.0736 recall@10: 0.1137 recall@20: 0.1649 ] [ndcg@5: 0.0732 ndcg@10: 0.0870 ndcg@20: 0.1035 ] 
2025-09-28 15:34:17,560 - Epoch  24 Validation set [recall@5: 0.0754 recall@10: 0.1160 recall@20: 0.1659 ] [ndcg@5: 0.0746 ndcg@10: 0.0885 ndcg@20: 0.1047 ] 
2025-09-28 15:34:26,352 - Epoch  27 Validation set [recall@5: 0.0777 recall@10: 0.1165 recall@20: 0.1670 ] [ndcg@5: 0.0761 ndcg@10: 0.0894 ndcg@20: 0.1058 ] 
2025-09-28 15:34:35,303 - Epoch  30 Validation set [recall@5: 0.0794 recall@10: 0.1199 recall@20: 0.1715 ] [ndcg@5: 0.0781 ndcg@10: 0.0920 ndcg@20: 0.1086 ] 
2025-09-28 15:34:44,419 - Epoch  33 Validation set [recall@5: 0.0806 recall@10: 0.1208 recall@20: 0.1732 ] [ndcg@5: 0.0790 ndcg@10: 0.0927 ndcg@20: 0.1097 ] 
2025-09-28 15:34:53,154 - Epoch  36 Validation set [recall@5: 0.0815 recall@10: 0.1220 recall@20: 0.1740 ] [ndcg@5: 0.0796 ndcg@10: 0.0935 ndcg@20: 0.1104 ] 
2025-09-28 15:35:02,102 - Epoch  39 Validation set [recall@5: 0.0821 recall@10: 0.1237 recall@20: 0.1740 ] [ndcg@5: 0.0804 ndcg@10: 0.0947 ndcg@20: 0.1110 ] 
2025-09-28 15:35:10,647 - Epoch  42 Validation set [recall@5: 0.0823 recall@10: 0.1244 recall@20: 0.1746 ] [ndcg@5: 0.0804 ndcg@10: 0.0950 ndcg@20: 0.1114 ] 
2025-09-28 15:35:19,757 - Epoch  45 Validation set [recall@5: 0.0824 recall@10: 0.1252 recall@20: 0.1739 ] [ndcg@5: 0.0807 ndcg@10: 0.0955 ndcg@20: 0.1114 ] 
2025-09-28 15:35:28,461 - Epoch  48 Validation set [recall@5: 0.0826 recall@10: 0.1247 recall@20: 0.1750 ] [ndcg@5: 0.0812 ndcg@10: 0.0955 ndcg@20: 0.1118 ] 
2025-09-28 15:35:37,461 - Epoch  51 Validation set [recall@5: 0.0821 recall@10: 0.1248 recall@20: 0.1746 ] [ndcg@5: 0.0811 ndcg@10: 0.0957 ndcg@20: 0.1120 ] 
2025-09-28 15:35:45,900 - Epoch  54 Validation set [recall@5: 0.0822 recall@10: 0.1247 recall@20: 0.1741 ] [ndcg@5: 0.0814 ndcg@10: 0.0960 ndcg@20: 0.1122 ] 
2025-09-28 15:35:54,195 - Epoch  57 Validation set [recall@5: 0.0830 recall@10: 0.1244 recall@20: 0.1739 ] [ndcg@5: 0.0817 ndcg@10: 0.0959 ndcg@20: 0.1121 ] 
2025-09-28 15:36:02,196 - Epoch  60 Validation set [recall@5: 0.0829 recall@10: 0.1250 recall@20: 0.1739 ] [ndcg@5: 0.0817 ndcg@10: 0.0960 ndcg@20: 0.1121 ] 
2025-09-28 15:36:10,408 - Epoch  63 Validation set [recall@5: 0.0834 recall@10: 0.1251 recall@20: 0.1738 ] [ndcg@5: 0.0821 ndcg@10: 0.0961 ndcg@20: 0.1122 ] 
2025-09-28 15:36:11,827 - [recall@5: 0.0826 recall@10: 0.1247 recall@20: 0.1750 ] [ndcg@5: 0.0812 ndcg@10: 0.0955 ndcg@20: 0.1118 ] 
2025-09-28 15:36:13,232 - [recall@5: 0.0817 recall@10: 0.1205 recall@20: 0.1719 ] [ndcg@5: 0.0817 ndcg@10: 0.0945 ndcg@20: 0.1112 ] 
2025-09-28 15:36:13,241 - Save model parameters to ./encoder/checkpoint/simgcl_rgcn/simgcl_rgcn-amazon-2023.pth
2025-09-28 15:36:13,242 - Best Epoch 48. Final test result: {'recall': array([0.08166449, 0.12051487, 0.17189129]), 'ndcg': array([0.08172553, 0.09448324, 0.11115494])}.
