2025-09-28 14:33:41,802 - {'optimizer': {'name': 'adam', 'lr': 0.001, 'weight_decay': 0}, 'train': {'epoch': 3000, 'batch_size': 4096, 'save_model': True, 'loss': 'pairwise', 'test_step': 3, 'reproducible': True, 'seed': 2023, 'patience': 5}, 'test': {'metrics': ['recall', 'ndcg'], 'k': [5, 10, 20], 'batch_size': 1024}, 'data': {'type': 'general_agcf', 'name': 'amazon', 'mat_type': 'uai', 'pre_norm': True, 'user_num': 11000, 'item_num': 9332, 'user_item_num': 20332, 'attr_num': 1978}, 'model': {'name': 'simgcl_rgcn', 'label': 'ori', 'keep_rate': 1, 'embedding_size': 64, 'use_unify_layer_num': True, 'layer_num': 3, 'reg_weight': 1e-07, 'cl_weight': 0.1, 'amazon': {'keep_rate': 0.9, 'layer_num': 3, 'reg_weight': 1e-07, 'eps': 0.1, 'temperature': 0.2}, 'yelp': {'keep_rate': 1, 'layer_num': 3, 'reg_weight': 1e-06, 'eps': 1.0, 'temperature': 0.2}, 'steam': {'layer_num': 2, 'reg_weight': 1e-06, 'eps': 0.2, 'temperature': 0.5}, 'Office': {'layer_num': 3, 'reg_weight': 1e-05, 'eps': 0.9, 'temperature': 0.2, 'cl_weight': 0.01}}}
2025-09-28 14:33:48,105 - Epoch   0 Validation set [recall@5: 0.0322 recall@10: 0.0474 recall@20: 0.0700 ] [ndcg@5: 0.0304 ndcg@10: 0.0358 ndcg@20: 0.0431 ] 
2025-09-28 14:34:00,919 - Epoch   3 Validation set [recall@5: 0.0554 recall@10: 0.0815 recall@20: 0.1132 ] [ndcg@5: 0.0524 ndcg@10: 0.0611 ndcg@20: 0.0714 ] 
2025-09-28 14:34:13,684 - Epoch   6 Validation set [recall@5: 0.0598 recall@10: 0.0906 recall@20: 0.1290 ] [ndcg@5: 0.0581 ndcg@10: 0.0683 ndcg@20: 0.0807 ] 
2025-09-28 14:34:26,285 - Epoch   9 Validation set [recall@5: 0.0655 recall@10: 0.1009 recall@20: 0.1469 ] [ndcg@5: 0.0639 ndcg@10: 0.0760 ndcg@20: 0.0911 ] 
2025-09-28 14:34:38,950 - Epoch  12 Validation set [recall@5: 0.0692 recall@10: 0.1083 recall@20: 0.1580 ] [ndcg@5: 0.0688 ndcg@10: 0.0824 ndcg@20: 0.0985 ] 
2025-09-28 14:34:51,536 - Epoch  15 Validation set [recall@5: 0.0725 recall@10: 0.1137 recall@20: 0.1627 ] [ndcg@5: 0.0721 ndcg@10: 0.0864 ndcg@20: 0.1024 ] 
2025-09-28 14:35:04,283 - Epoch  18 Validation set [recall@5: 0.0755 recall@10: 0.1164 recall@20: 0.1663 ] [ndcg@5: 0.0748 ndcg@10: 0.0887 ndcg@20: 0.1051 ] 
2025-09-28 14:35:17,229 - Epoch  21 Validation set [recall@5: 0.0785 recall@10: 0.1198 recall@20: 0.1692 ] [ndcg@5: 0.0771 ndcg@10: 0.0910 ndcg@20: 0.1072 ] 
2025-09-28 14:35:29,799 - Epoch  24 Validation set [recall@5: 0.0796 recall@10: 0.1207 recall@20: 0.1717 ] [ndcg@5: 0.0782 ndcg@10: 0.0921 ndcg@20: 0.1088 ] 
2025-09-28 14:35:42,503 - Epoch  27 Validation set [recall@5: 0.0798 recall@10: 0.1209 recall@20: 0.1724 ] [ndcg@5: 0.0787 ndcg@10: 0.0927 ndcg@20: 0.1095 ] 
2025-09-28 14:35:53,656 - Epoch  30 Validation set [recall@5: 0.0807 recall@10: 0.1219 recall@20: 0.1716 ] [ndcg@5: 0.0790 ndcg@10: 0.0931 ndcg@20: 0.1092 ] 
2025-09-28 14:36:04,789 - Epoch  33 Validation set [recall@5: 0.0814 recall@10: 0.1214 recall@20: 0.1722 ] [ndcg@5: 0.0799 ndcg@10: 0.0935 ndcg@20: 0.1100 ] 
2025-09-28 14:36:17,453 - Epoch  36 Validation set [recall@5: 0.0816 recall@10: 0.1217 recall@20: 0.1719 ] [ndcg@5: 0.0799 ndcg@10: 0.0936 ndcg@20: 0.1099 ] 
2025-09-28 14:36:30,098 - Epoch  39 Validation set [recall@5: 0.0816 recall@10: 0.1218 recall@20: 0.1714 ] [ndcg@5: 0.0801 ndcg@10: 0.0938 ndcg@20: 0.1099 ] 
2025-09-28 14:36:42,713 - Epoch  42 Validation set [recall@5: 0.0814 recall@10: 0.1225 recall@20: 0.1711 ] [ndcg@5: 0.0801 ndcg@10: 0.0941 ndcg@20: 0.1099 ] 
2025-09-28 14:36:44,105 - [recall@5: 0.0870 recall@10: 0.1294 recall@20: 0.1786 ] [ndcg@5: 0.0856 ndcg@10: 0.1000 ndcg@20: 0.1161 ] 
2025-09-28 14:36:45,500 - [recall@5: 0.0846 recall@10: 0.1245 recall@20: 0.1739 ] [ndcg@5: 0.0859 ndcg@10: 0.0990 ndcg@20: 0.1150 ] 
2025-09-28 14:36:45,510 - Save model parameters to ./encoder/checkpoint/simgcl_rgcn/simgcl_rgcn-amazon-2023.pth
2025-09-28 14:36:45,510 - Best Epoch 27. Final test result: {'recall': array([0.08461318, 0.12448033, 0.17394278]), 'ndcg': array([0.08594132, 0.09901779, 0.11498158])}.
