2025-09-30 02:13:05,595 - {'optimizer': {'name': 'adam', 'lr': 0.001, 'weight_decay': 0}, 'train': {'epoch': 3000, 'batch_size': 4096, 'save_model': True, 'loss': 'pairwise', 'test_step': 3, 'reproducible': True, 'seed': 2023, 'patience': 5}, 'test': {'metrics': ['recall', 'ndcg'], 'k': [5, 10, 20], 'batch_size': 1024}, 'data': {'type': 'general_agcf', 'name': 'amazon', 'mat_type': 'uai', 'pre_norm': True, 'user_num': 11000, 'item_num': 9332, 'user_item_num': 20332, 'attr_num': 1978}, 'model': {'name': 'simgcl_rgcn', 'label': 'ori', 'keep_rate': 0.9, 'embedding_size': 64, 'use_unify_layer_num': True, 'layer_num': 3, 'reg_weight': 1e-05, 'cl_weight': 0.1, 'amazon': {'keep_rate': 0.9, 'layer_num': 3, 'reg_weight': 1e-05, 'eps': 0.1, 'temperature': 0.2}, 'yelp': {'keep_rate': 0.95, 'layer_num': 3, 'reg_weight': 5e-06, 'eps': 0.9, 'temperature': 0.2}, 'steam': {'layer_num': 2, 'reg_weight': 1e-06, 'eps': 0.2, 'temperature': 0.2}, 'Office': {'layer_num': 3, 'reg_weight': 1e-05, 'eps': 0.9, 'temperature': 0.2, 'cl_weight': 0.01}}}
2025-09-30 02:13:11,801 - Epoch   0 Validation set [recall@5: 0.0206 recall@10: 0.0296 recall@20: 0.0418 ] [ndcg@5: 0.0206 ndcg@10: 0.0235 ndcg@20: 0.0274 ] 
2025-09-30 02:13:25,565 - Epoch   3 Validation set [recall@5: 0.0622 recall@10: 0.0948 recall@20: 0.1331 ] [ndcg@5: 0.0613 ndcg@10: 0.0724 ndcg@20: 0.0848 ] 
2025-09-30 02:13:39,461 - Epoch   6 Validation set [recall@5: 0.0632 recall@10: 0.0963 recall@20: 0.1408 ] [ndcg@5: 0.0618 ndcg@10: 0.0733 ndcg@20: 0.0876 ] 
2025-09-30 02:13:53,150 - Epoch   9 Validation set [recall@5: 0.0693 recall@10: 0.1078 recall@20: 0.1561 ] [ndcg@5: 0.0692 ndcg@10: 0.0825 ndcg@20: 0.0981 ] 
2025-09-30 02:14:06,682 - Epoch  12 Validation set [recall@5: 0.0739 recall@10: 0.1139 recall@20: 0.1663 ] [ndcg@5: 0.0736 ndcg@10: 0.0875 ndcg@20: 0.1043 ] 
2025-09-30 02:14:20,240 - Epoch  15 Validation set [recall@5: 0.0769 recall@10: 0.1183 recall@20: 0.1717 ] [ndcg@5: 0.0764 ndcg@10: 0.0908 ndcg@20: 0.1081 ] 
2025-09-30 02:14:33,759 - Epoch  18 Validation set [recall@5: 0.0798 recall@10: 0.1221 recall@20: 0.1767 ] [ndcg@5: 0.0787 ndcg@10: 0.0933 ndcg@20: 0.1110 ] 
2025-09-30 02:14:47,439 - Epoch  21 Validation set [recall@5: 0.0815 recall@10: 0.1246 recall@20: 0.1797 ] [ndcg@5: 0.0801 ndcg@10: 0.0950 ndcg@20: 0.1127 ] 
2025-09-30 02:15:01,028 - Epoch  24 Validation set [recall@5: 0.0826 recall@10: 0.1266 recall@20: 0.1814 ] [ndcg@5: 0.0812 ndcg@10: 0.0963 ndcg@20: 0.1141 ] 
2025-09-30 02:15:14,686 - Epoch  27 Validation set [recall@5: 0.0827 recall@10: 0.1277 recall@20: 0.1818 ] [ndcg@5: 0.0815 ndcg@10: 0.0968 ndcg@20: 0.1145 ] 
2025-09-30 02:15:28,935 - Epoch  30 Validation set [recall@5: 0.0834 recall@10: 0.1285 recall@20: 0.1820 ] [ndcg@5: 0.0817 ndcg@10: 0.0973 ndcg@20: 0.1147 ] 
2025-09-30 02:15:43,436 - Epoch  33 Validation set [recall@5: 0.0837 recall@10: 0.1285 recall@20: 0.1826 ] [ndcg@5: 0.0815 ndcg@10: 0.0970 ndcg@20: 0.1148 ] 
2025-09-30 02:15:59,353 - Epoch  36 Validation set [recall@5: 0.0840 recall@10: 0.1283 recall@20: 0.1831 ] [ndcg@5: 0.0817 ndcg@10: 0.0971 ndcg@20: 0.1150 ] 
2025-09-30 02:16:13,936 - Epoch  39 Validation set [recall@5: 0.0838 recall@10: 0.1279 recall@20: 0.1840 ] [ndcg@5: 0.0819 ndcg@10: 0.0972 ndcg@20: 0.1155 ] 
2025-09-30 02:16:28,428 - Epoch  42 Validation set [recall@5: 0.0838 recall@10: 0.1290 recall@20: 0.1848 ] [ndcg@5: 0.0820 ndcg@10: 0.0977 ndcg@20: 0.1159 ] 
2025-09-30 02:16:42,779 - Epoch  45 Validation set [recall@5: 0.0835 recall@10: 0.1287 recall@20: 0.1853 ] [ndcg@5: 0.0819 ndcg@10: 0.0977 ndcg@20: 0.1162 ] 
2025-09-30 02:16:57,338 - Epoch  48 Validation set [recall@5: 0.0838 recall@10: 0.1288 recall@20: 0.1850 ] [ndcg@5: 0.0822 ndcg@10: 0.0979 ndcg@20: 0.1162 ] 
2025-09-30 02:17:11,826 - Epoch  51 Validation set [recall@5: 0.0849 recall@10: 0.1299 recall@20: 0.1847 ] [ndcg@5: 0.0830 ndcg@10: 0.0986 ndcg@20: 0.1165 ] 
2025-09-30 02:17:25,051 - Epoch  54 Validation set [recall@5: 0.0839 recall@10: 0.1295 recall@20: 0.1856 ] [ndcg@5: 0.0831 ndcg@10: 0.0988 ndcg@20: 0.1171 ] 
2025-09-30 02:17:38,050 - Epoch  57 Validation set [recall@5: 0.0843 recall@10: 0.1299 recall@20: 0.1850 ] [ndcg@5: 0.0830 ndcg@10: 0.0988 ndcg@20: 0.1169 ] 
2025-09-30 02:17:50,951 - Epoch  60 Validation set [recall@5: 0.0847 recall@10: 0.1302 recall@20: 0.1849 ] [ndcg@5: 0.0833 ndcg@10: 0.0990 ndcg@20: 0.1169 ] 
2025-09-30 02:18:03,792 - Epoch  63 Validation set [recall@5: 0.0859 recall@10: 0.1300 recall@20: 0.1849 ] [ndcg@5: 0.0837 ndcg@10: 0.0987 ndcg@20: 0.1168 ] 
2025-09-30 02:18:16,976 - Epoch  66 Validation set [recall@5: 0.0842 recall@10: 0.1301 recall@20: 0.1847 ] [ndcg@5: 0.0827 ndcg@10: 0.0985 ndcg@20: 0.1165 ] 
2025-09-30 02:18:29,996 - Epoch  69 Validation set [recall@5: 0.0841 recall@10: 0.1289 recall@20: 0.1859 ] [ndcg@5: 0.0826 ndcg@10: 0.0980 ndcg@20: 0.1168 ] 
2025-09-30 02:18:42,674 - Epoch  72 Validation set [recall@5: 0.0838 recall@10: 0.1298 recall@20: 0.1859 ] [ndcg@5: 0.0830 ndcg@10: 0.0989 ndcg@20: 0.1172 ] 
2025-09-30 02:18:55,880 - Epoch  75 Validation set [recall@5: 0.0845 recall@10: 0.1300 recall@20: 0.1861 ] [ndcg@5: 0.0833 ndcg@10: 0.0990 ndcg@20: 0.1173 ] 
2025-09-30 02:19:09,254 - Epoch  78 Validation set [recall@5: 0.0848 recall@10: 0.1303 recall@20: 0.1873 ] [ndcg@5: 0.0833 ndcg@10: 0.0990 ndcg@20: 0.1175 ] 
2025-09-30 02:19:22,720 - Epoch  81 Validation set [recall@5: 0.0851 recall@10: 0.1302 recall@20: 0.1877 ] [ndcg@5: 0.0834 ndcg@10: 0.0988 ndcg@20: 0.1176 ] 
2025-09-30 02:19:36,160 - Epoch  84 Validation set [recall@5: 0.0849 recall@10: 0.1307 recall@20: 0.1869 ] [ndcg@5: 0.0835 ndcg@10: 0.0991 ndcg@20: 0.1175 ] 
2025-09-30 02:19:49,734 - Epoch  87 Validation set [recall@5: 0.0843 recall@10: 0.1297 recall@20: 0.1875 ] [ndcg@5: 0.0835 ndcg@10: 0.0990 ndcg@20: 0.1179 ] 
2025-09-30 02:20:02,816 - Epoch  90 Validation set [recall@5: 0.0849 recall@10: 0.1293 recall@20: 0.1864 ] [ndcg@5: 0.0840 ndcg@10: 0.0990 ndcg@20: 0.1177 ] 
2025-09-30 02:20:15,758 - Epoch  93 Validation set [recall@5: 0.0842 recall@10: 0.1303 recall@20: 0.1870 ] [ndcg@5: 0.0836 ndcg@10: 0.0993 ndcg@20: 0.1178 ] 
2025-09-30 02:20:28,744 - Epoch  96 Validation set [recall@5: 0.0845 recall@10: 0.1291 recall@20: 0.1872 ] [ndcg@5: 0.0837 ndcg@10: 0.0988 ndcg@20: 0.1178 ] 
2025-09-30 02:20:29,964 - [recall@5: 0.0851 recall@10: 0.1302 recall@20: 0.1877 ] [ndcg@5: 0.0834 ndcg@10: 0.0988 ndcg@20: 0.1176 ] 
2025-09-30 02:20:31,176 - [recall@5: 0.0820 recall@10: 0.1254 recall@20: 0.1819 ] [ndcg@5: 0.0819 ndcg@10: 0.0969 ndcg@20: 0.1152 ] 
2025-09-30 02:20:31,183 - Save model parameters to ./encoder/checkpoint/simgcl_rgcn/simgcl_rgcn-amazon-2023.pth
2025-09-30 02:20:31,184 - Best Epoch 81. Final test result: {'recall': array([0.08200848, 0.12536582, 0.18188067]), 'ndcg': array([0.08185602, 0.09685599, 0.11520943])}.
