2025-09-28 20:35:38,240 - {'optimizer': {'name': 'adam', 'lr': 0.001, 'weight_decay': 0}, 'train': {'epoch': 3000, 'batch_size': 4096, 'save_model': True, 'loss': 'pairwise', 'test_step': 1, 'reproducible': True, 'seed': 2023, 'patience': 5}, 'test': {'metrics': ['recall', 'ndcg'], 'k': [5, 10, 20], 'batch_size': 1024}, 'data': {'type': 'general_agcf', 'name': 'amazon', 'mat_type': 'uai', 'pre_norm': True, 'user_num': 11000, 'item_num': 9332, 'user_item_num': 20332, 'attr_num': 1978}, 'model': {'name': 'simgcl_rgcn', 'label': 'ori', 'keep_rate': 0.9, 'embedding_size': 64, 'use_unify_layer_num': True, 'layer_num': 3, 'reg_weight': 1e-07, 'cl_weight': 0.1, 'amazon': {'keep_rate': 0.9, 'layer_num': 3, 'reg_weight': 1e-07, 'eps': 0.1, 'temperature': 0.2}, 'yelp': {'keep_rate': 0.9, 'layer_num': 3, 'reg_weight': 1e-06, 'eps': 0.9, 'temperature': 0.2}, 'steam': {'layer_num': 2, 'reg_weight': 1e-06, 'eps': 0.2, 'temperature': 0.5}, 'Office': {'layer_num': 3, 'reg_weight': 1e-05, 'eps': 0.9, 'temperature': 0.2, 'cl_weight': 0.01}}}
2025-09-28 20:36:27,392 - Epoch   0 Validation set [recall@5: 0.0199 recall@10: 0.0285 recall@20: 0.0403 ] [ndcg@5: 0.0199 ndcg@10: 0.0226 ndcg@20: 0.0263 ] 
2025-09-28 20:37:37,912 - Epoch   1 Validation set [recall@5: 0.0417 recall@10: 0.0590 recall@20: 0.0815 ] [ndcg@5: 0.0423 ndcg@10: 0.0476 ndcg@20: 0.0547 ] 
2025-09-28 20:38:36,638 - Epoch   2 Validation set [recall@5: 0.0555 recall@10: 0.0813 recall@20: 0.1152 ] [ndcg@5: 0.0549 ndcg@10: 0.0634 ndcg@20: 0.0742 ] 
2025-09-28 20:39:18,739 - Epoch   3 Validation set [recall@5: 0.0608 recall@10: 0.0929 recall@20: 0.1318 ] [ndcg@5: 0.0598 ndcg@10: 0.0706 ndcg@20: 0.0832 ] 
2025-09-28 20:39:58,328 - Epoch   4 Validation set [recall@5: 0.0603 recall@10: 0.0931 recall@20: 0.1343 ] [ndcg@5: 0.0585 ndcg@10: 0.0698 ndcg@20: 0.0832 ] 
2025-09-28 20:40:39,637 - Epoch   5 Validation set [recall@5: 0.0609 recall@10: 0.0945 recall@20: 0.1363 ] [ndcg@5: 0.0594 ndcg@10: 0.0710 ndcg@20: 0.0846 ] 
2025-09-28 20:41:34,813 - Epoch   6 Validation set [recall@5: 0.0637 recall@10: 0.0970 recall@20: 0.1418 ] [ndcg@5: 0.0623 ndcg@10: 0.0737 ndcg@20: 0.0883 ] 
2025-09-28 20:42:40,343 - Epoch   7 Validation set [recall@5: 0.0662 recall@10: 0.1007 recall@20: 0.1462 ] [ndcg@5: 0.0652 ndcg@10: 0.0770 ndcg@20: 0.0919 ] 
2025-09-28 20:43:49,597 - Epoch   8 Validation set [recall@5: 0.0683 recall@10: 0.1052 recall@20: 0.1519 ] [ndcg@5: 0.0679 ndcg@10: 0.0807 ndcg@20: 0.0958 ] 
2025-09-28 20:44:36,120 - Epoch   9 Validation set [recall@5: 0.0712 recall@10: 0.1085 recall@20: 0.1560 ] [ndcg@5: 0.0707 ndcg@10: 0.0834 ndcg@20: 0.0988 ] 
2025-09-28 20:45:13,483 - Epoch  10 Validation set [recall@5: 0.0738 recall@10: 0.1107 recall@20: 0.1592 ] [ndcg@5: 0.0728 ndcg@10: 0.0855 ndcg@20: 0.1012 ] 
2025-09-28 20:45:35,666 - Epoch  11 Validation set [recall@5: 0.0743 recall@10: 0.1134 recall@20: 0.1625 ] [ndcg@5: 0.0740 ndcg@10: 0.0875 ndcg@20: 0.1035 ] 
2025-09-28 20:46:12,092 - Epoch  12 Validation set [recall@5: 0.0755 recall@10: 0.1151 recall@20: 0.1648 ] [ndcg@5: 0.0752 ndcg@10: 0.0887 ndcg@20: 0.1050 ] 
2025-09-28 20:47:01,227 - Epoch  13 Validation set [recall@5: 0.0768 recall@10: 0.1165 recall@20: 0.1671 ] [ndcg@5: 0.0764 ndcg@10: 0.0900 ndcg@20: 0.1065 ] 
2025-09-28 20:48:03,540 - Epoch  14 Validation set [recall@5: 0.0785 recall@10: 0.1186 recall@20: 0.1683 ] [ndcg@5: 0.0774 ndcg@10: 0.0913 ndcg@20: 0.1075 ] 
2025-09-28 20:49:02,171 - Epoch  15 Validation set [recall@5: 0.0795 recall@10: 0.1209 recall@20: 0.1695 ] [ndcg@5: 0.0785 ndcg@10: 0.0929 ndcg@20: 0.1087 ] 
2025-09-28 20:49:48,713 - Epoch  16 Validation set [recall@5: 0.0807 recall@10: 0.1218 recall@20: 0.1711 ] [ndcg@5: 0.0796 ndcg@10: 0.0938 ndcg@20: 0.1098 ] 
2025-09-28 20:50:25,912 - Epoch  17 Validation set [recall@5: 0.0808 recall@10: 0.1230 recall@20: 0.1728 ] [ndcg@5: 0.0800 ndcg@10: 0.0946 ndcg@20: 0.1106 ] 
2025-09-28 20:51:01,118 - Epoch  18 Validation set [recall@5: 0.0819 recall@10: 0.1243 recall@20: 0.1741 ] [ndcg@5: 0.0809 ndcg@10: 0.0955 ndcg@20: 0.1116 ] 
2025-09-28 20:51:58,160 - Epoch  19 Validation set [recall@5: 0.0828 recall@10: 0.1251 recall@20: 0.1740 ] [ndcg@5: 0.0818 ndcg@10: 0.0962 ndcg@20: 0.1121 ] 
2025-09-28 20:52:48,740 - Epoch  20 Validation set [recall@5: 0.0838 recall@10: 0.1248 recall@20: 0.1750 ] [ndcg@5: 0.0825 ndcg@10: 0.0963 ndcg@20: 0.1127 ] 
2025-09-28 20:53:39,850 - Epoch  21 Validation set [recall@5: 0.0838 recall@10: 0.1257 recall@20: 0.1750 ] [ndcg@5: 0.0827 ndcg@10: 0.0969 ndcg@20: 0.1130 ] 
2025-09-28 20:54:38,728 - Epoch  22 Validation set [recall@5: 0.0841 recall@10: 0.1266 recall@20: 0.1756 ] [ndcg@5: 0.0833 ndcg@10: 0.0977 ndcg@20: 0.1136 ] 
2025-09-28 20:55:27,040 - Epoch  23 Validation set [recall@5: 0.0843 recall@10: 0.1272 recall@20: 0.1756 ] [ndcg@5: 0.0834 ndcg@10: 0.0980 ndcg@20: 0.1138 ] 
2025-09-28 20:56:12,935 - Epoch  24 Validation set [recall@5: 0.0845 recall@10: 0.1270 recall@20: 0.1753 ] [ndcg@5: 0.0836 ndcg@10: 0.0981 ndcg@20: 0.1139 ] 
2025-09-28 20:57:00,747 - Epoch  25 Validation set [recall@5: 0.0856 recall@10: 0.1270 recall@20: 0.1759 ] [ndcg@5: 0.0843 ndcg@10: 0.0983 ndcg@20: 0.1141 ] 
2025-09-28 20:57:47,771 - Epoch  26 Validation set [recall@5: 0.0855 recall@10: 0.1275 recall@20: 0.1762 ] [ndcg@5: 0.0843 ndcg@10: 0.0985 ndcg@20: 0.1143 ] 
2025-09-28 20:58:50,317 - Epoch  27 Validation set [recall@5: 0.0858 recall@10: 0.1282 recall@20: 0.1761 ] [ndcg@5: 0.0845 ndcg@10: 0.0988 ndcg@20: 0.1144 ] 
2025-09-28 20:59:53,699 - Epoch  28 Validation set [recall@5: 0.0848 recall@10: 0.1281 recall@20: 0.1758 ] [ndcg@5: 0.0838 ndcg@10: 0.0985 ndcg@20: 0.1142 ] 
2025-09-28 21:00:36,531 - Epoch  29 Validation set [recall@5: 0.0855 recall@10: 0.1284 recall@20: 0.1767 ] [ndcg@5: 0.0841 ndcg@10: 0.0985 ndcg@20: 0.1143 ] 
2025-09-28 21:01:09,994 - Epoch  30 Validation set [recall@5: 0.0860 recall@10: 0.1281 recall@20: 0.1770 ] [ndcg@5: 0.0841 ndcg@10: 0.0982 ndcg@20: 0.1142 ] 
2025-09-28 21:01:39,871 - Epoch  31 Validation set [recall@5: 0.0863 recall@10: 0.1282 recall@20: 0.1763 ] [ndcg@5: 0.0842 ndcg@10: 0.0983 ndcg@20: 0.1141 ] 
2025-09-28 21:02:10,085 - Epoch  32 Validation set [recall@5: 0.0862 recall@10: 0.1280 recall@20: 0.1763 ] [ndcg@5: 0.0842 ndcg@10: 0.0983 ndcg@20: 0.1141 ] 
2025-09-28 21:03:10,956 - Epoch  33 Validation set [recall@5: 0.0862 recall@10: 0.1279 recall@20: 0.1761 ] [ndcg@5: 0.0843 ndcg@10: 0.0983 ndcg@20: 0.1140 ] 
2025-09-28 21:04:20,751 - Epoch  34 Validation set [recall@5: 0.0857 recall@10: 0.1280 recall@20: 0.1759 ] [ndcg@5: 0.0841 ndcg@10: 0.0984 ndcg@20: 0.1140 ] 
2025-09-28 21:05:23,012 - Epoch  35 Validation set [recall@5: 0.0855 recall@10: 0.1284 recall@20: 0.1750 ] [ndcg@5: 0.0838 ndcg@10: 0.0984 ndcg@20: 0.1136 ] 
2025-09-28 21:05:24,263 - [recall@5: 0.0860 recall@10: 0.1281 recall@20: 0.1770 ] [ndcg@5: 0.0841 ndcg@10: 0.0982 ndcg@20: 0.1142 ] 
2025-09-28 21:05:25,716 - [recall@5: 0.0823 recall@10: 0.1220 recall@20: 0.1732 ] [ndcg@5: 0.0824 ndcg@10: 0.0956 ndcg@20: 0.1121 ] 
2025-09-28 21:05:25,724 - Save model parameters to ./encoder/checkpoint/simgcl_rgcn/simgcl_rgcn-amazon-2023.pth
2025-09-28 21:05:25,725 - Best Epoch 30. Final test result: {'recall': array([0.0822839 , 0.12204105, 0.17316587]), 'ndcg': array([0.08243551, 0.09559104, 0.11212916])}.
