2025-09-29 17:28:26,209 - {'optimizer': {'name': 'adam', 'lr': 0.001, 'weight_decay': 0}, 'train': {'epoch': 3000, 'batch_size': 4096, 'save_model': True, 'loss': 'pairwise', 'test_step': 3, 'reproducible': True, 'seed': 2023, 'patience': 5}, 'test': {'metrics': ['recall', 'ndcg'], 'k': [5, 10, 20], 'batch_size': 1024}, 'data': {'type': 'general_agcf', 'name': 'amazon', 'mat_type': 'uai', 'pre_norm': True, 'user_num': 11000, 'item_num': 9332, 'user_item_num': 20332, 'attr_num': 1978}, 'model': {'name': 'simgcl_rgcn', 'label': 'ori', 'keep_rate': 0.9, 'embedding_size': 64, 'use_unify_layer_num': True, 'layer_num': 3, 'reg_weight': 1e-05, 'cl_weight': 0.1, 'amazon': {'keep_rate': 0.9, 'layer_num': 3, 'reg_weight': 1e-05, 'eps': 0.1, 'temperature': 0.2}, 'yelp': {'keep_rate': 0.95, 'layer_num': 3, 'reg_weight': 5e-06, 'eps': 0.9, 'temperature': 0.2}, 'steam': {'layer_num': 2, 'reg_weight': 1e-06, 'eps': 0.2, 'temperature': 0.2}, 'Office': {'layer_num': 3, 'reg_weight': 1e-05, 'eps': 0.1, 'temperature': 0.2, 'cl_weight': 0.01}}}
2025-09-29 17:28:34,223 - Epoch   0 Validation set [recall@5: 0.0206 recall@10: 0.0296 recall@20: 0.0418 ] [ndcg@5: 0.0206 ndcg@10: 0.0235 ndcg@20: 0.0274 ] 
2025-09-29 17:28:49,813 - Epoch   3 Validation set [recall@5: 0.0622 recall@10: 0.0949 recall@20: 0.1331 ] [ndcg@5: 0.0613 ndcg@10: 0.0724 ndcg@20: 0.0848 ] 
2025-09-29 17:29:05,690 - Epoch   6 Validation set [recall@5: 0.0634 recall@10: 0.0963 recall@20: 0.1408 ] [ndcg@5: 0.0619 ndcg@10: 0.0732 ndcg@20: 0.0876 ] 
2025-09-29 17:29:21,749 - Epoch   9 Validation set [recall@5: 0.0693 recall@10: 0.1078 recall@20: 0.1561 ] [ndcg@5: 0.0692 ndcg@10: 0.0825 ndcg@20: 0.0981 ] 
2025-09-29 17:29:37,520 - Epoch  12 Validation set [recall@5: 0.0740 recall@10: 0.1139 recall@20: 0.1662 ] [ndcg@5: 0.0736 ndcg@10: 0.0875 ndcg@20: 0.1043 ] 
2025-09-29 17:29:54,512 - Epoch  15 Validation set [recall@5: 0.0769 recall@10: 0.1183 recall@20: 0.1716 ] [ndcg@5: 0.0764 ndcg@10: 0.0908 ndcg@20: 0.1080 ] 
2025-09-29 17:30:12,037 - Epoch  18 Validation set [recall@5: 0.0798 recall@10: 0.1222 recall@20: 0.1767 ] [ndcg@5: 0.0787 ndcg@10: 0.0933 ndcg@20: 0.1110 ] 
2025-09-29 17:30:27,968 - Epoch  21 Validation set [recall@5: 0.0814 recall@10: 0.1246 recall@20: 0.1798 ] [ndcg@5: 0.0801 ndcg@10: 0.0950 ndcg@20: 0.1128 ] 
2025-09-29 17:30:44,494 - Epoch  24 Validation set [recall@5: 0.0827 recall@10: 0.1266 recall@20: 0.1813 ] [ndcg@5: 0.0812 ndcg@10: 0.0963 ndcg@20: 0.1141 ] 
2025-09-29 17:31:01,191 - Epoch  27 Validation set [recall@5: 0.0828 recall@10: 0.1277 recall@20: 0.1819 ] [ndcg@5: 0.0815 ndcg@10: 0.0968 ndcg@20: 0.1145 ] 
2025-09-29 17:31:19,412 - Epoch  30 Validation set [recall@5: 0.0834 recall@10: 0.1284 recall@20: 0.1819 ] [ndcg@5: 0.0817 ndcg@10: 0.0972 ndcg@20: 0.1147 ] 
2025-09-29 17:31:35,230 - Epoch  33 Validation set [recall@5: 0.0836 recall@10: 0.1285 recall@20: 0.1825 ] [ndcg@5: 0.0815 ndcg@10: 0.0970 ndcg@20: 0.1147 ] 
2025-09-29 17:31:51,024 - Epoch  36 Validation set [recall@5: 0.0840 recall@10: 0.1283 recall@20: 0.1831 ] [ndcg@5: 0.0817 ndcg@10: 0.0971 ndcg@20: 0.1150 ] 
2025-09-29 17:32:08,548 - Epoch  39 Validation set [recall@5: 0.0839 recall@10: 0.1280 recall@20: 0.1840 ] [ndcg@5: 0.0819 ndcg@10: 0.0972 ndcg@20: 0.1155 ] 
2025-09-29 17:32:24,543 - Epoch  42 Validation set [recall@5: 0.0839 recall@10: 0.1290 recall@20: 0.1848 ] [ndcg@5: 0.0820 ndcg@10: 0.0977 ndcg@20: 0.1159 ] 
2025-09-29 17:32:40,244 - Epoch  45 Validation set [recall@5: 0.0836 recall@10: 0.1287 recall@20: 0.1853 ] [ndcg@5: 0.0820 ndcg@10: 0.0976 ndcg@20: 0.1163 ] 
2025-09-29 17:32:55,781 - Epoch  48 Validation set [recall@5: 0.0838 recall@10: 0.1288 recall@20: 0.1850 ] [ndcg@5: 0.0822 ndcg@10: 0.0979 ndcg@20: 0.1162 ] 
2025-09-29 17:33:11,360 - Epoch  51 Validation set [recall@5: 0.0849 recall@10: 0.1300 recall@20: 0.1847 ] [ndcg@5: 0.0830 ndcg@10: 0.0986 ndcg@20: 0.1165 ] 
2025-09-29 17:33:27,073 - Epoch  54 Validation set [recall@5: 0.0839 recall@10: 0.1296 recall@20: 0.1858 ] [ndcg@5: 0.0830 ndcg@10: 0.0988 ndcg@20: 0.1171 ] 
2025-09-29 17:33:42,630 - Epoch  57 Validation set [recall@5: 0.0843 recall@10: 0.1299 recall@20: 0.1850 ] [ndcg@5: 0.0830 ndcg@10: 0.0988 ndcg@20: 0.1168 ] 
2025-09-29 17:33:58,752 - Epoch  60 Validation set [recall@5: 0.0848 recall@10: 0.1302 recall@20: 0.1849 ] [ndcg@5: 0.0833 ndcg@10: 0.0990 ndcg@20: 0.1169 ] 
2025-09-29 17:34:16,025 - Epoch  63 Validation set [recall@5: 0.0859 recall@10: 0.1300 recall@20: 0.1849 ] [ndcg@5: 0.0837 ndcg@10: 0.0987 ndcg@20: 0.1168 ] 
2025-09-29 17:34:35,762 - Epoch  66 Validation set [recall@5: 0.0842 recall@10: 0.1301 recall@20: 0.1847 ] [ndcg@5: 0.0827 ndcg@10: 0.0985 ndcg@20: 0.1165 ] 
2025-09-29 17:34:55,357 - Epoch  69 Validation set [recall@5: 0.0840 recall@10: 0.1290 recall@20: 0.1859 ] [ndcg@5: 0.0826 ndcg@10: 0.0980 ndcg@20: 0.1168 ] 
2025-09-29 17:35:13,295 - Epoch  72 Validation set [recall@5: 0.0838 recall@10: 0.1296 recall@20: 0.1858 ] [ndcg@5: 0.0829 ndcg@10: 0.0988 ndcg@20: 0.1172 ] 
2025-09-29 17:35:31,664 - Epoch  75 Validation set [recall@5: 0.0845 recall@10: 0.1300 recall@20: 0.1861 ] [ndcg@5: 0.0833 ndcg@10: 0.0990 ndcg@20: 0.1173 ] 
2025-09-29 17:35:50,516 - Epoch  78 Validation set [recall@5: 0.0849 recall@10: 0.1303 recall@20: 0.1872 ] [ndcg@5: 0.0833 ndcg@10: 0.0990 ndcg@20: 0.1175 ] 
2025-09-29 17:36:08,110 - Epoch  81 Validation set [recall@5: 0.0851 recall@10: 0.1302 recall@20: 0.1877 ] [ndcg@5: 0.0834 ndcg@10: 0.0988 ndcg@20: 0.1176 ] 
2025-09-29 17:36:27,260 - Epoch  84 Validation set [recall@5: 0.0850 recall@10: 0.1307 recall@20: 0.1869 ] [ndcg@5: 0.0836 ndcg@10: 0.0991 ndcg@20: 0.1175 ] 
2025-09-29 17:36:46,157 - Epoch  87 Validation set [recall@5: 0.0842 recall@10: 0.1298 recall@20: 0.1875 ] [ndcg@5: 0.0835 ndcg@10: 0.0990 ndcg@20: 0.1179 ] 
2025-09-29 17:37:03,676 - Epoch  90 Validation set [recall@5: 0.0849 recall@10: 0.1292 recall@20: 0.1865 ] [ndcg@5: 0.0840 ndcg@10: 0.0989 ndcg@20: 0.1177 ] 
2025-09-29 17:37:21,852 - Epoch  93 Validation set [recall@5: 0.0843 recall@10: 0.1303 recall@20: 0.1869 ] [ndcg@5: 0.0835 ndcg@10: 0.0993 ndcg@20: 0.1178 ] 
2025-09-29 17:37:40,226 - Epoch  96 Validation set [recall@5: 0.0845 recall@10: 0.1290 recall@20: 0.1872 ] [ndcg@5: 0.0837 ndcg@10: 0.0988 ndcg@20: 0.1178 ] 
2025-09-29 17:37:41,562 - [recall@5: 0.0851 recall@10: 0.1302 recall@20: 0.1877 ] [ndcg@5: 0.0834 ndcg@10: 0.0988 ndcg@20: 0.1176 ] 
2025-09-29 17:37:42,848 - [recall@5: 0.0820 recall@10: 0.1254 recall@20: 0.1818 ] [ndcg@5: 0.0819 ndcg@10: 0.0969 ndcg@20: 0.1152 ] 
2025-09-29 17:37:42,859 - Save model parameters to ./encoder/checkpoint/simgcl_rgcn/simgcl_rgcn-amazon-2023.pth
2025-09-29 17:37:42,859 - Best Epoch 81. Final test result: {'recall': array([0.08202852, 0.12540373, 0.18181909]), 'ndcg': array([0.08185716, 0.09688146, 0.11518871])}.
