2025-09-28 23:33:23,297 - {'optimizer': {'name': 'adam', 'lr': 0.001, 'weight_decay': 0}, 'train': {'epoch': 3000, 'batch_size': 4096, 'save_model': True, 'loss': 'pairwise', 'test_step': 1, 'reproducible': True, 'seed': 2023, 'patience': 5}, 'test': {'metrics': ['recall', 'ndcg'], 'k': [5, 10, 20], 'batch_size': 1024}, 'data': {'type': 'general_agcf', 'name': 'amazon', 'mat_type': 'uai', 'pre_norm': True, 'user_num': 11000, 'item_num': 9332, 'user_item_num': 20332, 'attr_num': 1978}, 'model': {'name': 'simgcl_rgcn', 'label': 'ori', 'keep_rate': 0.9, 'embedding_size': 64, 'use_unify_layer_num': True, 'layer_num': 3, 'reg_weight': 1e-05, 'cl_weight': 0.1, 'amazon': {'keep_rate': 0.9, 'layer_num': 3, 'reg_weight': 1e-05, 'eps': 0.1, 'temperature': 0.2}, 'yelp': {'keep_rate': 0.9, 'layer_num': 3, 'reg_weight': 1e-06, 'eps': 0.9, 'temperature': 0.2}, 'steam': {'layer_num': 2, 'reg_weight': 1e-06, 'eps': 0.2, 'temperature': 0.5}, 'Office': {'layer_num': 3, 'reg_weight': 1e-05, 'eps': 0.9, 'temperature': 0.2, 'cl_weight': 0.01}}}
2025-09-28 23:34:19,164 - Epoch   0 Validation set [recall@5: 0.0206 recall@10: 0.0296 recall@20: 0.0418 ] [ndcg@5: 0.0206 ndcg@10: 0.0235 ndcg@20: 0.0274 ] 
2025-09-28 23:35:13,068 - Epoch   1 Validation set [recall@5: 0.0442 recall@10: 0.0606 recall@20: 0.0837 ] [ndcg@5: 0.0444 ndcg@10: 0.0494 ndcg@20: 0.0566 ] 
2025-09-28 23:36:19,676 - Epoch   2 Validation set [recall@5: 0.0567 recall@10: 0.0824 recall@20: 0.1176 ] [ndcg@5: 0.0563 ndcg@10: 0.0648 ndcg@20: 0.0759 ] 
2025-09-28 23:37:38,281 - Epoch   3 Validation set [recall@5: 0.0618 recall@10: 0.0951 recall@20: 0.1339 ] [ndcg@5: 0.0611 ndcg@10: 0.0723 ndcg@20: 0.0848 ] 
2025-09-28 23:38:54,573 - Epoch   4 Validation set [recall@5: 0.0616 recall@10: 0.0945 recall@20: 0.1367 ] [ndcg@5: 0.0601 ndcg@10: 0.0716 ndcg@20: 0.0852 ] 
2025-09-28 23:39:58,324 - Epoch   5 Validation set [recall@5: 0.0613 recall@10: 0.0946 recall@20: 0.1387 ] [ndcg@5: 0.0602 ndcg@10: 0.0717 ndcg@20: 0.0860 ] 
2025-09-28 23:40:49,071 - Epoch   6 Validation set [recall@5: 0.0633 recall@10: 0.0965 recall@20: 0.1412 ] [ndcg@5: 0.0619 ndcg@10: 0.0734 ndcg@20: 0.0879 ] 
2025-09-28 23:41:52,473 - Epoch   7 Validation set [recall@5: 0.0652 recall@10: 0.1010 recall@20: 0.1464 ] [ndcg@5: 0.0648 ndcg@10: 0.0772 ndcg@20: 0.0918 ] 
2025-09-28 23:43:04,170 - Epoch   8 Validation set [recall@5: 0.0674 recall@10: 0.1041 recall@20: 0.1516 ] [ndcg@5: 0.0671 ndcg@10: 0.0798 ndcg@20: 0.0952 ] 
2025-09-28 23:44:27,891 - Epoch   9 Validation set [recall@5: 0.0699 recall@10: 0.1078 recall@20: 0.1559 ] [ndcg@5: 0.0694 ndcg@10: 0.0826 ndcg@20: 0.0981 ] 
2025-09-28 23:45:41,646 - Epoch  10 Validation set [recall@5: 0.0712 recall@10: 0.1110 recall@20: 0.1601 ] [ndcg@5: 0.0710 ndcg@10: 0.0849 ndcg@20: 0.1008 ] 
2025-09-28 23:46:44,543 - Epoch  11 Validation set [recall@5: 0.0725 recall@10: 0.1129 recall@20: 0.1632 ] [ndcg@5: 0.0725 ndcg@10: 0.0865 ndcg@20: 0.1028 ] 
2025-09-28 23:47:47,656 - Epoch  12 Validation set [recall@5: 0.0735 recall@10: 0.1139 recall@20: 0.1660 ] [ndcg@5: 0.0734 ndcg@10: 0.0874 ndcg@20: 0.1043 ] 
2025-09-28 23:49:00,339 - Epoch  13 Validation set [recall@5: 0.0753 recall@10: 0.1147 recall@20: 0.1688 ] [ndcg@5: 0.0748 ndcg@10: 0.0884 ndcg@20: 0.1058 ] 
2025-09-28 23:50:21,941 - Epoch  14 Validation set [recall@5: 0.0761 recall@10: 0.1170 recall@20: 0.1706 ] [ndcg@5: 0.0759 ndcg@10: 0.0901 ndcg@20: 0.1074 ] 
2025-09-28 23:51:33,962 - Epoch  15 Validation set [recall@5: 0.0770 recall@10: 0.1184 recall@20: 0.1720 ] [ndcg@5: 0.0764 ndcg@10: 0.0908 ndcg@20: 0.1081 ] 
2025-09-28 23:52:49,676 - Epoch  16 Validation set [recall@5: 0.0783 recall@10: 0.1201 recall@20: 0.1734 ] [ndcg@5: 0.0773 ndcg@10: 0.0918 ndcg@20: 0.1091 ] 
2025-09-28 23:53:48,410 - Epoch  17 Validation set [recall@5: 0.0798 recall@10: 0.1215 recall@20: 0.1757 ] [ndcg@5: 0.0785 ndcg@10: 0.0928 ndcg@20: 0.1104 ] 
2025-09-28 23:54:57,356 - Epoch  18 Validation set [recall@5: 0.0807 recall@10: 0.1219 recall@20: 0.1770 ] [ndcg@5: 0.0791 ndcg@10: 0.0933 ndcg@20: 0.1110 ] 
2025-09-28 23:56:15,039 - Epoch  19 Validation set [recall@5: 0.0805 recall@10: 0.1224 recall@20: 0.1776 ] [ndcg@5: 0.0792 ndcg@10: 0.0935 ndcg@20: 0.1113 ] 
2025-09-28 23:57:26,662 - Epoch  20 Validation set [recall@5: 0.0809 recall@10: 0.1230 recall@20: 0.1784 ] [ndcg@5: 0.0796 ndcg@10: 0.0940 ndcg@20: 0.1120 ] 
2025-09-28 23:58:48,866 - Epoch  21 Validation set [recall@5: 0.0807 recall@10: 0.1234 recall@20: 0.1797 ] [ndcg@5: 0.0798 ndcg@10: 0.0945 ndcg@20: 0.1126 ] 
2025-09-28 23:59:49,139 - Epoch  22 Validation set [recall@5: 0.0810 recall@10: 0.1246 recall@20: 0.1793 ] [ndcg@5: 0.0802 ndcg@10: 0.0952 ndcg@20: 0.1130 ] 
2025-09-29 00:00:53,680 - Epoch  23 Validation set [recall@5: 0.0812 recall@10: 0.1255 recall@20: 0.1801 ] [ndcg@5: 0.0805 ndcg@10: 0.0956 ndcg@20: 0.1134 ] 
2025-09-29 00:02:06,758 - Epoch  24 Validation set [recall@5: 0.0823 recall@10: 0.1260 recall@20: 0.1811 ] [ndcg@5: 0.0813 ndcg@10: 0.0963 ndcg@20: 0.1141 ] 
2025-09-29 00:03:23,917 - Epoch  25 Validation set [recall@5: 0.0826 recall@10: 0.1264 recall@20: 0.1819 ] [ndcg@5: 0.0814 ndcg@10: 0.0964 ndcg@20: 0.1144 ] 
2025-09-29 00:04:47,164 - Epoch  26 Validation set [recall@5: 0.0827 recall@10: 0.1267 recall@20: 0.1817 ] [ndcg@5: 0.0814 ndcg@10: 0.0965 ndcg@20: 0.1144 ] 
2025-09-29 00:05:58,478 - Epoch  27 Validation set [recall@5: 0.0834 recall@10: 0.1270 recall@20: 0.1820 ] [ndcg@5: 0.0816 ndcg@10: 0.0965 ndcg@20: 0.1144 ] 
2025-09-29 00:07:06,252 - Epoch  28 Validation set [recall@5: 0.0834 recall@10: 0.1276 recall@20: 0.1818 ] [ndcg@5: 0.0818 ndcg@10: 0.0969 ndcg@20: 0.1145 ] 
2025-09-29 00:08:29,162 - Epoch  29 Validation set [recall@5: 0.0832 recall@10: 0.1276 recall@20: 0.1816 ] [ndcg@5: 0.0818 ndcg@10: 0.0969 ndcg@20: 0.1145 ] 
2025-09-29 00:09:53,298 - Epoch  30 Validation set [recall@5: 0.0833 recall@10: 0.1272 recall@20: 0.1824 ] [ndcg@5: 0.0815 ndcg@10: 0.0967 ndcg@20: 0.1147 ] 
2025-09-29 00:11:17,291 - Epoch  31 Validation set [recall@5: 0.0832 recall@10: 0.1278 recall@20: 0.1822 ] [ndcg@5: 0.0816 ndcg@10: 0.0970 ndcg@20: 0.1148 ] 
2025-09-29 00:12:27,130 - Epoch  32 Validation set [recall@5: 0.0836 recall@10: 0.1278 recall@20: 0.1827 ] [ndcg@5: 0.0818 ndcg@10: 0.0969 ndcg@20: 0.1149 ] 
2025-09-29 00:13:20,534 - Epoch  33 Validation set [recall@5: 0.0843 recall@10: 0.1282 recall@20: 0.1826 ] [ndcg@5: 0.0818 ndcg@10: 0.0969 ndcg@20: 0.1147 ] 
2025-09-29 00:14:22,652 - Epoch  34 Validation set [recall@5: 0.0839 recall@10: 0.1276 recall@20: 0.1824 ] [ndcg@5: 0.0818 ndcg@10: 0.0968 ndcg@20: 0.1148 ] 
2025-09-29 00:15:48,964 - Epoch  35 Validation set [recall@5: 0.0839 recall@10: 0.1275 recall@20: 0.1831 ] [ndcg@5: 0.0815 ndcg@10: 0.0966 ndcg@20: 0.1148 ] 
2025-09-29 00:17:32,671 - Epoch  36 Validation set [recall@5: 0.0836 recall@10: 0.1279 recall@20: 0.1829 ] [ndcg@5: 0.0816 ndcg@10: 0.0969 ndcg@20: 0.1150 ] 
2025-09-29 00:19:16,200 - Epoch  37 Validation set [recall@5: 0.0829 recall@10: 0.1278 recall@20: 0.1831 ] [ndcg@5: 0.0817 ndcg@10: 0.0971 ndcg@20: 0.1153 ] 
2025-09-29 00:20:29,396 - Epoch  38 Validation set [recall@5: 0.0832 recall@10: 0.1275 recall@20: 0.1836 ] [ndcg@5: 0.0816 ndcg@10: 0.0969 ndcg@20: 0.1153 ] 
2025-09-29 00:21:48,836 - Epoch  39 Validation set [recall@5: 0.0830 recall@10: 0.1277 recall@20: 0.1840 ] [ndcg@5: 0.0815 ndcg@10: 0.0970 ndcg@20: 0.1154 ] 
2025-09-29 00:23:35,561 - Epoch  40 Validation set [recall@5: 0.0829 recall@10: 0.1282 recall@20: 0.1838 ] [ndcg@5: 0.0816 ndcg@10: 0.0972 ndcg@20: 0.1154 ] 
2025-09-29 00:25:43,570 - Epoch  41 Validation set [recall@5: 0.0829 recall@10: 0.1279 recall@20: 0.1838 ] [ndcg@5: 0.0817 ndcg@10: 0.0973 ndcg@20: 0.1156 ] 
2025-09-29 00:27:46,274 - Epoch  42 Validation set [recall@5: 0.0837 recall@10: 0.1287 recall@20: 0.1849 ] [ndcg@5: 0.0821 ndcg@10: 0.0976 ndcg@20: 0.1160 ] 
2025-09-29 00:30:14,721 - Epoch  43 Validation set [recall@5: 0.0837 recall@10: 0.1284 recall@20: 0.1846 ] [ndcg@5: 0.0823 ndcg@10: 0.0977 ndcg@20: 0.1161 ] 
2025-09-29 00:32:32,157 - Epoch  44 Validation set [recall@5: 0.0840 recall@10: 0.1280 recall@20: 0.1845 ] [ndcg@5: 0.0821 ndcg@10: 0.0974 ndcg@20: 0.1159 ] 
2025-09-29 00:34:51,274 - Epoch  45 Validation set [recall@5: 0.0831 recall@10: 0.1283 recall@20: 0.1847 ] [ndcg@5: 0.0819 ndcg@10: 0.0976 ndcg@20: 0.1161 ] 
2025-09-29 00:37:18,919 - Epoch  46 Validation set [recall@5: 0.0834 recall@10: 0.1279 recall@20: 0.1847 ] [ndcg@5: 0.0823 ndcg@10: 0.0976 ndcg@20: 0.1163 ] 
2025-09-29 00:39:50,457 - Epoch  47 Validation set [recall@5: 0.0838 recall@10: 0.1278 recall@20: 0.1849 ] [ndcg@5: 0.0821 ndcg@10: 0.0973 ndcg@20: 0.1160 ] 
2025-09-29 00:39:52,379 - [recall@5: 0.0837 recall@10: 0.1287 recall@20: 0.1849 ] [ndcg@5: 0.0821 ndcg@10: 0.0976 ndcg@20: 0.1160 ] 
2025-09-29 00:39:54,376 - [recall@5: 0.0826 recall@10: 0.1246 recall@20: 0.1802 ] [ndcg@5: 0.0825 ndcg@10: 0.0969 ndcg@20: 0.1149 ] 
2025-09-29 00:39:54,384 - Save model parameters to ./encoder/checkpoint/simgcl_rgcn/simgcl_rgcn-amazon-2023.pth
2025-09-29 00:39:54,385 - Best Epoch 42. Final test result: {'recall': array([0.08260604, 0.1245873 , 0.18017952]), 'ndcg': array([0.08248722, 0.09685029, 0.11487405])}.
