2025-09-28 13:39:35,152 - {'optimizer': {'name': 'adam', 'lr': 0.001, 'weight_decay': 0}, 'train': {'epoch': 3000, 'batch_size': 4096, 'save_model': True, 'loss': 'pairwise', 'test_step': 3, 'reproducible': True, 'seed': 2023, 'patience': 5}, 'test': {'metrics': ['recall', 'ndcg'], 'k': [5, 10, 20], 'batch_size': 1024}, 'data': {'type': 'general_agcf', 'name': 'amazon', 'mat_type': 'uai', 'pre_norm': True, 'user_num': 11000, 'item_num': 9332, 'user_item_num': 20332, 'attr_num': 1978}, 'model': {'name': 'simgcl_rgcn', 'label': 'ori', 'keep_rate': 1, 'embedding_size': 64, 'use_unify_layer_num': True, 'layer_num': 3, 'reg_weight': 1e-07, 'cl_weight': 0.1, 'amazon': {'keep_rate': 0.9, 'layer_num': 3, 'reg_weight': 1e-07, 'eps': 0.1, 'temperature': 0.2}, 'yelp': {'layer_num': 3, 'reg_weight': 1e-06, 'eps': 0.9, 'temperature': 0.2}, 'steam': {'layer_num': 2, 'reg_weight': 1e-06, 'eps': 0.2, 'temperature': 0.5}, 'Office': {'layer_num': 3, 'reg_weight': 1e-05, 'eps': 0.9, 'temperature': 0.2, 'cl_weight': 0.01}}}
2025-09-28 13:39:42,218 - Epoch   0 Validation set [recall@5: 0.0071 recall@10: 0.0118 recall@20: 0.0169 ] [ndcg@5: 0.0074 ndcg@10: 0.0090 ndcg@20: 0.0107 ] 
2025-09-28 13:39:55,328 - Epoch   3 Validation set [recall@5: 0.0345 recall@10: 0.0482 recall@20: 0.0665 ] [ndcg@5: 0.0349 ndcg@10: 0.0391 ndcg@20: 0.0449 ] 
2025-09-28 13:40:08,361 - Epoch   6 Validation set [recall@5: 0.0556 recall@10: 0.0815 recall@20: 0.1141 ] [ndcg@5: 0.0562 ndcg@10: 0.0646 ndcg@20: 0.0752 ] 
2025-09-28 13:40:21,164 - Epoch   9 Validation set [recall@5: 0.0654 recall@10: 0.0968 recall@20: 0.1398 ] [ndcg@5: 0.0659 ndcg@10: 0.0763 ndcg@20: 0.0904 ] 
2025-09-28 13:40:33,925 - Epoch  12 Validation set [recall@5: 0.0708 recall@10: 0.1046 recall@20: 0.1504 ] [ndcg@5: 0.0707 ndcg@10: 0.0822 ndcg@20: 0.0971 ] 
2025-09-28 13:40:46,653 - Epoch  15 Validation set [recall@5: 0.0749 recall@10: 0.1093 recall@20: 0.1563 ] [ndcg@5: 0.0745 ndcg@10: 0.0859 ndcg@20: 0.1013 ] 
2025-09-28 13:40:59,722 - Epoch  18 Validation set [recall@5: 0.0772 recall@10: 0.1129 recall@20: 0.1588 ] [ndcg@5: 0.0764 ndcg@10: 0.0884 ndcg@20: 0.1033 ] 
2025-09-28 13:41:12,545 - Epoch  21 Validation set [recall@5: 0.0780 recall@10: 0.1141 recall@20: 0.1618 ] [ndcg@5: 0.0772 ndcg@10: 0.0894 ndcg@20: 0.1048 ] 
2025-09-28 13:41:25,463 - Epoch  24 Validation set [recall@5: 0.0787 recall@10: 0.1159 recall@20: 0.1630 ] [ndcg@5: 0.0780 ndcg@10: 0.0904 ndcg@20: 0.1057 ] 
2025-09-28 13:41:38,497 - Epoch  27 Validation set [recall@5: 0.0788 recall@10: 0.1159 recall@20: 0.1640 ] [ndcg@5: 0.0781 ndcg@10: 0.0906 ndcg@20: 0.1062 ] 
2025-09-28 13:41:51,399 - Epoch  30 Validation set [recall@5: 0.0787 recall@10: 0.1157 recall@20: 0.1621 ] [ndcg@5: 0.0782 ndcg@10: 0.0905 ndcg@20: 0.1057 ] 
2025-09-28 13:42:04,645 - Epoch  33 Validation set [recall@5: 0.0783 recall@10: 0.1159 recall@20: 0.1619 ] [ndcg@5: 0.0776 ndcg@10: 0.0902 ndcg@20: 0.1053 ] 
2025-09-28 13:42:18,220 - Epoch  36 Validation set [recall@5: 0.0785 recall@10: 0.1163 recall@20: 0.1605 ] [ndcg@5: 0.0772 ndcg@10: 0.0901 ndcg@20: 0.1047 ] 
2025-09-28 13:42:30,792 - Epoch  39 Validation set [recall@5: 0.0783 recall@10: 0.1152 recall@20: 0.1592 ] [ndcg@5: 0.0773 ndcg@10: 0.0898 ndcg@20: 0.1043 ] 
2025-09-28 13:42:43,886 - Epoch  42 Validation set [recall@5: 0.0785 recall@10: 0.1151 recall@20: 0.1584 ] [ndcg@5: 0.0773 ndcg@10: 0.0898 ndcg@20: 0.1039 ] 
2025-09-28 13:42:45,336 - [recall@5: 0.0788 recall@10: 0.1159 recall@20: 0.1640 ] [ndcg@5: 0.0781 ndcg@10: 0.0906 ndcg@20: 0.1062 ] 
2025-09-28 13:42:46,742 - [recall@5: 0.0758 recall@10: 0.1108 recall@20: 0.1580 ] [ndcg@5: 0.0765 ndcg@10: 0.0884 ndcg@20: 0.1036 ] 
2025-09-28 13:42:46,751 - Save model parameters to ./encoder/checkpoint/simgcl_rgcn/simgcl_rgcn-amazon-2023.pth
2025-09-28 13:42:46,752 - Best Epoch 27. Final test result: {'recall': array([0.07575203, 0.1108414 , 0.15804057]), 'ndcg': array([0.07653606, 0.08835703, 0.10355241])}.
