2026-06-13 22:58:27,748 - {'optimizer': {'name': 'adam', 'lr': 0.001, 'weight_decay': 0}, 'train': {'epoch': 3000, 'batch_size': 4096, 'save_model': True, 'loss': 'pairwise', 'test_step': 3, 'reproducible': True, 'seed': 2023, 'patience': 5}, 'test': {'metrics': ['recall', 'ndcg'], 'k': [5, 10, 20], 'batch_size': 1024}, 'data': {'type': 'general_agcf', 'name': 'amazon', 'mat_type': 'uai', 'pre_norm': True, 'user_num': 11000, 'item_num': 9332, 'user_item_num': 20332, 'attr_num': 1978}, 'model': {'name': 'simgcl_rgcn', 'label': 'ori', 'keep_rate': 0.9, 'embedding_size': 64, 'use_unify_layer_num': True, 'layer_num': 3, 'reg_weight': 1e-05, 'cl_weight': 0.1, 'amazon': {'keep_rate': 0.9, 'layer_num': 3, 'reg_weight': 1e-05, 'eps': 0.1, 'temperature': 0.2}, 'yelp': {'keep_rate': 0.95, 'layer_num': 3, 'reg_weight': 5e-06, 'eps': 0.9, 'temperature': 0.2}, 'steam': {'layer_num': 2, 'reg_weight': 1e-06, 'eps': 0.2, 'temperature': 0.2}, 'Office': {'layer_num': 3, 'reg_weight': 1e-05, 'eps': 0.9, 'temperature': 0.2, 'cl_weight': 0.01}}}
2026-06-13 22:58:35,670 - Epoch   0 Validation set [recall@5: 0.0206 recall@10: 0.0296 recall@20: 0.0418 ] [ndcg@5: 0.0206 ndcg@10: 0.0235 ndcg@20: 0.0274 ] 
2026-06-13 22:58:52,358 - Epoch   3 Validation set [recall@5: 0.0622 recall@10: 0.0948 recall@20: 0.1330 ] [ndcg@5: 0.0613 ndcg@10: 0.0724 ndcg@20: 0.0848 ] 
2026-06-13 22:59:09,601 - Epoch   6 Validation set [recall@5: 0.0632 recall@10: 0.0963 recall@20: 0.1408 ] [ndcg@5: 0.0618 ndcg@10: 0.0733 ndcg@20: 0.0876 ] 
2026-06-13 22:59:27,312 - Epoch   9 Validation set [recall@5: 0.0693 recall@10: 0.1078 recall@20: 0.1561 ] [ndcg@5: 0.0692 ndcg@10: 0.0824 ndcg@20: 0.0981 ] 
2026-06-13 22:59:44,009 - Epoch  12 Validation set [recall@5: 0.0739 recall@10: 0.1139 recall@20: 0.1663 ] [ndcg@5: 0.0736 ndcg@10: 0.0875 ndcg@20: 0.1043 ] 
2026-06-13 23:00:01,585 - Epoch  15 Validation set [recall@5: 0.0769 recall@10: 0.1183 recall@20: 0.1717 ] [ndcg@5: 0.0764 ndcg@10: 0.0908 ndcg@20: 0.1081 ] 
2026-06-13 23:00:18,729 - Epoch  18 Validation set [recall@5: 0.0798 recall@10: 0.1221 recall@20: 0.1767 ] [ndcg@5: 0.0787 ndcg@10: 0.0933 ndcg@20: 0.1110 ] 
2026-06-13 23:00:34,766 - Epoch  21 Validation set [recall@5: 0.0815 recall@10: 0.1246 recall@20: 0.1797 ] [ndcg@5: 0.0801 ndcg@10: 0.0950 ndcg@20: 0.1127 ] 
2026-06-13 23:00:51,179 - Epoch  24 Validation set [recall@5: 0.0826 recall@10: 0.1266 recall@20: 0.1813 ] [ndcg@5: 0.0812 ndcg@10: 0.0964 ndcg@20: 0.1142 ] 
2026-06-13 23:01:07,475 - Epoch  27 Validation set [recall@5: 0.0827 recall@10: 0.1278 recall@20: 0.1818 ] [ndcg@5: 0.0815 ndcg@10: 0.0968 ndcg@20: 0.1145 ] 
2026-06-13 23:01:23,959 - Epoch  30 Validation set [recall@5: 0.0834 recall@10: 0.1285 recall@20: 0.1820 ] [ndcg@5: 0.0817 ndcg@10: 0.0973 ndcg@20: 0.1147 ] 
2026-06-13 23:01:40,598 - Epoch  33 Validation set [recall@5: 0.0837 recall@10: 0.1285 recall@20: 0.1826 ] [ndcg@5: 0.0815 ndcg@10: 0.0970 ndcg@20: 0.1148 ] 
2026-06-13 23:01:57,240 - Epoch  36 Validation set [recall@5: 0.0841 recall@10: 0.1283 recall@20: 0.1831 ] [ndcg@5: 0.0817 ndcg@10: 0.0971 ndcg@20: 0.1150 ] 
2026-06-13 23:02:15,064 - Epoch  39 Validation set [recall@5: 0.0838 recall@10: 0.1280 recall@20: 0.1840 ] [ndcg@5: 0.0819 ndcg@10: 0.0972 ndcg@20: 0.1156 ] 
2026-06-13 23:02:31,781 - Epoch  42 Validation set [recall@5: 0.0839 recall@10: 0.1290 recall@20: 0.1848 ] [ndcg@5: 0.0820 ndcg@10: 0.0977 ndcg@20: 0.1159 ] 
2026-06-13 23:02:48,491 - Epoch  45 Validation set [recall@5: 0.0835 recall@10: 0.1287 recall@20: 0.1854 ] [ndcg@5: 0.0819 ndcg@10: 0.0977 ndcg@20: 0.1163 ] 
2026-06-13 23:03:04,747 - Epoch  48 Validation set [recall@5: 0.0838 recall@10: 0.1288 recall@20: 0.1850 ] [ndcg@5: 0.0822 ndcg@10: 0.0979 ndcg@20: 0.1162 ] 
2026-06-13 23:03:21,038 - Epoch  51 Validation set [recall@5: 0.0849 recall@10: 0.1300 recall@20: 0.1847 ] [ndcg@5: 0.0830 ndcg@10: 0.0986 ndcg@20: 0.1165 ] 
2026-06-13 23:03:37,306 - Epoch  54 Validation set [recall@5: 0.0839 recall@10: 0.1295 recall@20: 0.1856 ] [ndcg@5: 0.0831 ndcg@10: 0.0988 ndcg@20: 0.1171 ] 
2026-06-13 23:03:53,580 - Epoch  57 Validation set [recall@5: 0.0843 recall@10: 0.1299 recall@20: 0.1851 ] [ndcg@5: 0.0830 ndcg@10: 0.0988 ndcg@20: 0.1169 ] 
2026-06-13 23:04:09,933 - Epoch  60 Validation set [recall@5: 0.0847 recall@10: 0.1302 recall@20: 0.1849 ] [ndcg@5: 0.0832 ndcg@10: 0.0990 ndcg@20: 0.1169 ] 
2026-06-13 23:04:26,523 - Epoch  63 Validation set [recall@5: 0.0860 recall@10: 0.1300 recall@20: 0.1850 ] [ndcg@5: 0.0838 ndcg@10: 0.0987 ndcg@20: 0.1168 ] 
2026-06-13 23:04:43,821 - Epoch  66 Validation set [recall@5: 0.0842 recall@10: 0.1301 recall@20: 0.1847 ] [ndcg@5: 0.0827 ndcg@10: 0.0985 ndcg@20: 0.1165 ] 
2026-06-13 23:05:02,126 - Epoch  69 Validation set [recall@5: 0.0840 recall@10: 0.1290 recall@20: 0.1860 ] [ndcg@5: 0.0825 ndcg@10: 0.0980 ndcg@20: 0.1168 ] 
2026-06-13 23:05:19,909 - Epoch  72 Validation set [recall@5: 0.0838 recall@10: 0.1297 recall@20: 0.1859 ] [ndcg@5: 0.0830 ndcg@10: 0.0988 ndcg@20: 0.1172 ] 
2026-06-13 23:05:36,325 - Epoch  75 Validation set [recall@5: 0.0845 recall@10: 0.1299 recall@20: 0.1860 ] [ndcg@5: 0.0832 ndcg@10: 0.0990 ndcg@20: 0.1173 ] 
2026-06-13 23:05:52,547 - Epoch  78 Validation set [recall@5: 0.0849 recall@10: 0.1302 recall@20: 0.1872 ] [ndcg@5: 0.0834 ndcg@10: 0.0990 ndcg@20: 0.1175 ] 
2026-06-13 23:06:08,794 - Epoch  81 Validation set [recall@5: 0.0852 recall@10: 0.1302 recall@20: 0.1877 ] [ndcg@5: 0.0834 ndcg@10: 0.0988 ndcg@20: 0.1176 ] 
2026-06-13 23:06:25,048 - Epoch  84 Validation set [recall@5: 0.0849 recall@10: 0.1307 recall@20: 0.1869 ] [ndcg@5: 0.0836 ndcg@10: 0.0991 ndcg@20: 0.1175 ] 
2026-06-13 23:06:41,443 - Epoch  87 Validation set [recall@5: 0.0842 recall@10: 0.1297 recall@20: 0.1875 ] [ndcg@5: 0.0835 ndcg@10: 0.0990 ndcg@20: 0.1179 ] 
2026-06-13 23:06:59,355 - Epoch  90 Validation set [recall@5: 0.0849 recall@10: 0.1292 recall@20: 0.1864 ] [ndcg@5: 0.0840 ndcg@10: 0.0989 ndcg@20: 0.1177 ] 
2026-06-13 23:07:16,033 - Epoch  93 Validation set [recall@5: 0.0842 recall@10: 0.1303 recall@20: 0.1870 ] [ndcg@5: 0.0835 ndcg@10: 0.0993 ndcg@20: 0.1178 ] 
2026-06-13 23:07:32,441 - Epoch  96 Validation set [recall@5: 0.0845 recall@10: 0.1290 recall@20: 0.1873 ] [ndcg@5: 0.0837 ndcg@10: 0.0988 ndcg@20: 0.1178 ] 
2026-06-13 23:07:33,783 - [recall@5: 0.0852 recall@10: 0.1302 recall@20: 0.1877 ] [ndcg@5: 0.0834 ndcg@10: 0.0988 ndcg@20: 0.1176 ] 
2026-06-13 23:07:35,227 - [recall@5: 0.0820 recall@10: 0.1254 recall@20: 0.1818 ] [ndcg@5: 0.0818 ndcg@10: 0.0968 ndcg@20: 0.1152 ] 
2026-06-13 23:07:35,236 - Save model parameters to ./encoder/checkpoint/simgcl_rgcn/simgcl_rgcn-amazon-2023.pth
2026-06-13 23:07:35,236 - Best Epoch 81. Final test result: {'recall': array([0.08198345, 0.12539624, 0.18183372]), 'ndcg': array([0.08177867, 0.09683548, 0.11515975])}.
