2025-09-28 15:36:23,637 - {'optimizer': {'name': 'adam', 'lr': 0.001, 'weight_decay': 0}, 'train': {'epoch': 3000, 'batch_size': 8192, 'save_model': True, 'loss': 'pairwise', 'test_step': 3, 'reproducible': True, 'seed': 2023, 'patience': 5}, 'test': {'metrics': ['recall', 'ndcg'], 'k': [5, 10, 20], 'batch_size': 1024}, 'data': {'type': 'general_agcf', 'name': 'amazon', 'mat_type': 'uai', 'pre_norm': True, 'user_num': 11000, 'item_num': 9332, 'user_item_num': 20332, 'attr_num': 1978}, 'model': {'name': 'simgcl_rgcn', 'label': 'ori', 'keep_rate': 1, 'embedding_size': 64, 'use_unify_layer_num': True, 'layer_num': 3, 'reg_weight': 1e-07, 'cl_weight': 0.1, 'amazon': {'keep_rate': 0.9, 'layer_num': 3, 'reg_weight': 1e-07, 'eps': 0.1, 'temperature': 0.2}, 'yelp': {'keep_rate': 1, 'layer_num': 2, 'reg_weight': 1e-06, 'eps': 0.9, 'temperature': 0.2}, 'steam': {'layer_num': 2, 'reg_weight': 1e-06, 'eps': 0.2, 'temperature': 0.5}, 'Office': {'layer_num': 3, 'reg_weight': 1e-05, 'eps': 0.9, 'temperature': 0.2, 'cl_weight': 0.01}}}
2025-09-28 15:36:28,414 - Epoch   0 Validation set [recall@5: 0.0041 recall@10: 0.0066 recall@20: 0.0102 ] [ndcg@5: 0.0042 ndcg@10: 0.0051 ndcg@20: 0.0062 ] 
2025-09-28 15:36:36,483 - Epoch   3 Validation set [recall@5: 0.0213 recall@10: 0.0308 recall@20: 0.0420 ] [ndcg@5: 0.0210 ndcg@10: 0.0241 ndcg@20: 0.0276 ] 
2025-09-28 15:36:44,238 - Epoch   6 Validation set [recall@5: 0.0365 recall@10: 0.0513 recall@20: 0.0678 ] [ndcg@5: 0.0356 ndcg@10: 0.0405 ndcg@20: 0.0457 ] 
2025-09-28 15:36:52,543 - Epoch   9 Validation set [recall@5: 0.0488 recall@10: 0.0675 recall@20: 0.0896 ] [ndcg@5: 0.0481 ndcg@10: 0.0542 ndcg@20: 0.0612 ] 
2025-09-28 15:37:00,595 - Epoch  12 Validation set [recall@5: 0.0562 recall@10: 0.0814 recall@20: 0.1143 ] [ndcg@5: 0.0555 ndcg@10: 0.0636 ndcg@20: 0.0742 ] 
2025-09-28 15:37:08,853 - Epoch  15 Validation set [recall@5: 0.0649 recall@10: 0.0956 recall@20: 0.1349 ] [ndcg@5: 0.0643 ndcg@10: 0.0744 ndcg@20: 0.0872 ] 
2025-09-28 15:37:17,134 - Epoch  18 Validation set [recall@5: 0.0724 recall@10: 0.1082 recall@20: 0.1523 ] [ndcg@5: 0.0713 ndcg@10: 0.0833 ndcg@20: 0.0976 ] 
2025-09-28 15:37:25,314 - Epoch  21 Validation set [recall@5: 0.0770 recall@10: 0.1152 recall@20: 0.1632 ] [ndcg@5: 0.0763 ndcg@10: 0.0891 ndcg@20: 0.1045 ] 
2025-09-28 15:37:33,516 - Epoch  24 Validation set [recall@5: 0.0794 recall@10: 0.1198 recall@20: 0.1688 ] [ndcg@5: 0.0798 ndcg@10: 0.0932 ndcg@20: 0.1092 ] 
2025-09-28 15:37:41,698 - Epoch  27 Validation set [recall@5: 0.0828 recall@10: 0.1235 recall@20: 0.1730 ] [ndcg@5: 0.0823 ndcg@10: 0.0959 ndcg@20: 0.1120 ] 
2025-09-28 15:37:49,904 - Epoch  30 Validation set [recall@5: 0.0841 recall@10: 0.1256 recall@20: 0.1755 ] [ndcg@5: 0.0829 ndcg@10: 0.0969 ndcg@20: 0.1131 ] 
2025-09-28 15:37:58,659 - Epoch  33 Validation set [recall@5: 0.0854 recall@10: 0.1273 recall@20: 0.1761 ] [ndcg@5: 0.0836 ndcg@10: 0.0977 ndcg@20: 0.1135 ] 
2025-09-28 15:38:07,385 - Epoch  36 Validation set [recall@5: 0.0858 recall@10: 0.1276 recall@20: 0.1776 ] [ndcg@5: 0.0843 ndcg@10: 0.0983 ndcg@20: 0.1146 ] 
2025-09-28 15:38:16,260 - Epoch  39 Validation set [recall@5: 0.0857 recall@10: 0.1282 recall@20: 0.1775 ] [ndcg@5: 0.0845 ndcg@10: 0.0988 ndcg@20: 0.1148 ] 
2025-09-28 15:38:24,925 - Epoch  42 Validation set [recall@5: 0.0858 recall@10: 0.1284 recall@20: 0.1774 ] [ndcg@5: 0.0844 ndcg@10: 0.0987 ndcg@20: 0.1147 ] 
2025-09-28 15:38:33,374 - Epoch  45 Validation set [recall@5: 0.0863 recall@10: 0.1279 recall@20: 0.1773 ] [ndcg@5: 0.0846 ndcg@10: 0.0987 ndcg@20: 0.1147 ] 
2025-09-28 15:38:41,890 - Epoch  48 Validation set [recall@5: 0.0865 recall@10: 0.1272 recall@20: 0.1768 ] [ndcg@5: 0.0848 ndcg@10: 0.0985 ndcg@20: 0.1146 ] 
2025-09-28 15:38:50,765 - Epoch  51 Validation set [recall@5: 0.0864 recall@10: 0.1270 recall@20: 0.1764 ] [ndcg@5: 0.0847 ndcg@10: 0.0984 ndcg@20: 0.1144 ] 
2025-09-28 15:38:52,204 - [recall@5: 0.0858 recall@10: 0.1276 recall@20: 0.1776 ] [ndcg@5: 0.0843 ndcg@10: 0.0983 ndcg@20: 0.1146 ] 
2025-09-28 15:38:53,652 - [recall@5: 0.0835 recall@10: 0.1233 recall@20: 0.1726 ] [ndcg@5: 0.0850 ndcg@10: 0.0978 ndcg@20: 0.1138 ] 
2025-09-28 15:38:53,661 - Save model parameters to ./encoder/checkpoint/simgcl_rgcn/simgcl_rgcn-amazon-2023.pth
2025-09-28 15:38:53,662 - Best Epoch 36. Final test result: {'recall': array([0.08353178, 0.12326436, 0.17263979]), 'ndcg': array([0.08495039, 0.09778469, 0.1137552 ])}.
