2025-09-29 18:31:16,780 - {'optimizer': {'name': 'adam', 'lr': 0.001, 'weight_decay': 0}, 'train': {'epoch': 3000, 'batch_size': 4096, 'save_model': True, 'loss': 'pairwise', 'test_step': 3, 'reproducible': True, 'seed': 2023, 'patience': 5}, 'test': {'metrics': ['recall', 'ndcg'], 'k': [5, 10, 20], 'batch_size': 1024}, 'data': {'type': 'general_agcf', 'name': 'amazon', 'mat_type': 'uai', 'pre_norm': True, 'user_num': 11000, 'item_num': 9332, 'user_item_num': 20332, 'attr_num': 1978}, 'model': {'name': 'simgcl_rgcn', 'label': 'ori', 'keep_rate': 0.9, 'embedding_size': 64, 'use_unify_layer_num': True, 'layer_num': 3, 'reg_weight': 1e-05, 'cl_weight': 0.1, 'amazon': {'keep_rate': 0.9, 'layer_num': 3, 'reg_weight': 1e-05, 'eps': 0.1, 'temperature': 0.2}, 'yelp': {'keep_rate': 0.95, 'layer_num': 3, 'reg_weight': 5e-06, 'eps': 0.9, 'temperature': 0.2}, 'steam': {'layer_num': 2, 'reg_weight': 1e-06, 'eps': 0.2, 'temperature': 0.2}, 'Office': {'layer_num': 3, 'reg_weight': 1e-05, 'eps': 0.9, 'temperature': 0.2, 'cl_weight': 0.01}}}
2025-09-29 18:31:24,277 - Epoch   0 Validation set [recall@5: 0.0206 recall@10: 0.0296 recall@20: 0.0418 ] [ndcg@5: 0.0206 ndcg@10: 0.0235 ndcg@20: 0.0274 ] 
2025-09-29 18:31:39,764 - Epoch   3 Validation set [recall@5: 0.0622 recall@10: 0.0949 recall@20: 0.1330 ] [ndcg@5: 0.0614 ndcg@10: 0.0724 ndcg@20: 0.0849 ] 
2025-09-29 18:31:57,321 - Epoch   6 Validation set [recall@5: 0.0633 recall@10: 0.0962 recall@20: 0.1408 ] [ndcg@5: 0.0619 ndcg@10: 0.0733 ndcg@20: 0.0876 ] 
2025-09-29 18:32:14,837 - Epoch   9 Validation set [recall@5: 0.0693 recall@10: 0.1078 recall@20: 0.1562 ] [ndcg@5: 0.0692 ndcg@10: 0.0825 ndcg@20: 0.0981 ] 
2025-09-29 18:32:31,059 - Epoch  12 Validation set [recall@5: 0.0739 recall@10: 0.1139 recall@20: 0.1662 ] [ndcg@5: 0.0735 ndcg@10: 0.0875 ndcg@20: 0.1043 ] 
2025-09-29 18:32:47,497 - Epoch  15 Validation set [recall@5: 0.0769 recall@10: 0.1182 recall@20: 0.1718 ] [ndcg@5: 0.0764 ndcg@10: 0.0908 ndcg@20: 0.1081 ] 
2025-09-29 18:33:03,232 - Epoch  18 Validation set [recall@5: 0.0798 recall@10: 0.1220 recall@20: 0.1768 ] [ndcg@5: 0.0787 ndcg@10: 0.0933 ndcg@20: 0.1110 ] 
2025-09-29 18:33:18,683 - Epoch  21 Validation set [recall@5: 0.0814 recall@10: 0.1246 recall@20: 0.1798 ] [ndcg@5: 0.0800 ndcg@10: 0.0950 ndcg@20: 0.1127 ] 
2025-09-29 18:33:34,171 - Epoch  24 Validation set [recall@5: 0.0826 recall@10: 0.1266 recall@20: 0.1813 ] [ndcg@5: 0.0812 ndcg@10: 0.0963 ndcg@20: 0.1142 ] 
2025-09-29 18:33:50,139 - Epoch  27 Validation set [recall@5: 0.0828 recall@10: 0.1278 recall@20: 0.1819 ] [ndcg@5: 0.0815 ndcg@10: 0.0968 ndcg@20: 0.1145 ] 
2025-09-29 18:34:06,051 - Epoch  30 Validation set [recall@5: 0.0834 recall@10: 0.1285 recall@20: 0.1820 ] [ndcg@5: 0.0817 ndcg@10: 0.0973 ndcg@20: 0.1147 ] 
2025-09-29 18:34:21,455 - Epoch  33 Validation set [recall@5: 0.0837 recall@10: 0.1286 recall@20: 0.1827 ] [ndcg@5: 0.0815 ndcg@10: 0.0970 ndcg@20: 0.1148 ] 
2025-09-29 18:34:36,660 - Epoch  36 Validation set [recall@5: 0.0840 recall@10: 0.1283 recall@20: 0.1831 ] [ndcg@5: 0.0817 ndcg@10: 0.0971 ndcg@20: 0.1150 ] 
2025-09-29 18:34:51,807 - Epoch  39 Validation set [recall@5: 0.0839 recall@10: 0.1279 recall@20: 0.1840 ] [ndcg@5: 0.0819 ndcg@10: 0.0972 ndcg@20: 0.1155 ] 
2025-09-29 18:35:06,931 - Epoch  42 Validation set [recall@5: 0.0838 recall@10: 0.1290 recall@20: 0.1848 ] [ndcg@5: 0.0819 ndcg@10: 0.0977 ndcg@20: 0.1158 ] 
2025-09-29 18:35:23,289 - Epoch  45 Validation set [recall@5: 0.0835 recall@10: 0.1287 recall@20: 0.1854 ] [ndcg@5: 0.0819 ndcg@10: 0.0977 ndcg@20: 0.1163 ] 
2025-09-29 18:35:38,657 - Epoch  48 Validation set [recall@5: 0.0837 recall@10: 0.1287 recall@20: 0.1850 ] [ndcg@5: 0.0821 ndcg@10: 0.0978 ndcg@20: 0.1162 ] 
2025-09-29 18:35:53,431 - Epoch  51 Validation set [recall@5: 0.0849 recall@10: 0.1300 recall@20: 0.1847 ] [ndcg@5: 0.0830 ndcg@10: 0.0986 ndcg@20: 0.1165 ] 
2025-09-29 18:36:08,193 - Epoch  54 Validation set [recall@5: 0.0840 recall@10: 0.1297 recall@20: 0.1858 ] [ndcg@5: 0.0831 ndcg@10: 0.0988 ndcg@20: 0.1171 ] 
2025-09-29 18:36:24,197 - Epoch  57 Validation set [recall@5: 0.0844 recall@10: 0.1300 recall@20: 0.1850 ] [ndcg@5: 0.0830 ndcg@10: 0.0988 ndcg@20: 0.1169 ] 
2025-09-29 18:36:39,902 - Epoch  60 Validation set [recall@5: 0.0849 recall@10: 0.1304 recall@20: 0.1849 ] [ndcg@5: 0.0833 ndcg@10: 0.0991 ndcg@20: 0.1170 ] 
2025-09-29 18:36:54,672 - Epoch  63 Validation set [recall@5: 0.0860 recall@10: 0.1300 recall@20: 0.1850 ] [ndcg@5: 0.0838 ndcg@10: 0.0987 ndcg@20: 0.1169 ] 
2025-09-29 18:37:10,303 - Epoch  66 Validation set [recall@5: 0.0842 recall@10: 0.1301 recall@20: 0.1846 ] [ndcg@5: 0.0827 ndcg@10: 0.0986 ndcg@20: 0.1165 ] 
2025-09-29 18:37:25,692 - Epoch  69 Validation set [recall@5: 0.0840 recall@10: 0.1290 recall@20: 0.1858 ] [ndcg@5: 0.0826 ndcg@10: 0.0980 ndcg@20: 0.1167 ] 
2025-09-29 18:37:26,901 - [recall@5: 0.0840 recall@10: 0.1297 recall@20: 0.1858 ] [ndcg@5: 0.0831 ndcg@10: 0.0988 ndcg@20: 0.1171 ] 
2025-09-29 18:37:28,161 - [recall@5: 0.0824 recall@10: 0.1254 recall@20: 0.1803 ] [ndcg@5: 0.0822 ndcg@10: 0.0970 ndcg@20: 0.1149 ] 
2025-09-29 18:37:28,168 - Save model parameters to ./encoder/checkpoint/simgcl_rgcn/simgcl_rgcn-amazon-2023.pth
2025-09-29 18:37:28,168 - Best Epoch 54. Final test result: {'recall': array([0.08241225, 0.12539596, 0.18031119]), 'ndcg': array([0.08223187, 0.09700833, 0.11489667])}.
