2026-06-13 23:39:35,024 - {'optimizer': {'name': 'adam', 'lr': 0.001, 'weight_decay': 0}, 'train': {'epoch': 3000, 'batch_size': 4096, 'save_model': True, 'loss': 'pairwise', 'test_step': 3, 'reproducible': True, 'seed': 2023, 'patience': 5}, 'test': {'metrics': ['recall', 'ndcg'], 'k': [5, 10, 20], 'batch_size': 1024}, 'data': {'type': 'general_agcf', 'name': 'Office', 'mat_type': 'uai', 'pre_norm': True, 'user_num': 6338, 'item_num': 4461, 'user_item_num': 10799, 'attr_num': 4065}, 'model': {'name': 'simgcl_rgcn', 'label': 'ori', 'keep_rate': 1, 'embedding_size': 64, 'use_unify_layer_num': True, 'layer_num': 3, 'reg_weight': 1e-05, 'cl_weight': 0.01, 'amazon': {'keep_rate': 0.9, 'layer_num': 3, 'reg_weight': 1e-05, 'eps': 0.1, 'temperature': 0.2}, 'yelp': {'keep_rate': 0.95, 'layer_num': 3, 'reg_weight': 5e-06, 'eps': 0.9, 'temperature': 0.2}, 'steam': {'layer_num': 2, 'reg_weight': 1e-06, 'eps': 0.2, 'temperature': 0.2}, 'Office': {'layer_num': 3, 'reg_weight': 1e-05, 'eps': 0.9, 'temperature': 0.2, 'cl_weight': 0.01}}}
2026-06-13 23:39:38,707 - Epoch   0 Validation set [recall@5: 0.0052 recall@10: 0.0084 recall@20: 0.0141 ] [ndcg@5: 0.0044 ndcg@10: 0.0057 ndcg@20: 0.0076 ] 
2026-06-13 23:39:43,811 - Epoch   3 Validation set [recall@5: 0.0211 recall@10: 0.0342 recall@20: 0.0567 ] [ndcg@5: 0.0169 ndcg@10: 0.0223 ndcg@20: 0.0296 ] 
2026-06-13 23:39:48,862 - Epoch   6 Validation set [recall@5: 0.0261 recall@10: 0.0464 recall@20: 0.0750 ] [ndcg@5: 0.0221 ndcg@10: 0.0305 ndcg@20: 0.0399 ] 
2026-06-13 23:39:53,789 - Epoch   9 Validation set [recall@5: 0.0309 recall@10: 0.0514 recall@20: 0.0806 ] [ndcg@5: 0.0260 ndcg@10: 0.0344 ndcg@20: 0.0441 ] 
2026-06-13 23:39:58,869 - Epoch  12 Validation set [recall@5: 0.0335 recall@10: 0.0548 recall@20: 0.0865 ] [ndcg@5: 0.0279 ndcg@10: 0.0365 ndcg@20: 0.0470 ] 
2026-06-13 23:40:03,935 - Epoch  15 Validation set [recall@5: 0.0333 recall@10: 0.0561 recall@20: 0.0883 ] [ndcg@5: 0.0280 ndcg@10: 0.0373 ndcg@20: 0.0480 ] 
2026-06-13 23:40:08,915 - Epoch  18 Validation set [recall@5: 0.0345 recall@10: 0.0571 recall@20: 0.0898 ] [ndcg@5: 0.0289 ndcg@10: 0.0381 ndcg@20: 0.0489 ] 
2026-06-13 23:40:14,212 - Epoch  21 Validation set [recall@5: 0.0349 recall@10: 0.0573 recall@20: 0.0915 ] [ndcg@5: 0.0291 ndcg@10: 0.0381 ndcg@20: 0.0494 ] 
2026-06-13 23:40:19,263 - Epoch  24 Validation set [recall@5: 0.0354 recall@10: 0.0579 recall@20: 0.0927 ] [ndcg@5: 0.0299 ndcg@10: 0.0389 ndcg@20: 0.0504 ] 
2026-06-13 23:40:24,488 - Epoch  27 Validation set [recall@5: 0.0352 recall@10: 0.0593 recall@20: 0.0932 ] [ndcg@5: 0.0300 ndcg@10: 0.0396 ndcg@20: 0.0507 ] 
2026-06-13 23:40:29,916 - Epoch  30 Validation set [recall@5: 0.0355 recall@10: 0.0591 recall@20: 0.0946 ] [ndcg@5: 0.0301 ndcg@10: 0.0396 ndcg@20: 0.0512 ] 
2026-06-13 23:40:35,076 - Epoch  33 Validation set [recall@5: 0.0370 recall@10: 0.0586 recall@20: 0.0955 ] [ndcg@5: 0.0312 ndcg@10: 0.0398 ndcg@20: 0.0520 ] 
2026-06-13 23:40:40,612 - Epoch  36 Validation set [recall@5: 0.0358 recall@10: 0.0608 recall@20: 0.0949 ] [ndcg@5: 0.0307 ndcg@10: 0.0408 ndcg@20: 0.0521 ] 
2026-06-13 23:40:46,235 - Epoch  39 Validation set [recall@5: 0.0367 recall@10: 0.0612 recall@20: 0.0966 ] [ndcg@5: 0.0311 ndcg@10: 0.0410 ndcg@20: 0.0526 ] 
2026-06-13 23:40:51,441 - Epoch  42 Validation set [recall@5: 0.0374 recall@10: 0.0623 recall@20: 0.0967 ] [ndcg@5: 0.0317 ndcg@10: 0.0417 ndcg@20: 0.0530 ] 
2026-06-13 23:40:56,621 - Epoch  45 Validation set [recall@5: 0.0378 recall@10: 0.0617 recall@20: 0.0969 ] [ndcg@5: 0.0320 ndcg@10: 0.0417 ndcg@20: 0.0533 ] 
2026-06-13 23:41:01,787 - Epoch  48 Validation set [recall@5: 0.0380 recall@10: 0.0615 recall@20: 0.0962 ] [ndcg@5: 0.0321 ndcg@10: 0.0416 ndcg@20: 0.0531 ] 
2026-06-13 23:41:07,426 - Epoch  51 Validation set [recall@5: 0.0369 recall@10: 0.0618 recall@20: 0.0958 ] [ndcg@5: 0.0318 ndcg@10: 0.0420 ndcg@20: 0.0533 ] 
2026-06-13 23:41:13,125 - Epoch  54 Validation set [recall@5: 0.0381 recall@10: 0.0618 recall@20: 0.0963 ] [ndcg@5: 0.0322 ndcg@10: 0.0418 ndcg@20: 0.0533 ] 
2026-06-13 23:41:18,217 - Epoch  57 Validation set [recall@5: 0.0383 recall@10: 0.0618 recall@20: 0.0967 ] [ndcg@5: 0.0325 ndcg@10: 0.0421 ndcg@20: 0.0536 ] 
2026-06-13 23:41:23,266 - Epoch  60 Validation set [recall@5: 0.0380 recall@10: 0.0618 recall@20: 0.0977 ] [ndcg@5: 0.0328 ndcg@10: 0.0425 ndcg@20: 0.0544 ] 
2026-06-13 23:41:28,264 - Epoch  63 Validation set [recall@5: 0.0378 recall@10: 0.0620 recall@20: 0.0987 ] [ndcg@5: 0.0329 ndcg@10: 0.0428 ndcg@20: 0.0550 ] 
2026-06-13 23:41:33,252 - Epoch  66 Validation set [recall@5: 0.0388 recall@10: 0.0626 recall@20: 0.0984 ] [ndcg@5: 0.0328 ndcg@10: 0.0425 ndcg@20: 0.0544 ] 
2026-06-13 23:41:38,193 - Epoch  69 Validation set [recall@5: 0.0392 recall@10: 0.0621 recall@20: 0.0987 ] [ndcg@5: 0.0334 ndcg@10: 0.0427 ndcg@20: 0.0549 ] 
2026-06-13 23:41:43,222 - Epoch  72 Validation set [recall@5: 0.0390 recall@10: 0.0634 recall@20: 0.1004 ] [ndcg@5: 0.0333 ndcg@10: 0.0432 ndcg@20: 0.0554 ] 
2026-06-13 23:41:48,220 - Epoch  75 Validation set [recall@5: 0.0393 recall@10: 0.0637 recall@20: 0.0996 ] [ndcg@5: 0.0338 ndcg@10: 0.0437 ndcg@20: 0.0556 ] 
2026-06-13 23:41:53,191 - Epoch  78 Validation set [recall@5: 0.0396 recall@10: 0.0634 recall@20: 0.0992 ] [ndcg@5: 0.0337 ndcg@10: 0.0434 ndcg@20: 0.0553 ] 
2026-06-13 23:41:58,161 - Epoch  81 Validation set [recall@5: 0.0385 recall@10: 0.0641 recall@20: 0.1001 ] [ndcg@5: 0.0332 ndcg@10: 0.0437 ndcg@20: 0.0556 ] 
2026-06-13 23:42:03,209 - Epoch  84 Validation set [recall@5: 0.0388 recall@10: 0.0639 recall@20: 0.1003 ] [ndcg@5: 0.0330 ndcg@10: 0.0433 ndcg@20: 0.0553 ] 
2026-06-13 23:42:08,215 - Epoch  87 Validation set [recall@5: 0.0386 recall@10: 0.0638 recall@20: 0.1007 ] [ndcg@5: 0.0330 ndcg@10: 0.0434 ndcg@20: 0.0556 ] 
2026-06-13 23:42:13,155 - Epoch  90 Validation set [recall@5: 0.0391 recall@10: 0.0645 recall@20: 0.1011 ] [ndcg@5: 0.0333 ndcg@10: 0.0436 ndcg@20: 0.0557 ] 
2026-06-13 23:42:18,212 - Epoch  93 Validation set [recall@5: 0.0394 recall@10: 0.0634 recall@20: 0.1012 ] [ndcg@5: 0.0335 ndcg@10: 0.0433 ndcg@20: 0.0558 ] 
2026-06-13 23:42:23,197 - Epoch  96 Validation set [recall@5: 0.0389 recall@10: 0.0643 recall@20: 0.1023 ] [ndcg@5: 0.0335 ndcg@10: 0.0439 ndcg@20: 0.0564 ] 
2026-06-13 23:42:28,218 - Epoch  99 Validation set [recall@5: 0.0394 recall@10: 0.0636 recall@20: 0.1009 ] [ndcg@5: 0.0338 ndcg@10: 0.0437 ndcg@20: 0.0560 ] 
2026-06-13 23:42:33,248 - Epoch 102 Validation set [recall@5: 0.0390 recall@10: 0.0642 recall@20: 0.1018 ] [ndcg@5: 0.0337 ndcg@10: 0.0440 ndcg@20: 0.0564 ] 
2026-06-13 23:42:38,247 - Epoch 105 Validation set [recall@5: 0.0390 recall@10: 0.0637 recall@20: 0.1017 ] [ndcg@5: 0.0338 ndcg@10: 0.0438 ndcg@20: 0.0564 ] 
2026-06-13 23:42:43,378 - Epoch 108 Validation set [recall@5: 0.0394 recall@10: 0.0641 recall@20: 0.1036 ] [ndcg@5: 0.0339 ndcg@10: 0.0439 ndcg@20: 0.0569 ] 
2026-06-13 23:42:49,387 - Epoch 111 Validation set [recall@5: 0.0409 recall@10: 0.0642 recall@20: 0.1029 ] [ndcg@5: 0.0345 ndcg@10: 0.0439 ndcg@20: 0.0567 ] 
2026-06-13 23:42:54,658 - Epoch 114 Validation set [recall@5: 0.0403 recall@10: 0.0644 recall@20: 0.1023 ] [ndcg@5: 0.0343 ndcg@10: 0.0439 ndcg@20: 0.0565 ] 
2026-06-13 23:42:59,781 - Epoch 117 Validation set [recall@5: 0.0411 recall@10: 0.0643 recall@20: 0.1019 ] [ndcg@5: 0.0346 ndcg@10: 0.0440 ndcg@20: 0.0564 ] 
2026-06-13 23:43:05,032 - Epoch 120 Validation set [recall@5: 0.0405 recall@10: 0.0650 recall@20: 0.1007 ] [ndcg@5: 0.0344 ndcg@10: 0.0443 ndcg@20: 0.0562 ] 
2026-06-13 23:43:10,897 - Epoch 123 Validation set [recall@5: 0.0406 recall@10: 0.0653 recall@20: 0.1005 ] [ndcg@5: 0.0344 ndcg@10: 0.0445 ndcg@20: 0.0561 ] 
2026-06-13 23:43:11,643 - [recall@5: 0.0394 recall@10: 0.0641 recall@20: 0.1036 ] [ndcg@5: 0.0339 ndcg@10: 0.0439 ndcg@20: 0.0569 ] 
2026-06-13 23:43:12,360 - [recall@5: 0.0365 recall@10: 0.0601 recall@20: 0.0976 ] [ndcg@5: 0.0361 ndcg@10: 0.0463 ndcg@20: 0.0600 ] 
2026-06-13 23:43:12,366 - Save model parameters to ./encoder/checkpoint/simgcl_rgcn/simgcl_rgcn-Office-2023.pth
2026-06-13 23:43:12,367 - Best Epoch 108. Final test result: {'recall': array([0.03652147, 0.06013953, 0.09763352]), 'ndcg': array([0.03610771, 0.04627007, 0.05998724])}.
