2025-09-29 17:07:35,588 - {'optimizer': {'name': 'adam', 'lr': 0.001, 'weight_decay': 0}, 'train': {'epoch': 3000, 'batch_size': 4096, 'save_model': True, 'loss': 'pairwise', 'test_step': 3, 'reproducible': True, 'seed': 2023, 'patience': 5}, 'test': {'metrics': ['recall', 'ndcg'], 'k': [5, 10, 20], 'batch_size': 1024}, 'data': {'type': 'general_agcf', 'name': 'Office', 'mat_type': 'uai', 'pre_norm': True, 'user_num': 6338, 'item_num': 4461, 'user_item_num': 10799, 'attr_num': 4065}, 'model': {'name': 'simgcl_rgcn', 'label': 'ori', 'keep_rate': 0.9, 'embedding_size': 64, 'use_unify_layer_num': True, 'layer_num': 3, 'reg_weight': 1e-06, 'cl_weight': 0.01, 'amazon': {'keep_rate': 0.9, 'layer_num': 3, 'reg_weight': 1e-05, 'eps': 0.1, 'temperature': 0.2}, 'yelp': {'keep_rate': 0.95, 'layer_num': 3, 'reg_weight': 5e-06, 'eps': 0.9, 'temperature': 0.2}, 'steam': {'layer_num': 2, 'reg_weight': 1e-06, 'eps': 0.2, 'temperature': 0.2}, 'Office': {'keep_rate': 0.9, 'layer_num': 3, 'reg_weight': 1e-06, 'eps': 0.1, 'temperature': 0.2, 'cl_weight': 0.01}}}
2025-09-29 17:07:39,475 - Epoch   0 Validation set [recall@5: 0.0039 recall@10: 0.0063 recall@20: 0.0116 ] [ndcg@5: 0.0035 ndcg@10: 0.0045 ndcg@20: 0.0062 ] 
2025-09-29 17:07:45,908 - Epoch   3 Validation set [recall@5: 0.0212 recall@10: 0.0346 recall@20: 0.0546 ] [ndcg@5: 0.0174 ndcg@10: 0.0229 ndcg@20: 0.0295 ] 
2025-09-29 17:07:51,941 - Epoch   6 Validation set [recall@5: 0.0257 recall@10: 0.0435 recall@20: 0.0694 ] [ndcg@5: 0.0217 ndcg@10: 0.0288 ndcg@20: 0.0373 ] 
2025-09-29 17:07:59,380 - Epoch   9 Validation set [recall@5: 0.0300 recall@10: 0.0504 recall@20: 0.0804 ] [ndcg@5: 0.0254 ndcg@10: 0.0336 ndcg@20: 0.0435 ] 
2025-09-29 17:08:07,092 - Epoch  12 Validation set [recall@5: 0.0328 recall@10: 0.0539 recall@20: 0.0861 ] [ndcg@5: 0.0280 ndcg@10: 0.0365 ndcg@20: 0.0472 ] 
2025-09-29 17:08:14,125 - Epoch  15 Validation set [recall@5: 0.0342 recall@10: 0.0562 recall@20: 0.0906 ] [ndcg@5: 0.0295 ndcg@10: 0.0384 ndcg@20: 0.0498 ] 
2025-09-29 17:08:21,448 - Epoch  18 Validation set [recall@5: 0.0359 recall@10: 0.0566 recall@20: 0.0933 ] [ndcg@5: 0.0304 ndcg@10: 0.0387 ndcg@20: 0.0509 ] 
2025-09-29 17:08:29,123 - Epoch  21 Validation set [recall@5: 0.0355 recall@10: 0.0590 recall@20: 0.0955 ] [ndcg@5: 0.0301 ndcg@10: 0.0395 ndcg@20: 0.0516 ] 
2025-09-29 17:08:36,112 - Epoch  24 Validation set [recall@5: 0.0363 recall@10: 0.0603 recall@20: 0.0952 ] [ndcg@5: 0.0308 ndcg@10: 0.0406 ndcg@20: 0.0520 ] 
2025-09-29 17:08:42,544 - Epoch  27 Validation set [recall@5: 0.0367 recall@10: 0.0610 recall@20: 0.0944 ] [ndcg@5: 0.0312 ndcg@10: 0.0410 ndcg@20: 0.0520 ] 
2025-09-29 17:08:49,895 - Epoch  30 Validation set [recall@5: 0.0377 recall@10: 0.0613 recall@20: 0.0944 ] [ndcg@5: 0.0318 ndcg@10: 0.0413 ndcg@20: 0.0523 ] 
2025-09-29 17:08:56,339 - Epoch  33 Validation set [recall@5: 0.0385 recall@10: 0.0613 recall@20: 0.0952 ] [ndcg@5: 0.0324 ndcg@10: 0.0416 ndcg@20: 0.0527 ] 
2025-09-29 17:09:03,255 - Epoch  36 Validation set [recall@5: 0.0384 recall@10: 0.0602 recall@20: 0.0956 ] [ndcg@5: 0.0325 ndcg@10: 0.0413 ndcg@20: 0.0529 ] 
2025-09-29 17:09:09,553 - Epoch  39 Validation set [recall@5: 0.0386 recall@10: 0.0600 recall@20: 0.0950 ] [ndcg@5: 0.0327 ndcg@10: 0.0413 ndcg@20: 0.0529 ] 
2025-09-29 17:09:15,851 - Epoch  42 Validation set [recall@5: 0.0385 recall@10: 0.0606 recall@20: 0.0951 ] [ndcg@5: 0.0325 ndcg@10: 0.0413 ndcg@20: 0.0527 ] 
2025-09-29 17:09:22,499 - Epoch  45 Validation set [recall@5: 0.0377 recall@10: 0.0613 recall@20: 0.0955 ] [ndcg@5: 0.0319 ndcg@10: 0.0414 ndcg@20: 0.0527 ] 
2025-09-29 17:09:28,590 - Epoch  48 Validation set [recall@5: 0.0370 recall@10: 0.0604 recall@20: 0.0956 ] [ndcg@5: 0.0316 ndcg@10: 0.0410 ndcg@20: 0.0526 ] 
2025-09-29 17:09:34,478 - Epoch  51 Validation set [recall@5: 0.0370 recall@10: 0.0611 recall@20: 0.0946 ] [ndcg@5: 0.0315 ndcg@10: 0.0412 ndcg@20: 0.0523 ] 
2025-09-29 17:09:40,620 - Epoch  54 Validation set [recall@5: 0.0376 recall@10: 0.0604 recall@20: 0.0948 ] [ndcg@5: 0.0317 ndcg@10: 0.0410 ndcg@20: 0.0523 ] 
2025-09-29 17:09:48,084 - Epoch  57 Validation set [recall@5: 0.0375 recall@10: 0.0609 recall@20: 0.0939 ] [ndcg@5: 0.0319 ndcg@10: 0.0414 ndcg@20: 0.0523 ] 
2025-09-29 17:09:55,363 - Epoch  60 Validation set [recall@5: 0.0370 recall@10: 0.0607 recall@20: 0.0937 ] [ndcg@5: 0.0319 ndcg@10: 0.0415 ndcg@20: 0.0524 ] 
2025-09-29 17:10:01,411 - Epoch  63 Validation set [recall@5: 0.0377 recall@10: 0.0612 recall@20: 0.0952 ] [ndcg@5: 0.0320 ndcg@10: 0.0415 ndcg@20: 0.0527 ] 
2025-09-29 17:10:01,970 - [recall@5: 0.0370 recall@10: 0.0604 recall@20: 0.0956 ] [ndcg@5: 0.0316 ndcg@10: 0.0410 ndcg@20: 0.0526 ] 
2025-09-29 17:10:02,555 - [recall@5: 0.0341 recall@10: 0.0550 recall@20: 0.0911 ] [ndcg@5: 0.0336 ndcg@10: 0.0425 ndcg@20: 0.0557 ] 
2025-09-29 17:10:02,561 - Save model parameters to ./encoder/checkpoint/simgcl_rgcn/simgcl_rgcn-Office-2023.pth
2025-09-29 17:10:02,561 - Best Epoch 48. Final test result: {'recall': array([0.03411654, 0.05497437, 0.09112559]), 'ndcg': array([0.03359882, 0.04250722, 0.05571701])}.
