2025-09-29 17:34:06,620 - {'optimizer': {'name': 'adam', 'lr': 0.001, 'weight_decay': 0}, 'train': {'epoch': 3000, 'batch_size': 4096, 'save_model': True, 'loss': 'pairwise', 'test_step': 3, 'reproducible': True, 'seed': 2023, 'patience': 5}, 'test': {'metrics': ['recall', 'ndcg'], 'k': [5, 10, 20], 'batch_size': 1024}, 'data': {'type': 'general_agcf', 'name': 'Office', 'mat_type': 'uai', 'pre_norm': True, 'user_num': 6338, 'item_num': 4461, 'user_item_num': 10799, 'attr_num': 4065}, 'model': {'name': 'simgcl_rgcn', 'label': 'ori', 'keep_rate': 1, 'embedding_size': 64, 'use_unify_layer_num': True, 'layer_num': 3, 'reg_weight': 1e-05, 'cl_weight': 0.01, 'amazon': {'keep_rate': 0.9, 'layer_num': 3, 'reg_weight': 1e-05, 'eps': 0.1, 'temperature': 0.2}, 'yelp': {'keep_rate': 0.95, 'layer_num': 3, 'reg_weight': 5e-06, 'eps': 0.9, 'temperature': 0.2}, 'steam': {'layer_num': 2, 'reg_weight': 1e-06, 'eps': 0.2, 'temperature': 0.2}, 'Office': {'layer_num': 3, 'reg_weight': 1e-05, 'eps': 0.9, 'temperature': 0.2, 'cl_weight': 0.01}}}
2025-09-29 17:34:10,896 - Epoch   0 Validation set [recall@5: 0.0052 recall@10: 0.0084 recall@20: 0.0141 ] [ndcg@5: 0.0044 ndcg@10: 0.0057 ndcg@20: 0.0076 ] 
2025-09-29 17:34:17,541 - Epoch   3 Validation set [recall@5: 0.0210 recall@10: 0.0342 recall@20: 0.0568 ] [ndcg@5: 0.0169 ndcg@10: 0.0223 ndcg@20: 0.0296 ] 
2025-09-29 17:34:23,570 - Epoch   6 Validation set [recall@5: 0.0261 recall@10: 0.0464 recall@20: 0.0750 ] [ndcg@5: 0.0221 ndcg@10: 0.0305 ndcg@20: 0.0399 ] 
2025-09-29 17:34:29,426 - Epoch   9 Validation set [recall@5: 0.0309 recall@10: 0.0514 recall@20: 0.0805 ] [ndcg@5: 0.0260 ndcg@10: 0.0344 ndcg@20: 0.0441 ] 
2025-09-29 17:34:35,501 - Epoch  12 Validation set [recall@5: 0.0336 recall@10: 0.0548 recall@20: 0.0865 ] [ndcg@5: 0.0280 ndcg@10: 0.0366 ndcg@20: 0.0470 ] 
2025-09-29 17:34:41,128 - Epoch  15 Validation set [recall@5: 0.0333 recall@10: 0.0561 recall@20: 0.0883 ] [ndcg@5: 0.0280 ndcg@10: 0.0373 ndcg@20: 0.0480 ] 
2025-09-29 17:34:47,589 - Epoch  18 Validation set [recall@5: 0.0345 recall@10: 0.0571 recall@20: 0.0898 ] [ndcg@5: 0.0289 ndcg@10: 0.0381 ndcg@20: 0.0488 ] 
2025-09-29 17:34:53,762 - Epoch  21 Validation set [recall@5: 0.0349 recall@10: 0.0571 recall@20: 0.0915 ] [ndcg@5: 0.0291 ndcg@10: 0.0380 ndcg@20: 0.0494 ] 
2025-09-29 17:34:59,541 - Epoch  24 Validation set [recall@5: 0.0354 recall@10: 0.0579 recall@20: 0.0927 ] [ndcg@5: 0.0299 ndcg@10: 0.0389 ndcg@20: 0.0504 ] 
2025-09-29 17:35:05,834 - Epoch  27 Validation set [recall@5: 0.0352 recall@10: 0.0592 recall@20: 0.0932 ] [ndcg@5: 0.0300 ndcg@10: 0.0395 ndcg@20: 0.0507 ] 
2025-09-29 17:35:12,951 - Epoch  30 Validation set [recall@5: 0.0354 recall@10: 0.0591 recall@20: 0.0946 ] [ndcg@5: 0.0301 ndcg@10: 0.0396 ndcg@20: 0.0512 ] 
2025-09-29 17:35:20,019 - Epoch  33 Validation set [recall@5: 0.0370 recall@10: 0.0586 recall@20: 0.0955 ] [ndcg@5: 0.0312 ndcg@10: 0.0398 ndcg@20: 0.0519 ] 
2025-09-29 17:35:27,225 - Epoch  36 Validation set [recall@5: 0.0358 recall@10: 0.0608 recall@20: 0.0948 ] [ndcg@5: 0.0307 ndcg@10: 0.0408 ndcg@20: 0.0520 ] 
2025-09-29 17:35:32,787 - Epoch  39 Validation set [recall@5: 0.0367 recall@10: 0.0612 recall@20: 0.0966 ] [ndcg@5: 0.0311 ndcg@10: 0.0410 ndcg@20: 0.0527 ] 
2025-09-29 17:35:38,959 - Epoch  42 Validation set [recall@5: 0.0374 recall@10: 0.0623 recall@20: 0.0967 ] [ndcg@5: 0.0317 ndcg@10: 0.0417 ndcg@20: 0.0530 ] 
2025-09-29 17:35:44,928 - Epoch  45 Validation set [recall@5: 0.0378 recall@10: 0.0618 recall@20: 0.0969 ] [ndcg@5: 0.0320 ndcg@10: 0.0417 ndcg@20: 0.0533 ] 
2025-09-29 17:35:50,718 - Epoch  48 Validation set [recall@5: 0.0379 recall@10: 0.0615 recall@20: 0.0962 ] [ndcg@5: 0.0320 ndcg@10: 0.0416 ndcg@20: 0.0531 ] 
2025-09-29 17:35:57,256 - Epoch  51 Validation set [recall@5: 0.0369 recall@10: 0.0618 recall@20: 0.0958 ] [ndcg@5: 0.0318 ndcg@10: 0.0420 ndcg@20: 0.0533 ] 
2025-09-29 17:36:03,323 - Epoch  54 Validation set [recall@5: 0.0381 recall@10: 0.0617 recall@20: 0.0963 ] [ndcg@5: 0.0321 ndcg@10: 0.0418 ndcg@20: 0.0533 ] 
2025-09-29 17:36:09,264 - Epoch  57 Validation set [recall@5: 0.0383 recall@10: 0.0618 recall@20: 0.0966 ] [ndcg@5: 0.0325 ndcg@10: 0.0421 ndcg@20: 0.0536 ] 
2025-09-29 17:36:16,020 - Epoch  60 Validation set [recall@5: 0.0380 recall@10: 0.0618 recall@20: 0.0977 ] [ndcg@5: 0.0328 ndcg@10: 0.0426 ndcg@20: 0.0544 ] 
2025-09-29 17:36:22,124 - Epoch  63 Validation set [recall@5: 0.0378 recall@10: 0.0620 recall@20: 0.0987 ] [ndcg@5: 0.0328 ndcg@10: 0.0428 ndcg@20: 0.0549 ] 
2025-09-29 17:36:27,449 - Epoch  66 Validation set [recall@5: 0.0388 recall@10: 0.0626 recall@20: 0.0984 ] [ndcg@5: 0.0328 ndcg@10: 0.0426 ndcg@20: 0.0544 ] 
2025-09-29 17:36:33,633 - Epoch  69 Validation set [recall@5: 0.0392 recall@10: 0.0620 recall@20: 0.0987 ] [ndcg@5: 0.0334 ndcg@10: 0.0427 ndcg@20: 0.0549 ] 
2025-09-29 17:36:39,715 - Epoch  72 Validation set [recall@5: 0.0390 recall@10: 0.0634 recall@20: 0.1004 ] [ndcg@5: 0.0333 ndcg@10: 0.0432 ndcg@20: 0.0554 ] 
2025-09-29 17:36:45,710 - Epoch  75 Validation set [recall@5: 0.0393 recall@10: 0.0637 recall@20: 0.0996 ] [ndcg@5: 0.0338 ndcg@10: 0.0438 ndcg@20: 0.0557 ] 
2025-09-29 17:36:51,678 - Epoch  78 Validation set [recall@5: 0.0396 recall@10: 0.0634 recall@20: 0.0992 ] [ndcg@5: 0.0337 ndcg@10: 0.0434 ndcg@20: 0.0552 ] 
2025-09-29 17:36:57,145 - Epoch  81 Validation set [recall@5: 0.0385 recall@10: 0.0641 recall@20: 0.1001 ] [ndcg@5: 0.0332 ndcg@10: 0.0437 ndcg@20: 0.0556 ] 
2025-09-29 17:37:03,496 - Epoch  84 Validation set [recall@5: 0.0388 recall@10: 0.0639 recall@20: 0.1003 ] [ndcg@5: 0.0330 ndcg@10: 0.0433 ndcg@20: 0.0553 ] 
2025-09-29 17:37:10,031 - Epoch  87 Validation set [recall@5: 0.0386 recall@10: 0.0639 recall@20: 0.1007 ] [ndcg@5: 0.0330 ndcg@10: 0.0434 ndcg@20: 0.0556 ] 
2025-09-29 17:37:16,596 - Epoch  90 Validation set [recall@5: 0.0390 recall@10: 0.0645 recall@20: 0.1011 ] [ndcg@5: 0.0333 ndcg@10: 0.0436 ndcg@20: 0.0557 ] 
2025-09-29 17:37:22,315 - Epoch  93 Validation set [recall@5: 0.0394 recall@10: 0.0635 recall@20: 0.1012 ] [ndcg@5: 0.0335 ndcg@10: 0.0433 ndcg@20: 0.0558 ] 
2025-09-29 17:37:28,992 - Epoch  96 Validation set [recall@5: 0.0389 recall@10: 0.0643 recall@20: 0.1023 ] [ndcg@5: 0.0335 ndcg@10: 0.0439 ndcg@20: 0.0564 ] 
2025-09-29 17:37:35,710 - Epoch  99 Validation set [recall@5: 0.0394 recall@10: 0.0636 recall@20: 0.1008 ] [ndcg@5: 0.0338 ndcg@10: 0.0437 ndcg@20: 0.0560 ] 
2025-09-29 17:37:41,372 - Epoch 102 Validation set [recall@5: 0.0390 recall@10: 0.0642 recall@20: 0.1018 ] [ndcg@5: 0.0337 ndcg@10: 0.0440 ndcg@20: 0.0564 ] 
2025-09-29 17:37:46,325 - Epoch 105 Validation set [recall@5: 0.0390 recall@10: 0.0637 recall@20: 0.1017 ] [ndcg@5: 0.0338 ndcg@10: 0.0438 ndcg@20: 0.0564 ] 
2025-09-29 17:37:51,029 - Epoch 108 Validation set [recall@5: 0.0394 recall@10: 0.0641 recall@20: 0.1036 ] [ndcg@5: 0.0339 ndcg@10: 0.0439 ndcg@20: 0.0569 ] 
2025-09-29 17:37:55,826 - Epoch 111 Validation set [recall@5: 0.0408 recall@10: 0.0642 recall@20: 0.1030 ] [ndcg@5: 0.0344 ndcg@10: 0.0439 ndcg@20: 0.0567 ] 
2025-09-29 17:38:01,407 - Epoch 114 Validation set [recall@5: 0.0403 recall@10: 0.0644 recall@20: 0.1023 ] [ndcg@5: 0.0343 ndcg@10: 0.0439 ndcg@20: 0.0565 ] 
2025-09-29 17:38:06,238 - Epoch 117 Validation set [recall@5: 0.0411 recall@10: 0.0642 recall@20: 0.1020 ] [ndcg@5: 0.0346 ndcg@10: 0.0440 ndcg@20: 0.0564 ] 
2025-09-29 17:38:11,131 - Epoch 120 Validation set [recall@5: 0.0405 recall@10: 0.0650 recall@20: 0.1006 ] [ndcg@5: 0.0344 ndcg@10: 0.0443 ndcg@20: 0.0561 ] 
2025-09-29 17:38:16,049 - Epoch 123 Validation set [recall@5: 0.0405 recall@10: 0.0653 recall@20: 0.1005 ] [ndcg@5: 0.0343 ndcg@10: 0.0444 ndcg@20: 0.0561 ] 
2025-09-29 17:38:16,596 - [recall@5: 0.0394 recall@10: 0.0641 recall@20: 0.1036 ] [ndcg@5: 0.0339 ndcg@10: 0.0439 ndcg@20: 0.0569 ] 
2025-09-29 17:38:17,217 - [recall@5: 0.0365 recall@10: 0.0601 recall@20: 0.0976 ] [ndcg@5: 0.0361 ndcg@10: 0.0463 ndcg@20: 0.0600 ] 
2025-09-29 17:38:17,222 - Save model parameters to ./encoder/checkpoint/simgcl_rgcn/simgcl_rgcn-Office-2023.pth
2025-09-29 17:38:17,222 - Best Epoch 108. Final test result: {'recall': array([0.03652147, 0.06013953, 0.09763352]), 'ndcg': array([0.03611284, 0.04627325, 0.05999064])}.
