2025-09-29 17:16:33,928 - {'optimizer': {'name': 'adam', 'lr': 0.001, 'weight_decay': 0}, 'train': {'epoch': 3000, 'batch_size': 4096, 'save_model': True, 'loss': 'pairwise', 'test_step': 3, 'reproducible': True, 'seed': 2023, 'patience': 5}, 'test': {'metrics': ['recall', 'ndcg'], 'k': [5, 10, 20], 'batch_size': 1024}, 'data': {'type': 'general_agcf', 'name': 'Office', 'mat_type': 'uai', 'pre_norm': True, 'user_num': 6338, 'item_num': 4461, 'user_item_num': 10799, 'attr_num': 4065}, 'model': {'name': 'simgcl_rgcn', 'label': 'ori', 'keep_rate': 1, 'embedding_size': 64, 'use_unify_layer_num': True, 'layer_num': 3, 'reg_weight': 1e-05, 'cl_weight': 0.01, 'amazon': {'keep_rate': 0.9, 'layer_num': 3, 'reg_weight': 1e-05, 'eps': 0.1, 'temperature': 0.2}, 'yelp': {'keep_rate': 0.95, 'layer_num': 3, 'reg_weight': 5e-06, 'eps': 0.9, 'temperature': 0.2}, 'steam': {'layer_num': 2, 'reg_weight': 1e-06, 'eps': 0.2, 'temperature': 0.2}, 'Office': {'layer_num': 3, 'reg_weight': 1e-05, 'eps': 0.1, 'temperature': 0.2, 'cl_weight': 0.01}}}
2025-09-29 17:16:37,587 - Epoch   0 Validation set [recall@5: 0.0035 recall@10: 0.0058 recall@20: 0.0107 ] [ndcg@5: 0.0030 ndcg@10: 0.0040 ndcg@20: 0.0056 ] 
2025-09-29 17:16:42,726 - Epoch   3 Validation set [recall@5: 0.0185 recall@10: 0.0331 recall@20: 0.0533 ] [ndcg@5: 0.0157 ndcg@10: 0.0217 ndcg@20: 0.0283 ] 
2025-09-29 17:16:47,351 - Epoch   6 Validation set [recall@5: 0.0250 recall@10: 0.0435 recall@20: 0.0716 ] [ndcg@5: 0.0212 ndcg@10: 0.0287 ndcg@20: 0.0380 ] 
2025-09-29 17:16:52,348 - Epoch   9 Validation set [recall@5: 0.0316 recall@10: 0.0531 recall@20: 0.0837 ] [ndcg@5: 0.0269 ndcg@10: 0.0355 ndcg@20: 0.0456 ] 
2025-09-29 17:16:57,271 - Epoch  12 Validation set [recall@5: 0.0349 recall@10: 0.0554 recall@20: 0.0900 ] [ndcg@5: 0.0298 ndcg@10: 0.0380 ndcg@20: 0.0495 ] 
2025-09-29 17:17:02,293 - Epoch  15 Validation set [recall@5: 0.0356 recall@10: 0.0577 recall@20: 0.0930 ] [ndcg@5: 0.0305 ndcg@10: 0.0394 ndcg@20: 0.0511 ] 
2025-09-29 17:17:07,500 - Epoch  18 Validation set [recall@5: 0.0367 recall@10: 0.0585 recall@20: 0.0950 ] [ndcg@5: 0.0312 ndcg@10: 0.0400 ndcg@20: 0.0520 ] 
2025-09-29 17:17:12,596 - Epoch  21 Validation set [recall@5: 0.0370 recall@10: 0.0603 recall@20: 0.0957 ] [ndcg@5: 0.0314 ndcg@10: 0.0408 ndcg@20: 0.0524 ] 
2025-09-29 17:17:17,552 - Epoch  24 Validation set [recall@5: 0.0369 recall@10: 0.0615 recall@20: 0.0964 ] [ndcg@5: 0.0316 ndcg@10: 0.0416 ndcg@20: 0.0531 ] 
2025-09-29 17:17:22,456 - Epoch  27 Validation set [recall@5: 0.0369 recall@10: 0.0614 recall@20: 0.0959 ] [ndcg@5: 0.0317 ndcg@10: 0.0417 ndcg@20: 0.0530 ] 
2025-09-29 17:17:27,416 - Epoch  30 Validation set [recall@5: 0.0375 recall@10: 0.0619 recall@20: 0.0963 ] [ndcg@5: 0.0318 ndcg@10: 0.0416 ndcg@20: 0.0529 ] 
2025-09-29 17:17:32,152 - Epoch  33 Validation set [recall@5: 0.0376 recall@10: 0.0617 recall@20: 0.0965 ] [ndcg@5: 0.0323 ndcg@10: 0.0420 ndcg@20: 0.0534 ] 
2025-09-29 17:17:37,213 - Epoch  36 Validation set [recall@5: 0.0377 recall@10: 0.0613 recall@20: 0.0962 ] [ndcg@5: 0.0321 ndcg@10: 0.0415 ndcg@20: 0.0530 ] 
2025-09-29 17:17:42,166 - Epoch  39 Validation set [recall@5: 0.0383 recall@10: 0.0611 recall@20: 0.0970 ] [ndcg@5: 0.0327 ndcg@10: 0.0418 ndcg@20: 0.0537 ] 
2025-09-29 17:17:47,114 - Epoch  42 Validation set [recall@5: 0.0379 recall@10: 0.0615 recall@20: 0.0980 ] [ndcg@5: 0.0323 ndcg@10: 0.0418 ndcg@20: 0.0537 ] 
2025-09-29 17:17:52,003 - Epoch  45 Validation set [recall@5: 0.0374 recall@10: 0.0630 recall@20: 0.0987 ] [ndcg@5: 0.0321 ndcg@10: 0.0424 ndcg@20: 0.0541 ] 
2025-09-29 17:17:56,845 - Epoch  48 Validation set [recall@5: 0.0383 recall@10: 0.0628 recall@20: 0.0983 ] [ndcg@5: 0.0328 ndcg@10: 0.0427 ndcg@20: 0.0544 ] 
2025-09-29 17:18:01,808 - Epoch  51 Validation set [recall@5: 0.0383 recall@10: 0.0629 recall@20: 0.0981 ] [ndcg@5: 0.0326 ndcg@10: 0.0426 ndcg@20: 0.0542 ] 
2025-09-29 17:18:06,751 - Epoch  54 Validation set [recall@5: 0.0381 recall@10: 0.0614 recall@20: 0.0980 ] [ndcg@5: 0.0321 ndcg@10: 0.0416 ndcg@20: 0.0537 ] 
2025-09-29 17:18:11,648 - Epoch  57 Validation set [recall@5: 0.0378 recall@10: 0.0611 recall@20: 0.0982 ] [ndcg@5: 0.0323 ndcg@10: 0.0418 ndcg@20: 0.0541 ] 
2025-09-29 17:18:16,402 - Epoch  60 Validation set [recall@5: 0.0388 recall@10: 0.0616 recall@20: 0.0976 ] [ndcg@5: 0.0331 ndcg@10: 0.0424 ndcg@20: 0.0543 ] 
2025-09-29 17:18:16,969 - [recall@5: 0.0374 recall@10: 0.0630 recall@20: 0.0987 ] [ndcg@5: 0.0321 ndcg@10: 0.0424 ndcg@20: 0.0541 ] 
2025-09-29 17:18:17,593 - [recall@5: 0.0360 recall@10: 0.0575 recall@20: 0.0937 ] [ndcg@5: 0.0352 ndcg@10: 0.0443 ndcg@20: 0.0574 ] 
2025-09-29 17:18:17,598 - Save model parameters to ./encoder/checkpoint/simgcl_rgcn/simgcl_rgcn-Office-2023.pth
2025-09-29 17:18:17,599 - Best Epoch 45. Final test result: {'recall': array([0.03595065, 0.05754457, 0.09369545]), 'ndcg': array([0.03518814, 0.04433145, 0.05744303])}.
