2025-10-03 22:28:48,260 - {'optimizer': {'name': 'adam', 'lr': 0.001, 'weight_decay': 0}, 'train': {'epoch': 3000, 'batch_size': 4096, 'save_model': True, 'loss': 'pairwise', 'test_step': 3, 'reproducible': True, 'seed': 2023, 'patience': 5}, 'test': {'metrics': ['recall', 'ndcg'], 'k': [5, 10, 20], 'batch_size': 1024}, 'data': {'type': 'general_agcf', 'name': 'Office', 'mat_type': 'uai', 'pre_norm': True, 'user_num': 6338, 'item_num': 4461, 'user_item_num': 10799, 'attr_num': 4065}, 'model': {'name': 'simgcl_rgcn', 'label': 'ori', 'keep_rate': 1, 'embedding_size': 64, 'use_unify_layer_num': True, 'layer_num': 3, 'reg_weight': 1e-05, 'cl_weight': 0.01, 'amazon': {'keep_rate': 0.9, 'layer_num': 3, 'reg_weight': 1e-05, 'eps': 0.1, 'temperature': 0.2}, 'yelp': {'keep_rate': 0.95, 'layer_num': 3, 'reg_weight': 5e-06, 'eps': 0.9, 'temperature': 0.2}, 'steam': {'layer_num': 2, 'reg_weight': 1e-06, 'eps': 0.2, 'temperature': 0.2}, 'Office': {'layer_num': 3, 'reg_weight': 1e-05, 'eps': 0.9, 'temperature': 0.2, 'cl_weight': 0.01}}}
2025-10-03 22:28:52,417 - Epoch   0 Validation set [recall@5: 0.0052 recall@10: 0.0084 recall@20: 0.0141 ] [ndcg@5: 0.0044 ndcg@10: 0.0057 ndcg@20: 0.0076 ] 
2025-10-03 22:28:58,028 - Epoch   3 Validation set [recall@5: 0.0210 recall@10: 0.0342 recall@20: 0.0568 ] [ndcg@5: 0.0169 ndcg@10: 0.0222 ndcg@20: 0.0296 ] 
2025-10-03 22:29:03,552 - Epoch   6 Validation set [recall@5: 0.0262 recall@10: 0.0464 recall@20: 0.0750 ] [ndcg@5: 0.0221 ndcg@10: 0.0305 ndcg@20: 0.0399 ] 
2025-10-03 22:29:09,238 - Epoch   9 Validation set [recall@5: 0.0309 recall@10: 0.0515 recall@20: 0.0806 ] [ndcg@5: 0.0260 ndcg@10: 0.0344 ndcg@20: 0.0441 ] 
2025-10-03 22:29:14,949 - Epoch  12 Validation set [recall@5: 0.0336 recall@10: 0.0548 recall@20: 0.0865 ] [ndcg@5: 0.0280 ndcg@10: 0.0366 ndcg@20: 0.0470 ] 
2025-10-03 22:29:20,633 - Epoch  15 Validation set [recall@5: 0.0333 recall@10: 0.0561 recall@20: 0.0883 ] [ndcg@5: 0.0280 ndcg@10: 0.0373 ndcg@20: 0.0480 ] 
2025-10-03 22:29:26,247 - Epoch  18 Validation set [recall@5: 0.0344 recall@10: 0.0571 recall@20: 0.0898 ] [ndcg@5: 0.0289 ndcg@10: 0.0381 ndcg@20: 0.0489 ] 
2025-10-03 22:29:31,909 - Epoch  21 Validation set [recall@5: 0.0349 recall@10: 0.0572 recall@20: 0.0915 ] [ndcg@5: 0.0291 ndcg@10: 0.0381 ndcg@20: 0.0494 ] 
2025-10-03 22:29:37,601 - Epoch  24 Validation set [recall@5: 0.0354 recall@10: 0.0578 recall@20: 0.0927 ] [ndcg@5: 0.0299 ndcg@10: 0.0389 ndcg@20: 0.0504 ] 
2025-10-03 22:29:43,022 - Epoch  27 Validation set [recall@5: 0.0352 recall@10: 0.0592 recall@20: 0.0932 ] [ndcg@5: 0.0300 ndcg@10: 0.0395 ndcg@20: 0.0507 ] 
2025-10-03 22:29:48,532 - Epoch  30 Validation set [recall@5: 0.0354 recall@10: 0.0591 recall@20: 0.0946 ] [ndcg@5: 0.0301 ndcg@10: 0.0396 ndcg@20: 0.0512 ] 
2025-10-03 22:29:54,048 - Epoch  33 Validation set [recall@5: 0.0369 recall@10: 0.0586 recall@20: 0.0956 ] [ndcg@5: 0.0311 ndcg@10: 0.0398 ndcg@20: 0.0520 ] 
2025-10-03 22:29:59,564 - Epoch  36 Validation set [recall@5: 0.0358 recall@10: 0.0608 recall@20: 0.0948 ] [ndcg@5: 0.0307 ndcg@10: 0.0408 ndcg@20: 0.0520 ] 
2025-10-03 22:30:05,081 - Epoch  39 Validation set [recall@5: 0.0367 recall@10: 0.0612 recall@20: 0.0966 ] [ndcg@5: 0.0311 ndcg@10: 0.0410 ndcg@20: 0.0527 ] 
2025-10-03 22:30:10,514 - Epoch  42 Validation set [recall@5: 0.0374 recall@10: 0.0623 recall@20: 0.0967 ] [ndcg@5: 0.0316 ndcg@10: 0.0416 ndcg@20: 0.0530 ] 
2025-10-03 22:30:15,987 - Epoch  45 Validation set [recall@5: 0.0378 recall@10: 0.0617 recall@20: 0.0969 ] [ndcg@5: 0.0320 ndcg@10: 0.0417 ndcg@20: 0.0533 ] 
2025-10-03 22:30:21,471 - Epoch  48 Validation set [recall@5: 0.0379 recall@10: 0.0615 recall@20: 0.0962 ] [ndcg@5: 0.0320 ndcg@10: 0.0417 ndcg@20: 0.0531 ] 
2025-10-03 22:30:26,903 - Epoch  51 Validation set [recall@5: 0.0369 recall@10: 0.0618 recall@20: 0.0958 ] [ndcg@5: 0.0318 ndcg@10: 0.0420 ndcg@20: 0.0533 ] 
2025-10-03 22:30:32,590 - Epoch  54 Validation set [recall@5: 0.0381 recall@10: 0.0617 recall@20: 0.0961 ] [ndcg@5: 0.0321 ndcg@10: 0.0418 ndcg@20: 0.0532 ] 
2025-10-03 22:30:38,111 - Epoch  57 Validation set [recall@5: 0.0383 recall@10: 0.0618 recall@20: 0.0967 ] [ndcg@5: 0.0325 ndcg@10: 0.0421 ndcg@20: 0.0536 ] 
2025-10-03 22:30:43,578 - Epoch  60 Validation set [recall@5: 0.0380 recall@10: 0.0618 recall@20: 0.0978 ] [ndcg@5: 0.0328 ndcg@10: 0.0425 ndcg@20: 0.0544 ] 
2025-10-03 22:30:49,068 - Epoch  63 Validation set [recall@5: 0.0378 recall@10: 0.0620 recall@20: 0.0987 ] [ndcg@5: 0.0329 ndcg@10: 0.0428 ndcg@20: 0.0550 ] 
2025-10-03 22:30:54,687 - Epoch  66 Validation set [recall@5: 0.0389 recall@10: 0.0626 recall@20: 0.0986 ] [ndcg@5: 0.0329 ndcg@10: 0.0425 ndcg@20: 0.0544 ] 
2025-10-03 22:31:00,094 - Epoch  69 Validation set [recall@5: 0.0392 recall@10: 0.0620 recall@20: 0.0986 ] [ndcg@5: 0.0334 ndcg@10: 0.0427 ndcg@20: 0.0549 ] 
2025-10-03 22:31:05,653 - Epoch  72 Validation set [recall@5: 0.0390 recall@10: 0.0634 recall@20: 0.1004 ] [ndcg@5: 0.0333 ndcg@10: 0.0432 ndcg@20: 0.0554 ] 
2025-10-03 22:31:11,277 - Epoch  75 Validation set [recall@5: 0.0393 recall@10: 0.0637 recall@20: 0.0995 ] [ndcg@5: 0.0338 ndcg@10: 0.0438 ndcg@20: 0.0556 ] 
2025-10-03 22:31:16,732 - Epoch  78 Validation set [recall@5: 0.0395 recall@10: 0.0634 recall@20: 0.0991 ] [ndcg@5: 0.0336 ndcg@10: 0.0434 ndcg@20: 0.0552 ] 
2025-10-03 22:31:22,356 - Epoch  81 Validation set [recall@5: 0.0385 recall@10: 0.0641 recall@20: 0.1001 ] [ndcg@5: 0.0332 ndcg@10: 0.0437 ndcg@20: 0.0556 ] 
2025-10-03 22:31:27,720 - Epoch  84 Validation set [recall@5: 0.0388 recall@10: 0.0639 recall@20: 0.1003 ] [ndcg@5: 0.0330 ndcg@10: 0.0433 ndcg@20: 0.0553 ] 
2025-10-03 22:31:33,092 - Epoch  87 Validation set [recall@5: 0.0386 recall@10: 0.0638 recall@20: 0.1007 ] [ndcg@5: 0.0331 ndcg@10: 0.0433 ndcg@20: 0.0556 ] 
2025-10-03 22:31:38,571 - Epoch  90 Validation set [recall@5: 0.0391 recall@10: 0.0645 recall@20: 0.1011 ] [ndcg@5: 0.0333 ndcg@10: 0.0437 ndcg@20: 0.0557 ] 
2025-10-03 22:31:44,233 - Epoch  93 Validation set [recall@5: 0.0394 recall@10: 0.0634 recall@20: 0.1012 ] [ndcg@5: 0.0335 ndcg@10: 0.0433 ndcg@20: 0.0558 ] 
2025-10-03 22:31:49,783 - Epoch  96 Validation set [recall@5: 0.0390 recall@10: 0.0643 recall@20: 0.1023 ] [ndcg@5: 0.0335 ndcg@10: 0.0439 ndcg@20: 0.0563 ] 
2025-10-03 22:31:55,383 - Epoch  99 Validation set [recall@5: 0.0394 recall@10: 0.0636 recall@20: 0.1008 ] [ndcg@5: 0.0338 ndcg@10: 0.0437 ndcg@20: 0.0560 ] 
2025-10-03 22:32:00,895 - Epoch 102 Validation set [recall@5: 0.0390 recall@10: 0.0643 recall@20: 0.1018 ] [ndcg@5: 0.0337 ndcg@10: 0.0440 ndcg@20: 0.0564 ] 
2025-10-03 22:32:06,516 - Epoch 105 Validation set [recall@5: 0.0390 recall@10: 0.0637 recall@20: 0.1017 ] [ndcg@5: 0.0338 ndcg@10: 0.0438 ndcg@20: 0.0564 ] 
2025-10-03 22:32:11,923 - Epoch 108 Validation set [recall@5: 0.0394 recall@10: 0.0641 recall@20: 0.1036 ] [ndcg@5: 0.0339 ndcg@10: 0.0439 ndcg@20: 0.0569 ] 
2025-10-03 22:32:17,322 - Epoch 111 Validation set [recall@5: 0.0409 recall@10: 0.0642 recall@20: 0.1030 ] [ndcg@5: 0.0345 ndcg@10: 0.0439 ndcg@20: 0.0567 ] 
2025-10-03 22:32:22,999 - Epoch 114 Validation set [recall@5: 0.0403 recall@10: 0.0644 recall@20: 0.1023 ] [ndcg@5: 0.0343 ndcg@10: 0.0439 ndcg@20: 0.0565 ] 
2025-10-03 22:32:28,367 - Epoch 117 Validation set [recall@5: 0.0411 recall@10: 0.0643 recall@20: 0.1019 ] [ndcg@5: 0.0347 ndcg@10: 0.0440 ndcg@20: 0.0565 ] 
2025-10-03 22:32:34,060 - Epoch 120 Validation set [recall@5: 0.0405 recall@10: 0.0650 recall@20: 0.1007 ] [ndcg@5: 0.0344 ndcg@10: 0.0443 ndcg@20: 0.0561 ] 
2025-10-03 22:32:40,129 - Epoch 123 Validation set [recall@5: 0.0405 recall@10: 0.0653 recall@20: 0.1004 ] [ndcg@5: 0.0343 ndcg@10: 0.0444 ndcg@20: 0.0560 ] 
2025-10-03 22:32:40,839 - [recall@5: 0.0394 recall@10: 0.0641 recall@20: 0.1036 ] [ndcg@5: 0.0339 ndcg@10: 0.0439 ndcg@20: 0.0569 ] 
2025-10-03 22:32:41,613 - [recall@5: 0.0365 recall@10: 0.0602 recall@20: 0.0976 ] [ndcg@5: 0.0361 ndcg@10: 0.0463 ndcg@20: 0.0600 ] 
2025-10-03 22:32:41,619 - Save model parameters to ./encoder/checkpoint/simgcl_rgcn/simgcl_rgcn-Office-2023.pth
2025-10-03 22:32:41,619 - Best Epoch 108. Final test result: {'recall': array([0.03652147, 0.06016582, 0.09760347]), 'ndcg': array([0.03610771, 0.04628485, 0.05998149])}.
