2025-09-29 03:08:11,370 - {'optimizer': {'name': 'adam', 'lr': 0.001, 'weight_decay': 0}, 'train': {'epoch': 3000, 'batch_size': 4096, 'save_model': True, 'loss': 'pairwise', 'test_step': 1, 'reproducible': True, 'seed': 2023, 'patience': 5}, 'test': {'metrics': ['recall', 'ndcg'], 'k': [5, 10, 20], 'batch_size': 1024}, 'data': {'type': 'general_agcf', 'name': 'yelp', 'mat_type': 'uai', 'pre_norm': True, 'user_num': 11091, 'item_num': 11010, 'user_item_num': 22101, 'attr_num': 2607}, 'model': {'name': 'simgcl_rgcn', 'label': 'ori', 'keep_rate': 0.9, 'embedding_size': 64, 'use_unify_layer_num': True, 'layer_num': 3, 'reg_weight': 1e-07, 'cl_weight': 0.1, 'amazon': {'keep_rate': 0.9, 'layer_num': 3, 'reg_weight': 1e-05, 'eps': 0.1, 'temperature': 0.2}, 'yelp': {'keep_rate': 0.9, 'layer_num': 3, 'reg_weight': 1e-07, 'eps': 0.9, 'temperature': 0.2}, 'steam': {'layer_num': 2, 'reg_weight': 1e-06, 'eps': 0.2, 'temperature': 0.5}, 'Office': {'layer_num': 3, 'reg_weight': 1e-05, 'eps': 0.9, 'temperature': 0.2, 'cl_weight': 0.01}}}
2025-09-29 03:11:09,702 - Epoch   0 Validation set [recall@5: 0.0197 recall@10: 0.0328 recall@20: 0.0532 ] [ndcg@5: 0.0251 ndcg@10: 0.0286 ndcg@20: 0.0355 ] 
2025-09-29 03:13:47,613 - Epoch   1 Validation set [recall@5: 0.0344 recall@10: 0.0575 recall@20: 0.0945 ] [ndcg@5: 0.0413 ndcg@10: 0.0482 ndcg@20: 0.0604 ] 
2025-09-29 03:15:26,841 - Epoch   2 Validation set [recall@5: 0.0371 recall@10: 0.0609 recall@20: 0.0980 ] [ndcg@5: 0.0443 ndcg@10: 0.0512 ndcg@20: 0.0636 ] 
2025-09-29 03:17:40,390 - Epoch   3 Validation set [recall@5: 0.0392 recall@10: 0.0620 recall@20: 0.1016 ] [ndcg@5: 0.0454 ndcg@10: 0.0519 ndcg@20: 0.0650 ] 
2025-09-29 03:20:21,891 - Epoch   4 Validation set [recall@5: 0.0392 recall@10: 0.0639 recall@20: 0.1056 ] [ndcg@5: 0.0462 ndcg@10: 0.0533 ndcg@20: 0.0672 ] 
2025-09-29 03:22:40,016 - Epoch   5 Validation set [recall@5: 0.0401 recall@10: 0.0655 recall@20: 0.1090 ] [ndcg@5: 0.0474 ndcg@10: 0.0547 ndcg@20: 0.0691 ] 
2025-09-29 03:24:19,040 - Epoch   6 Validation set [recall@5: 0.0409 recall@10: 0.0676 recall@20: 0.1110 ] [ndcg@5: 0.0483 ndcg@10: 0.0559 ndcg@20: 0.0704 ] 
2025-09-29 03:26:30,618 - Epoch   7 Validation set [recall@5: 0.0421 recall@10: 0.0696 recall@20: 0.1133 ] [ndcg@5: 0.0497 ndcg@10: 0.0576 ndcg@20: 0.0723 ] 
2025-09-29 03:29:17,135 - Epoch   8 Validation set [recall@5: 0.0424 recall@10: 0.0714 recall@20: 0.1156 ] [ndcg@5: 0.0500 ndcg@10: 0.0585 ndcg@20: 0.0734 ] 
2025-09-29 03:31:27,268 - Epoch   9 Validation set [recall@5: 0.0432 recall@10: 0.0727 recall@20: 0.1172 ] [ndcg@5: 0.0510 ndcg@10: 0.0596 ndcg@20: 0.0746 ] 
2025-09-29 03:33:27,537 - Epoch  10 Validation set [recall@5: 0.0438 recall@10: 0.0734 recall@20: 0.1182 ] [ndcg@5: 0.0515 ndcg@10: 0.0602 ndcg@20: 0.0754 ] 
2025-09-29 03:35:23,073 - Epoch  11 Validation set [recall@5: 0.0447 recall@10: 0.0742 recall@20: 0.1205 ] [ndcg@5: 0.0521 ndcg@10: 0.0608 ndcg@20: 0.0765 ] 
2025-09-29 03:37:51,495 - Epoch  12 Validation set [recall@5: 0.0455 recall@10: 0.0745 recall@20: 0.1213 ] [ndcg@5: 0.0529 ndcg@10: 0.0613 ndcg@20: 0.0772 ] 
2025-09-29 03:39:59,654 - Epoch  13 Validation set [recall@5: 0.0459 recall@10: 0.0745 recall@20: 0.1214 ] [ndcg@5: 0.0533 ndcg@10: 0.0615 ndcg@20: 0.0776 ] 
2025-09-29 03:42:19,882 - Epoch  14 Validation set [recall@5: 0.0458 recall@10: 0.0754 recall@20: 0.1217 ] [ndcg@5: 0.0534 ndcg@10: 0.0622 ndcg@20: 0.0780 ] 
2025-09-29 03:44:31,817 - Epoch  15 Validation set [recall@5: 0.0458 recall@10: 0.0754 recall@20: 0.1225 ] [ndcg@5: 0.0535 ndcg@10: 0.0625 ndcg@20: 0.0785 ] 
2025-09-29 03:46:12,860 - Epoch  16 Validation set [recall@5: 0.0465 recall@10: 0.0756 recall@20: 0.1227 ] [ndcg@5: 0.0540 ndcg@10: 0.0628 ndcg@20: 0.0786 ] 
2025-09-29 03:48:40,887 - Epoch  17 Validation set [recall@5: 0.0459 recall@10: 0.0762 recall@20: 0.1230 ] [ndcg@5: 0.0540 ndcg@10: 0.0631 ndcg@20: 0.0788 ] 
2025-09-29 03:50:58,259 - Epoch  18 Validation set [recall@5: 0.0462 recall@10: 0.0757 recall@20: 0.1227 ] [ndcg@5: 0.0541 ndcg@10: 0.0629 ndcg@20: 0.0788 ] 
2025-09-29 03:52:57,738 - Epoch  19 Validation set [recall@5: 0.0453 recall@10: 0.0747 recall@20: 0.1225 ] [ndcg@5: 0.0535 ndcg@10: 0.0624 ndcg@20: 0.0785 ] 
2025-09-29 03:55:02,626 - Epoch  20 Validation set [recall@5: 0.0447 recall@10: 0.0758 recall@20: 0.1216 ] [ndcg@5: 0.0533 ndcg@10: 0.0627 ndcg@20: 0.0781 ] 
2025-09-29 03:57:21,393 - Epoch  21 Validation set [recall@5: 0.0456 recall@10: 0.0761 recall@20: 0.1214 ] [ndcg@5: 0.0537 ndcg@10: 0.0629 ndcg@20: 0.0782 ] 
2025-09-29 03:59:13,918 - Epoch  22 Validation set [recall@5: 0.0452 recall@10: 0.0767 recall@20: 0.1218 ] [ndcg@5: 0.0534 ndcg@10: 0.0629 ndcg@20: 0.0782 ] 
2025-09-29 03:59:15,511 - [recall@5: 0.0459 recall@10: 0.0762 recall@20: 0.1230 ] [ndcg@5: 0.0540 ndcg@10: 0.0631 ndcg@20: 0.0788 ] 
2025-09-29 03:59:17,156 - [recall@5: 0.0459 recall@10: 0.0764 recall@20: 0.1239 ] [ndcg@5: 0.0538 ndcg@10: 0.0632 ndcg@20: 0.0794 ] 
2025-09-29 03:59:17,165 - Save model parameters to ./encoder/checkpoint/simgcl_rgcn/simgcl_rgcn-yelp-2023.pth
2025-09-29 03:59:17,166 - Best Epoch 17. Final test result: {'recall': array([0.04586752, 0.07635819, 0.12386162]), 'ndcg': array([0.0538416 , 0.06319646, 0.07937608])}.
