2026-06-13 23:20:03,331 - {'optimizer': {'name': 'adam', 'lr': 0.001, 'weight_decay': 0}, 'train': {'epoch': 3000, 'batch_size': 4096, 'save_model': True, 'loss': 'pairwise', 'test_step': 3, 'reproducible': True, 'seed': 2023, 'patience': 5}, 'test': {'metrics': ['recall', 'ndcg'], 'k': [5, 10, 20], 'batch_size': 1024}, 'data': {'type': 'general_agcf', 'name': 'yelp', 'mat_type': 'uai', 'pre_norm': True, 'user_num': 11091, 'item_num': 11010, 'user_item_num': 22101, 'attr_num': 2607}, 'model': {'name': 'simgcl_rgcn', 'label': 'ori', 'keep_rate': 0.95, 'embedding_size': 64, 'use_unify_layer_num': True, 'layer_num': 3, 'reg_weight': 5e-06, 'cl_weight': 0.1, 'amazon': {'keep_rate': 0.9, 'layer_num': 3, 'reg_weight': 1e-05, 'eps': 0.1, 'temperature': 0.2}, 'yelp': {'keep_rate': 0.95, 'layer_num': 3, 'reg_weight': 5e-06, 'eps': 0.9, 'temperature': 0.2}, 'steam': {'layer_num': 2, 'reg_weight': 1e-06, 'eps': 0.2, 'temperature': 0.2}, 'Office': {'layer_num': 3, 'reg_weight': 1e-05, 'eps': 0.9, 'temperature': 0.2, 'cl_weight': 0.01}}}
2026-06-13 23:20:14,447 - Epoch   0 Validation set [recall@5: 0.0206 recall@10: 0.0342 recall@20: 0.0542 ] [ndcg@5: 0.0255 ndcg@10: 0.0293 ndcg@20: 0.0359 ] 
2026-06-13 23:20:41,254 - Epoch   3 Validation set [recall@5: 0.0384 recall@10: 0.0626 recall@20: 0.1025 ] [ndcg@5: 0.0451 ndcg@10: 0.0522 ndcg@20: 0.0655 ] 
2026-06-13 23:21:06,852 - Epoch   6 Validation set [recall@5: 0.0415 recall@10: 0.0678 recall@20: 0.1120 ] [ndcg@5: 0.0490 ndcg@10: 0.0565 ndcg@20: 0.0712 ] 
2026-06-13 23:21:33,799 - Epoch   9 Validation set [recall@5: 0.0442 recall@10: 0.0743 recall@20: 0.1188 ] [ndcg@5: 0.0516 ndcg@10: 0.0605 ndcg@20: 0.0755 ] 
2026-06-13 23:22:01,591 - Epoch  12 Validation set [recall@5: 0.0469 recall@10: 0.0758 recall@20: 0.1235 ] [ndcg@5: 0.0542 ndcg@10: 0.0625 ndcg@20: 0.0786 ] 
2026-06-13 23:22:27,333 - Epoch  15 Validation set [recall@5: 0.0486 recall@10: 0.0773 recall@20: 0.1265 ] [ndcg@5: 0.0559 ndcg@10: 0.0643 ndcg@20: 0.0810 ] 
2026-06-13 23:22:53,794 - Epoch  18 Validation set [recall@5: 0.0493 recall@10: 0.0795 recall@20: 0.1266 ] [ndcg@5: 0.0563 ndcg@10: 0.0655 ndcg@20: 0.0815 ] 
2026-06-13 23:23:19,345 - Epoch  21 Validation set [recall@5: 0.0489 recall@10: 0.0812 recall@20: 0.1297 ] [ndcg@5: 0.0564 ndcg@10: 0.0664 ndcg@20: 0.0828 ] 
2026-06-13 23:23:47,039 - Epoch  24 Validation set [recall@5: 0.0492 recall@10: 0.0813 recall@20: 0.1304 ] [ndcg@5: 0.0571 ndcg@10: 0.0668 ndcg@20: 0.0835 ] 
2026-06-13 23:24:15,035 - Epoch  27 Validation set [recall@5: 0.0504 recall@10: 0.0815 recall@20: 0.1314 ] [ndcg@5: 0.0582 ndcg@10: 0.0675 ndcg@20: 0.0845 ] 
2026-06-13 23:24:41,610 - Epoch  30 Validation set [recall@5: 0.0503 recall@10: 0.0836 recall@20: 0.1331 ] [ndcg@5: 0.0583 ndcg@10: 0.0686 ndcg@20: 0.0852 ] 
2026-06-13 23:25:07,354 - Epoch  33 Validation set [recall@5: 0.0511 recall@10: 0.0841 recall@20: 0.1339 ] [ndcg@5: 0.0588 ndcg@10: 0.0688 ndcg@20: 0.0856 ] 
2026-06-13 23:25:33,289 - Epoch  36 Validation set [recall@5: 0.0516 recall@10: 0.0846 recall@20: 0.1342 ] [ndcg@5: 0.0597 ndcg@10: 0.0696 ndcg@20: 0.0863 ] 
2026-06-13 23:25:59,619 - Epoch  39 Validation set [recall@5: 0.0527 recall@10: 0.0840 recall@20: 0.1346 ] [ndcg@5: 0.0603 ndcg@10: 0.0694 ndcg@20: 0.0865 ] 
2026-06-13 23:26:26,844 - Epoch  42 Validation set [recall@5: 0.0522 recall@10: 0.0850 recall@20: 0.1338 ] [ndcg@5: 0.0603 ndcg@10: 0.0700 ndcg@20: 0.0864 ] 
2026-06-13 23:26:55,586 - Epoch  45 Validation set [recall@5: 0.0522 recall@10: 0.0849 recall@20: 0.1346 ] [ndcg@5: 0.0606 ndcg@10: 0.0703 ndcg@20: 0.0868 ] 
2026-06-13 23:27:21,621 - Epoch  48 Validation set [recall@5: 0.0518 recall@10: 0.0847 recall@20: 0.1347 ] [ndcg@5: 0.0602 ndcg@10: 0.0700 ndcg@20: 0.0867 ] 
2026-06-13 23:27:47,568 - Epoch  51 Validation set [recall@5: 0.0519 recall@10: 0.0847 recall@20: 0.1346 ] [ndcg@5: 0.0603 ndcg@10: 0.0701 ndcg@20: 0.0869 ] 
2026-06-13 23:28:14,369 - Epoch  54 Validation set [recall@5: 0.0517 recall@10: 0.0852 recall@20: 0.1354 ] [ndcg@5: 0.0601 ndcg@10: 0.0701 ndcg@20: 0.0872 ] 
2026-06-13 23:28:42,686 - Epoch  57 Validation set [recall@5: 0.0523 recall@10: 0.0847 recall@20: 0.1350 ] [ndcg@5: 0.0605 ndcg@10: 0.0703 ndcg@20: 0.0872 ] 
2026-06-13 23:29:09,142 - Epoch  60 Validation set [recall@5: 0.0520 recall@10: 0.0849 recall@20: 0.1353 ] [ndcg@5: 0.0603 ndcg@10: 0.0702 ndcg@20: 0.0872 ] 
2026-06-13 23:29:34,930 - Epoch  63 Validation set [recall@5: 0.0517 recall@10: 0.0844 recall@20: 0.1348 ] [ndcg@5: 0.0602 ndcg@10: 0.0700 ndcg@20: 0.0870 ] 
2026-06-13 23:30:00,570 - Epoch  66 Validation set [recall@5: 0.0517 recall@10: 0.0845 recall@20: 0.1353 ] [ndcg@5: 0.0601 ndcg@10: 0.0698 ndcg@20: 0.0871 ] 
2026-06-13 23:30:26,061 - Epoch  69 Validation set [recall@5: 0.0518 recall@10: 0.0850 recall@20: 0.1356 ] [ndcg@5: 0.0602 ndcg@10: 0.0701 ndcg@20: 0.0871 ] 
2026-06-13 23:30:51,786 - Epoch  72 Validation set [recall@5: 0.0518 recall@10: 0.0845 recall@20: 0.1360 ] [ndcg@5: 0.0602 ndcg@10: 0.0699 ndcg@20: 0.0873 ] 
2026-06-13 23:31:18,988 - Epoch  75 Validation set [recall@5: 0.0516 recall@10: 0.0859 recall@20: 0.1365 ] [ndcg@5: 0.0601 ndcg@10: 0.0706 ndcg@20: 0.0875 ] 
2026-06-13 23:31:44,984 - Epoch  78 Validation set [recall@5: 0.0515 recall@10: 0.0843 recall@20: 0.1362 ] [ndcg@5: 0.0594 ndcg@10: 0.0694 ndcg@20: 0.0870 ] 
2026-06-13 23:32:10,487 - Epoch  81 Validation set [recall@5: 0.0517 recall@10: 0.0847 recall@20: 0.1355 ] [ndcg@5: 0.0595 ndcg@10: 0.0695 ndcg@20: 0.0867 ] 
2026-06-13 23:32:36,127 - Epoch  84 Validation set [recall@5: 0.0516 recall@10: 0.0850 recall@20: 0.1359 ] [ndcg@5: 0.0599 ndcg@10: 0.0700 ndcg@20: 0.0871 ] 
2026-06-13 23:33:01,784 - Epoch  87 Validation set [recall@5: 0.0519 recall@10: 0.0852 recall@20: 0.1360 ] [ndcg@5: 0.0600 ndcg@10: 0.0701 ndcg@20: 0.0871 ] 
2026-06-13 23:33:27,925 - Epoch  90 Validation set [recall@5: 0.0523 recall@10: 0.0844 recall@20: 0.1360 ] [ndcg@5: 0.0603 ndcg@10: 0.0697 ndcg@20: 0.0872 ] 
2026-06-13 23:33:29,658 - [recall@5: 0.0516 recall@10: 0.0859 recall@20: 0.1365 ] [ndcg@5: 0.0601 ndcg@10: 0.0706 ndcg@20: 0.0875 ] 
2026-06-13 23:33:31,367 - [recall@5: 0.0525 recall@10: 0.0856 recall@20: 0.1409 ] [ndcg@5: 0.0600 ndcg@10: 0.0703 ndcg@20: 0.0890 ] 
2026-06-13 23:33:31,376 - Save model parameters to ./encoder/checkpoint/simgcl_rgcn/simgcl_rgcn-yelp-2023.pth
2026-06-13 23:33:31,377 - Best Epoch 75. Final test result: {'recall': array([0.05248488, 0.08556829, 0.14089799]), 'ndcg': array([0.0599946 , 0.07030898, 0.08896989])}.
