2025-09-29 18:45:46,053 - {'optimizer': {'name': 'adam', 'lr': 0.001, 'weight_decay': 0}, 'train': {'epoch': 3000, 'batch_size': 4096, 'save_model': True, 'loss': 'pairwise', 'test_step': 3, 'reproducible': True, 'seed': 2023, 'patience': 5}, 'test': {'metrics': ['recall', 'ndcg'], 'k': [5, 10, 20], 'batch_size': 1024}, 'data': {'type': 'general_agcf', 'name': 'yelp', 'mat_type': 'uai', 'pre_norm': True, 'user_num': 11091, 'item_num': 11010, 'user_item_num': 22101, 'attr_num': 2607}, 'model': {'name': 'simgcl_rgcn', 'label': 'ori', 'keep_rate': 0.95, 'embedding_size': 64, 'use_unify_layer_num': True, 'layer_num': 3, 'reg_weight': 5e-06, 'cl_weight': 0.1, 'amazon': {'keep_rate': 0.9, 'layer_num': 3, 'reg_weight': 1e-05, 'eps': 0.1, 'temperature': 0.2}, 'yelp': {'keep_rate': 0.95, 'layer_num': 3, 'reg_weight': 5e-06, 'eps': 0.9, 'temperature': 0.2}, 'steam': {'layer_num': 2, 'reg_weight': 1e-06, 'eps': 0.2, 'temperature': 0.2}, 'Office': {'layer_num': 3, 'reg_weight': 1e-05, 'eps': 0.9, 'temperature': 0.2, 'cl_weight': 0.01}}}
2025-09-29 18:45:56,336 - Epoch   0 Validation set [recall@5: 0.0205 recall@10: 0.0342 recall@20: 0.0544 ] [ndcg@5: 0.0255 ndcg@10: 0.0293 ndcg@20: 0.0360 ] 
2025-09-29 18:46:23,232 - Epoch   3 Validation set [recall@5: 0.0383 recall@10: 0.0625 recall@20: 0.1025 ] [ndcg@5: 0.0451 ndcg@10: 0.0521 ndcg@20: 0.0655 ] 
2025-09-29 18:46:48,735 - Epoch   6 Validation set [recall@5: 0.0415 recall@10: 0.0679 recall@20: 0.1120 ] [ndcg@5: 0.0489 ndcg@10: 0.0565 ndcg@20: 0.0711 ] 
2025-09-29 18:47:14,771 - Epoch   9 Validation set [recall@5: 0.0440 recall@10: 0.0744 recall@20: 0.1189 ] [ndcg@5: 0.0515 ndcg@10: 0.0605 ndcg@20: 0.0755 ] 
2025-09-29 18:47:37,912 - Epoch  12 Validation set [recall@5: 0.0469 recall@10: 0.0759 recall@20: 0.1235 ] [ndcg@5: 0.0542 ndcg@10: 0.0625 ndcg@20: 0.0786 ] 
2025-09-29 18:48:02,345 - Epoch  15 Validation set [recall@5: 0.0487 recall@10: 0.0773 recall@20: 0.1265 ] [ndcg@5: 0.0559 ndcg@10: 0.0643 ndcg@20: 0.0810 ] 
2025-09-29 18:48:26,317 - Epoch  18 Validation set [recall@5: 0.0492 recall@10: 0.0796 recall@20: 0.1266 ] [ndcg@5: 0.0562 ndcg@10: 0.0655 ndcg@20: 0.0815 ] 
2025-09-29 18:48:51,456 - Epoch  21 Validation set [recall@5: 0.0491 recall@10: 0.0811 recall@20: 0.1296 ] [ndcg@5: 0.0565 ndcg@10: 0.0664 ndcg@20: 0.0828 ] 
2025-09-29 18:49:15,986 - Epoch  24 Validation set [recall@5: 0.0491 recall@10: 0.0812 recall@20: 0.1305 ] [ndcg@5: 0.0570 ndcg@10: 0.0668 ndcg@20: 0.0835 ] 
2025-09-29 18:49:40,158 - Epoch  27 Validation set [recall@5: 0.0504 recall@10: 0.0811 recall@20: 0.1315 ] [ndcg@5: 0.0582 ndcg@10: 0.0675 ndcg@20: 0.0845 ] 
2025-09-29 18:50:03,252 - Epoch  30 Validation set [recall@5: 0.0499 recall@10: 0.0835 recall@20: 0.1330 ] [ndcg@5: 0.0581 ndcg@10: 0.0685 ndcg@20: 0.0851 ] 
2025-09-29 18:50:26,829 - Epoch  33 Validation set [recall@5: 0.0511 recall@10: 0.0840 recall@20: 0.1336 ] [ndcg@5: 0.0588 ndcg@10: 0.0688 ndcg@20: 0.0855 ] 
2025-09-29 18:50:52,666 - Epoch  36 Validation set [recall@5: 0.0515 recall@10: 0.0845 recall@20: 0.1345 ] [ndcg@5: 0.0597 ndcg@10: 0.0695 ndcg@20: 0.0863 ] 
2025-09-29 18:51:16,293 - Epoch  39 Validation set [recall@5: 0.0527 recall@10: 0.0841 recall@20: 0.1345 ] [ndcg@5: 0.0603 ndcg@10: 0.0695 ndcg@20: 0.0865 ] 
2025-09-29 18:51:40,017 - Epoch  42 Validation set [recall@5: 0.0523 recall@10: 0.0851 recall@20: 0.1335 ] [ndcg@5: 0.0604 ndcg@10: 0.0700 ndcg@20: 0.0863 ] 
2025-09-29 18:52:05,938 - Epoch  45 Validation set [recall@5: 0.0521 recall@10: 0.0849 recall@20: 0.1343 ] [ndcg@5: 0.0606 ndcg@10: 0.0703 ndcg@20: 0.0867 ] 
2025-09-29 18:52:31,991 - Epoch  48 Validation set [recall@5: 0.0518 recall@10: 0.0845 recall@20: 0.1349 ] [ndcg@5: 0.0601 ndcg@10: 0.0699 ndcg@20: 0.0868 ] 
2025-09-29 18:52:58,247 - Epoch  51 Validation set [recall@5: 0.0517 recall@10: 0.0848 recall@20: 0.1346 ] [ndcg@5: 0.0603 ndcg@10: 0.0701 ndcg@20: 0.0869 ] 
2025-09-29 18:53:23,326 - Epoch  54 Validation set [recall@5: 0.0519 recall@10: 0.0850 recall@20: 0.1354 ] [ndcg@5: 0.0601 ndcg@10: 0.0700 ndcg@20: 0.0871 ] 
2025-09-29 18:53:47,808 - Epoch  57 Validation set [recall@5: 0.0523 recall@10: 0.0848 recall@20: 0.1353 ] [ndcg@5: 0.0605 ndcg@10: 0.0703 ndcg@20: 0.0873 ] 
2025-09-29 18:54:12,618 - Epoch  60 Validation set [recall@5: 0.0519 recall@10: 0.0849 recall@20: 0.1353 ] [ndcg@5: 0.0602 ndcg@10: 0.0702 ndcg@20: 0.0872 ] 
2025-09-29 18:54:38,537 - Epoch  63 Validation set [recall@5: 0.0516 recall@10: 0.0844 recall@20: 0.1347 ] [ndcg@5: 0.0601 ndcg@10: 0.0700 ndcg@20: 0.0870 ] 
2025-09-29 18:55:02,552 - Epoch  66 Validation set [recall@5: 0.0518 recall@10: 0.0846 recall@20: 0.1351 ] [ndcg@5: 0.0602 ndcg@10: 0.0699 ndcg@20: 0.0871 ] 
2025-09-29 18:55:25,022 - Epoch  69 Validation set [recall@5: 0.0519 recall@10: 0.0850 recall@20: 0.1356 ] [ndcg@5: 0.0603 ndcg@10: 0.0701 ndcg@20: 0.0872 ] 
2025-09-29 18:55:50,551 - Epoch  72 Validation set [recall@5: 0.0519 recall@10: 0.0845 recall@20: 0.1358 ] [ndcg@5: 0.0603 ndcg@10: 0.0699 ndcg@20: 0.0873 ] 
2025-09-29 18:56:14,563 - Epoch  75 Validation set [recall@5: 0.0517 recall@10: 0.0858 recall@20: 0.1366 ] [ndcg@5: 0.0601 ndcg@10: 0.0705 ndcg@20: 0.0875 ] 
2025-09-29 18:56:39,988 - Epoch  78 Validation set [recall@5: 0.0515 recall@10: 0.0842 recall@20: 0.1360 ] [ndcg@5: 0.0595 ndcg@10: 0.0695 ndcg@20: 0.0870 ] 
2025-09-29 18:57:03,658 - Epoch  81 Validation set [recall@5: 0.0516 recall@10: 0.0847 recall@20: 0.1352 ] [ndcg@5: 0.0595 ndcg@10: 0.0695 ndcg@20: 0.0866 ] 
2025-09-29 18:57:26,788 - Epoch  84 Validation set [recall@5: 0.0518 recall@10: 0.0849 recall@20: 0.1359 ] [ndcg@5: 0.0601 ndcg@10: 0.0700 ndcg@20: 0.0871 ] 
2025-09-29 18:57:51,394 - Epoch  87 Validation set [recall@5: 0.0519 recall@10: 0.0852 recall@20: 0.1356 ] [ndcg@5: 0.0599 ndcg@10: 0.0700 ndcg@20: 0.0869 ] 
2025-09-29 18:58:15,266 - Epoch  90 Validation set [recall@5: 0.0522 recall@10: 0.0846 recall@20: 0.1363 ] [ndcg@5: 0.0601 ndcg@10: 0.0698 ndcg@20: 0.0872 ] 
2025-09-29 18:58:17,068 - [recall@5: 0.0517 recall@10: 0.0858 recall@20: 0.1366 ] [ndcg@5: 0.0601 ndcg@10: 0.0705 ndcg@20: 0.0875 ] 
2025-09-29 18:58:18,894 - [recall@5: 0.0524 recall@10: 0.0856 recall@20: 0.1409 ] [ndcg@5: 0.0600 ndcg@10: 0.0703 ndcg@20: 0.0890 ] 
2025-09-29 18:58:18,904 - Save model parameters to ./encoder/checkpoint/simgcl_rgcn/simgcl_rgcn-yelp-2023.pth
2025-09-29 18:58:18,905 - Best Epoch 75. Final test result: {'recall': array([0.05242744, 0.0855824 , 0.1408777 ]), 'ndcg': array([0.06000875, 0.07033009, 0.08897287])}.
