2025-09-29 16:24:33,432 - {'optimizer': {'name': 'adam', 'lr': 0.001, 'weight_decay': 0}, 'train': {'epoch': 3000, 'batch_size': 4096, 'save_model': True, 'loss': 'pairwise', 'test_step': 3, 'reproducible': True, 'seed': 2023, 'patience': 5}, 'test': {'metrics': ['recall', 'ndcg'], 'k': [5, 10, 20], 'batch_size': 1024}, 'data': {'type': 'general_agcf', 'name': 'yelp', 'mat_type': 'uai', 'pre_norm': True, 'user_num': 11091, 'item_num': 11010, 'user_item_num': 22101, 'attr_num': 2607}, 'model': {'name': 'simgcl_rgcn', 'label': 'ori', 'keep_rate': 0.95, 'embedding_size': 64, 'use_unify_layer_num': True, 'layer_num': 3, 'reg_weight': 5e-06, 'cl_weight': 0.1, 'amazon': {'keep_rate': 0.9, 'layer_num': 3, 'reg_weight': 1e-05, 'eps': 0.1, 'temperature': 0.2}, 'yelp': {'keep_rate': 0.95, 'layer_num': 3, 'reg_weight': 5e-06, 'eps': 0.9, 'temperature': 0.2}, 'steam': {'layer_num': 2, 'reg_weight': 1e-06, 'eps': 0.2, 'temperature': 0.2}, 'Office': {'layer_num': 3, 'reg_weight': 1e-05, 'eps': 0.9, 'temperature': 0.2, 'cl_weight': 0.01}}}
2025-09-29 16:24:44,591 - Epoch   0 Validation set [recall@5: 0.0203 recall@10: 0.0343 recall@20: 0.0542 ] [ndcg@5: 0.0254 ndcg@10: 0.0293 ndcg@20: 0.0359 ] 
2025-09-29 16:25:09,299 - Epoch   3 Validation set [recall@5: 0.0384 recall@10: 0.0626 recall@20: 0.1025 ] [ndcg@5: 0.0451 ndcg@10: 0.0522 ndcg@20: 0.0654 ] 
2025-09-29 16:25:33,201 - Epoch   6 Validation set [recall@5: 0.0416 recall@10: 0.0680 recall@20: 0.1120 ] [ndcg@5: 0.0490 ndcg@10: 0.0565 ndcg@20: 0.0712 ] 
2025-09-29 16:25:58,653 - Epoch   9 Validation set [recall@5: 0.0442 recall@10: 0.0743 recall@20: 0.1187 ] [ndcg@5: 0.0516 ndcg@10: 0.0605 ndcg@20: 0.0755 ] 
2025-09-29 16:26:23,423 - Epoch  12 Validation set [recall@5: 0.0469 recall@10: 0.0759 recall@20: 0.1234 ] [ndcg@5: 0.0542 ndcg@10: 0.0625 ndcg@20: 0.0785 ] 
2025-09-29 16:26:47,351 - Epoch  15 Validation set [recall@5: 0.0486 recall@10: 0.0773 recall@20: 0.1266 ] [ndcg@5: 0.0559 ndcg@10: 0.0643 ndcg@20: 0.0810 ] 
2025-09-29 16:27:12,011 - Epoch  18 Validation set [recall@5: 0.0492 recall@10: 0.0795 recall@20: 0.1266 ] [ndcg@5: 0.0561 ndcg@10: 0.0654 ndcg@20: 0.0814 ] 
2025-09-29 16:27:36,825 - Epoch  21 Validation set [recall@5: 0.0488 recall@10: 0.0812 recall@20: 0.1297 ] [ndcg@5: 0.0563 ndcg@10: 0.0664 ndcg@20: 0.0828 ] 
2025-09-29 16:28:01,398 - Epoch  24 Validation set [recall@5: 0.0491 recall@10: 0.0812 recall@20: 0.1304 ] [ndcg@5: 0.0570 ndcg@10: 0.0667 ndcg@20: 0.0834 ] 
2025-09-29 16:28:26,180 - Epoch  27 Validation set [recall@5: 0.0504 recall@10: 0.0812 recall@20: 0.1316 ] [ndcg@5: 0.0582 ndcg@10: 0.0675 ndcg@20: 0.0845 ] 
2025-09-29 16:28:49,740 - Epoch  30 Validation set [recall@5: 0.0503 recall@10: 0.0835 recall@20: 0.1332 ] [ndcg@5: 0.0583 ndcg@10: 0.0685 ndcg@20: 0.0852 ] 
2025-09-29 16:29:14,725 - Epoch  33 Validation set [recall@5: 0.0510 recall@10: 0.0841 recall@20: 0.1339 ] [ndcg@5: 0.0587 ndcg@10: 0.0688 ndcg@20: 0.0855 ] 
2025-09-29 16:29:40,526 - Epoch  36 Validation set [recall@5: 0.0515 recall@10: 0.0846 recall@20: 0.1343 ] [ndcg@5: 0.0597 ndcg@10: 0.0696 ndcg@20: 0.0863 ] 
2025-09-29 16:30:04,923 - Epoch  39 Validation set [recall@5: 0.0527 recall@10: 0.0840 recall@20: 0.1344 ] [ndcg@5: 0.0603 ndcg@10: 0.0695 ndcg@20: 0.0865 ] 
2025-09-29 16:30:32,036 - Epoch  42 Validation set [recall@5: 0.0522 recall@10: 0.0849 recall@20: 0.1338 ] [ndcg@5: 0.0603 ndcg@10: 0.0700 ndcg@20: 0.0864 ] 
2025-09-29 16:30:57,792 - Epoch  45 Validation set [recall@5: 0.0522 recall@10: 0.0849 recall@20: 0.1344 ] [ndcg@5: 0.0605 ndcg@10: 0.0702 ndcg@20: 0.0867 ] 
2025-09-29 16:31:23,834 - Epoch  48 Validation set [recall@5: 0.0518 recall@10: 0.0846 recall@20: 0.1348 ] [ndcg@5: 0.0602 ndcg@10: 0.0700 ndcg@20: 0.0868 ] 
2025-09-29 16:31:49,027 - Epoch  51 Validation set [recall@5: 0.0518 recall@10: 0.0849 recall@20: 0.1349 ] [ndcg@5: 0.0603 ndcg@10: 0.0701 ndcg@20: 0.0869 ] 
2025-09-29 16:32:15,288 - Epoch  54 Validation set [recall@5: 0.0518 recall@10: 0.0852 recall@20: 0.1355 ] [ndcg@5: 0.0601 ndcg@10: 0.0702 ndcg@20: 0.0872 ] 
2025-09-29 16:32:40,141 - Epoch  57 Validation set [recall@5: 0.0524 recall@10: 0.0846 recall@20: 0.1354 ] [ndcg@5: 0.0606 ndcg@10: 0.0702 ndcg@20: 0.0873 ] 
2025-09-29 16:33:05,908 - Epoch  60 Validation set [recall@5: 0.0520 recall@10: 0.0846 recall@20: 0.1353 ] [ndcg@5: 0.0602 ndcg@10: 0.0702 ndcg@20: 0.0873 ] 
2025-09-29 16:33:33,489 - Epoch  63 Validation set [recall@5: 0.0517 recall@10: 0.0844 recall@20: 0.1349 ] [ndcg@5: 0.0602 ndcg@10: 0.0700 ndcg@20: 0.0870 ] 
2025-09-29 16:33:57,873 - Epoch  66 Validation set [recall@5: 0.0517 recall@10: 0.0846 recall@20: 0.1353 ] [ndcg@5: 0.0601 ndcg@10: 0.0699 ndcg@20: 0.0871 ] 
2025-09-29 16:34:23,234 - Epoch  69 Validation set [recall@5: 0.0519 recall@10: 0.0849 recall@20: 0.1356 ] [ndcg@5: 0.0602 ndcg@10: 0.0700 ndcg@20: 0.0871 ] 
2025-09-29 16:34:46,314 - Epoch  72 Validation set [recall@5: 0.0519 recall@10: 0.0845 recall@20: 0.1357 ] [ndcg@5: 0.0603 ndcg@10: 0.0699 ndcg@20: 0.0873 ] 
2025-09-29 16:35:11,571 - Epoch  75 Validation set [recall@5: 0.0517 recall@10: 0.0858 recall@20: 0.1365 ] [ndcg@5: 0.0601 ndcg@10: 0.0705 ndcg@20: 0.0875 ] 
2025-09-29 16:35:36,307 - Epoch  78 Validation set [recall@5: 0.0514 recall@10: 0.0842 recall@20: 0.1359 ] [ndcg@5: 0.0594 ndcg@10: 0.0695 ndcg@20: 0.0870 ] 
2025-09-29 16:36:01,093 - Epoch  81 Validation set [recall@5: 0.0517 recall@10: 0.0849 recall@20: 0.1356 ] [ndcg@5: 0.0597 ndcg@10: 0.0697 ndcg@20: 0.0868 ] 
2025-09-29 16:36:25,427 - Epoch  84 Validation set [recall@5: 0.0517 recall@10: 0.0851 recall@20: 0.1356 ] [ndcg@5: 0.0600 ndcg@10: 0.0700 ndcg@20: 0.0870 ] 
2025-09-29 16:36:50,879 - Epoch  87 Validation set [recall@5: 0.0519 recall@10: 0.0852 recall@20: 0.1359 ] [ndcg@5: 0.0600 ndcg@10: 0.0701 ndcg@20: 0.0871 ] 
2025-09-29 16:37:14,798 - Epoch  90 Validation set [recall@5: 0.0522 recall@10: 0.0844 recall@20: 0.1361 ] [ndcg@5: 0.0602 ndcg@10: 0.0697 ndcg@20: 0.0872 ] 
2025-09-29 16:37:16,319 - [recall@5: 0.0517 recall@10: 0.0858 recall@20: 0.1365 ] [ndcg@5: 0.0601 ndcg@10: 0.0705 ndcg@20: 0.0875 ] 
2025-09-29 16:37:17,829 - [recall@5: 0.0525 recall@10: 0.0855 recall@20: 0.1409 ] [ndcg@5: 0.0600 ndcg@10: 0.0703 ndcg@20: 0.0890 ] 
2025-09-29 16:37:17,838 - Save model parameters to ./encoder/checkpoint/simgcl_rgcn/simgcl_rgcn-yelp-2023.pth
2025-09-29 16:37:17,839 - Best Epoch 75. Final test result: {'recall': array([0.05252083, 0.08545585, 0.14089615]), 'ndcg': array([0.06002123, 0.07025982, 0.0889634 ])}.
