2025-09-29 10:52:57,223 - {'optimizer': {'name': 'adam', 'lr': 0.001, 'weight_decay': 0}, 'train': {'epoch': 3000, 'batch_size': 4096, 'save_model': True, 'loss': 'pairwise', 'test_step': 1, 'reproducible': True, 'seed': 2023, 'patience': 5}, 'test': {'metrics': ['recall', 'ndcg'], 'k': [5, 10, 20], 'batch_size': 1024}, 'data': {'type': 'general_agcf', 'name': 'yelp', 'mat_type': 'uai', 'pre_norm': True, 'user_num': 11091, 'item_num': 11010, 'user_item_num': 22101, 'attr_num': 2607}, 'model': {'name': 'simgcl_rgcn', 'label': 'ori', 'keep_rate': 0.9, 'embedding_size': 64, 'use_unify_layer_num': True, 'layer_num': 3, 'reg_weight': 1e-07, 'cl_weight': 0.1, 'amazon': {'keep_rate': 0.9, 'layer_num': 3, 'reg_weight': 1e-05, 'eps': 0.1, 'temperature': 0.2}, 'yelp': {'keep_rate': 0.9, 'layer_num': 3, 'reg_weight': 1e-07, 'eps': 0.9, 'temperature': 0.2}, 'steam': {'layer_num': 2, 'reg_weight': 1e-06, 'eps': 0.2, 'temperature': 0.2}, 'Office': {'layer_num': 3, 'reg_weight': 1e-05, 'eps': 0.9, 'temperature': 0.2, 'cl_weight': 0.01}}}
2025-09-29 10:53:16,191 - Epoch   0 Validation set [recall@5: 0.0197 recall@10: 0.0328 recall@20: 0.0531 ] [ndcg@5: 0.0252 ndcg@10: 0.0286 ndcg@20: 0.0355 ] 
2025-09-29 10:53:33,672 - Epoch   1 Validation set [recall@5: 0.0344 recall@10: 0.0576 recall@20: 0.0944 ] [ndcg@5: 0.0413 ndcg@10: 0.0483 ndcg@20: 0.0604 ] 
2025-09-29 10:53:52,544 - Epoch   2 Validation set [recall@5: 0.0372 recall@10: 0.0607 recall@20: 0.0980 ] [ndcg@5: 0.0443 ndcg@10: 0.0511 ndcg@20: 0.0637 ] 
2025-09-29 10:54:13,912 - Epoch   3 Validation set [recall@5: 0.0391 recall@10: 0.0620 recall@20: 0.1016 ] [ndcg@5: 0.0454 ndcg@10: 0.0519 ndcg@20: 0.0651 ] 
2025-09-29 10:54:33,392 - Epoch   4 Validation set [recall@5: 0.0392 recall@10: 0.0639 recall@20: 0.1056 ] [ndcg@5: 0.0462 ndcg@10: 0.0533 ndcg@20: 0.0672 ] 
2025-09-29 10:54:46,687 - Epoch   5 Validation set [recall@5: 0.0401 recall@10: 0.0655 recall@20: 0.1090 ] [ndcg@5: 0.0474 ndcg@10: 0.0547 ndcg@20: 0.0691 ] 
2025-09-29 10:55:03,019 - Epoch   6 Validation set [recall@5: 0.0409 recall@10: 0.0676 recall@20: 0.1111 ] [ndcg@5: 0.0483 ndcg@10: 0.0559 ndcg@20: 0.0704 ] 
2025-09-29 10:55:22,250 - Epoch   7 Validation set [recall@5: 0.0421 recall@10: 0.0696 recall@20: 0.1134 ] [ndcg@5: 0.0498 ndcg@10: 0.0576 ndcg@20: 0.0723 ] 
2025-09-29 10:55:40,783 - Epoch   8 Validation set [recall@5: 0.0424 recall@10: 0.0712 recall@20: 0.1156 ] [ndcg@5: 0.0501 ndcg@10: 0.0585 ndcg@20: 0.0734 ] 
2025-09-29 10:55:58,327 - Epoch   9 Validation set [recall@5: 0.0432 recall@10: 0.0728 recall@20: 0.1171 ] [ndcg@5: 0.0510 ndcg@10: 0.0596 ndcg@20: 0.0746 ] 
2025-09-29 10:56:12,756 - Epoch  10 Validation set [recall@5: 0.0438 recall@10: 0.0733 recall@20: 0.1181 ] [ndcg@5: 0.0515 ndcg@10: 0.0602 ndcg@20: 0.0754 ] 
2025-09-29 10:56:35,480 - Epoch  11 Validation set [recall@5: 0.0448 recall@10: 0.0743 recall@20: 0.1206 ] [ndcg@5: 0.0522 ndcg@10: 0.0608 ndcg@20: 0.0765 ] 
2025-09-29 10:56:59,318 - Epoch  12 Validation set [recall@5: 0.0455 recall@10: 0.0745 recall@20: 0.1213 ] [ndcg@5: 0.0529 ndcg@10: 0.0613 ndcg@20: 0.0772 ] 
2025-09-29 10:57:16,381 - Epoch  13 Validation set [recall@5: 0.0459 recall@10: 0.0746 recall@20: 0.1213 ] [ndcg@5: 0.0534 ndcg@10: 0.0616 ndcg@20: 0.0775 ] 
2025-09-29 10:57:41,703 - Epoch  14 Validation set [recall@5: 0.0458 recall@10: 0.0753 recall@20: 0.1219 ] [ndcg@5: 0.0535 ndcg@10: 0.0622 ndcg@20: 0.0780 ] 
2025-09-29 10:58:01,144 - Epoch  15 Validation set [recall@5: 0.0457 recall@10: 0.0754 recall@20: 0.1226 ] [ndcg@5: 0.0535 ndcg@10: 0.0624 ndcg@20: 0.0785 ] 
2025-09-29 10:58:16,806 - Epoch  16 Validation set [recall@5: 0.0464 recall@10: 0.0758 recall@20: 0.1227 ] [ndcg@5: 0.0540 ndcg@10: 0.0628 ndcg@20: 0.0786 ] 
2025-09-29 10:58:33,005 - Epoch  17 Validation set [recall@5: 0.0460 recall@10: 0.0760 recall@20: 0.1231 ] [ndcg@5: 0.0540 ndcg@10: 0.0630 ndcg@20: 0.0788 ] 
2025-09-29 10:58:51,281 - Epoch  18 Validation set [recall@5: 0.0462 recall@10: 0.0756 recall@20: 0.1226 ] [ndcg@5: 0.0541 ndcg@10: 0.0629 ndcg@20: 0.0788 ] 
2025-09-29 10:59:07,114 - Epoch  19 Validation set [recall@5: 0.0455 recall@10: 0.0748 recall@20: 0.1225 ] [ndcg@5: 0.0536 ndcg@10: 0.0624 ndcg@20: 0.0785 ] 
2025-09-29 10:59:24,006 - Epoch  20 Validation set [recall@5: 0.0448 recall@10: 0.0758 recall@20: 0.1216 ] [ndcg@5: 0.0533 ndcg@10: 0.0628 ndcg@20: 0.0782 ] 
2025-09-29 10:59:45,477 - Epoch  21 Validation set [recall@5: 0.0457 recall@10: 0.0761 recall@20: 0.1214 ] [ndcg@5: 0.0538 ndcg@10: 0.0630 ndcg@20: 0.0782 ] 
2025-09-29 10:59:59,440 - Epoch  22 Validation set [recall@5: 0.0452 recall@10: 0.0766 recall@20: 0.1215 ] [ndcg@5: 0.0533 ndcg@10: 0.0629 ndcg@20: 0.0781 ] 
2025-09-29 11:00:01,166 - [recall@5: 0.0460 recall@10: 0.0760 recall@20: 0.1231 ] [ndcg@5: 0.0540 ndcg@10: 0.0630 ndcg@20: 0.0788 ] 
2025-09-29 11:00:03,060 - [recall@5: 0.0458 recall@10: 0.0763 recall@20: 0.1241 ] [ndcg@5: 0.0538 ndcg@10: 0.0631 ndcg@20: 0.0794 ] 
2025-09-29 11:00:03,069 - Save model parameters to ./encoder/checkpoint/simgcl_rgcn/simgcl_rgcn-yelp-2023.pth
2025-09-29 11:00:03,070 - Best Epoch 17. Final test result: {'recall': array([0.04584167, 0.07631099, 0.12411472]), 'ndcg': array([0.05375634, 0.06311901, 0.07937905])}.
