2025-09-29 01:07:29,986 - {'optimizer': {'name': 'adam', 'lr': 0.001, 'weight_decay': 0}, 'train': {'epoch': 3000, 'batch_size': 4096, 'save_model': True, 'loss': 'pairwise', 'test_step': 1, 'reproducible': True, 'seed': 2023, 'patience': 5}, 'test': {'metrics': ['recall', 'ndcg'], 'k': [5, 10, 20], 'batch_size': 1024}, 'data': {'type': 'general_agcf', 'name': 'yelp', 'mat_type': 'uai', 'pre_norm': True, 'user_num': 11091, 'item_num': 11010, 'user_item_num': 22101, 'attr_num': 2607}, 'model': {'name': 'simgcl_rgcn', 'label': 'ori', 'keep_rate': 0.9, 'embedding_size': 64, 'use_unify_layer_num': True, 'layer_num': 3, 'reg_weight': 1e-05, 'cl_weight': 0.1, 'amazon': {'keep_rate': 0.9, 'layer_num': 3, 'reg_weight': 1e-05, 'eps': 0.1, 'temperature': 0.2}, 'yelp': {'keep_rate': 0.9, 'layer_num': 3, 'reg_weight': 1e-05, 'eps': 0.9, 'temperature': 0.2}, 'steam': {'layer_num': 2, 'reg_weight': 1e-06, 'eps': 0.2, 'temperature': 0.5}, 'Office': {'layer_num': 3, 'reg_weight': 1e-05, 'eps': 0.9, 'temperature': 0.2, 'cl_weight': 0.01}}}
2025-09-29 01:10:09,827 - Epoch   0 Validation set [recall@5: 0.0225 recall@10: 0.0378 recall@20: 0.0606 ] [ndcg@5: 0.0281 ndcg@10: 0.0324 ndcg@20: 0.0400 ] 
2025-09-29 01:13:08,656 - Epoch   1 Validation set [recall@5: 0.0366 recall@10: 0.0610 recall@20: 0.0992 ] [ndcg@5: 0.0437 ndcg@10: 0.0511 ndcg@20: 0.0638 ] 
2025-09-29 01:15:41,603 - Epoch   2 Validation set [recall@5: 0.0380 recall@10: 0.0615 recall@20: 0.1001 ] [ndcg@5: 0.0450 ndcg@10: 0.0519 ndcg@20: 0.0647 ] 
2025-09-29 01:18:44,609 - Epoch   3 Validation set [recall@5: 0.0387 recall@10: 0.0623 recall@20: 0.1026 ] [ndcg@5: 0.0451 ndcg@10: 0.0521 ndcg@20: 0.0654 ] 
2025-09-29 01:21:19,934 - Epoch   4 Validation set [recall@5: 0.0387 recall@10: 0.0635 recall@20: 0.1060 ] [ndcg@5: 0.0457 ndcg@10: 0.0530 ndcg@20: 0.0671 ] 
2025-09-29 01:24:04,193 - Epoch   5 Validation set [recall@5: 0.0393 recall@10: 0.0655 recall@20: 0.1089 ] [ndcg@5: 0.0464 ndcg@10: 0.0541 ndcg@20: 0.0685 ] 
2025-09-29 01:27:08,948 - Epoch   6 Validation set [recall@5: 0.0405 recall@10: 0.0672 recall@20: 0.1110 ] [ndcg@5: 0.0478 ndcg@10: 0.0556 ndcg@20: 0.0702 ] 
2025-09-29 01:29:50,744 - Epoch   7 Validation set [recall@5: 0.0421 recall@10: 0.0693 recall@20: 0.1130 ] [ndcg@5: 0.0492 ndcg@10: 0.0571 ndcg@20: 0.0716 ] 
2025-09-29 01:32:26,588 - Epoch   8 Validation set [recall@5: 0.0429 recall@10: 0.0709 recall@20: 0.1151 ] [ndcg@5: 0.0502 ndcg@10: 0.0582 ndcg@20: 0.0729 ] 
2025-09-29 01:35:31,506 - Epoch   9 Validation set [recall@5: 0.0433 recall@10: 0.0718 recall@20: 0.1174 ] [ndcg@5: 0.0504 ndcg@10: 0.0587 ndcg@20: 0.0739 ] 
2025-09-29 01:38:07,094 - Epoch  10 Validation set [recall@5: 0.0436 recall@10: 0.0723 recall@20: 0.1186 ] [ndcg@5: 0.0511 ndcg@10: 0.0595 ndcg@20: 0.0749 ] 
2025-09-29 01:40:25,300 - Epoch  11 Validation set [recall@5: 0.0443 recall@10: 0.0734 recall@20: 0.1181 ] [ndcg@5: 0.0520 ndcg@10: 0.0606 ndcg@20: 0.0756 ] 
2025-09-29 01:43:41,436 - Epoch  12 Validation set [recall@5: 0.0450 recall@10: 0.0740 recall@20: 0.1191 ] [ndcg@5: 0.0524 ndcg@10: 0.0609 ndcg@20: 0.0761 ] 
2025-09-29 01:46:07,478 - Epoch  13 Validation set [recall@5: 0.0456 recall@10: 0.0746 recall@20: 0.1200 ] [ndcg@5: 0.0529 ndcg@10: 0.0612 ndcg@20: 0.0766 ] 
2025-09-29 01:48:57,098 - Epoch  14 Validation set [recall@5: 0.0463 recall@10: 0.0750 recall@20: 0.1216 ] [ndcg@5: 0.0531 ndcg@10: 0.0615 ndcg@20: 0.0772 ] 
2025-09-29 01:51:43,354 - Epoch  15 Validation set [recall@5: 0.0464 recall@10: 0.0758 recall@20: 0.1223 ] [ndcg@5: 0.0533 ndcg@10: 0.0619 ndcg@20: 0.0776 ] 
2025-09-29 01:54:53,277 - Epoch  16 Validation set [recall@5: 0.0469 recall@10: 0.0763 recall@20: 0.1228 ] [ndcg@5: 0.0537 ndcg@10: 0.0624 ndcg@20: 0.0781 ] 
2025-09-29 01:57:06,218 - Epoch  17 Validation set [recall@5: 0.0466 recall@10: 0.0763 recall@20: 0.1238 ] [ndcg@5: 0.0537 ndcg@10: 0.0625 ndcg@20: 0.0786 ] 
2025-09-29 01:59:19,647 - Epoch  18 Validation set [recall@5: 0.0469 recall@10: 0.0770 recall@20: 0.1236 ] [ndcg@5: 0.0540 ndcg@10: 0.0630 ndcg@20: 0.0787 ] 
2025-09-29 02:02:21,056 - Epoch  19 Validation set [recall@5: 0.0473 recall@10: 0.0782 recall@20: 0.1246 ] [ndcg@5: 0.0544 ndcg@10: 0.0637 ndcg@20: 0.0793 ] 
2025-09-29 02:04:33,666 - Epoch  20 Validation set [recall@5: 0.0476 recall@10: 0.0784 recall@20: 0.1252 ] [ndcg@5: 0.0545 ndcg@10: 0.0638 ndcg@20: 0.0795 ] 
2025-09-29 02:06:27,223 - Epoch  21 Validation set [recall@5: 0.0475 recall@10: 0.0788 recall@20: 0.1254 ] [ndcg@5: 0.0544 ndcg@10: 0.0639 ndcg@20: 0.0796 ] 
2025-09-29 02:09:02,438 - Epoch  22 Validation set [recall@5: 0.0477 recall@10: 0.0783 recall@20: 0.1260 ] [ndcg@5: 0.0551 ndcg@10: 0.0642 ndcg@20: 0.0803 ] 
2025-09-29 02:11:30,833 - Epoch  23 Validation set [recall@5: 0.0478 recall@10: 0.0788 recall@20: 0.1256 ] [ndcg@5: 0.0551 ndcg@10: 0.0645 ndcg@20: 0.0802 ] 
2025-09-29 02:13:29,937 - Epoch  24 Validation set [recall@5: 0.0475 recall@10: 0.0789 recall@20: 0.1267 ] [ndcg@5: 0.0551 ndcg@10: 0.0646 ndcg@20: 0.0806 ] 
2025-09-29 02:16:03,280 - Epoch  25 Validation set [recall@5: 0.0478 recall@10: 0.0791 recall@20: 0.1266 ] [ndcg@5: 0.0554 ndcg@10: 0.0649 ndcg@20: 0.0808 ] 
2025-09-29 02:18:25,786 - Epoch  26 Validation set [recall@5: 0.0483 recall@10: 0.0790 recall@20: 0.1277 ] [ndcg@5: 0.0559 ndcg@10: 0.0650 ndcg@20: 0.0814 ] 
2025-09-29 02:20:28,115 - Epoch  27 Validation set [recall@5: 0.0479 recall@10: 0.0794 recall@20: 0.1292 ] [ndcg@5: 0.0558 ndcg@10: 0.0653 ndcg@20: 0.0820 ] 
2025-09-29 02:22:55,531 - Epoch  28 Validation set [recall@5: 0.0483 recall@10: 0.0799 recall@20: 0.1290 ] [ndcg@5: 0.0560 ndcg@10: 0.0656 ndcg@20: 0.0820 ] 
2025-09-29 02:25:09,835 - Epoch  29 Validation set [recall@5: 0.0482 recall@10: 0.0800 recall@20: 0.1285 ] [ndcg@5: 0.0558 ndcg@10: 0.0655 ndcg@20: 0.0817 ] 
2025-09-29 02:27:29,183 - Epoch  30 Validation set [recall@5: 0.0481 recall@10: 0.0809 recall@20: 0.1288 ] [ndcg@5: 0.0559 ndcg@10: 0.0659 ndcg@20: 0.0820 ] 
2025-09-29 02:29:54,079 - Epoch  31 Validation set [recall@5: 0.0486 recall@10: 0.0808 recall@20: 0.1289 ] [ndcg@5: 0.0562 ndcg@10: 0.0660 ndcg@20: 0.0820 ] 
2025-09-29 02:32:05,322 - Epoch  32 Validation set [recall@5: 0.0490 recall@10: 0.0810 recall@20: 0.1294 ] [ndcg@5: 0.0564 ndcg@10: 0.0662 ndcg@20: 0.0824 ] 
2025-09-29 02:34:27,107 - Epoch  33 Validation set [recall@5: 0.0484 recall@10: 0.0815 recall@20: 0.1292 ] [ndcg@5: 0.0561 ndcg@10: 0.0662 ndcg@20: 0.0822 ] 
2025-09-29 02:36:47,303 - Epoch  34 Validation set [recall@5: 0.0486 recall@10: 0.0818 recall@20: 0.1296 ] [ndcg@5: 0.0561 ndcg@10: 0.0665 ndcg@20: 0.0825 ] 
2025-09-29 02:38:45,587 - Epoch  35 Validation set [recall@5: 0.0495 recall@10: 0.0816 recall@20: 0.1293 ] [ndcg@5: 0.0567 ndcg@10: 0.0664 ndcg@20: 0.0825 ] 
2025-09-29 02:41:07,621 - Epoch  36 Validation set [recall@5: 0.0501 recall@10: 0.0813 recall@20: 0.1296 ] [ndcg@5: 0.0569 ndcg@10: 0.0663 ndcg@20: 0.0826 ] 
2025-09-29 02:43:20,321 - Epoch  37 Validation set [recall@5: 0.0497 recall@10: 0.0812 recall@20: 0.1301 ] [ndcg@5: 0.0571 ndcg@10: 0.0665 ndcg@20: 0.0829 ] 
2025-09-29 02:45:16,142 - Epoch  38 Validation set [recall@5: 0.0499 recall@10: 0.0814 recall@20: 0.1306 ] [ndcg@5: 0.0572 ndcg@10: 0.0666 ndcg@20: 0.0832 ] 
2025-09-29 02:47:21,303 - Epoch  39 Validation set [recall@5: 0.0498 recall@10: 0.0813 recall@20: 0.1307 ] [ndcg@5: 0.0572 ndcg@10: 0.0666 ndcg@20: 0.0832 ] 
2025-09-29 02:49:11,103 - Epoch  40 Validation set [recall@5: 0.0498 recall@10: 0.0815 recall@20: 0.1307 ] [ndcg@5: 0.0569 ndcg@10: 0.0664 ndcg@20: 0.0830 ] 
2025-09-29 02:50:58,100 - Epoch  41 Validation set [recall@5: 0.0495 recall@10: 0.0813 recall@20: 0.1298 ] [ndcg@5: 0.0570 ndcg@10: 0.0666 ndcg@20: 0.0828 ] 
2025-09-29 02:52:55,147 - Epoch  42 Validation set [recall@5: 0.0496 recall@10: 0.0813 recall@20: 0.1297 ] [ndcg@5: 0.0573 ndcg@10: 0.0668 ndcg@20: 0.0830 ] 
2025-09-29 02:54:56,484 - Epoch  43 Validation set [recall@5: 0.0494 recall@10: 0.0816 recall@20: 0.1305 ] [ndcg@5: 0.0571 ndcg@10: 0.0668 ndcg@20: 0.0832 ] 
2025-09-29 02:56:39,697 - Epoch  44 Validation set [recall@5: 0.0492 recall@10: 0.0822 recall@20: 0.1308 ] [ndcg@5: 0.0571 ndcg@10: 0.0671 ndcg@20: 0.0833 ] 
2025-09-29 02:58:31,705 - Epoch  45 Validation set [recall@5: 0.0501 recall@10: 0.0818 recall@20: 0.1313 ] [ndcg@5: 0.0573 ndcg@10: 0.0667 ndcg@20: 0.0835 ] 
2025-09-29 03:00:40,118 - Epoch  46 Validation set [recall@5: 0.0495 recall@10: 0.0822 recall@20: 0.1304 ] [ndcg@5: 0.0574 ndcg@10: 0.0671 ndcg@20: 0.0834 ] 
2025-09-29 03:02:20,186 - Epoch  47 Validation set [recall@5: 0.0502 recall@10: 0.0817 recall@20: 0.1313 ] [ndcg@5: 0.0576 ndcg@10: 0.0670 ndcg@20: 0.0837 ] 
2025-09-29 03:04:12,144 - Epoch  48 Validation set [recall@5: 0.0499 recall@10: 0.0817 recall@20: 0.1298 ] [ndcg@5: 0.0576 ndcg@10: 0.0670 ndcg@20: 0.0832 ] 
2025-09-29 03:06:23,510 - Epoch  49 Validation set [recall@5: 0.0501 recall@10: 0.0813 recall@20: 0.1302 ] [ndcg@5: 0.0578 ndcg@10: 0.0671 ndcg@20: 0.0835 ] 
2025-09-29 03:08:05,224 - Epoch  50 Validation set [recall@5: 0.0495 recall@10: 0.0809 recall@20: 0.1307 ] [ndcg@5: 0.0576 ndcg@10: 0.0670 ndcg@20: 0.0837 ] 
2025-09-29 03:08:06,998 - [recall@5: 0.0501 recall@10: 0.0818 recall@20: 0.1313 ] [ndcg@5: 0.0573 ndcg@10: 0.0667 ndcg@20: 0.0835 ] 
2025-09-29 03:08:08,734 - [recall@5: 0.0467 recall@10: 0.0791 recall@20: 0.1298 ] [ndcg@5: 0.0551 ndcg@10: 0.0652 ndcg@20: 0.0824 ] 
2025-09-29 03:08:08,742 - Save model parameters to ./encoder/checkpoint/simgcl_rgcn/simgcl_rgcn-yelp-2023.pth
2025-09-29 03:08:08,743 - Best Epoch 45. Final test result: {'recall': array([0.04672499, 0.07912228, 0.12981587]), 'ndcg': array([0.0551472 , 0.06521511, 0.08237553])}.
