2025-09-29 18:05:45,900 - {'optimizer': {'name': 'adam', 'lr': 0.001, 'weight_decay': 0}, 'train': {'epoch': 3000, 'batch_size': 4096, 'save_model': True, 'loss': 'pairwise', 'test_step': 3, 'reproducible': True, 'seed': 2023, 'patience': 5}, 'test': {'metrics': ['recall', 'ndcg'], 'k': [5, 10, 20], 'batch_size': 1024}, 'data': {'type': 'general_agcf', 'name': 'yelp', 'mat_type': 'uai', 'pre_norm': True, 'user_num': 11091, 'item_num': 11010, 'user_item_num': 22101, 'attr_num': 2607}, 'model': {'name': 'simgcl_rgcn', 'label': 'ori', 'keep_rate': 0.95, 'embedding_size': 64, 'use_unify_layer_num': True, 'layer_num': 3, 'reg_weight': 5e-06, 'cl_weight': 0.1, 'amazon': {'keep_rate': 0.9, 'layer_num': 3, 'reg_weight': 1e-05, 'eps': 0.1, 'temperature': 0.2}, 'yelp': {'keep_rate': 0.95, 'layer_num': 3, 'reg_weight': 5e-06, 'eps': 0.9, 'temperature': 0.2}, 'steam': {'layer_num': 2, 'reg_weight': 1e-06, 'eps': 0.2, 'temperature': 0.2}, 'Office': {'layer_num': 3, 'reg_weight': 1e-05, 'eps': 0.9, 'temperature': 0.2, 'cl_weight': 0.01}}}
2025-09-29 18:05:56,475 - Epoch   0 Validation set [recall@5: 0.0205 recall@10: 0.0342 recall@20: 0.0545 ] [ndcg@5: 0.0255 ndcg@10: 0.0293 ndcg@20: 0.0360 ] 
2025-09-29 18:06:21,760 - Epoch   3 Validation set [recall@5: 0.0383 recall@10: 0.0625 recall@20: 0.1025 ] [ndcg@5: 0.0451 ndcg@10: 0.0521 ndcg@20: 0.0655 ] 
2025-09-29 18:06:49,019 - Epoch   6 Validation set [recall@5: 0.0415 recall@10: 0.0679 recall@20: 0.1119 ] [ndcg@5: 0.0490 ndcg@10: 0.0565 ndcg@20: 0.0711 ] 
2025-09-29 18:07:13,953 - Epoch   9 Validation set [recall@5: 0.0440 recall@10: 0.0745 recall@20: 0.1190 ] [ndcg@5: 0.0516 ndcg@10: 0.0606 ndcg@20: 0.0756 ] 
2025-09-29 18:07:38,463 - Epoch  12 Validation set [recall@5: 0.0468 recall@10: 0.0759 recall@20: 0.1234 ] [ndcg@5: 0.0542 ndcg@10: 0.0625 ndcg@20: 0.0786 ] 
2025-09-29 18:08:01,820 - Epoch  15 Validation set [recall@5: 0.0486 recall@10: 0.0773 recall@20: 0.1265 ] [ndcg@5: 0.0558 ndcg@10: 0.0643 ndcg@20: 0.0809 ] 
2025-09-29 18:08:26,071 - Epoch  18 Validation set [recall@5: 0.0491 recall@10: 0.0795 recall@20: 0.1266 ] [ndcg@5: 0.0561 ndcg@10: 0.0654 ndcg@20: 0.0815 ] 
2025-09-29 18:08:51,435 - Epoch  21 Validation set [recall@5: 0.0491 recall@10: 0.0811 recall@20: 0.1296 ] [ndcg@5: 0.0565 ndcg@10: 0.0664 ndcg@20: 0.0828 ] 
2025-09-29 18:09:15,267 - Epoch  24 Validation set [recall@5: 0.0491 recall@10: 0.0811 recall@20: 0.1305 ] [ndcg@5: 0.0570 ndcg@10: 0.0667 ndcg@20: 0.0835 ] 
2025-09-29 18:09:40,332 - Epoch  27 Validation set [recall@5: 0.0503 recall@10: 0.0812 recall@20: 0.1315 ] [ndcg@5: 0.0581 ndcg@10: 0.0675 ndcg@20: 0.0845 ] 
2025-09-29 18:10:04,925 - Epoch  30 Validation set [recall@5: 0.0500 recall@10: 0.0836 recall@20: 0.1330 ] [ndcg@5: 0.0582 ndcg@10: 0.0685 ndcg@20: 0.0851 ] 
2025-09-29 18:10:28,433 - Epoch  33 Validation set [recall@5: 0.0511 recall@10: 0.0842 recall@20: 0.1336 ] [ndcg@5: 0.0587 ndcg@10: 0.0688 ndcg@20: 0.0855 ] 
2025-09-29 18:10:51,289 - Epoch  36 Validation set [recall@5: 0.0516 recall@10: 0.0845 recall@20: 0.1343 ] [ndcg@5: 0.0597 ndcg@10: 0.0696 ndcg@20: 0.0864 ] 
2025-09-29 18:11:14,932 - Epoch  39 Validation set [recall@5: 0.0528 recall@10: 0.0843 recall@20: 0.1346 ] [ndcg@5: 0.0604 ndcg@10: 0.0696 ndcg@20: 0.0865 ] 
2025-09-29 18:11:38,630 - Epoch  42 Validation set [recall@5: 0.0523 recall@10: 0.0851 recall@20: 0.1334 ] [ndcg@5: 0.0604 ndcg@10: 0.0701 ndcg@20: 0.0863 ] 
2025-09-29 18:12:02,491 - Epoch  45 Validation set [recall@5: 0.0522 recall@10: 0.0849 recall@20: 0.1342 ] [ndcg@5: 0.0606 ndcg@10: 0.0702 ndcg@20: 0.0867 ] 
2025-09-29 18:12:26,057 - Epoch  48 Validation set [recall@5: 0.0518 recall@10: 0.0844 recall@20: 0.1349 ] [ndcg@5: 0.0601 ndcg@10: 0.0699 ndcg@20: 0.0867 ] 
2025-09-29 18:12:49,940 - Epoch  51 Validation set [recall@5: 0.0518 recall@10: 0.0848 recall@20: 0.1347 ] [ndcg@5: 0.0603 ndcg@10: 0.0701 ndcg@20: 0.0869 ] 
2025-09-29 18:13:13,805 - Epoch  54 Validation set [recall@5: 0.0520 recall@10: 0.0850 recall@20: 0.1356 ] [ndcg@5: 0.0602 ndcg@10: 0.0701 ndcg@20: 0.0872 ] 
2025-09-29 18:13:37,659 - Epoch  57 Validation set [recall@5: 0.0523 recall@10: 0.0847 recall@20: 0.1350 ] [ndcg@5: 0.0605 ndcg@10: 0.0703 ndcg@20: 0.0872 ] 
2025-09-29 18:14:01,861 - Epoch  60 Validation set [recall@5: 0.0519 recall@10: 0.0848 recall@20: 0.1352 ] [ndcg@5: 0.0602 ndcg@10: 0.0702 ndcg@20: 0.0871 ] 
2025-09-29 18:14:26,266 - Epoch  63 Validation set [recall@5: 0.0517 recall@10: 0.0843 recall@20: 0.1348 ] [ndcg@5: 0.0602 ndcg@10: 0.0700 ndcg@20: 0.0870 ] 
2025-09-29 18:14:49,428 - Epoch  66 Validation set [recall@5: 0.0517 recall@10: 0.0846 recall@20: 0.1354 ] [ndcg@5: 0.0601 ndcg@10: 0.0699 ndcg@20: 0.0871 ] 
2025-09-29 18:15:14,884 - Epoch  69 Validation set [recall@5: 0.0518 recall@10: 0.0848 recall@20: 0.1355 ] [ndcg@5: 0.0603 ndcg@10: 0.0701 ndcg@20: 0.0871 ] 
2025-09-29 18:15:16,365 - [recall@5: 0.0520 recall@10: 0.0850 recall@20: 0.1356 ] [ndcg@5: 0.0602 ndcg@10: 0.0701 ndcg@20: 0.0872 ] 
2025-09-29 18:15:17,831 - [recall@5: 0.0512 recall@10: 0.0857 recall@20: 0.1390 ] [ndcg@5: 0.0591 ndcg@10: 0.0700 ndcg@20: 0.0880 ] 
2025-09-29 18:15:17,839 - Save model parameters to ./encoder/checkpoint/simgcl_rgcn/simgcl_rgcn-yelp-2023.pth
2025-09-29 18:15:17,840 - Best Epoch 54. Final test result: {'recall': array([0.05123698, 0.08568396, 0.13902217]), 'ndcg': array([0.05909315, 0.069981  , 0.08802866])}.
