2025-09-28 19:42:38,507 - {'optimizer': {'name': 'adam', 'lr': 0.001, 'weight_decay': 0}, 'train': {'epoch': 3000, 'batch_size': 4096, 'save_model': True, 'loss': 'pairwise', 'test_step': 3, 'reproducible': True, 'seed': 2023, 'patience': 5}, 'test': {'metrics': ['recall', 'ndcg'], 'k': [5, 10, 20], 'batch_size': 1024}, 'data': {'type': 'general_agcf', 'name': 'yelp', 'mat_type': 'uai', 'pre_norm': True, 'user_num': 11091, 'item_num': 11010, 'user_item_num': 22101, 'attr_num': 2607}, 'model': {'name': 'simgcl_rgcn', 'label': 'ori', 'keep_rate': 0.9, 'embedding_size': 64, 'use_unify_layer_num': True, 'layer_num': 3, 'reg_weight': 1e-07, 'cl_weight': 0.1, 'amazon': {'keep_rate': 0.9, 'layer_num': 3, 'reg_weight': 1e-07, 'eps': 0.1, 'temperature': 0.2}, 'yelp': {'keep_rate': 0.9, 'layer_num': 3, 'reg_weight': 1e-07, 'eps': 0.9, 'temperature': 0.5}, 'steam': {'layer_num': 2, 'reg_weight': 1e-06, 'eps': 0.2, 'temperature': 0.5}, 'Office': {'layer_num': 3, 'reg_weight': 1e-05, 'eps': 0.9, 'temperature': 0.2, 'cl_weight': 0.01}}}
2025-09-28 19:42:56,382 - Epoch   0 Validation set [recall@5: 0.0308 recall@10: 0.0515 recall@20: 0.0835 ] [ndcg@5: 0.0365 ndcg@10: 0.0428 ndcg@20: 0.0536 ] 
2025-09-28 19:43:44,564 - Epoch   3 Validation set [recall@5: 0.0335 recall@10: 0.0557 recall@20: 0.0910 ] [ndcg@5: 0.0396 ndcg@10: 0.0462 ndcg@20: 0.0580 ] 
2025-09-28 19:46:11,573 - Epoch   6 Validation set [recall@5: 0.0351 recall@10: 0.0583 recall@20: 0.0960 ] [ndcg@5: 0.0418 ndcg@10: 0.0484 ndcg@20: 0.0609 ] 
2025-09-28 19:46:48,057 - Epoch   9 Validation set [recall@5: 0.0370 recall@10: 0.0610 recall@20: 0.1008 ] [ndcg@5: 0.0435 ndcg@10: 0.0505 ndcg@20: 0.0637 ] 
2025-09-28 19:47:23,159 - Epoch  12 Validation set [recall@5: 0.0380 recall@10: 0.0641 recall@20: 0.1053 ] [ndcg@5: 0.0450 ndcg@10: 0.0528 ndcg@20: 0.0665 ] 
2025-09-28 19:48:44,621 - Epoch  15 Validation set [recall@5: 0.0390 recall@10: 0.0649 recall@20: 0.1097 ] [ndcg@5: 0.0464 ndcg@10: 0.0540 ndcg@20: 0.0689 ] 
2025-09-28 19:50:39,088 - Epoch  18 Validation set [recall@5: 0.0393 recall@10: 0.0664 recall@20: 0.1113 ] [ndcg@5: 0.0470 ndcg@10: 0.0550 ndcg@20: 0.0700 ] 
2025-09-28 19:51:34,334 - Epoch  21 Validation set [recall@5: 0.0402 recall@10: 0.0687 recall@20: 0.1146 ] [ndcg@5: 0.0479 ndcg@10: 0.0566 ndcg@20: 0.0721 ] 
2025-09-28 19:53:22,468 - Epoch  24 Validation set [recall@5: 0.0418 recall@10: 0.0724 recall@20: 0.1163 ] [ndcg@5: 0.0494 ndcg@10: 0.0587 ndcg@20: 0.0735 ] 
2025-09-28 19:53:54,227 - Epoch  27 Validation set [recall@5: 0.0423 recall@10: 0.0731 recall@20: 0.1182 ] [ndcg@5: 0.0498 ndcg@10: 0.0593 ndcg@20: 0.0745 ] 
2025-09-28 19:55:37,183 - Epoch  30 Validation set [recall@5: 0.0431 recall@10: 0.0738 recall@20: 0.1191 ] [ndcg@5: 0.0505 ndcg@10: 0.0599 ndcg@20: 0.0753 ] 
2025-09-28 19:57:13,010 - Epoch  33 Validation set [recall@5: 0.0436 recall@10: 0.0748 recall@20: 0.1214 ] [ndcg@5: 0.0508 ndcg@10: 0.0608 ndcg@20: 0.0767 ] 
2025-09-28 19:57:54,587 - Epoch  36 Validation set [recall@5: 0.0451 recall@10: 0.0757 recall@20: 0.1216 ] [ndcg@5: 0.0523 ndcg@10: 0.0617 ndcg@20: 0.0772 ] 
2025-09-28 19:58:49,474 - Epoch  39 Validation set [recall@5: 0.0455 recall@10: 0.0762 recall@20: 0.1236 ] [ndcg@5: 0.0525 ndcg@10: 0.0620 ndcg@20: 0.0780 ] 
2025-09-28 20:00:56,147 - Epoch  42 Validation set [recall@5: 0.0458 recall@10: 0.0760 recall@20: 0.1238 ] [ndcg@5: 0.0532 ndcg@10: 0.0625 ndcg@20: 0.0785 ] 
2025-09-28 20:01:37,487 - Epoch  45 Validation set [recall@5: 0.0459 recall@10: 0.0766 recall@20: 0.1235 ] [ndcg@5: 0.0534 ndcg@10: 0.0628 ndcg@20: 0.0787 ] 
2025-09-28 20:03:03,081 - Epoch  48 Validation set [recall@5: 0.0458 recall@10: 0.0754 recall@20: 0.1241 ] [ndcg@5: 0.0540 ndcg@10: 0.0628 ndcg@20: 0.0792 ] 
2025-09-28 20:04:14,809 - Epoch  51 Validation set [recall@5: 0.0461 recall@10: 0.0766 recall@20: 0.1252 ] [ndcg@5: 0.0543 ndcg@10: 0.0636 ndcg@20: 0.0799 ] 
2025-09-28 20:05:23,730 - Epoch  54 Validation set [recall@5: 0.0458 recall@10: 0.0777 recall@20: 0.1257 ] [ndcg@5: 0.0544 ndcg@10: 0.0641 ndcg@20: 0.0802 ] 
2025-09-28 20:07:27,930 - Epoch  57 Validation set [recall@5: 0.0458 recall@10: 0.0767 recall@20: 0.1265 ] [ndcg@5: 0.0542 ndcg@10: 0.0637 ndcg@20: 0.0804 ] 
2025-09-28 20:08:07,302 - Epoch  60 Validation set [recall@5: 0.0458 recall@10: 0.0770 recall@20: 0.1257 ] [ndcg@5: 0.0538 ndcg@10: 0.0636 ndcg@20: 0.0800 ] 
2025-09-28 20:08:46,700 - Epoch  63 Validation set [recall@5: 0.0459 recall@10: 0.0769 recall@20: 0.1258 ] [ndcg@5: 0.0539 ndcg@10: 0.0635 ndcg@20: 0.0800 ] 
2025-09-28 20:10:23,196 - Epoch  66 Validation set [recall@5: 0.0456 recall@10: 0.0779 recall@20: 0.1260 ] [ndcg@5: 0.0536 ndcg@10: 0.0638 ndcg@20: 0.0801 ] 
2025-09-28 20:12:20,774 - Epoch  69 Validation set [recall@5: 0.0458 recall@10: 0.0773 recall@20: 0.1255 ] [ndcg@5: 0.0538 ndcg@10: 0.0636 ndcg@20: 0.0800 ] 
2025-09-28 20:13:11,991 - Epoch  72 Validation set [recall@5: 0.0457 recall@10: 0.0775 recall@20: 0.1248 ] [ndcg@5: 0.0539 ndcg@10: 0.0638 ndcg@20: 0.0800 ] 
2025-09-28 20:13:13,633 - [recall@5: 0.0458 recall@10: 0.0767 recall@20: 0.1265 ] [ndcg@5: 0.0542 ndcg@10: 0.0637 ndcg@20: 0.0804 ] 
2025-09-28 20:13:15,371 - [recall@5: 0.0465 recall@10: 0.0770 recall@20: 0.1271 ] [ndcg@5: 0.0535 ndcg@10: 0.0630 ndcg@20: 0.0801 ] 
2025-09-28 20:13:15,381 - Save model parameters to ./encoder/checkpoint/simgcl_rgcn/simgcl_rgcn-yelp-2023.pth
2025-09-28 20:13:15,381 - Best Epoch 57. Final test result: {'recall': array([0.04645081, 0.07700592, 0.12713394]), 'ndcg': array([0.05349575, 0.06303736, 0.08005002])}.
