2025-09-29 15:15:05,380 - {'optimizer': {'name': 'adam', 'lr': 0.001, 'weight_decay': 0}, 'train': {'epoch': 3000, 'batch_size': 4096, 'save_model': True, 'loss': 'pairwise', 'test_step': 3, 'reproducible': True, 'seed': 2023, 'patience': 5}, 'test': {'metrics': ['recall', 'ndcg'], 'k': [5, 10, 20], 'batch_size': 1024}, 'data': {'type': 'general_cf', 'name': 'amazon', 'user_num': 11000, 'item_num': 9332}, 'model': {'name': 'sgl_gene', 'keep_rate': 0.8, 'embedding_size': 64, 'augmentation': 'edge_drop', 'layer_num': 3, 'reg_weight': 1e-05, 'cl_weight': 0.1, 'cl_temperature': 0.2, 'mask_ratio': 0.2, 'recon_weight': 0.1, 're_temperature': 0.2, 'amazon': {'layer_num': 3, 'reg_weight': 1e-05, 'cl_weight': 0.1, 'cl_temperature': 0.2, 'mask_ratio': 0.2, 'recon_weight': 0.1, 're_temperature': 0.2}, 'yelp': {'layer_num': 3, 'reg_weight': 1e-05, 'cl_weight': 0.1, 'cl_temperature': 0.2, 'mask_ratio': 0.15, 'recon_weight': 0.1, 're_temperature': 0.2}, 'steam': {'layer_num': 3, 'reg_weight': 1e-05, 'cl_weight': 0.1, 'cl_temperature': 0.5, 'mask_ratio': 0.1, 'recon_weight': 0.1, 're_temperature': 0.2}, 'Office': {'layer_num': 3, 'temperature': 0.5, 'reg_weight': 1e-05, 'cl_weight': 0.1, 'cl_temperature': 0.2, 'mask_ratio': 0.2, 'recon_weight': 0.1, 're_temperature': 0.2}}}
2025-09-29 15:15:09,998 - Epoch   0 Validation set [recall@5: 0.0252 recall@10: 0.0403 recall@20: 0.0597 ] [ndcg@5: 0.0255 ndcg@10: 0.0305 ndcg@20: 0.0369 ] 
2025-09-29 15:15:16,913 - Epoch   3 Validation set [recall@5: 0.0535 recall@10: 0.0814 recall@20: 0.1184 ] [ndcg@5: 0.0538 ndcg@10: 0.0631 ndcg@20: 0.0752 ] 
2025-09-29 15:15:24,084 - Epoch   6 Validation set [recall@5: 0.0532 recall@10: 0.0830 recall@20: 0.1240 ] [ndcg@5: 0.0545 ndcg@10: 0.0646 ndcg@20: 0.0780 ] 
2025-09-29 15:15:31,240 - Epoch   9 Validation set [recall@5: 0.0537 recall@10: 0.0859 recall@20: 0.1274 ] [ndcg@5: 0.0554 ndcg@10: 0.0664 ndcg@20: 0.0800 ] 
2025-09-29 15:15:38,288 - Epoch  12 Validation set [recall@5: 0.0626 recall@10: 0.0959 recall@20: 0.1431 ] [ndcg@5: 0.0636 ndcg@10: 0.0748 ndcg@20: 0.0902 ] 
2025-09-29 15:15:45,958 - Epoch  15 Validation set [recall@5: 0.0677 recall@10: 0.1019 recall@20: 0.1509 ] [ndcg@5: 0.0683 ndcg@10: 0.0796 ndcg@20: 0.0957 ] 
2025-09-29 15:15:53,329 - Epoch  18 Validation set [recall@5: 0.0697 recall@10: 0.1053 recall@20: 0.1565 ] [ndcg@5: 0.0699 ndcg@10: 0.0818 ndcg@20: 0.0986 ] 
2025-09-29 15:16:00,584 - Epoch  21 Validation set [recall@5: 0.0713 recall@10: 0.1090 recall@20: 0.1630 ] [ndcg@5: 0.0716 ndcg@10: 0.0844 ndcg@20: 0.1021 ] 
2025-09-29 15:16:07,684 - Epoch  24 Validation set [recall@5: 0.0727 recall@10: 0.1105 recall@20: 0.1656 ] [ndcg@5: 0.0728 ndcg@10: 0.0856 ndcg@20: 0.1037 ] 
2025-09-29 15:16:14,902 - Epoch  27 Validation set [recall@5: 0.0737 recall@10: 0.1125 recall@20: 0.1665 ] [ndcg@5: 0.0733 ndcg@10: 0.0866 ndcg@20: 0.1043 ] 
2025-09-29 15:16:22,129 - Epoch  30 Validation set [recall@5: 0.0740 recall@10: 0.1136 recall@20: 0.1675 ] [ndcg@5: 0.0734 ndcg@10: 0.0873 ndcg@20: 0.1049 ] 
2025-09-29 15:16:29,314 - Epoch  33 Validation set [recall@5: 0.0740 recall@10: 0.1146 recall@20: 0.1675 ] [ndcg@5: 0.0736 ndcg@10: 0.0878 ndcg@20: 0.1050 ] 
2025-09-29 15:16:36,434 - Epoch  36 Validation set [recall@5: 0.0745 recall@10: 0.1138 recall@20: 0.1673 ] [ndcg@5: 0.0740 ndcg@10: 0.0877 ndcg@20: 0.1052 ] 
2025-09-29 15:16:43,636 - Epoch  39 Validation set [recall@5: 0.0745 recall@10: 0.1144 recall@20: 0.1687 ] [ndcg@5: 0.0736 ndcg@10: 0.0876 ndcg@20: 0.1052 ] 
2025-09-29 15:16:50,835 - Epoch  42 Validation set [recall@5: 0.0745 recall@10: 0.1142 recall@20: 0.1681 ] [ndcg@5: 0.0737 ndcg@10: 0.0877 ndcg@20: 0.1053 ] 
2025-09-29 15:16:58,222 - Epoch  45 Validation set [recall@5: 0.0745 recall@10: 0.1145 recall@20: 0.1683 ] [ndcg@5: 0.0735 ndcg@10: 0.0875 ndcg@20: 0.1051 ] 
2025-09-29 15:17:05,550 - Epoch  48 Validation set [recall@5: 0.0741 recall@10: 0.1151 recall@20: 0.1685 ] [ndcg@5: 0.0738 ndcg@10: 0.0881 ndcg@20: 0.1054 ] 
2025-09-29 15:17:12,605 - Epoch  51 Validation set [recall@5: 0.0744 recall@10: 0.1147 recall@20: 0.1697 ] [ndcg@5: 0.0738 ndcg@10: 0.0878 ndcg@20: 0.1058 ] 
2025-09-29 15:17:19,417 - Epoch  54 Validation set [recall@5: 0.0745 recall@10: 0.1142 recall@20: 0.1691 ] [ndcg@5: 0.0735 ndcg@10: 0.0873 ndcg@20: 0.1052 ] 
2025-09-29 15:17:26,925 - Epoch  57 Validation set [recall@5: 0.0750 recall@10: 0.1143 recall@20: 0.1696 ] [ndcg@5: 0.0739 ndcg@10: 0.0876 ndcg@20: 0.1055 ] 
2025-09-29 15:17:34,244 - Epoch  60 Validation set [recall@5: 0.0744 recall@10: 0.1146 recall@20: 0.1684 ] [ndcg@5: 0.0733 ndcg@10: 0.0875 ndcg@20: 0.1050 ] 
2025-09-29 15:17:41,356 - Epoch  63 Validation set [recall@5: 0.0753 recall@10: 0.1145 recall@20: 0.1694 ] [ndcg@5: 0.0739 ndcg@10: 0.0877 ndcg@20: 0.1056 ] 
2025-09-29 15:17:48,511 - Epoch  66 Validation set [recall@5: 0.0745 recall@10: 0.1151 recall@20: 0.1699 ] [ndcg@5: 0.0738 ndcg@10: 0.0880 ndcg@20: 0.1058 ] 
2025-09-29 15:17:55,226 - Epoch  69 Validation set [recall@5: 0.0744 recall@10: 0.1148 recall@20: 0.1689 ] [ndcg@5: 0.0737 ndcg@10: 0.0878 ndcg@20: 0.1054 ] 
2025-09-29 15:18:02,228 - Epoch  72 Validation set [recall@5: 0.0741 recall@10: 0.1146 recall@20: 0.1685 ] [ndcg@5: 0.0736 ndcg@10: 0.0877 ndcg@20: 0.1053 ] 
2025-09-29 15:18:09,634 - Epoch  75 Validation set [recall@5: 0.0739 recall@10: 0.1145 recall@20: 0.1689 ] [ndcg@5: 0.0734 ndcg@10: 0.0876 ndcg@20: 0.1053 ] 
2025-09-29 15:18:16,901 - Epoch  78 Validation set [recall@5: 0.0745 recall@10: 0.1142 recall@20: 0.1690 ] [ndcg@5: 0.0737 ndcg@10: 0.0874 ndcg@20: 0.1052 ] 
2025-09-29 15:18:24,279 - Epoch  81 Validation set [recall@5: 0.0743 recall@10: 0.1146 recall@20: 0.1686 ] [ndcg@5: 0.0738 ndcg@10: 0.0876 ndcg@20: 0.1053 ] 
2025-09-29 15:18:25,981 - [recall@5: 0.0745 recall@10: 0.1151 recall@20: 0.1699 ] [ndcg@5: 0.0738 ndcg@10: 0.0880 ndcg@20: 0.1058 ] 
2025-09-29 15:18:27,623 - [recall@5: 0.0739 recall@10: 0.1128 recall@20: 0.1645 ] [ndcg@5: 0.0734 ndcg@10: 0.0869 ndcg@20: 0.1038 ] 
2025-09-29 15:18:27,638 - Save model parameters to ./encoder/checkpoint/sgl_gene/sgl_gene-amazon-2023.pth
2025-09-29 15:18:27,639 - Best Epoch 66. Final test result: {'recall': array([0.07385396, 0.112848  , 0.1644918 ]), 'ndcg': array([0.07340558, 0.08685327, 0.10383746])}.
