2025-09-29 12:41:33,927 - {'optimizer': {'name': 'adam', 'lr': 0.001, 'weight_decay': 0}, 'train': {'epoch': 3000, 'batch_size': 4096, 'save_model': True, 'loss': 'pairwise', 'test_step': 3, 'reproducible': True, 'seed': 2023, 'patience': 5}, 'test': {'metrics': ['recall', 'ndcg'], 'k': [5, 10, 20], 'batch_size': 1024}, 'data': {'type': 'general_cf', 'name': 'amazon', 'user_num': 11000, 'item_num': 9332}, 'model': {'name': 'sgl_gene', 'keep_rate': 0.8, 'embedding_size': 64, 'augmentation': 'edge_drop', 'layer_num': 3, 'reg_weight': 1e-05, 'cl_weight': 0.1, 'cl_temperature': 0.2, 'mask_ratio': 0.2, 'recon_weight': 0.1, 're_temperature': 0.2, 'amazon': {'layer_num': 3, 'reg_weight': 1e-05, 'cl_weight': 0.1, 'cl_temperature': 0.2, 'mask_ratio': 0.2, 'recon_weight': 0.1, 're_temperature': 0.2}, 'yelp': {'layer_num': 3, 'reg_weight': 1e-05, 'cl_weight': 0.1, 'cl_temperature': 0.2, 'mask_ratio': 0.15, 'recon_weight': 0.1, 're_temperature': 0.2}, 'steam': {'layer_num': 3, 'reg_weight': 1e-05, 'cl_weight': 0.1, 'cl_temperature': 0.5, 'mask_ratio': 0.1, 'recon_weight': 0.1, 're_temperature': 0.2}, 'Office': {'layer_num': 3, 'temperature': 0.5, 'reg_weight': 1e-05, 'cl_weight': 0.1, 'cl_temperature': 0.2, 'mask_ratio': 0.2, 'recon_weight': 0.1, 're_temperature': 0.2}}}
2025-09-29 12:41:44,405 - Epoch   0 Validation set [recall@5: 0.0252 recall@10: 0.0403 recall@20: 0.0597 ] [ndcg@5: 0.0255 ndcg@10: 0.0305 ndcg@20: 0.0369 ] 
2025-09-29 12:42:08,791 - Epoch   3 Validation set [recall@5: 0.0535 recall@10: 0.0814 recall@20: 0.1184 ] [ndcg@5: 0.0538 ndcg@10: 0.0631 ndcg@20: 0.0752 ] 
2025-09-29 12:42:32,530 - Epoch   6 Validation set [recall@5: 0.0532 recall@10: 0.0830 recall@20: 0.1239 ] [ndcg@5: 0.0546 ndcg@10: 0.0647 ndcg@20: 0.0781 ] 
2025-09-29 12:43:00,388 - Epoch   9 Validation set [recall@5: 0.0537 recall@10: 0.0858 recall@20: 0.1274 ] [ndcg@5: 0.0552 ndcg@10: 0.0662 ndcg@20: 0.0798 ] 
2025-09-29 12:43:25,315 - Epoch  12 Validation set [recall@5: 0.0624 recall@10: 0.0957 recall@20: 0.1428 ] [ndcg@5: 0.0636 ndcg@10: 0.0748 ndcg@20: 0.0902 ] 
2025-09-29 12:43:52,096 - Epoch  15 Validation set [recall@5: 0.0679 recall@10: 0.1018 recall@20: 0.1512 ] [ndcg@5: 0.0684 ndcg@10: 0.0795 ndcg@20: 0.0957 ] 
2025-09-29 12:44:20,337 - Epoch  18 Validation set [recall@5: 0.0697 recall@10: 0.1052 recall@20: 0.1565 ] [ndcg@5: 0.0699 ndcg@10: 0.0818 ndcg@20: 0.0987 ] 
2025-09-29 12:44:40,528 - Epoch  21 Validation set [recall@5: 0.0715 recall@10: 0.1091 recall@20: 0.1628 ] [ndcg@5: 0.0716 ndcg@10: 0.0844 ndcg@20: 0.1020 ] 
2025-09-29 12:45:03,280 - Epoch  24 Validation set [recall@5: 0.0726 recall@10: 0.1107 recall@20: 0.1657 ] [ndcg@5: 0.0726 ndcg@10: 0.0857 ndcg@20: 0.1037 ] 
2025-09-29 12:45:22,201 - Epoch  27 Validation set [recall@5: 0.0739 recall@10: 0.1124 recall@20: 0.1663 ] [ndcg@5: 0.0733 ndcg@10: 0.0865 ndcg@20: 0.1041 ] 
2025-09-29 12:45:39,028 - Epoch  30 Validation set [recall@5: 0.0742 recall@10: 0.1134 recall@20: 0.1674 ] [ndcg@5: 0.0735 ndcg@10: 0.0873 ndcg@20: 0.1049 ] 
2025-09-29 12:46:00,173 - Epoch  33 Validation set [recall@5: 0.0742 recall@10: 0.1145 recall@20: 0.1677 ] [ndcg@5: 0.0739 ndcg@10: 0.0879 ndcg@20: 0.1053 ] 
2025-09-29 12:46:18,990 - Epoch  36 Validation set [recall@5: 0.0746 recall@10: 0.1140 recall@20: 0.1675 ] [ndcg@5: 0.0740 ndcg@10: 0.0878 ndcg@20: 0.1052 ] 
2025-09-29 12:46:38,669 - Epoch  39 Validation set [recall@5: 0.0748 recall@10: 0.1140 recall@20: 0.1696 ] [ndcg@5: 0.0740 ndcg@10: 0.0878 ndcg@20: 0.1058 ] 
2025-09-29 12:46:58,610 - Epoch  42 Validation set [recall@5: 0.0742 recall@10: 0.1141 recall@20: 0.1686 ] [ndcg@5: 0.0734 ndcg@10: 0.0876 ndcg@20: 0.1053 ] 
2025-09-29 12:47:19,082 - Epoch  45 Validation set [recall@5: 0.0745 recall@10: 0.1142 recall@20: 0.1685 ] [ndcg@5: 0.0737 ndcg@10: 0.0876 ndcg@20: 0.1053 ] 
2025-09-29 12:47:39,329 - Epoch  48 Validation set [recall@5: 0.0742 recall@10: 0.1151 recall@20: 0.1693 ] [ndcg@5: 0.0738 ndcg@10: 0.0881 ndcg@20: 0.1057 ] 
2025-09-29 12:47:56,517 - Epoch  51 Validation set [recall@5: 0.0752 recall@10: 0.1146 recall@20: 0.1700 ] [ndcg@5: 0.0743 ndcg@10: 0.0880 ndcg@20: 0.1060 ] 
2025-09-29 12:48:15,875 - Epoch  54 Validation set [recall@5: 0.0753 recall@10: 0.1150 recall@20: 0.1694 ] [ndcg@5: 0.0740 ndcg@10: 0.0878 ndcg@20: 0.1054 ] 
2025-09-29 12:48:31,633 - Epoch  57 Validation set [recall@5: 0.0743 recall@10: 0.1154 recall@20: 0.1701 ] [ndcg@5: 0.0737 ndcg@10: 0.0881 ndcg@20: 0.1059 ] 
2025-09-29 12:48:49,549 - Epoch  60 Validation set [recall@5: 0.0748 recall@10: 0.1147 recall@20: 0.1689 ] [ndcg@5: 0.0737 ndcg@10: 0.0877 ndcg@20: 0.1054 ] 
2025-09-29 12:49:03,555 - Epoch  63 Validation set [recall@5: 0.0747 recall@10: 0.1149 recall@20: 0.1693 ] [ndcg@5: 0.0736 ndcg@10: 0.0878 ndcg@20: 0.1055 ] 
2025-09-29 12:49:22,318 - Epoch  66 Validation set [recall@5: 0.0751 recall@10: 0.1149 recall@20: 0.1693 ] [ndcg@5: 0.0742 ndcg@10: 0.0880 ndcg@20: 0.1058 ] 
2025-09-29 12:49:38,127 - Epoch  69 Validation set [recall@5: 0.0745 recall@10: 0.1147 recall@20: 0.1688 ] [ndcg@5: 0.0739 ndcg@10: 0.0878 ndcg@20: 0.1054 ] 
2025-09-29 12:49:54,170 - Epoch  72 Validation set [recall@5: 0.0740 recall@10: 0.1147 recall@20: 0.1694 ] [ndcg@5: 0.0732 ndcg@10: 0.0875 ndcg@20: 0.1054 ] 
2025-09-29 12:49:55,527 - [recall@5: 0.0743 recall@10: 0.1154 recall@20: 0.1701 ] [ndcg@5: 0.0737 ndcg@10: 0.0881 ndcg@20: 0.1059 ] 
2025-09-29 12:49:56,906 - [recall@5: 0.0734 recall@10: 0.1122 recall@20: 0.1640 ] [ndcg@5: 0.0730 ndcg@10: 0.0863 ndcg@20: 0.1034 ] 
2025-09-29 12:49:56,916 - Save model parameters to ./encoder/checkpoint/sgl_gene/sgl_gene-amazon-2023.pth
2025-09-29 12:49:56,917 - Best Epoch 57. Final test result: {'recall': array([0.07338882, 0.11219812, 0.16400977]), 'ndcg': array([0.07300702, 0.08633727, 0.10341831])}.
