2025-09-29 14:56:10,154 - {'optimizer': {'name': 'adam', 'lr': 0.001, 'weight_decay': 0}, 'train': {'epoch': 3000, 'batch_size': 4096, 'save_model': True, 'loss': 'pairwise', 'test_step': 3, 'reproducible': True, 'seed': 2023, 'patience': 5}, 'test': {'metrics': ['recall', 'ndcg'], 'k': [5, 10, 20], 'batch_size': 1024}, 'data': {'type': 'general_cf', 'name': 'Office', 'user_num': 6338, 'item_num': 4461}, 'model': {'name': 'sgl_gene', 'keep_rate': 0.8, 'embedding_size': 64, 'augmentation': 'edge_drop', 'layer_num': 3, 'reg_weight': 1e-05, 'cl_weight': 0.1, 'cl_temperature': 0.2, 'mask_ratio': 0.2, 'recon_weight': 0.1, 're_temperature': 0.2, 'amazon': {'layer_num': 3, 'reg_weight': 1e-05, 'cl_weight': 0.1, 'cl_temperature': 0.2, 'mask_ratio': 0.2, 'recon_weight': 0.1, 're_temperature': 0.2}, 'yelp': {'layer_num': 3, 'reg_weight': 1e-05, 'cl_weight': 0.1, 'cl_temperature': 0.2, 'mask_ratio': 0.15, 'recon_weight': 0.1, 're_temperature': 0.2}, 'steam': {'layer_num': 3, 'reg_weight': 1e-05, 'cl_weight': 0.1, 'cl_temperature': 0.5, 'mask_ratio': 0.1, 'recon_weight': 0.1, 're_temperature': 0.2}, 'Office': {'layer_num': 3, 'temperature': 0.5, 'reg_weight': 1e-05, 'cl_weight': 0.1, 'cl_temperature': 0.2, 'mask_ratio': 0.2, 'recon_weight': 0.1, 're_temperature': 0.2}}}
2025-09-29 14:56:12,880 - Epoch   0 Validation set [recall@5: 0.0043 recall@10: 0.0078 recall@20: 0.0143 ] [ndcg@5: 0.0038 ndcg@10: 0.0052 ndcg@20: 0.0074 ] 
2025-09-29 14:56:16,042 - Epoch   3 Validation set [recall@5: 0.0193 recall@10: 0.0292 recall@20: 0.0439 ] [ndcg@5: 0.0169 ndcg@10: 0.0210 ndcg@20: 0.0259 ] 
2025-09-29 14:56:19,129 - Epoch   6 Validation set [recall@5: 0.0269 recall@10: 0.0400 recall@20: 0.0581 ] [ndcg@5: 0.0236 ndcg@10: 0.0290 ndcg@20: 0.0349 ] 
2025-09-29 14:56:22,120 - Epoch   9 Validation set [recall@5: 0.0317 recall@10: 0.0455 recall@20: 0.0653 ] [ndcg@5: 0.0281 ndcg@10: 0.0338 ndcg@20: 0.0403 ] 
2025-09-29 14:56:25,222 - Epoch  12 Validation set [recall@5: 0.0357 recall@10: 0.0518 recall@20: 0.0753 ] [ndcg@5: 0.0320 ndcg@10: 0.0385 ndcg@20: 0.0462 ] 
2025-09-29 14:56:28,342 - Epoch  15 Validation set [recall@5: 0.0366 recall@10: 0.0566 recall@20: 0.0812 ] [ndcg@5: 0.0325 ndcg@10: 0.0407 ndcg@20: 0.0488 ] 
2025-09-29 14:56:31,202 - Epoch  18 Validation set [recall@5: 0.0391 recall@10: 0.0583 recall@20: 0.0858 ] [ndcg@5: 0.0344 ndcg@10: 0.0421 ndcg@20: 0.0512 ] 
2025-09-29 14:56:34,510 - Epoch  21 Validation set [recall@5: 0.0394 recall@10: 0.0601 recall@20: 0.0887 ] [ndcg@5: 0.0350 ndcg@10: 0.0434 ndcg@20: 0.0528 ] 
2025-09-29 14:56:37,594 - Epoch  24 Validation set [recall@5: 0.0405 recall@10: 0.0627 recall@20: 0.0909 ] [ndcg@5: 0.0354 ndcg@10: 0.0444 ndcg@20: 0.0537 ] 
2025-09-29 14:56:40,425 - Epoch  27 Validation set [recall@5: 0.0421 recall@10: 0.0635 recall@20: 0.0929 ] [ndcg@5: 0.0362 ndcg@10: 0.0448 ndcg@20: 0.0545 ] 
2025-09-29 14:56:43,581 - Epoch  30 Validation set [recall@5: 0.0424 recall@10: 0.0635 recall@20: 0.0939 ] [ndcg@5: 0.0366 ndcg@10: 0.0451 ndcg@20: 0.0553 ] 
2025-09-29 14:56:46,736 - Epoch  33 Validation set [recall@5: 0.0433 recall@10: 0.0647 recall@20: 0.0965 ] [ndcg@5: 0.0372 ndcg@10: 0.0458 ndcg@20: 0.0563 ] 
2025-09-29 14:56:49,652 - Epoch  36 Validation set [recall@5: 0.0431 recall@10: 0.0649 recall@20: 0.0964 ] [ndcg@5: 0.0368 ndcg@10: 0.0455 ndcg@20: 0.0560 ] 
2025-09-29 14:56:52,821 - Epoch  39 Validation set [recall@5: 0.0430 recall@10: 0.0658 recall@20: 0.0963 ] [ndcg@5: 0.0368 ndcg@10: 0.0459 ndcg@20: 0.0560 ] 
2025-09-29 14:56:55,905 - Epoch  42 Validation set [recall@5: 0.0423 recall@10: 0.0650 recall@20: 0.0970 ] [ndcg@5: 0.0366 ndcg@10: 0.0458 ndcg@20: 0.0563 ] 
2025-09-29 14:56:58,767 - Epoch  45 Validation set [recall@5: 0.0426 recall@10: 0.0650 recall@20: 0.0964 ] [ndcg@5: 0.0366 ndcg@10: 0.0456 ndcg@20: 0.0560 ] 
2025-09-29 14:57:01,721 - Epoch  48 Validation set [recall@5: 0.0426 recall@10: 0.0656 recall@20: 0.0956 ] [ndcg@5: 0.0368 ndcg@10: 0.0460 ndcg@20: 0.0559 ] 
2025-09-29 14:57:04,698 - Epoch  51 Validation set [recall@5: 0.0428 recall@10: 0.0655 recall@20: 0.0945 ] [ndcg@5: 0.0368 ndcg@10: 0.0459 ndcg@20: 0.0555 ] 
2025-09-29 14:57:07,670 - Epoch  54 Validation set [recall@5: 0.0435 recall@10: 0.0651 recall@20: 0.0948 ] [ndcg@5: 0.0370 ndcg@10: 0.0457 ndcg@20: 0.0555 ] 
2025-09-29 14:57:10,671 - Epoch  57 Validation set [recall@5: 0.0425 recall@10: 0.0645 recall@20: 0.0941 ] [ndcg@5: 0.0365 ndcg@10: 0.0453 ndcg@20: 0.0552 ] 
2025-09-29 14:57:11,498 - [recall@5: 0.0423 recall@10: 0.0650 recall@20: 0.0970 ] [ndcg@5: 0.0366 ndcg@10: 0.0458 ndcg@20: 0.0563 ] 
2025-09-29 14:57:12,350 - [recall@5: 0.0374 recall@10: 0.0598 recall@20: 0.0895 ] [ndcg@5: 0.0371 ndcg@10: 0.0469 ndcg@20: 0.0579 ] 
2025-09-29 14:57:12,361 - Save model parameters to ./encoder/checkpoint/sgl_gene/sgl_gene-Office-2023.pth
2025-09-29 14:57:12,361 - Best Epoch 42. Final test result: {'recall': array([0.0373725 , 0.05978054, 0.08947228]), 'ndcg': array([0.03707555, 0.04686054, 0.05789917])}.
