2025-09-29 15:25:14,467 - {'optimizer': {'name': 'adam', 'lr': 0.001, 'weight_decay': 0}, 'train': {'epoch': 3000, 'batch_size': 4096, 'save_model': True, 'loss': 'pairwise', 'test_step': 3, 'reproducible': True, 'seed': 2023, 'patience': 5}, 'test': {'metrics': ['recall', 'ndcg'], 'k': [5, 10, 20], 'batch_size': 1024}, 'data': {'type': 'general_cf', 'name': 'yelp', 'user_num': 11091, 'item_num': 11010}, 'model': {'name': 'sgl_gene', 'keep_rate': 0.8, 'embedding_size': 64, 'augmentation': 'edge_drop', 'layer_num': 3, 'reg_weight': 1e-05, 'cl_weight': 0.1, 'cl_temperature': 0.2, 'mask_ratio': 0.15, 'recon_weight': 0.1, 're_temperature': 0.2, 'amazon': {'layer_num': 3, 'reg_weight': 1e-05, 'cl_weight': 0.1, 'cl_temperature': 0.2, 'mask_ratio': 0.2, 'recon_weight': 0.1, 're_temperature': 0.2}, 'yelp': {'layer_num': 3, 'reg_weight': 1e-05, 'cl_weight': 0.1, 'cl_temperature': 0.2, 'mask_ratio': 0.15, 'recon_weight': 0.1, 're_temperature': 0.2}, 'steam': {'layer_num': 3, 'reg_weight': 1e-05, 'cl_weight': 0.1, 'cl_temperature': 0.5, 'mask_ratio': 0.1, 'recon_weight': 0.1, 're_temperature': 0.2}, 'Office': {'layer_num': 3, 'temperature': 0.5, 'reg_weight': 1e-05, 'cl_weight': 0.1, 'cl_temperature': 0.2, 'mask_ratio': 0.2, 'recon_weight': 0.1, 're_temperature': 0.2}}}
2025-09-29 15:25:19,619 - Epoch   0 Validation set [recall@5: 0.0197 recall@10: 0.0336 recall@20: 0.0556 ] [ndcg@5: 0.0248 ndcg@10: 0.0286 ndcg@20: 0.0358 ] 
2025-09-29 15:25:29,175 - Epoch   3 Validation set [recall@5: 0.0326 recall@10: 0.0541 recall@20: 0.0902 ] [ndcg@5: 0.0404 ndcg@10: 0.0465 ndcg@20: 0.0585 ] 
2025-09-29 15:25:39,028 - Epoch   6 Validation set [recall@5: 0.0358 recall@10: 0.0609 recall@20: 0.1022 ] [ndcg@5: 0.0448 ndcg@10: 0.0521 ndcg@20: 0.0659 ] 
2025-09-29 15:25:48,781 - Epoch   9 Validation set [recall@5: 0.0417 recall@10: 0.0701 recall@20: 0.1148 ] [ndcg@5: 0.0491 ndcg@10: 0.0578 ndcg@20: 0.0728 ] 
2025-09-29 15:25:58,567 - Epoch  12 Validation set [recall@5: 0.0435 recall@10: 0.0729 recall@20: 0.1204 ] [ndcg@5: 0.0511 ndcg@10: 0.0599 ndcg@20: 0.0759 ] 
2025-09-29 15:26:08,015 - Epoch  15 Validation set [recall@5: 0.0455 recall@10: 0.0764 recall@20: 0.1252 ] [ndcg@5: 0.0533 ndcg@10: 0.0627 ndcg@20: 0.0791 ] 
2025-09-29 15:26:17,587 - Epoch  18 Validation set [recall@5: 0.0457 recall@10: 0.0789 recall@20: 0.1284 ] [ndcg@5: 0.0539 ndcg@10: 0.0644 ndcg@20: 0.0811 ] 
2025-09-29 15:26:26,724 - Epoch  21 Validation set [recall@5: 0.0466 recall@10: 0.0793 recall@20: 0.1296 ] [ndcg@5: 0.0550 ndcg@10: 0.0651 ndcg@20: 0.0822 ] 
2025-09-29 15:26:37,068 - Epoch  24 Validation set [recall@5: 0.0470 recall@10: 0.0803 recall@20: 0.1300 ] [ndcg@5: 0.0554 ndcg@10: 0.0655 ndcg@20: 0.0824 ] 
2025-09-29 15:26:46,812 - Epoch  27 Validation set [recall@5: 0.0472 recall@10: 0.0798 recall@20: 0.1299 ] [ndcg@5: 0.0554 ndcg@10: 0.0654 ndcg@20: 0.0825 ] 
2025-09-29 15:26:56,297 - Epoch  30 Validation set [recall@5: 0.0471 recall@10: 0.0801 recall@20: 0.1293 ] [ndcg@5: 0.0552 ndcg@10: 0.0654 ndcg@20: 0.0822 ] 
2025-09-29 15:27:06,065 - Epoch  33 Validation set [recall@5: 0.0474 recall@10: 0.0806 recall@20: 0.1303 ] [ndcg@5: 0.0555 ndcg@10: 0.0657 ndcg@20: 0.0826 ] 
2025-09-29 15:27:15,664 - Epoch  36 Validation set [recall@5: 0.0473 recall@10: 0.0805 recall@20: 0.1299 ] [ndcg@5: 0.0556 ndcg@10: 0.0657 ndcg@20: 0.0825 ] 
2025-09-29 15:27:25,210 - Epoch  39 Validation set [recall@5: 0.0472 recall@10: 0.0796 recall@20: 0.1292 ] [ndcg@5: 0.0553 ndcg@10: 0.0652 ndcg@20: 0.0821 ] 
2025-09-29 15:27:34,796 - Epoch  42 Validation set [recall@5: 0.0472 recall@10: 0.0799 recall@20: 0.1294 ] [ndcg@5: 0.0553 ndcg@10: 0.0653 ndcg@20: 0.0822 ] 
2025-09-29 15:27:44,444 - Epoch  45 Validation set [recall@5: 0.0474 recall@10: 0.0803 recall@20: 0.1294 ] [ndcg@5: 0.0551 ndcg@10: 0.0654 ndcg@20: 0.0821 ] 
2025-09-29 15:27:53,984 - Epoch  48 Validation set [recall@5: 0.0475 recall@10: 0.0804 recall@20: 0.1295 ] [ndcg@5: 0.0553 ndcg@10: 0.0654 ndcg@20: 0.0823 ] 
2025-09-29 15:27:55,938 - [recall@5: 0.0474 recall@10: 0.0806 recall@20: 0.1303 ] [ndcg@5: 0.0555 ndcg@10: 0.0657 ndcg@20: 0.0826 ] 
2025-09-29 15:27:58,001 - [recall@5: 0.0480 recall@10: 0.0794 recall@20: 0.1289 ] [ndcg@5: 0.0554 ndcg@10: 0.0653 ndcg@20: 0.0819 ] 
2025-09-29 15:27:58,015 - Save model parameters to ./encoder/checkpoint/sgl_gene/sgl_gene-yelp-2023.pth
2025-09-29 15:27:58,015 - Best Epoch 33. Final test result: {'recall': array([0.04795283, 0.07940657, 0.12888059]), 'ndcg': array([0.05538445, 0.06528653, 0.08188587])}.
